torchrun --redirects 1:0,2:0,3:0 --standalone --nnodes=1 --nproc_per_node=4 submission_runner.py --framework=pytorch --workload=librispeech_deepspeech --submission_path=submissions_algorithms/submissions/self_tuning/schedule_free_adamw/submission.py --data_dir=/data/librispeech --experiment_dir=/experiment_runs --experiment_name=submissions_a100/schedule_free_adamw/study_0 --overwrite=True --save_checkpoints=False --rng_seed=989915098 --librispeech_tokenizer_vocab_path=/data/librispeech/spm_model.vocab --torch_compile=true --tuning_ruleset=self 2>&1 | tee -a /logs/librispeech_deepspeech_pytorch_04-26-2026-05-47-54.log
W0426 05:47:55.900000 9 site-packages/torch/distributed/run.py:803] 
W0426 05:47:55.900000 9 site-packages/torch/distributed/run.py:803] *****************************************
W0426 05:47:55.900000 9 site-packages/torch/distributed/run.py:803] Setting OMP_NUM_THREADS environment variable for each process to be 1 in default, to avoid your system being overloaded, please further tune the variable for optimal performance in your application as needed. 
W0426 05:47:55.900000 9 site-packages/torch/distributed/run.py:803] *****************************************
2026-04-26 05:47:57.361534: E external/local_xla/xla/stream_executor/cuda/cuda_fft.cc:467] Unable to register cuFFT factory: Attempting to register factory for plugin cuFFT when one has already been registered
2026-04-26 05:47:57.361508: E external/local_xla/xla/stream_executor/cuda/cuda_fft.cc:467] Unable to register cuFFT factory: Attempting to register factory for plugin cuFFT when one has already been registered
2026-04-26 05:47:57.361511: E external/local_xla/xla/stream_executor/cuda/cuda_fft.cc:467] Unable to register cuFFT factory: Attempting to register factory for plugin cuFFT when one has already been registered
2026-04-26 05:47:57.361508: E external/local_xla/xla/stream_executor/cuda/cuda_fft.cc:467] Unable to register cuFFT factory: Attempting to register factory for plugin cuFFT when one has already been registered
WARNING: All log messages before absl::InitializeLog() is called are written to STDERR
WARNING: All log messages before absl::InitializeLog() is called are written to STDERR
E0000 00:00:1777182477.384655      41 cuda_dnn.cc:8579] Unable to register cuDNN factory: Attempting to register factory for plugin cuDNN when one has already been registered
E0000 00:00:1777182477.384655      40 cuda_dnn.cc:8579] Unable to register cuDNN factory: Attempting to register factory for plugin cuDNN when one has already been registered
WARNING: All log messages before absl::InitializeLog() is called are written to STDERR
E0000 00:00:1777182477.384653      38 cuda_dnn.cc:8579] Unable to register cuDNN factory: Attempting to register factory for plugin cuDNN when one has already been registered
WARNING: All log messages before absl::InitializeLog() is called are written to STDERR
E0000 00:00:1777182477.384654      39 cuda_dnn.cc:8579] Unable to register cuDNN factory: Attempting to register factory for plugin cuDNN when one has already been registered
E0000 00:00:1777182477.392221      39 cuda_blas.cc:1407] Unable to register cuBLAS factory: Attempting to register factory for plugin cuBLAS when one has already been registered
E0000 00:00:1777182477.392221      38 cuda_blas.cc:1407] Unable to register cuBLAS factory: Attempting to register factory for plugin cuBLAS when one has already been registered
E0000 00:00:1777182477.392223      41 cuda_blas.cc:1407] Unable to register cuBLAS factory: Attempting to register factory for plugin cuBLAS when one has already been registered
E0000 00:00:1777182477.392344      40 cuda_blas.cc:1407] Unable to register cuBLAS factory: Attempting to register factory for plugin cuBLAS when one has already been registered
W0000 00:00:1777182477.414654      40 computation_placer.cc:177] computation placer already registered. Please check linkage and avoid linking the same target more than once.
W0000 00:00:1777182477.414654      39 computation_placer.cc:177] computation placer already registered. Please check linkage and avoid linking the same target more than once.
W0000 00:00:1777182477.414683      39 computation_placer.cc:177] computation placer already registered. Please check linkage and avoid linking the same target more than once.
W0000 00:00:1777182477.414686      39 computation_placer.cc:177] computation placer already registered. Please check linkage and avoid linking the same target more than once.
W0000 00:00:1777182477.414688      39 computation_placer.cc:177] computation placer already registered. Please check linkage and avoid linking the same target more than once.
W0000 00:00:1777182477.414656      38 computation_placer.cc:177] computation placer already registered. Please check linkage and avoid linking the same target more than once.
W0000 00:00:1777182477.414671      41 computation_placer.cc:177] computation placer already registered. Please check linkage and avoid linking the same target more than once.
W0000 00:00:1777182477.414693      38 computation_placer.cc:177] computation placer already registered. Please check linkage and avoid linking the same target more than once.
W0000 00:00:1777182477.414693      40 computation_placer.cc:177] computation placer already registered. Please check linkage and avoid linking the same target more than once.
W0000 00:00:1777182477.414696      40 computation_placer.cc:177] computation placer already registered. Please check linkage and avoid linking the same target more than once.
W0000 00:00:1777182477.414695      38 computation_placer.cc:177] computation placer already registered. Please check linkage and avoid linking the same target more than once.
W0000 00:00:1777182477.414698      40 computation_placer.cc:177] computation placer already registered. Please check linkage and avoid linking the same target more than once.
W0000 00:00:1777182477.414699      38 computation_placer.cc:177] computation placer already registered. Please check linkage and avoid linking the same target more than once.
W0000 00:00:1777182477.414701      41 computation_placer.cc:177] computation placer already registered. Please check linkage and avoid linking the same target more than once.
W0000 00:00:1777182477.414704      41 computation_placer.cc:177] computation placer already registered. Please check linkage and avoid linking the same target more than once.
W0000 00:00:1777182477.414706      41 computation_placer.cc:177] computation placer already registered. Please check linkage and avoid linking the same target more than once.
W0000 00:00:1777182483.369390      38 gpu_device.cc:2341] Cannot dlopen some GPU libraries. Please make sure the missing libraries mentioned above are installed properly if you would like to use GPU. Follow the guide at https://www.tensorflow.org/install/gpu for how to download and setup the required libraries for your platform.
Skipping registering GPU devices...
W0000 00:00:1777182483.474605      41 gpu_device.cc:2341] Cannot dlopen some GPU libraries. Please make sure the missing libraries mentioned above are installed properly if you would like to use GPU. Follow the guide at https://www.tensorflow.org/install/gpu for how to download and setup the required libraries for your platform.
Skipping registering GPU devices...
W0000 00:00:1777182483.592373      39 gpu_device.cc:2341] Cannot dlopen some GPU libraries. Please make sure the missing libraries mentioned above are installed properly if you would like to use GPU. Follow the guide at https://www.tensorflow.org/install/gpu for how to download and setup the required libraries for your platform.
Skipping registering GPU devices...
/usr/local/lib/python3.11/site-packages/torch/__init__.py:1617: UserWarning: Please use the new API settings to control TF32 behavior, such as torch.backends.cudnn.conv.fp32_precision = 'tf32' or torch.backends.cuda.matmul.fp32_precision = 'ieee'. Old settings, e.g, torch.backends.cuda.matmul.allow_tf32 = True, torch.backends.cudnn.allow_tf32 = True, allowTF32CuDNN() and allowTF32CuBLAS() will be deprecated after Pytorch 2.9. Please see https://pytorch.org/docs/main/notes/cuda.html#tensorfloat-32-tf32-on-ampere-and-later-devices (Triggered internally at /pytorch/aten/src/ATen/Context.cpp:80.)
  _C._set_float32_matmul_precision(precision)
W0000 00:00:1777182483.700490      40 gpu_device.cc:2341] Cannot dlopen some GPU libraries. Please make sure the missing libraries mentioned above are installed properly if you would like to use GPU. Follow the guide at https://www.tensorflow.org/install/gpu for how to download and setup the required libraries for your platform.
Skipping registering GPU devices...
/usr/local/lib/python3.11/site-packages/torch/__init__.py:1617: UserWarning: Please use the new API settings to control TF32 behavior, such as torch.backends.cudnn.conv.fp32_precision = 'tf32' or torch.backends.cuda.matmul.fp32_precision = 'ieee'. Old settings, e.g, torch.backends.cuda.matmul.allow_tf32 = True, torch.backends.cudnn.allow_tf32 = True, allowTF32CuDNN() and allowTF32CuBLAS() will be deprecated after Pytorch 2.9. Please see https://pytorch.org/docs/main/notes/cuda.html#tensorfloat-32-tf32-on-ampere-and-later-devices (Triggered internally at /pytorch/aten/src/ATen/Context.cpp:80.)
  _C._set_float32_matmul_precision(precision)
/usr/local/lib/python3.11/site-packages/torch/__init__.py:1617: UserWarning: Please use the new API settings to control TF32 behavior, such as torch.backends.cudnn.conv.fp32_precision = 'tf32' or torch.backends.cuda.matmul.fp32_precision = 'ieee'. Old settings, e.g, torch.backends.cuda.matmul.allow_tf32 = True, torch.backends.cudnn.allow_tf32 = True, allowTF32CuDNN() and allowTF32CuBLAS() will be deprecated after Pytorch 2.9. Please see https://pytorch.org/docs/main/notes/cuda.html#tensorfloat-32-tf32-on-ampere-and-later-devices (Triggered internally at /pytorch/aten/src/ATen/Context.cpp:80.)
  _C._set_float32_matmul_precision(precision)
/usr/local/lib/python3.11/site-packages/torch/__init__.py:1617: UserWarning: Please use the new API settings to control TF32 behavior, such as torch.backends.cudnn.conv.fp32_precision = 'tf32' or torch.backends.cuda.matmul.fp32_precision = 'ieee'. Old settings, e.g, torch.backends.cuda.matmul.allow_tf32 = True, torch.backends.cudnn.allow_tf32 = True, allowTF32CuDNN() and allowTF32CuBLAS() will be deprecated after Pytorch 2.9. Please see https://pytorch.org/docs/main/notes/cuda.html#tensorfloat-32-tf32-on-ampere-and-later-devices (Triggered internally at /pytorch/aten/src/ATen/Context.cpp:80.)
  _C._set_float32_matmul_precision(precision)
/usr/local/lib/python3.11/site-packages/pydantic/_internal/_generate_schema.py:2249: UnsupportedFieldAttributeWarning: The 'repr' attribute with value False was provided to the `Field()` function, which has no effect in the context it was used. 'repr' is field-specific metadata, and can only be attached to a model field using `Annotated` metadata or by assignment. This may have happened because an `Annotated` type alias using the `type` statement was used, or if the `Field()` function was attached to a single member of a union type.
  warnings.warn(
/usr/local/lib/python3.11/site-packages/pydantic/_internal/_generate_schema.py:2249: UnsupportedFieldAttributeWarning: The 'frozen' attribute with value True was provided to the `Field()` function, which has no effect in the context it was used. 'frozen' is field-specific metadata, and can only be attached to a model field using `Annotated` metadata or by assignment. This may have happened because an `Annotated` type alias using the `type` statement was used, or if the `Field()` function was attached to a single member of a union type.
  warnings.warn(
/usr/local/lib/python3.11/site-packages/pydantic/_internal/_generate_schema.py:2249: UnsupportedFieldAttributeWarning: The 'repr' attribute with value False was provided to the `Field()` function, which has no effect in the context it was used. 'repr' is field-specific metadata, and can only be attached to a model field using `Annotated` metadata or by assignment. This may have happened because an `Annotated` type alias using the `type` statement was used, or if the `Field()` function was attached to a single member of a union type.
  warnings.warn(
/usr/local/lib/python3.11/site-packages/pydantic/_internal/_generate_schema.py:2249: UnsupportedFieldAttributeWarning: The 'frozen' attribute with value True was provided to the `Field()` function, which has no effect in the context it was used. 'frozen' is field-specific metadata, and can only be attached to a model field using `Annotated` metadata or by assignment. This may have happened because an `Annotated` type alias using the `type` statement was used, or if the `Field()` function was attached to a single member of a union type.
  warnings.warn(
/usr/local/lib/python3.11/site-packages/pydantic/_internal/_generate_schema.py:2249: UnsupportedFieldAttributeWarning: The 'repr' attribute with value False was provided to the `Field()` function, which has no effect in the context it was used. 'repr' is field-specific metadata, and can only be attached to a model field using `Annotated` metadata or by assignment. This may have happened because an `Annotated` type alias using the `type` statement was used, or if the `Field()` function was attached to a single member of a union type.
  warnings.warn(
/usr/local/lib/python3.11/site-packages/pydantic/_internal/_generate_schema.py:2249: UnsupportedFieldAttributeWarning: The 'frozen' attribute with value True was provided to the `Field()` function, which has no effect in the context it was used. 'frozen' is field-specific metadata, and can only be attached to a model field using `Annotated` metadata or by assignment. This may have happened because an `Annotated` type alias using the `type` statement was used, or if the `Field()` function was attached to a single member of a union type.
  warnings.warn(
/usr/local/lib/python3.11/site-packages/pydantic/_internal/_generate_schema.py:2249: UnsupportedFieldAttributeWarning: The 'repr' attribute with value False was provided to the `Field()` function, which has no effect in the context it was used. 'repr' is field-specific metadata, and can only be attached to a model field using `Annotated` metadata or by assignment. This may have happened because an `Annotated` type alias using the `type` statement was used, or if the `Field()` function was attached to a single member of a union type.
  warnings.warn(
/usr/local/lib/python3.11/site-packages/pydantic/_internal/_generate_schema.py:2249: UnsupportedFieldAttributeWarning: The 'frozen' attribute with value True was provided to the `Field()` function, which has no effect in the context it was used. 'frozen' is field-specific metadata, and can only be attached to a model field using `Annotated` metadata or by assignment. This may have happened because an `Annotated` type alias using the `type` statement was used, or if the `Field()` function was attached to a single member of a union type.
  warnings.warn(
I0426 05:48:05.551541 140287098049728 logger_utils.py:59] Removing existing experiment directory /experiment_runs/submissions_a100/schedule_free_adamw/study_0/librispeech_deepspeech_pytorch because --overwrite was set.
I0426 05:48:05.551528 140457119478976 logger_utils.py:59] Removing existing experiment directory /experiment_runs/submissions_a100/schedule_free_adamw/study_0/librispeech_deepspeech_pytorch because --overwrite was set.
I0426 05:48:05.551552 140089228477632 logger_utils.py:59] Removing existing experiment directory /experiment_runs/submissions_a100/schedule_free_adamw/study_0/librispeech_deepspeech_pytorch because --overwrite was set.
I0426 05:48:05.557866 139895150474432 logger_utils.py:59] Removing existing experiment directory /experiment_runs/submissions_a100/schedule_free_adamw/study_0/librispeech_deepspeech_pytorch because --overwrite was set.
/usr/local/lib/python3.11/site-packages/torch/distributed/distributed_c10d.py:4876: UserWarning: barrier(): using the device under current context. You can specify `device_id` in `init_process_group` to mute this warning.
  warnings.warn(  # warn only once
[rank0]:[W426 05:48:05.077238719 ProcessGroupNCCL.cpp:5068] Guessing device ID based on global rank. This can cause a hang if rank to GPU mapping is heterogeneous. You can specify device_id in init_process_group()
I0426 05:48:06.298332 140457119478976 logger_utils.py:84] Creating experiment directory at /experiment_runs/submissions_a100/schedule_free_adamw/study_0/librispeech_deepspeech_pytorch.
I0426 05:48:06.298332 140089228477632 logger_utils.py:84] Creating experiment directory at /experiment_runs/submissions_a100/schedule_free_adamw/study_0/librispeech_deepspeech_pytorch.
I0426 05:48:06.298333 140287098049728 logger_utils.py:84] Creating experiment directory at /experiment_runs/submissions_a100/schedule_free_adamw/study_0/librispeech_deepspeech_pytorch.
I0426 05:48:06.298354 139895150474432 logger_utils.py:84] Creating experiment directory at /experiment_runs/submissions_a100/schedule_free_adamw/study_0/librispeech_deepspeech_pytorch.
I0426 05:48:06.332883 139895150474432 submission_runner.py:741] Creating directory at /experiment_runs/submissions_a100/schedule_free_adamw/study_0/librispeech_deepspeech_pytorch/trial_1.
I0426 05:48:06.623225 139895150474432 submission_runner.py:242] Initializing dataset.
I0426 05:48:06.623428 139895150474432 input_pipeline.py:19] Loading split = train-clean-100
I0426 05:48:06.697280 139895150474432 input_pipeline.py:19] Loading split = train-clean-360
I0426 05:48:06.926491 139895150474432 input_pipeline.py:19] Loading split = train-other-500
I0426 05:48:07.466208 139895150474432 submission_runner.py:251] Initializing model.
W0426 05:48:13.198064 140287098049728 submission_runner.py:273] These workloads cannot be fully compiled under current PyTorch version. Proceeding without `torch.compile`.
W0426 05:48:13.198195 139895150474432 submission_runner.py:273] These workloads cannot be fully compiled under current PyTorch version. Proceeding without `torch.compile`.
W0426 05:48:13.198533 140089228477632 submission_runner.py:273] These workloads cannot be fully compiled under current PyTorch version. Proceeding without `torch.compile`.
W0426 05:48:13.198781 140457119478976 submission_runner.py:273] These workloads cannot be fully compiled under current PyTorch version. Proceeding without `torch.compile`.
I0426 05:48:15.019537 140457119478976 logger_utils.py:283] Unable to record workload.train_mean information. Continuing without it.
I0426 05:48:15.019545 140089228477632 logger_utils.py:283] Unable to record workload.train_mean information. Continuing without it.
I0426 05:48:15.019717 140089228477632 logger_utils.py:283] Unable to record workload.train_stddev information. Continuing without it.
I0426 05:48:15.019715 140457119478976 logger_utils.py:283] Unable to record workload.train_stddev information. Continuing without it.
I0426 05:48:15.026469 139895150474432 submission_runner.py:294] Initializing optimizer.
I0426 05:48:15.027020 139895150474432 submission_runner.py:299] Initializing metrics bundle.
I0426 05:48:15.027161 139895150474432 submission_runner.py:321] Initializing checkpoint and logger.
I0426 05:48:15.029211 139895150474432 submission_runner.py:344] Saving meta data to /experiment_runs/submissions_a100/schedule_free_adamw/study_0/librispeech_deepspeech_pytorch/trial_1/meta_data_0.json.
I0426 05:48:15.029448 139895150474432 logger_utils.py:283] Unable to record workload.train_mean information. Continuing without it.
I0426 05:48:15.029507 139895150474432 logger_utils.py:283] Unable to record workload.train_stddev information. Continuing without it.
I0426 05:48:15.033239 140287098049728 logger_utils.py:283] Unable to record workload.train_mean information. Continuing without it.
I0426 05:48:15.033405 140287098049728 logger_utils.py:283] Unable to record workload.train_stddev information. Continuing without it.
I0426 05:48:15.234036 139895150474432 submission_runner.py:348] Saving flags to /experiment_runs/submissions_a100/schedule_free_adamw/study_0/librispeech_deepspeech_pytorch/trial_1/flags_0.json.
I0426 05:48:15.261228 139895150474432 submission_runner.py:359] Starting training loop.
/usr/local/lib/python3.11/multiprocessing/popen_fork.py:66: RuntimeWarning: os.fork() was called. os.fork() is incompatible with multithreaded code, and JAX is multithreaded, so this will likely lead to a deadlock.
  self.pid = os.fork()
/usr/local/lib/python3.11/multiprocessing/popen_fork.py:66: RuntimeWarning: os.fork() was called. os.fork() is incompatible with multithreaded code, and JAX is multithreaded, so this will likely lead to a deadlock.
  self.pid = os.fork()
/usr/local/lib/python3.11/multiprocessing/popen_fork.py:66: RuntimeWarning: os.fork() was called. os.fork() is incompatible with multithreaded code, and JAX is multithreaded, so this will likely lead to a deadlock.
  self.pid = os.fork()
/usr/local/lib/python3.11/multiprocessing/popen_fork.py:66: RuntimeWarning: os.fork() was called. os.fork() is incompatible with multithreaded code, and JAX is multithreaded, so this will likely lead to a deadlock.
  self.pid = os.fork()
I0426 05:48:45.671932 139895150474432 spec.py:333] Evaluating on the training split.
I0426 05:48:45.672954 139895150474432 input_pipeline.py:19] Loading split = train-clean-100
I0426 05:48:45.697332 139895150474432 input_pipeline.py:19] Loading split = train-clean-360
I0426 05:48:45.785898 139895150474432 input_pipeline.py:19] Loading split = train-other-500
/usr/local/lib/python3.11/multiprocessing/popen_fork.py:66: RuntimeWarning: os.fork() was called. os.fork() is incompatible with multithreaded code, and JAX is multithreaded, so this will likely lead to a deadlock.
  self.pid = os.fork()
/usr/local/lib/python3.11/multiprocessing/popen_fork.py:66: RuntimeWarning: os.fork() was called. os.fork() is incompatible with multithreaded code, and JAX is multithreaded, so this will likely lead to a deadlock.
  self.pid = os.fork()
/usr/local/lib/python3.11/multiprocessing/popen_fork.py:66: RuntimeWarning: os.fork() was called. os.fork() is incompatible with multithreaded code, and JAX is multithreaded, so this will likely lead to a deadlock.
  self.pid = os.fork()
/usr/local/lib/python3.11/multiprocessing/popen_fork.py:66: RuntimeWarning: os.fork() was called. os.fork() is incompatible with multithreaded code, and JAX is multithreaded, so this will likely lead to a deadlock.
  self.pid = os.fork()
I0426 05:49:22.652836 139895150474432 spec.py:346] Evaluating on the validation split.
I0426 05:49:22.653987 139895150474432 input_pipeline.py:19] Loading split = dev-clean
I0426 05:49:22.683233 139895150474432 input_pipeline.py:19] Loading split = dev-other
/usr/local/lib/python3.11/multiprocessing/popen_fork.py:66: RuntimeWarning: os.fork() was called. os.fork() is incompatible with multithreaded code, and JAX is multithreaded, so this will likely lead to a deadlock.
  self.pid = os.fork()
/usr/local/lib/python3.11/multiprocessing/popen_fork.py:66: RuntimeWarning: os.fork() was called. os.fork() is incompatible with multithreaded code, and JAX is multithreaded, so this will likely lead to a deadlock.
  self.pid = os.fork()
/usr/local/lib/python3.11/multiprocessing/popen_fork.py:66: RuntimeWarning: os.fork() was called. os.fork() is incompatible with multithreaded code, and JAX is multithreaded, so this will likely lead to a deadlock.
  self.pid = os.fork()
/usr/local/lib/python3.11/multiprocessing/popen_fork.py:66: RuntimeWarning: os.fork() was called. os.fork() is incompatible with multithreaded code, and JAX is multithreaded, so this will likely lead to a deadlock.
  self.pid = os.fork()
I0426 05:49:44.494472 139895150474432 spec.py:363] Evaluating on the test split.
I0426 05:49:44.495852 139895150474432 input_pipeline.py:19] Loading split = test-clean
I0426 05:49:57.072145 139895150474432 submission_runner.py:516] Time since start: 101.81s, 	Step: 1, 	{'train/ctc_loss': 31.89245819041266, 'train/wer': 3.0342394216043336, 'validation/ctc_loss': 30.74833295660036, 'validation/wer': 2.888929657702892, 'validation/num_examples': 5348, 'test/ctc_loss': 30.873843473772503, 'test/wer': 2.907399508459773, 'test/num_examples': 2472, 'score': 29.826262712478638, 'total_duration': 101.8107795715332, 'accumulated_submission_time': 29.826262712478638, 'accumulated_eval_time': 71.40001225471497, 'accumulated_logging_time': 0}
I0426 05:49:57.117064 139876548720384 logging_writer.py:48] [1] accumulated_eval_time=71.4, accumulated_logging_time=0, accumulated_submission_time=29.8263, global_step=1, preemption_count=0, score=29.8263, test/ctc_loss=30.8738, test/num_examples=2472, test/wer=2.9074, total_duration=101.811, train/ctc_loss=31.8925, train/wer=3.03424, validation/ctc_loss=30.7483, validation/num_examples=5348, validation/wer=2.88893
/usr/local/lib/python3.11/multiprocessing/popen_fork.py:66: RuntimeWarning: os.fork() was called. os.fork() is incompatible with multithreaded code, and JAX is multithreaded, so this will likely lead to a deadlock.
  self.pid = os.fork()
I0426 06:14:05.052874 139895150474432 spec.py:333] Evaluating on the training split.
I0426 06:14:21.205010 139895150474432 spec.py:346] Evaluating on the validation split.
I0426 06:14:40.430596 139895150474432 spec.py:363] Evaluating on the test split.
I0426 06:14:51.062754 139895150474432 submission_runner.py:516] Time since start: 1595.80s, 	Step: 2151, 	{'train/ctc_loss': 1.0580097442834553, 'train/wer': 0.3128845643903521, 'validation/ctc_loss': 1.262322405722574, 'validation/wer': 0.3416212040747357, 'validation/num_examples': 5348, 'test/ctc_loss': 0.9182894864184786, 'test/wer': 0.2762577945686836, 'test/num_examples': 2472, 'score': 1475.2559759616852, 'total_duration': 1595.8013877868652, 'accumulated_submission_time': 1475.2559759616852, 'accumulated_eval_time': 117.40976858139038, 'accumulated_logging_time': 0.09174871444702148}
I0426 06:14:51.115888 139876548720384 logging_writer.py:48] [2151] accumulated_eval_time=117.41, accumulated_logging_time=0.0917487, accumulated_submission_time=1475.26, global_step=2151, preemption_count=0, score=1475.26, test/ctc_loss=0.918289, test/num_examples=2472, test/wer=0.276258, total_duration=1595.8, train/ctc_loss=1.05801, train/wer=0.312885, validation/ctc_loss=1.26232, validation/num_examples=5348, validation/wer=0.341621
/usr/local/lib/python3.11/multiprocessing/popen_fork.py:66: RuntimeWarning: os.fork() was called. os.fork() is incompatible with multithreaded code, and JAX is multithreaded, so this will likely lead to a deadlock.
  self.pid = os.fork()
I0426 06:38:58.738878 139895150474432 spec.py:333] Evaluating on the training split.
I0426 06:39:15.183893 139895150474432 spec.py:346] Evaluating on the validation split.
I0426 06:39:34.903287 139895150474432 spec.py:363] Evaluating on the test split.
I0426 06:39:45.438658 139895150474432 submission_runner.py:516] Time since start: 3090.18s, 	Step: 4908, 	{'train/ctc_loss': 0.5900988565217539, 'train/wer': 0.18828705482528532, 'validation/ctc_loss': 0.8209127710122816, 'validation/wer': 0.2327040988751026, 'validation/num_examples': 5348, 'test/ctc_loss': 0.5234973828956707, 'test/wer': 0.1655596855767473, 'test/num_examples': 2472, 'score': 2919.991111755371, 'total_duration': 3090.1772830486298, 'accumulated_submission_time': 2919.991111755371, 'accumulated_eval_time': 164.1094090938568, 'accumulated_logging_time': 0.15595626831054688}
I0426 06:39:45.492342 139876548720384 logging_writer.py:48] [4908] accumulated_eval_time=164.109, accumulated_logging_time=0.155956, accumulated_submission_time=2919.99, global_step=4908, preemption_count=0, score=2919.99, test/ctc_loss=0.523497, test/num_examples=2472, test/wer=0.16556, total_duration=3090.18, train/ctc_loss=0.590099, train/wer=0.188287, validation/ctc_loss=0.820913, validation/num_examples=5348, validation/wer=0.232704
/usr/local/lib/python3.11/multiprocessing/popen_fork.py:66: RuntimeWarning: os.fork() was called. os.fork() is incompatible with multithreaded code, and JAX is multithreaded, so this will likely lead to a deadlock.
  self.pid = os.fork()
I0426 07:03:53.366324 139895150474432 spec.py:333] Evaluating on the training split.
I0426 07:04:09.468201 139895150474432 spec.py:346] Evaluating on the validation split.
I0426 07:04:28.879346 139895150474432 spec.py:363] Evaluating on the test split.
I0426 07:04:39.252710 139895150474432 submission_runner.py:516] Time since start: 4583.99s, 	Step: 7834, 	{'train/ctc_loss': 0.45420097891489775, 'train/wer': 0.14755366990102117, 'validation/ctc_loss': 0.6845211606201025, 'validation/wer': 0.19546178728334862, 'validation/num_examples': 5348, 'test/ctc_loss': 0.41478691669623846, 'test/wer': 0.1318424633883777, 'test/num_examples': 2472, 'score': 4364.630060911179, 'total_duration': 4583.991365432739, 'accumulated_submission_time': 4364.630060911179, 'accumulated_eval_time': 209.9956796169281, 'accumulated_logging_time': 0.22043228149414062}
I0426 07:04:39.305717 139876548720384 logging_writer.py:48] [7834] accumulated_eval_time=209.996, accumulated_logging_time=0.220432, accumulated_submission_time=4364.63, global_step=7834, preemption_count=0, score=4364.63, test/ctc_loss=0.414787, test/num_examples=2472, test/wer=0.131842, total_duration=4583.99, train/ctc_loss=0.454201, train/wer=0.147554, validation/ctc_loss=0.684521, validation/num_examples=5348, validation/wer=0.195462
/usr/local/lib/python3.11/multiprocessing/popen_fork.py:66: RuntimeWarning: os.fork() was called. os.fork() is incompatible with multithreaded code, and JAX is multithreaded, so this will likely lead to a deadlock.
  self.pid = os.fork()
I0426 07:28:47.054064 139895150474432 spec.py:333] Evaluating on the training split.
I0426 07:29:02.571655 139895150474432 spec.py:346] Evaluating on the validation split.
I0426 07:29:22.183877 139895150474432 spec.py:363] Evaluating on the test split.
I0426 07:29:32.819072 139895150474432 submission_runner.py:516] Time since start: 6077.56s, 	Step: 11077, 	{'train/ctc_loss': 0.3853257363871234, 'train/wer': 0.1274873232424359, 'validation/ctc_loss': 0.6183231929375126, 'validation/wer': 0.1786124656013132, 'validation/num_examples': 5348, 'test/ctc_loss': 0.36130657623072454, 'test/wer': 0.1156135112627709, 'test/num_examples': 2472, 'score': 5809.126864910126, 'total_duration': 6077.557689905167, 'accumulated_submission_time': 5809.126864910126, 'accumulated_eval_time': 255.7605390548706, 'accumulated_logging_time': 0.2847886085510254}
I0426 07:29:32.871500 139876548720384 logging_writer.py:48] [11077] accumulated_eval_time=255.761, accumulated_logging_time=0.284789, accumulated_submission_time=5809.13, global_step=11077, preemption_count=0, score=5809.13, test/ctc_loss=0.361307, test/num_examples=2472, test/wer=0.115614, total_duration=6077.56, train/ctc_loss=0.385326, train/wer=0.127487, validation/ctc_loss=0.618323, validation/num_examples=5348, validation/wer=0.178612
/usr/local/lib/python3.11/multiprocessing/popen_fork.py:66: RuntimeWarning: os.fork() was called. os.fork() is incompatible with multithreaded code, and JAX is multithreaded, so this will likely lead to a deadlock.
  self.pid = os.fork()
I0426 07:53:41.610925 139895150474432 spec.py:333] Evaluating on the training split.
I0426 07:53:57.388845 139895150474432 spec.py:346] Evaluating on the validation split.
I0426 07:54:16.822828 139895150474432 spec.py:363] Evaluating on the test split.
I0426 07:54:27.467291 139895150474432 submission_runner.py:516] Time since start: 7572.21s, 	Step: 14308, 	{'train/ctc_loss': 0.3462968061674009, 'train/wer': 0.11552219582546391, 'validation/ctc_loss': 0.5810454653907977, 'validation/wer': 0.16728624535315986, 'validation/num_examples': 5348, 'test/ctc_loss': 0.33077910268404415, 'test/wer': 0.10590457619889099, 'test/num_examples': 2472, 'score': 7254.496376276016, 'total_duration': 7572.2059552669525, 'accumulated_submission_time': 7254.496376276016, 'accumulated_eval_time': 301.61687207221985, 'accumulated_logging_time': 0.3482811450958252}
I0426 07:54:27.518838 139876548720384 logging_writer.py:48] [14308] accumulated_eval_time=301.617, accumulated_logging_time=0.348281, accumulated_submission_time=7254.5, global_step=14308, preemption_count=0, score=7254.5, test/ctc_loss=0.330779, test/num_examples=2472, test/wer=0.105905, total_duration=7572.21, train/ctc_loss=0.346297, train/wer=0.115522, validation/ctc_loss=0.581045, validation/num_examples=5348, validation/wer=0.167286
/usr/local/lib/python3.11/multiprocessing/popen_fork.py:66: RuntimeWarning: os.fork() was called. os.fork() is incompatible with multithreaded code, and JAX is multithreaded, so this will likely lead to a deadlock.
  self.pid = os.fork()
I0426 08:18:35.231564 139895150474432 spec.py:333] Evaluating on the training split.
I0426 08:18:51.990640 139895150474432 spec.py:346] Evaluating on the validation split.
I0426 08:19:11.752251 139895150474432 spec.py:363] Evaluating on the test split.
I0426 08:19:22.220438 139895150474432 submission_runner.py:516] Time since start: 9066.96s, 	Step: 17731, 	{'train/ctc_loss': 0.31944661658940765, 'train/wer': 0.10702051551245488, 'validation/ctc_loss': 0.5511937922254873, 'validation/wer': 0.15985130111524162, 'validation/num_examples': 5348, 'test/ctc_loss': 0.3130293184237693, 'test/wer': 0.09964860967237422, 'test/num_examples': 2472, 'score': 8698.856669664383, 'total_duration': 9066.959084749222, 'accumulated_submission_time': 8698.856669664383, 'accumulated_eval_time': 348.6056549549103, 'accumulated_logging_time': 0.4104878902435303}
I0426 08:19:22.271955 139876548720384 logging_writer.py:48] [17731] accumulated_eval_time=348.606, accumulated_logging_time=0.410488, accumulated_submission_time=8698.86, global_step=17731, preemption_count=0, score=8698.86, test/ctc_loss=0.313029, test/num_examples=2472, test/wer=0.0996486, total_duration=9066.96, train/ctc_loss=0.319447, train/wer=0.107021, validation/ctc_loss=0.551194, validation/num_examples=5348, validation/wer=0.159851
/usr/local/lib/python3.11/multiprocessing/popen_fork.py:66: RuntimeWarning: os.fork() was called. os.fork() is incompatible with multithreaded code, and JAX is multithreaded, so this will likely lead to a deadlock.
  self.pid = os.fork()
I0426 08:43:32.088184 139895150474432 spec.py:333] Evaluating on the training split.
I0426 08:43:48.856569 139895150474432 spec.py:346] Evaluating on the validation split.
I0426 08:44:08.728426 139895150474432 spec.py:363] Evaluating on the test split.
I0426 08:44:19.219447 139895150474432 submission_runner.py:516] Time since start: 10563.96s, 	Step: 20947, 	{'train/ctc_loss': 0.30380524173204615, 'train/wer': 0.10181452158431059, 'validation/ctc_loss': 0.5365599727496484, 'validation/wer': 0.15461787283348621, 'validation/num_examples': 5348, 'test/ctc_loss': 0.30295387000774243, 'test/wer': 0.0968456116832206, 'test/num_examples': 2472, 'score': 10143.283932685852, 'total_duration': 10563.958060503006, 'accumulated_submission_time': 10143.283932685852, 'accumulated_eval_time': 395.7368552684784, 'accumulated_logging_time': 0.47283196449279785}
I0426 08:44:20.843312 139876548720384 logging_writer.py:48] [20947] accumulated_eval_time=395.737, accumulated_logging_time=0.472832, accumulated_submission_time=10143.3, global_step=20947, preemption_count=0, score=10143.3, test/ctc_loss=0.302954, test/num_examples=2472, test/wer=0.0968456, total_duration=10564, train/ctc_loss=0.303805, train/wer=0.101815, validation/ctc_loss=0.53656, validation/num_examples=5348, validation/wer=0.154618
/usr/local/lib/python3.11/multiprocessing/popen_fork.py:66: RuntimeWarning: os.fork() was called. os.fork() is incompatible with multithreaded code, and JAX is multithreaded, so this will likely lead to a deadlock.
  self.pid = os.fork()
I0426 09:08:27.769163 139895150474432 spec.py:333] Evaluating on the training split.
I0426 09:08:43.636082 139895150474432 spec.py:346] Evaluating on the validation split.
I0426 09:09:04.501477 139895150474432 spec.py:363] Evaluating on the test split.
I0426 09:09:15.330221 139895150474432 submission_runner.py:516] Time since start: 12060.04s, 	Step: 24325, 	{'train/ctc_loss': 0.29148283089592214, 'train/wer': 0.09778285268985372, 'validation/ctc_loss': 0.5205511269809875, 'validation/wer': 0.15032105441027374, 'validation/num_examples': 5348, 'test/ctc_loss': 0.2931199694335118, 'test/wer': 0.09467227266264497, 'test/num_examples': 2472, 'score': 11586.261050224304, 'total_duration': 12060.038214445114, 'accumulated_submission_time': 11586.261050224304, 'accumulated_eval_time': 443.2671809196472, 'accumulated_logging_time': 2.6782991886138916}
I0426 09:09:15.801622 139876548720384 logging_writer.py:48] [24325] accumulated_eval_time=443.267, accumulated_logging_time=2.6783, accumulated_submission_time=11586.3, global_step=24325, preemption_count=0, score=11586.3, test/ctc_loss=0.29312, test/num_examples=2472, test/wer=0.0946723, total_duration=12060, train/ctc_loss=0.291483, train/wer=0.0977829, validation/ctc_loss=0.520551, validation/num_examples=5348, validation/wer=0.150321
/usr/local/lib/python3.11/multiprocessing/popen_fork.py:66: RuntimeWarning: os.fork() was called. os.fork() is incompatible with multithreaded code, and JAX is multithreaded, so this will likely lead to a deadlock.
  self.pid = os.fork()
I0426 09:33:23.184247 139895150474432 spec.py:333] Evaluating on the training split.
I0426 09:33:39.430327 139895150474432 spec.py:346] Evaluating on the validation split.
I0426 09:33:59.393273 139895150474432 spec.py:363] Evaluating on the test split.
I0426 09:34:09.952207 139895150474432 submission_runner.py:516] Time since start: 13554.69s, 	Step: 27637, 	{'train/ctc_loss': 0.2827544763939633, 'train/wer': 0.09470904338508661, 'validation/ctc_loss': 0.509677622532399, 'validation/wer': 0.147443634432482, 'validation/num_examples': 5348, 'test/ctc_loss': 0.28430165857474676, 'test/wer': 0.09150366624012349, 'test/num_examples': 2472, 'score': 13029.927571296692, 'total_duration': 13554.690811395645, 'accumulated_submission_time': 13029.927571296692, 'accumulated_eval_time': 490.03496623039246, 'accumulated_logging_time': 3.549191474914551}
I0426 09:34:10.389655 139876548720384 logging_writer.py:48] [27637] accumulated_eval_time=490.035, accumulated_logging_time=3.54919, accumulated_submission_time=13029.9, global_step=27637, preemption_count=0, score=13029.9, test/ctc_loss=0.284302, test/num_examples=2472, test/wer=0.0915037, total_duration=13554.7, train/ctc_loss=0.282754, train/wer=0.094709, validation/ctc_loss=0.509678, validation/num_examples=5348, validation/wer=0.147444
/usr/local/lib/python3.11/multiprocessing/popen_fork.py:66: RuntimeWarning: os.fork() was called. os.fork() is incompatible with multithreaded code, and JAX is multithreaded, so this will likely lead to a deadlock.
  self.pid = os.fork()
I0426 09:58:19.343980 139895150474432 spec.py:333] Evaluating on the training split.
I0426 09:58:35.364013 139895150474432 spec.py:346] Evaluating on the validation split.
I0426 09:58:54.859467 139895150474432 spec.py:363] Evaluating on the test split.
I0426 09:59:05.570451 139895150474432 submission_runner.py:516] Time since start: 15050.31s, 	Step: 30860, 	{'train/ctc_loss': 0.2755406507024417, 'train/wer': 0.0924956842202103, 'validation/ctc_loss': 0.5003286602747639, 'validation/wer': 0.14466277217206586, 'validation/num_examples': 5348, 'test/ctc_loss': 0.27846957868249567, 'test/wer': 0.08935063879917941, 'test/num_examples': 2472, 'score': 14474.970254659653, 'total_duration': 15050.309111118317, 'accumulated_submission_time': 14474.970254659653, 'accumulated_eval_time': 536.2612962722778, 'accumulated_logging_time': 4.517705202102661}
I0426 09:59:05.658792 139876548720384 logging_writer.py:48] [30860] accumulated_eval_time=536.261, accumulated_logging_time=4.51771, accumulated_submission_time=14475, global_step=30860, preemption_count=0, score=14475, test/ctc_loss=0.27847, test/num_examples=2472, test/wer=0.0893506, total_duration=15050.3, train/ctc_loss=0.275541, train/wer=0.0924957, validation/ctc_loss=0.500329, validation/num_examples=5348, validation/wer=0.144663
/usr/local/lib/python3.11/multiprocessing/popen_fork.py:66: RuntimeWarning: os.fork() was called. os.fork() is incompatible with multithreaded code, and JAX is multithreaded, so this will likely lead to a deadlock.
  self.pid = os.fork()
I0426 10:23:13.488477 139895150474432 spec.py:333] Evaluating on the training split.
I0426 10:23:29.673931 139895150474432 spec.py:346] Evaluating on the validation split.
I0426 10:23:49.254442 139895150474432 spec.py:363] Evaluating on the test split.
I0426 10:23:59.881679 139895150474432 submission_runner.py:516] Time since start: 16544.59s, 	Step: 34307, 	{'train/ctc_loss': 0.26728065944698587, 'train/wer': 0.09025526687483428, 'validation/ctc_loss': 0.4933486518453637, 'validation/wer': 0.14241297735721528, 'validation/num_examples': 5348, 'test/ctc_loss': 0.2716430797954707, 'test/wer': 0.08693356082302521, 'test/num_examples': 2472, 'score': 15919.369007825851, 'total_duration': 16544.592617750168, 'accumulated_submission_time': 15919.369007825851, 'accumulated_eval_time': 582.62677693367, 'accumulated_logging_time': 4.617167711257935}
I0426 10:24:00.344834 139876548720384 logging_writer.py:48] [34307] accumulated_eval_time=582.627, accumulated_logging_time=4.61717, accumulated_submission_time=15919.4, global_step=34307, preemption_count=0, score=15919.4, test/ctc_loss=0.271643, test/num_examples=2472, test/wer=0.0869336, total_duration=16544.6, train/ctc_loss=0.267281, train/wer=0.0902553, validation/ctc_loss=0.493349, validation/num_examples=5348, validation/wer=0.142413
/usr/local/lib/python3.11/multiprocessing/popen_fork.py:66: RuntimeWarning: os.fork() was called. os.fork() is incompatible with multithreaded code, and JAX is multithreaded, so this will likely lead to a deadlock.
  self.pid = os.fork()
I0426 10:48:07.996970 139895150474432 spec.py:333] Evaluating on the training split.
I0426 10:48:24.159509 139895150474432 spec.py:346] Evaluating on the validation split.
I0426 10:48:43.838813 139895150474432 spec.py:363] Evaluating on the test split.
I0426 10:48:54.524186 139895150474432 submission_runner.py:516] Time since start: 18039.26s, 	Step: 37526, 	{'train/ctc_loss': 0.25988766265868, 'train/wer': 0.08839907569255413, 'validation/ctc_loss': 0.48731920741661644, 'validation/wer': 0.13947762274899822, 'validation/num_examples': 5348, 'test/ctc_loss': 0.26542564238015354, 'test/wer': 0.08510551865618589, 'test/num_examples': 2472, 'score': 17363.167905330658, 'total_duration': 18039.262822389603, 'accumulated_submission_time': 17363.167905330658, 'accumulated_eval_time': 629.1539545059204, 'accumulated_logging_time': 5.557850360870361}
I0426 10:48:55.117536 139876548720384 logging_writer.py:48] [37526] accumulated_eval_time=629.154, accumulated_logging_time=5.55785, accumulated_submission_time=17363.2, global_step=37526, preemption_count=0, score=17363.2, test/ctc_loss=0.265426, test/num_examples=2472, test/wer=0.0851055, total_duration=18039.3, train/ctc_loss=0.259888, train/wer=0.0883991, validation/ctc_loss=0.487319, validation/num_examples=5348, validation/wer=0.139478
/usr/local/lib/python3.11/multiprocessing/popen_fork.py:66: RuntimeWarning: os.fork() was called. os.fork() is incompatible with multithreaded code, and JAX is multithreaded, so this will likely lead to a deadlock.
  self.pid = os.fork()
I0426 11:13:02.271087 139895150474432 spec.py:333] Evaluating on the training split.
I0426 11:13:17.755337 139895150474432 spec.py:346] Evaluating on the validation split.
I0426 11:13:37.783850 139895150474432 spec.py:363] Evaluating on the test split.
I0426 11:13:48.522167 139895150474432 submission_runner.py:516] Time since start: 19533.24s, 	Step: 40876, 	{'train/ctc_loss': 0.2532030966945115, 'train/wer': 0.08606666053347908, 'validation/ctc_loss': 0.4795548291672945, 'validation/wer': 0.13799063390141458, 'validation/num_examples': 5348, 'test/ctc_loss': 0.26136620709400604, 'test/wer': 0.08295249121524181, 'test/num_examples': 2472, 'score': 18806.66574072838, 'total_duration': 19533.241652727127, 'accumulated_submission_time': 18806.66574072838, 'accumulated_eval_time': 675.385790348053, 'accumulated_logging_time': 6.443809986114502}
I0426 11:13:49.047004 139876548720384 logging_writer.py:48] [40876] accumulated_eval_time=675.386, accumulated_logging_time=6.44381, accumulated_submission_time=18806.7, global_step=40876, preemption_count=0, score=18806.7, test/ctc_loss=0.261366, test/num_examples=2472, test/wer=0.0829525, total_duration=19533.2, train/ctc_loss=0.253203, train/wer=0.0860667, validation/ctc_loss=0.479555, validation/num_examples=5348, validation/wer=0.137991
/usr/local/lib/python3.11/multiprocessing/popen_fork.py:66: RuntimeWarning: os.fork() was called. os.fork() is incompatible with multithreaded code, and JAX is multithreaded, so this will likely lead to a deadlock.
  self.pid = os.fork()
I0426 11:37:56.563257 139895150474432 spec.py:333] Evaluating on the training split.
I0426 11:38:12.294313 139895150474432 spec.py:346] Evaluating on the validation split.
I0426 11:38:31.607885 139895150474432 spec.py:363] Evaluating on the test split.
I0426 11:38:42.028821 139895150474432 submission_runner.py:516] Time since start: 21026.77s, 	Step: 44223, 	{'train/ctc_loss': 0.2470281617918443, 'train/wer': 0.08379377337150341, 'validation/ctc_loss': 0.4762146597002461, 'validation/wer': 0.13658089122773137, 'validation/num_examples': 5348, 'test/ctc_loss': 0.2585303638541196, 'test/wer': 0.08283062173745252, 'test/num_examples': 2472, 'score': 20250.36719083786, 'total_duration': 21026.76743888855, 'accumulated_submission_time': 20250.36719083786, 'accumulated_eval_time': 720.8512284755707, 'accumulated_logging_time': 7.4526073932647705}
I0426 11:38:42.586761 139876548720384 logging_writer.py:48] [44223] accumulated_eval_time=720.851, accumulated_logging_time=7.45261, accumulated_submission_time=20250.4, global_step=44223, preemption_count=0, score=20250.4, test/ctc_loss=0.25853, test/num_examples=2472, test/wer=0.0828306, total_duration=21026.8, train/ctc_loss=0.247028, train/wer=0.0837938, validation/ctc_loss=0.476215, validation/num_examples=5348, validation/wer=0.136581
/usr/local/lib/python3.11/multiprocessing/popen_fork.py:66: RuntimeWarning: os.fork() was called. os.fork() is incompatible with multithreaded code, and JAX is multithreaded, so this will likely lead to a deadlock.
  self.pid = os.fork()
I0426 12:02:49.852993 139895150474432 spec.py:333] Evaluating on the training split.
I0426 12:03:05.848904 139895150474432 spec.py:346] Evaluating on the validation split.
I0426 12:03:25.823826 139895150474432 spec.py:363] Evaluating on the test split.
I0426 12:03:36.148697 139895150474432 submission_runner.py:516] Time since start: 22520.89s, 	Step: 47417, 	{'train/ctc_loss': 0.24171485124963177, 'train/wer': 0.08195922873362303, 'validation/ctc_loss': 0.4704999442749146, 'validation/wer': 0.134109013662917, 'validation/num_examples': 5348, 'test/ctc_loss': 0.25532526796083616, 'test/wer': 0.08116507220766558, 'test/num_examples': 2472, 'score': 21693.94476556778, 'total_duration': 22520.88728785515, 'accumulated_submission_time': 21693.94476556778, 'accumulated_eval_time': 767.1467528343201, 'accumulated_logging_time': 8.375038862228394}
I0426 12:03:36.240389 139876548720384 logging_writer.py:48] [47417] accumulated_eval_time=767.147, accumulated_logging_time=8.37504, accumulated_submission_time=21693.9, global_step=47417, preemption_count=0, score=21693.9, test/ctc_loss=0.255325, test/num_examples=2472, test/wer=0.0811651, total_duration=22520.9, train/ctc_loss=0.241715, train/wer=0.0819592, validation/ctc_loss=0.4705, validation/num_examples=5348, validation/wer=0.134109
/usr/local/lib/python3.11/multiprocessing/popen_fork.py:66: RuntimeWarning: os.fork() was called. os.fork() is incompatible with multithreaded code, and JAX is multithreaded, so this will likely lead to a deadlock.
  self.pid = os.fork()
I0426 12:27:44.077821 139895150474432 spec.py:333] Evaluating on the training split.
I0426 12:28:01.586084 139895150474432 spec.py:346] Evaluating on the validation split.
I0426 12:28:21.235883 139895150474432 spec.py:363] Evaluating on the test split.
I0426 12:28:31.789104 139895150474432 submission_runner.py:516] Time since start: 24016.49s, 	Step: 50877, 	{'train/ctc_loss': 0.23606454667199409, 'train/wer': 0.0797945742936462, 'validation/ctc_loss': 0.4632989486010649, 'validation/wer': 0.13190749770675422, 'validation/num_examples': 5348, 'test/ctc_loss': 0.2523293841538164, 'test/wer': 0.08134787642434953, 'test/num_examples': 2472, 'score': 23138.350909233093, 'total_duration': 24016.492871761322, 'accumulated_submission_time': 23138.350909233093, 'accumulated_eval_time': 814.8230941295624, 'accumulated_logging_time': 8.477604389190674}
I0426 12:28:32.306955 139876548720384 logging_writer.py:48] [50877] accumulated_eval_time=814.823, accumulated_logging_time=8.4776, accumulated_submission_time=23138.4, global_step=50877, preemption_count=0, score=23138.4, test/ctc_loss=0.252329, test/num_examples=2472, test/wer=0.0813479, total_duration=24016.5, train/ctc_loss=0.236065, train/wer=0.0797946, validation/ctc_loss=0.463299, validation/num_examples=5348, validation/wer=0.131907
/usr/local/lib/python3.11/multiprocessing/popen_fork.py:66: RuntimeWarning: os.fork() was called. os.fork() is incompatible with multithreaded code, and JAX is multithreaded, so this will likely lead to a deadlock.
  self.pid = os.fork()
I0426 12:52:39.559149 139895150474432 spec.py:333] Evaluating on the training split.
I0426 12:52:55.371510 139895150474432 spec.py:346] Evaluating on the validation split.
I0426 12:53:15.031366 139895150474432 spec.py:363] Evaluating on the test split.
I0426 12:53:25.717205 139895150474432 submission_runner.py:516] Time since start: 25510.46s, 	Step: 54113, 	{'train/ctc_loss': 0.23170211536703383, 'train/wer': 0.07827931618566242, 'validation/ctc_loss': 0.4567529188956701, 'validation/wer': 0.13051706657654613, 'validation/num_examples': 5348, 'test/ctc_loss': 0.24908539966288148, 'test/wer': 0.07919484898340544, 'test/num_examples': 2472, 'score': 24582.01651263237, 'total_duration': 25510.45579099655, 'accumulated_submission_time': 24582.01651263237, 'accumulated_eval_time': 860.9809980392456, 'accumulated_logging_time': 9.300137042999268}
I0426 12:53:26.200430 139876548720384 logging_writer.py:48] [54113] accumulated_eval_time=860.981, accumulated_logging_time=9.30014, accumulated_submission_time=24582, global_step=54113, preemption_count=0, score=24582, test/ctc_loss=0.249085, test/num_examples=2472, test/wer=0.0791948, total_duration=25510.5, train/ctc_loss=0.231702, train/wer=0.0782793, validation/ctc_loss=0.456753, validation/num_examples=5348, validation/wer=0.130517
/usr/local/lib/python3.11/multiprocessing/popen_fork.py:66: RuntimeWarning: os.fork() was called. os.fork() is incompatible with multithreaded code, and JAX is multithreaded, so this will likely lead to a deadlock.
  self.pid = os.fork()
I0426 13:17:33.561741 139895150474432 spec.py:333] Evaluating on the training split.
I0426 13:17:49.940908 139895150474432 spec.py:346] Evaluating on the validation split.
I0426 13:18:09.980811 139895150474432 spec.py:363] Evaluating on the test split.
I0426 13:18:20.906562 139895150474432 submission_runner.py:516] Time since start: 27005.65s, 	Step: 57443, 	{'train/ctc_loss': 0.22841005478672793, 'train/wer': 0.07666664862787967, 'validation/ctc_loss': 0.4524260327977446, 'validation/wer': 0.1300825568483561, 'validation/num_examples': 5348, 'test/ctc_loss': 0.24674147324020904, 'test/wer': 0.078585501594459, 'test/num_examples': 2472, 'score': 26025.638431310654, 'total_duration': 27005.645191907883, 'accumulated_submission_time': 26025.638431310654, 'accumulated_eval_time': 908.3257246017456, 'accumulated_logging_time': 10.067991733551025}
I0426 13:18:21.268842 139876548720384 logging_writer.py:48] [57443] accumulated_eval_time=908.326, accumulated_logging_time=10.068, accumulated_submission_time=26025.6, global_step=57443, preemption_count=0, score=26025.6, test/ctc_loss=0.246741, test/num_examples=2472, test/wer=0.0785855, total_duration=27005.6, train/ctc_loss=0.22841, train/wer=0.0766666, validation/ctc_loss=0.452426, validation/num_examples=5348, validation/wer=0.130083
/usr/local/lib/python3.11/multiprocessing/popen_fork.py:66: RuntimeWarning: os.fork() was called. os.fork() is incompatible with multithreaded code, and JAX is multithreaded, so this will likely lead to a deadlock.
  self.pid = os.fork()
I0426 13:42:28.935523 139895150474432 spec.py:333] Evaluating on the training split.
I0426 13:42:44.701029 139895150474432 spec.py:346] Evaluating on the validation split.
I0426 13:43:04.821109 139895150474432 spec.py:363] Evaluating on the test split.
I0426 13:43:15.298640 139895150474432 submission_runner.py:516] Time since start: 28500.04s, 	Step: 60817, 	{'train/ctc_loss': 0.22524637414628532, 'train/wer': 0.0764014784589825, 'validation/ctc_loss': 0.4481501626230661, 'validation/wer': 0.1285472891420847, 'validation/num_examples': 5348, 'test/ctc_loss': 0.24282809072359507, 'test/wer': 0.07726524891840839, 'test/num_examples': 2472, 'score': 27469.765249729156, 'total_duration': 28500.037259340286, 'accumulated_submission_time': 27469.765249729156, 'accumulated_eval_time': 954.68874168396, 'accumulated_logging_time': 10.685239553451538}
I0426 13:43:15.841780 139876548720384 logging_writer.py:48] [60817] accumulated_eval_time=954.689, accumulated_logging_time=10.6852, accumulated_submission_time=27469.8, global_step=60817, preemption_count=0, score=27469.8, test/ctc_loss=0.242828, test/num_examples=2472, test/wer=0.0772652, total_duration=28500, train/ctc_loss=0.225246, train/wer=0.0764015, validation/ctc_loss=0.44815, validation/num_examples=5348, validation/wer=0.128547
/usr/local/lib/python3.11/multiprocessing/popen_fork.py:66: RuntimeWarning: os.fork() was called. os.fork() is incompatible with multithreaded code, and JAX is multithreaded, so this will likely lead to a deadlock.
  self.pid = os.fork()
I0426 14:07:23.073712 139895150474432 spec.py:333] Evaluating on the training split.
I0426 14:07:39.250462 139895150474432 spec.py:346] Evaluating on the validation split.
I0426 14:07:59.097324 139895150474432 spec.py:363] Evaluating on the test split.
I0426 14:08:09.534118 139895150474432 submission_runner.py:516] Time since start: 29994.27s, 	Step: 64010, 	{'train/ctc_loss': 0.22177930893128633, 'train/wer': 0.07534079778339385, 'validation/ctc_loss': 0.44313147117364876, 'validation/wer': 0.12729203881620238, 'validation/num_examples': 5348, 'test/ctc_loss': 0.23913679914833216, 'test/wer': 0.07608717729977861, 'test/num_examples': 2472, 'score': 28913.41566324234, 'total_duration': 29994.272669792175, 'accumulated_submission_time': 28913.41566324234, 'accumulated_eval_time': 1001.1489374637604, 'accumulated_logging_time': 11.491459369659424}
I0426 14:08:09.635747 139876548720384 logging_writer.py:48] [64010] accumulated_eval_time=1001.15, accumulated_logging_time=11.4915, accumulated_submission_time=28913.4, global_step=64010, preemption_count=0, score=28913.4, test/ctc_loss=0.239137, test/num_examples=2472, test/wer=0.0760872, total_duration=29994.3, train/ctc_loss=0.221779, train/wer=0.0753408, validation/ctc_loss=0.443131, validation/num_examples=5348, validation/wer=0.127292
/usr/local/lib/python3.11/multiprocessing/popen_fork.py:66: RuntimeWarning: os.fork() was called. os.fork() is incompatible with multithreaded code, and JAX is multithreaded, so this will likely lead to a deadlock.
  self.pid = os.fork()
I0426 14:32:17.751749 139895150474432 spec.py:333] Evaluating on the training split.
I0426 14:32:33.258451 139895150474432 spec.py:346] Evaluating on the validation split.
I0426 14:32:53.337588 139895150474432 spec.py:363] Evaluating on the test split.
I0426 14:33:04.288074 139895150474432 submission_runner.py:516] Time since start: 31488.96s, 	Step: 67449, 	{'train/ctc_loss': 0.217319117876117, 'train/wer': 0.07393918403350885, 'validation/ctc_loss': 0.44131697213431786, 'validation/wer': 0.12589195191425676, 'validation/num_examples': 5348, 'test/ctc_loss': 0.23627844941609136, 'test/wer': 0.07568094570714765, 'test/num_examples': 2472, 'score': 30358.114854812622, 'total_duration': 31488.96219944954, 'accumulated_submission_time': 30358.114854812622, 'accumulated_eval_time': 1047.6206710338593, 'accumulated_logging_time': 11.604461908340454}
I0426 14:33:04.765816 139876548720384 logging_writer.py:48] [67449] accumulated_eval_time=1047.62, accumulated_logging_time=11.6045, accumulated_submission_time=30358.1, global_step=67449, preemption_count=0, score=30358.1, test/ctc_loss=0.236278, test/num_examples=2472, test/wer=0.0756809, total_duration=31489, train/ctc_loss=0.217319, train/wer=0.0739392, validation/ctc_loss=0.441317, validation/num_examples=5348, validation/wer=0.125892
/usr/local/lib/python3.11/multiprocessing/popen_fork.py:66: RuntimeWarning: os.fork() was called. os.fork() is incompatible with multithreaded code, and JAX is multithreaded, so this will likely lead to a deadlock.
  self.pid = os.fork()
I0426 14:57:11.954127 139895150474432 spec.py:333] Evaluating on the training split.
I0426 14:57:27.714723 139895150474432 spec.py:346] Evaluating on the validation split.
I0426 14:57:47.404328 139895150474432 spec.py:363] Evaluating on the test split.
I0426 14:57:58.171876 139895150474432 submission_runner.py:516] Time since start: 32982.91s, 	Step: 70710, 	{'train/ctc_loss': 0.2143621334359879, 'train/wer': 0.07328437606541585, 'validation/ctc_loss': 0.43828770547644164, 'validation/wer': 0.12529329406652825, 'validation/num_examples': 5348, 'test/ctc_loss': 0.23465654538196012, 'test/wer': 0.07454349724778096, 'test/num_examples': 2472, 'score': 31801.582671880722, 'total_duration': 32982.91052341461, 'accumulated_submission_time': 31801.582671880722, 'accumulated_eval_time': 1093.83828663826, 'accumulated_logging_time': 12.507933378219604}
I0426 14:57:58.681136 139876548720384 logging_writer.py:48] [70710] accumulated_eval_time=1093.84, accumulated_logging_time=12.5079, accumulated_submission_time=31801.6, global_step=70710, preemption_count=0, score=31801.6, test/ctc_loss=0.234657, test/num_examples=2472, test/wer=0.0745435, total_duration=32982.9, train/ctc_loss=0.214362, train/wer=0.0732844, validation/ctc_loss=0.438288, validation/num_examples=5348, validation/wer=0.125293
/usr/local/lib/python3.11/multiprocessing/popen_fork.py:66: RuntimeWarning: os.fork() was called. os.fork() is incompatible with multithreaded code, and JAX is multithreaded, so this will likely lead to a deadlock.
  self.pid = os.fork()
I0426 15:22:05.940785 139895150474432 spec.py:333] Evaluating on the training split.
I0426 15:22:22.229796 139895150474432 spec.py:346] Evaluating on the validation split.
I0426 15:22:41.505676 139895150474432 spec.py:363] Evaluating on the test split.
I0426 15:22:51.970367 139895150474432 submission_runner.py:516] Time since start: 34476.71s, 	Step: 74011, 	{'train/ctc_loss': 0.2116677551493768, 'train/wer': 0.07200722994582952, 'validation/ctc_loss': 0.435160233166315, 'validation/wer': 0.12498430937092647, 'validation/num_examples': 5348, 'test/ctc_loss': 0.23295575521001355, 'test/wer': 0.07444193934962322, 'test/num_examples': 2472, 'score': 33245.17427325249, 'total_duration': 34476.708985090256, 'accumulated_submission_time': 33245.17427325249, 'accumulated_eval_time': 1139.8678374290466, 'accumulated_logging_time': 13.300580024719238}
I0426 15:22:52.062480 139876548720384 logging_writer.py:48] [74011] accumulated_eval_time=1139.87, accumulated_logging_time=13.3006, accumulated_submission_time=33245.2, global_step=74011, preemption_count=0, score=33245.2, test/ctc_loss=0.232956, test/num_examples=2472, test/wer=0.0744419, total_duration=34476.7, train/ctc_loss=0.211668, train/wer=0.0720072, validation/ctc_loss=0.43516, validation/num_examples=5348, validation/wer=0.124984
/usr/local/lib/python3.11/multiprocessing/popen_fork.py:66: RuntimeWarning: os.fork() was called. os.fork() is incompatible with multithreaded code, and JAX is multithreaded, so this will likely lead to a deadlock.
  self.pid = os.fork()
I0426 15:46:59.858876 139895150474432 spec.py:333] Evaluating on the training split.
I0426 15:47:16.508884 139895150474432 spec.py:346] Evaluating on the validation split.
I0426 15:47:36.728435 139895150474432 spec.py:363] Evaluating on the test split.
I0426 15:47:47.353710 139895150474432 submission_runner.py:516] Time since start: 35972.09s, 	Step: 77423, 	{'train/ctc_loss': 0.2089630731358799, 'train/wer': 0.07125501252793758, 'validation/ctc_loss': 0.43213184947634115, 'validation/wer': 0.12344904166465505, 'validation/num_examples': 5348, 'test/ctc_loss': 0.23140227796954643, 'test/wer': 0.07275607824020475, 'test/num_examples': 2472, 'score': 34689.57567882538, 'total_duration': 35972.09235548973, 'accumulated_submission_time': 34689.57567882538, 'accumulated_eval_time': 1187.3626091480255, 'accumulated_logging_time': 13.404144048690796}
I0426 15:47:48.770599 139876548720384 logging_writer.py:48] [77423] accumulated_eval_time=1187.36, accumulated_logging_time=13.4041, accumulated_submission_time=34689.6, global_step=77423, preemption_count=0, score=34689.6, test/ctc_loss=0.231402, test/num_examples=2472, test/wer=0.0727561, total_duration=35972.1, train/ctc_loss=0.208963, train/wer=0.071255, validation/ctc_loss=0.432132, validation/num_examples=5348, validation/wer=0.123449
/usr/local/lib/python3.11/multiprocessing/popen_fork.py:66: RuntimeWarning: os.fork() was called. os.fork() is incompatible with multithreaded code, and JAX is multithreaded, so this will likely lead to a deadlock.
  self.pid = os.fork()
I0426 16:11:55.185062 139895150474432 spec.py:333] Evaluating on the training split.
I0426 16:12:11.233737 139895150474432 spec.py:346] Evaluating on the validation split.
I0426 16:12:30.799253 139895150474432 spec.py:363] Evaluating on the test split.
I0426 16:12:41.185429 139895150474432 submission_runner.py:516] Time since start: 37465.92s, 	Step: 80632, 	{'train/ctc_loss': 0.2063308214284505, 'train/wer': 0.07032962275484747, 'validation/ctc_loss': 0.4291279926725437, 'validation/wer': 0.12288900690387679, 'validation/num_examples': 5348, 'test/ctc_loss': 0.22996430717304342, 'test/wer': 0.07243109296609998, 'test/num_examples': 2472, 'score': 36132.19115662575, 'total_duration': 37465.9240629673, 'accumulated_submission_time': 36132.19115662575, 'accumulated_eval_time': 1233.3628702163696, 'accumulated_logging_time': 15.226331949234009}
I0426 16:12:41.680764 139876548720384 logging_writer.py:48] [80632] accumulated_eval_time=1233.36, accumulated_logging_time=15.2263, accumulated_submission_time=36132.2, global_step=80632, preemption_count=0, score=36132.2, test/ctc_loss=0.229964, test/num_examples=2472, test/wer=0.0724311, total_duration=37465.9, train/ctc_loss=0.206331, train/wer=0.0703296, validation/ctc_loss=0.429128, validation/num_examples=5348, validation/wer=0.122889
/usr/local/lib/python3.11/multiprocessing/popen_fork.py:66: RuntimeWarning: os.fork() was called. os.fork() is incompatible with multithreaded code, and JAX is multithreaded, so this will likely lead to a deadlock.
  self.pid = os.fork()
I0426 16:36:49.081284 139895150474432 spec.py:333] Evaluating on the training split.
I0426 16:37:05.332113 139895150474432 spec.py:346] Evaluating on the validation split.
I0426 16:37:26.233956 139895150474432 spec.py:363] Evaluating on the test split.
I0426 16:37:36.727216 139895150474432 submission_runner.py:516] Time since start: 38961.47s, 	Step: 84033, 	{'train/ctc_loss': 0.20330172412698466, 'train/wer': 0.06930682353195841, 'validation/ctc_loss': 0.42543149660312435, 'validation/wer': 0.12158547771930671, 'validation/num_examples': 5348, 'test/ctc_loss': 0.22705809649009615, 'test/wer': 0.07072492027704995, 'test/num_examples': 2472, 'score': 37575.99773931503, 'total_duration': 38961.46584868431, 'accumulated_submission_time': 37575.99773931503, 'accumulated_eval_time': 1281.0087485313416, 'accumulated_logging_time': 15.973401069641113}
I0426 16:37:37.255098 139876548720384 logging_writer.py:48] [84033] accumulated_eval_time=1281.01, accumulated_logging_time=15.9734, accumulated_submission_time=37576, global_step=84033, preemption_count=0, score=37576, test/ctc_loss=0.227058, test/num_examples=2472, test/wer=0.0707249, total_duration=38961.5, train/ctc_loss=0.203302, train/wer=0.0693068, validation/ctc_loss=0.425431, validation/num_examples=5348, validation/wer=0.121585
/usr/local/lib/python3.11/multiprocessing/popen_fork.py:66: RuntimeWarning: os.fork() was called. os.fork() is incompatible with multithreaded code, and JAX is multithreaded, so this will likely lead to a deadlock.
  self.pid = os.fork()
I0426 17:01:44.574014 139895150474432 spec.py:333] Evaluating on the training split.
I0426 17:02:00.705171 139895150474432 spec.py:346] Evaluating on the validation split.
I0426 17:02:21.093904 139895150474432 spec.py:363] Evaluating on the test split.
I0426 17:02:31.572461 139895150474432 submission_runner.py:516] Time since start: 40456.31s, 	Step: 87339, 	{'train/ctc_loss': 0.20105512808683257, 'train/wer': 0.06863036901946566, 'validation/ctc_loss': 0.4241432464335945, 'validation/wer': 0.12004055424129774, 'validation/num_examples': 5348, 'test/ctc_loss': 0.22380571932060134, 'test/wer': 0.0706233623788922, 'test/num_examples': 2472, 'score': 39019.65780520439, 'total_duration': 40456.31107831001, 'accumulated_submission_time': 39019.65780520439, 'accumulated_eval_time': 1328.0071074962616, 'accumulated_logging_time': 16.867405891418457}
I0426 17:02:32.132096 139876548720384 logging_writer.py:48] [87339] accumulated_eval_time=1328.01, accumulated_logging_time=16.8674, accumulated_submission_time=39019.7, global_step=87339, preemption_count=0, score=39019.7, test/ctc_loss=0.223806, test/num_examples=2472, test/wer=0.0706234, total_duration=40456.3, train/ctc_loss=0.201055, train/wer=0.0686304, validation/ctc_loss=0.424143, validation/num_examples=5348, validation/wer=0.120041
/usr/local/lib/python3.11/multiprocessing/popen_fork.py:66: RuntimeWarning: os.fork() was called. os.fork() is incompatible with multithreaded code, and JAX is multithreaded, so this will likely lead to a deadlock.
  self.pid = os.fork()
I0426 17:26:39.489095 139895150474432 spec.py:333] Evaluating on the training split.
I0426 17:26:55.581355 139895150474432 spec.py:346] Evaluating on the validation split.
I0426 17:27:15.309521 139895150474432 spec.py:363] Evaluating on the test split.
I0426 17:27:25.841160 139895150474432 submission_runner.py:516] Time since start: 41950.58s, 	Step: 90588, 	{'train/ctc_loss': 0.19881456349656482, 'train/wer': 0.06776991887957486, 'validation/ctc_loss': 0.42153834396034257, 'validation/wer': 0.11901704243711679, 'validation/num_examples': 5348, 'test/ctc_loss': 0.22147981321375573, 'test/wer': 0.06849064651757968, 'test/num_examples': 2472, 'score': 40463.388149023056, 'total_duration': 41950.57981157303, 'accumulated_submission_time': 40463.388149023056, 'accumulated_eval_time': 1374.3591315746307, 'accumulated_logging_time': 17.663694381713867}
I0426 17:27:25.927184 139876548720384 logging_writer.py:48] [90588] accumulated_eval_time=1374.36, accumulated_logging_time=17.6637, accumulated_submission_time=40463.4, global_step=90588, preemption_count=0, score=40463.4, test/ctc_loss=0.22148, test/num_examples=2472, test/wer=0.0684906, total_duration=41950.6, train/ctc_loss=0.198815, train/wer=0.0677699, validation/ctc_loss=0.421538, validation/num_examples=5348, validation/wer=0.119017
I0426 17:27:26.850682 139876540327680 logging_writer.py:48] [90588] global_step=90588, preemption_count=0, score=40463.4
I0426 17:27:27.008412 139895150474432 submission_runner.py:857] Final librispeech_deepspeech score: 40463.388149023056
