python submission_runner.py --framework=jax --workload=imagenet_resnet --submission_path=submissions_algorithms/submissions/self_tuning/nadamw_baselinev05/submission.py --data_dir=/data/imagenet/jax --experiment_dir=/experiment_runs --experiment_name=submissions_a100/nadamw_baselinev05/study_1 --overwrite=True --save_checkpoints=False --rng_seed=-1471744106 --imagenet_v2_data_dir=/data/imagenet/jax --tuning_ruleset=self 2>&1 | tee -a /logs/imagenet_resnet_jax_04-10-2026-03-47-26.log
2026-04-10 03:47:39.360140: E external/local_xla/xla/stream_executor/cuda/cuda_fft.cc:467] Unable to register cuFFT factory: Attempting to register factory for plugin cuFFT when one has already been registered
WARNING: All log messages before absl::InitializeLog() is called are written to STDERR
E0000 00:00:1775792860.253287       9 cuda_dnn.cc:8579] Unable to register cuDNN factory: Attempting to register factory for plugin cuDNN when one has already been registered
E0000 00:00:1775792860.457696       9 cuda_blas.cc:1407] Unable to register cuBLAS factory: Attempting to register factory for plugin cuBLAS when one has already been registered
W0000 00:00:1775792861.947564       9 computation_placer.cc:177] computation placer already registered. Please check linkage and avoid linking the same target more than once.
W0000 00:00:1775792861.947611       9 computation_placer.cc:177] computation placer already registered. Please check linkage and avoid linking the same target more than once.
W0000 00:00:1775792861.947614       9 computation_placer.cc:177] computation placer already registered. Please check linkage and avoid linking the same target more than once.
W0000 00:00:1775792861.947616       9 computation_placer.cc:177] computation placer already registered. Please check linkage and avoid linking the same target more than once.
/usr/local/lib/python3.11/site-packages/torch/__init__.py:1617: UserWarning: Please use the new API settings to control TF32 behavior, such as torch.backends.cudnn.conv.fp32_precision = 'tf32' or torch.backends.cuda.matmul.fp32_precision = 'ieee'. Old settings, e.g, torch.backends.cuda.matmul.allow_tf32 = True, torch.backends.cudnn.allow_tf32 = True, allowTF32CuDNN() and allowTF32CuBLAS() will be deprecated after Pytorch 2.9. Please see https://pytorch.org/docs/main/notes/cuda.html#tensorfloat-32-tf32-on-ampere-and-later-devices (Triggered internally at /pytorch/aten/src/ATen/Context.cpp:80.)
  _C._set_float32_matmul_precision(precision)
/usr/local/lib/python3.11/site-packages/pydantic/_internal/_generate_schema.py:2249: UnsupportedFieldAttributeWarning: The 'repr' attribute with value False was provided to the `Field()` function, which has no effect in the context it was used. 'repr' is field-specific metadata, and can only be attached to a model field using `Annotated` metadata or by assignment. This may have happened because an `Annotated` type alias using the `type` statement was used, or if the `Field()` function was attached to a single member of a union type.
  warnings.warn(
/usr/local/lib/python3.11/site-packages/pydantic/_internal/_generate_schema.py:2249: UnsupportedFieldAttributeWarning: The 'frozen' attribute with value True was provided to the `Field()` function, which has no effect in the context it was used. 'frozen' is field-specific metadata, and can only be attached to a model field using `Annotated` metadata or by assignment. This may have happened because an `Annotated` type alias using the `type` statement was used, or if the `Field()` function was attached to a single member of a union type.
  warnings.warn(
INFO:2026-04-10 03:48:34,394:jax._src.xla_bridge:830: Unable to initialize backend 'tpu': INTERNAL: Failed to open libtpu.so: libtpu.so: cannot open shared object file: No such file or directory
I0410 03:48:34.394715 140478422869184 xla_bridge.py:830] Unable to initialize backend 'tpu': INTERNAL: Failed to open libtpu.so: libtpu.so: cannot open shared object file: No such file or directory
I0410 03:48:35.252725 140478422869184 logger_utils.py:59] Removing existing experiment directory /experiment_runs/submissions_a100/nadamw_baselinev05/study_1/imagenet_resnet_jax because --overwrite was set.
I0410 03:48:35.264579 140478422869184 logger_utils.py:84] Creating experiment directory at /experiment_runs/submissions_a100/nadamw_baselinev05/study_1/imagenet_resnet_jax.
I0410 03:48:38.942077 140478422869184 submission_runner.py:741] Creating directory at /experiment_runs/submissions_a100/nadamw_baselinev05/study_1/imagenet_resnet_jax/trial_1.
I0410 03:48:39.613661 140478422869184 submission_runner.py:242] Initializing dataset.
I0410 03:48:40.579756 140478422869184 dataset_info.py:707] Load dataset info from /data/imagenet/jax/imagenet2012/5.1.0
I0410 03:48:40.683017 140478422869184 dataset_info.py:793] For 'imagenet2012/5.1.0': fields info.[splits, supervised_keys] differ on disk and in the code. Keeping the one from code.
I0410 03:48:40.998309 140478422869184 reader.py:262] Creating a tf.data.Dataset reading 1024 files located in folders: /data/imagenet/jax/imagenet2012/5.1.0.
I0410 03:48:41.213890 140478422869184 logging_logger.py:49] Constructing tf.data.Dataset imagenet2012 for split train, from /data/imagenet/jax/imagenet2012/5.1.0
I0410 03:48:42.568306 140478422869184 submission_runner.py:251] Initializing model.
I0410 03:49:07.946429 140478422869184 submission_runner.py:294] Initializing optimizer.
I0410 03:49:09.196855 140478422869184 submission_runner.py:299] Initializing metrics bundle.
I0410 03:49:09.197105 140478422869184 submission_runner.py:321] Initializing checkpoint and logger.
I0410 03:49:09.200392 140478422869184 checkpoints.py:1098] Found no checkpoint files in /experiment_runs/submissions_a100/nadamw_baselinev05/study_1/imagenet_resnet_jax/trial_1 with prefix checkpoint_
I0410 03:49:09.200515 140478422869184 submission_runner.py:344] Saving meta data to /experiment_runs/submissions_a100/nadamw_baselinev05/study_1/imagenet_resnet_jax/trial_1/meta_data_0.json.
I0410 03:49:09.569959 140478422869184 submission_runner.py:348] Saving flags to /experiment_runs/submissions_a100/nadamw_baselinev05/study_1/imagenet_resnet_jax/trial_1/flags_0.json.
I0410 03:49:09.583780 140478422869184 submission_runner.py:359] Starting training loop.
I0410 03:50:08.088472 140478422869184 spec.py:333] Evaluating on the training split.
I0410 03:50:08.420255 140478422869184 dataset_info.py:707] Load dataset info from /data/imagenet/jax/imagenet2012/5.1.0
I0410 03:50:08.426039 140478422869184 dataset_info.py:793] For 'imagenet2012/5.1.0': fields info.[splits, supervised_keys] differ on disk and in the code. Keeping the one from code.
I0410 03:50:08.444888 140478422869184 reader.py:262] Creating a tf.data.Dataset reading 1024 files located in folders: /data/imagenet/jax/imagenet2012/5.1.0.
I0410 03:50:08.491945 140478422869184 logging_logger.py:49] Constructing tf.data.Dataset imagenet2012 for split train, from /data/imagenet/jax/imagenet2012/5.1.0
I0410 03:50:29.268968 140478422869184 spec.py:346] Evaluating on the validation split.
I0410 03:50:29.273393 140478422869184 dataset_info.py:707] Load dataset info from /data/imagenet/jax/imagenet2012/5.1.0
I0410 03:50:29.294342 140478422869184 dataset_info.py:793] For 'imagenet2012/5.1.0': fields info.[splits, supervised_keys] differ on disk and in the code. Keeping the one from code.
I0410 03:50:29.297665 140478422869184 reader.py:262] Creating a tf.data.Dataset reading 64 files located in folders: /data/imagenet/jax/imagenet2012/5.1.0.
I0410 03:50:29.379963 140478422869184 logging_logger.py:49] Constructing tf.data.Dataset imagenet2012 for split validation, from /data/imagenet/jax/imagenet2012/5.1.0
I0410 03:50:55.832038 140478422869184 spec.py:363] Evaluating on the test split.
I0410 03:50:55.920957 140478422869184 dataset_info.py:707] Load dataset info from /data/imagenet/jax/imagenet_v2/matched-frequency/3.0.0
I0410 03:50:55.973634 140478422869184 reader.py:262] Creating a tf.data.Dataset reading 16 files located in folders: /data/imagenet/jax/imagenet_v2/matched-frequency/3.0.0.
I0410 03:50:56.022169 140478422869184 logging_logger.py:49] Constructing tf.data.Dataset imagenet_v2 for split test, from /data/imagenet/jax/imagenet_v2/matched-frequency/3.0.0
I0410 03:51:00.393610 140478422869184 submission_runner.py:516] Time since start: 110.81s, 	Step: 1, 	{'train/accuracy': Array(0.00129544, dtype=float32), 'train/loss': Array(6.9112296, dtype=float32), 'validation/accuracy': Array(0.0013, dtype=float32), 'validation/loss': Array(6.911136, dtype=float32), 'validation/num_examples': 50000, 'test/accuracy': Array(0.0014, dtype=float32), 'test/loss': Array(6.9115143, dtype=float32), 'test/num_examples': 10000, 'score': 58.50454592704773, 'total_duration': 110.80784869194031, 'accumulated_submission_time': 58.50454592704773, 'accumulated_eval_time': 52.30318260192871, 'accumulated_logging_time': 0}
I0410 03:51:00.555092 140263431337728 logging_writer.py:48] [1] accumulated_eval_time=52.3032, accumulated_logging_time=0, accumulated_submission_time=58.5045, global_step=1, preemption_count=0, score=58.5045, test/accuracy=0.0014000000664964318, test/loss=6.9115142822265625, test/num_examples=10000, total_duration=110.808, train/accuracy=0.0012954400153830647, train/loss=6.911229610443115, validation/accuracy=0.0013000000035390258, validation/loss=6.911136150360107, validation/num_examples=50000
I0410 04:24:16.539488 140478422869184 spec.py:333] Evaluating on the training split.
I0410 04:24:28.790492 140478422869184 spec.py:346] Evaluating on the validation split.
I0410 04:24:38.178821 140478422869184 spec.py:363] Evaluating on the test split.
I0410 04:24:39.115072 140478422869184 submission_runner.py:516] Time since start: 2129.53s, 	Step: 7630, 	{'train/accuracy': Array(0.6238839, dtype=float32), 'train/loss': Array(1.52684, dtype=float32), 'validation/accuracy': Array(0.53477997, dtype=float32), 'validation/loss': Array(1.9827965, dtype=float32), 'validation/num_examples': 50000, 'test/accuracy': Array(0.41640002, dtype=float32), 'test/loss': Array(2.728653, dtype=float32), 'test/num_examples': 10000, 'score': 2054.155114889145, 'total_duration': 2129.52853679657, 'accumulated_submission_time': 2054.155114889145, 'accumulated_eval_time': 74.87603306770325, 'accumulated_logging_time': 0.423630952835083}
I0410 04:24:39.190618 140263649416960 logging_writer.py:48] [7630] accumulated_eval_time=74.876, accumulated_logging_time=0.423631, accumulated_submission_time=2054.16, global_step=7630, preemption_count=0, score=2054.16, test/accuracy=0.4164000153541565, test/loss=2.7286529541015625, test/num_examples=10000, total_duration=2129.53, train/accuracy=0.6238839030265808, train/loss=1.5268399715423584, validation/accuracy=0.534779965877533, validation/loss=1.982796549797058, validation/num_examples=50000
I0410 04:57:55.201823 140478422869184 spec.py:333] Evaluating on the training split.
I0410 04:58:08.194569 140478422869184 spec.py:346] Evaluating on the validation split.
I0410 04:58:17.507406 140478422869184 spec.py:363] Evaluating on the test split.
I0410 04:58:18.384489 140478422869184 submission_runner.py:516] Time since start: 4148.80s, 	Step: 15587, 	{'train/accuracy': Array(0.66804844, dtype=float32), 'train/loss': Array(1.3345068, dtype=float32), 'validation/accuracy': Array(0.60502, dtype=float32), 'validation/loss': Array(1.6570491, dtype=float32), 'validation/num_examples': 50000, 'test/accuracy': Array(0.476, dtype=float32), 'test/loss': Array(2.3892438, dtype=float32), 'test/num_examples': 10000, 'score': 4050.0784418582916, 'total_duration': 4148.796643257141, 'accumulated_submission_time': 4050.0784418582916, 'accumulated_eval_time': 98.05465626716614, 'accumulated_logging_time': 0.5124669075012207}
I0410 04:58:18.422178 140263657809664 logging_writer.py:48] [15587] accumulated_eval_time=98.0547, accumulated_logging_time=0.512467, accumulated_submission_time=4050.08, global_step=15587, preemption_count=0, score=4050.08, test/accuracy=0.47600001096725464, test/loss=2.3892438411712646, test/num_examples=10000, total_duration=4148.8, train/accuracy=0.6680484414100647, train/loss=1.3345067501068115, validation/accuracy=0.6050199866294861, validation/loss=1.6570490598678589, validation/num_examples=50000
I0410 05:31:34.575431 140478422869184 spec.py:333] Evaluating on the training split.
I0410 05:31:47.686618 140478422869184 spec.py:346] Evaluating on the validation split.
I0410 05:31:56.761198 140478422869184 spec.py:363] Evaluating on the test split.
I0410 05:31:57.651331 140478422869184 submission_runner.py:516] Time since start: 6168.06s, 	Step: 23545, 	{'train/accuracy': Array(0.65290177, dtype=float32), 'train/loss': Array(1.3840281, dtype=float32), 'validation/accuracy': Array(0.60161996, dtype=float32), 'validation/loss': Array(1.6657685, dtype=float32), 'validation/num_examples': 50000, 'test/accuracy': Array(0.4778, dtype=float32), 'test/loss': Array(2.400124, dtype=float32), 'test/num_examples': 10000, 'score': 6046.143107891083, 'total_duration': 6168.0607895851135, 'accumulated_submission_time': 6046.143107891083, 'accumulated_eval_time': 121.12381958961487, 'accumulated_logging_time': 0.5644872188568115}
I0410 05:31:57.683134 140263649416960 logging_writer.py:48] [23545] accumulated_eval_time=121.124, accumulated_logging_time=0.564487, accumulated_submission_time=6046.14, global_step=23545, preemption_count=0, score=6046.14, test/accuracy=0.47780001163482666, test/loss=2.4001240730285645, test/num_examples=10000, total_duration=6168.06, train/accuracy=0.6529017686843872, train/loss=1.3840280771255493, validation/accuracy=0.6016199588775635, validation/loss=1.6657685041427612, validation/num_examples=50000
I0410 06:05:13.729040 140478422869184 spec.py:333] Evaluating on the training split.
I0410 06:05:26.747382 140478422869184 spec.py:346] Evaluating on the validation split.
I0410 06:05:35.958951 140478422869184 spec.py:363] Evaluating on the test split.
I0410 06:05:36.851603 140478422869184 submission_runner.py:516] Time since start: 8187.27s, 	Step: 31504, 	{'train/accuracy': Array(0.6735491, dtype=float32), 'train/loss': Array(1.2962068, dtype=float32), 'validation/accuracy': Array(0.58278, dtype=float32), 'validation/loss': Array(1.7392061, dtype=float32), 'validation/num_examples': 50000, 'test/accuracy': Array(0.47180003, dtype=float32), 'test/loss': Array(2.4522674, dtype=float32), 'test/num_examples': 10000, 'score': 8042.100204944611, 'total_duration': 8187.265483140945, 'accumulated_submission_time': 8042.100204944611, 'accumulated_eval_time': 144.24406623840332, 'accumulated_logging_time': 0.6102464199066162}
I0410 06:05:36.880478 140263657809664 logging_writer.py:48] [31504] accumulated_eval_time=144.244, accumulated_logging_time=0.610246, accumulated_submission_time=8042.1, global_step=31504, preemption_count=0, score=8042.1, test/accuracy=0.4718000292778015, test/loss=2.4522674083709717, test/num_examples=10000, total_duration=8187.27, train/accuracy=0.6735491156578064, train/loss=1.2962068319320679, validation/accuracy=0.5827800035476685, validation/loss=1.739206075668335, validation/num_examples=50000
I0410 06:38:52.946615 140478422869184 spec.py:333] Evaluating on the training split.
I0410 06:39:05.872697 140478422869184 spec.py:346] Evaluating on the validation split.
I0410 06:39:15.089081 140478422869184 spec.py:363] Evaluating on the test split.
I0410 06:39:15.971208 140478422869184 submission_runner.py:516] Time since start: 10206.38s, 	Step: 39462, 	{'train/accuracy': Array(0.70531726, dtype=float32), 'train/loss': Array(1.1528152, dtype=float32), 'validation/accuracy': Array(0.63614, dtype=float32), 'validation/loss': Array(1.499126, dtype=float32), 'validation/num_examples': 50000, 'test/accuracy': Array(0.5055, dtype=float32), 'test/loss': Array(2.240167, dtype=float32), 'test/num_examples': 10000, 'score': 10038.061925888062, 'total_duration': 10206.384962797165, 'accumulated_submission_time': 10038.061925888062, 'accumulated_eval_time': 167.26621770858765, 'accumulated_logging_time': 0.6685731410980225}
I0410 06:39:16.003054 140263649416960 logging_writer.py:48] [39462] accumulated_eval_time=167.266, accumulated_logging_time=0.668573, accumulated_submission_time=10038.1, global_step=39462, preemption_count=0, score=10038.1, test/accuracy=0.5055000185966492, test/loss=2.2401669025421143, test/num_examples=10000, total_duration=10206.4, train/accuracy=0.7053172588348389, train/loss=1.1528152227401733, validation/accuracy=0.636139988899231, validation/loss=1.4991259574890137, validation/num_examples=50000
I0410 07:12:32.170152 140478422869184 spec.py:333] Evaluating on the training split.
I0410 07:12:44.903573 140478422869184 spec.py:346] Evaluating on the validation split.
I0410 07:12:54.053819 140478422869184 spec.py:363] Evaluating on the test split.
I0410 07:12:54.936469 140478422869184 submission_runner.py:516] Time since start: 12225.35s, 	Step: 47421, 	{'train/accuracy': Array(0.7037827, dtype=float32), 'train/loss': Array(1.1596959, dtype=float32), 'validation/accuracy': Array(0.63949996, dtype=float32), 'validation/loss': Array(1.4869738, dtype=float32), 'validation/num_examples': 50000, 'test/accuracy': Array(0.508, dtype=float32), 'test/loss': Array(2.2476087, dtype=float32), 'test/num_examples': 10000, 'score': 12034.120545387268, 'total_duration': 12225.349780082703, 'accumulated_submission_time': 12034.120545387268, 'accumulated_eval_time': 190.02964878082275, 'accumulated_logging_time': 0.7341430187225342}
I0410 07:12:54.972396 140263657809664 logging_writer.py:48] [47421] accumulated_eval_time=190.03, accumulated_logging_time=0.734143, accumulated_submission_time=12034.1, global_step=47421, preemption_count=0, score=12034.1, test/accuracy=0.5080000162124634, test/loss=2.2476086616516113, test/num_examples=10000, total_duration=12225.3, train/accuracy=0.7037826776504517, train/loss=1.1596958637237549, validation/accuracy=0.6394999623298645, validation/loss=1.486973762512207, validation/num_examples=50000
I0410 07:46:10.934595 140478422869184 spec.py:333] Evaluating on the training split.
I0410 07:46:23.370573 140478422869184 spec.py:346] Evaluating on the validation split.
I0410 07:46:32.876063 140478422869184 spec.py:363] Evaluating on the test split.
I0410 07:46:33.740044 140478422869184 submission_runner.py:516] Time since start: 14244.15s, 	Step: 55380, 	{'train/accuracy': Array(0.69844145, dtype=float32), 'train/loss': Array(1.1816235, dtype=float32), 'validation/accuracy': Array(0.63071996, dtype=float32), 'validation/loss': Array(1.5207899, dtype=float32), 'validation/num_examples': 50000, 'test/accuracy': Array(0.5069, dtype=float32), 'test/loss': Array(2.2787607, dtype=float32), 'test/num_examples': 10000, 'score': 14029.98506975174, 'total_duration': 14244.149319410324, 'accumulated_submission_time': 14029.98506975174, 'accumulated_eval_time': 212.8281750679016, 'accumulated_logging_time': 0.7938919067382812}
I0410 07:46:33.771095 140263649416960 logging_writer.py:48] [55380] accumulated_eval_time=212.828, accumulated_logging_time=0.793892, accumulated_submission_time=14030, global_step=55380, preemption_count=0, score=14030, test/accuracy=0.5069000124931335, test/loss=2.2787606716156006, test/num_examples=10000, total_duration=14244.1, train/accuracy=0.6984414458274841, train/loss=1.1816234588623047, validation/accuracy=0.6307199597358704, validation/loss=1.5207898616790771, validation/num_examples=50000
I0410 08:19:49.943599 140478422869184 spec.py:333] Evaluating on the training split.
I0410 08:20:01.964854 140478422869184 spec.py:346] Evaluating on the validation split.
I0410 08:20:11.110014 140478422869184 spec.py:363] Evaluating on the test split.
I0410 08:20:12.000528 140478422869184 submission_runner.py:516] Time since start: 16262.41s, 	Step: 63340, 	{'train/accuracy': Array(0.7210419, dtype=float32), 'train/loss': Array(1.0590502, dtype=float32), 'validation/accuracy': Array(0.6484, dtype=float32), 'validation/loss': Array(1.438615, dtype=float32), 'validation/num_examples': 50000, 'test/accuracy': Array(0.5201, dtype=float32), 'test/loss': Array(2.1849782, dtype=float32), 'test/num_examples': 10000, 'score': 16026.05445599556, 'total_duration': 16262.413907766342, 'accumulated_submission_time': 16026.05445599556, 'accumulated_eval_time': 234.88228559494019, 'accumulated_logging_time': 0.8536624908447266}
I0410 08:20:12.034588 140263657809664 logging_writer.py:48] [63340] accumulated_eval_time=234.882, accumulated_logging_time=0.853662, accumulated_submission_time=16026.1, global_step=63340, preemption_count=0, score=16026.1, test/accuracy=0.5200999975204468, test/loss=2.1849782466888428, test/num_examples=10000, total_duration=16262.4, train/accuracy=0.7210419178009033, train/loss=1.05905020236969, validation/accuracy=0.6484000086784363, validation/loss=1.4386149644851685, validation/num_examples=50000
I0410 08:53:28.196146 140478422869184 spec.py:333] Evaluating on the training split.
I0410 08:53:39.612755 140478422869184 spec.py:346] Evaluating on the validation split.
I0410 08:53:48.714139 140478422869184 spec.py:363] Evaluating on the test split.
I0410 08:53:49.604584 140478422869184 submission_runner.py:516] Time since start: 18280.02s, 	Step: 71298, 	{'train/accuracy': Array(0.73192364, dtype=float32), 'train/loss': Array(1.0228688, dtype=float32), 'validation/accuracy': Array(0.65848, dtype=float32), 'validation/loss': Array(1.3888409, dtype=float32), 'validation/num_examples': 50000, 'test/accuracy': Array(0.5255, dtype=float32), 'test/loss': Array(2.1278262, dtype=float32), 'test/num_examples': 10000, 'score': 18022.107523679733, 'total_duration': 18280.015918254852, 'accumulated_submission_time': 18022.107523679733, 'accumulated_eval_time': 256.28586316108704, 'accumulated_logging_time': 0.9210498332977295}
I0410 08:53:49.651946 140263649416960 logging_writer.py:48] [71298] accumulated_eval_time=256.286, accumulated_logging_time=0.92105, accumulated_submission_time=18022.1, global_step=71298, preemption_count=0, score=18022.1, test/accuracy=0.5254999995231628, test/loss=2.12782621383667, test/num_examples=10000, total_duration=18280, train/accuracy=0.7319236397743225, train/loss=1.0228687524795532, validation/accuracy=0.6584799885749817, validation/loss=1.388840913772583, validation/num_examples=50000
I0410 09:27:05.630421 140478422869184 spec.py:333] Evaluating on the training split.
I0410 09:27:17.079015 140478422869184 spec.py:346] Evaluating on the validation split.
I0410 09:27:26.306882 140478422869184 spec.py:363] Evaluating on the test split.
I0410 09:27:27.180949 140478422869184 submission_runner.py:516] Time since start: 20297.59s, 	Step: 79257, 	{'train/accuracy': Array(0.7389788, dtype=float32), 'train/loss': Array(0.9858493, dtype=float32), 'validation/accuracy': Array(0.67012, dtype=float32), 'validation/loss': Array(1.3395166, dtype=float32), 'validation/num_examples': 50000, 'test/accuracy': Array(0.5479, dtype=float32), 'test/loss': Array(2.0203118, dtype=float32), 'test/num_examples': 10000, 'score': 20017.984422683716, 'total_duration': 20297.59439754486, 'accumulated_submission_time': 20017.984422683716, 'accumulated_eval_time': 277.8336384296417, 'accumulated_logging_time': 0.9958512783050537}
I0410 09:27:27.225778 140263657809664 logging_writer.py:48] [79257] accumulated_eval_time=277.834, accumulated_logging_time=0.995851, accumulated_submission_time=20018, global_step=79257, preemption_count=0, score=20018, test/accuracy=0.5479000210762024, test/loss=2.0203118324279785, test/num_examples=10000, total_duration=20297.6, train/accuracy=0.7389788031578064, train/loss=0.9858493208885193, validation/accuracy=0.6701200008392334, validation/loss=1.3395166397094727, validation/num_examples=50000
I0410 10:00:43.234306 140478422869184 spec.py:333] Evaluating on the training split.
I0410 10:00:54.642804 140478422869184 spec.py:346] Evaluating on the validation split.
I0410 10:01:03.799985 140478422869184 spec.py:363] Evaluating on the test split.
I0410 10:01:04.682833 140478422869184 submission_runner.py:516] Time since start: 22315.10s, 	Step: 87218, 	{'train/accuracy': Array(0.7549027, dtype=float32), 'train/loss': Array(0.9179315, dtype=float32), 'validation/accuracy': Array(0.66859996, dtype=float32), 'validation/loss': Array(1.3503078, dtype=float32), 'validation/num_examples': 50000, 'test/accuracy': Array(0.536, dtype=float32), 'test/loss': Array(2.0928802, dtype=float32), 'test/num_examples': 10000, 'score': 22013.889330863953, 'total_duration': 22315.09671640396, 'accumulated_submission_time': 22013.889330863953, 'accumulated_eval_time': 299.2798504829407, 'accumulated_logging_time': 1.069845199584961}
I0410 10:01:04.714437 140263649416960 logging_writer.py:48] [87218] accumulated_eval_time=299.28, accumulated_logging_time=1.06985, accumulated_submission_time=22013.9, global_step=87218, preemption_count=0, score=22013.9, test/accuracy=0.5360000133514404, test/loss=2.0928802490234375, test/num_examples=10000, total_duration=22315.1, train/accuracy=0.754902720451355, train/loss=0.9179314970970154, validation/accuracy=0.6685999631881714, validation/loss=1.350307822227478, validation/num_examples=50000
I0410 10:34:20.796261 140478422869184 spec.py:333] Evaluating on the training split.
I0410 10:34:31.724301 140478422869184 spec.py:346] Evaluating on the validation split.
I0410 10:34:41.204950 140478422869184 spec.py:363] Evaluating on the test split.
I0410 10:34:42.093569 140478422869184 submission_runner.py:516] Time since start: 24332.51s, 	Step: 95179, 	{'train/accuracy': Array(0.7427654, dtype=float32), 'train/loss': Array(0.9783516, dtype=float32), 'validation/accuracy': Array(0.66411996, dtype=float32), 'validation/loss': Array(1.3799329, dtype=float32), 'validation/num_examples': 50000, 'test/accuracy': Array(0.5349, dtype=float32), 'test/loss': Array(2.0929315, dtype=float32), 'test/num_examples': 10000, 'score': 24009.846843481064, 'total_duration': 24332.50699877739, 'accumulated_submission_time': 24009.846843481064, 'accumulated_eval_time': 320.57439160346985, 'accumulated_logging_time': 1.1510369777679443}
I0410 10:34:42.120743 140263657809664 logging_writer.py:48] [95179] accumulated_eval_time=320.574, accumulated_logging_time=1.15104, accumulated_submission_time=24009.8, global_step=95179, preemption_count=0, score=24009.8, test/accuracy=0.5349000096321106, test/loss=2.0929315090179443, test/num_examples=10000, total_duration=24332.5, train/accuracy=0.7427654266357422, train/loss=0.9783515930175781, validation/accuracy=0.6641199588775635, validation/loss=1.3799328804016113, validation/num_examples=50000
I0410 11:07:58.297491 140478422869184 spec.py:333] Evaluating on the training split.
I0410 11:08:09.021304 140478422869184 spec.py:346] Evaluating on the validation split.
I0410 11:08:18.542139 140478422869184 spec.py:363] Evaluating on the test split.
I0410 11:08:19.432961 140478422869184 submission_runner.py:516] Time since start: 26349.84s, 	Step: 103139, 	{'train/accuracy': Array(0.7691924, dtype=float32), 'train/loss': Array(0.8545213, dtype=float32), 'validation/accuracy': Array(0.68432, dtype=float32), 'validation/loss': Array(1.2808185, dtype=float32), 'validation/num_examples': 50000, 'test/accuracy': Array(0.55200005, dtype=float32), 'test/loss': Array(1.9904147, dtype=float32), 'test/num_examples': 10000, 'score': 26005.926648139954, 'total_duration': 26349.83984518051, 'accumulated_submission_time': 26005.926648139954, 'accumulated_eval_time': 341.7005457878113, 'accumulated_logging_time': 1.1993076801300049}
I0410 11:08:19.470670 140263649416960 logging_writer.py:48] [103139] accumulated_eval_time=341.701, accumulated_logging_time=1.19931, accumulated_submission_time=26005.9, global_step=103139, preemption_count=0, score=26005.9, test/accuracy=0.5520000457763672, test/loss=1.9904147386550903, test/num_examples=10000, total_duration=26349.8, train/accuracy=0.7691923975944519, train/loss=0.8545212745666504, validation/accuracy=0.6843199729919434, validation/loss=1.2808184623718262, validation/num_examples=50000
I0410 11:41:35.508406 140478422869184 spec.py:333] Evaluating on the training split.
I0410 11:41:46.191437 140478422869184 spec.py:346] Evaluating on the validation split.
I0410 11:41:55.893073 140478422869184 spec.py:363] Evaluating on the test split.
I0410 11:41:56.757591 140478422869184 submission_runner.py:516] Time since start: 28367.17s, 	Step: 111099, 	{'train/accuracy': Array(0.80608255, dtype=float32), 'train/loss': Array(0.7074229, dtype=float32), 'validation/accuracy': Array(0.69918, dtype=float32), 'validation/loss': Array(1.2279983, dtype=float32), 'validation/num_examples': 50000, 'test/accuracy': Array(0.57070005, dtype=float32), 'test/loss': Array(1.9569337, dtype=float32), 'test/num_examples': 10000, 'score': 28001.874282836914, 'total_duration': 28367.17099404335, 'accumulated_submission_time': 28001.874282836914, 'accumulated_eval_time': 362.9469392299652, 'accumulated_logging_time': 1.2517170906066895}
I0410 11:41:56.801383 140263657809664 logging_writer.py:48] [111099] accumulated_eval_time=362.947, accumulated_logging_time=1.25172, accumulated_submission_time=28001.9, global_step=111099, preemption_count=0, score=28001.9, test/accuracy=0.5707000494003296, test/loss=1.9569337368011475, test/num_examples=10000, total_duration=28367.2, train/accuracy=0.806082546710968, train/loss=0.7074229121208191, validation/accuracy=0.699180006980896, validation/loss=1.2279982566833496, validation/num_examples=50000
I0410 12:15:12.758291 140478422869184 spec.py:333] Evaluating on the training split.
I0410 12:15:23.255250 140478422869184 spec.py:346] Evaluating on the validation split.
I0410 12:15:33.122171 140478422869184 spec.py:363] Evaluating on the test split.
I0410 12:15:34.001016 140478422869184 submission_runner.py:516] Time since start: 30384.41s, 	Step: 119058, 	{'train/accuracy': Array(0.7930684, dtype=float32), 'train/loss': Array(0.749232, dtype=float32), 'validation/accuracy': Array(0.69434, dtype=float32), 'validation/loss': Array(1.2353461, dtype=float32), 'validation/num_examples': 50000, 'test/accuracy': Array(0.5698, dtype=float32), 'test/loss': Array(1.9520278, dtype=float32), 'test/num_examples': 10000, 'score': 29997.717395067215, 'total_duration': 30384.41497540474, 'accumulated_submission_time': 29997.717395067215, 'accumulated_eval_time': 384.1874272823334, 'accumulated_logging_time': 1.3337202072143555}
I0410 12:15:34.036227 140263649416960 logging_writer.py:48] [119058] accumulated_eval_time=384.187, accumulated_logging_time=1.33372, accumulated_submission_time=29997.7, global_step=119058, preemption_count=0, score=29997.7, test/accuracy=0.5698000192642212, test/loss=1.9520277976989746, test/num_examples=10000, total_duration=30384.4, train/accuracy=0.7930684089660645, train/loss=0.7492319941520691, validation/accuracy=0.6943399906158447, validation/loss=1.2353460788726807, validation/num_examples=50000
I0410 12:48:50.032594 140478422869184 spec.py:333] Evaluating on the training split.
I0410 12:49:00.390234 140478422869184 spec.py:346] Evaluating on the validation split.
I0410 12:49:10.204536 140478422869184 spec.py:363] Evaluating on the test split.
I0410 12:49:11.092464 140478422869184 submission_runner.py:516] Time since start: 32401.51s, 	Step: 127016, 	{'train/accuracy': Array(0.8206114, dtype=float32), 'train/loss': Array(0.64147806, dtype=float32), 'validation/accuracy': Array(0.71106, dtype=float32), 'validation/loss': Array(1.180084, dtype=float32), 'validation/num_examples': 50000, 'test/accuracy': Array(0.58280003, dtype=float32), 'test/loss': Array(1.8986953, dtype=float32), 'test/num_examples': 10000, 'score': 31993.607453346252, 'total_duration': 32401.506303548813, 'accumulated_submission_time': 31993.607453346252, 'accumulated_eval_time': 405.2449367046356, 'accumulated_logging_time': 1.3989222049713135}
I0410 12:49:11.122770 140263657809664 logging_writer.py:48] [127016] accumulated_eval_time=405.245, accumulated_logging_time=1.39892, accumulated_submission_time=31993.6, global_step=127016, preemption_count=0, score=31993.6, test/accuracy=0.582800030708313, test/loss=1.8986953496932983, test/num_examples=10000, total_duration=32401.5, train/accuracy=0.8206114172935486, train/loss=0.6414780616760254, validation/accuracy=0.7110599875450134, validation/loss=1.180083990097046, validation/num_examples=50000
I0410 13:22:27.131039 140478422869184 spec.py:333] Evaluating on the training split.
I0410 13:22:37.490407 140478422869184 spec.py:346] Evaluating on the validation split.
I0410 13:22:47.460305 140478422869184 spec.py:363] Evaluating on the test split.
I0410 13:22:48.344247 140478422869184 submission_runner.py:516] Time since start: 34418.76s, 	Step: 134975, 	{'train/accuracy': Array(0.85427296, dtype=float32), 'train/loss': Array(0.5058957, dtype=float32), 'validation/accuracy': Array(0.7151, dtype=float32), 'validation/loss': Array(1.1771019, dtype=float32), 'validation/num_examples': 50000, 'test/accuracy': Array(0.58900005, dtype=float32), 'test/loss': Array(1.9317564, dtype=float32), 'test/num_examples': 10000, 'score': 33989.52869224548, 'total_duration': 34418.75774669647, 'accumulated_submission_time': 33989.52869224548, 'accumulated_eval_time': 426.4554419517517, 'accumulated_logging_time': 1.4406359195709229}
I0410 13:22:48.374075 140263649416960 logging_writer.py:48] [134975] accumulated_eval_time=426.455, accumulated_logging_time=1.44064, accumulated_submission_time=33989.5, global_step=134975, preemption_count=0, score=33989.5, test/accuracy=0.5890000462532043, test/loss=1.9317563772201538, test/num_examples=10000, total_duration=34418.8, train/accuracy=0.8542729616165161, train/loss=0.5058956742286682, validation/accuracy=0.7150999903678894, validation/loss=1.1771018505096436, validation/num_examples=50000
I0410 13:56:04.464063 140478422869184 spec.py:333] Evaluating on the training split.
I0410 13:56:14.439266 140478422869184 spec.py:346] Evaluating on the validation split.
I0410 13:56:24.103805 140478422869184 spec.py:363] Evaluating on the test split.
I0410 13:56:24.973618 140478422869184 submission_runner.py:516] Time since start: 36435.39s, 	Step: 142935, 	{'train/accuracy': Array(0.85574776, dtype=float32), 'train/loss': Array(0.50709486, dtype=float32), 'validation/accuracy': Array(0.72077996, dtype=float32), 'validation/loss': Array(1.1442657, dtype=float32), 'validation/num_examples': 50000, 'test/accuracy': Array(0.59510005, dtype=float32), 'test/loss': Array(1.8854024, dtype=float32), 'test/num_examples': 10000, 'score': 35985.533590078354, 'total_duration': 36435.38535141945, 'accumulated_submission_time': 35985.533590078354, 'accumulated_eval_time': 446.96053171157837, 'accumulated_logging_time': 1.481428861618042}
I0410 13:56:25.005124 140263657809664 logging_writer.py:48] [142935] accumulated_eval_time=446.961, accumulated_logging_time=1.48143, accumulated_submission_time=35985.5, global_step=142935, preemption_count=0, score=35985.5, test/accuracy=0.5951000452041626, test/loss=1.8854024410247803, test/num_examples=10000, total_duration=36435.4, train/accuracy=0.8557477593421936, train/loss=0.5070948600769043, validation/accuracy=0.7207799553871155, validation/loss=1.1442656517028809, validation/num_examples=50000
I0410 14:29:41.094533 140478422869184 spec.py:333] Evaluating on the training split.
I0410 14:29:50.768410 140478422869184 spec.py:346] Evaluating on the validation split.
I0410 14:30:00.459369 140478422869184 spec.py:363] Evaluating on the test split.
I0410 14:30:01.343065 140478422869184 submission_runner.py:516] Time since start: 38451.76s, 	Step: 150894, 	{'train/accuracy': Array(0.87671393, dtype=float32), 'train/loss': Array(0.41949546, dtype=float32), 'validation/accuracy': Array(0.72936, dtype=float32), 'validation/loss': Array(1.1320126, dtype=float32), 'validation/num_examples': 50000, 'test/accuracy': Array(0.59250003, dtype=float32), 'test/loss': Array(1.9063056, dtype=float32), 'test/num_examples': 10000, 'score': 37981.53634643555, 'total_duration': 38451.75622367859, 'accumulated_submission_time': 37981.53634643555, 'accumulated_eval_time': 467.20602345466614, 'accumulated_logging_time': 1.52486252784729}
I0410 14:30:01.377971 140263649416960 logging_writer.py:48] [150894] accumulated_eval_time=467.206, accumulated_logging_time=1.52486, accumulated_submission_time=37981.5, global_step=150894, preemption_count=0, score=37981.5, test/accuracy=0.5925000309944153, test/loss=1.9063055515289307, test/num_examples=10000, total_duration=38451.8, train/accuracy=0.8767139315605164, train/loss=0.41949546337127686, validation/accuracy=0.7293599843978882, validation/loss=1.1320126056671143, validation/num_examples=50000
I0410 15:03:17.403576 140478422869184 spec.py:333] Evaluating on the training split.
I0410 15:03:27.055512 140478422869184 spec.py:346] Evaluating on the validation split.
I0410 15:03:36.444816 140478422869184 spec.py:363] Evaluating on the test split.
I0410 15:03:37.323050 140478422869184 submission_runner.py:516] Time since start: 40467.73s, 	Step: 158853, 	{'train/accuracy': Array(0.9189851, dtype=float32), 'train/loss': Array(0.28372115, dtype=float32), 'validation/accuracy': Array(0.73491997, dtype=float32), 'validation/loss': Array(1.1164565, dtype=float32), 'validation/num_examples': 50000, 'test/accuracy': Array(0.60090005, dtype=float32), 'test/loss': Array(1.903173, dtype=float32), 'test/num_examples': 10000, 'score': 39977.47673869133, 'total_duration': 40467.73360347748, 'accumulated_submission_time': 39977.47673869133, 'accumulated_eval_time': 487.11985063552856, 'accumulated_logging_time': 1.5699574947357178}
I0410 15:03:37.354237 140263657809664 logging_writer.py:48] [158853] accumulated_eval_time=487.12, accumulated_logging_time=1.56996, accumulated_submission_time=39977.5, global_step=158853, preemption_count=0, score=39977.5, test/accuracy=0.6009000539779663, test/loss=1.9031729698181152, test/num_examples=10000, total_duration=40467.7, train/accuracy=0.91898512840271, train/loss=0.2837211489677429, validation/accuracy=0.7349199652671814, validation/loss=1.1164565086364746, validation/num_examples=50000
I0410 15:36:53.390280 140478422869184 spec.py:333] Evaluating on the training split.
I0410 15:37:04.119074 140478422869184 spec.py:346] Evaluating on the validation split.
I0410 15:37:13.577723 140478422869184 spec.py:363] Evaluating on the test split.
I0410 15:37:14.453888 140478422869184 submission_runner.py:516] Time since start: 42484.87s, 	Step: 166814, 	{'train/accuracy': Array(0.9317403, dtype=float32), 'train/loss': Array(0.23610814, dtype=float32), 'validation/accuracy': Array(0.7402, dtype=float32), 'validation/loss': Array(1.1205771, dtype=float32), 'validation/num_examples': 50000, 'test/accuracy': Array(0.6086, dtype=float32), 'test/loss': Array(1.909665, dtype=float32), 'test/num_examples': 10000, 'score': 41973.425438165665, 'total_duration': 42484.86729812622, 'accumulated_submission_time': 41973.425438165665, 'accumulated_eval_time': 508.18067169189453, 'accumulated_logging_time': 1.614267349243164}
I0410 15:37:14.481532 140263649416960 logging_writer.py:48] [166814] accumulated_eval_time=508.181, accumulated_logging_time=1.61427, accumulated_submission_time=41973.4, global_step=166814, preemption_count=0, score=41973.4, test/accuracy=0.6086000204086304, test/loss=1.9096649885177612, test/num_examples=10000, total_duration=42484.9, train/accuracy=0.9317402839660645, train/loss=0.23610813915729523, validation/accuracy=0.7401999831199646, validation/loss=1.120577096939087, validation/num_examples=50000
I0410 16:10:30.483291 140478422869184 spec.py:333] Evaluating on the training split.
I0410 16:10:40.623212 140478422869184 spec.py:346] Evaluating on the validation split.
I0410 16:11:06.325872 140478422869184 spec.py:363] Evaluating on the test split.
I0410 16:11:07.216231 140478422869184 submission_runner.py:516] Time since start: 44517.63s, 	Step: 174774, 	{'train/accuracy': Array(0.94955754, dtype=float32), 'train/loss': Array(0.17827857, dtype=float32), 'validation/accuracy': Array(0.74483997, dtype=float32), 'validation/loss': Array(1.1138217, dtype=float32), 'validation/num_examples': 50000, 'test/accuracy': Array(0.6204, dtype=float32), 'test/loss': Array(1.887739, dtype=float32), 'test/num_examples': 10000, 'score': 43969.3411693573, 'total_duration': 44517.63008952141, 'accumulated_submission_time': 43969.3411693573, 'accumulated_eval_time': 544.9112703800201, 'accumulated_logging_time': 1.652979850769043}
I0410 16:11:07.244382 140263657809664 logging_writer.py:48] [174774] accumulated_eval_time=544.911, accumulated_logging_time=1.65298, accumulated_submission_time=43969.3, global_step=174774, preemption_count=0, score=43969.3, test/accuracy=0.6204000115394592, test/loss=1.8877389430999756, test/num_examples=10000, total_duration=44517.6, train/accuracy=0.9495575428009033, train/loss=0.17827856540679932, validation/accuracy=0.7448399662971497, validation/loss=1.1138217449188232, validation/num_examples=50000
I0410 16:44:23.418804 140478422869184 spec.py:333] Evaluating on the training split.
I0410 16:44:34.493581 140478422869184 spec.py:346] Evaluating on the validation split.
I0410 16:44:46.753736 140478422869184 spec.py:363] Evaluating on the test split.
I0410 16:44:47.657525 140478422869184 submission_runner.py:516] Time since start: 46538.07s, 	Step: 182732, 	{'train/accuracy': Array(0.967594, dtype=float32), 'train/loss': Array(0.12679902, dtype=float32), 'validation/accuracy': Array(0.74678, dtype=float32), 'validation/loss': Array(1.1040903, dtype=float32), 'validation/num_examples': 50000, 'test/accuracy': Array(0.62390006, dtype=float32), 'test/loss': Array(1.8964751, dtype=float32), 'test/num_examples': 10000, 'score': 45965.36912584305, 'total_duration': 46538.06542134285, 'accumulated_submission_time': 45965.36912584305, 'accumulated_eval_time': 569.1416881084442, 'accumulated_logging_time': 1.753542184829712}
I0410 16:44:47.693659 140263649416960 logging_writer.py:48] [182732] accumulated_eval_time=569.142, accumulated_logging_time=1.75354, accumulated_submission_time=45965.4, global_step=182732, preemption_count=0, score=45965.4, test/accuracy=0.6239000558853149, test/loss=1.896475076675415, test/num_examples=10000, total_duration=46538.1, train/accuracy=0.9675940275192261, train/loss=0.12679901719093323, validation/accuracy=0.7467799782752991, validation/loss=1.1040903329849243, validation/num_examples=50000
I0410 17:18:03.883439 140478422869184 spec.py:333] Evaluating on the training split.
I0410 17:18:14.444951 140478422869184 spec.py:346] Evaluating on the validation split.
I0410 17:18:44.474502 140478422869184 spec.py:363] Evaluating on the test split.
I0410 17:18:46.047619 140478422869184 submission_runner.py:516] Time since start: 48576.22s, 	Step: 190603, 	{'train/accuracy': Array(0.9691685, dtype=float32), 'train/loss': Array(0.12092436, dtype=float32), 'validation/accuracy': Array(0.74992, dtype=float32), 'validation/loss': Array(1.0985006, dtype=float32), 'validation/num_examples': 50000, 'test/accuracy': Array(0.6272, dtype=float32), 'test/loss': Array(1.889957, dtype=float32), 'test/num_examples': 10000, 'score': 47961.404836177826, 'total_duration': 48576.22044110298, 'accumulated_submission_time': 47961.404836177826, 'accumulated_eval_time': 611.0893883705139, 'accumulated_logging_time': 1.7993903160095215}
I0410 17:18:47.839267 140263657809664 logging_writer.py:48] [190603] accumulated_eval_time=611.089, accumulated_logging_time=1.79939, accumulated_submission_time=47961.4, global_step=190603, preemption_count=0, score=47961.4, test/accuracy=0.6272000074386597, test/loss=1.8899569511413574, test/num_examples=10000, total_duration=48576.2, train/accuracy=0.969168484210968, train/loss=0.12092436105012894, validation/accuracy=0.7499200105667114, validation/loss=1.0985006093978882, validation/num_examples=50000
I0410 17:52:02.071792 140478422869184 spec.py:333] Evaluating on the training split.
I0410 17:52:08.687406 140478422869184 spec.py:346] Evaluating on the validation split.
I0410 17:52:19.541709 140478422869184 spec.py:363] Evaluating on the test split.
I0410 17:52:21.032605 140478422869184 submission_runner.py:516] Time since start: 50591.23s, 	Step: 198292, 	{'train/accuracy': Array(0.9685108, dtype=float32), 'train/loss': Array(0.11941165, dtype=float32), 'validation/accuracy': Array(0.74996, dtype=float32), 'validation/loss': Array(1.0978721, dtype=float32), 'validation/num_examples': 50000, 'test/accuracy': Array(0.6279, dtype=float32), 'test/loss': Array(1.8888528, dtype=float32), 'test/num_examples': 10000, 'score': 49954.61837434769, 'total_duration': 50591.23228740692, 'accumulated_submission_time': 49954.61837434769, 'accumulated_eval_time': 629.8428354263306, 'accumulated_logging_time': 4.5098865032196045}
I0410 17:52:22.554847 140263649416960 logging_writer.py:48] [198292] accumulated_eval_time=629.843, accumulated_logging_time=4.50989, accumulated_submission_time=49954.6, global_step=198292, preemption_count=0, score=49954.6, test/accuracy=0.6279000043869019, test/loss=1.888852834701538, test/num_examples=10000, total_duration=50591.2, train/accuracy=0.9685108065605164, train/loss=0.1194116473197937, validation/accuracy=0.7499600052833557, validation/loss=1.0978721380233765, validation/num_examples=50000
I0410 18:25:37.095421 140478422869184 spec.py:333] Evaluating on the training split.
I0410 18:25:45.797418 140478422869184 spec.py:346] Evaluating on the validation split.
I0410 18:25:58.142187 140478422869184 spec.py:363] Evaluating on the test split.
I0410 18:25:59.651531 140478422869184 submission_runner.py:516] Time since start: 52609.78s, 	Step: 205161, 	{'train/accuracy': Array(0.9697066, dtype=float32), 'train/loss': Array(0.11881189, dtype=float32), 'validation/accuracy': Array(0.75005996, dtype=float32), 'validation/loss': Array(1.097668, dtype=float32), 'validation/num_examples': 50000, 'test/accuracy': Array(0.62710005, dtype=float32), 'test/loss': Array(1.8905774, dtype=float32), 'test/num_examples': 10000, 'score': 51947.950645685196, 'total_duration': 52609.78273844719, 'accumulated_submission_time': 51947.950645685196, 'accumulated_eval_time': 652.1416296958923, 'accumulated_logging_time': 7.111559629440308}
I0410 18:26:01.152117 140263657809664 logging_writer.py:48] [205161] accumulated_eval_time=652.142, accumulated_logging_time=7.11156, accumulated_submission_time=51948, global_step=205161, preemption_count=0, score=51948, test/accuracy=0.6271000504493713, test/loss=1.8905774354934692, test/num_examples=10000, total_duration=52609.8, train/accuracy=0.9697065949440002, train/loss=0.11881189048290253, validation/accuracy=0.750059962272644, validation/loss=1.0976680517196655, validation/num_examples=50000
I0410 18:59:15.581209 140478422869184 spec.py:333] Evaluating on the training split.
I0410 18:59:22.265945 140478422869184 spec.py:346] Evaluating on the validation split.
I0410 18:59:53.550354 140478422869184 spec.py:363] Evaluating on the test split.
I0410 18:59:54.991555 140478422869184 submission_runner.py:516] Time since start: 54645.20s, 	Step: 211307, 	{'train/accuracy': Array(0.9707629, dtype=float32), 'train/loss': Array(0.11760814, dtype=float32), 'validation/accuracy': Array(0.74983996, dtype=float32), 'validation/loss': Array(1.0992903, dtype=float32), 'validation/num_examples': 50000, 'test/accuracy': Array(0.62770003, dtype=float32), 'test/loss': Array(1.8909498, dtype=float32), 'test/num_examples': 10000, 'score': 53941.41418623924, 'total_duration': 54645.20245742798, 'accumulated_submission_time': 53941.41418623924, 'accumulated_eval_time': 691.3613419532776, 'accumulated_logging_time': 9.474154949188232}
I0410 18:59:56.383533 140263649416960 logging_writer.py:48] [211307] accumulated_eval_time=691.361, accumulated_logging_time=9.47415, accumulated_submission_time=53941.4, global_step=211307, preemption_count=0, score=53941.4, test/accuracy=0.6277000308036804, test/loss=1.8909498453140259, test/num_examples=10000, total_duration=54645.2, train/accuracy=0.9707629084587097, train/loss=0.11760814487934113, validation/accuracy=0.7498399615287781, validation/loss=1.0992902517318726, validation/num_examples=50000
I0410 19:33:11.157825 140478422869184 spec.py:333] Evaluating on the training split.
I0410 19:33:19.757486 140478422869184 spec.py:346] Evaluating on the validation split.
I0410 19:33:48.801958 140478422869184 spec.py:363] Evaluating on the test split.
I0410 19:33:50.354523 140478422869184 submission_runner.py:516] Time since start: 56680.49s, 	Step: 217656, 	{'train/accuracy': Array(0.9693279, dtype=float32), 'train/loss': Array(0.11945907, dtype=float32), 'validation/accuracy': Array(0.74982, dtype=float32), 'validation/loss': Array(1.0974617, dtype=float32), 'validation/num_examples': 50000, 'test/accuracy': Array(0.62700003, dtype=float32), 'test/loss': Array(1.8901639, dtype=float32), 'test/num_examples': 10000, 'score': 55935.11206698418, 'total_duration': 56680.492520570755, 'accumulated_submission_time': 55935.11206698418, 'accumulated_eval_time': 730.3194406032562, 'accumulated_logging_time': 11.804248809814453}
I0410 19:33:51.738559 140263657809664 logging_writer.py:48] [217656] accumulated_eval_time=730.319, accumulated_logging_time=11.8042, accumulated_submission_time=55935.1, global_step=217656, preemption_count=0, score=55935.1, test/accuracy=0.6270000338554382, test/loss=1.8901638984680176, test/num_examples=10000, total_duration=56680.5, train/accuracy=0.9693279266357422, train/loss=0.11945907026529312, validation/accuracy=0.7498199939727783, validation/loss=1.0974617004394531, validation/num_examples=50000
I0410 20:07:06.433590 140478422869184 spec.py:333] Evaluating on the training split.
I0410 20:07:15.111826 140478422869184 spec.py:346] Evaluating on the validation split.
I0410 20:07:25.599888 140478422869184 spec.py:363] Evaluating on the test split.
I0410 20:07:26.907819 140478422869184 submission_runner.py:516] Time since start: 58697.11s, 	Step: 223578, 	{'train/accuracy': Array(0.9697664, dtype=float32), 'train/loss': Array(0.11825821, dtype=float32), 'validation/accuracy': Array(0.75008, dtype=float32), 'validation/loss': Array(1.0984035, dtype=float32), 'validation/num_examples': 50000, 'test/accuracy': Array(0.6266, dtype=float32), 'test/loss': Array(1.8894335, dtype=float32), 'test/num_examples': 10000, 'score': 57928.78330922127, 'total_duration': 58697.114565849304, 'accumulated_submission_time': 57928.78330922127, 'accumulated_eval_time': 750.6127452850342, 'accumulated_logging_time': 14.095124959945679}
I0410 20:07:28.358962 140263649416960 logging_writer.py:48] [223578] accumulated_eval_time=750.613, accumulated_logging_time=14.0951, accumulated_submission_time=57928.8, global_step=223578, preemption_count=0, score=57928.8, test/accuracy=0.6266000270843506, test/loss=1.88943350315094, test/num_examples=10000, total_duration=58697.1, train/accuracy=0.96976637840271, train/loss=0.11825820803642273, validation/accuracy=0.7500799894332886, validation/loss=1.0984034538269043, validation/num_examples=50000
I0410 20:40:42.760684 140478422869184 spec.py:333] Evaluating on the training split.
I0410 20:40:51.376233 140478422869184 spec.py:346] Evaluating on the validation split.
I0410 20:41:22.939766 140478422869184 spec.py:363] Evaluating on the test split.
I0410 20:41:24.280238 140478422869184 submission_runner.py:516] Time since start: 60734.49s, 	Step: 229512, 	{'train/accuracy': Array(0.9697664, dtype=float32), 'train/loss': Array(0.11902403, dtype=float32), 'validation/accuracy': Array(0.75031996, dtype=float32), 'validation/loss': Array(1.0978223, dtype=float32), 'validation/num_examples': 50000, 'test/accuracy': Array(0.62700003, dtype=float32), 'test/loss': Array(1.8886616, dtype=float32), 'test/num_examples': 10000, 'score': 59922.17208194733, 'total_duration': 60734.48533439636, 'accumulated_submission_time': 59922.17208194733, 'accumulated_eval_time': 791.9212107658386, 'accumulated_logging_time': 16.482699155807495}
I0410 20:41:25.896690 140263657809664 logging_writer.py:48] [229512] accumulated_eval_time=791.921, accumulated_logging_time=16.4827, accumulated_submission_time=59922.2, global_step=229512, preemption_count=0, score=59922.2, test/accuracy=0.6270000338554382, test/loss=1.8886616230010986, test/num_examples=10000, total_duration=60734.5, train/accuracy=0.96976637840271, train/loss=0.11902403086423874, validation/accuracy=0.7503199577331543, validation/loss=1.0978223085403442, validation/num_examples=50000
I0410 21:14:40.267088 140478422869184 spec.py:333] Evaluating on the training split.
I0410 21:14:48.897690 140478422869184 spec.py:346] Evaluating on the validation split.
I0410 21:15:20.079402 140478422869184 spec.py:363] Evaluating on the test split.
I0410 21:15:21.476382 140478422869184 submission_runner.py:516] Time since start: 62771.64s, 	Step: 235504, 	{'train/accuracy': Array(0.97020483, dtype=float32), 'train/loss': Array(0.1200166, dtype=float32), 'validation/accuracy': Array(0.75005996, dtype=float32), 'validation/loss': Array(1.0979017, dtype=float32), 'validation/num_examples': 50000, 'test/accuracy': Array(0.62710005, dtype=float32), 'test/loss': Array(1.8897645, dtype=float32), 'test/num_examples': 10000, 'score': 61915.388159275055, 'total_duration': 62771.64018368721, 'accumulated_submission_time': 61915.388159275055, 'accumulated_eval_time': 832.8781266212463, 'accumulated_logging_time': 19.144307613372803}
I0410 21:15:23.010908 140263649416960 logging_writer.py:48] [235504] accumulated_eval_time=832.878, accumulated_logging_time=19.1443, accumulated_submission_time=61915.4, global_step=235504, preemption_count=0, score=61915.4, test/accuracy=0.6271000504493713, test/loss=1.8897645473480225, test/num_examples=10000, total_duration=62771.6, train/accuracy=0.9702048301696777, train/loss=0.12001660466194153, validation/accuracy=0.750059962272644, validation/loss=1.097901701927185, validation/num_examples=50000
I0410 21:48:37.351687 140478422869184 spec.py:333] Evaluating on the training split.
I0410 21:48:46.027374 140478422869184 spec.py:346] Evaluating on the validation split.
I0410 21:49:17.842350 140478422869184 spec.py:363] Evaluating on the test split.
I0410 21:49:19.378898 140478422869184 submission_runner.py:516] Time since start: 64809.56s, 	Step: 241459, 	{'train/accuracy': Array(0.9691087, dtype=float32), 'train/loss': Array(0.11825474, dtype=float32), 'validation/accuracy': Array(0.74982, dtype=float32), 'validation/loss': Array(1.0981123, dtype=float32), 'validation/num_examples': 50000, 'test/accuracy': Array(0.62780005, dtype=float32), 'test/loss': Array(1.887871, dtype=float32), 'test/num_examples': 10000, 'score': 63908.63547515869, 'total_duration': 64809.56034874916, 'accumulated_submission_time': 63908.63547515869, 'accumulated_eval_time': 874.690714597702, 'accumulated_logging_time': 21.66160297393799}
I0410 21:49:20.831137 140263657809664 logging_writer.py:48] [241459] accumulated_eval_time=874.691, accumulated_logging_time=21.6616, accumulated_submission_time=63908.6, global_step=241459, preemption_count=0, score=63908.6, test/accuracy=0.6278000473976135, test/loss=1.8878710269927979, test/num_examples=10000, total_duration=64809.6, train/accuracy=0.9691087007522583, train/loss=0.11825474351644516, validation/accuracy=0.7498199939727783, validation/loss=1.0981123447418213, validation/num_examples=50000
I0410 22:22:35.256302 140478422869184 spec.py:333] Evaluating on the training split.
I0410 22:22:45.297633 140478422869184 spec.py:346] Evaluating on the validation split.
I0410 22:23:29.269358 140478422869184 spec.py:363] Evaluating on the test split.
I0410 22:23:30.750346 140478422869184 submission_runner.py:516] Time since start: 66860.90s, 	Step: 247460, 	{'train/accuracy': Array(0.9694077, dtype=float32), 'train/loss': Array(0.1199532, dtype=float32), 'validation/accuracy': Array(0.7502, dtype=float32), 'validation/loss': Array(1.0976402, dtype=float32), 'validation/num_examples': 50000, 'test/accuracy': Array(0.62740004, dtype=float32), 'test/loss': Array(1.8900833, dtype=float32), 'test/num_examples': 10000, 'score': 65901.92746448517, 'total_duration': 66860.90239024162, 'accumulated_submission_time': 65901.92746448517, 'accumulated_eval_time': 929.9424798488617, 'accumulated_logging_time': 24.144380569458008}
I0410 22:23:32.276195 140263649416960 logging_writer.py:48] [247460] accumulated_eval_time=929.942, accumulated_logging_time=24.1444, accumulated_submission_time=65901.9, global_step=247460, preemption_count=0, score=65901.9, test/accuracy=0.6274000406265259, test/loss=1.8900833129882812, test/num_examples=10000, total_duration=66860.9, train/accuracy=0.9694076776504517, train/loss=0.1199532002210617, validation/accuracy=0.7501999735832214, validation/loss=1.0976401567459106, validation/num_examples=50000
I0410 22:56:46.629650 140478422869184 spec.py:333] Evaluating on the training split.
I0410 22:56:55.210039 140478422869184 spec.py:346] Evaluating on the validation split.
I0410 22:57:27.244412 140478422869184 spec.py:363] Evaluating on the test split.
I0410 22:57:28.698795 140478422869184 submission_runner.py:516] Time since start: 68898.84s, 	Step: 253442, 	{'train/accuracy': Array(0.96781325, dtype=float32), 'train/loss': Array(0.12331416, dtype=float32), 'validation/accuracy': Array(0.74987996, dtype=float32), 'validation/loss': Array(1.0987111, dtype=float32), 'validation/num_examples': 50000, 'test/accuracy': Array(0.62780005, dtype=float32), 'test/loss': Array(1.889529, dtype=float32), 'test/num_examples': 10000, 'score': 67895.15686488152, 'total_duration': 68898.8428413868, 'accumulated_submission_time': 67895.15686488152, 'accumulated_eval_time': 971.7708714008331, 'accumulated_logging_time': 26.683712482452393}
I0410 22:57:30.181277 140263657809664 logging_writer.py:48] [253442] accumulated_eval_time=971.771, accumulated_logging_time=26.6837, accumulated_submission_time=67895.2, global_step=253442, preemption_count=0, score=67895.2, test/accuracy=0.6278000473976135, test/loss=1.8895289897918701, test/num_examples=10000, total_duration=68898.8, train/accuracy=0.96781325340271, train/loss=0.12331416457891464, validation/accuracy=0.7498799562454224, validation/loss=1.0987111330032349, validation/num_examples=50000
I0410 23:30:44.748239 140478422869184 spec.py:333] Evaluating on the training split.
I0410 23:30:53.595968 140478422869184 spec.py:346] Evaluating on the validation split.
I0410 23:31:39.348364 140478422869184 spec.py:363] Evaluating on the test split.
I0410 23:31:40.780317 140478422869184 submission_runner.py:516] Time since start: 70951.02s, 	Step: 259442, 	{'train/accuracy': Array(0.9690489, dtype=float32), 'train/loss': Array(0.12003204, dtype=float32), 'validation/accuracy': Array(0.7495, dtype=float32), 'validation/loss': Array(1.0984191, dtype=float32), 'validation/num_examples': 50000, 'test/accuracy': Array(0.6272, dtype=float32), 'test/loss': Array(1.8883694, dtype=float32), 'test/num_examples': 10000, 'score': 69888.72479963303, 'total_duration': 70951.0245821476, 'accumulated_submission_time': 69888.72479963303, 'accumulated_eval_time': 1027.658064365387, 'accumulated_logging_time': 29.05229163169861}
I0410 23:31:42.298316 140263649416960 logging_writer.py:48] [259442] accumulated_eval_time=1027.66, accumulated_logging_time=29.0523, accumulated_submission_time=69888.7, global_step=259442, preemption_count=0, score=69888.7, test/accuracy=0.6272000074386597, test/loss=1.8883694410324097, test/num_examples=10000, total_duration=70951, train/accuracy=0.9690489172935486, train/loss=0.12003204226493835, validation/accuracy=0.7494999766349792, validation/loss=1.0984190702438354, validation/num_examples=50000
I0411 00:04:56.785109 140478422869184 spec.py:333] Evaluating on the training split.
I0411 00:05:05.561302 140478422869184 spec.py:346] Evaluating on the validation split.
I0411 00:05:37.299307 140478422869184 spec.py:363] Evaluating on the test split.
I0411 00:05:38.758202 140478422869184 submission_runner.py:516] Time since start: 72988.92s, 	Step: 265439, 	{'train/accuracy': Array(0.9687101, dtype=float32), 'train/loss': Array(0.11987995, dtype=float32), 'validation/accuracy': Array(0.75001997, dtype=float32), 'validation/loss': Array(1.098938, dtype=float32), 'validation/num_examples': 50000, 'test/accuracy': Array(0.62850004, dtype=float32), 'test/loss': Array(1.8901464, dtype=float32), 'test/num_examples': 10000, 'score': 71882.06191658974, 'total_duration': 72988.92470860481, 'accumulated_submission_time': 71882.06191658974, 'accumulated_eval_time': 1069.4135127067566, 'accumulated_logging_time': 31.583200693130493}
I0411 00:05:40.053100 140263657809664 logging_writer.py:48] [265439] accumulated_eval_time=1069.41, accumulated_logging_time=31.5832, accumulated_submission_time=71882.1, global_step=265439, preemption_count=0, score=71882.1, test/accuracy=0.6285000443458557, test/loss=1.8901463747024536, test/num_examples=10000, total_duration=72988.9, train/accuracy=0.9687101244926453, train/loss=0.11987995356321335, validation/accuracy=0.7500199675559998, validation/loss=1.09893798828125, validation/num_examples=50000
I0411 00:38:54.736210 140478422869184 spec.py:333] Evaluating on the training split.
I0411 00:39:03.834315 140478422869184 spec.py:346] Evaluating on the validation split.
I0411 00:39:33.892458 140478422869184 spec.py:363] Evaluating on the test split.
I0411 00:39:35.281464 140478422869184 submission_runner.py:516] Time since start: 75025.51s, 	Step: 271404, 	{'train/accuracy': Array(0.96960694, dtype=float32), 'train/loss': Array(0.12035169, dtype=float32), 'validation/accuracy': Array(0.75009996, dtype=float32), 'validation/loss': Array(1.0974519, dtype=float32), 'validation/num_examples': 50000, 'test/accuracy': Array(0.628, dtype=float32), 'test/loss': Array(1.8899025, dtype=float32), 'test/num_examples': 10000, 'score': 73875.67777013779, 'total_duration': 75025.507543087, 'accumulated_submission_time': 73875.67777013779, 'accumulated_eval_time': 1109.7832889556885, 'accumulated_logging_time': 33.84832572937012}
I0411 00:39:36.780184 140263649416960 logging_writer.py:48] [271404] accumulated_eval_time=1109.78, accumulated_logging_time=33.8483, accumulated_submission_time=73875.7, global_step=271404, preemption_count=0, score=73875.7, test/accuracy=0.628000020980835, test/loss=1.8899024724960327, test/num_examples=10000, total_duration=75025.5, train/accuracy=0.9696069359779358, train/loss=0.12035169452428818, validation/accuracy=0.7500999569892883, validation/loss=1.09745192527771, validation/num_examples=50000
I0411 01:12:53.691614 140263657809664 logging_writer.py:48] [277293] global_step=277293, preemption_count=0, score=75869.1
I0411 01:12:55.656926 140478422869184 submission_runner.py:857] Final imagenet_resnet score: 75869.12814617157
