python submission_runner.py --framework=jax --workload=finewebedu_lm --submission_path=submissions_algorithms/submissions/self_tuning/nadamw/submission.py --data_dir=/data/fineweb_edu_10B --experiment_dir=/experiment_runs --experiment_name=submissions_a100/nadamw/study_0 --overwrite=True --save_checkpoints=False --rng_seed=-1544629853 --tuning_ruleset=self 2>&1 | tee -a /logs/finewebedu_lm_jax_04-10-2026-20-26-53.log
2026-04-10 20:27:08.016248: E external/local_xla/xla/stream_executor/cuda/cuda_fft.cc:467] Unable to register cuFFT factory: Attempting to register factory for plugin cuFFT when one has already been registered
WARNING: All log messages before absl::InitializeLog() is called are written to STDERR
E0000 00:00:1775852828.737662       9 cuda_dnn.cc:8579] Unable to register cuDNN factory: Attempting to register factory for plugin cuDNN when one has already been registered
E0000 00:00:1775852829.024595       9 cuda_blas.cc:1407] Unable to register cuBLAS factory: Attempting to register factory for plugin cuBLAS when one has already been registered
W0000 00:00:1775852830.925246       9 computation_placer.cc:177] computation placer already registered. Please check linkage and avoid linking the same target more than once.
W0000 00:00:1775852830.925296       9 computation_placer.cc:177] computation placer already registered. Please check linkage and avoid linking the same target more than once.
W0000 00:00:1775852830.925299       9 computation_placer.cc:177] computation placer already registered. Please check linkage and avoid linking the same target more than once.
W0000 00:00:1775852830.925301       9 computation_placer.cc:177] computation placer already registered. Please check linkage and avoid linking the same target more than once.
/usr/local/lib/python3.11/site-packages/torch/__init__.py:1617: UserWarning: Please use the new API settings to control TF32 behavior, such as torch.backends.cudnn.conv.fp32_precision = 'tf32' or torch.backends.cuda.matmul.fp32_precision = 'ieee'. Old settings, e.g, torch.backends.cuda.matmul.allow_tf32 = True, torch.backends.cudnn.allow_tf32 = True, allowTF32CuDNN() and allowTF32CuBLAS() will be deprecated after Pytorch 2.9. Please see https://pytorch.org/docs/main/notes/cuda.html#tensorfloat-32-tf32-on-ampere-and-later-devices (Triggered internally at /pytorch/aten/src/ATen/Context.cpp:80.)
  _C._set_float32_matmul_precision(precision)
/usr/local/lib/python3.11/site-packages/pydantic/_internal/_generate_schema.py:2249: UnsupportedFieldAttributeWarning: The 'repr' attribute with value False was provided to the `Field()` function, which has no effect in the context it was used. 'repr' is field-specific metadata, and can only be attached to a model field using `Annotated` metadata or by assignment. This may have happened because an `Annotated` type alias using the `type` statement was used, or if the `Field()` function was attached to a single member of a union type.
  warnings.warn(
/usr/local/lib/python3.11/site-packages/pydantic/_internal/_generate_schema.py:2249: UnsupportedFieldAttributeWarning: The 'frozen' attribute with value True was provided to the `Field()` function, which has no effect in the context it was used. 'frozen' is field-specific metadata, and can only be attached to a model field using `Annotated` metadata or by assignment. This may have happened because an `Annotated` type alias using the `type` statement was used, or if the `Field()` function was attached to a single member of a union type.
  warnings.warn(
I0410 20:27:54.434439 140244704462016 logger_utils.py:59] Removing existing experiment directory /experiment_runs/submissions_a100/nadamw/study_0/finewebedu_lm_jax because --overwrite was set.
I0410 20:27:54.440000 140244704462016 logger_utils.py:84] Creating experiment directory at /experiment_runs/submissions_a100/nadamw/study_0/finewebedu_lm_jax.
INFO:2026-04-10 20:28:01,787:jax._src.xla_bridge:830: Unable to initialize backend 'tpu': INTERNAL: Failed to open libtpu.so: libtpu.so: cannot open shared object file: No such file or directory
I0410 20:28:01.787831 140244704462016 xla_bridge.py:830] Unable to initialize backend 'tpu': INTERNAL: Failed to open libtpu.so: libtpu.so: cannot open shared object file: No such file or directory
I0410 20:28:06.239150 140244704462016 submission_runner.py:741] Creating directory at /experiment_runs/submissions_a100/nadamw/study_0/finewebedu_lm_jax/trial_1.
I0410 20:28:06.794739 140244704462016 submission_runner.py:242] Initializing dataset.
I0410 20:28:08.592206 140244704462016 submission_runner.py:251] Initializing model.
I0410 20:28:54.752157 140244704462016 submission_runner.py:294] Initializing optimizer.
I0410 20:28:55.139793 140244704462016 submission_runner.py:299] Initializing metrics bundle.
I0410 20:28:55.140074 140244704462016 submission_runner.py:321] Initializing checkpoint and logger.
I0410 20:28:55.153548 140244704462016 checkpoints.py:1098] Found no checkpoint files in /experiment_runs/submissions_a100/nadamw/study_0/finewebedu_lm_jax/trial_1 with prefix checkpoint_
I0410 20:28:55.153685 140244704462016 submission_runner.py:344] Saving meta data to /experiment_runs/submissions_a100/nadamw/study_0/finewebedu_lm_jax/trial_1/meta_data_0.json.
I0410 20:28:55.153927 140244704462016 logger_utils.py:283] Unable to record workload.train_mean information. Continuing without it.
I0410 20:28:55.153993 140244704462016 logger_utils.py:283] Unable to record workload.train_stddev information. Continuing without it.
I0410 20:28:55.565953 140244704462016 submission_runner.py:348] Saving flags to /experiment_runs/submissions_a100/nadamw/study_0/finewebedu_lm_jax/trial_1/flags_0.json.
I0410 20:28:55.587541 140244704462016 submission_runner.py:359] Starting training loop.
I0410 20:29:20.374557 140244704462016 spec.py:333] Evaluating on the training split.
I0410 20:29:53.828062 140244704462016 spec.py:346] Evaluating on the validation split.
I0410 20:34:52.166449 140244704462016 spec.py:363] Evaluating on the test split.
I0410 20:34:52.166854 140244704462016 submission_runner.py:516] Time since start: 356.58s, 	Step: 1, 	{'train/loss': 11.028724670410156, 'train/ppl': 61618.94619976116, 'validation/loss': 11.029095649719238, 'validation/ppl': 61641.80979454679, 'validation/num_examples': 100000, 'test/loss': 0.0, 'test/ppl': 1.0, 'test/num_examples': 0, 'score': 24.786927700042725, 'total_duration': 356.5792586803436, 'accumulated_submission_time': 24.786927700042725, 'accumulated_eval_time': 331.7922477722168, 'accumulated_logging_time': 0}
I0410 20:34:52.306737 140071960446720 logging_writer.py:48] [1] accumulated_eval_time=331.792, accumulated_logging_time=0, accumulated_submission_time=24.7869, global_step=1, preemption_count=0, score=24.7869, test/loss=0, test/num_examples=0, test/ppl=1, total_duration=356.579, train/loss=11.0287, train/ppl=61618.9, validation/loss=11.0291, validation/num_examples=100000, validation/ppl=61641.8
I0410 21:17:43.550627 140244704462016 spec.py:333] Evaluating on the training split.
I0410 21:18:15.832644 140244704462016 spec.py:346] Evaluating on the validation split.
I0410 21:23:14.040597 140244704462016 spec.py:363] Evaluating on the test split.
I0410 21:23:14.041069 140244704462016 submission_runner.py:516] Time since start: 3258.45s, 	Step: 5841, 	{'train/loss': 4.623279571533203, 'train/ppl': 101.82743547934614, 'validation/loss': 4.62824010848999, 'validation/ppl': 102.33380914052853, 'validation/num_examples': 100000, 'test/loss': 0.0, 'test/ppl': 1.0, 'test/num_examples': 0, 'score': 2595.7529532909393, 'total_duration': 3258.4534645080566, 'accumulated_submission_time': 2595.7529532909393, 'accumulated_eval_time': 662.2826445102692, 'accumulated_logging_time': 0.36292219161987305}
I0410 21:23:14.085401 140070727182080 logging_writer.py:48] [5841] accumulated_eval_time=662.283, accumulated_logging_time=0.362922, accumulated_submission_time=2595.75, global_step=5841, preemption_count=0, score=2595.75, test/loss=0, test/num_examples=0, test/ppl=1, total_duration=3258.45, train/loss=4.62328, train/ppl=101.827, validation/loss=4.62824, validation/num_examples=100000, validation/ppl=102.334
I0410 22:06:05.067278 140244704462016 spec.py:333] Evaluating on the training split.
I0410 22:06:37.315694 140244704462016 spec.py:346] Evaluating on the validation split.
I0410 22:11:35.572060 140244704462016 spec.py:363] Evaluating on the test split.
I0410 22:11:35.572529 140244704462016 submission_runner.py:516] Time since start: 6159.98s, 	Step: 11719, 	{'train/loss': 3.698899984359741, 'train/ppl': 40.402836155009545, 'validation/loss': 3.7017085552215576, 'validation/ppl': 40.516469882861834, 'validation/num_examples': 100000, 'test/loss': 0.0, 'test/ppl': 1.0, 'test/num_examples': 0, 'score': 5166.669857263565, 'total_duration': 6159.984931945801, 'accumulated_submission_time': 5166.669857263565, 'accumulated_eval_time': 992.7878675460815, 'accumulated_logging_time': 0.41599011421203613}
I0410 22:11:35.622215 140070735574784 logging_writer.py:48] [11719] accumulated_eval_time=992.788, accumulated_logging_time=0.41599, accumulated_submission_time=5166.67, global_step=11719, preemption_count=0, score=5166.67, test/loss=0, test/num_examples=0, test/ppl=1, total_duration=6159.98, train/loss=3.6989, train/ppl=40.4028, validation/loss=3.70171, validation/num_examples=100000, validation/ppl=40.5165
I0410 22:54:26.897432 140244704462016 spec.py:333] Evaluating on the training split.
I0410 22:54:59.137738 140244704462016 spec.py:346] Evaluating on the validation split.
I0410 22:59:57.211213 140244704462016 spec.py:363] Evaluating on the test split.
I0410 22:59:57.211607 140244704462016 submission_runner.py:516] Time since start: 9061.62s, 	Step: 17599, 	{'train/loss': 3.5674901008605957, 'train/ppl': 35.4275618615602, 'validation/loss': 3.569732427597046, 'validation/ppl': 35.50709116274584, 'validation/num_examples': 100000, 'test/loss': 0.0, 'test/ppl': 1.0, 'test/num_examples': 0, 'score': 7737.885014295578, 'total_duration': 9061.62401342392, 'accumulated_submission_time': 7737.885014295578, 'accumulated_eval_time': 1323.1020185947418, 'accumulated_logging_time': 0.47428202629089355}
I0410 22:59:57.250585 140070727182080 logging_writer.py:48] [17599] accumulated_eval_time=1323.1, accumulated_logging_time=0.474282, accumulated_submission_time=7737.89, global_step=17599, preemption_count=0, score=7737.89, test/loss=0, test/num_examples=0, test/ppl=1, total_duration=9061.62, train/loss=3.56749, train/ppl=35.4276, validation/loss=3.56973, validation/num_examples=100000, validation/ppl=35.5071
I0410 23:42:48.649627 140244704462016 spec.py:333] Evaluating on the training split.
I0410 23:43:20.895591 140244704462016 spec.py:346] Evaluating on the validation split.
I0410 23:48:19.064339 140244704462016 spec.py:363] Evaluating on the test split.
I0410 23:48:19.064713 140244704462016 submission_runner.py:516] Time since start: 11963.48s, 	Step: 23484, 	{'train/loss': 3.4528775215148926, 'train/ppl': 31.5911659041961, 'validation/loss': 3.4544146060943604, 'validation/ppl': 31.639761536385492, 'validation/num_examples': 100000, 'test/loss': 0.0, 'test/ppl': 1.0, 'test/num_examples': 0, 'score': 10309.225841522217, 'total_duration': 11963.477123498917, 'accumulated_submission_time': 10309.225841522217, 'accumulated_eval_time': 1653.5170917510986, 'accumulated_logging_time': 0.5216341018676758}
I0410 23:48:19.105399 140070735574784 logging_writer.py:48] [23484] accumulated_eval_time=1653.52, accumulated_logging_time=0.521634, accumulated_submission_time=10309.2, global_step=23484, preemption_count=0, score=10309.2, test/loss=0, test/num_examples=0, test/ppl=1, total_duration=11963.5, train/loss=3.45288, train/ppl=31.5912, validation/loss=3.45441, validation/num_examples=100000, validation/ppl=31.6398
I0411 00:31:10.145389 140244704462016 spec.py:333] Evaluating on the training split.
I0411 00:31:42.704715 140244704462016 spec.py:346] Evaluating on the validation split.
I0411 00:36:40.805788 140244704462016 spec.py:363] Evaluating on the test split.
I0411 00:36:40.806169 140244704462016 submission_runner.py:516] Time since start: 14865.22s, 	Step: 29368, 	{'train/loss': 3.372722625732422, 'train/ppl': 29.157804876768704, 'validation/loss': 3.373838186264038, 'validation/ppl': 29.190350322910227, 'validation/num_examples': 100000, 'test/loss': 0.0, 'test/ppl': 1.0, 'test/num_examples': 0, 'score': 12880.208475589752, 'total_duration': 14865.218567609787, 'accumulated_submission_time': 12880.208475589752, 'accumulated_eval_time': 1984.1778485774994, 'accumulated_logging_time': 0.5705411434173584}
I0411 00:36:40.846689 140070727182080 logging_writer.py:48] [29368] accumulated_eval_time=1984.18, accumulated_logging_time=0.570541, accumulated_submission_time=12880.2, global_step=29368, preemption_count=0, score=12880.2, test/loss=0, test/num_examples=0, test/ppl=1, total_duration=14865.2, train/loss=3.37272, train/ppl=29.1578, validation/loss=3.37384, validation/num_examples=100000, validation/ppl=29.1904
I0411 01:19:31.989215 140244704462016 spec.py:333] Evaluating on the training split.
I0411 01:20:04.235301 140244704462016 spec.py:346] Evaluating on the validation split.
I0411 01:25:02.421623 140244704462016 spec.py:363] Evaluating on the test split.
I0411 01:25:02.422028 140244704462016 submission_runner.py:516] Time since start: 17766.83s, 	Step: 35250, 	{'train/loss': 6.962215423583984, 'train/ppl': 1055.970389454725, 'validation/loss': 6.964371204376221, 'validation/ppl': 1058.2492856552335, 'validation/num_examples': 100000, 'test/loss': 0.0, 'test/ppl': 1.0, 'test/num_examples': 0, 'score': 15451.293469190598, 'total_duration': 17766.834408044815, 'accumulated_submission_time': 15451.293469190598, 'accumulated_eval_time': 2314.610613822937, 'accumulated_logging_time': 0.6191105842590332}
I0411 01:25:02.471675 140070735574784 logging_writer.py:48] [35250] accumulated_eval_time=2314.61, accumulated_logging_time=0.619111, accumulated_submission_time=15451.3, global_step=35250, preemption_count=0, score=15451.3, test/loss=0, test/num_examples=0, test/ppl=1, total_duration=17766.8, train/loss=6.96222, train/ppl=1055.97, validation/loss=6.96437, validation/num_examples=100000, validation/ppl=1058.25
I0411 02:07:53.521140 140244704462016 spec.py:333] Evaluating on the training split.
I0411 02:08:25.766204 140244704462016 spec.py:346] Evaluating on the validation split.
I0411 02:13:23.868430 140244704462016 spec.py:363] Evaluating on the test split.
I0411 02:13:23.868845 140244704462016 submission_runner.py:516] Time since start: 20668.28s, 	Step: 41133, 	{'train/loss': 3.2911317348480225, 'train/ppl': 26.873259857094382, 'validation/loss': 3.291433334350586, 'validation/ppl': 26.88136604124865, 'validation/num_examples': 100000, 'test/loss': 0.0, 'test/ppl': 1.0, 'test/num_examples': 0, 'score': 18022.28494668007, 'total_duration': 20668.28125143051, 'accumulated_submission_time': 18022.28494668007, 'accumulated_eval_time': 2644.9582998752594, 'accumulated_logging_time': 0.6768534183502197}
I0411 02:13:23.905059 140070727182080 logging_writer.py:48] [41133] accumulated_eval_time=2644.96, accumulated_logging_time=0.676853, accumulated_submission_time=18022.3, global_step=41133, preemption_count=0, score=18022.3, test/loss=0, test/num_examples=0, test/ppl=1, total_duration=20668.3, train/loss=3.29113, train/ppl=26.8733, validation/loss=3.29143, validation/num_examples=100000, validation/ppl=26.8814
I0411 02:56:14.944559 140244704462016 spec.py:333] Evaluating on the training split.
I0411 02:56:47.184875 140244704462016 spec.py:346] Evaluating on the validation split.
I0411 03:01:45.317708 140244704462016 spec.py:363] Evaluating on the test split.
I0411 03:01:45.318078 140244704462016 submission_runner.py:516] Time since start: 23569.73s, 	Step: 47015, 	{'train/loss': 3.212669849395752, 'train/ppl': 24.84533104546925, 'validation/loss': 3.2122206687927246, 'validation/ppl': 24.83417351074952, 'validation/num_examples': 100000, 'test/loss': 0.0, 'test/ppl': 1.0, 'test/num_examples': 0, 'score': 20593.26862835884, 'total_duration': 23569.730482816696, 'accumulated_submission_time': 20593.26862835884, 'accumulated_eval_time': 2975.331800222397, 'accumulated_logging_time': 0.7211105823516846}
I0411 03:01:45.355156 140070735574784 logging_writer.py:48] [47015] accumulated_eval_time=2975.33, accumulated_logging_time=0.721111, accumulated_submission_time=20593.3, global_step=47015, preemption_count=0, score=20593.3, test/loss=0, test/num_examples=0, test/ppl=1, total_duration=23569.7, train/loss=3.21267, train/ppl=24.8453, validation/loss=3.21222, validation/num_examples=100000, validation/ppl=24.8342
I0411 03:44:36.566037 140244704462016 spec.py:333] Evaluating on the training split.
I0411 03:45:08.807648 140244704462016 spec.py:346] Evaluating on the validation split.
I0411 03:50:07.223075 140244704462016 spec.py:363] Evaluating on the test split.
I0411 03:50:07.223509 140244704462016 submission_runner.py:516] Time since start: 26471.64s, 	Step: 52900, 	{'train/loss': 3.1423728466033936, 'train/ppl': 23.15875388421617, 'validation/loss': 3.1406161785125732, 'validation/ppl': 23.118107351930277, 'validation/num_examples': 100000, 'test/loss': 0.0, 'test/ppl': 1.0, 'test/num_examples': 0, 'score': 23164.422349214554, 'total_duration': 26471.635857582092, 'accumulated_submission_time': 23164.422349214554, 'accumulated_eval_time': 3305.9892003536224, 'accumulated_logging_time': 0.7663860321044922}
I0411 03:50:07.264138 140070727182080 logging_writer.py:48] [52900] accumulated_eval_time=3305.99, accumulated_logging_time=0.766386, accumulated_submission_time=23164.4, global_step=52900, preemption_count=0, score=23164.4, test/loss=0, test/num_examples=0, test/ppl=1, total_duration=26471.6, train/loss=3.14237, train/ppl=23.1588, validation/loss=3.14062, validation/num_examples=100000, validation/ppl=23.1181
I0411 04:32:58.629047 140244704462016 spec.py:333] Evaluating on the training split.
I0411 04:33:31.137645 140244704462016 spec.py:346] Evaluating on the validation split.
I0411 04:38:29.327741 140244704462016 spec.py:363] Evaluating on the test split.
I0411 04:38:29.328183 140244704462016 submission_runner.py:516] Time since start: 29373.74s, 	Step: 58784, 	{'train/loss': 3.077850818634033, 'train/ppl': 21.71168985805259, 'validation/loss': 3.074632167816162, 'validation/ppl': 21.641919852609238, 'validation/num_examples': 100000, 'test/loss': 0.0, 'test/ppl': 1.0, 'test/num_examples': 0, 'score': 25735.729759454727, 'total_duration': 29373.7405898571, 'accumulated_submission_time': 25735.729759454727, 'accumulated_eval_time': 3636.6883203983307, 'accumulated_logging_time': 0.8152062892913818}
I0411 04:38:29.368839 140070735574784 logging_writer.py:48] [58784] accumulated_eval_time=3636.69, accumulated_logging_time=0.815206, accumulated_submission_time=25735.7, global_step=58784, preemption_count=0, score=25735.7, test/loss=0, test/num_examples=0, test/ppl=1, total_duration=29373.7, train/loss=3.07785, train/ppl=21.7117, validation/loss=3.07463, validation/num_examples=100000, validation/ppl=21.6419
I0411 04:38:29.391725 140070727182080 logging_writer.py:48] [58784] global_step=58784, preemption_count=0, score=25735.7
I0411 04:38:29.402712 140244704462016 submission_runner.py:857] Final finewebedu_lm score: 25735.729759454727
