python submission_runner.py --framework=jax --workload=fastmri --submission_path=submissions_algorithms/submissions/self_tuning/nadamw_baselinev05/submission.py --data_dir=/data/fastmri --experiment_dir=/experiment_runs --experiment_name=submissions_a100/nadamw_baselinev05/study_2 --overwrite=True --save_checkpoints=False --rng_seed=1173128364 --tuning_ruleset=self 2>&1 | tee -a /logs/fastmri_jax_04-11-2026-12-42-35.log
2026-04-11 12:42:36.111712: E external/local_xla/xla/stream_executor/cuda/cuda_fft.cc:467] Unable to register cuFFT factory: Attempting to register factory for plugin cuFFT when one has already been registered
WARNING: All log messages before absl::InitializeLog() is called are written to STDERR
E0000 00:00:1775911356.139988       9 cuda_dnn.cc:8579] Unable to register cuDNN factory: Attempting to register factory for plugin cuDNN when one has already been registered
E0000 00:00:1775911356.149167       9 cuda_blas.cc:1407] Unable to register cuBLAS factory: Attempting to register factory for plugin cuBLAS when one has already been registered
W0000 00:00:1775911356.180781       9 computation_placer.cc:177] computation placer already registered. Please check linkage and avoid linking the same target more than once.
W0000 00:00:1775911356.180830       9 computation_placer.cc:177] computation placer already registered. Please check linkage and avoid linking the same target more than once.
W0000 00:00:1775911356.180833       9 computation_placer.cc:177] computation placer already registered. Please check linkage and avoid linking the same target more than once.
W0000 00:00:1775911356.180835       9 computation_placer.cc:177] computation placer already registered. Please check linkage and avoid linking the same target more than once.
/usr/local/lib/python3.11/site-packages/torch/__init__.py:1617: UserWarning: Please use the new API settings to control TF32 behavior, such as torch.backends.cudnn.conv.fp32_precision = 'tf32' or torch.backends.cuda.matmul.fp32_precision = 'ieee'. Old settings, e.g, torch.backends.cuda.matmul.allow_tf32 = True, torch.backends.cudnn.allow_tf32 = True, allowTF32CuDNN() and allowTF32CuBLAS() will be deprecated after Pytorch 2.9. Please see https://pytorch.org/docs/main/notes/cuda.html#tensorfloat-32-tf32-on-ampere-and-later-devices (Triggered internally at /pytorch/aten/src/ATen/Context.cpp:80.)
  _C._set_float32_matmul_precision(precision)
/usr/local/lib/python3.11/site-packages/pydantic/_internal/_generate_schema.py:2249: UnsupportedFieldAttributeWarning: The 'repr' attribute with value False was provided to the `Field()` function, which has no effect in the context it was used. 'repr' is field-specific metadata, and can only be attached to a model field using `Annotated` metadata or by assignment. This may have happened because an `Annotated` type alias using the `type` statement was used, or if the `Field()` function was attached to a single member of a union type.
  warnings.warn(
/usr/local/lib/python3.11/site-packages/pydantic/_internal/_generate_schema.py:2249: UnsupportedFieldAttributeWarning: The 'frozen' attribute with value True was provided to the `Field()` function, which has no effect in the context it was used. 'frozen' is field-specific metadata, and can only be attached to a model field using `Annotated` metadata or by assignment. This may have happened because an `Annotated` type alias using the `type` statement was used, or if the `Field()` function was attached to a single member of a union type.
  warnings.warn(
INFO:2026-04-11 12:42:44,044:jax._src.xla_bridge:830: Unable to initialize backend 'tpu': INTERNAL: Failed to open libtpu.so: libtpu.so: cannot open shared object file: No such file or directory
I0411 12:42:44.044624 140473745257664 xla_bridge.py:830] Unable to initialize backend 'tpu': INTERNAL: Failed to open libtpu.so: libtpu.so: cannot open shared object file: No such file or directory
I0411 12:42:44.661285 140473745257664 logger_utils.py:59] Removing existing experiment directory /experiment_runs/submissions_a100/nadamw_baselinev05/study_2/fastmri_jax because --overwrite was set.
I0411 12:42:44.670716 140473745257664 logger_utils.py:84] Creating experiment directory at /experiment_runs/submissions_a100/nadamw_baselinev05/study_2/fastmri_jax.
I0411 12:42:45.147107 140473745257664 submission_runner.py:741] Creating directory at /experiment_runs/submissions_a100/nadamw_baselinev05/study_2/fastmri_jax/trial_1.
I0411 12:42:45.425138 140473745257664 submission_runner.py:242] Initializing dataset.
WARNING:tensorflow:AutoGraph could not transform <function array at 0x7fc24b1507c0> and will run it as-is.
Please report this to the TensorFlow team. When filing the bug, set the verbosity to 10 (on Linux, `export AUTOGRAPH_VERBOSITY=10`) and attach the full output.
Cause: (<gast.gast.NamedExpr object at 0x7fc01c7f5f00>, (leaf_jax_array := getattr(leaf, '__jax_array__', None)))
To silence this warning, decorate the function with @tf.autograph.experimental.do_not_convert
W0411 12:42:47.545069 140473745257664 ag_logging.py:142] AutoGraph could not transform <function array at 0x7fc24b1507c0> and will run it as-is.
Please report this to the TensorFlow team. When filing the bug, set the verbosity to 10 (on Linux, `export AUTOGRAPH_VERBOSITY=10`) and attach the full output.
Cause: (<gast.gast.NamedExpr object at 0x7fc01c7f5f00>, (leaf_jax_array := getattr(leaf, '__jax_array__', None)))
To silence this warning, decorate the function with @tf.autograph.experimental.do_not_convert
WARNING:tensorflow:AutoGraph could not transform <function standard_insert_pvary at 0x7fc24bfdd4e0> and will run it as-is.
Please report this to the TensorFlow team. When filing the bug, set the verbosity to 10 (on Linux, `export AUTOGRAPH_VERBOSITY=10`) and attach the full output.
Cause: (<gast.gast.NamedExpr object at 0x7fc01c7f7040>, (aval := get_aval(a)))
To silence this warning, decorate the function with @tf.autograph.experimental.do_not_convert
W0411 12:42:47.596634 140473745257664 ag_logging.py:142] AutoGraph could not transform <function standard_insert_pvary at 0x7fc24bfdd4e0> and will run it as-is.
Please report this to the TensorFlow team. When filing the bug, set the verbosity to 10 (on Linux, `export AUTOGRAPH_VERBOSITY=10`) and attach the full output.
Cause: (<gast.gast.NamedExpr object at 0x7fc01c7f7040>, (aval := get_aval(a)))
To silence this warning, decorate the function with @tf.autograph.experimental.do_not_convert
I0411 12:42:48.796789 140473745257664 submission_runner.py:251] Initializing model.
I0411 12:42:59.455736 140473745257664 submission_runner.py:294] Initializing optimizer.
I0411 12:43:00.298377 140473745257664 submission_runner.py:299] Initializing metrics bundle.
I0411 12:43:00.298611 140473745257664 submission_runner.py:321] Initializing checkpoint and logger.
I0411 12:43:00.300869 140473745257664 checkpoints.py:1098] Found no checkpoint files in /experiment_runs/submissions_a100/nadamw_baselinev05/study_2/fastmri_jax/trial_1 with prefix checkpoint_
I0411 12:43:00.301010 140473745257664 submission_runner.py:344] Saving meta data to /experiment_runs/submissions_a100/nadamw_baselinev05/study_2/fastmri_jax/trial_1/meta_data_0.json.
I0411 12:43:00.301214 140473745257664 logger_utils.py:283] Unable to record workload.train_mean information. Continuing without it.
I0411 12:43:00.301276 140473745257664 logger_utils.py:283] Unable to record workload.train_stddev information. Continuing without it.
I0411 12:43:00.471021 140473745257664 submission_runner.py:348] Saving flags to /experiment_runs/submissions_a100/nadamw_baselinev05/study_2/fastmri_jax/trial_1/flags_0.json.
I0411 12:43:00.487837 140473745257664 submission_runner.py:359] Starting training loop.
I0411 12:46:01.853537 140473745257664 spec.py:333] Evaluating on the training split.
I0411 12:49:57.551032 140473745257664 spec.py:346] Evaluating on the validation split.
I0411 12:52:24.386004 140473745257664 spec.py:363] Evaluating on the test split.
I0411 12:54:48.896706 140473745257664 submission_runner.py:516] Time since start: 708.41s, 	Step: 1, 	{'train/ssim': 0.22803219727107457, 'train/loss': 0.9923163822719029, 'validation/ssim': 0.2175525328250299, 'validation/loss': 1.0065852021929516, 'validation/num_examples': 3554, 'test/ssim': 0.2403485879522567, 'test/loss': 1.0063867214770665, 'test/num_examples': 3581, 'score': 181.3655138015747, 'total_duration': 708.408768415451, 'accumulated_submission_time': 181.3655138015747, 'accumulated_eval_time': 527.0430819988251, 'accumulated_logging_time': 0}
I0411 12:54:48.922390 140269846984448 logging_writer.py:48] [1] accumulated_eval_time=527.043, accumulated_logging_time=0, accumulated_submission_time=181.366, global_step=1, preemption_count=0, score=181.366, test/loss=1.00639, test/num_examples=3581, test/ssim=0.240349, total_duration=708.409, train/loss=0.992316, train/ssim=0.228032, validation/loss=1.00659, validation/num_examples=3554, validation/ssim=0.217553
I0411 12:56:39.747255 140473745257664 spec.py:333] Evaluating on the training split.
I0411 12:56:42.096300 140473745257664 spec.py:346] Evaluating on the validation split.
I0411 12:56:46.847060 140473745257664 spec.py:363] Evaluating on the test split.
I0411 12:56:47.992167 140473745257664 submission_runner.py:516] Time since start: 827.50s, 	Step: 271, 	{'train/ssim': 0.7158075060163226, 'train/loss': 0.29700078283037457, 'validation/ssim': 0.6898661856578855, 'validation/loss': 0.32042416307989235, 'validation/num_examples': 3554, 'test/ssim': 0.707791965189542, 'test/loss': 0.322474995527611, 'test/num_examples': 3581, 'score': 292.1376211643219, 'total_duration': 827.5042493343353, 'accumulated_submission_time': 292.1376211643219, 'accumulated_eval_time': 535.2879242897034, 'accumulated_logging_time': 0.07533955574035645}
I0411 12:56:48.023327 140270954211072 logging_writer.py:48] [271] accumulated_eval_time=535.288, accumulated_logging_time=0.0753396, accumulated_submission_time=292.138, global_step=271, preemption_count=0, score=292.138, test/loss=0.322475, test/num_examples=3581, test/ssim=0.707792, total_duration=827.504, train/loss=0.297001, train/ssim=0.715808, validation/loss=0.320424, validation/num_examples=3554, validation/ssim=0.689866
I0411 12:58:38.326634 140473745257664 spec.py:333] Evaluating on the training split.
I0411 12:58:39.585716 140473745257664 spec.py:346] Evaluating on the validation split.
I0411 12:58:59.809365 140473745257664 spec.py:363] Evaluating on the test split.
I0411 12:59:00.973982 140473745257664 submission_runner.py:516] Time since start: 960.49s, 	Step: 374, 	{'train/ssim': 0.717616217476981, 'train/loss': 0.29172652108328684, 'validation/ssim': 0.6948839143614589, 'validation/loss': 0.3136950800374578, 'validation/num_examples': 3554, 'test/ssim': 0.7108387120174183, 'test/loss': 0.316136372685266, 'test/num_examples': 3581, 'score': 402.4246642589569, 'total_duration': 960.4860644340515, 'accumulated_submission_time': 402.4246642589569, 'accumulated_eval_time': 557.935201883316, 'accumulated_logging_time': 0.12140321731567383}
I0411 12:59:00.998702 140270962603776 logging_writer.py:48] [374] accumulated_eval_time=557.935, accumulated_logging_time=0.121403, accumulated_submission_time=402.425, global_step=374, preemption_count=0, score=402.425, test/loss=0.316136, test/num_examples=3581, test/ssim=0.710839, total_duration=960.486, train/loss=0.291727, train/ssim=0.717616, validation/loss=0.313695, validation/num_examples=3554, validation/ssim=0.694884
I0411 13:00:51.468686 140473745257664 spec.py:333] Evaluating on the training split.
I0411 13:00:52.695227 140473745257664 spec.py:346] Evaluating on the validation split.
I0411 13:01:04.701856 140473745257664 spec.py:363] Evaluating on the test split.
I0411 13:01:05.862426 140473745257664 submission_runner.py:516] Time since start: 1085.37s, 	Step: 475, 	{'train/ssim': 0.7279165131705148, 'train/loss': 0.2841200147356306, 'validation/ssim': 0.7029575225538126, 'validation/loss': 0.3063582558275007, 'validation/num_examples': 3554, 'test/ssim': 0.7200674458077353, 'test/loss': 0.30867511884555643, 'test/num_examples': 3581, 'score': 512.8844850063324, 'total_duration': 1085.3744611740112, 'accumulated_submission_time': 512.8844850063324, 'accumulated_eval_time': 572.3288125991821, 'accumulated_logging_time': 0.15500950813293457}
I0411 13:01:05.887470 140270954211072 logging_writer.py:48] [475] accumulated_eval_time=572.329, accumulated_logging_time=0.15501, accumulated_submission_time=512.884, global_step=475, preemption_count=0, score=512.884, test/loss=0.308675, test/num_examples=3581, test/ssim=0.720067, total_duration=1085.37, train/loss=0.28412, train/ssim=0.727917, validation/loss=0.306358, validation/num_examples=3554, validation/ssim=0.702958
I0411 13:02:56.830698 140473745257664 spec.py:333] Evaluating on the training split.
I0411 13:02:58.095940 140473745257664 spec.py:346] Evaluating on the validation split.
I0411 13:03:09.409148 140473745257664 spec.py:363] Evaluating on the test split.
I0411 13:03:22.831104 140473745257664 submission_runner.py:516] Time since start: 1222.34s, 	Step: 574, 	{'train/ssim': 0.7331598145621163, 'train/loss': 0.281489508492606, 'validation/ssim': 0.7077099526941475, 'validation/loss': 0.30406059303777433, 'validation/num_examples': 3554, 'test/ssim': 0.7247983607058084, 'test/loss': 0.3063386705660081, 'test/num_examples': 3581, 'score': 623.8081855773926, 'total_duration': 1222.3430421352386, 'accumulated_submission_time': 623.8081855773926, 'accumulated_eval_time': 598.3290071487427, 'accumulated_logging_time': 0.19831418991088867}
I0411 13:03:22.885009 140270962603776 logging_writer.py:48] [574] accumulated_eval_time=598.329, accumulated_logging_time=0.198314, accumulated_submission_time=623.808, global_step=574, preemption_count=0, score=623.808, test/loss=0.306339, test/num_examples=3581, test/ssim=0.724798, total_duration=1222.34, train/loss=0.28149, train/ssim=0.73316, validation/loss=0.304061, validation/num_examples=3554, validation/ssim=0.70771
I0411 13:05:13.450869 140473745257664 spec.py:333] Evaluating on the training split.
I0411 13:05:14.683319 140473745257664 spec.py:346] Evaluating on the validation split.
I0411 13:05:18.495100 140473745257664 spec.py:363] Evaluating on the test split.
I0411 13:05:19.653432 140473745257664 submission_runner.py:516] Time since start: 1339.17s, 	Step: 674, 	{'train/ssim': 0.7335060664585659, 'train/loss': 0.2789590358734131, 'validation/ssim': 0.7078055755838492, 'validation/loss': 0.3012522545569253, 'validation/num_examples': 3554, 'test/ssim': 0.72495134913432, 'test/loss': 0.3034923972114109, 'test/num_examples': 3581, 'score': 734.3562083244324, 'total_duration': 1339.1655218601227, 'accumulated_submission_time': 734.3562083244324, 'accumulated_eval_time': 604.531534910202, 'accumulated_logging_time': 0.26833248138427734}
I0411 13:05:19.680502 140270954211072 logging_writer.py:48] [674] accumulated_eval_time=604.532, accumulated_logging_time=0.268332, accumulated_submission_time=734.356, global_step=674, preemption_count=0, score=734.356, test/loss=0.303492, test/num_examples=3581, test/ssim=0.724951, total_duration=1339.17, train/loss=0.278959, train/ssim=0.733506, validation/loss=0.301252, validation/num_examples=3554, validation/ssim=0.707806
I0411 13:07:09.656141 140473745257664 spec.py:333] Evaluating on the training split.
I0411 13:07:10.885720 140473745257664 spec.py:346] Evaluating on the validation split.
I0411 13:07:28.240573 140473745257664 spec.py:363] Evaluating on the test split.
I0411 13:07:32.766167 140473745257664 submission_runner.py:516] Time since start: 1472.28s, 	Step: 775, 	{'train/ssim': 0.7373830250331334, 'train/loss': 0.2767583302089146, 'validation/ssim': 0.7118361628183033, 'validation/loss': 0.29926368314091517, 'validation/num_examples': 3554, 'test/ssim': 0.7287649470512776, 'test/loss': 0.30152417108087826, 'test/num_examples': 3581, 'score': 844.3215851783752, 'total_duration': 1472.278258562088, 'accumulated_submission_time': 844.3215851783752, 'accumulated_eval_time': 627.6414847373962, 'accumulated_logging_time': 0.30440449714660645}
I0411 13:07:32.790814 140270962603776 logging_writer.py:48] [775] accumulated_eval_time=627.641, accumulated_logging_time=0.304404, accumulated_submission_time=844.322, global_step=775, preemption_count=0, score=844.322, test/loss=0.301524, test/num_examples=3581, test/ssim=0.728765, total_duration=1472.28, train/loss=0.276758, train/ssim=0.737383, validation/loss=0.299264, validation/num_examples=3554, validation/ssim=0.711836
I0411 13:09:23.832870 140473745257664 spec.py:333] Evaluating on the training split.
I0411 13:09:25.061267 140473745257664 spec.py:346] Evaluating on the validation split.
I0411 13:09:38.353849 140473745257664 spec.py:363] Evaluating on the test split.
I0411 13:09:40.663416 140473745257664 submission_runner.py:516] Time since start: 1600.18s, 	Step: 879, 	{'train/ssim': 0.7290068353925433, 'train/loss': 0.2791240555899484, 'validation/ssim': 0.705777367380944, 'validation/loss': 0.30068298236801844, 'validation/num_examples': 3554, 'test/ssim': 0.7223685444882715, 'test/loss': 0.3028288337645734, 'test/num_examples': 3581, 'score': 955.3532214164734, 'total_duration': 1600.1754887104034, 'accumulated_submission_time': 955.3532214164734, 'accumulated_eval_time': 644.4719541072845, 'accumulated_logging_time': 0.3381221294403076}
I0411 13:09:40.692194 140270954211072 logging_writer.py:48] [879] accumulated_eval_time=644.472, accumulated_logging_time=0.338122, accumulated_submission_time=955.353, global_step=879, preemption_count=0, score=955.353, test/loss=0.302829, test/num_examples=3581, test/ssim=0.722369, total_duration=1600.18, train/loss=0.279124, train/ssim=0.729007, validation/loss=0.300683, validation/num_examples=3554, validation/ssim=0.705777
I0411 13:11:30.761537 140473745257664 spec.py:333] Evaluating on the training split.
I0411 13:11:32.189935 140473745257664 spec.py:346] Evaluating on the validation split.
I0411 13:11:40.519590 140473745257664 spec.py:363] Evaluating on the test split.
I0411 13:11:45.858675 140473745257664 submission_runner.py:516] Time since start: 1725.37s, 	Step: 1110, 	{'train/ssim': 0.7365617752075195, 'train/loss': 0.2757344927106585, 'validation/ssim': 0.7104378841402293, 'validation/loss': 0.2982515024883934, 'validation/num_examples': 3554, 'test/ssim': 0.72749058889364, 'test/loss': 0.30036806534269406, 'test/num_examples': 3581, 'score': 1065.409432888031, 'total_duration': 1725.370683670044, 'accumulated_submission_time': 1065.409432888031, 'accumulated_eval_time': 659.5690450668335, 'accumulated_logging_time': 0.3762085437774658}
I0411 13:11:45.882876 140270962603776 logging_writer.py:48] [1110] accumulated_eval_time=659.569, accumulated_logging_time=0.376209, accumulated_submission_time=1065.41, global_step=1110, preemption_count=0, score=1065.41, test/loss=0.300368, test/num_examples=3581, test/ssim=0.727491, total_duration=1725.37, train/loss=0.275734, train/ssim=0.736562, validation/loss=0.298252, validation/num_examples=3554, validation/ssim=0.710438
I0411 13:13:35.903687 140473745257664 spec.py:333] Evaluating on the training split.
I0411 13:13:37.340533 140473745257664 spec.py:346] Evaluating on the validation split.
I0411 13:13:38.474920 140473745257664 spec.py:363] Evaluating on the test split.
I0411 13:13:39.618669 140473745257664 submission_runner.py:516] Time since start: 1839.13s, 	Step: 2127, 	{'train/ssim': 0.74211243220738, 'train/loss': 0.2691091128758022, 'validation/ssim': 0.7164786128965602, 'validation/loss': 0.2914100694200197, 'validation/num_examples': 3554, 'test/ssim': 0.7336895518448059, 'test/loss': 0.2931272607380969, 'test/num_examples': 3581, 'score': 1175.4078862667084, 'total_duration': 1839.130760192871, 'accumulated_submission_time': 1175.4078862667084, 'accumulated_eval_time': 663.2839584350586, 'accumulated_logging_time': 0.4094216823577881}
I0411 13:13:39.642505 140270954211072 logging_writer.py:48] [2127] accumulated_eval_time=663.284, accumulated_logging_time=0.409422, accumulated_submission_time=1175.41, global_step=2127, preemption_count=0, score=1175.41, test/loss=0.293127, test/num_examples=3581, test/ssim=0.73369, total_duration=1839.13, train/loss=0.269109, train/ssim=0.742112, validation/loss=0.29141, validation/num_examples=3554, validation/ssim=0.716479
I0411 13:15:29.631573 140473745257664 spec.py:333] Evaluating on the training split.
I0411 13:15:31.067288 140473745257664 spec.py:346] Evaluating on the validation split.
I0411 13:15:32.204725 140473745257664 spec.py:363] Evaluating on the test split.
I0411 13:15:33.349001 140473745257664 submission_runner.py:516] Time since start: 1952.86s, 	Step: 3144, 	{'train/ssim': 0.7461733136858258, 'train/loss': 0.2665382283074515, 'validation/ssim': 0.7198343443347285, 'validation/loss': 0.28955651724949, 'validation/num_examples': 3554, 'test/ssim': 0.7372933701741832, 'test/loss': 0.29096575377207834, 'test/num_examples': 3581, 'score': 1285.378508090973, 'total_duration': 1952.8608486652374, 'accumulated_submission_time': 1285.378508090973, 'accumulated_eval_time': 667.0010859966278, 'accumulated_logging_time': 0.4417152404785156}
I0411 13:15:33.395667 140270962603776 logging_writer.py:48] [3144] accumulated_eval_time=667.001, accumulated_logging_time=0.441715, accumulated_submission_time=1285.38, global_step=3144, preemption_count=0, score=1285.38, test/loss=0.290966, test/num_examples=3581, test/ssim=0.737293, total_duration=1952.86, train/loss=0.266538, train/ssim=0.746173, validation/loss=0.289557, validation/num_examples=3554, validation/ssim=0.719834
I0411 13:17:23.380330 140473745257664 spec.py:333] Evaluating on the training split.
I0411 13:17:24.816412 140473745257664 spec.py:346] Evaluating on the validation split.
I0411 13:17:25.953571 140473745257664 spec.py:363] Evaluating on the test split.
I0411 13:17:27.099564 140473745257664 submission_runner.py:516] Time since start: 2066.61s, 	Step: 4161, 	{'train/ssim': 0.7467095511300224, 'train/loss': 0.2659930842263358, 'validation/ssim': 0.7208237527258019, 'validation/loss': 0.28886740732273497, 'validation/num_examples': 3554, 'test/ssim': 0.7379888402986247, 'test/loss': 0.29040673923572324, 'test/num_examples': 3581, 'score': 1395.3448300361633, 'total_duration': 2066.6116347312927, 'accumulated_submission_time': 1395.3448300361633, 'accumulated_eval_time': 670.7202417850494, 'accumulated_logging_time': 0.4965677261352539}
I0411 13:17:27.124053 140270954211072 logging_writer.py:48] [4161] accumulated_eval_time=670.72, accumulated_logging_time=0.496568, accumulated_submission_time=1395.34, global_step=4161, preemption_count=0, score=1395.34, test/loss=0.290407, test/num_examples=3581, test/ssim=0.737989, total_duration=2066.61, train/loss=0.265993, train/ssim=0.74671, validation/loss=0.288867, validation/num_examples=3554, validation/ssim=0.720824
I0411 13:19:17.115834 140473745257664 spec.py:333] Evaluating on the training split.
I0411 13:19:18.551982 140473745257664 spec.py:346] Evaluating on the validation split.
I0411 13:19:19.689598 140473745257664 spec.py:363] Evaluating on the test split.
I0411 13:19:20.836219 140473745257664 submission_runner.py:516] Time since start: 2180.35s, 	Step: 5178, 	{'train/ssim': 0.7494541576930455, 'train/loss': 0.26468351909092497, 'validation/ssim': 0.7231099778638506, 'validation/loss': 0.28783803584539425, 'validation/num_examples': 3554, 'test/ssim': 0.7401649711585451, 'test/loss': 0.2893355134411652, 'test/num_examples': 3581, 'score': 1505.3179683685303, 'total_duration': 2180.348311185837, 'accumulated_submission_time': 1505.3179683685303, 'accumulated_eval_time': 674.4405589103699, 'accumulated_logging_time': 0.5299286842346191}
I0411 13:19:20.860975 140270962603776 logging_writer.py:48] [5178] accumulated_eval_time=674.441, accumulated_logging_time=0.529929, accumulated_submission_time=1505.32, global_step=5178, preemption_count=0, score=1505.32, test/loss=0.289336, test/num_examples=3581, test/ssim=0.740165, total_duration=2180.35, train/loss=0.264684, train/ssim=0.749454, validation/loss=0.287838, validation/num_examples=3554, validation/ssim=0.72311
I0411 13:21:10.845905 140473745257664 spec.py:333] Evaluating on the training split.
I0411 13:21:12.284768 140473745257664 spec.py:346] Evaluating on the validation split.
I0411 13:21:13.419234 140473745257664 spec.py:363] Evaluating on the test split.
I0411 13:21:14.562287 140473745257664 submission_runner.py:516] Time since start: 2294.07s, 	Step: 6195, 	{'train/ssim': 0.7503254073006767, 'train/loss': 0.2641817501613072, 'validation/ssim': 0.7238203487707513, 'validation/loss': 0.287552901715057, 'validation/num_examples': 3554, 'test/ssim': 0.740977636964186, 'test/loss': 0.28896957521031136, 'test/num_examples': 3581, 'score': 1615.2845153808594, 'total_duration': 2294.074307203293, 'accumulated_submission_time': 1615.2845153808594, 'accumulated_eval_time': 678.1568145751953, 'accumulated_logging_time': 0.5632827281951904}
I0411 13:21:14.589468 140270954211072 logging_writer.py:48] [6195] accumulated_eval_time=678.157, accumulated_logging_time=0.563283, accumulated_submission_time=1615.28, global_step=6195, preemption_count=0, score=1615.28, test/loss=0.28897, test/num_examples=3581, test/ssim=0.740978, total_duration=2294.07, train/loss=0.264182, train/ssim=0.750325, validation/loss=0.287553, validation/num_examples=3554, validation/ssim=0.72382
I0411 13:21:14.609054 140270962603776 logging_writer.py:48] [6195] global_step=6195, preemption_count=0, score=1615.28
I0411 13:21:14.773474 140473745257664 submission_runner.py:857] Final fastmri score: 1615.2845153808594
