python submission_runner.py --framework=jax --workload=imagenet_vit --submission_path=submissions_algorithms/submissions/self_tuning/single_worker_diloco/submission.py --data_dir=/data/imagenet/jax --experiment_dir=/experiment_runs --experiment_name=submissions_a100/single_worker_diloco/study_2 --overwrite=True --save_checkpoints=False --rng_seed=-2072557169 --imagenet_v2_data_dir=/data/imagenet/jax --tuning_ruleset=self 2>&1 | tee -a /logs/imagenet_vit_jax_06-12-2026-10-12-55.log
2026-06-12 10:12:56.606873: E external/local_xla/xla/stream_executor/cuda/cuda_fft.cc:467] Unable to register cuFFT factory: Attempting to register factory for plugin cuFFT when one has already been registered
WARNING: All log messages before absl::InitializeLog() is called are written to STDERR
E0000 00:00:1781259176.633690       9 cuda_dnn.cc:8579] Unable to register cuDNN factory: Attempting to register factory for plugin cuDNN when one has already been registered
E0000 00:00:1781259176.642432       9 cuda_blas.cc:1407] Unable to register cuBLAS factory: Attempting to register factory for plugin cuBLAS when one has already been registered
W0000 00:00:1781259176.671517       9 computation_placer.cc:177] computation placer already registered. Please check linkage and avoid linking the same target more than once.
W0000 00:00:1781259176.671549       9 computation_placer.cc:177] computation placer already registered. Please check linkage and avoid linking the same target more than once.
W0000 00:00:1781259176.671552       9 computation_placer.cc:177] computation placer already registered. Please check linkage and avoid linking the same target more than once.
W0000 00:00:1781259176.671554       9 computation_placer.cc:177] computation placer already registered. Please check linkage and avoid linking the same target more than once.
/usr/local/lib/python3.11/site-packages/torch/__init__.py:1617: UserWarning: Please use the new API settings to control TF32 behavior, such as torch.backends.cudnn.conv.fp32_precision = 'tf32' or torch.backends.cuda.matmul.fp32_precision = 'ieee'. Old settings, e.g, torch.backends.cuda.matmul.allow_tf32 = True, torch.backends.cudnn.allow_tf32 = True, allowTF32CuDNN() and allowTF32CuBLAS() will be deprecated after Pytorch 2.9. Please see https://pytorch.org/docs/main/notes/cuda.html#tensorfloat-32-tf32-on-ampere-and-later-devices (Triggered internally at /pytorch/aten/src/ATen/Context.cpp:80.)
  _C._set_float32_matmul_precision(precision)
/usr/local/lib/python3.11/site-packages/pydantic/_internal/_generate_schema.py:2249: UnsupportedFieldAttributeWarning: The 'repr' attribute with value False was provided to the `Field()` function, which has no effect in the context it was used. 'repr' is field-specific metadata, and can only be attached to a model field using `Annotated` metadata or by assignment. This may have happened because an `Annotated` type alias using the `type` statement was used, or if the `Field()` function was attached to a single member of a union type.
  warnings.warn(
/usr/local/lib/python3.11/site-packages/pydantic/_internal/_generate_schema.py:2249: UnsupportedFieldAttributeWarning: The 'frozen' attribute with value True was provided to the `Field()` function, which has no effect in the context it was used. 'frozen' is field-specific metadata, and can only be attached to a model field using `Annotated` metadata or by assignment. This may have happened because an `Annotated` type alias using the `type` statement was used, or if the `Field()` function was attached to a single member of a union type.
  warnings.warn(
INFO:2026-06-12 10:13:04,697:jax._src.xla_bridge:830: Unable to initialize backend 'tpu': INTERNAL: Failed to open libtpu.so: libtpu.so: cannot open shared object file: No such file or directory
I0612 10:13:04.697109 139649709548736 xla_bridge.py:830] Unable to initialize backend 'tpu': INTERNAL: Failed to open libtpu.so: libtpu.so: cannot open shared object file: No such file or directory
I0612 10:13:05.363856 139649709548736 logger_utils.py:84] Creating experiment directory at /experiment_runs/submissions_a100/single_worker_diloco/study_2/imagenet_vit_jax.
I0612 10:13:05.802981 139649709548736 submission_runner.py:741] Creating directory at /experiment_runs/submissions_a100/single_worker_diloco/study_2/imagenet_vit_jax/trial_1.
I0612 10:13:06.361839 139649709548736 submission_runner.py:242] Initializing dataset.
I0612 10:13:06.649651 139649709548736 dataset_info.py:707] Load dataset info from /data/imagenet/jax/imagenet2012/5.1.0
I0612 10:13:06.704658 139649709548736 dataset_info.py:793] For 'imagenet2012/5.1.0': fields info.[splits, supervised_keys] differ on disk and in the code. Keeping the one from code.
I0612 10:13:07.000245 139649709548736 reader.py:262] Creating a tf.data.Dataset reading 1024 files located in folders: /data/imagenet/jax/imagenet2012/5.1.0.
I0612 10:13:07.089657 139649709548736 logging_logger.py:49] Constructing tf.data.Dataset imagenet2012 for split train, from /data/imagenet/jax/imagenet2012/5.1.0
I0612 10:13:15.220651 139649709548736 submission_runner.py:251] Initializing model.
I0612 10:13:54.828691 139649709548736 submission_runner.py:294] Initializing optimizer.
I0612 10:13:55.570543 139649709548736 submission_runner.py:299] Initializing metrics bundle.
I0612 10:13:55.570793 139649709548736 submission_runner.py:321] Initializing checkpoint and logger.
I0612 10:13:55.581721 139649709548736 checkpoints.py:1098] Found no checkpoint files in /experiment_runs/submissions_a100/single_worker_diloco/study_2/imagenet_vit_jax/trial_1 with prefix checkpoint_
I0612 10:13:55.581867 139649709548736 submission_runner.py:344] Saving meta data to /experiment_runs/submissions_a100/single_worker_diloco/study_2/imagenet_vit_jax/trial_1/meta_data_0.json.
I0612 10:13:55.754383 139649709548736 submission_runner.py:348] Saving flags to /experiment_runs/submissions_a100/single_worker_diloco/study_2/imagenet_vit_jax/trial_1/flags_0.json.
I0612 10:13:55.773667 139649709548736 submission_runner.py:359] Starting training loop.
I0612 10:14:45.374941 139649709548736 spec.py:333] Evaluating on the training split.
I0612 10:14:45.379696 139649709548736 dataset_info.py:707] Load dataset info from /data/imagenet/jax/imagenet2012/5.1.0
I0612 10:14:45.385389 139649709548736 dataset_info.py:793] For 'imagenet2012/5.1.0': fields info.[splits, supervised_keys] differ on disk and in the code. Keeping the one from code.
I0612 10:14:45.405514 139649709548736 reader.py:262] Creating a tf.data.Dataset reading 1024 files located in folders: /data/imagenet/jax/imagenet2012/5.1.0.
I0612 10:14:45.453647 139649709548736 logging_logger.py:49] Constructing tf.data.Dataset imagenet2012 for split train, from /data/imagenet/jax/imagenet2012/5.1.0
I0612 10:15:11.845117 139649709548736 spec.py:346] Evaluating on the validation split.
I0612 10:15:11.849765 139649709548736 dataset_info.py:707] Load dataset info from /data/imagenet/jax/imagenet2012/5.1.0
I0612 10:15:11.876969 139649709548736 dataset_info.py:793] For 'imagenet2012/5.1.0': fields info.[splits, supervised_keys] differ on disk and in the code. Keeping the one from code.
I0612 10:15:11.879902 139649709548736 reader.py:262] Creating a tf.data.Dataset reading 64 files located in folders: /data/imagenet/jax/imagenet2012/5.1.0.
I0612 10:15:12.042697 139649709548736 logging_logger.py:49] Constructing tf.data.Dataset imagenet2012 for split validation, from /data/imagenet/jax/imagenet2012/5.1.0
I0612 10:15:50.877275 139649709548736 spec.py:363] Evaluating on the test split.
I0612 10:15:51.090619 139649709548736 dataset_info.py:707] Load dataset info from /data/imagenet/jax/imagenet_v2/matched-frequency/3.0.0
I0612 10:15:51.146213 139649709548736 reader.py:262] Creating a tf.data.Dataset reading 16 files located in folders: /data/imagenet/jax/imagenet_v2/matched-frequency/3.0.0.
I0612 10:15:51.205218 139649709548736 logging_logger.py:49] Constructing tf.data.Dataset imagenet_v2 for split test, from /data/imagenet/jax/imagenet_v2/matched-frequency/3.0.0
I0612 10:15:57.851403 139649709548736 submission_runner.py:516] Time since start: 122.08s, 	Step: 1, 	{'train/accuracy': Array(0.00099609, dtype=float32), 'train/loss': Array(6.907755, dtype=float32), 'validation/accuracy': Array(0.001, dtype=float32), 'validation/loss': Array(6.907755, dtype=float32), 'validation/num_examples': 50000, 'test/accuracy': Array(0.001, dtype=float32), 'test/loss': Array(6.907755, dtype=float32), 'test/num_examples': 10000, 'score': 49.60117316246033, 'total_duration': 122.07579135894775, 'accumulated_submission_time': 49.60117316246033, 'accumulated_eval_time': 72.47451758384705, 'accumulated_logging_time': 0}
I0612 10:15:57.883582 139424251746048 logging_writer.py:48] [1] accumulated_eval_time=72.4745, accumulated_logging_time=0, accumulated_submission_time=49.6012, global_step=1, preemption_count=0, score=49.6012, test/accuracy=0.0010000000474974513, test/loss=6.907754898071289, test/num_examples=10000, total_duration=122.076, train/accuracy=0.0009960937313735485, train/loss=6.907754898071289, validation/accuracy=0.0009999999310821295, validation/loss=6.907754898071289, validation/num_examples=50000
I0612 10:58:49.572742 139649709548736 spec.py:333] Evaluating on the training split.
I0612 10:59:03.019402 139649709548736 spec.py:346] Evaluating on the validation split.
I0612 10:59:11.868033 139649709548736 spec.py:363] Evaluating on the test split.
I0612 10:59:14.254569 139649709548736 submission_runner.py:516] Time since start: 2718.48s, 	Step: 5432, 	{'train/accuracy': Array(0.1593164, dtype=float32), 'train/loss': Array(4.5351815, dtype=float32), 'validation/accuracy': Array(0.14486, dtype=float32), 'validation/loss': Array(4.6270504, dtype=float32), 'validation/num_examples': 50000, 'test/accuracy': Array(0.1106, dtype=float32), 'test/loss': Array(4.9666085, dtype=float32), 'test/num_examples': 10000, 'score': 2621.1932892799377, 'total_duration': 2718.4780793190002, 'accumulated_submission_time': 2621.1932892799377, 'accumulated_eval_time': 97.15354514122009, 'accumulated_logging_time': 0.07172250747680664}
I0612 10:59:14.328541 139424260138752 logging_writer.py:48] [5432] accumulated_eval_time=97.1535, accumulated_logging_time=0.0717225, accumulated_submission_time=2621.19, global_step=5432, preemption_count=0, score=2621.19, test/accuracy=0.11060000211000443, test/loss=4.96660852432251, test/num_examples=10000, total_duration=2718.48, train/accuracy=0.15931640565395355, train/loss=4.535181522369385, validation/accuracy=0.14485999941825867, validation/loss=4.627050399780273, validation/num_examples=50000
I0612 11:42:05.822813 139649709548736 spec.py:333] Evaluating on the training split.
I0612 11:42:19.812565 139649709548736 spec.py:346] Evaluating on the validation split.
I0612 11:42:28.676854 139649709548736 spec.py:363] Evaluating on the test split.
I0612 11:42:29.640312 139649709548736 submission_runner.py:516] Time since start: 5313.86s, 	Step: 11017, 	{'train/accuracy': Array(0.31474608, dtype=float32), 'train/loss': Array(3.3536768, dtype=float32), 'validation/accuracy': Array(0.29325998, dtype=float32), 'validation/loss': Array(3.4635675, dtype=float32), 'validation/num_examples': 50000, 'test/accuracy': Array(0.22340001, dtype=float32), 'test/loss': Array(3.9798772, dtype=float32), 'test/num_examples': 10000, 'score': 5192.59130191803, 'total_duration': 5313.8640739917755, 'accumulated_submission_time': 5192.59130191803, 'accumulated_eval_time': 120.96849822998047, 'accumulated_logging_time': 0.18300962448120117}
I0612 11:42:29.691355 139424268531456 logging_writer.py:48] [11017] accumulated_eval_time=120.968, accumulated_logging_time=0.18301, accumulated_submission_time=5192.59, global_step=11017, preemption_count=0, score=5192.59, test/accuracy=0.22340001165866852, test/loss=3.979877233505249, test/num_examples=10000, total_duration=5313.86, train/accuracy=0.31474608182907104, train/loss=3.3536767959594727, validation/accuracy=0.29325997829437256, validation/loss=3.4635674953460693, validation/num_examples=50000
I0612 12:25:21.247594 139649709548736 spec.py:333] Evaluating on the training split.
I0612 12:25:34.977383 139649709548736 spec.py:346] Evaluating on the validation split.
I0612 12:25:44.265180 139649709548736 spec.py:363] Evaluating on the test split.
I0612 12:25:45.228157 139649709548736 submission_runner.py:516] Time since start: 7909.45s, 	Step: 16586, 	{'train/accuracy': Array(0.40923828, dtype=float32), 'train/loss': Array(2.730874, dtype=float32), 'validation/accuracy': Array(0.36859998, dtype=float32), 'validation/loss': Array(2.965062, dtype=float32), 'validation/num_examples': 50000, 'test/accuracy': Array(0.2754, dtype=float32), 'test/loss': Array(3.5604157, dtype=float32), 'test/num_examples': 10000, 'score': 7764.046805381775, 'total_duration': 7909.452036380768, 'accumulated_submission_time': 7764.046805381775, 'accumulated_eval_time': 144.94663548469543, 'accumulated_logging_time': 0.26365184783935547}
I0612 12:25:45.294923 139424260138752 logging_writer.py:48] [16586] accumulated_eval_time=144.947, accumulated_logging_time=0.263652, accumulated_submission_time=7764.05, global_step=16586, preemption_count=0, score=7764.05, test/accuracy=0.2754000127315521, test/loss=3.560415744781494, test/num_examples=10000, total_duration=7909.45, train/accuracy=0.4092382788658142, train/loss=2.7308740615844727, validation/accuracy=0.3685999810695648, validation/loss=2.965061902999878, validation/num_examples=50000
I0612 13:08:36.912285 139649709548736 spec.py:333] Evaluating on the training split.
I0612 13:08:50.452055 139649709548736 spec.py:346] Evaluating on the validation split.
I0612 13:08:59.379601 139649709548736 spec.py:363] Evaluating on the test split.
I0612 13:09:00.349296 139649709548736 submission_runner.py:516] Time since start: 10504.57s, 	Step: 22145, 	{'train/accuracy': Array(0.45210937, dtype=float32), 'train/loss': Array(2.4687765, dtype=float32), 'validation/accuracy': Array(0.42185998, dtype=float32), 'validation/loss': Array(2.6285725, dtype=float32), 'validation/num_examples': 50000, 'test/accuracy': Array(0.3291, dtype=float32), 'test/loss': Array(3.2469015, dtype=float32), 'test/num_examples': 10000, 'score': 10335.574823617935, 'total_duration': 10504.572893619537, 'accumulated_submission_time': 10335.574823617935, 'accumulated_eval_time': 168.38092851638794, 'accumulated_logging_time': 0.349137544631958}
I0612 13:09:00.409955 139424268531456 logging_writer.py:48] [22145] accumulated_eval_time=168.381, accumulated_logging_time=0.349138, accumulated_submission_time=10335.6, global_step=22145, preemption_count=0, score=10335.6, test/accuracy=0.32910001277923584, test/loss=3.246901512145996, test/num_examples=10000, total_duration=10504.6, train/accuracy=0.45210936665534973, train/loss=2.4687764644622803, validation/accuracy=0.4218599796295166, validation/loss=2.628572463989258, validation/num_examples=50000
I0612 13:51:51.721765 139649709548736 spec.py:333] Evaluating on the training split.
I0612 13:52:04.942530 139649709548736 spec.py:346] Evaluating on the validation split.
I0612 13:52:13.600707 139649709548736 spec.py:363] Evaluating on the test split.
I0612 13:52:14.551403 139649709548736 submission_runner.py:516] Time since start: 13098.77s, 	Step: 27690, 	{'train/accuracy': Array(0.48095703, dtype=float32), 'train/loss': Array(2.3511798, dtype=float32), 'validation/accuracy': Array(0.44985998, dtype=float32), 'validation/loss': Array(2.4952579, dtype=float32), 'validation/num_examples': 50000, 'test/accuracy': Array(0.3492, dtype=float32), 'test/loss': Array(3.1043725, dtype=float32), 'test/num_examples': 10000, 'score': 12906.816390037537, 'total_duration': 13098.77150964737, 'accumulated_submission_time': 12906.816390037537, 'accumulated_eval_time': 191.20436692237854, 'accumulated_logging_time': 0.4212625026702881}
I0612 13:52:14.605578 139424260138752 logging_writer.py:48] [27690] accumulated_eval_time=191.204, accumulated_logging_time=0.421263, accumulated_submission_time=12906.8, global_step=27690, preemption_count=0, score=12906.8, test/accuracy=0.3492000102996826, test/loss=3.104372501373291, test/num_examples=10000, total_duration=13098.8, train/accuracy=0.48095703125, train/loss=2.351179838180542, validation/accuracy=0.44985997676849365, validation/loss=2.49525785446167, validation/num_examples=50000
I0612 14:35:06.321315 139649709548736 spec.py:333] Evaluating on the training split.
I0612 14:35:19.334866 139649709548736 spec.py:346] Evaluating on the validation split.
I0612 14:35:28.283510 139649709548736 spec.py:363] Evaluating on the test split.
I0612 14:35:29.243292 139649709548736 submission_runner.py:516] Time since start: 15693.46s, 	Step: 33212, 	{'train/accuracy': Array(0.5243359, dtype=float32), 'train/loss': Array(2.063872, dtype=float32), 'validation/accuracy': Array(0.48218, dtype=float32), 'validation/loss': Array(2.282032, dtype=float32), 'validation/num_examples': 50000, 'test/accuracy': Array(0.37860003, dtype=float32), 'test/loss': Array(2.9039643, dtype=float32), 'test/num_examples': 10000, 'score': 15478.428569078445, 'total_duration': 15693.458626508713, 'accumulated_submission_time': 15478.428569078445, 'accumulated_eval_time': 214.1154863834381, 'accumulated_logging_time': 0.5106062889099121}
I0612 14:35:29.303681 139424268531456 logging_writer.py:48] [33212] accumulated_eval_time=214.115, accumulated_logging_time=0.510606, accumulated_submission_time=15478.4, global_step=33212, preemption_count=0, score=15478.4, test/accuracy=0.37860003113746643, test/loss=2.9039642810821533, test/num_examples=10000, total_duration=15693.5, train/accuracy=0.5243359208106995, train/loss=2.0638720989227295, validation/accuracy=0.48217999935150146, validation/loss=2.282032012939453, validation/num_examples=50000
I0612 15:18:20.899793 139649709548736 spec.py:333] Evaluating on the training split.
I0612 15:18:33.504311 139649709548736 spec.py:346] Evaluating on the validation split.
I0612 15:18:42.321127 139649709548736 spec.py:363] Evaluating on the test split.
I0612 15:18:43.283847 139649709548736 submission_runner.py:516] Time since start: 18287.51s, 	Step: 38770, 	{'train/accuracy': Array(0.53267574, dtype=float32), 'train/loss': Array(2.0478973, dtype=float32), 'validation/accuracy': Array(0.49758, dtype=float32), 'validation/loss': Array(2.2167928, dtype=float32), 'validation/num_examples': 50000, 'test/accuracy': Array(0.38770002, dtype=float32), 'test/loss': Array(2.8709633, dtype=float32), 'test/num_examples': 10000, 'score': 18049.900129318237, 'total_duration': 18287.507756233215, 'accumulated_submission_time': 18049.900129318237, 'accumulated_eval_time': 236.49714064598083, 'accumulated_logging_time': 0.6315677165985107}
I0612 15:18:43.346355 139424260138752 logging_writer.py:48] [38770] accumulated_eval_time=236.497, accumulated_logging_time=0.631568, accumulated_submission_time=18049.9, global_step=38770, preemption_count=0, score=18049.9, test/accuracy=0.38770002126693726, test/loss=2.8709633350372314, test/num_examples=10000, total_duration=18287.5, train/accuracy=0.5326757431030273, train/loss=2.0478973388671875, validation/accuracy=0.49757999181747437, validation/loss=2.2167928218841553, validation/num_examples=50000
I0612 16:01:34.852966 139649709548736 spec.py:333] Evaluating on the training split.
I0612 16:01:47.230687 139649709548736 spec.py:346] Evaluating on the validation split.
I0612 16:01:56.234234 139649709548736 spec.py:363] Evaluating on the test split.
I0612 16:01:57.180134 139649709548736 submission_runner.py:516] Time since start: 20881.40s, 	Step: 44274, 	{'train/accuracy': Array(0.56257814, dtype=float32), 'train/loss': Array(1.9307209, dtype=float32), 'validation/accuracy': Array(0.51054, dtype=float32), 'validation/loss': Array(2.1858294, dtype=float32), 'validation/num_examples': 50000, 'test/accuracy': Array(0.39540002, dtype=float32), 'test/loss': Array(2.8199446, dtype=float32), 'test/num_examples': 10000, 'score': 20621.32577419281, 'total_duration': 20881.403807878494, 'accumulated_submission_time': 20621.32577419281, 'accumulated_eval_time': 258.8216757774353, 'accumulated_logging_time': 0.7128496170043945}
I0612 16:01:57.247334 139424268531456 logging_writer.py:48] [44274] accumulated_eval_time=258.822, accumulated_logging_time=0.71285, accumulated_submission_time=20621.3, global_step=44274, preemption_count=0, score=20621.3, test/accuracy=0.3954000174999237, test/loss=2.8199446201324463, test/num_examples=10000, total_duration=20881.4, train/accuracy=0.5625781416893005, train/loss=1.9307209253311157, validation/accuracy=0.5105400085449219, validation/loss=2.1858294010162354, validation/num_examples=50000
I0612 16:44:48.600174 139649709548736 spec.py:333] Evaluating on the training split.
I0612 16:44:59.830947 139649709548736 spec.py:346] Evaluating on the validation split.
I0612 16:45:09.069377 139649709548736 spec.py:363] Evaluating on the test split.
I0612 16:45:10.033175 139649709548736 submission_runner.py:516] Time since start: 23474.25s, 	Step: 49783, 	{'train/accuracy': Array(0.5714844, dtype=float32), 'train/loss': Array(1.8874844, dtype=float32), 'validation/accuracy': Array(0.5248, dtype=float32), 'validation/loss': Array(2.096212, dtype=float32), 'validation/num_examples': 50000, 'test/accuracy': Array(0.4081, dtype=float32), 'test/loss': Array(2.7403188, dtype=float32), 'test/num_examples': 10000, 'score': 23192.579429388046, 'total_duration': 23474.25459265709, 'accumulated_submission_time': 23192.579429388046, 'accumulated_eval_time': 280.24979162216187, 'accumulated_logging_time': 0.8187270164489746}
I0612 16:45:10.083116 139424260138752 logging_writer.py:48] [49783] accumulated_eval_time=280.25, accumulated_logging_time=0.818727, accumulated_submission_time=23192.6, global_step=49783, preemption_count=0, score=23192.6, test/accuracy=0.4081000089645386, test/loss=2.740318775177002, test/num_examples=10000, total_duration=23474.3, train/accuracy=0.571484386920929, train/loss=1.8874844312667847, validation/accuracy=0.5248000025749207, validation/loss=2.0962119102478027, validation/num_examples=50000
I0612 17:28:01.454883 139649709548736 spec.py:333] Evaluating on the training split.
I0612 17:28:11.690406 139649709548736 spec.py:346] Evaluating on the validation split.
I0612 17:28:21.975500 139649709548736 spec.py:363] Evaluating on the test split.
I0612 17:28:22.929468 139649709548736 submission_runner.py:516] Time since start: 26067.15s, 	Step: 55294, 	{'train/accuracy': Array(0.57998043, dtype=float32), 'train/loss': Array(1.8351493, dtype=float32), 'validation/accuracy': Array(0.53806, dtype=float32), 'validation/loss': Array(2.0126183, dtype=float32), 'validation/num_examples': 50000, 'test/accuracy': Array(0.42350003, dtype=float32), 'test/loss': Array(2.6613603, dtype=float32), 'test/num_examples': 10000, 'score': 25763.8077981472, 'total_duration': 26067.153025388718, 'accumulated_submission_time': 25763.8077981472, 'accumulated_eval_time': 301.7216258049011, 'accumulated_logging_time': 0.9427506923675537}
I0612 17:28:23.000290 139424268531456 logging_writer.py:48] [55294] accumulated_eval_time=301.722, accumulated_logging_time=0.942751, accumulated_submission_time=25763.8, global_step=55294, preemption_count=0, score=25763.8, test/accuracy=0.42350003123283386, test/loss=2.661360263824463, test/num_examples=10000, total_duration=26067.2, train/accuracy=0.5799804329872131, train/loss=1.8351492881774902, validation/accuracy=0.5380600094795227, validation/loss=2.01261830329895, validation/num_examples=50000
I0612 18:11:14.621889 139649709548736 spec.py:333] Evaluating on the training split.
I0612 18:11:23.856248 139649709548736 spec.py:346] Evaluating on the validation split.
I0612 18:11:35.069392 139649709548736 spec.py:363] Evaluating on the test split.
I0612 18:11:36.118318 139649709548736 submission_runner.py:516] Time since start: 28660.34s, 	Step: 60792, 	{'train/accuracy': Array(0.6084765, dtype=float32), 'train/loss': Array(1.6917067, dtype=float32), 'validation/accuracy': Array(0.5485, dtype=float32), 'validation/loss': Array(1.9617639, dtype=float32), 'validation/num_examples': 50000, 'test/accuracy': Array(0.4282, dtype=float32), 'test/loss': Array(2.6067603, dtype=float32), 'test/num_examples': 10000, 'score': 28335.341141462326, 'total_duration': 28660.33793234825, 'accumulated_submission_time': 28335.341141462326, 'accumulated_eval_time': 323.2113597393036, 'accumulated_logging_time': 1.0423262119293213}
I0612 18:11:36.176875 139424260138752 logging_writer.py:48] [60792] accumulated_eval_time=323.211, accumulated_logging_time=1.04233, accumulated_submission_time=28335.3, global_step=60792, preemption_count=0, score=28335.3, test/accuracy=0.42820000648498535, test/loss=2.606760263442993, test/num_examples=10000, total_duration=28660.3, train/accuracy=0.6084765195846558, train/loss=1.691706657409668, validation/accuracy=0.5485000014305115, validation/loss=1.961763858795166, validation/num_examples=50000
I0612 18:54:27.623444 139649709548736 spec.py:333] Evaluating on the training split.
I0612 18:54:35.216743 139649709548736 spec.py:346] Evaluating on the validation split.
I0612 18:54:46.169809 139649709548736 spec.py:363] Evaluating on the test split.
I0612 18:54:47.151770 139649709548736 submission_runner.py:516] Time since start: 31251.38s, 	Step: 66287, 	{'train/accuracy': Array(0.6046875, dtype=float32), 'train/loss': Array(1.705058, dtype=float32), 'validation/accuracy': Array(0.55948, dtype=float32), 'validation/loss': Array(1.9208329, dtype=float32), 'validation/num_examples': 50000, 'test/accuracy': Array(0.44480002, dtype=float32), 'test/loss': Array(2.5532582, dtype=float32), 'test/num_examples': 10000, 'score': 30906.669630765915, 'total_duration': 31251.375101327896, 'accumulated_submission_time': 30906.669630765915, 'accumulated_eval_time': 342.7367136478424, 'accumulated_logging_time': 1.1616861820220947}
I0612 18:54:47.216931 139424268531456 logging_writer.py:48] [66287] accumulated_eval_time=342.737, accumulated_logging_time=1.16169, accumulated_submission_time=30906.7, global_step=66287, preemption_count=0, score=30906.7, test/accuracy=0.4448000192642212, test/loss=2.553258180618286, test/num_examples=10000, total_duration=31251.4, train/accuracy=0.604687511920929, train/loss=1.705057978630066, validation/accuracy=0.5594800114631653, validation/loss=1.920832872390747, validation/num_examples=50000
I0612 19:37:38.522220 139649709548736 spec.py:333] Evaluating on the training split.
I0612 19:37:46.231945 139649709548736 spec.py:346] Evaluating on the validation split.
I0612 19:37:56.982665 139649709548736 spec.py:363] Evaluating on the test split.
I0612 19:37:57.950071 139649709548736 submission_runner.py:516] Time since start: 33842.17s, 	Step: 71777, 	{'train/accuracy': Array(0.61148435, dtype=float32), 'train/loss': Array(1.7056204, dtype=float32), 'validation/accuracy': Array(0.56804, dtype=float32), 'validation/loss': Array(1.8977507, dtype=float32), 'validation/num_examples': 50000, 'test/accuracy': Array(0.44930002, dtype=float32), 'test/loss': Array(2.5307693, dtype=float32), 'test/num_examples': 10000, 'score': 33477.882937669754, 'total_duration': 33842.171949863434, 'accumulated_submission_time': 33477.882937669754, 'accumulated_eval_time': 362.1601481437683, 'accumulated_logging_time': 1.2587249279022217}
I0612 19:37:58.041788 139424260138752 logging_writer.py:48] [71777] accumulated_eval_time=362.16, accumulated_logging_time=1.25872, accumulated_submission_time=33477.9, global_step=71777, preemption_count=0, score=33477.9, test/accuracy=0.44930002093315125, test/loss=2.5307693481445312, test/num_examples=10000, total_duration=33842.2, train/accuracy=0.6114843487739563, train/loss=1.7056204080581665, validation/accuracy=0.5680400133132935, validation/loss=1.897750735282898, validation/num_examples=50000
I0612 20:20:49.524800 139649709548736 spec.py:333] Evaluating on the training split.
I0612 20:20:57.241009 139649709548736 spec.py:346] Evaluating on the validation split.
I0612 20:21:08.630711 139649709548736 spec.py:363] Evaluating on the test split.
I0612 20:21:09.648364 139649709548736 submission_runner.py:516] Time since start: 36433.85s, 	Step: 77264, 	{'train/accuracy': Array(0.6386328, dtype=float32), 'train/loss': Array(1.5378906, dtype=float32), 'validation/accuracy': Array(0.58188, dtype=float32), 'validation/loss': Array(1.7883234, dtype=float32), 'validation/num_examples': 50000, 'test/accuracy': Array(0.462, dtype=float32), 'test/loss': Array(2.4322402, dtype=float32), 'test/num_examples': 10000, 'score': 36049.2433590889, 'total_duration': 36433.849440813065, 'accumulated_submission_time': 36049.2433590889, 'accumulated_eval_time': 382.2584731578827, 'accumulated_logging_time': 1.4127519130706787}
I0612 20:21:09.713480 139424268531456 logging_writer.py:48] [77264] accumulated_eval_time=382.258, accumulated_logging_time=1.41275, accumulated_submission_time=36049.2, global_step=77264, preemption_count=0, score=36049.2, test/accuracy=0.4620000123977661, test/loss=2.4322402477264404, test/num_examples=10000, total_duration=36433.8, train/accuracy=0.6386327743530273, train/loss=1.5378905534744263, validation/accuracy=0.5818799734115601, validation/loss=1.7883234024047852, validation/num_examples=50000
I0612 21:04:00.990968 139649709548736 spec.py:333] Evaluating on the training split.
I0612 21:04:08.366352 139649709548736 spec.py:346] Evaluating on the validation split.
I0612 21:04:20.004582 139649709548736 spec.py:363] Evaluating on the test split.
I0612 21:04:21.004335 139649709548736 submission_runner.py:516] Time since start: 39025.23s, 	Step: 82770, 	{'train/accuracy': Array(0.64125, dtype=float32), 'train/loss': Array(1.5035173, dtype=float32), 'validation/accuracy': Array(0.59528, dtype=float32), 'validation/loss': Array(1.7106712, dtype=float32), 'validation/num_examples': 50000, 'test/accuracy': Array(0.4726, dtype=float32), 'test/loss': Array(2.3526125, dtype=float32), 'test/num_examples': 10000, 'score': 38620.42838096619, 'total_duration': 39025.22784662247, 'accumulated_submission_time': 38620.42838096619, 'accumulated_eval_time': 402.26904129981995, 'accumulated_logging_time': 1.5082018375396729}
I0612 21:04:21.085494 139424260138752 logging_writer.py:48] [82770] accumulated_eval_time=402.269, accumulated_logging_time=1.5082, accumulated_submission_time=38620.4, global_step=82770, preemption_count=0, score=38620.4, test/accuracy=0.4726000130176544, test/loss=2.3526124954223633, test/num_examples=10000, total_duration=39025.2, train/accuracy=0.6412500143051147, train/loss=1.5035172700881958, validation/accuracy=0.5952799916267395, validation/loss=1.7106711864471436, validation/num_examples=50000
I0612 21:47:12.494285 139649709548736 spec.py:333] Evaluating on the training split.
I0612 21:47:20.101488 139649709548736 spec.py:346] Evaluating on the validation split.
I0612 21:47:32.037100 139649709548736 spec.py:363] Evaluating on the test split.
I0612 21:47:32.985704 139649709548736 submission_runner.py:516] Time since start: 41617.21s, 	Step: 88287, 	{'train/accuracy': Array(0.6473242, dtype=float32), 'train/loss': Array(1.4834634, dtype=float32), 'validation/accuracy': Array(0.59856, dtype=float32), 'validation/loss': Array(1.6982576, dtype=float32), 'validation/num_examples': 50000, 'test/accuracy': Array(0.48110002, dtype=float32), 'test/loss': Array(2.3334703, dtype=float32), 'test/num_examples': 10000, 'score': 41191.72902464867, 'total_duration': 41617.20833182335, 'accumulated_submission_time': 41191.72902464867, 'accumulated_eval_time': 422.7567756175995, 'accumulated_logging_time': 1.637878656387329}
I0612 21:47:33.063403 139424268531456 logging_writer.py:48] [88287] accumulated_eval_time=422.757, accumulated_logging_time=1.63788, accumulated_submission_time=41191.7, global_step=88287, preemption_count=0, score=41191.7, test/accuracy=0.48110002279281616, test/loss=2.333470344543457, test/num_examples=10000, total_duration=41617.2, train/accuracy=0.6473242044448853, train/loss=1.4834634065628052, validation/accuracy=0.5985599756240845, validation/loss=1.698257565498352, validation/num_examples=50000
I0612 22:30:24.540888 139649709548736 spec.py:333] Evaluating on the training split.
I0612 22:30:32.147972 139649709548736 spec.py:346] Evaluating on the validation split.
I0612 22:30:44.170607 139649709548736 spec.py:363] Evaluating on the test split.
I0612 22:30:45.199727 139649709548736 submission_runner.py:516] Time since start: 44209.42s, 	Step: 93805, 	{'train/accuracy': Array(0.6659765, dtype=float32), 'train/loss': Array(1.3895656, dtype=float32), 'validation/accuracy': Array(0.61196, dtype=float32), 'validation/loss': Array(1.6351709, dtype=float32), 'validation/num_examples': 50000, 'test/accuracy': Array(0.48580003, dtype=float32), 'test/loss': Array(2.281502, dtype=float32), 'test/num_examples': 10000, 'score': 43763.137538433075, 'total_duration': 44209.42308163643, 'accumulated_submission_time': 43763.137538433075, 'accumulated_eval_time': 443.4126591682434, 'accumulated_logging_time': 1.726989984512329}
I0612 22:30:45.260254 139424260138752 logging_writer.py:48] [93805] accumulated_eval_time=443.413, accumulated_logging_time=1.72699, accumulated_submission_time=43763.1, global_step=93805, preemption_count=0, score=43763.1, test/accuracy=0.48580002784729004, test/loss=2.2815020084381104, test/num_examples=10000, total_duration=44209.4, train/accuracy=0.6659765243530273, train/loss=1.3895655870437622, validation/accuracy=0.6119599938392639, validation/loss=1.6351709365844727, validation/num_examples=50000
I0612 23:13:36.947844 139649709548736 spec.py:333] Evaluating on the training split.
I0612 23:13:44.653918 139649709548736 spec.py:346] Evaluating on the validation split.
I0612 23:14:59.087098 139649709548736 spec.py:363] Evaluating on the test split.
I0612 23:15:00.060923 139649709548736 submission_runner.py:516] Time since start: 46864.28s, 	Step: 99294, 	{'train/accuracy': Array(0.6667773, dtype=float32), 'train/loss': Array(1.4024941, dtype=float32), 'validation/accuracy': Array(0.61664, dtype=float32), 'validation/loss': Array(1.6176144, dtype=float32), 'validation/num_examples': 50000, 'test/accuracy': Array(0.49920002, dtype=float32), 'test/loss': Array(2.2579315, dtype=float32), 'test/num_examples': 10000, 'score': 46334.720435619354, 'total_duration': 46864.28474140167, 'accumulated_submission_time': 46334.720435619354, 'accumulated_eval_time': 526.523246049881, 'accumulated_logging_time': 1.8339335918426514}
I0612 23:15:00.105772 139424268531456 logging_writer.py:48] [99294] accumulated_eval_time=526.523, accumulated_logging_time=1.83393, accumulated_submission_time=46334.7, global_step=99294, preemption_count=0, score=46334.7, test/accuracy=0.4992000162601471, test/loss=2.2579314708709717, test/num_examples=10000, total_duration=46864.3, train/accuracy=0.6667773127555847, train/loss=1.4024940729141235, validation/accuracy=0.6166399717330933, validation/loss=1.6176143884658813, validation/num_examples=50000
I0612 23:57:51.657976 139649709548736 spec.py:333] Evaluating on the training split.
I0612 23:58:00.455402 139649709548736 spec.py:346] Evaluating on the validation split.
I0612 23:59:08.281420 139649709548736 spec.py:363] Evaluating on the test split.
I0612 23:59:09.298895 139649709548736 submission_runner.py:516] Time since start: 49513.48s, 	Step: 104765, 	{'train/accuracy': Array(0.6768359, dtype=float32), 'train/loss': Array(1.3456203, dtype=float32), 'validation/accuracy': Array(0.6313, dtype=float32), 'validation/loss': Array(1.5490565, dtype=float32), 'validation/num_examples': 50000, 'test/accuracy': Array(0.5033, dtype=float32), 'test/loss': Array(2.1952088, dtype=float32), 'test/num_examples': 10000, 'score': 48906.19797182083, 'total_duration': 49513.47898840904, 'accumulated_submission_time': 48906.19797182083, 'accumulated_eval_time': 604.1179487705231, 'accumulated_logging_time': 1.8879172801971436}
I0612 23:59:10.200973 139424260138752 logging_writer.py:48] [104765] accumulated_eval_time=604.118, accumulated_logging_time=1.88792, accumulated_submission_time=48906.2, global_step=104765, preemption_count=0, score=48906.2, test/accuracy=0.5033000111579895, test/loss=2.195208787918091, test/num_examples=10000, total_duration=49513.5, train/accuracy=0.6768358945846558, train/loss=1.3456202745437622, validation/accuracy=0.6312999725341797, validation/loss=1.5490565299987793, validation/num_examples=50000
I0613 00:42:01.061970 139649709548736 spec.py:333] Evaluating on the training split.
I0613 00:42:09.153661 139649709548736 spec.py:346] Evaluating on the validation split.
I0613 00:43:15.656551 139649709548736 spec.py:363] Evaluating on the test split.
I0613 00:43:16.838898 139649709548736 submission_runner.py:516] Time since start: 52160.82s, 	Step: 110004, 	{'train/accuracy': Array(0.70671874, dtype=float32), 'train/loss': Array(1.2144423, dtype=float32), 'validation/accuracy': Array(0.6415, dtype=float32), 'validation/loss': Array(1.4975452, dtype=float32), 'validation/num_examples': 50000, 'test/accuracy': Array(0.5158, dtype=float32), 'test/loss': Array(2.1551611, dtype=float32), 'test/num_examples': 10000, 'score': 51476.37810730934, 'total_duration': 52160.81958150864, 'accumulated_submission_time': 51476.37810730934, 'accumulated_eval_time': 679.6937828063965, 'accumulated_logging_time': 3.3584065437316895}
I0613 00:43:18.347222 139424268531456 logging_writer.py:48] [110004] accumulated_eval_time=679.694, accumulated_logging_time=3.35841, accumulated_submission_time=51476.4, global_step=110004, preemption_count=0, score=51476.4, test/accuracy=0.5157999992370605, test/loss=2.155161142349243, test/num_examples=10000, total_duration=52160.8, train/accuracy=0.7067187428474426, train/loss=1.214442253112793, validation/accuracy=0.6414999961853027, validation/loss=1.4975452423095703, validation/num_examples=50000
I0613 01:26:08.188520 139649709548736 spec.py:333] Evaluating on the training split.
I0613 01:26:16.751335 139649709548736 spec.py:346] Evaluating on the validation split.
I0613 01:27:42.619485 139649709548736 spec.py:363] Evaluating on the test split.
I0613 01:27:43.851172 139649709548736 submission_runner.py:516] Time since start: 54827.85s, 	Step: 114847, 	{'train/accuracy': Array(0.7024414, dtype=float32), 'train/loss': Array(1.2217051, dtype=float32), 'validation/accuracy': Array(0.64857996, dtype=float32), 'validation/loss': Array(1.4632891, dtype=float32), 'validation/num_examples': 50000, 'test/accuracy': Array(0.52360004, dtype=float32), 'test/loss': Array(2.1065707, dtype=float32), 'test/num_examples': 10000, 'score': 54045.15802001953, 'total_duration': 54827.85317158699, 'accumulated_submission_time': 54045.15802001953, 'accumulated_eval_time': 775.1750731468201, 'accumulated_logging_time': 5.8284971714019775}
I0613 01:27:45.284416 139424260138752 logging_writer.py:48] [114847] accumulated_eval_time=775.175, accumulated_logging_time=5.8285, accumulated_submission_time=54045.2, global_step=114847, preemption_count=0, score=54045.2, test/accuracy=0.5236000418663025, test/loss=2.1065707206726074, test/num_examples=10000, total_duration=54827.9, train/accuracy=0.702441394329071, train/loss=1.2217050790786743, validation/accuracy=0.6485799551010132, validation/loss=1.4632891416549683, validation/num_examples=50000
I0613 02:10:35.474779 139649709548736 spec.py:333] Evaluating on the training split.
I0613 02:10:41.880706 139649709548736 spec.py:346] Evaluating on the validation split.
I0613 02:12:52.967038 139649709548736 spec.py:363] Evaluating on the test split.
I0613 02:12:54.314411 139649709548736 submission_runner.py:516] Time since start: 57538.23s, 	Step: 119388, 	{'train/accuracy': Array(0.7170508, dtype=float32), 'train/loss': Array(1.1702043, dtype=float32), 'validation/accuracy': Array(0.66146, dtype=float32), 'validation/loss': Array(1.4138013, dtype=float32), 'validation/num_examples': 50000, 'test/accuracy': Array(0.5407, dtype=float32), 'test/loss': Array(2.037621, dtype=float32), 'test/num_examples': 10000, 'score': 56614.21372938156, 'total_duration': 57538.23089456558, 'accumulated_submission_time': 56614.21372938156, 'accumulated_eval_time': 913.7381236553192, 'accumulated_logging_time': 8.312762260437012}
I0613 02:12:56.156269 139424268531456 logging_writer.py:48] [119388] accumulated_eval_time=913.738, accumulated_logging_time=8.31276, accumulated_submission_time=56614.2, global_step=119388, preemption_count=0, score=56614.2, test/accuracy=0.5407000184059143, test/loss=2.037621021270752, test/num_examples=10000, total_duration=57538.2, train/accuracy=0.7170507907867432, train/loss=1.1702042818069458, validation/accuracy=0.6614599823951721, validation/loss=1.4138013124465942, validation/num_examples=50000
I0613 02:55:46.201798 139649709548736 spec.py:333] Evaluating on the training split.
I0613 02:55:52.461180 139649709548736 spec.py:346] Evaluating on the validation split.
I0613 02:57:45.162406 139649709548736 spec.py:363] Evaluating on the test split.
I0613 02:57:46.455858 139649709548736 submission_runner.py:516] Time since start: 60230.41s, 	Step: 123679, 	{'train/accuracy': Array(0.72277343, dtype=float32), 'train/loss': Array(1.1357329, dtype=float32), 'validation/accuracy': Array(0.66656, dtype=float32), 'validation/loss': Array(1.3823342, dtype=float32), 'validation/num_examples': 50000, 'test/accuracy': Array(0.5404, dtype=float32), 'test/loss': Array(2.0062644, dtype=float32), 'test/num_examples': 10000, 'score': 59183.160745859146, 'total_duration': 60230.40955877304, 'accumulated_submission_time': 59183.160745859146, 'accumulated_eval_time': 1033.7354764938354, 'accumulated_logging_time': 11.18922472000122}
I0613 02:57:48.256113 139424260138752 logging_writer.py:48] [123679] accumulated_eval_time=1033.74, accumulated_logging_time=11.1892, accumulated_submission_time=59183.2, global_step=123679, preemption_count=0, score=59183.2, test/accuracy=0.5404000282287598, test/loss=2.0062644481658936, test/num_examples=10000, total_duration=60230.4, train/accuracy=0.7227734327316284, train/loss=1.135732889175415, validation/accuracy=0.6665599942207336, validation/loss=1.3823342323303223, validation/num_examples=50000
I0613 03:40:37.609835 139649709548736 spec.py:333] Evaluating on the training split.
I0613 03:40:42.442900 139649709548736 spec.py:346] Evaluating on the validation split.
I0613 03:42:08.292230 139649709548736 spec.py:363] Evaluating on the test split.
I0613 03:42:09.321841 139649709548736 submission_runner.py:516] Time since start: 62893.49s, 	Step: 127822, 	{'train/accuracy': Array(0.7371484, dtype=float32), 'train/loss': Array(1.0563723, dtype=float32), 'validation/accuracy': Array(0.67469996, dtype=float32), 'validation/loss': Array(1.3352637, dtype=float32), 'validation/num_examples': 50000, 'test/accuracy': Array(0.5497, dtype=float32), 'test/loss': Array(1.9709388, dtype=float32), 'test/num_examples': 10000, 'score': 61751.398701906204, 'total_duration': 62893.48723530769, 'accumulated_submission_time': 61751.398701906204, 'accumulated_eval_time': 1125.3865704536438, 'accumulated_logging_time': 14.039933681488037}
I0613 03:42:09.950376 139424268531456 logging_writer.py:48] [127822] accumulated_eval_time=1125.39, accumulated_logging_time=14.0399, accumulated_submission_time=61751.4, global_step=127822, preemption_count=0, score=61751.4, test/accuracy=0.5497000217437744, test/loss=1.970938801765442, test/num_examples=10000, total_duration=62893.5, train/accuracy=0.7371484041213989, train/loss=1.0563722848892212, validation/accuracy=0.6746999621391296, validation/loss=1.335263729095459, validation/num_examples=50000
I0613 04:25:00.854309 139649709548736 spec.py:333] Evaluating on the training split.
I0613 04:25:05.353312 139649709548736 spec.py:346] Evaluating on the validation split.
I0613 04:26:05.089491 139649709548736 spec.py:363] Evaluating on the test split.
I0613 04:26:06.159091 139649709548736 submission_runner.py:516] Time since start: 65530.29s, 	Step: 131998, 	{'train/accuracy': Array(0.74037105, dtype=float32), 'train/loss': Array(1.0521742, dtype=float32), 'validation/accuracy': Array(0.67972, dtype=float32), 'validation/loss': Array(1.3152688, dtype=float32), 'validation/num_examples': 50000, 'test/accuracy': Array(0.5568, dtype=float32), 'test/loss': Array(1.9426336, dtype=float32), 'test/num_examples': 10000, 'score': 64321.81327390671, 'total_duration': 65530.287588357925, 'accumulated_submission_time': 64321.81327390671, 'accumulated_eval_time': 1190.5935368537903, 'accumulated_logging_time': 15.100124835968018}
I0613 04:26:06.686771 139424260138752 logging_writer.py:48] [131998] accumulated_eval_time=1190.59, accumulated_logging_time=15.1001, accumulated_submission_time=64321.8, global_step=131998, preemption_count=0, score=64321.8, test/accuracy=0.5568000078201294, test/loss=1.9426336288452148, test/num_examples=10000, total_duration=65530.3, train/accuracy=0.74037104845047, train/loss=1.0521742105484009, validation/accuracy=0.6797199845314026, validation/loss=1.3152687549591064, validation/num_examples=50000
I0613 05:08:57.339987 139649709548736 spec.py:333] Evaluating on the training split.
I0613 05:09:02.438414 139649709548736 spec.py:346] Evaluating on the validation split.
I0613 05:10:28.144338 139649709548736 spec.py:363] Evaluating on the test split.
I0613 05:10:29.228055 139649709548736 submission_runner.py:516] Time since start: 68193.34s, 	Step: 136234, 	{'train/accuracy': Array(0.75353515, dtype=float32), 'train/loss': Array(1.0090171, dtype=float32), 'validation/accuracy': Array(0.69166, dtype=float32), 'validation/loss': Array(1.2730649, dtype=float32), 'validation/num_examples': 50000, 'test/accuracy': Array(0.56990004, dtype=float32), 'test/loss': Array(1.8881673, dtype=float32), 'test/num_examples': 10000, 'score': 66891.84046077728, 'total_duration': 68193.34165430069, 'accumulated_submission_time': 66891.84046077728, 'accumulated_eval_time': 1282.368889093399, 'accumulated_logging_time': 16.204076290130615}
I0613 05:10:29.852105 139424268531456 logging_writer.py:48] [136234] accumulated_eval_time=1282.37, accumulated_logging_time=16.2041, accumulated_submission_time=66891.8, global_step=136234, preemption_count=0, score=66891.8, test/accuracy=0.5699000358581543, test/loss=1.8881672620773315, test/num_examples=10000, total_duration=68193.3, train/accuracy=0.7535351514816284, train/loss=1.0090171098709106, validation/accuracy=0.6916599869728088, validation/loss=1.2730648517608643, validation/num_examples=50000
I0613 05:53:20.527388 139649709548736 spec.py:333] Evaluating on the training split.
I0613 05:53:25.187277 139649709548736 spec.py:346] Evaluating on the validation split.
I0613 05:54:47.106608 139649709548736 spec.py:363] Evaluating on the test split.
I0613 05:54:48.476203 139649709548736 submission_runner.py:516] Time since start: 70852.32s, 	Step: 140378, 	{'train/accuracy': Array(0.7664258, dtype=float32), 'train/loss': Array(0.9342596, dtype=float32), 'validation/accuracy': Array(0.69802, dtype=float32), 'validation/loss': Array(1.2335548, dtype=float32), 'validation/num_examples': 50000, 'test/accuracy': Array(0.57430005, dtype=float32), 'test/loss': Array(1.8548993, dtype=float32), 'test/num_examples': 10000, 'score': 69462.02342700958, 'total_duration': 70852.31648278236, 'accumulated_submission_time': 69462.02342700958, 'accumulated_eval_time': 1369.9316761493683, 'accumulated_logging_time': 17.275021076202393}
I0613 05:54:50.024780 139424260138752 logging_writer.py:48] [140378] accumulated_eval_time=1369.93, accumulated_logging_time=17.275, accumulated_submission_time=69462, global_step=140378, preemption_count=0, score=69462, test/accuracy=0.5743000507354736, test/loss=1.854899287223816, test/num_examples=10000, total_duration=70852.3, train/accuracy=0.7664257884025574, train/loss=0.9342595934867859, validation/accuracy=0.6980199813842773, validation/loss=1.2335548400878906, validation/num_examples=50000
I0613 06:37:39.580196 139649709548736 spec.py:333] Evaluating on the training split.
I0613 06:37:44.217822 139649709548736 spec.py:346] Evaluating on the validation split.
I0613 06:38:43.631641 139649709548736 spec.py:363] Evaluating on the test split.
I0613 06:38:44.718074 139649709548736 submission_runner.py:516] Time since start: 73488.83s, 	Step: 144503, 	{'train/accuracy': Array(0.7692578, dtype=float32), 'train/loss': Array(0.90946364, dtype=float32), 'validation/accuracy': Array(0.70706, dtype=float32), 'validation/loss': Array(1.1904781, dtype=float32), 'validation/num_examples': 50000, 'test/accuracy': Array(0.57720006, dtype=float32), 'test/loss': Array(1.806121, dtype=float32), 'test/num_examples': 10000, 'score': 72030.41739201546, 'total_duration': 73488.82788419724, 'accumulated_submission_time': 72030.41739201546, 'accumulated_eval_time': 1434.953057050705, 'accumulated_logging_time': 19.936593770980835}
I0613 06:38:45.302801 139424268531456 logging_writer.py:48] [144503] accumulated_eval_time=1434.95, accumulated_logging_time=19.9366, accumulated_submission_time=72030.4, global_step=144503, preemption_count=0, score=72030.4, test/accuracy=0.5772000551223755, test/loss=1.8061209917068481, test/num_examples=10000, total_duration=73488.8, train/accuracy=0.7692577838897705, train/loss=0.90946364402771, validation/accuracy=0.7070599794387817, validation/loss=1.1904780864715576, validation/num_examples=50000
I0613 07:21:36.231054 139649709548736 spec.py:333] Evaluating on the training split.
I0613 07:21:42.205590 139649709548736 spec.py:346] Evaluating on the validation split.
I0613 07:23:22.516590 139649709548736 spec.py:363] Evaluating on the test split.
I0613 07:23:23.542954 139649709548736 submission_runner.py:516] Time since start: 76167.71s, 	Step: 148732, 	{'train/accuracy': Array(0.779707, dtype=float32), 'train/loss': Array(0.89388156, dtype=float32), 'validation/accuracy': Array(0.71096, dtype=float32), 'validation/loss': Array(1.1781058, dtype=float32), 'validation/num_examples': 50000, 'test/accuracy': Array(0.586, dtype=float32), 'test/loss': Array(1.7937452, dtype=float32), 'test/num_examples': 10000, 'score': 74600.81390881538, 'total_duration': 76167.7112083435, 'accumulated_submission_time': 74600.81390881538, 'accumulated_eval_time': 1542.2241384983063, 'accumulated_logging_time': 20.989373683929443}
I0613 07:23:24.199964 139424260138752 logging_writer.py:48] [148732] accumulated_eval_time=1542.22, accumulated_logging_time=20.9894, accumulated_submission_time=74600.8, global_step=148732, preemption_count=0, score=74600.8, test/accuracy=0.5860000252723694, test/loss=1.7937451601028442, test/num_examples=10000, total_duration=76167.7, train/accuracy=0.7797070145606995, train/loss=0.8938815593719482, validation/accuracy=0.7109599709510803, validation/loss=1.1781058311462402, validation/num_examples=50000
I0613 08:06:15.036948 139649709548736 spec.py:333] Evaluating on the training split.
I0613 08:06:19.819845 139649709548736 spec.py:346] Evaluating on the validation split.
I0613 08:07:31.337102 139649709548736 spec.py:363] Evaluating on the test split.
I0613 08:07:33.230559 139649709548736 submission_runner.py:516] Time since start: 78816.60s, 	Step: 152908, 	{'train/accuracy': Array(0.78697264, dtype=float32), 'train/loss': Array(0.83900535, dtype=float32), 'validation/accuracy': Array(0.72028, dtype=float32), 'validation/loss': Array(1.1293465, dtype=float32), 'validation/num_examples': 50000, 'test/accuracy': Array(0.59790003, dtype=float32), 'test/loss': Array(1.7390591, dtype=float32), 'test/num_examples': 10000, 'score': 77171.15967273712, 'total_duration': 78816.60100245476, 'accumulated_submission_time': 77171.15967273712, 'accumulated_eval_time': 1619.561886548996, 'accumulated_logging_time': 22.090012311935425}
I0613 08:07:34.879783 139424268531456 logging_writer.py:48] [152908] accumulated_eval_time=1619.56, accumulated_logging_time=22.09, accumulated_submission_time=77171.2, global_step=152908, preemption_count=0, score=77171.2, test/accuracy=0.5979000329971313, test/loss=1.7390590906143188, test/num_examples=10000, total_duration=78816.6, train/accuracy=0.7869726419448853, train/loss=0.8390053510665894, validation/accuracy=0.7202799916267395, validation/loss=1.129346489906311, validation/num_examples=50000
I0613 08:50:24.284787 139649709548736 spec.py:333] Evaluating on the training split.
I0613 08:50:29.594430 139649709548736 spec.py:346] Evaluating on the validation split.
I0613 08:51:40.727549 139649709548736 spec.py:363] Evaluating on the test split.
I0613 08:51:41.878603 139649709548736 submission_runner.py:516] Time since start: 81465.92s, 	Step: 157069, 	{'train/accuracy': Array(0.79521483, dtype=float32), 'train/loss': Array(0.80614966, dtype=float32), 'validation/accuracy': Array(0.72446, dtype=float32), 'validation/loss': Array(1.1142199, dtype=float32), 'validation/num_examples': 50000, 'test/accuracy': Array(0.5963, dtype=float32), 'test/loss': Array(1.7276403, dtype=float32), 'test/num_examples': 10000, 'score': 79739.17273211479, 'total_duration': 81465.9207482338, 'accumulated_submission_time': 79739.17273211479, 'accumulated_eval_time': 1696.9715366363525, 'accumulated_logging_time': 25.070319652557373}
I0613 08:51:42.405107 139424260138752 logging_writer.py:48] [157069] accumulated_eval_time=1696.97, accumulated_logging_time=25.0703, accumulated_submission_time=79739.2, global_step=157069, preemption_count=0, score=79739.2, test/accuracy=0.5963000059127808, test/loss=1.7276402711868286, test/num_examples=10000, total_duration=81465.9, train/accuracy=0.795214831829071, train/loss=0.8061496615409851, validation/accuracy=0.7244600057601929, validation/loss=1.1142199039459229, validation/num_examples=50000
I0613 09:34:33.193752 139649709548736 spec.py:333] Evaluating on the training split.
I0613 09:34:38.092193 139649709548736 spec.py:346] Evaluating on the validation split.
I0613 09:36:35.876927 139649709548736 spec.py:363] Evaluating on the test split.
I0613 09:36:36.989931 139649709548736 submission_runner.py:516] Time since start: 84161.07s, 	Step: 161187, 	{'train/accuracy': Array(0.79859376, dtype=float32), 'train/loss': Array(0.789151, dtype=float32), 'validation/accuracy': Array(0.72944, dtype=float32), 'validation/loss': Array(1.0884392, dtype=float32), 'validation/num_examples': 50000, 'test/accuracy': Array(0.6047, dtype=float32), 'test/loss': Array(1.698378, dtype=float32), 'test/num_examples': 10000, 'score': 82309.48162007332, 'total_duration': 84161.07246184349, 'accumulated_submission_time': 82309.48162007332, 'accumulated_eval_time': 1820.6239404678345, 'accumulated_logging_time': 26.030879735946655}
I0613 09:36:37.520770 139424268531456 logging_writer.py:48] [161187] accumulated_eval_time=1820.62, accumulated_logging_time=26.0309, accumulated_submission_time=82309.5, global_step=161187, preemption_count=0, score=82309.5, test/accuracy=0.6047000288963318, test/loss=1.6983779668807983, test/num_examples=10000, total_duration=84161.1, train/accuracy=0.7985937595367432, train/loss=0.7891510128974915, validation/accuracy=0.7294399738311768, validation/loss=1.0884392261505127, validation/num_examples=50000
I0613 10:19:28.112268 139649709548736 spec.py:333] Evaluating on the training split.
I0613 10:19:32.843054 139649709548736 spec.py:346] Evaluating on the validation split.
I0613 10:20:05.124888 139649709548736 spec.py:363] Evaluating on the test split.
I0613 10:20:06.184467 139649709548736 submission_runner.py:516] Time since start: 86770.33s, 	Step: 165208, 	{'train/accuracy': Array(0.80080074, dtype=float32), 'train/loss': Array(0.7846822, dtype=float32), 'validation/accuracy': Array(0.73087996, dtype=float32), 'validation/loss': Array(1.081859, dtype=float32), 'validation/num_examples': 50000, 'test/accuracy': Array(0.6049, dtype=float32), 'test/loss': Array(1.6924403, dtype=float32), 'test/num_examples': 10000, 'score': 84879.52475190163, 'total_duration': 86770.3265709877, 'accumulated_submission_time': 84879.52475190163, 'accumulated_eval_time': 1858.611926317215, 'accumulated_logging_time': 27.063387870788574}
I0613 10:20:06.730029 139424260138752 logging_writer.py:48] [165208] accumulated_eval_time=1858.61, accumulated_logging_time=27.0634, accumulated_submission_time=84879.5, global_step=165208, preemption_count=0, score=84879.5, test/accuracy=0.6049000024795532, test/loss=1.6924402713775635, test/num_examples=10000, total_duration=86770.3, train/accuracy=0.8008007407188416, train/loss=0.7846822142601013, validation/accuracy=0.7308799624443054, validation/loss=1.0818589925765991, validation/num_examples=50000
I0613 11:02:57.336795 139649709548736 spec.py:333] Evaluating on the training split.
I0613 11:03:03.104595 139649709548736 spec.py:346] Evaluating on the validation split.
I0613 11:04:18.062635 139649709548736 spec.py:363] Evaluating on the test split.
I0613 11:04:19.103188 139649709548736 submission_runner.py:516] Time since start: 89423.25s, 	Step: 169444, 	{'train/accuracy': Array(0.8009179, dtype=float32), 'train/loss': Array(0.77771884, dtype=float32), 'validation/accuracy': Array(0.732, dtype=float32), 'validation/loss': Array(1.0792552, dtype=float32), 'validation/num_examples': 50000, 'test/accuracy': Array(0.60760003, dtype=float32), 'test/loss': Array(1.6904855, dtype=float32), 'test/num_examples': 10000, 'score': 87449.53238081932, 'total_duration': 89423.25313448906, 'accumulated_submission_time': 87449.53238081932, 'accumulated_eval_time': 1940.3019516468048, 'accumulated_logging_time': 28.15841794013977}
I0613 11:04:19.748470 139424268531456 logging_writer.py:48] [169444] accumulated_eval_time=1940.3, accumulated_logging_time=28.1584, accumulated_submission_time=87449.5, global_step=169444, preemption_count=0, score=87449.5, test/accuracy=0.6076000332832336, test/loss=1.6904854774475098, test/num_examples=10000, total_duration=89423.3, train/accuracy=0.80091792345047, train/loss=0.7777188420295715, validation/accuracy=0.7319999933242798, validation/loss=1.079255223274231, validation/num_examples=50000
I0613 11:47:10.421796 139649709548736 spec.py:333] Evaluating on the training split.
I0613 11:47:15.165388 139649709548736 spec.py:346] Evaluating on the validation split.
I0613 11:48:44.022956 139649709548736 spec.py:363] Evaluating on the test split.
I0613 11:48:45.076685 139649709548736 submission_runner.py:516] Time since start: 92089.21s, 	Step: 173675, 	{'train/accuracy': Array(0.8005664, dtype=float32), 'train/loss': Array(0.77955574, dtype=float32), 'validation/accuracy': Array(0.73197997, dtype=float32), 'validation/loss': Array(1.0792567, dtype=float32), 'validation/num_examples': 50000, 'test/accuracy': Array(0.60770005, dtype=float32), 'test/loss': Array(1.6904882, dtype=float32), 'test/num_examples': 10000, 'score': 90019.67658805847, 'total_duration': 92089.20745205879, 'accumulated_submission_time': 90019.67658805847, 'accumulated_eval_time': 2034.8613035678864, 'accumulated_logging_time': 29.286347150802612}
I0613 11:48:45.773583 139424260138752 logging_writer.py:48] [173675] accumulated_eval_time=2034.86, accumulated_logging_time=29.2863, accumulated_submission_time=90019.7, global_step=173675, preemption_count=0, score=90019.7, test/accuracy=0.6077000498771667, test/loss=1.6904882192611694, test/num_examples=10000, total_duration=92089.2, train/accuracy=0.8005663752555847, train/loss=0.7795557379722595, validation/accuracy=0.7319799661636353, validation/loss=1.0792566537857056, validation/num_examples=50000
I0613 12:31:36.690140 139649709548736 spec.py:333] Evaluating on the training split.
I0613 12:31:42.093910 139649709548736 spec.py:346] Evaluating on the validation split.
I0613 12:32:39.783863 139649709548736 spec.py:363] Evaluating on the test split.
I0613 12:32:41.045863 139649709548736 submission_runner.py:516] Time since start: 94725.03s, 	Step: 177807, 	{'train/accuracy': Array(0.8026758, dtype=float32), 'train/loss': Array(0.77686334, dtype=float32), 'validation/accuracy': Array(0.73197997, dtype=float32), 'validation/loss': Array(1.0792567, dtype=float32), 'validation/num_examples': 50000, 'test/accuracy': Array(0.60770005, dtype=float32), 'test/loss': Array(1.6904882, dtype=float32), 'test/num_examples': 10000, 'score': 92590.05214428902, 'total_duration': 94725.02941727638, 'accumulated_submission_time': 92590.05214428902, 'accumulated_eval_time': 2098.992450237274, 'accumulated_logging_time': 30.454000234603882}
I0613 12:32:42.828346 139424268531456 logging_writer.py:48] [177807] accumulated_eval_time=2098.99, accumulated_logging_time=30.454, accumulated_submission_time=92590.1, global_step=177807, preemption_count=0, score=92590.1, test/accuracy=0.6077000498771667, test/loss=1.6904882192611694, test/num_examples=10000, total_duration=94725, train/accuracy=0.8026757836341858, train/loss=0.7768633365631104, validation/accuracy=0.7319799661636353, validation/loss=1.0792566537857056, validation/num_examples=50000
I0613 13:15:32.149473 139649709548736 spec.py:333] Evaluating on the training split.
I0613 13:15:37.033487 139649709548736 spec.py:346] Evaluating on the validation split.
I0613 13:17:03.430354 139649709548736 spec.py:363] Evaluating on the test split.
I0613 13:17:04.466601 139649709548736 submission_runner.py:516] Time since start: 97388.63s, 	Step: 181852, 	{'train/accuracy': Array(0.80205077, dtype=float32), 'train/loss': Array(0.77817386, dtype=float32), 'validation/accuracy': Array(0.73197997, dtype=float32), 'validation/loss': Array(1.0792567, dtype=float32), 'validation/num_examples': 50000, 'test/accuracy': Array(0.60770005, dtype=float32), 'test/loss': Array(1.6904882, dtype=float32), 'test/num_examples': 10000, 'score': 95158.19955205917, 'total_duration': 97388.63104176521, 'accumulated_submission_time': 95158.19955205917, 'accumulated_eval_time': 2191.247833967209, 'accumulated_logging_time': 33.34291338920593}
I0613 13:17:05.027061 139424260138752 logging_writer.py:48] [181852] accumulated_eval_time=2191.25, accumulated_logging_time=33.3429, accumulated_submission_time=95158.2, global_step=181852, preemption_count=0, score=95158.2, test/accuracy=0.6077000498771667, test/loss=1.6904882192611694, test/num_examples=10000, total_duration=97388.6, train/accuracy=0.802050769329071, train/loss=0.7781738638877869, validation/accuracy=0.7319799661636353, validation/loss=1.0792566537857056, validation/num_examples=50000
I0613 13:59:56.840162 139424268531456 logging_writer.py:48] [185971] global_step=185971, preemption_count=0, score=97728.7
I0613 13:59:58.631800 139649709548736 submission_runner.py:857] Final imagenet_vit score: 97728.65408396721
