python submission_runner.py --framework=jax --workload=imagenet_resnet --submission_path=submissions_algorithms/submissions/self_tuning/single_worker_diloco/submission.py --data_dir=/data/imagenet/jax --experiment_dir=/experiment_runs --experiment_name=submissions_a100/single_worker_diloco/study_2 --overwrite=True --save_checkpoints=False --rng_seed=-2027240614 --imagenet_v2_data_dir=/data/imagenet/jax --tuning_ruleset=self 2>&1 | tee -a /logs/imagenet_resnet_jax_06-11-2026-06-48-30.log
2026-06-11 06:48:43.637918: E external/local_xla/xla/stream_executor/cuda/cuda_fft.cc:467] Unable to register cuFFT factory: Attempting to register factory for plugin cuFFT when one has already been registered
WARNING: All log messages before absl::InitializeLog() is called are written to STDERR
E0000 00:00:1781160524.275413       9 cuda_dnn.cc:8579] Unable to register cuDNN factory: Attempting to register factory for plugin cuDNN when one has already been registered
E0000 00:00:1781160524.482676       9 cuda_blas.cc:1407] Unable to register cuBLAS factory: Attempting to register factory for plugin cuBLAS when one has already been registered
W0000 00:00:1781160526.112967       9 computation_placer.cc:177] computation placer already registered. Please check linkage and avoid linking the same target more than once.
W0000 00:00:1781160526.113142       9 computation_placer.cc:177] computation placer already registered. Please check linkage and avoid linking the same target more than once.
W0000 00:00:1781160526.113146       9 computation_placer.cc:177] computation placer already registered. Please check linkage and avoid linking the same target more than once.
W0000 00:00:1781160526.113148       9 computation_placer.cc:177] computation placer already registered. Please check linkage and avoid linking the same target more than once.
/usr/local/lib/python3.11/site-packages/torch/__init__.py:1617: UserWarning: Please use the new API settings to control TF32 behavior, such as torch.backends.cudnn.conv.fp32_precision = 'tf32' or torch.backends.cuda.matmul.fp32_precision = 'ieee'. Old settings, e.g, torch.backends.cuda.matmul.allow_tf32 = True, torch.backends.cudnn.allow_tf32 = True, allowTF32CuDNN() and allowTF32CuBLAS() will be deprecated after Pytorch 2.9. Please see https://pytorch.org/docs/main/notes/cuda.html#tensorfloat-32-tf32-on-ampere-and-later-devices (Triggered internally at /pytorch/aten/src/ATen/Context.cpp:80.)
  _C._set_float32_matmul_precision(precision)
/usr/local/lib/python3.11/site-packages/pydantic/_internal/_generate_schema.py:2249: UnsupportedFieldAttributeWarning: The 'repr' attribute with value False was provided to the `Field()` function, which has no effect in the context it was used. 'repr' is field-specific metadata, and can only be attached to a model field using `Annotated` metadata or by assignment. This may have happened because an `Annotated` type alias using the `type` statement was used, or if the `Field()` function was attached to a single member of a union type.
  warnings.warn(
/usr/local/lib/python3.11/site-packages/pydantic/_internal/_generate_schema.py:2249: UnsupportedFieldAttributeWarning: The 'frozen' attribute with value True was provided to the `Field()` function, which has no effect in the context it was used. 'frozen' is field-specific metadata, and can only be attached to a model field using `Annotated` metadata or by assignment. This may have happened because an `Annotated` type alias using the `type` statement was used, or if the `Field()` function was attached to a single member of a union type.
  warnings.warn(
INFO:2026-06-11 06:49:29,678:jax._src.xla_bridge:830: Unable to initialize backend 'tpu': INTERNAL: Failed to open libtpu.so: libtpu.so: cannot open shared object file: No such file or directory
I0611 06:49:29.678524 140394085192896 xla_bridge.py:830] Unable to initialize backend 'tpu': INTERNAL: Failed to open libtpu.so: libtpu.so: cannot open shared object file: No such file or directory
I0611 06:49:30.421281 140394085192896 logger_utils.py:84] Creating experiment directory at /experiment_runs/submissions_a100/single_worker_diloco/study_2/imagenet_resnet_jax.
I0611 06:49:33.546969 140394085192896 submission_runner.py:741] Creating directory at /experiment_runs/submissions_a100/single_worker_diloco/study_2/imagenet_resnet_jax/trial_1.
I0611 06:49:34.125116 140394085192896 submission_runner.py:242] Initializing dataset.
I0611 06:49:35.109701 140394085192896 dataset_info.py:707] Load dataset info from /data/imagenet/jax/imagenet2012/5.1.0
I0611 06:49:35.167441 140394085192896 dataset_info.py:793] For 'imagenet2012/5.1.0': fields info.[splits, supervised_keys] differ on disk and in the code. Keeping the one from code.
I0611 06:49:35.466367 140394085192896 reader.py:262] Creating a tf.data.Dataset reading 1024 files located in folders: /data/imagenet/jax/imagenet2012/5.1.0.
I0611 06:49:35.790953 140394085192896 logging_logger.py:49] Constructing tf.data.Dataset imagenet2012 for split train, from /data/imagenet/jax/imagenet2012/5.1.0
I0611 06:49:37.307751 140394085192896 submission_runner.py:251] Initializing model.
I0611 06:50:02.633461 140394085192896 submission_runner.py:294] Initializing optimizer.
I0611 06:50:04.078625 140394085192896 submission_runner.py:299] Initializing metrics bundle.
I0611 06:50:04.078884 140394085192896 submission_runner.py:321] Initializing checkpoint and logger.
I0611 06:50:04.089216 140394085192896 checkpoints.py:1098] Found no checkpoint files in /experiment_runs/submissions_a100/single_worker_diloco/study_2/imagenet_resnet_jax/trial_1 with prefix checkpoint_
I0611 06:50:04.089379 140394085192896 submission_runner.py:344] Saving meta data to /experiment_runs/submissions_a100/single_worker_diloco/study_2/imagenet_resnet_jax/trial_1/meta_data_0.json.
I0611 06:50:04.539412 140394085192896 submission_runner.py:348] Saving flags to /experiment_runs/submissions_a100/single_worker_diloco/study_2/imagenet_resnet_jax/trial_1/flags_0.json.
I0611 06:50:04.559083 140394085192896 submission_runner.py:359] Starting training loop.
I0611 06:51:00.819346 140394085192896 spec.py:333] Evaluating on the training split.
I0611 06:51:01.095515 140394085192896 dataset_info.py:707] Load dataset info from /data/imagenet/jax/imagenet2012/5.1.0
I0611 06:51:01.101191 140394085192896 dataset_info.py:793] For 'imagenet2012/5.1.0': fields info.[splits, supervised_keys] differ on disk and in the code. Keeping the one from code.
I0611 06:51:01.120136 140394085192896 reader.py:262] Creating a tf.data.Dataset reading 1024 files located in folders: /data/imagenet/jax/imagenet2012/5.1.0.
I0611 06:51:01.165364 140394085192896 logging_logger.py:49] Constructing tf.data.Dataset imagenet2012 for split train, from /data/imagenet/jax/imagenet2012/5.1.0
I0611 06:51:21.143385 140394085192896 spec.py:346] Evaluating on the validation split.
I0611 06:51:21.147804 140394085192896 dataset_info.py:707] Load dataset info from /data/imagenet/jax/imagenet2012/5.1.0
I0611 06:51:21.162966 140394085192896 dataset_info.py:793] For 'imagenet2012/5.1.0': fields info.[splits, supervised_keys] differ on disk and in the code. Keeping the one from code.
I0611 06:51:21.165956 140394085192896 reader.py:262] Creating a tf.data.Dataset reading 64 files located in folders: /data/imagenet/jax/imagenet2012/5.1.0.
I0611 06:51:21.254225 140394085192896 logging_logger.py:49] Constructing tf.data.Dataset imagenet2012 for split validation, from /data/imagenet/jax/imagenet2012/5.1.0
I0611 06:51:50.573439 140394085192896 spec.py:363] Evaluating on the test split.
I0611 06:51:50.649031 140394085192896 dataset_info.py:707] Load dataset info from /data/imagenet/jax/imagenet_v2/matched-frequency/3.0.0
I0611 06:51:50.741632 140394085192896 reader.py:262] Creating a tf.data.Dataset reading 16 files located in folders: /data/imagenet/jax/imagenet_v2/matched-frequency/3.0.0.
I0611 06:51:50.794378 140394085192896 logging_logger.py:49] Constructing tf.data.Dataset imagenet_v2 for split test, from /data/imagenet/jax/imagenet_v2/matched-frequency/3.0.0
I0611 06:51:55.755316 140394085192896 submission_runner.py:516] Time since start: 111.19s, 	Step: 1, 	{'train/accuracy': Array(0.00067761, dtype=float32), 'train/loss': Array(6.911, dtype=float32), 'validation/accuracy': Array(0.00076, dtype=float32), 'validation/loss': Array(6.911497, dtype=float32), 'validation/num_examples': 50000, 'test/accuracy': Array(0.0005, dtype=float32), 'test/loss': Array(6.9115005, dtype=float32), 'test/num_examples': 10000, 'score': 56.26010727882385, 'total_duration': 111.19418501853943, 'accumulated_submission_time': 56.26010727882385, 'accumulated_eval_time': 54.93394470214844, 'accumulated_logging_time': 0}
I0611 06:51:55.840727 140178521839360 logging_writer.py:48] [1] accumulated_eval_time=54.9339, accumulated_logging_time=0, accumulated_submission_time=56.2601, global_step=1, preemption_count=0, score=56.2601, test/accuracy=0.0005000000237487257, test/loss=6.911500453948975, test/num_examples=10000, total_duration=111.194, train/accuracy=0.0006776147638447583, train/loss=6.910999774932861, validation/accuracy=0.0007599999662488699, validation/loss=6.911497116088867, validation/num_examples=50000
I0611 07:25:12.072018 140394085192896 spec.py:333] Evaluating on the training split.
I0611 07:25:24.026880 140394085192896 spec.py:346] Evaluating on the validation split.
I0611 07:25:33.848309 140394085192896 spec.py:363] Evaluating on the test split.
I0611 07:25:34.808195 140394085192896 submission_runner.py:516] Time since start: 2130.24s, 	Step: 7668, 	{'train/accuracy': Array(0.5967594, dtype=float32), 'train/loss': Array(1.6843842, dtype=float32), 'validation/accuracy': Array(0.52412, dtype=float32), 'validation/loss': Array(2.038449, dtype=float32), 'validation/num_examples': 50000, 'test/accuracy': Array(0.40390003, dtype=float32), 'test/loss': Array(2.8049743, dtype=float32), 'test/num_examples': 10000, 'score': 2052.1432723999023, 'total_duration': 2130.2380809783936, 'accumulated_submission_time': 2052.1432723999023, 'accumulated_eval_time': 77.65910649299622, 'accumulated_logging_time': 0.364088773727417}
I0611 07:25:34.887131 140178530232064 logging_writer.py:48] [7668] accumulated_eval_time=77.6591, accumulated_logging_time=0.364089, accumulated_submission_time=2052.14, global_step=7668, preemption_count=0, score=2052.14, test/accuracy=0.40390002727508545, test/loss=2.804974317550659, test/num_examples=10000, total_duration=2130.24, train/accuracy=0.5967593789100647, train/loss=1.6843842267990112, validation/accuracy=0.5241199731826782, validation/loss=2.0384490489959717, validation/num_examples=50000
I0611 07:58:51.070324 140394085192896 spec.py:333] Evaluating on the training split.
I0611 07:59:04.427913 140394085192896 spec.py:346] Evaluating on the validation split.
I0611 07:59:13.876396 140394085192896 spec.py:363] Evaluating on the test split.
I0611 07:59:14.764275 140394085192896 submission_runner.py:516] Time since start: 4150.20s, 	Step: 15507, 	{'train/accuracy': Array(0.6337293, dtype=float32), 'train/loss': Array(1.4963827, dtype=float32), 'validation/accuracy': Array(0.5767, dtype=float32), 'validation/loss': Array(1.7655884, dtype=float32), 'validation/num_examples': 50000, 'test/accuracy': Array(0.45690003, dtype=float32), 'test/loss': Array(2.471251, dtype=float32), 'test/num_examples': 10000, 'score': 4048.2059319019318, 'total_duration': 4150.203104972839, 'accumulated_submission_time': 4048.2059319019318, 'accumulated_eval_time': 101.35098552703857, 'accumulated_logging_time': 0.4894285202026367}
I0611 07:59:14.816874 140178538624768 logging_writer.py:48] [15507] accumulated_eval_time=101.351, accumulated_logging_time=0.489429, accumulated_submission_time=4048.21, global_step=15507, preemption_count=0, score=4048.21, test/accuracy=0.456900030374527, test/loss=2.4712510108947754, test/num_examples=10000, total_duration=4150.2, train/accuracy=0.6337292790412903, train/loss=1.496382713317871, validation/accuracy=0.57669997215271, validation/loss=1.765588402748108, validation/num_examples=50000
I0611 08:32:31.042166 140394085192896 spec.py:333] Evaluating on the training split.
I0611 08:32:44.049215 140394085192896 spec.py:346] Evaluating on the validation split.
I0611 08:32:53.563495 140394085192896 spec.py:363] Evaluating on the test split.
I0611 08:32:54.470539 140394085192896 submission_runner.py:516] Time since start: 6169.91s, 	Step: 23353, 	{'train/accuracy': Array(0.638931, dtype=float32), 'train/loss': Array(1.4545711, dtype=float32), 'validation/accuracy': Array(0.59376, dtype=float32), 'validation/loss': Array(1.6777029, dtype=float32), 'validation/num_examples': 50000, 'test/accuracy': Array(0.46370003, dtype=float32), 'test/loss': Array(2.3971267, dtype=float32), 'test/num_examples': 10000, 'score': 6044.317373037338, 'total_duration': 6169.90771651268, 'accumulated_submission_time': 6044.317373037338, 'accumulated_eval_time': 124.77564024925232, 'accumulated_logging_time': 0.5827062129974365}
I0611 08:32:54.532753 140178530232064 logging_writer.py:48] [23353] accumulated_eval_time=124.776, accumulated_logging_time=0.582706, accumulated_submission_time=6044.32, global_step=23353, preemption_count=0, score=6044.32, test/accuracy=0.4637000262737274, test/loss=2.3971266746520996, test/num_examples=10000, total_duration=6169.91, train/accuracy=0.6389309763908386, train/loss=1.4545711278915405, validation/accuracy=0.5937600135803223, validation/loss=1.6777029037475586, validation/num_examples=50000
I0611 09:06:10.712895 140394085192896 spec.py:333] Evaluating on the training split.
I0611 09:06:23.614228 140394085192896 spec.py:346] Evaluating on the validation split.
I0611 09:06:33.049876 140394085192896 spec.py:363] Evaluating on the test split.
I0611 09:06:33.943383 140394085192896 submission_runner.py:516] Time since start: 8189.38s, 	Step: 31201, 	{'train/accuracy': Array(0.63333064, dtype=float32), 'train/loss': Array(1.4830612, dtype=float32), 'validation/accuracy': Array(0.59268, dtype=float32), 'validation/loss': Array(1.6913567, dtype=float32), 'validation/num_examples': 50000, 'test/accuracy': Array(0.4726, dtype=float32), 'test/loss': Array(2.432697, dtype=float32), 'test/num_examples': 10000, 'score': 8040.407041311264, 'total_duration': 8189.382050991058, 'accumulated_submission_time': 8040.407041311264, 'accumulated_eval_time': 148.00389695167542, 'accumulated_logging_time': 0.6628584861755371}
I0611 09:06:33.989046 140178538624768 logging_writer.py:48] [31201] accumulated_eval_time=148.004, accumulated_logging_time=0.662858, accumulated_submission_time=8040.41, global_step=31201, preemption_count=0, score=8040.41, test/accuracy=0.4726000130176544, test/loss=2.432697057723999, test/num_examples=10000, total_duration=8189.38, train/accuracy=0.6333306431770325, train/loss=1.4830611944198608, validation/accuracy=0.5926799774169922, validation/loss=1.6913566589355469, validation/num_examples=50000
I0611 09:39:50.197584 140394085192896 spec.py:333] Evaluating on the training split.
I0611 09:40:03.632451 140394085192896 spec.py:346] Evaluating on the validation split.
I0611 09:40:13.367514 140394085192896 spec.py:363] Evaluating on the test split.
I0611 09:40:14.286254 140394085192896 submission_runner.py:516] Time since start: 10209.72s, 	Step: 39052, 	{'train/accuracy': Array(0.66599566, dtype=float32), 'train/loss': Array(1.3432785, dtype=float32), 'validation/accuracy': Array(0.60649997, dtype=float32), 'validation/loss': Array(1.6281129, dtype=float32), 'validation/num_examples': 50000, 'test/accuracy': Array(0.4823, dtype=float32), 'test/loss': Array(2.3212044, dtype=float32), 'test/num_examples': 10000, 'score': 10036.519961118698, 'total_duration': 10209.71606016159, 'accumulated_submission_time': 10036.519961118698, 'accumulated_eval_time': 172.08147549629211, 'accumulated_logging_time': 0.7317624092102051}
I0611 09:40:14.339825 140178530232064 logging_writer.py:48] [39052] accumulated_eval_time=172.081, accumulated_logging_time=0.731762, accumulated_submission_time=10036.5, global_step=39052, preemption_count=0, score=10036.5, test/accuracy=0.4823000133037567, test/loss=2.321204423904419, test/num_examples=10000, total_duration=10209.7, train/accuracy=0.6659956574440002, train/loss=1.3432785272598267, validation/accuracy=0.606499969959259, validation/loss=1.6281129121780396, validation/num_examples=50000
I0611 10:13:30.657246 140394085192896 spec.py:333] Evaluating on the training split.
I0611 10:13:43.021048 140394085192896 spec.py:346] Evaluating on the validation split.
I0611 10:13:52.423386 140394085192896 spec.py:363] Evaluating on the test split.
I0611 10:13:53.349589 140394085192896 submission_runner.py:516] Time since start: 12228.79s, 	Step: 46902, 	{'train/accuracy': Array(0.6767977, dtype=float32), 'train/loss': Array(1.2781018, dtype=float32), 'validation/accuracy': Array(0.61596, dtype=float32), 'validation/loss': Array(1.588655, dtype=float32), 'validation/num_examples': 50000, 'test/accuracy': Array(0.49190003, dtype=float32), 'test/loss': Array(2.288649, dtype=float32), 'test/num_examples': 10000, 'score': 12032.731688976288, 'total_duration': 12228.787276268005, 'accumulated_submission_time': 12032.731688976288, 'accumulated_eval_time': 194.77060270309448, 'accumulated_logging_time': 0.8189549446105957}
I0611 10:13:53.405823 140178538624768 logging_writer.py:48] [46902] accumulated_eval_time=194.771, accumulated_logging_time=0.818955, accumulated_submission_time=12032.7, global_step=46902, preemption_count=0, score=12032.7, test/accuracy=0.4919000267982483, test/loss=2.288649082183838, test/num_examples=10000, total_duration=12228.8, train/accuracy=0.6767976880073547, train/loss=1.2781018018722534, validation/accuracy=0.6159600019454956, validation/loss=1.5886549949645996, validation/num_examples=50000
I0611 10:47:09.664948 140394085192896 spec.py:333] Evaluating on the training split.
I0611 10:47:21.610570 140394085192896 spec.py:346] Evaluating on the validation split.
I0611 10:47:31.002293 140394085192896 spec.py:363] Evaluating on the test split.
I0611 10:47:31.892360 140394085192896 submission_runner.py:516] Time since start: 14247.33s, 	Step: 54752, 	{'train/accuracy': Array(0.66368383, dtype=float32), 'train/loss': Array(1.3378654, dtype=float32), 'validation/accuracy': Array(0.61281997, dtype=float32), 'validation/loss': Array(1.6032541, dtype=float32), 'validation/num_examples': 50000, 'test/accuracy': Array(0.49130002, dtype=float32), 'test/loss': Array(2.3136122, dtype=float32), 'test/num_examples': 10000, 'score': 14028.886663913727, 'total_duration': 14247.330417394638, 'accumulated_submission_time': 14028.886663913727, 'accumulated_eval_time': 216.99516916275024, 'accumulated_logging_time': 0.9058468341827393}
I0611 10:47:31.955641 140178530232064 logging_writer.py:48] [54752] accumulated_eval_time=216.995, accumulated_logging_time=0.905847, accumulated_submission_time=14028.9, global_step=54752, preemption_count=0, score=14028.9, test/accuracy=0.4913000166416168, test/loss=2.313612222671509, test/num_examples=10000, total_duration=14247.3, train/accuracy=0.6636838316917419, train/loss=1.3378653526306152, validation/accuracy=0.6128199696540833, validation/loss=1.6032540798187256, validation/num_examples=50000
I0611 11:20:48.226950 140394085192896 spec.py:333] Evaluating on the training split.
I0611 11:20:59.501358 140394085192896 spec.py:346] Evaluating on the validation split.
I0611 11:21:09.348763 140394085192896 spec.py:363] Evaluating on the test split.
I0611 11:21:10.251875 140394085192896 submission_runner.py:516] Time since start: 16265.69s, 	Step: 62603, 	{'train/accuracy': Array(0.67783403, dtype=float32), 'train/loss': Array(1.2751684, dtype=float32), 'validation/accuracy': Array(0.63194, dtype=float32), 'validation/loss': Array(1.508927, dtype=float32), 'validation/num_examples': 50000, 'test/accuracy': Array(0.5072, dtype=float32), 'test/loss': Array(2.1992788, dtype=float32), 'test/num_examples': 10000, 'score': 16025.055160522461, 'total_duration': 16265.690472364426, 'accumulated_submission_time': 16025.055160522461, 'accumulated_eval_time': 239.0177881717682, 'accumulated_logging_time': 0.9991118907928467}
I0611 11:21:10.305372 140178538624768 logging_writer.py:48] [62603] accumulated_eval_time=239.018, accumulated_logging_time=0.999112, accumulated_submission_time=16025.1, global_step=62603, preemption_count=0, score=16025.1, test/accuracy=0.5072000026702881, test/loss=2.1992788314819336, test/num_examples=10000, total_duration=16265.7, train/accuracy=0.6778340339660645, train/loss=1.2751684188842773, validation/accuracy=0.6319400072097778, validation/loss=1.5089269876480103, validation/num_examples=50000
I0611 11:54:26.669330 140394085192896 spec.py:333] Evaluating on the training split.
I0611 11:54:38.357810 140394085192896 spec.py:346] Evaluating on the validation split.
I0611 11:54:47.946849 140394085192896 spec.py:363] Evaluating on the test split.
I0611 11:54:48.832455 140394085192896 submission_runner.py:516] Time since start: 18284.27s, 	Step: 70456, 	{'train/accuracy': Array(0.68339443, dtype=float32), 'train/loss': Array(1.2580711, dtype=float32), 'validation/accuracy': Array(0.63466, dtype=float32), 'validation/loss': Array(1.4879731, dtype=float32), 'validation/num_examples': 50000, 'test/accuracy': Array(0.5152, dtype=float32), 'test/loss': Array(2.1814432, dtype=float32), 'test/num_examples': 10000, 'score': 18021.317339897156, 'total_duration': 18284.27084851265, 'accumulated_submission_time': 18021.317339897156, 'accumulated_eval_time': 261.1784100532532, 'accumulated_logging_time': 1.081550121307373}
I0611 11:54:48.885128 140178530232064 logging_writer.py:48] [70456] accumulated_eval_time=261.178, accumulated_logging_time=1.08155, accumulated_submission_time=18021.3, global_step=70456, preemption_count=0, score=18021.3, test/accuracy=0.5152000188827515, test/loss=2.181443214416504, test/num_examples=10000, total_duration=18284.3, train/accuracy=0.6833944320678711, train/loss=1.2580710649490356, validation/accuracy=0.634660005569458, validation/loss=1.4879730939865112, validation/num_examples=50000
I0611 12:28:05.124037 140394085192896 spec.py:333] Evaluating on the training split.
I0611 12:28:16.933222 140394085192896 spec.py:346] Evaluating on the validation split.
I0611 12:28:26.349925 140394085192896 spec.py:363] Evaluating on the test split.
I0611 12:28:27.272170 140394085192896 submission_runner.py:516] Time since start: 20302.71s, 	Step: 78307, 	{'train/accuracy': Array(0.72159994, dtype=float32), 'train/loss': Array(1.0835671, dtype=float32), 'validation/accuracy': Array(0.64612, dtype=float32), 'validation/loss': Array(1.4381437, dtype=float32), 'validation/num_examples': 50000, 'test/accuracy': Array(0.5148, dtype=float32), 'test/loss': Array(2.166688, dtype=float32), 'test/num_examples': 10000, 'score': 20017.442236423492, 'total_duration': 20302.71065545082, 'accumulated_submission_time': 20017.442236423492, 'accumulated_eval_time': 283.32412552833557, 'accumulated_logging_time': 1.176039218902588}
I0611 12:28:27.316722 140178538624768 logging_writer.py:48] [78307] accumulated_eval_time=283.324, accumulated_logging_time=1.17604, accumulated_submission_time=20017.4, global_step=78307, preemption_count=0, score=20017.4, test/accuracy=0.5148000121116638, test/loss=2.1666879653930664, test/num_examples=10000, total_duration=20302.7, train/accuracy=0.7215999364852905, train/loss=1.0835671424865723, validation/accuracy=0.646120011806488, validation/loss=1.4381437301635742, validation/num_examples=50000
I0611 13:01:43.711895 140394085192896 spec.py:333] Evaluating on the training split.
I0611 13:01:54.922073 140394085192896 spec.py:346] Evaluating on the validation split.
I0611 13:02:04.435425 140394085192896 spec.py:363] Evaluating on the test split.
I0611 13:02:05.337864 140394085192896 submission_runner.py:516] Time since start: 22320.78s, 	Step: 86159, 	{'train/accuracy': Array(0.7057956, dtype=float32), 'train/loss': Array(1.145029, dtype=float32), 'validation/accuracy': Array(0.64228, dtype=float32), 'validation/loss': Array(1.4513932, dtype=float32), 'validation/num_examples': 50000, 'test/accuracy': Array(0.52360004, dtype=float32), 'test/loss': Array(2.155576, dtype=float32), 'test/num_examples': 10000, 'score': 22013.74855184555, 'total_duration': 22320.77531003952, 'accumulated_submission_time': 22013.74855184555, 'accumulated_eval_time': 304.9466371536255, 'accumulated_logging_time': 1.2381370067596436}
I0611 13:02:05.403604 140178530232064 logging_writer.py:48] [86159] accumulated_eval_time=304.947, accumulated_logging_time=1.23814, accumulated_submission_time=22013.7, global_step=86159, preemption_count=0, score=22013.7, test/accuracy=0.5236000418663025, test/loss=2.15557599067688, test/num_examples=10000, total_duration=22320.8, train/accuracy=0.7057955861091614, train/loss=1.1450289487838745, validation/accuracy=0.6422799825668335, validation/loss=1.4513932466506958, validation/num_examples=50000
I0611 13:35:21.715994 140394085192896 spec.py:333] Evaluating on the training split.
I0611 13:35:32.307016 140394085192896 spec.py:346] Evaluating on the validation split.
I0611 13:35:41.859677 140394085192896 spec.py:363] Evaluating on the test split.
I0611 13:35:42.745609 140394085192896 submission_runner.py:516] Time since start: 24338.18s, 	Step: 94011, 	{'train/accuracy': Array(0.71049905, dtype=float32), 'train/loss': Array(1.1314936, dtype=float32), 'validation/accuracy': Array(0.65599996, dtype=float32), 'validation/loss': Array(1.4071975, dtype=float32), 'validation/num_examples': 50000, 'test/accuracy': Array(0.53470004, dtype=float32), 'test/loss': Array(2.0801842, dtype=float32), 'test/num_examples': 10000, 'score': 24009.972615242004, 'total_duration': 24338.184327840805, 'accumulated_submission_time': 24009.972615242004, 'accumulated_eval_time': 325.9740676879883, 'accumulated_logging_time': 1.31990385055542}
I0611 13:35:42.808305 140178538624768 logging_writer.py:48] [94011] accumulated_eval_time=325.974, accumulated_logging_time=1.3199, accumulated_submission_time=24010, global_step=94011, preemption_count=0, score=24010, test/accuracy=0.5347000360488892, test/loss=2.0801842212677, test/num_examples=10000, total_duration=24338.2, train/accuracy=0.7104990482330322, train/loss=1.1314935684204102, validation/accuracy=0.6559999585151672, validation/loss=1.4071974754333496, validation/num_examples=50000
I0611 14:08:59.105894 140394085192896 spec.py:333] Evaluating on the training split.
I0611 14:09:09.420093 140394085192896 spec.py:346] Evaluating on the validation split.
I0611 14:09:18.840963 140394085192896 spec.py:363] Evaluating on the test split.
I0611 14:09:19.777645 140394085192896 submission_runner.py:516] Time since start: 26355.22s, 	Step: 101862, 	{'train/accuracy': Array(0.7141263, dtype=float32), 'train/loss': Array(1.1063702, dtype=float32), 'validation/accuracy': Array(0.65863997, dtype=float32), 'validation/loss': Array(1.381409, dtype=float32), 'validation/num_examples': 50000, 'test/accuracy': Array(0.5325, dtype=float32), 'test/loss': Array(2.075166, dtype=float32), 'test/num_examples': 10000, 'score': 26006.169533729553, 'total_duration': 26355.216393709183, 'accumulated_submission_time': 26006.169533729553, 'accumulated_eval_time': 346.64366579055786, 'accumulated_logging_time': 1.4103596210479736}
I0611 14:09:19.841301 140178530232064 logging_writer.py:48] [101862] accumulated_eval_time=346.644, accumulated_logging_time=1.41036, accumulated_submission_time=26006.2, global_step=101862, preemption_count=0, score=26006.2, test/accuracy=0.5325000286102295, test/loss=2.0751659870147705, test/num_examples=10000, total_duration=26355.2, train/accuracy=0.7141262888908386, train/loss=1.106370210647583, validation/accuracy=0.6586399674415588, validation/loss=1.3814090490341187, validation/num_examples=50000
I0611 14:42:36.099423 140394085192896 spec.py:333] Evaluating on the training split.
I0611 14:42:46.481793 140394085192896 spec.py:346] Evaluating on the validation split.
I0611 14:42:55.944378 140394085192896 spec.py:363] Evaluating on the test split.
I0611 14:42:56.889229 140394085192896 submission_runner.py:516] Time since start: 28372.33s, 	Step: 109711, 	{'train/accuracy': Array(0.75771284, dtype=float32), 'train/loss': Array(0.91002333, dtype=float32), 'validation/accuracy': Array(0.67098, dtype=float32), 'validation/loss': Array(1.3304539, dtype=float32), 'validation/num_examples': 50000, 'test/accuracy': Array(0.5492, dtype=float32), 'test/loss': Array(2.018492, dtype=float32), 'test/num_examples': 10000, 'score': 28002.31565642357, 'total_duration': 28372.327504873276, 'accumulated_submission_time': 28002.31565642357, 'accumulated_eval_time': 367.43084383010864, 'accumulated_logging_time': 1.5134079456329346}
I0611 14:42:56.944571 140178538624768 logging_writer.py:48] [109711] accumulated_eval_time=367.431, accumulated_logging_time=1.51341, accumulated_submission_time=28002.3, global_step=109711, preemption_count=0, score=28002.3, test/accuracy=0.5491999983787537, test/loss=2.0184919834136963, test/num_examples=10000, total_duration=28372.3, train/accuracy=0.7577128410339355, train/loss=0.9100233316421509, validation/accuracy=0.6709799766540527, validation/loss=1.330453872680664, validation/num_examples=50000
I0611 15:16:13.180780 140394085192896 spec.py:333] Evaluating on the training split.
I0611 15:16:23.968399 140394085192896 spec.py:346] Evaluating on the validation split.
I0611 15:16:33.523993 140394085192896 spec.py:363] Evaluating on the test split.
I0611 15:16:34.446867 140394085192896 submission_runner.py:516] Time since start: 30389.89s, 	Step: 117560, 	{'train/accuracy': Array(0.76118064, dtype=float32), 'train/loss': Array(0.9013696, dtype=float32), 'validation/accuracy': Array(0.68795997, dtype=float32), 'validation/loss': Array(1.2559007, dtype=float32), 'validation/num_examples': 50000, 'test/accuracy': Array(0.5575, dtype=float32), 'test/loss': Array(1.9420716, dtype=float32), 'test/num_examples': 10000, 'score': 29998.457572221756, 'total_duration': 30389.885224342346, 'accumulated_submission_time': 29998.457572221756, 'accumulated_eval_time': 388.6943852901459, 'accumulated_logging_time': 1.5889148712158203}
I0611 15:16:34.515372 140178530232064 logging_writer.py:48] [117560] accumulated_eval_time=388.694, accumulated_logging_time=1.58891, accumulated_submission_time=29998.5, global_step=117560, preemption_count=0, score=29998.5, test/accuracy=0.5575000047683716, test/loss=1.942071557044983, test/num_examples=10000, total_duration=30389.9, train/accuracy=0.7611806392669678, train/loss=0.901369571685791, validation/accuracy=0.6879599690437317, validation/loss=1.2559007406234741, validation/num_examples=50000
I0611 15:49:50.838546 140394085192896 spec.py:333] Evaluating on the training split.
I0611 15:50:01.825240 140394085192896 spec.py:346] Evaluating on the validation split.
I0611 15:50:11.616723 140394085192896 spec.py:363] Evaluating on the test split.
I0611 15:50:12.545749 140394085192896 submission_runner.py:516] Time since start: 32407.98s, 	Step: 125410, 	{'train/accuracy': Array(0.7708466, dtype=float32), 'train/loss': Array(0.8622019, dtype=float32), 'validation/accuracy': Array(0.69211996, dtype=float32), 'validation/loss': Array(1.2344571, dtype=float32), 'validation/num_examples': 50000, 'test/accuracy': Array(0.5659, dtype=float32), 'test/loss': Array(1.9121052, dtype=float32), 'test/num_examples': 10000, 'score': 31994.68541121483, 'total_duration': 32407.984087467194, 'accumulated_submission_time': 31994.68541121483, 'accumulated_eval_time': 410.39902210235596, 'accumulated_logging_time': 1.6799595355987549}
I0611 15:50:12.607763 140178538624768 logging_writer.py:48] [125410] accumulated_eval_time=410.399, accumulated_logging_time=1.67996, accumulated_submission_time=31994.7, global_step=125410, preemption_count=0, score=31994.7, test/accuracy=0.5659000277519226, test/loss=1.9121052026748657, test/num_examples=10000, total_duration=32408, train/accuracy=0.7708466053009033, train/loss=0.8622019290924072, validation/accuracy=0.6921199560165405, validation/loss=1.2344571352005005, validation/num_examples=50000
I0611 16:23:28.883465 140394085192896 spec.py:333] Evaluating on the training split.
I0611 16:23:39.202569 140394085192896 spec.py:346] Evaluating on the validation split.
I0611 16:23:49.445390 140394085192896 spec.py:363] Evaluating on the test split.
I0611 16:23:50.347837 140394085192896 submission_runner.py:516] Time since start: 34425.79s, 	Step: 133262, 	{'train/accuracy': Array(0.7780811, dtype=float32), 'train/loss': Array(0.838219, dtype=float32), 'validation/accuracy': Array(0.70092, dtype=float32), 'validation/loss': Array(1.2032087, dtype=float32), 'validation/num_examples': 50000, 'test/accuracy': Array(0.573, dtype=float32), 'test/loss': Array(1.8868667, dtype=float32), 'test/num_examples': 10000, 'score': 33990.85886669159, 'total_duration': 34425.78632044792, 'accumulated_submission_time': 33990.85886669159, 'accumulated_eval_time': 431.86097407341003, 'accumulated_logging_time': 1.772172451019287}
I0611 16:23:50.395473 140178530232064 logging_writer.py:48] [133262] accumulated_eval_time=431.861, accumulated_logging_time=1.77217, accumulated_submission_time=33990.9, global_step=133262, preemption_count=0, score=33990.9, test/accuracy=0.5730000138282776, test/loss=1.8868666887283325, test/num_examples=10000, total_duration=34425.8, train/accuracy=0.7780811190605164, train/loss=0.8382189869880676, validation/accuracy=0.7009199857711792, validation/loss=1.2032086849212646, validation/num_examples=50000
I0611 16:57:06.694602 140394085192896 spec.py:333] Evaluating on the training split.
I0611 16:57:16.432026 140394085192896 spec.py:346] Evaluating on the validation split.
I0611 16:57:26.439856 140394085192896 spec.py:363] Evaluating on the test split.
I0611 16:57:27.326559 140394085192896 submission_runner.py:516] Time since start: 36442.76s, 	Step: 141111, 	{'train/accuracy': Array(0.83494097, dtype=float32), 'train/loss': Array(0.6125798, dtype=float32), 'validation/accuracy': Array(0.71282, dtype=float32), 'validation/loss': Array(1.1434629, dtype=float32), 'validation/num_examples': 50000, 'test/accuracy': Array(0.58460003, dtype=float32), 'test/loss': Array(1.8206064, dtype=float32), 'test/num_examples': 10000, 'score': 35987.07119560242, 'total_duration': 36442.76480078697, 'accumulated_submission_time': 35987.07119560242, 'accumulated_eval_time': 452.49027037620544, 'accumulated_logging_time': 1.8327820301055908}
I0611 16:57:27.374805 140178538624768 logging_writer.py:48] [141111] accumulated_eval_time=452.49, accumulated_logging_time=1.83278, accumulated_submission_time=35987.1, global_step=141111, preemption_count=0, score=35987.1, test/accuracy=0.584600031375885, test/loss=1.8206063508987427, test/num_examples=10000, total_duration=36442.8, train/accuracy=0.8349409699440002, train/loss=0.6125798225402832, validation/accuracy=0.7128199934959412, validation/loss=1.143462896347046, validation/num_examples=50000
I0611 17:30:43.666262 140394085192896 spec.py:333] Evaluating on the training split.
I0611 17:30:53.972109 140394085192896 spec.py:346] Evaluating on the validation split.
I0611 17:31:03.743843 140394085192896 spec.py:363] Evaluating on the test split.
I0611 17:31:04.639188 140394085192896 submission_runner.py:516] Time since start: 38460.08s, 	Step: 148961, 	{'train/accuracy': Array(0.8405014, dtype=float32), 'train/loss': Array(0.57435054, dtype=float32), 'validation/accuracy': Array(0.72793996, dtype=float32), 'validation/loss': Array(1.0853112, dtype=float32), 'validation/num_examples': 50000, 'test/accuracy': Array(0.60410005, dtype=float32), 'test/loss': Array(1.7785019, dtype=float32), 'test/num_examples': 10000, 'score': 37983.27504968643, 'total_duration': 38460.07687473297, 'accumulated_submission_time': 37983.27504968643, 'accumulated_eval_time': 473.45997977256775, 'accumulated_logging_time': 1.8961968421936035}
I0611 17:31:04.684590 140178530232064 logging_writer.py:48] [148961] accumulated_eval_time=473.46, accumulated_logging_time=1.8962, accumulated_submission_time=37983.3, global_step=148961, preemption_count=0, score=37983.3, test/accuracy=0.6041000485420227, test/loss=1.7785018682479858, test/num_examples=10000, total_duration=38460.1, train/accuracy=0.8405014276504517, train/loss=0.5743505358695984, validation/accuracy=0.7279399633407593, validation/loss=1.0853111743927002, validation/num_examples=50000
I0611 18:04:20.954376 140394085192896 spec.py:333] Evaluating on the training split.
I0611 18:04:30.620280 140394085192896 spec.py:346] Evaluating on the validation split.
I0611 18:04:40.424652 140394085192896 spec.py:363] Evaluating on the test split.
I0611 18:04:41.307324 140394085192896 submission_runner.py:516] Time since start: 40476.75s, 	Step: 156809, 	{'train/accuracy': Array(0.8550901, dtype=float32), 'train/loss': Array(0.51873994, dtype=float32), 'validation/accuracy': Array(0.73344, dtype=float32), 'validation/loss': Array(1.0638242, dtype=float32), 'validation/num_examples': 50000, 'test/accuracy': Array(0.6104, dtype=float32), 'test/loss': Array(1.7532226, dtype=float32), 'test/num_examples': 10000, 'score': 39979.46139574051, 'total_duration': 40476.7456009388, 'accumulated_submission_time': 39979.46139574051, 'accumulated_eval_time': 493.8103005886078, 'accumulated_logging_time': 1.9518711566925049}
I0611 18:04:41.354997 140178538624768 logging_writer.py:48] [156809] accumulated_eval_time=493.81, accumulated_logging_time=1.95187, accumulated_submission_time=39979.5, global_step=156809, preemption_count=0, score=39979.5, test/accuracy=0.6104000210762024, test/loss=1.7532225847244263, test/num_examples=10000, total_duration=40476.7, train/accuracy=0.8550900816917419, train/loss=0.5187399387359619, validation/accuracy=0.7334399819374084, validation/loss=1.06382417678833, validation/num_examples=50000
I0611 18:37:57.576094 140394085192896 spec.py:333] Evaluating on the training split.
I0611 18:38:07.393682 140394085192896 spec.py:346] Evaluating on the validation split.
I0611 18:38:17.212990 140394085192896 spec.py:363] Evaluating on the test split.
I0611 18:38:18.085202 140394085192896 submission_runner.py:516] Time since start: 42493.52s, 	Step: 164659, 	{'train/accuracy': Array(0.877551, dtype=float32), 'train/loss': Array(0.4379915, dtype=float32), 'validation/accuracy': Array(0.74252, dtype=float32), 'validation/loss': Array(1.0311126, dtype=float32), 'validation/num_examples': 50000, 'test/accuracy': Array(0.62130004, dtype=float32), 'test/loss': Array(1.7277197, dtype=float32), 'test/num_examples': 10000, 'score': 41975.59837651253, 'total_duration': 42493.52337837219, 'accumulated_submission_time': 41975.59837651253, 'accumulated_eval_time': 514.3166854381561, 'accumulated_logging_time': 2.009415864944458}
I0611 18:38:18.131913 140178530232064 logging_writer.py:48] [164659] accumulated_eval_time=514.317, accumulated_logging_time=2.00942, accumulated_submission_time=41975.6, global_step=164659, preemption_count=0, score=41975.6, test/accuracy=0.6213000416755676, test/loss=1.7277196645736694, test/num_examples=10000, total_duration=42493.5, train/accuracy=0.8775510191917419, train/loss=0.43799149990081787, validation/accuracy=0.7425199747085571, validation/loss=1.031112551689148, validation/num_examples=50000
I0611 19:11:34.502106 140394085192896 spec.py:333] Evaluating on the training split.
I0611 19:11:44.722236 140394085192896 spec.py:346] Evaluating on the validation split.
I0611 19:12:10.497298 140394085192896 spec.py:363] Evaluating on the test split.
I0611 19:12:11.382045 140394085192896 submission_runner.py:516] Time since start: 44526.82s, 	Step: 172509, 	{'train/accuracy': Array(0.9123684, dtype=float32), 'train/loss': Array(0.3185275, dtype=float32), 'validation/accuracy': Array(0.74906, dtype=float32), 'validation/loss': Array(1.0158811, dtype=float32), 'validation/num_examples': 50000, 'test/accuracy': Array(0.62490004, dtype=float32), 'test/loss': Array(1.7201259, dtype=float32), 'test/num_examples': 10000, 'score': 43971.88516378403, 'total_duration': 44526.82012939453, 'accumulated_submission_time': 43971.88516378403, 'accumulated_eval_time': 551.193815946579, 'accumulated_logging_time': 2.065638303756714}
I0611 19:12:11.429374 140178538624768 logging_writer.py:48] [172509] accumulated_eval_time=551.194, accumulated_logging_time=2.06564, accumulated_submission_time=43971.9, global_step=172509, preemption_count=0, score=43971.9, test/accuracy=0.6249000430107117, test/loss=1.7201259136199951, test/num_examples=10000, total_duration=44526.8, train/accuracy=0.9123684167861938, train/loss=0.318527489900589, validation/accuracy=0.7490599751472473, validation/loss=1.015881061553955, validation/num_examples=50000
I0611 19:45:27.888249 140394085192896 spec.py:333] Evaluating on the training split.
I0611 19:45:40.873567 140394085192896 spec.py:346] Evaluating on the validation split.
I0611 19:46:10.357462 140394085192896 spec.py:363] Evaluating on the test split.
I0611 19:46:11.266974 140394085192896 submission_runner.py:516] Time since start: 46566.71s, 	Step: 180216, 	{'train/accuracy': Array(0.9345902, dtype=float32), 'train/loss': Array(0.24056263, dtype=float32), 'validation/accuracy': Array(0.7517, dtype=float32), 'validation/loss': Array(1.0042838, dtype=float32), 'validation/num_examples': 50000, 'test/accuracy': Array(0.6308, dtype=float32), 'test/loss': Array(1.7074261, dtype=float32), 'test/num_examples': 10000, 'score': 45968.26041817665, 'total_duration': 46566.70567822456, 'accumulated_submission_time': 45968.26041817665, 'accumulated_eval_time': 594.5703415870667, 'accumulated_logging_time': 2.12278413772583}
I0611 19:46:11.370622 140178530232064 logging_writer.py:48] [180216] accumulated_eval_time=594.57, accumulated_logging_time=2.12278, accumulated_submission_time=45968.3, global_step=180216, preemption_count=0, score=45968.3, test/accuracy=0.6308000087738037, test/loss=1.7074260711669922, test/num_examples=10000, total_duration=46566.7, train/accuracy=0.934590220451355, train/loss=0.24056263267993927, validation/accuracy=0.7516999840736389, validation/loss=1.0042837858200073, validation/num_examples=50000
I0611 20:19:27.576669 140394085192896 spec.py:333] Evaluating on the training split.
I0611 20:19:38.840789 140394085192896 spec.py:346] Evaluating on the validation split.
I0611 20:20:05.629843 140394085192896 spec.py:363] Evaluating on the test split.
I0611 20:20:06.746373 140394085192896 submission_runner.py:516] Time since start: 48601.97s, 	Step: 186114, 	{'train/accuracy': Array(0.9350287, dtype=float32), 'train/loss': Array(0.23426127, dtype=float32), 'validation/accuracy': Array(0.7572, dtype=float32), 'validation/loss': Array(0.99236816, dtype=float32), 'validation/num_examples': 50000, 'test/accuracy': Array(0.63350004, dtype=float32), 'test/loss': Array(1.7070253, dtype=float32), 'test/num_examples': 10000, 'score': 47964.35952877998, 'total_duration': 48601.97201681137, 'accumulated_submission_time': 47964.35952877998, 'accumulated_eval_time': 633.5446918010712, 'accumulated_logging_time': 2.254535675048828}
I0611 20:20:08.632148 140178538624768 logging_writer.py:48] [186114] accumulated_eval_time=633.545, accumulated_logging_time=2.25454, accumulated_submission_time=47964.4, global_step=186114, preemption_count=0, score=47964.4, test/accuracy=0.6335000395774841, test/loss=1.7070252895355225, test/num_examples=10000, total_duration=48602, train/accuracy=0.9350286722183228, train/loss=0.23426127433776855, validation/accuracy=0.7572000026702881, validation/loss=0.9923681616783142, validation/num_examples=50000
I0611 20:53:22.985064 140394085192896 spec.py:333] Evaluating on the training split.
I0611 20:53:29.990708 140394085192896 spec.py:346] Evaluating on the validation split.
I0611 20:53:57.594391 140394085192896 spec.py:363] Evaluating on the test split.
I0611 20:53:58.807099 140394085192896 submission_runner.py:516] Time since start: 50633.96s, 	Step: 191716, 	{'train/accuracy': Array(0.9439971, dtype=float32), 'train/loss': Array(0.20907964, dtype=float32), 'validation/accuracy': Array(0.75754, dtype=float32), 'validation/loss': Array(0.9900928, dtype=float32), 'validation/num_examples': 50000, 'test/accuracy': Array(0.63750005, dtype=float32), 'test/loss': Array(1.6986386, dtype=float32), 'test/num_examples': 10000, 'score': 49957.49846744537, 'total_duration': 50633.96477127075, 'accumulated_submission_time': 49957.49846744537, 'accumulated_eval_time': 669.0977098941803, 'accumulated_logging_time': 5.283212423324585}
I0611 20:54:00.283367 140178530232064 logging_writer.py:48] [191716] accumulated_eval_time=669.098, accumulated_logging_time=5.28321, accumulated_submission_time=49957.5, global_step=191716, preemption_count=0, score=49957.5, test/accuracy=0.6375000476837158, test/loss=1.6986385583877563, test/num_examples=10000, total_duration=50634, train/accuracy=0.9439970850944519, train/loss=0.20907963812351227, validation/accuracy=0.7575399875640869, validation/loss=0.9900928139686584, validation/num_examples=50000
I0611 21:27:15.038230 140394085192896 spec.py:333] Evaluating on the training split.
I0611 21:27:24.279969 140394085192896 spec.py:346] Evaluating on the validation split.
I0611 21:27:50.640127 140394085192896 spec.py:363] Evaluating on the test split.
I0611 21:27:51.812074 140394085192896 submission_runner.py:516] Time since start: 52666.98s, 	Step: 196733, 	{'train/accuracy': Array(0.94319993, dtype=float32), 'train/loss': Array(0.21087332, dtype=float32), 'validation/accuracy': Array(0.75782, dtype=float32), 'validation/loss': Array(0.98938894, dtype=float32), 'validation/num_examples': 50000, 'test/accuracy': Array(0.6383, dtype=float32), 'test/loss': Array(1.6970114, dtype=float32), 'test/num_examples': 10000, 'score': 51950.862932920456, 'total_duration': 52666.97615098953, 'accumulated_submission_time': 51950.862932920456, 'accumulated_eval_time': 705.6135802268982, 'accumulated_logging_time': 8.079066753387451}
I0611 21:27:53.325469 140178538624768 logging_writer.py:48] [196733] accumulated_eval_time=705.614, accumulated_logging_time=8.07907, accumulated_submission_time=51950.9, global_step=196733, preemption_count=0, score=51950.9, test/accuracy=0.6383000016212463, test/loss=1.6970113515853882, test/num_examples=10000, total_duration=52667, train/accuracy=0.9431999325752258, train/loss=0.2108733206987381, validation/accuracy=0.7578200101852417, validation/loss=0.9893889427185059, validation/num_examples=50000
I0611 22:01:08.011420 140394085192896 spec.py:333] Evaluating on the training split.
I0611 22:01:17.115866 140394085192896 spec.py:346] Evaluating on the validation split.
I0611 22:01:43.944935 140394085192896 spec.py:363] Evaluating on the test split.
I0611 22:01:45.097306 140394085192896 submission_runner.py:516] Time since start: 54700.28s, 	Step: 201450, 	{'train/accuracy': Array(0.94491386, dtype=float32), 'train/loss': Array(0.20426293, dtype=float32), 'validation/accuracy': Array(0.7578, dtype=float32), 'validation/loss': Array(0.9881192, dtype=float32), 'validation/num_examples': 50000, 'test/accuracy': Array(0.6384, dtype=float32), 'test/loss': Array(1.6992733, dtype=float32), 'test/num_examples': 10000, 'score': 53944.29783701897, 'total_duration': 54700.28188061714, 'accumulated_submission_time': 53944.29783701897, 'accumulated_eval_time': 742.4431512355804, 'accumulated_logging_time': 10.792242050170898}
I0611 22:01:46.668444 140178530232064 logging_writer.py:48] [201450] accumulated_eval_time=742.443, accumulated_logging_time=10.7922, accumulated_submission_time=53944.3, global_step=201450, preemption_count=0, score=53944.3, test/accuracy=0.6384000182151794, test/loss=1.6992733478546143, test/num_examples=10000, total_duration=54700.3, train/accuracy=0.9449138641357422, train/loss=0.20426292717456818, validation/accuracy=0.7577999830245972, validation/loss=0.9881191849708557, validation/num_examples=50000
I0611 22:35:01.208510 140394085192896 spec.py:333] Evaluating on the training split.
I0611 22:35:10.765322 140394085192896 spec.py:346] Evaluating on the validation split.
I0611 22:35:37.712374 140394085192896 spec.py:363] Evaluating on the test split.
I0611 22:35:38.775762 140394085192896 submission_runner.py:516] Time since start: 56734.04s, 	Step: 205515, 	{'train/accuracy': Array(0.94395727, dtype=float32), 'train/loss': Array(0.206899, dtype=float32), 'validation/accuracy': Array(0.75772, dtype=float32), 'validation/loss': Array(0.98901284, dtype=float32), 'validation/num_examples': 50000, 'test/accuracy': Array(0.6383, dtype=float32), 'test/loss': Array(1.6978153, dtype=float32), 'test/num_examples': 10000, 'score': 55937.72780418396, 'total_duration': 56734.03612232208, 'accumulated_submission_time': 55937.72780418396, 'accumulated_eval_time': 779.8427727222443, 'accumulated_logging_time': 13.417487859725952}
I0611 22:35:40.161038 140178538624768 logging_writer.py:48] [205515] accumulated_eval_time=779.843, accumulated_logging_time=13.4175, accumulated_submission_time=55937.7, global_step=205515, preemption_count=0, score=55937.7, test/accuracy=0.6383000016212463, test/loss=1.6978152990341187, test/num_examples=10000, total_duration=56734, train/accuracy=0.9439572691917419, train/loss=0.2068990021944046, validation/accuracy=0.7577199935913086, validation/loss=0.9890128374099731, validation/num_examples=50000
I0611 23:08:54.845886 140394085192896 spec.py:333] Evaluating on the training split.
I0611 23:09:05.298467 140394085192896 spec.py:346] Evaluating on the validation split.
I0611 23:09:32.123990 140394085192896 spec.py:363] Evaluating on the test split.
I0611 23:09:33.265173 140394085192896 submission_runner.py:516] Time since start: 58768.48s, 	Step: 209199, 	{'train/accuracy': Array(0.9445153, dtype=float32), 'train/loss': Array(0.20744382, dtype=float32), 'validation/accuracy': Array(0.75813997, dtype=float32), 'validation/loss': Array(0.9892604, dtype=float32), 'validation/num_examples': 50000, 'test/accuracy': Array(0.6394, dtype=float32), 'test/loss': Array(1.6987987, dtype=float32), 'test/num_examples': 10000, 'score': 57931.4508061409, 'total_duration': 58768.48246908188, 'accumulated_submission_time': 57931.4508061409, 'accumulated_eval_time': 818.0615198612213, 'accumulated_logging_time': 15.703388929367065}
I0611 23:09:35.038156 140178530232064 logging_writer.py:48] [209199] accumulated_eval_time=818.062, accumulated_logging_time=15.7034, accumulated_submission_time=57931.5, global_step=209199, preemption_count=0, score=57931.5, test/accuracy=0.6394000053405762, test/loss=1.698798656463623, test/num_examples=10000, total_duration=58768.5, train/accuracy=0.9445152878761292, train/loss=0.20744381844997406, validation/accuracy=0.758139967918396, validation/loss=0.9892603754997253, validation/num_examples=50000
I0611 23:42:49.338677 140394085192896 spec.py:333] Evaluating on the training split.
I0611 23:42:58.640910 140394085192896 spec.py:346] Evaluating on the validation split.
I0611 23:43:25.784312 140394085192896 spec.py:363] Evaluating on the test split.
I0611 23:43:26.838519 140394085192896 submission_runner.py:516] Time since start: 60802.12s, 	Step: 212754, 	{'train/accuracy': Array(0.94317997, dtype=float32), 'train/loss': Array(0.20827428, dtype=float32), 'validation/accuracy': Array(0.75864, dtype=float32), 'validation/loss': Array(0.98894143, dtype=float32), 'validation/num_examples': 50000, 'test/accuracy': Array(0.63860005, dtype=float32), 'test/loss': Array(1.6958288, dtype=float32), 'test/num_examples': 10000, 'score': 59924.7624270916, 'total_duration': 60802.12046647072, 'accumulated_submission_time': 59924.7624270916, 'accumulated_eval_time': 855.4191613197327, 'accumulated_logging_time': 18.412603616714478}
I0611 23:43:28.297834 140178538624768 logging_writer.py:48] [212754] accumulated_eval_time=855.419, accumulated_logging_time=18.4126, accumulated_submission_time=59924.8, global_step=212754, preemption_count=0, score=59924.8, test/accuracy=0.6386000514030457, test/loss=1.6958287954330444, test/num_examples=10000, total_duration=60802.1, train/accuracy=0.9431799650192261, train/loss=0.20827427506446838, validation/accuracy=0.7586399912834167, validation/loss=0.9889414310455322, validation/num_examples=50000
I0612 00:16:42.956332 140394085192896 spec.py:333] Evaluating on the training split.
I0612 00:16:52.179387 140394085192896 spec.py:346] Evaluating on the validation split.
I0612 00:17:21.384038 140394085192896 spec.py:363] Evaluating on the test split.
I0612 00:17:22.461978 140394085192896 submission_runner.py:516] Time since start: 62837.71s, 	Step: 216396, 	{'train/accuracy': Array(0.9429209, dtype=float32), 'train/loss': Array(0.20963556, dtype=float32), 'validation/accuracy': Array(0.75782, dtype=float32), 'validation/loss': Array(0.9883183, dtype=float32), 'validation/num_examples': 50000, 'test/accuracy': Array(0.63820004, dtype=float32), 'test/loss': Array(1.6972896, dtype=float32), 'test/num_examples': 10000, 'score': 61918.41508150101, 'total_duration': 62837.709141254425, 'accumulated_submission_time': 61918.41508150101, 'accumulated_eval_time': 894.7418735027313, 'accumulated_logging_time': 20.82767152786255}
I0612 00:17:24.053463 140178530232064 logging_writer.py:48] [216396] accumulated_eval_time=894.742, accumulated_logging_time=20.8277, accumulated_submission_time=61918.4, global_step=216396, preemption_count=0, score=61918.4, test/accuracy=0.638200044631958, test/loss=1.6972895860671997, test/num_examples=10000, total_duration=62837.7, train/accuracy=0.9429209232330322, train/loss=0.20963555574417114, validation/accuracy=0.7578200101852417, validation/loss=0.9883183240890503, validation/num_examples=50000
I0612 00:50:38.874173 140394085192896 spec.py:333] Evaluating on the training split.
I0612 00:50:48.308293 140394085192896 spec.py:346] Evaluating on the validation split.
I0612 00:51:12.184608 140394085192896 spec.py:363] Evaluating on the test split.
I0612 00:51:13.407452 140394085192896 submission_runner.py:516] Time since start: 64868.52s, 	Step: 219953, 	{'train/accuracy': Array(0.94467473, dtype=float32), 'train/loss': Array(0.2048764, dtype=float32), 'validation/accuracy': Array(0.7579, dtype=float32), 'validation/loss': Array(0.98749226, dtype=float32), 'validation/num_examples': 50000, 'test/accuracy': Array(0.637, dtype=float32), 'test/loss': Array(1.6958474, dtype=float32), 'test/num_examples': 10000, 'score': 63911.87926983833, 'total_duration': 64868.52184391022, 'accumulated_submission_time': 63911.87926983833, 'accumulated_eval_time': 928.9704141616821, 'accumulated_logging_time': 23.716286659240723}
I0612 00:51:14.912016 140178538624768 logging_writer.py:48] [219953] accumulated_eval_time=928.97, accumulated_logging_time=23.7163, accumulated_submission_time=63911.9, global_step=219953, preemption_count=0, score=63911.9, test/accuracy=0.6370000243186951, test/loss=1.6958473920822144, test/num_examples=10000, total_duration=64868.5, train/accuracy=0.9446747303009033, train/loss=0.2048763930797577, validation/accuracy=0.7578999996185303, validation/loss=0.9874922633171082, validation/num_examples=50000
I0612 01:24:29.940483 140394085192896 spec.py:333] Evaluating on the training split.
I0612 01:24:39.581775 140394085192896 spec.py:346] Evaluating on the validation split.
I0612 01:25:12.979898 140394085192896 spec.py:363] Evaluating on the test split.
I0612 01:25:14.119529 140394085192896 submission_runner.py:516] Time since start: 66909.33s, 	Step: 223499, 	{'train/accuracy': Array(0.94367826, dtype=float32), 'train/loss': Array(0.20973785, dtype=float32), 'validation/accuracy': Array(0.75795996, dtype=float32), 'validation/loss': Array(0.9891175, dtype=float32), 'validation/num_examples': 50000, 'test/accuracy': Array(0.63850003, dtype=float32), 'test/loss': Array(1.6974989, dtype=float32), 'test/num_examples': 10000, 'score': 65905.93766331673, 'total_duration': 66909.33214402199, 'accumulated_submission_time': 65905.93766331673, 'accumulated_eval_time': 972.9672060012817, 'accumulated_logging_time': 26.106271505355835}
I0612 01:25:15.773502 140178530232064 logging_writer.py:48] [223499] accumulated_eval_time=972.967, accumulated_logging_time=26.1063, accumulated_submission_time=65905.9, global_step=223499, preemption_count=0, score=65905.9, test/accuracy=0.6385000348091125, test/loss=1.6974989175796509, test/num_examples=10000, total_duration=66909.3, train/accuracy=0.9436782598495483, train/loss=0.2097378522157669, validation/accuracy=0.7579599618911743, validation/loss=0.9891175031661987, validation/num_examples=50000
I0612 01:58:30.441383 140394085192896 spec.py:333] Evaluating on the training split.
I0612 01:58:40.035969 140394085192896 spec.py:346] Evaluating on the validation split.
I0612 01:59:06.869247 140394085192896 spec.py:363] Evaluating on the test split.
I0612 01:59:08.022760 140394085192896 submission_runner.py:516] Time since start: 68943.21s, 	Step: 227450, 	{'train/accuracy': Array(0.94262195, dtype=float32), 'train/loss': Array(0.21096455, dtype=float32), 'validation/accuracy': Array(0.75794, dtype=float32), 'validation/loss': Array(0.98767656, dtype=float32), 'validation/num_examples': 50000, 'test/accuracy': Array(0.63790005, dtype=float32), 'test/loss': Array(1.695176, dtype=float32), 'test/num_examples': 10000, 'score': 67899.35901880264, 'total_duration': 68943.20590233803, 'accumulated_submission_time': 67899.35901880264, 'accumulated_eval_time': 1010.3068330287933, 'accumulated_logging_time': 28.94865393638611}
I0612 01:59:09.615770 140178538624768 logging_writer.py:48] [227450] accumulated_eval_time=1010.31, accumulated_logging_time=28.9487, accumulated_submission_time=67899.4, global_step=227450, preemption_count=0, score=67899.4, test/accuracy=0.6379000544548035, test/loss=1.6951760053634644, test/num_examples=10000, total_duration=68943.2, train/accuracy=0.9426219463348389, train/loss=0.21096454560756683, validation/accuracy=0.7579399943351746, validation/loss=0.9876765608787537, validation/num_examples=50000
I0612 02:32:24.133744 140394085192896 spec.py:333] Evaluating on the training split.
I0612 02:32:33.177695 140394085192896 spec.py:346] Evaluating on the validation split.
I0612 02:32:59.300641 140394085192896 spec.py:363] Evaluating on the test split.
I0612 02:33:00.410750 140394085192896 submission_runner.py:516] Time since start: 70975.64s, 	Step: 231441, 	{'train/accuracy': Array(0.94403696, dtype=float32), 'train/loss': Array(0.21031803, dtype=float32), 'validation/accuracy': Array(0.75806, dtype=float32), 'validation/loss': Array(0.9884398, dtype=float32), 'validation/num_examples': 50000, 'test/accuracy': Array(0.63780004, dtype=float32), 'test/loss': Array(1.6978728, dtype=float32), 'test/num_examples': 10000, 'score': 69892.71371006966, 'total_duration': 70975.63657855988, 'accumulated_submission_time': 69892.71371006966, 'accumulated_eval_time': 1046.388424873352, 'accumulated_logging_time': 31.64268445968628}
I0612 02:33:01.742151 140178530232064 logging_writer.py:48] [231441] accumulated_eval_time=1046.39, accumulated_logging_time=31.6427, accumulated_submission_time=69892.7, global_step=231441, preemption_count=0, score=69892.7, test/accuracy=0.6378000378608704, test/loss=1.6978727579116821, test/num_examples=10000, total_duration=70975.6, train/accuracy=0.9440369606018066, train/loss=0.21031802892684937, validation/accuracy=0.7580599784851074, validation/loss=0.9884397983551025, validation/num_examples=50000
I0612 03:06:16.569727 140394085192896 spec.py:333] Evaluating on the training split.
I0612 03:06:25.819104 140394085192896 spec.py:346] Evaluating on the validation split.
I0612 03:06:51.241922 140394085192896 spec.py:363] Evaluating on the test split.
I0612 03:06:52.371958 140394085192896 submission_runner.py:516] Time since start: 73007.58s, 	Step: 235644, 	{'train/accuracy': Array(0.9441565, dtype=float32), 'train/loss': Array(0.20687993, dtype=float32), 'validation/accuracy': Array(0.75834, dtype=float32), 'validation/loss': Array(0.9879187, dtype=float32), 'validation/num_examples': 50000, 'test/accuracy': Array(0.63860005, dtype=float32), 'test/loss': Array(1.6959882, dtype=float32), 'test/num_examples': 10000, 'score': 71886.5151412487, 'total_duration': 73007.57614064217, 'accumulated_submission_time': 71886.5151412487, 'accumulated_eval_time': 1081.9650490283966, 'accumulated_logging_time': 33.94528269767761}
I0612 03:06:53.884897 140178538624768 logging_writer.py:48] [235644] accumulated_eval_time=1081.97, accumulated_logging_time=33.9453, accumulated_submission_time=71886.5, global_step=235644, preemption_count=0, score=71886.5, test/accuracy=0.6386000514030457, test/loss=1.6959881782531738, test/num_examples=10000, total_duration=73007.6, train/accuracy=0.9441565275192261, train/loss=0.20687992870807648, validation/accuracy=0.7583400011062622, validation/loss=0.9879186749458313, validation/num_examples=50000
I0612 03:40:08.626528 140394085192896 spec.py:333] Evaluating on the training split.
I0612 03:40:17.798193 140394085192896 spec.py:346] Evaluating on the validation split.
I0612 03:40:41.318032 140394085192896 spec.py:363] Evaluating on the test split.
I0612 03:40:42.596256 140394085192896 submission_runner.py:516] Time since start: 75037.65s, 	Step: 239323, 	{'train/accuracy': Array(0.94437575, dtype=float32), 'train/loss': Array(0.20906907, dtype=float32), 'validation/accuracy': Array(0.7579, dtype=float32), 'validation/loss': Array(0.9889552, dtype=float32), 'validation/num_examples': 50000, 'test/accuracy': Array(0.63930005, dtype=float32), 'test/loss': Array(1.6964864, dtype=float32), 'test/num_examples': 10000, 'score': 73879.93235468864, 'total_duration': 75037.64589071274, 'accumulated_submission_time': 73879.93235468864, 'accumulated_eval_time': 1115.5840253829956, 'accumulated_logging_time': 36.70349097251892}
I0612 03:40:43.916397 140178530232064 logging_writer.py:48] [239323] accumulated_eval_time=1115.58, accumulated_logging_time=36.7035, accumulated_submission_time=73879.9, global_step=239323, preemption_count=0, score=73879.9, test/accuracy=0.6393000483512878, test/loss=1.6964863538742065, test/num_examples=10000, total_duration=75037.6, train/accuracy=0.94437575340271, train/loss=0.20906907320022583, validation/accuracy=0.7578999996185303, validation/loss=0.9889551997184753, validation/num_examples=50000
I0612 04:14:00.745365 140178538624768 logging_writer.py:48] [242816] global_step=242816, preemption_count=0, score=75874
I0612 04:14:02.264052 140394085192896 submission_runner.py:857] Final imagenet_resnet score: 75873.95094871521
