python submission_runner.py --framework=jax --workload=fastmri --submission_path=submissions_algorithms/submissions/self_tuning/single_worker_diloco/submission.py --data_dir=/data/fastmri --experiment_dir=/experiment_runs --experiment_name=submissions_a100/single_worker_diloco/study_2 --overwrite=True --save_checkpoints=False --rng_seed=633961123 --tuning_ruleset=self 2>&1 | tee -a /logs/fastmri_jax_06-12-2026-13-33-59.log
2026-06-12 13:34:11.895233: E external/local_xla/xla/stream_executor/cuda/cuda_fft.cc:467] Unable to register cuFFT factory: Attempting to register factory for plugin cuFFT when one has already been registered
WARNING: All log messages before absl::InitializeLog() is called are written to STDERR
E0000 00:00:1781271252.355733       9 cuda_dnn.cc:8579] Unable to register cuDNN factory: Attempting to register factory for plugin cuDNN when one has already been registered
E0000 00:00:1781271252.501226       9 cuda_blas.cc:1407] Unable to register cuBLAS factory: Attempting to register factory for plugin cuBLAS when one has already been registered
W0000 00:00:1781271253.830867       9 computation_placer.cc:177] computation placer already registered. Please check linkage and avoid linking the same target more than once.
W0000 00:00:1781271253.830912       9 computation_placer.cc:177] computation placer already registered. Please check linkage and avoid linking the same target more than once.
W0000 00:00:1781271253.830915       9 computation_placer.cc:177] computation placer already registered. Please check linkage and avoid linking the same target more than once.
W0000 00:00:1781271253.830917       9 computation_placer.cc:177] computation placer already registered. Please check linkage and avoid linking the same target more than once.
/usr/local/lib/python3.11/site-packages/torch/__init__.py:1617: UserWarning: Please use the new API settings to control TF32 behavior, such as torch.backends.cudnn.conv.fp32_precision = 'tf32' or torch.backends.cuda.matmul.fp32_precision = 'ieee'. Old settings, e.g, torch.backends.cuda.matmul.allow_tf32 = True, torch.backends.cudnn.allow_tf32 = True, allowTF32CuDNN() and allowTF32CuBLAS() will be deprecated after Pytorch 2.9. Please see https://pytorch.org/docs/main/notes/cuda.html#tensorfloat-32-tf32-on-ampere-and-later-devices (Triggered internally at /pytorch/aten/src/ATen/Context.cpp:80.)
  _C._set_float32_matmul_precision(precision)
/usr/local/lib/python3.11/site-packages/pydantic/_internal/_generate_schema.py:2249: UnsupportedFieldAttributeWarning: The 'repr' attribute with value False was provided to the `Field()` function, which has no effect in the context it was used. 'repr' is field-specific metadata, and can only be attached to a model field using `Annotated` metadata or by assignment. This may have happened because an `Annotated` type alias using the `type` statement was used, or if the `Field()` function was attached to a single member of a union type.
  warnings.warn(
/usr/local/lib/python3.11/site-packages/pydantic/_internal/_generate_schema.py:2249: UnsupportedFieldAttributeWarning: The 'frozen' attribute with value True was provided to the `Field()` function, which has no effect in the context it was used. 'frozen' is field-specific metadata, and can only be attached to a model field using `Annotated` metadata or by assignment. This may have happened because an `Annotated` type alias using the `type` statement was used, or if the `Field()` function was attached to a single member of a union type.
  warnings.warn(
INFO:2026-06-12 13:34:56,801:jax._src.xla_bridge:830: Unable to initialize backend 'tpu': INTERNAL: Failed to open libtpu.so: libtpu.so: cannot open shared object file: No such file or directory
I0612 13:34:56.801580 140251157288128 xla_bridge.py:830] Unable to initialize backend 'tpu': INTERNAL: Failed to open libtpu.so: libtpu.so: cannot open shared object file: No such file or directory
I0612 13:34:57.574964 140251157288128 logger_utils.py:84] Creating experiment directory at /experiment_runs/submissions_a100/single_worker_diloco/study_2/fastmri_jax.
I0612 13:35:01.089824 140251157288128 submission_runner.py:741] Creating directory at /experiment_runs/submissions_a100/single_worker_diloco/study_2/fastmri_jax/trial_1.
I0612 13:35:01.494748 140251157288128 submission_runner.py:242] Initializing dataset.
WARNING:tensorflow:AutoGraph could not transform <function array at 0x7f8e77ed87c0> and will run it as-is.
Please report this to the TensorFlow team. When filing the bug, set the verbosity to 10 (on Linux, `export AUTOGRAPH_VERBOSITY=10`) and attach the full output.
Cause: (<gast.gast.NamedExpr object at 0x7f8c6837e440>, (leaf_jax_array := getattr(leaf, '__jax_array__', None)))
To silence this warning, decorate the function with @tf.autograph.experimental.do_not_convert
W0612 13:35:03.879379 140251157288128 ag_logging.py:142] AutoGraph could not transform <function array at 0x7f8e77ed87c0> and will run it as-is.
Please report this to the TensorFlow team. When filing the bug, set the verbosity to 10 (on Linux, `export AUTOGRAPH_VERBOSITY=10`) and attach the full output.
Cause: (<gast.gast.NamedExpr object at 0x7f8c6837e440>, (leaf_jax_array := getattr(leaf, '__jax_array__', None)))
To silence this warning, decorate the function with @tf.autograph.experimental.do_not_convert
WARNING:tensorflow:AutoGraph could not transform <function standard_insert_pvary at 0x7f8e78b5d4e0> and will run it as-is.
Please report this to the TensorFlow team. When filing the bug, set the verbosity to 10 (on Linux, `export AUTOGRAPH_VERBOSITY=10`) and attach the full output.
Cause: (<gast.gast.NamedExpr object at 0x7f8c6837f370>, (aval := get_aval(a)))
To silence this warning, decorate the function with @tf.autograph.experimental.do_not_convert
W0612 13:35:03.929989 140251157288128 ag_logging.py:142] AutoGraph could not transform <function standard_insert_pvary at 0x7f8e78b5d4e0> and will run it as-is.
Please report this to the TensorFlow team. When filing the bug, set the verbosity to 10 (on Linux, `export AUTOGRAPH_VERBOSITY=10`) and attach the full output.
Cause: (<gast.gast.NamedExpr object at 0x7f8c6837f370>, (aval := get_aval(a)))
To silence this warning, decorate the function with @tf.autograph.experimental.do_not_convert
I0612 13:35:05.465551 140251157288128 submission_runner.py:251] Initializing model.
I0612 13:35:16.018357 140251157288128 submission_runner.py:294] Initializing optimizer.
I0612 13:35:16.831378 140251157288128 submission_runner.py:299] Initializing metrics bundle.
I0612 13:35:16.831647 140251157288128 submission_runner.py:321] Initializing checkpoint and logger.
I0612 13:35:16.838483 140251157288128 checkpoints.py:1098] Found no checkpoint files in /experiment_runs/submissions_a100/single_worker_diloco/study_2/fastmri_jax/trial_1 with prefix checkpoint_
I0612 13:35:16.838631 140251157288128 submission_runner.py:344] Saving meta data to /experiment_runs/submissions_a100/single_worker_diloco/study_2/fastmri_jax/trial_1/meta_data_0.json.
I0612 13:35:16.838812 140251157288128 logger_utils.py:283] Unable to record workload.train_mean information. Continuing without it.
I0612 13:35:16.838871 140251157288128 logger_utils.py:283] Unable to record workload.train_stddev information. Continuing without it.
I0612 13:35:17.151774 140251157288128 submission_runner.py:348] Saving flags to /experiment_runs/submissions_a100/single_worker_diloco/study_2/fastmri_jax/trial_1/flags_0.json.
I0612 13:35:17.168824 140251157288128 submission_runner.py:359] Starting training loop.
I0612 13:38:06.998447 140251157288128 spec.py:333] Evaluating on the training split.
I0612 13:41:46.426354 140251157288128 spec.py:346] Evaluating on the validation split.
I0612 13:43:56.668132 140251157288128 spec.py:363] Evaluating on the test split.
I0612 13:46:15.040183 140251157288128 submission_runner.py:516] Time since start: 657.87s, 	Step: 1, 	{'train/ssim': 0.2693574939455305, 'train/loss': 0.7673113686697823, 'validation/ssim': 0.2601101627897264, 'validation/loss': 0.7766980894106992, 'validation/num_examples': 3554, 'test/ssim': 0.28455753960245916, 'test/loss': 0.7752882918310179, 'test/num_examples': 3581, 'score': 169.82940220832825, 'total_duration': 657.8712656497955, 'accumulated_submission_time': 169.82940220832825, 'accumulated_eval_time': 488.04167652130127, 'accumulated_logging_time': 0}
I0612 13:46:15.189804 140047985145600 logging_writer.py:48] [1] accumulated_eval_time=488.042, accumulated_logging_time=0, accumulated_submission_time=169.829, global_step=1, preemption_count=0, score=169.829, test/loss=0.775288, test/num_examples=3581, test/ssim=0.284558, total_duration=657.871, train/loss=0.767311, train/ssim=0.269357, validation/loss=0.776698, validation/num_examples=3554, validation/ssim=0.26011
I0612 13:48:06.545203 140251157288128 spec.py:333] Evaluating on the training split.
I0612 13:48:08.105729 140251157288128 spec.py:346] Evaluating on the validation split.
I0612 13:48:11.691768 140251157288128 spec.py:363] Evaluating on the test split.
I0612 13:48:12.882738 140251157288128 submission_runner.py:516] Time since start: 775.71s, 	Step: 273, 	{'train/ssim': 0.724956921168736, 'train/loss': 0.28972067151750835, 'validation/ssim': 0.6986587515827237, 'validation/loss': 0.31280764878701817, 'validation/num_examples': 3554, 'test/ssim': 0.7156640515917342, 'test/loss': 0.31548477424253, 'test/num_examples': 3581, 'score': 280.85251116752625, 'total_duration': 775.7137334346771, 'accumulated_submission_time': 280.85251116752625, 'accumulated_eval_time': 494.37904047966003, 'accumulated_logging_time': 0.4791250228881836}
I0612 13:48:12.941045 140049092372224 logging_writer.py:48] [273] accumulated_eval_time=494.379, accumulated_logging_time=0.479125, accumulated_submission_time=280.853, global_step=273, preemption_count=0, score=280.853, test/loss=0.315485, test/num_examples=3581, test/ssim=0.715664, total_duration=775.714, train/loss=0.289721, train/ssim=0.724957, validation/loss=0.312808, validation/num_examples=3554, validation/ssim=0.698659
I0612 13:50:03.078555 140251157288128 spec.py:333] Evaluating on the training split.
I0612 13:50:04.294959 140251157288128 spec.py:346] Evaluating on the validation split.
I0612 13:50:10.987843 140251157288128 spec.py:363] Evaluating on the test split.
I0612 13:50:13.094676 140251157288128 submission_runner.py:516] Time since start: 895.93s, 	Step: 380, 	{'train/ssim': 0.7308272634233747, 'train/loss': 0.28314103399004253, 'validation/ssim': 0.7042390890985509, 'validation/loss': 0.30654331909248383, 'validation/num_examples': 3554, 'test/ssim': 0.7213371679523876, 'test/loss': 0.3087108093278763, 'test/num_examples': 3581, 'score': 390.9460690021515, 'total_duration': 895.9257853031158, 'accumulated_submission_time': 390.9460690021515, 'accumulated_eval_time': 504.3951003551483, 'accumulated_logging_time': 0.5800347328186035}
I0612 13:50:13.137170 140049100764928 logging_writer.py:48] [380] accumulated_eval_time=504.395, accumulated_logging_time=0.580035, accumulated_submission_time=390.946, global_step=380, preemption_count=0, score=390.946, test/loss=0.308711, test/num_examples=3581, test/ssim=0.721337, total_duration=895.926, train/loss=0.283141, train/ssim=0.730827, validation/loss=0.306543, validation/num_examples=3554, validation/ssim=0.704239
I0612 13:52:03.164035 140251157288128 spec.py:333] Evaluating on the training split.
I0612 13:52:04.406166 140251157288128 spec.py:346] Evaluating on the validation split.
I0612 13:52:13.340814 140251157288128 spec.py:363] Evaluating on the test split.
I0612 13:52:14.506596 140251157288128 submission_runner.py:516] Time since start: 1017.34s, 	Step: 482, 	{'train/ssim': 0.7341417585100446, 'train/loss': 0.2790495327540806, 'validation/ssim': 0.7077603745339758, 'validation/loss': 0.3018946178052019, 'validation/num_examples': 3554, 'test/ssim': 0.7248567199280928, 'test/loss': 0.3040025972580983, 'test/num_examples': 3581, 'score': 500.9589259624481, 'total_duration': 1017.3376984596252, 'accumulated_submission_time': 500.9589259624481, 'accumulated_eval_time': 515.7376022338867, 'accumulated_logging_time': 0.6352579593658447}
I0612 13:52:14.544977 140049092372224 logging_writer.py:48] [482] accumulated_eval_time=515.738, accumulated_logging_time=0.635258, accumulated_submission_time=500.959, global_step=482, preemption_count=0, score=500.959, test/loss=0.304003, test/num_examples=3581, test/ssim=0.724857, total_duration=1017.34, train/loss=0.27905, train/ssim=0.734142, validation/loss=0.301895, validation/num_examples=3554, validation/ssim=0.70776
I0612 13:54:04.660144 140251157288128 spec.py:333] Evaluating on the training split.
I0612 13:54:05.920368 140251157288128 spec.py:346] Evaluating on the validation split.
I0612 13:54:17.631345 140251157288128 spec.py:363] Evaluating on the test split.
I0612 13:54:18.790441 140251157288128 submission_runner.py:516] Time since start: 1141.62s, 	Step: 591, 	{'train/ssim': 0.7358791487557548, 'train/loss': 0.2765922376087734, 'validation/ssim': 0.7090884473260762, 'validation/loss': 0.29963861829320837, 'validation/num_examples': 3554, 'test/ssim': 0.7263462436295728, 'test/loss': 0.3014877647436121, 'test/num_examples': 3581, 'score': 611.0640420913696, 'total_duration': 1141.6215524673462, 'accumulated_submission_time': 611.0640420913696, 'accumulated_eval_time': 529.8678393363953, 'accumulated_logging_time': 0.6825146675109863}
I0612 13:54:18.831774 140049100764928 logging_writer.py:48] [591] accumulated_eval_time=529.868, accumulated_logging_time=0.682515, accumulated_submission_time=611.064, global_step=591, preemption_count=0, score=611.064, test/loss=0.301488, test/num_examples=3581, test/ssim=0.726346, total_duration=1141.62, train/loss=0.276592, train/ssim=0.735879, validation/loss=0.299639, validation/num_examples=3554, validation/ssim=0.709088
I0612 13:56:09.707700 140251157288128 spec.py:333] Evaluating on the training split.
I0612 13:56:10.971363 140251157288128 spec.py:346] Evaluating on the validation split.
I0612 13:56:19.665392 140251157288128 spec.py:363] Evaluating on the test split.
I0612 13:56:20.825132 140251157288128 submission_runner.py:516] Time since start: 1263.66s, 	Step: 692, 	{'train/ssim': 0.7379538672310966, 'train/loss': 0.27475876467568533, 'validation/ssim': 0.7109653900094963, 'validation/loss': 0.29790916292601644, 'validation/num_examples': 3554, 'test/ssim': 0.7281391534749372, 'test/loss': 0.299842764165474, 'test/num_examples': 3581, 'score': 721.9301402568817, 'total_duration': 1263.6562247276306, 'accumulated_submission_time': 721.9301402568817, 'accumulated_eval_time': 540.9851894378662, 'accumulated_logging_time': 0.7324979305267334}
I0612 13:56:20.863193 140049092372224 logging_writer.py:48] [692] accumulated_eval_time=540.985, accumulated_logging_time=0.732498, accumulated_submission_time=721.93, global_step=692, preemption_count=0, score=721.93, test/loss=0.299843, test/num_examples=3581, test/ssim=0.728139, total_duration=1263.66, train/loss=0.274759, train/ssim=0.737954, validation/loss=0.297909, validation/num_examples=3554, validation/ssim=0.710965
I0612 13:58:12.132535 140251157288128 spec.py:333] Evaluating on the training split.
I0612 13:58:13.357546 140251157288128 spec.py:346] Evaluating on the validation split.
I0612 13:58:19.872346 140251157288128 spec.py:363] Evaluating on the test split.
I0612 13:58:29.950306 140251157288128 submission_runner.py:516] Time since start: 1392.78s, 	Step: 796, 	{'train/ssim': 0.739811761038644, 'train/loss': 0.27367659977504183, 'validation/ssim': 0.7128087410312324, 'validation/loss': 0.29700768362892166, 'validation/num_examples': 3554, 'test/ssim': 0.7299952630855557, 'test/loss': 0.2988652812805431, 'test/num_examples': 3581, 'score': 833.1897671222687, 'total_duration': 1392.781414270401, 'accumulated_submission_time': 833.1897671222687, 'accumulated_eval_time': 558.8028945922852, 'accumulated_logging_time': 0.7790658473968506}
I0612 13:58:29.988545 140049100764928 logging_writer.py:48] [796] accumulated_eval_time=558.803, accumulated_logging_time=0.779066, accumulated_submission_time=833.19, global_step=796, preemption_count=0, score=833.19, test/loss=0.298865, test/num_examples=3581, test/ssim=0.729995, total_duration=1392.78, train/loss=0.273677, train/ssim=0.739812, validation/loss=0.297008, validation/num_examples=3554, validation/ssim=0.712809
I0612 14:00:20.603743 140251157288128 spec.py:333] Evaluating on the training split.
I0612 14:00:21.859768 140251157288128 spec.py:346] Evaluating on the validation split.
I0612 14:00:30.256080 140251157288128 spec.py:363] Evaluating on the test split.
I0612 14:00:31.415578 140251157288128 submission_runner.py:516] Time since start: 1514.25s, 	Step: 898, 	{'train/ssim': 0.7396420070103237, 'train/loss': 0.27278891631535124, 'validation/ssim': 0.7127990550919738, 'validation/loss': 0.295915130288935, 'validation/num_examples': 3554, 'test/ssim': 0.7299786961567998, 'test/loss': 0.2977201178965373, 'test/num_examples': 3581, 'score': 943.7954018115997, 'total_duration': 1514.2466864585876, 'accumulated_submission_time': 943.7954018115997, 'accumulated_eval_time': 569.6146647930145, 'accumulated_logging_time': 0.8256039619445801}
I0612 14:00:31.457636 140049092372224 logging_writer.py:48] [898] accumulated_eval_time=569.615, accumulated_logging_time=0.825604, accumulated_submission_time=943.795, global_step=898, preemption_count=0, score=943.795, test/loss=0.29772, test/num_examples=3581, test/ssim=0.729979, total_duration=1514.25, train/loss=0.272789, train/ssim=0.739642, validation/loss=0.295915, validation/num_examples=3554, validation/ssim=0.712799
I0612 14:02:21.529963 140251157288128 spec.py:333] Evaluating on the training split.
I0612 14:02:22.758993 140251157288128 spec.py:346] Evaluating on the validation split.
I0612 14:02:31.987435 140251157288128 spec.py:363] Evaluating on the test split.
I0612 14:02:33.145753 140251157288128 submission_runner.py:516] Time since start: 1635.98s, 	Step: 1341, 	{'train/ssim': 0.7429597718375069, 'train/loss': 0.26921156474522184, 'validation/ssim': 0.7153715993422903, 'validation/loss': 0.2930227096119689, 'validation/num_examples': 3554, 'test/ssim': 0.7325445248141231, 'test/loss': 0.2947200720818207, 'test/num_examples': 3581, 'score': 1053.8495683670044, 'total_duration': 1635.9768517017365, 'accumulated_submission_time': 1053.8495683670044, 'accumulated_eval_time': 581.2303814888, 'accumulated_logging_time': 0.8808193206787109}
I0612 14:02:33.184215 140049100764928 logging_writer.py:48] [1341] accumulated_eval_time=581.23, accumulated_logging_time=0.880819, accumulated_submission_time=1053.85, global_step=1341, preemption_count=0, score=1053.85, test/loss=0.29472, test/num_examples=3581, test/ssim=0.732545, total_duration=1635.98, train/loss=0.269212, train/ssim=0.74296, validation/loss=0.293023, validation/num_examples=3554, validation/ssim=0.715372
I0612 14:04:23.283488 140251157288128 spec.py:333] Evaluating on the training split.
I0612 14:04:24.510955 140251157288128 spec.py:346] Evaluating on the validation split.
I0612 14:04:25.647492 140251157288128 spec.py:363] Evaluating on the test split.
I0612 14:04:26.785850 140251157288128 submission_runner.py:516] Time since start: 1749.62s, 	Step: 2347, 	{'train/ssim': 0.743797779083252, 'train/loss': 0.268437351499285, 'validation/ssim': 0.716662920520892, 'validation/loss': 0.29199177533237197, 'validation/num_examples': 3554, 'test/ssim': 0.7338397450301941, 'test/loss': 0.29350690247792166, 'test/num_examples': 3581, 'score': 1163.9324691295624, 'total_duration': 1749.6167087554932, 'accumulated_submission_time': 1163.9324691295624, 'accumulated_eval_time': 584.7324311733246, 'accumulated_logging_time': 0.9277946949005127}
I0612 14:04:26.875499 140049092372224 logging_writer.py:48] [2347] accumulated_eval_time=584.732, accumulated_logging_time=0.927795, accumulated_submission_time=1163.93, global_step=2347, preemption_count=0, score=1163.93, test/loss=0.293507, test/num_examples=3581, test/ssim=0.73384, total_duration=1749.62, train/loss=0.268437, train/ssim=0.743798, validation/loss=0.291992, validation/num_examples=3554, validation/ssim=0.716663
I0612 14:06:16.987548 140251157288128 spec.py:333] Evaluating on the training split.
I0612 14:06:18.123473 140251157288128 spec.py:346] Evaluating on the validation split.
I0612 14:06:19.257763 140251157288128 spec.py:363] Evaluating on the test split.
I0612 14:06:20.397133 140251157288128 submission_runner.py:516] Time since start: 1863.23s, 	Step: 3350, 	{'train/ssim': 0.7488414900643485, 'train/loss': 0.2649068151201521, 'validation/ssim': 0.7208322708567811, 'validation/loss': 0.28893617062201044, 'validation/num_examples': 3554, 'test/ssim': 0.738126966214919, 'test/loss': 0.2904331917804035, 'test/num_examples': 3581, 'score': 1273.9862694740295, 'total_duration': 1863.2280473709106, 'accumulated_submission_time': 1273.9862694740295, 'accumulated_eval_time': 588.1417579650879, 'accumulated_logging_time': 1.0666913986206055}
I0612 14:06:20.485370 140049100764928 logging_writer.py:48] [3350] accumulated_eval_time=588.142, accumulated_logging_time=1.06669, accumulated_submission_time=1273.99, global_step=3350, preemption_count=0, score=1273.99, test/loss=0.290433, test/num_examples=3581, test/ssim=0.738127, total_duration=1863.23, train/loss=0.264907, train/ssim=0.748841, validation/loss=0.288936, validation/num_examples=3554, validation/ssim=0.720832
I0612 14:08:10.564546 140251157288128 spec.py:333] Evaluating on the training split.
I0612 14:08:11.793297 140251157288128 spec.py:346] Evaluating on the validation split.
I0612 14:08:12.931138 140251157288128 spec.py:363] Evaluating on the test split.
I0612 14:08:14.068776 140251157288128 submission_runner.py:516] Time since start: 1976.90s, 	Step: 4355, 	{'train/ssim': 0.7491320201328823, 'train/loss': 0.26443803310394287, 'validation/ssim': 0.7213880102085678, 'validation/loss': 0.28836971491189506, 'validation/num_examples': 3554, 'test/ssim': 0.7386090433887182, 'test/loss': 0.28983743002347456, 'test/num_examples': 3581, 'score': 1384.006709098816, 'total_duration': 1976.8998713493347, 'accumulated_submission_time': 1384.006709098816, 'accumulated_eval_time': 591.6459257602692, 'accumulated_logging_time': 1.2045838832855225}
I0612 14:08:14.105716 140049092372224 logging_writer.py:48] [4355] accumulated_eval_time=591.646, accumulated_logging_time=1.20458, accumulated_submission_time=1384.01, global_step=4355, preemption_count=0, score=1384.01, test/loss=0.289837, test/num_examples=3581, test/ssim=0.738609, total_duration=1976.9, train/loss=0.264438, train/ssim=0.749132, validation/loss=0.28837, validation/num_examples=3554, validation/ssim=0.721388
I0612 14:10:04.232625 140251157288128 spec.py:333] Evaluating on the training split.
I0612 14:10:05.462367 140251157288128 spec.py:346] Evaluating on the validation split.
I0612 14:10:06.600525 140251157288128 spec.py:363] Evaluating on the test split.
I0612 14:10:07.738524 140251157288128 submission_runner.py:516] Time since start: 2090.57s, 	Step: 5361, 	{'train/ssim': 0.7502728870936802, 'train/loss': 0.26330842290605816, 'validation/ssim': 0.7224446019230093, 'validation/loss': 0.2875016040190191, 'validation/num_examples': 3554, 'test/ssim': 0.7397432985068766, 'test/loss': 0.28886284464665946, 'test/num_examples': 3581, 'score': 1494.1177082061768, 'total_duration': 2090.569628238678, 'accumulated_submission_time': 1494.1177082061768, 'accumulated_eval_time': 595.1517579555511, 'accumulated_logging_time': 1.249725103378296}
I0612 14:10:07.776910 140049100764928 logging_writer.py:48] [5361] accumulated_eval_time=595.152, accumulated_logging_time=1.24973, accumulated_submission_time=1494.12, global_step=5361, preemption_count=0, score=1494.12, test/loss=0.288863, test/num_examples=3581, test/ssim=0.739743, total_duration=2090.57, train/loss=0.263308, train/ssim=0.750273, validation/loss=0.287502, validation/num_examples=3554, validation/ssim=0.722445
I0612 14:11:57.939542 140251157288128 spec.py:333] Evaluating on the training split.
I0612 14:11:59.168406 140251157288128 spec.py:346] Evaluating on the validation split.
I0612 14:12:00.308423 140251157288128 spec.py:363] Evaluating on the test split.
I0612 14:12:01.456314 140251157288128 submission_runner.py:516] Time since start: 2204.29s, 	Step: 6367, 	{'train/ssim': 0.749943596976144, 'train/loss': 0.26290416717529297, 'validation/ssim': 0.722207811620709, 'validation/loss': 0.2870646032914058, 'validation/num_examples': 3554, 'test/ssim': 0.7395072709046007, 'test/loss': 0.2884180601067265, 'test/num_examples': 3581, 'score': 1604.2643384933472, 'total_duration': 2204.2871899604797, 'accumulated_submission_time': 1604.2643384933472, 'accumulated_eval_time': 598.6682481765747, 'accumulated_logging_time': 1.296457052230835}
I0612 14:12:01.545680 140049092372224 logging_writer.py:48] [6367] accumulated_eval_time=598.668, accumulated_logging_time=1.29646, accumulated_submission_time=1604.26, global_step=6367, preemption_count=0, score=1604.26, test/loss=0.288418, test/num_examples=3581, test/ssim=0.739507, total_duration=2204.29, train/loss=0.262904, train/ssim=0.749944, validation/loss=0.287065, validation/num_examples=3554, validation/ssim=0.722208
I0612 14:13:51.641810 140251157288128 spec.py:333] Evaluating on the training split.
I0612 14:13:52.871139 140251157288128 spec.py:346] Evaluating on the validation split.
I0612 14:13:54.007195 140251157288128 spec.py:363] Evaluating on the test split.
I0612 14:13:55.145431 140251157288128 submission_runner.py:516] Time since start: 2317.98s, 	Step: 7372, 	{'train/ssim': 0.750312192099435, 'train/loss': 0.26241213934762136, 'validation/ssim': 0.7218521796523284, 'validation/loss': 0.28675961642031866, 'validation/num_examples': 3554, 'test/ssim': 0.7392320417219352, 'test/loss': 0.28808341496352274, 'test/num_examples': 3581, 'score': 1714.3025496006012, 'total_duration': 2317.9765326976776, 'accumulated_submission_time': 1714.3025496006012, 'accumulated_eval_time': 602.1717987060547, 'accumulated_logging_time': 1.4351952075958252}
I0612 14:13:55.184736 140049100764928 logging_writer.py:48] [7372] accumulated_eval_time=602.172, accumulated_logging_time=1.4352, accumulated_submission_time=1714.3, global_step=7372, preemption_count=0, score=1714.3, test/loss=0.288083, test/num_examples=3581, test/ssim=0.739232, total_duration=2317.98, train/loss=0.262412, train/ssim=0.750312, validation/loss=0.28676, validation/num_examples=3554, validation/ssim=0.721852
I0612 14:15:45.259889 140251157288128 spec.py:333] Evaluating on the training split.
I0612 14:15:46.491415 140251157288128 spec.py:346] Evaluating on the validation split.
I0612 14:15:47.629351 140251157288128 spec.py:363] Evaluating on the test split.
I0612 14:15:48.775369 140251157288128 submission_runner.py:516] Time since start: 2431.61s, 	Step: 8377, 	{'train/ssim': 0.7526040758405413, 'train/loss': 0.2620532512664795, 'validation/ssim': 0.7243454503288548, 'validation/loss': 0.28638675927981677, 'validation/num_examples': 3554, 'test/ssim': 0.7416352008648073, 'test/loss': 0.2877820059428232, 'test/num_examples': 3581, 'score': 1824.361733198166, 'total_duration': 2431.6062507629395, 'accumulated_submission_time': 1824.361733198166, 'accumulated_eval_time': 605.6869859695435, 'accumulated_logging_time': 1.4828367233276367}
I0612 14:15:48.868244 140049092372224 logging_writer.py:48] [8377] accumulated_eval_time=605.687, accumulated_logging_time=1.48284, accumulated_submission_time=1824.36, global_step=8377, preemption_count=0, score=1824.36, test/loss=0.287782, test/num_examples=3581, test/ssim=0.741635, total_duration=2431.61, train/loss=0.262053, train/ssim=0.752604, validation/loss=0.286387, validation/num_examples=3554, validation/ssim=0.724345
I0612 14:15:48.958686 140049100764928 logging_writer.py:48] [8377] global_step=8377, preemption_count=0, score=1824.36
I0612 14:15:49.905742 140251157288128 submission_runner.py:857] Final fastmri score: 1824.361733198166
