python submission_runner.py --framework=jax --workload=ogbg --submission_path=submissions_algorithms/submissions/self_tuning/nadamw/submission.py --data_dir=/data/ogbg --experiment_dir=/experiment_runs --experiment_name=submissions_a100/nadamw/study_1 --overwrite=True --save_checkpoints=False --rng_seed=1346123524 --tuning_ruleset=self 2>&1 | tee -a /logs/ogbg_jax_04-10-2026-19-04-53.log
2026-04-10 19:05:05.586186: E external/local_xla/xla/stream_executor/cuda/cuda_fft.cc:467] Unable to register cuFFT factory: Attempting to register factory for plugin cuFFT when one has already been registered
WARNING: All log messages before absl::InitializeLog() is called are written to STDERR
E0000 00:00:1775847906.104822       9 cuda_dnn.cc:8579] Unable to register cuDNN factory: Attempting to register factory for plugin cuDNN when one has already been registered
E0000 00:00:1775847906.246772       9 cuda_blas.cc:1407] Unable to register cuBLAS factory: Attempting to register factory for plugin cuBLAS when one has already been registered
W0000 00:00:1775847907.696504       9 computation_placer.cc:177] computation placer already registered. Please check linkage and avoid linking the same target more than once.
W0000 00:00:1775847907.696549       9 computation_placer.cc:177] computation placer already registered. Please check linkage and avoid linking the same target more than once.
W0000 00:00:1775847907.696552       9 computation_placer.cc:177] computation placer already registered. Please check linkage and avoid linking the same target more than once.
W0000 00:00:1775847907.696554       9 computation_placer.cc:177] computation placer already registered. Please check linkage and avoid linking the same target more than once.
/usr/local/lib/python3.11/site-packages/torch/__init__.py:1617: UserWarning: Please use the new API settings to control TF32 behavior, such as torch.backends.cudnn.conv.fp32_precision = 'tf32' or torch.backends.cuda.matmul.fp32_precision = 'ieee'. Old settings, e.g, torch.backends.cuda.matmul.allow_tf32 = True, torch.backends.cudnn.allow_tf32 = True, allowTF32CuDNN() and allowTF32CuBLAS() will be deprecated after Pytorch 2.9. Please see https://pytorch.org/docs/main/notes/cuda.html#tensorfloat-32-tf32-on-ampere-and-later-devices (Triggered internally at /pytorch/aten/src/ATen/Context.cpp:80.)
  _C._set_float32_matmul_precision(precision)
/usr/local/lib/python3.11/site-packages/pydantic/_internal/_generate_schema.py:2249: UnsupportedFieldAttributeWarning: The 'repr' attribute with value False was provided to the `Field()` function, which has no effect in the context it was used. 'repr' is field-specific metadata, and can only be attached to a model field using `Annotated` metadata or by assignment. This may have happened because an `Annotated` type alias using the `type` statement was used, or if the `Field()` function was attached to a single member of a union type.
  warnings.warn(
/usr/local/lib/python3.11/site-packages/pydantic/_internal/_generate_schema.py:2249: UnsupportedFieldAttributeWarning: The 'frozen' attribute with value True was provided to the `Field()` function, which has no effect in the context it was used. 'frozen' is field-specific metadata, and can only be attached to a model field using `Annotated` metadata or by assignment. This may have happened because an `Annotated` type alias using the `type` statement was used, or if the `Field()` function was attached to a single member of a union type.
  warnings.warn(
INFO:2026-04-10 19:05:55,958:jax._src.xla_bridge:830: Unable to initialize backend 'tpu': INTERNAL: Failed to open libtpu.so: libtpu.so: cannot open shared object file: No such file or directory
I0410 19:05:55.958807 140260150285504 xla_bridge.py:830] Unable to initialize backend 'tpu': INTERNAL: Failed to open libtpu.so: libtpu.so: cannot open shared object file: No such file or directory
I0410 19:05:56.907392 140260150285504 logger_utils.py:59] Removing existing experiment directory /experiment_runs/submissions_a100/nadamw/study_1/ogbg_jax because --overwrite was set.
I0410 19:05:56.929709 140260150285504 logger_utils.py:84] Creating experiment directory at /experiment_runs/submissions_a100/nadamw/study_1/ogbg_jax.
I0410 19:06:00.742060 140260150285504 submission_runner.py:741] Creating directory at /experiment_runs/submissions_a100/nadamw/study_1/ogbg_jax/trial_1.
I0410 19:06:01.048487 140260150285504 submission_runner.py:242] Initializing dataset.
I0410 19:06:02.716464 140260150285504 dataset_info.py:707] Load dataset info from /data/ogbg/ogbg_molpcba/0.1.3
I0410 19:06:02.751029 140260150285504 reader.py:262] Creating a tf.data.Dataset reading 8 files located in folders: /data/ogbg/ogbg_molpcba/0.1.3.
WARNING:tensorflow:From /usr/local/lib/python3.11/site-packages/tensorflow_datasets/core/reader.py:102: CounterV2 (from tensorflow.python.data.experimental.ops.counter) is deprecated and will be removed in a future version.
Instructions for updating:
Use `tf.data.Dataset.counter(...)` instead.
W0410 19:06:03.255144 140260150285504 deprecation.py:50] From /usr/local/lib/python3.11/site-packages/tensorflow_datasets/core/reader.py:102: CounterV2 (from tensorflow.python.data.experimental.ops.counter) is deprecated and will be removed in a future version.
Instructions for updating:
Use `tf.data.Dataset.counter(...)` instead.
I0410 19:06:03.338756 140260150285504 logging_logger.py:49] Constructing tf.data.Dataset ogbg_molpcba for split train, from /data/ogbg/ogbg_molpcba/0.1.3
I0410 19:06:03.667955 140260150285504 submission_runner.py:251] Initializing model.
I0410 19:06:11.995377 140260150285504 submission_runner.py:294] Initializing optimizer.
I0410 19:06:12.411609 140260150285504 submission_runner.py:299] Initializing metrics bundle.
I0410 19:06:12.411846 140260150285504 submission_runner.py:321] Initializing checkpoint and logger.
I0410 19:06:12.420191 140260150285504 checkpoints.py:1098] Found no checkpoint files in /experiment_runs/submissions_a100/nadamw/study_1/ogbg_jax/trial_1 with prefix checkpoint_
I0410 19:06:12.420321 140260150285504 submission_runner.py:344] Saving meta data to /experiment_runs/submissions_a100/nadamw/study_1/ogbg_jax/trial_1/meta_data_0.json.
I0410 19:06:12.420491 140260150285504 logger_utils.py:283] Unable to record workload.train_mean information. Continuing without it.
I0410 19:06:12.420553 140260150285504 logger_utils.py:283] Unable to record workload.train_stddev information. Continuing without it.
I0410 19:06:12.853307 140260150285504 submission_runner.py:348] Saving flags to /experiment_runs/submissions_a100/nadamw/study_1/ogbg_jax/trial_1/flags_0.json.
I0410 19:06:12.869601 140260150285504 submission_runner.py:359] Starting training loop.
I0410 19:06:33.957485 140260150285504 spec.py:333] Evaluating on the training split.
I0410 19:06:33.961869 140260150285504 dataset_info.py:707] Load dataset info from /data/ogbg/ogbg_molpcba/0.1.3
I0410 19:06:33.965335 140260150285504 reader.py:262] Creating a tf.data.Dataset reading 8 files located in folders: /data/ogbg/ogbg_molpcba/0.1.3.
I0410 19:06:34.031753 140260150285504 logging_logger.py:49] Constructing tf.data.Dataset ogbg_molpcba for split train, from /data/ogbg/ogbg_molpcba/0.1.3
I0410 19:07:53.033169 140260150285504 spec.py:346] Evaluating on the validation split.
I0410 19:07:53.036226 140260150285504 dataset_info.py:707] Load dataset info from /data/ogbg/ogbg_molpcba/0.1.3
I0410 19:07:53.039694 140260150285504 reader.py:262] Creating a tf.data.Dataset reading 1 files located in folders: /data/ogbg/ogbg_molpcba/0.1.3.
I0410 19:07:53.105404 140260150285504 logging_logger.py:49] Constructing tf.data.Dataset ogbg_molpcba for split validation, from /data/ogbg/ogbg_molpcba/0.1.3
I0410 19:09:15.628574 140260150285504 spec.py:363] Evaluating on the test split.
I0410 19:09:15.631302 140260150285504 dataset_info.py:707] Load dataset info from /data/ogbg/ogbg_molpcba/0.1.3
I0410 19:09:15.634560 140260150285504 reader.py:262] Creating a tf.data.Dataset reading 1 files located in folders: /data/ogbg/ogbg_molpcba/0.1.3.
I0410 19:09:15.697856 140260150285504 logging_logger.py:49] Constructing tf.data.Dataset ogbg_molpcba for split test, from /data/ogbg/ogbg_molpcba/0.1.3
I0410 19:10:43.498195 140260150285504 submission_runner.py:516] Time since start: 270.63s, 	Step: 1, 	{'train/accuracy': 0.46864160895347595, 'train/loss': 0.7568073868751526, 'train/mean_average_precision': 0.022174431769336832, 'validation/accuracy': 0.47033217549324036, 'validation/loss': 0.7582919001579285, 'validation/mean_average_precision': 0.02630189703470868, 'validation/num_examples': 43793, 'test/accuracy': 0.4708649516105652, 'test/loss': 0.7592105269432068, 'test/mean_average_precision': 0.02822598956505268, 'test/num_examples': 43793, 'score': 21.087809085845947, 'total_duration': 270.628488779068, 'accumulated_submission_time': 21.087809085845947, 'accumulated_eval_time': 249.54061841964722, 'accumulated_logging_time': 0}
I0410 19:10:44.147963 140096204211968 logging_writer.py:48] [1] accumulated_eval_time=249.541, accumulated_logging_time=0, accumulated_submission_time=21.0878, global_step=1, preemption_count=0, score=21.0878, test/accuracy=0.470865, test/loss=0.759211, test/mean_average_precision=0.028226, test/num_examples=43793, total_duration=270.628, train/accuracy=0.468642, train/loss=0.756807, train/mean_average_precision=0.0221744, validation/accuracy=0.470332, validation/loss=0.758292, validation/mean_average_precision=0.0263019, validation/num_examples=43793
I0410 19:18:15.508142 140260150285504 spec.py:333] Evaluating on the training split.
I0410 19:19:51.338424 140260150285504 spec.py:346] Evaluating on the validation split.
I0410 19:20:00.155570 140260150285504 spec.py:363] Evaluating on the test split.
I0410 19:20:08.893418 140260150285504 submission_runner.py:516] Time since start: 836.02s, 	Step: 2161, 	{'train/accuracy': 0.9872335195541382, 'train/loss': 0.04734544828534126, 'train/mean_average_precision': 0.09101501984671076, 'validation/accuracy': 0.9845520853996277, 'validation/loss': 0.056829892098903656, 'validation/mean_average_precision': 0.09110305114035187, 'validation/num_examples': 43793, 'test/accuracy': 0.9835235476493835, 'test/loss': 0.06016154959797859, 'test/mean_average_precision': 0.09013989381813108, 'test/num_examples': 43793, 'score': 472.202406167984, 'total_duration': 836.0237352848053, 'accumulated_submission_time': 472.202406167984, 'accumulated_eval_time': 362.92584133148193, 'accumulated_logging_time': 0.8798964023590088}
I0410 19:20:08.939496 140096854148864 logging_writer.py:48] [2161] accumulated_eval_time=362.926, accumulated_logging_time=0.879896, accumulated_submission_time=472.202, global_step=2161, preemption_count=0, score=472.202, test/accuracy=0.983524, test/loss=0.0601615, test/mean_average_precision=0.0901399, test/num_examples=43793, total_duration=836.024, train/accuracy=0.987234, train/loss=0.0473454, train/mean_average_precision=0.091015, validation/accuracy=0.984552, validation/loss=0.0568299, validation/mean_average_precision=0.0911031, validation/num_examples=43793
I0410 19:27:40.972905 140260150285504 spec.py:333] Evaluating on the training split.
I0410 19:29:17.781300 140260150285504 spec.py:346] Evaluating on the validation split.
I0410 19:29:26.590680 140260150285504 spec.py:363] Evaluating on the test split.
I0410 19:29:35.332893 140260150285504 submission_runner.py:516] Time since start: 1402.46s, 	Step: 4424, 	{'train/accuracy': 0.9882309436798096, 'train/loss': 0.041209399700164795, 'train/mean_average_precision': 0.18078300667277966, 'validation/accuracy': 0.9851562976837158, 'validation/loss': 0.051082342863082886, 'validation/mean_average_precision': 0.1553702211341577, 'validation/num_examples': 43793, 'test/accuracy': 0.984187662601471, 'test/loss': 0.05397104099392891, 'test/mean_average_precision': 0.15677879540617298, 'test/num_examples': 43793, 'score': 924.2093224525452, 'total_duration': 1402.4632041454315, 'accumulated_submission_time': 924.2093224525452, 'accumulated_eval_time': 477.285760641098, 'accumulated_logging_time': 0.9376168251037598}
I0410 19:29:35.376258 140096862541568 logging_writer.py:48] [4424] accumulated_eval_time=477.286, accumulated_logging_time=0.937617, accumulated_submission_time=924.209, global_step=4424, preemption_count=0, score=924.209, test/accuracy=0.984188, test/loss=0.053971, test/mean_average_precision=0.156779, test/num_examples=43793, total_duration=1402.46, train/accuracy=0.988231, train/loss=0.0412094, train/mean_average_precision=0.180783, validation/accuracy=0.985156, validation/loss=0.0510823, validation/mean_average_precision=0.15537, validation/num_examples=43793
I0410 19:37:07.343460 140260150285504 spec.py:333] Evaluating on the training split.
I0410 19:38:43.656957 140260150285504 spec.py:346] Evaluating on the validation split.
I0410 19:38:52.455600 140260150285504 spec.py:363] Evaluating on the test split.
I0410 19:39:01.165050 140260150285504 submission_runner.py:516] Time since start: 1968.30s, 	Step: 6736, 	{'train/accuracy': 0.9891721606254578, 'train/loss': 0.03662509843707085, 'train/mean_average_precision': 0.26251186622688427, 'validation/accuracy': 0.9858764410018921, 'validation/loss': 0.047532450407743454, 'validation/mean_average_precision': 0.2063612482594243, 'validation/num_examples': 43793, 'test/accuracy': 0.9850274324417114, 'test/loss': 0.05030044913291931, 'test/mean_average_precision': 0.20056281581056679, 'test/num_examples': 43793, 'score': 1376.150047302246, 'total_duration': 1968.2953486442566, 'accumulated_submission_time': 1376.150047302246, 'accumulated_eval_time': 591.1072733402252, 'accumulated_logging_time': 0.9920084476470947}
I0410 19:39:01.207063 140096854148864 logging_writer.py:48] [6736] accumulated_eval_time=591.107, accumulated_logging_time=0.992008, accumulated_submission_time=1376.15, global_step=6736, preemption_count=0, score=1376.15, test/accuracy=0.985027, test/loss=0.0503004, test/mean_average_precision=0.200563, test/num_examples=43793, total_duration=1968.3, train/accuracy=0.989172, train/loss=0.0366251, train/mean_average_precision=0.262512, validation/accuracy=0.985876, validation/loss=0.0475325, validation/mean_average_precision=0.206361, validation/num_examples=43793
I0410 19:46:33.228855 140260150285504 spec.py:333] Evaluating on the training split.
I0410 19:48:07.061378 140260150285504 spec.py:346] Evaluating on the validation split.
I0410 19:48:15.852765 140260150285504 spec.py:363] Evaluating on the test split.
I0410 19:48:24.575011 140260150285504 submission_runner.py:516] Time since start: 2531.71s, 	Step: 9040, 	{'train/accuracy': 0.9898808598518372, 'train/loss': 0.034081872552633286, 'train/mean_average_precision': 0.31894789540624174, 'validation/accuracy': 0.986319899559021, 'validation/loss': 0.045921504497528076, 'validation/mean_average_precision': 0.23551612260537363, 'validation/num_examples': 43793, 'test/accuracy': 0.985474705696106, 'test/loss': 0.0486326701939106, 'test/mean_average_precision': 0.2327972716328468, 'test/num_examples': 43793, 'score': 1828.1448667049408, 'total_duration': 2531.705316543579, 'accumulated_submission_time': 1828.1448667049408, 'accumulated_eval_time': 702.453355550766, 'accumulated_logging_time': 1.044877052307129}
I0410 19:48:24.615895 140096862541568 logging_writer.py:48] [9040] accumulated_eval_time=702.453, accumulated_logging_time=1.04488, accumulated_submission_time=1828.14, global_step=9040, preemption_count=0, score=1828.14, test/accuracy=0.985475, test/loss=0.0486327, test/mean_average_precision=0.232797, test/num_examples=43793, total_duration=2531.71, train/accuracy=0.989881, train/loss=0.0340819, train/mean_average_precision=0.318948, validation/accuracy=0.98632, validation/loss=0.0459215, validation/mean_average_precision=0.235516, validation/num_examples=43793
I0410 19:55:56.716135 140260150285504 spec.py:333] Evaluating on the training split.
I0410 19:57:29.964784 140260150285504 spec.py:346] Evaluating on the validation split.
I0410 19:57:38.758850 140260150285504 spec.py:363] Evaluating on the test split.
I0410 19:57:47.458051 140260150285504 submission_runner.py:516] Time since start: 3094.59s, 	Step: 11396, 	{'train/accuracy': 0.9903461337089539, 'train/loss': 0.032002124935388565, 'train/mean_average_precision': 0.37065314563422536, 'validation/accuracy': 0.9864323735237122, 'validation/loss': 0.04495906084775925, 'validation/mean_average_precision': 0.2488205759172548, 'validation/num_examples': 43793, 'test/accuracy': 0.985698938369751, 'test/loss': 0.04772190749645233, 'test/mean_average_precision': 0.24790450597153132, 'test/num_examples': 43793, 'score': 2280.218623638153, 'total_duration': 3094.588357925415, 'accumulated_submission_time': 2280.218623638153, 'accumulated_eval_time': 813.1952013969421, 'accumulated_logging_time': 1.0963761806488037}
I0410 19:57:47.495805 140096854148864 logging_writer.py:48] [11396] accumulated_eval_time=813.195, accumulated_logging_time=1.09638, accumulated_submission_time=2280.22, global_step=11396, preemption_count=0, score=2280.22, test/accuracy=0.985699, test/loss=0.0477219, test/mean_average_precision=0.247905, test/num_examples=43793, total_duration=3094.59, train/accuracy=0.990346, train/loss=0.0320021, train/mean_average_precision=0.370653, validation/accuracy=0.986432, validation/loss=0.0449591, validation/mean_average_precision=0.248821, validation/num_examples=43793
I0410 20:05:19.613755 140260150285504 spec.py:333] Evaluating on the training split.
I0410 20:06:51.718657 140260150285504 spec.py:346] Evaluating on the validation split.
I0410 20:07:00.521032 140260150285504 spec.py:363] Evaluating on the test split.
I0410 20:07:09.269961 140260150285504 submission_runner.py:516] Time since start: 3656.40s, 	Step: 13772, 	{'train/accuracy': 0.9905967712402344, 'train/loss': 0.030973490327596664, 'train/mean_average_precision': 0.3965349991516546, 'validation/accuracy': 0.9863775372505188, 'validation/loss': 0.045234713703393936, 'validation/mean_average_precision': 0.2547864093926373, 'validation/num_examples': 43793, 'test/accuracy': 0.985550045967102, 'test/loss': 0.048032037913799286, 'test/mean_average_precision': 0.2495598943618074, 'test/num_examples': 43793, 'score': 2732.3100724220276, 'total_duration': 3656.4002044200897, 'accumulated_submission_time': 2732.3100724220276, 'accumulated_eval_time': 922.8512682914734, 'accumulated_logging_time': 1.144615650177002}
I0410 20:07:09.310468 140096862541568 logging_writer.py:48] [13772] accumulated_eval_time=922.851, accumulated_logging_time=1.14462, accumulated_submission_time=2732.31, global_step=13772, preemption_count=0, score=2732.31, test/accuracy=0.98555, test/loss=0.048032, test/mean_average_precision=0.24956, test/num_examples=43793, total_duration=3656.4, train/accuracy=0.990597, train/loss=0.0309735, train/mean_average_precision=0.396535, validation/accuracy=0.986378, validation/loss=0.0452347, validation/mean_average_precision=0.254786, validation/num_examples=43793
I0410 20:14:41.271425 140260150285504 spec.py:333] Evaluating on the training split.
I0410 20:16:13.734064 140260150285504 spec.py:346] Evaluating on the validation split.
I0410 20:16:22.534681 140260150285504 spec.py:363] Evaluating on the test split.
I0410 20:16:31.269966 140260150285504 submission_runner.py:516] Time since start: 4218.40s, 	Step: 16134, 	{'train/accuracy': 0.9914196133613586, 'train/loss': 0.027901332825422287, 'train/mean_average_precision': 0.4688963665977424, 'validation/accuracy': 0.9866645336151123, 'validation/loss': 0.04513224586844444, 'validation/mean_average_precision': 0.2632074409683978, 'validation/num_examples': 43793, 'test/accuracy': 0.985820472240448, 'test/loss': 0.048091787844896317, 'test/mean_average_precision': 0.2692604178513255, 'test/num_examples': 43793, 'score': 3184.243987798691, 'total_duration': 4218.40026473999, 'accumulated_submission_time': 3184.243987798691, 'accumulated_eval_time': 1032.8497290611267, 'accumulated_logging_time': 1.1959636211395264}
I0410 20:16:31.312025 140096854148864 logging_writer.py:48] [16134] accumulated_eval_time=1032.85, accumulated_logging_time=1.19596, accumulated_submission_time=3184.24, global_step=16134, preemption_count=0, score=3184.24, test/accuracy=0.98582, test/loss=0.0480918, test/mean_average_precision=0.26926, test/num_examples=43793, total_duration=4218.4, train/accuracy=0.99142, train/loss=0.0279013, train/mean_average_precision=0.468896, validation/accuracy=0.986665, validation/loss=0.0451322, validation/mean_average_precision=0.263207, validation/num_examples=43793
I0410 20:24:03.310059 140260150285504 spec.py:333] Evaluating on the training split.
I0410 20:25:33.149977 140260150285504 spec.py:346] Evaluating on the validation split.
I0410 20:25:41.981815 140260150285504 spec.py:363] Evaluating on the test split.
I0410 20:25:50.728931 140260150285504 submission_runner.py:516] Time since start: 4777.86s, 	Step: 18485, 	{'train/accuracy': 0.9916824698448181, 'train/loss': 0.026972629129886627, 'train/mean_average_precision': 0.4903824697904752, 'validation/accuracy': 0.9864712953567505, 'validation/loss': 0.04552178084850311, 'validation/mean_average_precision': 0.25970928081163713, 'validation/num_examples': 43793, 'test/accuracy': 0.9855690002441406, 'test/loss': 0.0483810193836689, 'test/mean_average_precision': 0.24590242244368943, 'test/num_examples': 43793, 'score': 3636.2156307697296, 'total_duration': 4777.859248876572, 'accumulated_submission_time': 3636.2156307697296, 'accumulated_eval_time': 1140.2685401439667, 'accumulated_logging_time': 1.2486543655395508}
I0410 20:25:50.771699 140096862541568 logging_writer.py:48] [18485] accumulated_eval_time=1140.27, accumulated_logging_time=1.24865, accumulated_submission_time=3636.22, global_step=18485, preemption_count=0, score=3636.22, test/accuracy=0.985569, test/loss=0.048381, test/mean_average_precision=0.245902, test/num_examples=43793, total_duration=4777.86, train/accuracy=0.991682, train/loss=0.0269726, train/mean_average_precision=0.490382, validation/accuracy=0.986471, validation/loss=0.0455218, validation/mean_average_precision=0.259709, validation/num_examples=43793
I0410 20:33:22.824477 140260150285504 spec.py:333] Evaluating on the training split.
I0410 20:34:52.874782 140260150285504 spec.py:346] Evaluating on the validation split.
I0410 20:35:01.695790 140260150285504 spec.py:363] Evaluating on the test split.
I0410 20:35:10.427493 140260150285504 submission_runner.py:516] Time since start: 5337.56s, 	Step: 20846, 	{'train/accuracy': 0.991771399974823, 'train/loss': 0.026534277945756912, 'train/mean_average_precision': 0.4947647433846411, 'validation/accuracy': 0.9865837693214417, 'validation/loss': 0.045834824442863464, 'validation/mean_average_precision': 0.2740576238043504, 'validation/num_examples': 43793, 'test/accuracy': 0.9856144785881042, 'test/loss': 0.04906870424747467, 'test/mean_average_precision': 0.26017154382432334, 'test/num_examples': 43793, 'score': 4088.2416999340057, 'total_duration': 5337.557786226273, 'accumulated_submission_time': 4088.2416999340057, 'accumulated_eval_time': 1247.8714754581451, 'accumulated_logging_time': 1.3018090724945068}
I0410 20:35:10.468727 140096854148864 logging_writer.py:48] [20846] accumulated_eval_time=1247.87, accumulated_logging_time=1.30181, accumulated_submission_time=4088.24, global_step=20846, preemption_count=0, score=4088.24, test/accuracy=0.985614, test/loss=0.0490687, test/mean_average_precision=0.260172, test/num_examples=43793, total_duration=5337.56, train/accuracy=0.991771, train/loss=0.0265343, train/mean_average_precision=0.494765, validation/accuracy=0.986584, validation/loss=0.0458348, validation/mean_average_precision=0.274058, validation/num_examples=43793
I0410 20:42:42.618165 140260150285504 spec.py:333] Evaluating on the training split.
I0410 20:44:10.623067 140260150285504 spec.py:346] Evaluating on the validation split.
I0410 20:44:19.422306 140260150285504 spec.py:363] Evaluating on the test split.
I0410 20:44:28.141532 140260150285504 submission_runner.py:516] Time since start: 5895.27s, 	Step: 23190, 	{'train/accuracy': 0.9919207096099854, 'train/loss': 0.0257182065397501, 'train/mean_average_precision': 0.5242904761066363, 'validation/accuracy': 0.9866931438446045, 'validation/loss': 0.047084957361221313, 'validation/mean_average_precision': 0.272374260391104, 'validation/num_examples': 43793, 'test/accuracy': 0.9858331084251404, 'test/loss': 0.050221774727106094, 'test/mean_average_precision': 0.25579307742234697, 'test/num_examples': 43793, 'score': 4540.3646671772, 'total_duration': 5895.271810770035, 'accumulated_submission_time': 4540.3646671772, 'accumulated_eval_time': 1353.3947446346283, 'accumulated_logging_time': 1.353484869003296}
I0410 20:44:28.184832 140096862541568 logging_writer.py:48] [23190] accumulated_eval_time=1353.39, accumulated_logging_time=1.35348, accumulated_submission_time=4540.36, global_step=23190, preemption_count=0, score=4540.36, test/accuracy=0.985833, test/loss=0.0502218, test/mean_average_precision=0.255793, test/num_examples=43793, total_duration=5895.27, train/accuracy=0.991921, train/loss=0.0257182, train/mean_average_precision=0.52429, validation/accuracy=0.986693, validation/loss=0.047085, validation/mean_average_precision=0.272374, validation/num_examples=43793
I0410 20:52:00.298686 140260150285504 spec.py:333] Evaluating on the training split.
I0410 20:53:28.262706 140260150285504 spec.py:346] Evaluating on the validation split.
I0410 20:53:37.054013 140260150285504 spec.py:363] Evaluating on the test split.
I0410 20:53:45.777210 140260150285504 submission_runner.py:516] Time since start: 6452.91s, 	Step: 25558, 	{'train/accuracy': 0.9927602410316467, 'train/loss': 0.022966280579566956, 'train/mean_average_precision': 0.5767124338727916, 'validation/accuracy': 0.9865797162055969, 'validation/loss': 0.047348178923130035, 'validation/mean_average_precision': 0.2740446044395328, 'validation/num_examples': 43793, 'test/accuracy': 0.9857126474380493, 'test/loss': 0.0503392219543457, 'test/mean_average_precision': 0.2617738677085337, 'test/num_examples': 43793, 'score': 4992.451698064804, 'total_duration': 6452.907472610474, 'accumulated_submission_time': 4992.451698064804, 'accumulated_eval_time': 1458.8731541633606, 'accumulated_logging_time': 1.4075202941894531}
I0410 20:53:45.818716 140096854148864 logging_writer.py:48] [25558] accumulated_eval_time=1458.87, accumulated_logging_time=1.40752, accumulated_submission_time=4992.45, global_step=25558, preemption_count=0, score=4992.45, test/accuracy=0.985713, test/loss=0.0503392, test/mean_average_precision=0.261774, test/num_examples=43793, total_duration=6452.91, train/accuracy=0.99276, train/loss=0.0229663, train/mean_average_precision=0.576712, validation/accuracy=0.98658, validation/loss=0.0473482, validation/mean_average_precision=0.274045, validation/num_examples=43793
I0410 21:01:17.778720 140260150285504 spec.py:333] Evaluating on the training split.
I0410 21:02:44.903858 140260150285504 spec.py:346] Evaluating on the validation split.
I0410 21:02:53.720015 140260150285504 spec.py:363] Evaluating on the test split.
I0410 21:03:02.450429 140260150285504 submission_runner.py:516] Time since start: 7009.58s, 	Step: 27895, 	{'train/accuracy': 0.993352472782135, 'train/loss': 0.02103656902909279, 'train/mean_average_precision': 0.6253356587777241, 'validation/accuracy': 0.9865180253982544, 'validation/loss': 0.047679536044597626, 'validation/mean_average_precision': 0.26999729080126955, 'validation/num_examples': 43793, 'test/accuracy': 0.9856507182121277, 'test/loss': 0.05094914510846138, 'test/mean_average_precision': 0.2555126126089094, 'test/num_examples': 43793, 'score': 5444.384814023972, 'total_duration': 7009.580680847168, 'accumulated_submission_time': 5444.384814023972, 'accumulated_eval_time': 1563.5447402000427, 'accumulated_logging_time': 1.4598500728607178}
I0410 21:03:02.491440 140096862541568 logging_writer.py:48] [27895] accumulated_eval_time=1563.54, accumulated_logging_time=1.45985, accumulated_submission_time=5444.38, global_step=27895, preemption_count=0, score=5444.38, test/accuracy=0.985651, test/loss=0.0509491, test/mean_average_precision=0.255513, test/num_examples=43793, total_duration=7009.58, train/accuracy=0.993352, train/loss=0.0210366, train/mean_average_precision=0.625336, validation/accuracy=0.986518, validation/loss=0.0476795, validation/mean_average_precision=0.269997, validation/num_examples=43793
I0410 21:10:34.557813 140260150285504 spec.py:333] Evaluating on the training split.
I0410 21:12:00.038318 140260150285504 spec.py:346] Evaluating on the validation split.
I0410 21:12:08.826704 140260150285504 spec.py:363] Evaluating on the test split.
I0410 21:12:17.545271 140260150285504 submission_runner.py:516] Time since start: 7564.68s, 	Step: 30241, 	{'train/accuracy': 0.9931300282478333, 'train/loss': 0.02126346342265606, 'train/mean_average_precision': 0.6136939993875752, 'validation/accuracy': 0.9861847162246704, 'validation/loss': 0.050125401467084885, 'validation/mean_average_precision': 0.2638415269495958, 'validation/num_examples': 43793, 'test/accuracy': 0.985367476940155, 'test/loss': 0.053581349551677704, 'test/mean_average_precision': 0.25193867795055447, 'test/num_examples': 43793, 'score': 5896.4240000247955, 'total_duration': 7564.675540685654, 'accumulated_submission_time': 5896.4240000247955, 'accumulated_eval_time': 1666.5320854187012, 'accumulated_logging_time': 1.5113763809204102}
I0410 21:12:17.585329 140096854148864 logging_writer.py:48] [30241] accumulated_eval_time=1666.53, accumulated_logging_time=1.51138, accumulated_submission_time=5896.42, global_step=30241, preemption_count=0, score=5896.42, test/accuracy=0.985367, test/loss=0.0535813, test/mean_average_precision=0.251939, test/num_examples=43793, total_duration=7564.68, train/accuracy=0.99313, train/loss=0.0212635, train/mean_average_precision=0.613694, validation/accuracy=0.986185, validation/loss=0.0501254, validation/mean_average_precision=0.263842, validation/num_examples=43793
I0410 21:19:49.624875 140260150285504 spec.py:333] Evaluating on the training split.
I0410 21:21:15.451619 140260150285504 spec.py:346] Evaluating on the validation split.
I0410 21:21:24.245180 140260150285504 spec.py:363] Evaluating on the test split.
I0410 21:21:32.984380 140260150285504 submission_runner.py:516] Time since start: 8120.11s, 	Step: 32600, 	{'train/accuracy': 0.9934877753257751, 'train/loss': 0.020013362169265747, 'train/mean_average_precision': 0.6507946580912126, 'validation/accuracy': 0.9862567782402039, 'validation/loss': 0.05147884786128998, 'validation/mean_average_precision': 0.26067239473395265, 'validation/num_examples': 43793, 'test/accuracy': 0.9853407740592957, 'test/loss': 0.05536969378590584, 'test/mean_average_precision': 0.25185746455186925, 'test/num_examples': 43793, 'score': 6348.43693113327, 'total_duration': 8120.114656925201, 'accumulated_submission_time': 6348.43693113327, 'accumulated_eval_time': 1769.8914875984192, 'accumulated_logging_time': 1.5618698596954346}
I0410 21:21:33.029171 140096862541568 logging_writer.py:48] [32600] accumulated_eval_time=1769.89, accumulated_logging_time=1.56187, accumulated_submission_time=6348.44, global_step=32600, preemption_count=0, score=6348.44, test/accuracy=0.985341, test/loss=0.0553697, test/mean_average_precision=0.251857, test/num_examples=43793, total_duration=8120.11, train/accuracy=0.993488, train/loss=0.0200134, train/mean_average_precision=0.650795, validation/accuracy=0.986257, validation/loss=0.0514788, validation/mean_average_precision=0.260672, validation/num_examples=43793
I0410 21:29:05.005973 140260150285504 spec.py:333] Evaluating on the training split.
I0410 21:30:31.515845 140260150285504 spec.py:346] Evaluating on the validation split.
I0410 21:30:40.305358 140260150285504 spec.py:363] Evaluating on the test split.
I0410 21:30:49.022731 140260150285504 submission_runner.py:516] Time since start: 8676.15s, 	Step: 34957, 	{'train/accuracy': 0.9945627450942993, 'train/loss': 0.016658853739500046, 'train/mean_average_precision': 0.7262788198914261, 'validation/accuracy': 0.9861400723457336, 'validation/loss': 0.053806520998477936, 'validation/mean_average_precision': 0.25955045784061537, 'validation/num_examples': 43793, 'test/accuracy': 0.9852160811424255, 'test/loss': 0.05812189728021622, 'test/mean_average_precision': 0.24350019217765476, 'test/num_examples': 43793, 'score': 6800.386551141739, 'total_duration': 8676.153046369553, 'accumulated_submission_time': 6800.386551141739, 'accumulated_eval_time': 1873.908180475235, 'accumulated_logging_time': 1.6172606945037842}
I0410 21:30:49.064449 140096854148864 logging_writer.py:48] [34957] accumulated_eval_time=1873.91, accumulated_logging_time=1.61726, accumulated_submission_time=6800.39, global_step=34957, preemption_count=0, score=6800.39, test/accuracy=0.985216, test/loss=0.0581219, test/mean_average_precision=0.2435, test/num_examples=43793, total_duration=8676.15, train/accuracy=0.994563, train/loss=0.0166589, train/mean_average_precision=0.726279, validation/accuracy=0.98614, validation/loss=0.0538065, validation/mean_average_precision=0.25955, validation/num_examples=43793
I0410 21:38:21.026928 140260150285504 spec.py:333] Evaluating on the training split.
I0410 21:39:50.086799 140260150285504 spec.py:346] Evaluating on the validation split.
I0410 21:39:58.893004 140260150285504 spec.py:363] Evaluating on the test split.
I0410 21:40:07.611578 140260150285504 submission_runner.py:516] Time since start: 9234.74s, 	Step: 37305, 	{'train/accuracy': 0.9960969090461731, 'train/loss': 0.012274036183953285, 'train/mean_average_precision': 0.8158629474501726, 'validation/accuracy': 0.9858299493789673, 'validation/loss': 0.057394418865442276, 'validation/mean_average_precision': 0.2550347580083253, 'validation/num_examples': 43793, 'test/accuracy': 0.9848673939704895, 'test/loss': 0.06204736605286598, 'test/mean_average_precision': 0.24456740975685398, 'test/num_examples': 43793, 'score': 7252.321865320206, 'total_duration': 9234.741856575012, 'accumulated_submission_time': 7252.321865320206, 'accumulated_eval_time': 1980.4927430152893, 'accumulated_logging_time': 1.6694836616516113}
I0410 21:40:07.653928 140096862541568 logging_writer.py:48] [37305] accumulated_eval_time=1980.49, accumulated_logging_time=1.66948, accumulated_submission_time=7252.32, global_step=37305, preemption_count=0, score=7252.32, test/accuracy=0.984867, test/loss=0.0620474, test/mean_average_precision=0.244567, test/num_examples=43793, total_duration=9234.74, train/accuracy=0.996097, train/loss=0.012274, train/mean_average_precision=0.815863, validation/accuracy=0.98583, validation/loss=0.0573944, validation/mean_average_precision=0.255035, validation/num_examples=43793
I0410 21:47:39.679745 140260150285504 spec.py:333] Evaluating on the training split.
I0410 21:49:06.817915 140260150285504 spec.py:346] Evaluating on the validation split.
I0410 21:49:15.593833 140260150285504 spec.py:363] Evaluating on the test split.
I0410 21:49:24.321416 140260150285504 submission_runner.py:516] Time since start: 9791.45s, 	Step: 39663, 	{'train/accuracy': 0.995529294013977, 'train/loss': 0.01315377838909626, 'train/mean_average_precision': 0.7952927441887303, 'validation/accuracy': 0.9857057332992554, 'validation/loss': 0.061449795961380005, 'validation/mean_average_precision': 0.24816672270185183, 'validation/num_examples': 43793, 'test/accuracy': 0.9847448468208313, 'test/loss': 0.06638025492429733, 'test/mean_average_precision': 0.23663878558250073, 'test/num_examples': 43793, 'score': 7704.320394039154, 'total_duration': 9791.451721191406, 'accumulated_submission_time': 7704.320394039154, 'accumulated_eval_time': 2085.134337425232, 'accumulated_logging_time': 1.7223529815673828}
I0410 21:49:24.363366 140096854148864 logging_writer.py:48] [39663] accumulated_eval_time=2085.13, accumulated_logging_time=1.72235, accumulated_submission_time=7704.32, global_step=39663, preemption_count=0, score=7704.32, test/accuracy=0.984745, test/loss=0.0663803, test/mean_average_precision=0.236639, test/num_examples=43793, total_duration=9791.45, train/accuracy=0.995529, train/loss=0.0131538, train/mean_average_precision=0.795293, validation/accuracy=0.985706, validation/loss=0.0614498, validation/mean_average_precision=0.248167, validation/num_examples=43793
I0410 21:56:56.463755 140260150285504 spec.py:333] Evaluating on the training split.
I0410 21:58:23.625068 140260150285504 spec.py:346] Evaluating on the validation split.
I0410 21:58:32.413371 140260150285504 spec.py:363] Evaluating on the test split.
I0410 21:58:41.155886 140260150285504 submission_runner.py:516] Time since start: 10348.29s, 	Step: 42014, 	{'train/accuracy': 0.9954932928085327, 'train/loss': 0.013054285198450089, 'train/mean_average_precision': 0.7993532826885896, 'validation/accuracy': 0.9852892756462097, 'validation/loss': 0.0667453482747078, 'validation/mean_average_precision': 0.2448930995757051, 'validation/num_examples': 43793, 'test/accuracy': 0.9843224287033081, 'test/loss': 0.07209106534719467, 'test/mean_average_precision': 0.22930547211129756, 'test/num_examples': 43793, 'score': 8156.3939781188965, 'total_duration': 10348.286182880402, 'accumulated_submission_time': 8156.3939781188965, 'accumulated_eval_time': 2189.826387166977, 'accumulated_logging_time': 1.7748160362243652}
I0410 21:58:41.215838 140096862541568 logging_writer.py:48] [42014] accumulated_eval_time=2189.83, accumulated_logging_time=1.77482, accumulated_submission_time=8156.39, global_step=42014, preemption_count=0, score=8156.39, test/accuracy=0.984322, test/loss=0.0720911, test/mean_average_precision=0.229305, test/num_examples=43793, total_duration=10348.3, train/accuracy=0.995493, train/loss=0.0130543, train/mean_average_precision=0.799353, validation/accuracy=0.985289, validation/loss=0.0667453, validation/mean_average_precision=0.244893, validation/num_examples=43793
I0410 22:06:13.303625 140260150285504 spec.py:333] Evaluating on the training split.
I0410 22:07:39.363160 140260150285504 spec.py:346] Evaluating on the validation split.
I0410 22:07:48.145560 140260150285504 spec.py:363] Evaluating on the test split.
I0410 22:07:56.881957 140260150285504 submission_runner.py:516] Time since start: 10904.01s, 	Step: 44357, 	{'train/accuracy': 0.9966706037521362, 'train/loss': 0.009765268303453922, 'train/mean_average_precision': 0.8690307818993237, 'validation/accuracy': 0.9852170348167419, 'validation/loss': 0.07198205590248108, 'validation/mean_average_precision': 0.23929675694316588, 'validation/num_examples': 43793, 'test/accuracy': 0.984225332736969, 'test/loss': 0.07757307589054108, 'test/mean_average_precision': 0.22937878530890893, 'test/num_examples': 43793, 'score': 8608.454153060913, 'total_duration': 10904.012224435806, 'accumulated_submission_time': 8608.454153060913, 'accumulated_eval_time': 2293.40461063385, 'accumulated_logging_time': 1.84562087059021}
I0410 22:07:56.924437 140096854148864 logging_writer.py:48] [44357] accumulated_eval_time=2293.4, accumulated_logging_time=1.84562, accumulated_submission_time=8608.45, global_step=44357, preemption_count=0, score=8608.45, test/accuracy=0.984225, test/loss=0.0775731, test/mean_average_precision=0.229379, test/num_examples=43793, total_duration=10904, train/accuracy=0.996671, train/loss=0.00976527, train/mean_average_precision=0.869031, validation/accuracy=0.985217, validation/loss=0.0719821, validation/mean_average_precision=0.239297, validation/num_examples=43793
I0410 22:15:29.003846 140260150285504 spec.py:333] Evaluating on the training split.
I0410 22:16:50.731569 140260150285504 spec.py:346] Evaluating on the validation split.
I0410 22:16:59.538302 140260150285504 spec.py:363] Evaluating on the test split.
I0410 22:17:08.256193 140260150285504 submission_runner.py:516] Time since start: 11455.39s, 	Step: 46716, 	{'train/accuracy': 0.9984345436096191, 'train/loss': 0.005770144518464804, 'train/mean_average_precision': 0.9441325888970392, 'validation/accuracy': 0.9850960373878479, 'validation/loss': 0.07599130272865295, 'validation/mean_average_precision': 0.23821245088949838, 'validation/num_examples': 43793, 'test/accuracy': 0.9839535355567932, 'test/loss': 0.0826098695397377, 'test/mean_average_precision': 0.2200529761190265, 'test/num_examples': 43793, 'score': 9060.505816221237, 'total_duration': 11455.386438131332, 'accumulated_submission_time': 9060.505816221237, 'accumulated_eval_time': 2392.6568369865417, 'accumulated_logging_time': 1.8989205360412598}
I0410 22:17:08.300420 140096862541568 logging_writer.py:48] [46716] accumulated_eval_time=2392.66, accumulated_logging_time=1.89892, accumulated_submission_time=9060.51, global_step=46716, preemption_count=0, score=9060.51, test/accuracy=0.983954, test/loss=0.0826099, test/mean_average_precision=0.220053, test/num_examples=43793, total_duration=11455.4, train/accuracy=0.998435, train/loss=0.00577014, train/mean_average_precision=0.944133, validation/accuracy=0.985096, validation/loss=0.0759913, validation/mean_average_precision=0.238212, validation/num_examples=43793
I0410 22:24:40.279007 140260150285504 spec.py:333] Evaluating on the training split.
I0410 22:26:00.502144 140260150285504 spec.py:346] Evaluating on the validation split.
I0410 22:26:09.301844 140260150285504 spec.py:363] Evaluating on the test split.
I0410 22:26:18.018466 140260150285504 submission_runner.py:516] Time since start: 12005.15s, 	Step: 49085, 	{'train/accuracy': 0.9976831674575806, 'train/loss': 0.007243254221975803, 'train/mean_average_precision': 0.9167306105279014, 'validation/accuracy': 0.9850367903709412, 'validation/loss': 0.07844056934118271, 'validation/mean_average_precision': 0.23577708170255215, 'validation/num_examples': 43793, 'test/accuracy': 0.9839463233947754, 'test/loss': 0.08490760624408722, 'test/mean_average_precision': 0.22078968258008302, 'test/num_examples': 43793, 'score': 9512.456728935242, 'total_duration': 12005.148757696152, 'accumulated_submission_time': 9512.456728935242, 'accumulated_eval_time': 2490.3962049484253, 'accumulated_logging_time': 1.9540965557098389}
I0410 22:26:18.063821 140096854148864 logging_writer.py:48] [49085] accumulated_eval_time=2490.4, accumulated_logging_time=1.9541, accumulated_submission_time=9512.46, global_step=49085, preemption_count=0, score=9512.46, test/accuracy=0.983946, test/loss=0.0849076, test/mean_average_precision=0.22079, test/num_examples=43793, total_duration=12005.1, train/accuracy=0.997683, train/loss=0.00724325, train/mean_average_precision=0.916731, validation/accuracy=0.985037, validation/loss=0.0784406, validation/mean_average_precision=0.235777, validation/num_examples=43793
I0410 22:33:50.062481 140260150285504 spec.py:333] Evaluating on the training split.
I0410 22:35:11.921837 140260150285504 spec.py:346] Evaluating on the validation split.
I0410 22:35:20.708051 140260150285504 spec.py:363] Evaluating on the test split.
I0410 22:35:29.433129 140260150285504 submission_runner.py:516] Time since start: 12556.56s, 	Step: 51450, 	{'train/accuracy': 0.9980406761169434, 'train/loss': 0.006331726908683777, 'train/mean_average_precision': 0.9311498451097251, 'validation/accuracy': 0.9850489497184753, 'validation/loss': 0.07854854315519333, 'validation/mean_average_precision': 0.23768857638825108, 'validation/num_examples': 43793, 'test/accuracy': 0.9839648604393005, 'test/loss': 0.08506062626838684, 'test/mean_average_precision': 0.2212585475203027, 'test/num_examples': 43793, 'score': 9964.428487062454, 'total_duration': 12556.563348531723, 'accumulated_submission_time': 9964.428487062454, 'accumulated_eval_time': 2589.76669216156, 'accumulated_logging_time': 2.009866952896118}
I0410 22:35:29.477923 140096862541568 logging_writer.py:48] [51450] accumulated_eval_time=2589.77, accumulated_logging_time=2.00987, accumulated_submission_time=9964.43, global_step=51450, preemption_count=0, score=9964.43, test/accuracy=0.983965, test/loss=0.0850606, test/mean_average_precision=0.221259, test/num_examples=43793, total_duration=12556.6, train/accuracy=0.998041, train/loss=0.00633173, train/mean_average_precision=0.93115, validation/accuracy=0.985049, validation/loss=0.0785485, validation/mean_average_precision=0.237689, validation/num_examples=43793
I0410 22:43:01.452533 140260150285504 spec.py:333] Evaluating on the training split.
I0410 22:44:23.362489 140260150285504 spec.py:346] Evaluating on the validation split.
I0410 22:44:32.147480 140260150285504 spec.py:363] Evaluating on the test split.
I0410 22:44:40.866656 140260150285504 submission_runner.py:516] Time since start: 13108.00s, 	Step: 53800, 	{'train/accuracy': 0.9981488585472107, 'train/loss': 0.006166251376271248, 'train/mean_average_precision': 0.9329995778794967, 'validation/accuracy': 0.9850010871887207, 'validation/loss': 0.07845979928970337, 'validation/mean_average_precision': 0.2377644691804138, 'validation/num_examples': 43793, 'test/accuracy': 0.9839160442352295, 'test/loss': 0.08497531712055206, 'test/mean_average_precision': 0.22091537440503733, 'test/num_examples': 43793, 'score': 10416.376270532608, 'total_duration': 13107.996922254562, 'accumulated_submission_time': 10416.376270532608, 'accumulated_eval_time': 2689.180709838867, 'accumulated_logging_time': 2.0653293132781982}
I0410 22:44:40.909915 140096854148864 logging_writer.py:48] [53800] accumulated_eval_time=2689.18, accumulated_logging_time=2.06533, accumulated_submission_time=10416.4, global_step=53800, preemption_count=0, score=10416.4, test/accuracy=0.983916, test/loss=0.0849753, test/mean_average_precision=0.220915, test/num_examples=43793, total_duration=13108, train/accuracy=0.998149, train/loss=0.00616625, train/mean_average_precision=0.933, validation/accuracy=0.985001, validation/loss=0.0784598, validation/mean_average_precision=0.237764, validation/num_examples=43793
I0410 22:52:12.912779 140260150285504 spec.py:333] Evaluating on the training split.
I0410 22:53:34.956313 140260150285504 spec.py:346] Evaluating on the validation split.
I0410 22:53:43.743771 140260150285504 spec.py:363] Evaluating on the test split.
I0410 22:53:52.468406 140260150285504 submission_runner.py:516] Time since start: 13659.60s, 	Step: 56142, 	{'train/accuracy': 0.9983130693435669, 'train/loss': 0.005881672725081444, 'train/mean_average_precision': 0.9405708376199863, 'validation/accuracy': 0.9850010871887207, 'validation/loss': 0.07845980674028397, 'validation/mean_average_precision': 0.23782855950457713, 'validation/num_examples': 43793, 'test/accuracy': 0.9839158058166504, 'test/loss': 0.08497529476881027, 'test/mean_average_precision': 0.22098839265518452, 'test/num_examples': 43793, 'score': 10868.352004528046, 'total_duration': 13659.598678588867, 'accumulated_submission_time': 10868.352004528046, 'accumulated_eval_time': 2788.7362327575684, 'accumulated_logging_time': 2.1192400455474854}
I0410 22:53:52.511340 140096862541568 logging_writer.py:48] [56142] accumulated_eval_time=2788.74, accumulated_logging_time=2.11924, accumulated_submission_time=10868.4, global_step=56142, preemption_count=0, score=10868.4, test/accuracy=0.983916, test/loss=0.0849753, test/mean_average_precision=0.220988, test/num_examples=43793, total_duration=13659.6, train/accuracy=0.998313, train/loss=0.00588167, train/mean_average_precision=0.940571, validation/accuracy=0.985001, validation/loss=0.0784598, validation/mean_average_precision=0.237829, validation/num_examples=43793
I0410 23:01:24.637476 140260150285504 spec.py:333] Evaluating on the training split.
I0410 23:02:46.598158 140260150285504 spec.py:346] Evaluating on the validation split.
I0410 23:02:55.397706 140260150285504 spec.py:363] Evaluating on the test split.
I0410 23:03:04.117807 140260150285504 submission_runner.py:516] Time since start: 14211.25s, 	Step: 58502, 	{'train/accuracy': 0.9980922341346741, 'train/loss': 0.0062265959568321705, 'train/mean_average_precision': 0.9380775101169928, 'validation/accuracy': 0.985001266002655, 'validation/loss': 0.07845979183912277, 'validation/mean_average_precision': 0.23781844375682298, 'validation/num_examples': 43793, 'test/accuracy': 0.983915388584137, 'test/loss': 0.08497531712055206, 'test/mean_average_precision': 0.22097964784369792, 'test/num_examples': 43793, 'score': 11320.45120549202, 'total_duration': 14211.248075008392, 'accumulated_submission_time': 11320.45120549202, 'accumulated_eval_time': 2888.216461420059, 'accumulated_logging_time': 2.17265248298645}
I0410 23:03:04.161538 140096854148864 logging_writer.py:48] [58502] accumulated_eval_time=2888.22, accumulated_logging_time=2.17265, accumulated_submission_time=11320.5, global_step=58502, preemption_count=0, score=11320.5, test/accuracy=0.983915, test/loss=0.0849753, test/mean_average_precision=0.22098, test/num_examples=43793, total_duration=14211.2, train/accuracy=0.998092, train/loss=0.0062266, train/mean_average_precision=0.938078, validation/accuracy=0.985001, validation/loss=0.0784598, validation/mean_average_precision=0.237818, validation/num_examples=43793
I0410 23:10:36.285124 140260150285504 spec.py:333] Evaluating on the training split.
I0410 23:11:57.065388 140260150285504 spec.py:346] Evaluating on the validation split.
I0410 23:12:05.868009 140260150285504 spec.py:363] Evaluating on the test split.
I0410 23:12:14.595393 140260150285504 submission_runner.py:516] Time since start: 14761.73s, 	Step: 60842, 	{'train/accuracy': 0.9978217482566833, 'train/loss': 0.006719757337123156, 'train/mean_average_precision': 0.9231534181470911, 'validation/accuracy': 0.9850010871887207, 'validation/loss': 0.07845980674028397, 'validation/mean_average_precision': 0.2378171168698165, 'validation/num_examples': 43793, 'test/accuracy': 0.9839156270027161, 'test/loss': 0.08497530966997147, 'test/mean_average_precision': 0.22088402701181906, 'test/num_examples': 43793, 'score': 11772.548446655273, 'total_duration': 14761.725662708282, 'accumulated_submission_time': 11772.548446655273, 'accumulated_eval_time': 2986.526628255844, 'accumulated_logging_time': 2.2267627716064453}
I0410 23:12:14.639464 140096862541568 logging_writer.py:48] [60842] accumulated_eval_time=2986.53, accumulated_logging_time=2.22676, accumulated_submission_time=11772.5, global_step=60842, preemption_count=0, score=11772.5, test/accuracy=0.983916, test/loss=0.0849753, test/mean_average_precision=0.220884, test/num_examples=43793, total_duration=14761.7, train/accuracy=0.997822, train/loss=0.00671976, train/mean_average_precision=0.923153, validation/accuracy=0.985001, validation/loss=0.0784598, validation/mean_average_precision=0.237817, validation/num_examples=43793
I0410 23:19:46.617955 140260150285504 spec.py:333] Evaluating on the training split.
I0410 23:21:08.177473 140260150285504 spec.py:346] Evaluating on the validation split.
I0410 23:21:16.983202 140260150285504 spec.py:363] Evaluating on the test split.
I0410 23:21:25.706549 140260150285504 submission_runner.py:516] Time since start: 15312.84s, 	Step: 63201, 	{'train/accuracy': 0.9980574250221252, 'train/loss': 0.006311838980764151, 'train/mean_average_precision': 0.9342510855208431, 'validation/accuracy': 0.9850010871887207, 'validation/loss': 0.07845982164144516, 'validation/mean_average_precision': 0.23774674402778018, 'validation/num_examples': 43793, 'test/accuracy': 0.9839156270027161, 'test/loss': 0.08497527241706848, 'test/mean_average_precision': 0.22086774570608797, 'test/num_examples': 43793, 'score': 12224.49985909462, 'total_duration': 15312.836799144745, 'accumulated_submission_time': 12224.49985909462, 'accumulated_eval_time': 3085.61509680748, 'accumulated_logging_time': 2.2812697887420654}
I0410 23:21:25.751363 140096854148864 logging_writer.py:48] [63201] accumulated_eval_time=3085.62, accumulated_logging_time=2.28127, accumulated_submission_time=12224.5, global_step=63201, preemption_count=0, score=12224.5, test/accuracy=0.983916, test/loss=0.0849753, test/mean_average_precision=0.220868, test/num_examples=43793, total_duration=15312.8, train/accuracy=0.998057, train/loss=0.00631184, train/mean_average_precision=0.934251, validation/accuracy=0.985001, validation/loss=0.0784598, validation/mean_average_precision=0.237747, validation/num_examples=43793
I0410 23:28:57.778325 140260150285504 spec.py:333] Evaluating on the training split.
I0410 23:30:15.417168 140260150285504 spec.py:346] Evaluating on the validation split.
I0410 23:30:24.206458 140260150285504 spec.py:363] Evaluating on the test split.
I0410 23:30:32.929936 140260150285504 submission_runner.py:516] Time since start: 15860.06s, 	Step: 65534, 	{'train/accuracy': 0.9980730414390564, 'train/loss': 0.006320609711110592, 'train/mean_average_precision': 0.9319024278981856, 'validation/accuracy': 0.9850010871887207, 'validation/loss': 0.07845979183912277, 'validation/mean_average_precision': 0.23781653655345183, 'validation/num_examples': 43793, 'test/accuracy': 0.9839158058166504, 'test/loss': 0.08497526496648788, 'test/mean_average_precision': 0.22093748653283335, 'test/num_examples': 43793, 'score': 12676.499608516693, 'total_duration': 15860.060205936432, 'accumulated_submission_time': 12676.499608516693, 'accumulated_eval_time': 3180.766597509384, 'accumulated_logging_time': 2.3367037773132324}
I0410 23:30:32.976074 140096862541568 logging_writer.py:48] [65534] accumulated_eval_time=3180.77, accumulated_logging_time=2.3367, accumulated_submission_time=12676.5, global_step=65534, preemption_count=0, score=12676.5, test/accuracy=0.983916, test/loss=0.0849753, test/mean_average_precision=0.220937, test/num_examples=43793, total_duration=15860.1, train/accuracy=0.998073, train/loss=0.00632061, train/mean_average_precision=0.931902, validation/accuracy=0.985001, validation/loss=0.0784598, validation/mean_average_precision=0.237817, validation/num_examples=43793
I0410 23:38:05.100936 140260150285504 spec.py:333] Evaluating on the training split.
I0410 23:39:22.529710 140260150285504 spec.py:346] Evaluating on the validation split.
I0410 23:39:31.319074 140260150285504 spec.py:363] Evaluating on the test split.
I0410 23:39:40.044499 140260150285504 submission_runner.py:516] Time since start: 16407.17s, 	Step: 67870, 	{'train/accuracy': 0.9982784390449524, 'train/loss': 0.00593794509768486, 'train/mean_average_precision': 0.9421648610248204, 'validation/accuracy': 0.985001266002655, 'validation/loss': 0.07845980674028397, 'validation/mean_average_precision': 0.2377938883438614, 'validation/num_examples': 43793, 'test/accuracy': 0.983915388584137, 'test/loss': 0.08497527986764908, 'test/mean_average_precision': 0.2209634521928683, 'test/num_examples': 43793, 'score': 13128.597297668457, 'total_duration': 16407.174777507782, 'accumulated_submission_time': 13128.597297668457, 'accumulated_eval_time': 3275.710057258606, 'accumulated_logging_time': 2.393685817718506}
I0410 23:39:40.086815 140096854148864 logging_writer.py:48] [67870] accumulated_eval_time=3275.71, accumulated_logging_time=2.39369, accumulated_submission_time=13128.6, global_step=67870, preemption_count=0, score=13128.6, test/accuracy=0.983915, test/loss=0.0849753, test/mean_average_precision=0.220963, test/num_examples=43793, total_duration=16407.2, train/accuracy=0.998278, train/loss=0.00593795, train/mean_average_precision=0.942165, validation/accuracy=0.985001, validation/loss=0.0784598, validation/mean_average_precision=0.237794, validation/num_examples=43793
I0410 23:47:12.204484 140260150285504 spec.py:333] Evaluating on the training split.
I0410 23:48:31.156094 140260150285504 spec.py:346] Evaluating on the validation split.
I0410 23:48:39.953582 140260150285504 spec.py:363] Evaluating on the test split.
I0410 23:48:48.689000 140260150285504 submission_runner.py:516] Time since start: 16955.82s, 	Step: 70226, 	{'train/accuracy': 0.9982267022132874, 'train/loss': 0.006007781717926264, 'train/mean_average_precision': 0.9430426697642977, 'validation/accuracy': 0.9850010871887207, 'validation/loss': 0.07845976203680038, 'validation/mean_average_precision': 0.23781346507453824, 'validation/num_examples': 43793, 'test/accuracy': 0.9839156270027161, 'test/loss': 0.08497525751590729, 'test/mean_average_precision': 0.2209011073264821, 'test/num_examples': 43793, 'score': 13580.687735319138, 'total_duration': 16955.81927371025, 'accumulated_submission_time': 13580.687735319138, 'accumulated_eval_time': 3372.1944694519043, 'accumulated_logging_time': 2.4468700885772705}
I0410 23:48:48.734006 140096862541568 logging_writer.py:48] [70226] accumulated_eval_time=3372.19, accumulated_logging_time=2.44687, accumulated_submission_time=13580.7, global_step=70226, preemption_count=0, score=13580.7, test/accuracy=0.983916, test/loss=0.0849753, test/mean_average_precision=0.220901, test/num_examples=43793, total_duration=16955.8, train/accuracy=0.998227, train/loss=0.00600778, train/mean_average_precision=0.943043, validation/accuracy=0.985001, validation/loss=0.0784598, validation/mean_average_precision=0.237813, validation/num_examples=43793
I0410 23:56:20.700556 140260150285504 spec.py:333] Evaluating on the training split.
I0410 23:57:39.371549 140260150285504 spec.py:346] Evaluating on the validation split.
I0410 23:57:48.148208 140260150285504 spec.py:363] Evaluating on the test split.
I0410 23:57:56.884558 140260150285504 submission_runner.py:516] Time since start: 17504.01s, 	Step: 72589, 	{'train/accuracy': 0.9977866411209106, 'train/loss': 0.006779104471206665, 'train/mean_average_precision': 0.9232831471009147, 'validation/accuracy': 0.9850010871887207, 'validation/loss': 0.07845978438854218, 'validation/mean_average_precision': 0.23777272794134732, 'validation/num_examples': 43793, 'test/accuracy': 0.9839160442352295, 'test/loss': 0.08497527986764908, 'test/mean_average_precision': 0.22095919782936205, 'test/num_examples': 43793, 'score': 14032.626984834671, 'total_duration': 17504.01483130455, 'accumulated_submission_time': 14032.626984834671, 'accumulated_eval_time': 3468.378368616104, 'accumulated_logging_time': 2.502575159072876}
I0410 23:57:56.929733 140096854148864 logging_writer.py:48] [72589] accumulated_eval_time=3468.38, accumulated_logging_time=2.50258, accumulated_submission_time=14032.6, global_step=72589, preemption_count=0, score=14032.6, test/accuracy=0.983916, test/loss=0.0849753, test/mean_average_precision=0.220959, test/num_examples=43793, total_duration=17504, train/accuracy=0.997787, train/loss=0.0067791, train/mean_average_precision=0.923283, validation/accuracy=0.985001, validation/loss=0.0784598, validation/mean_average_precision=0.237773, validation/num_examples=43793
I0411 00:05:28.900881 140260150285504 spec.py:333] Evaluating on the training split.
I0411 00:06:46.132517 140260150285504 spec.py:346] Evaluating on the validation split.
I0411 00:06:54.932740 140260150285504 spec.py:363] Evaluating on the test split.
I0411 00:07:03.677354 140260150285504 submission_runner.py:516] Time since start: 18050.81s, 	Step: 74955, 	{'train/accuracy': 0.9980511665344238, 'train/loss': 0.006331707816570997, 'train/mean_average_precision': 0.9300071009459141, 'validation/accuracy': 0.9850010871887207, 'validation/loss': 0.07845980674028397, 'validation/mean_average_precision': 0.23781734137787894, 'validation/num_examples': 43793, 'test/accuracy': 0.9839156270027161, 'test/loss': 0.08497530966997147, 'test/mean_average_precision': 0.22095566865108343, 'test/num_examples': 43793, 'score': 14484.571024656296, 'total_duration': 18050.80762386322, 'accumulated_submission_time': 14484.571024656296, 'accumulated_eval_time': 3563.154732465744, 'accumulated_logging_time': 2.5582680702209473}
I0411 00:07:03.724415 140096862541568 logging_writer.py:48] [74955] accumulated_eval_time=3563.15, accumulated_logging_time=2.55827, accumulated_submission_time=14484.6, global_step=74955, preemption_count=0, score=14484.6, test/accuracy=0.983916, test/loss=0.0849753, test/mean_average_precision=0.220956, test/num_examples=43793, total_duration=18050.8, train/accuracy=0.998051, train/loss=0.00633171, train/mean_average_precision=0.930007, validation/accuracy=0.985001, validation/loss=0.0784598, validation/mean_average_precision=0.237817, validation/num_examples=43793
I0411 00:14:35.811109 140260150285504 spec.py:333] Evaluating on the training split.
I0411 00:15:50.817850 140260150285504 spec.py:346] Evaluating on the validation split.
I0411 00:15:59.608914 140260150285504 spec.py:363] Evaluating on the test split.
I0411 00:16:08.329125 140260150285504 submission_runner.py:516] Time since start: 18595.46s, 	Step: 77294, 	{'train/accuracy': 0.9980443120002747, 'train/loss': 0.006322079803794622, 'train/mean_average_precision': 0.9322928172836186, 'validation/accuracy': 0.9850010871887207, 'validation/loss': 0.07845979183912277, 'validation/mean_average_precision': 0.23780729466926206, 'validation/num_examples': 43793, 'test/accuracy': 0.9839160442352295, 'test/loss': 0.08497525751590729, 'test/mean_average_precision': 0.22095630916982006, 'test/num_examples': 43793, 'score': 14936.630476236343, 'total_duration': 18595.459388256073, 'accumulated_submission_time': 14936.630476236343, 'accumulated_eval_time': 3655.672634601593, 'accumulated_logging_time': 2.616159439086914}
I0411 00:16:08.373371 140096854148864 logging_writer.py:48] [77294] accumulated_eval_time=3655.67, accumulated_logging_time=2.61616, accumulated_submission_time=14936.6, global_step=77294, preemption_count=0, score=14936.6, test/accuracy=0.983916, test/loss=0.0849753, test/mean_average_precision=0.220956, test/num_examples=43793, total_duration=18595.5, train/accuracy=0.998044, train/loss=0.00632208, train/mean_average_precision=0.932293, validation/accuracy=0.985001, validation/loss=0.0784598, validation/mean_average_precision=0.237807, validation/num_examples=43793
I0411 00:23:40.378915 140260150285504 spec.py:333] Evaluating on the training split.
I0411 00:25:00.168214 140260150285504 spec.py:346] Evaluating on the validation split.
I0411 00:25:08.970877 140260150285504 spec.py:363] Evaluating on the test split.
I0411 00:25:17.691707 140260150285504 submission_runner.py:516] Time since start: 19144.82s, 	Step: 79638, 	{'train/accuracy': 0.9982013702392578, 'train/loss': 0.006142618600279093, 'train/mean_average_precision': 0.9360865935291433, 'validation/accuracy': 0.985001266002655, 'validation/loss': 0.07845979928970337, 'validation/mean_average_precision': 0.23775652591841864, 'validation/num_examples': 43793, 'test/accuracy': 0.9839158058166504, 'test/loss': 0.08497530966997147, 'test/mean_average_precision': 0.22093835647966448, 'test/num_examples': 43793, 'score': 15388.609369516373, 'total_duration': 19144.821977376938, 'accumulated_submission_time': 15388.609369516373, 'accumulated_eval_time': 3752.9853155612946, 'accumulated_logging_time': 2.670703887939453}
I0411 00:25:17.736505 140096862541568 logging_writer.py:48] [79638] accumulated_eval_time=3752.99, accumulated_logging_time=2.6707, accumulated_submission_time=15388.6, global_step=79638, preemption_count=0, score=15388.6, test/accuracy=0.983916, test/loss=0.0849753, test/mean_average_precision=0.220938, test/num_examples=43793, total_duration=19144.8, train/accuracy=0.998201, train/loss=0.00614262, train/mean_average_precision=0.936087, validation/accuracy=0.985001, validation/loss=0.0784598, validation/mean_average_precision=0.237757, validation/num_examples=43793
I0411 00:32:49.808097 140260150285504 spec.py:333] Evaluating on the training split.
I0411 00:34:10.087598 140260150285504 spec.py:346] Evaluating on the validation split.
I0411 00:34:18.861599 140260150285504 spec.py:363] Evaluating on the test split.
I0411 00:34:27.583457 140260150285504 submission_runner.py:516] Time since start: 19694.71s, 	Step: 81998, 	{'train/accuracy': 0.9983431696891785, 'train/loss': 0.005756418686360121, 'train/mean_average_precision': 0.9448612396862701, 'validation/accuracy': 0.9850014448165894, 'validation/loss': 0.07845982164144516, 'validation/mean_average_precision': 0.23758327388797215, 'validation/num_examples': 43793, 'test/accuracy': 0.983915388584137, 'test/loss': 0.08497529476881027, 'test/mean_average_precision': 0.22091842108452014, 'test/num_examples': 43793, 'score': 15840.65361404419, 'total_duration': 19694.7137093544, 'accumulated_submission_time': 15840.65361404419, 'accumulated_eval_time': 3850.760550737381, 'accumulated_logging_time': 2.726261615753174}
I0411 00:34:27.626965 140096854148864 logging_writer.py:48] [81998] accumulated_eval_time=3850.76, accumulated_logging_time=2.72626, accumulated_submission_time=15840.7, global_step=81998, preemption_count=0, score=15840.7, test/accuracy=0.983915, test/loss=0.0849753, test/mean_average_precision=0.220918, test/num_examples=43793, total_duration=19694.7, train/accuracy=0.998343, train/loss=0.00575642, train/mean_average_precision=0.944861, validation/accuracy=0.985001, validation/loss=0.0784598, validation/mean_average_precision=0.237583, validation/num_examples=43793
I0411 00:41:59.693900 140260150285504 spec.py:333] Evaluating on the training split.
I0411 00:43:17.557240 140260150285504 spec.py:346] Evaluating on the validation split.
I0411 00:43:26.357765 140260150285504 spec.py:363] Evaluating on the test split.
I0411 00:43:35.100507 140260150285504 submission_runner.py:516] Time since start: 20242.23s, 	Step: 84345, 	{'train/accuracy': 0.9979211688041687, 'train/loss': 0.006529171485453844, 'train/mean_average_precision': 0.9288822827083766, 'validation/accuracy': 0.9850010871887207, 'validation/loss': 0.07845980674028397, 'validation/mean_average_precision': 0.2378057006474949, 'validation/num_examples': 43793, 'test/accuracy': 0.9839158058166504, 'test/loss': 0.08497527986764908, 'test/mean_average_precision': 0.2209606956699312, 'test/num_examples': 43793, 'score': 16292.693708896637, 'total_duration': 20242.230761528015, 'accumulated_submission_time': 16292.693708896637, 'accumulated_eval_time': 3946.1670417785645, 'accumulated_logging_time': 2.780082941055298}
I0411 00:43:35.144716 140096862541568 logging_writer.py:48] [84345] accumulated_eval_time=3946.17, accumulated_logging_time=2.78008, accumulated_submission_time=16292.7, global_step=84345, preemption_count=0, score=16292.7, test/accuracy=0.983916, test/loss=0.0849753, test/mean_average_precision=0.220961, test/num_examples=43793, total_duration=20242.2, train/accuracy=0.997921, train/loss=0.00652917, train/mean_average_precision=0.928882, validation/accuracy=0.985001, validation/loss=0.0784598, validation/mean_average_precision=0.237806, validation/num_examples=43793
I0411 00:51:07.112831 140260150285504 spec.py:333] Evaluating on the training split.
I0411 00:52:27.283999 140260150285504 spec.py:346] Evaluating on the validation split.
I0411 00:52:36.061687 140260150285504 spec.py:363] Evaluating on the test split.
I0411 00:52:44.761323 140260150285504 submission_runner.py:516] Time since start: 20791.89s, 	Step: 86698, 	{'train/accuracy': 0.9979371428489685, 'train/loss': 0.006527406629174948, 'train/mean_average_precision': 0.9332592459190769, 'validation/accuracy': 0.985001266002655, 'validation/loss': 0.07845978438854218, 'validation/mean_average_precision': 0.23781488177302132, 'validation/num_examples': 43793, 'test/accuracy': 0.983915388584137, 'test/loss': 0.08497530221939087, 'test/mean_average_precision': 0.22096817958117698, 'test/num_examples': 43793, 'score': 16744.63472867012, 'total_duration': 20791.891621351242, 'accumulated_submission_time': 16744.63472867012, 'accumulated_eval_time': 4043.8154520988464, 'accumulated_logging_time': 2.8350062370300293}
I0411 00:52:44.803926 140096854148864 logging_writer.py:48] [86698] accumulated_eval_time=4043.82, accumulated_logging_time=2.83501, accumulated_submission_time=16744.6, global_step=86698, preemption_count=0, score=16744.6, test/accuracy=0.983915, test/loss=0.0849753, test/mean_average_precision=0.220968, test/num_examples=43793, total_duration=20791.9, train/accuracy=0.997937, train/loss=0.00652741, train/mean_average_precision=0.933259, validation/accuracy=0.985001, validation/loss=0.0784598, validation/mean_average_precision=0.237815, validation/num_examples=43793
I0411 01:00:16.923360 140096862541568 logging_writer.py:48] [89054] global_step=89054, preemption_count=0, score=17196.7
I0411 01:00:17.058025 140260150285504 submission_runner.py:857] Final ogbg score: 17196.699179649353
