python submission_runner.py --framework=jax --workload=imagenet_vit --submission_path=submissions_algorithms/submissions/self_tuning/single_worker_dilocov2/submission.py --data_dir=/data/imagenet/jax --experiment_dir=/experiment_runs --experiment_name=submissions_a100/single_worker_dilocov2/study_2 --overwrite=True --save_checkpoints=False --rng_seed=776136735 --imagenet_v2_data_dir=/data/imagenet/jax --tuning_ruleset=self 2>&1 | tee -a /logs/imagenet_vit_jax_06-17-2026-05-02-05.log
2026-06-17 05:02:05.945575: E external/local_xla/xla/stream_executor/cuda/cuda_fft.cc:467] Unable to register cuFFT factory: Attempting to register factory for plugin cuFFT when one has already been registered
WARNING: All log messages before absl::InitializeLog() is called are written to STDERR
E0000 00:00:1781672525.972412       9 cuda_dnn.cc:8579] Unable to register cuDNN factory: Attempting to register factory for plugin cuDNN when one has already been registered
E0000 00:00:1781672525.981397       9 cuda_blas.cc:1407] Unable to register cuBLAS factory: Attempting to register factory for plugin cuBLAS when one has already been registered
W0000 00:00:1781672526.009425       9 computation_placer.cc:177] computation placer already registered. Please check linkage and avoid linking the same target more than once.
W0000 00:00:1781672526.009460       9 computation_placer.cc:177] computation placer already registered. Please check linkage and avoid linking the same target more than once.
W0000 00:00:1781672526.009462       9 computation_placer.cc:177] computation placer already registered. Please check linkage and avoid linking the same target more than once.
W0000 00:00:1781672526.009465       9 computation_placer.cc:177] computation placer already registered. Please check linkage and avoid linking the same target more than once.
/usr/local/lib/python3.11/site-packages/torch/__init__.py:1617: UserWarning: Please use the new API settings to control TF32 behavior, such as torch.backends.cudnn.conv.fp32_precision = 'tf32' or torch.backends.cuda.matmul.fp32_precision = 'ieee'. Old settings, e.g, torch.backends.cuda.matmul.allow_tf32 = True, torch.backends.cudnn.allow_tf32 = True, allowTF32CuDNN() and allowTF32CuBLAS() will be deprecated after Pytorch 2.9. Please see https://pytorch.org/docs/main/notes/cuda.html#tensorfloat-32-tf32-on-ampere-and-later-devices (Triggered internally at /pytorch/aten/src/ATen/Context.cpp:80.)
  _C._set_float32_matmul_precision(precision)
/usr/local/lib/python3.11/site-packages/pydantic/_internal/_generate_schema.py:2249: UnsupportedFieldAttributeWarning: The 'repr' attribute with value False was provided to the `Field()` function, which has no effect in the context it was used. 'repr' is field-specific metadata, and can only be attached to a model field using `Annotated` metadata or by assignment. This may have happened because an `Annotated` type alias using the `type` statement was used, or if the `Field()` function was attached to a single member of a union type.
  warnings.warn(
/usr/local/lib/python3.11/site-packages/pydantic/_internal/_generate_schema.py:2249: UnsupportedFieldAttributeWarning: The 'frozen' attribute with value True was provided to the `Field()` function, which has no effect in the context it was used. 'frozen' is field-specific metadata, and can only be attached to a model field using `Annotated` metadata or by assignment. This may have happened because an `Annotated` type alias using the `type` statement was used, or if the `Field()` function was attached to a single member of a union type.
  warnings.warn(
INFO:2026-06-17 05:02:13,889:jax._src.xla_bridge:830: Unable to initialize backend 'tpu': INTERNAL: Failed to open libtpu.so: libtpu.so: cannot open shared object file: No such file or directory
I0617 05:02:13.889560 140673265726656 xla_bridge.py:830] Unable to initialize backend 'tpu': INTERNAL: Failed to open libtpu.so: libtpu.so: cannot open shared object file: No such file or directory
I0617 05:02:14.519042 140673265726656 logger_utils.py:84] Creating experiment directory at /experiment_runs/submissions_a100/single_worker_dilocov2/study_2/imagenet_vit_jax.
I0617 05:02:14.951265 140673265726656 submission_runner.py:741] Creating directory at /experiment_runs/submissions_a100/single_worker_dilocov2/study_2/imagenet_vit_jax/trial_1.
I0617 05:02:15.508953 140673265726656 submission_runner.py:242] Initializing dataset.
I0617 05:02:15.796126 140673265726656 dataset_info.py:707] Load dataset info from /data/imagenet/jax/imagenet2012/5.1.0
I0617 05:02:15.971459 140673265726656 dataset_info.py:793] For 'imagenet2012/5.1.0': fields info.[splits, supervised_keys] differ on disk and in the code. Keeping the one from code.
I0617 05:02:16.266171 140673265726656 reader.py:262] Creating a tf.data.Dataset reading 1024 files located in folders: /data/imagenet/jax/imagenet2012/5.1.0.
I0617 05:02:16.354184 140673265726656 logging_logger.py:49] Constructing tf.data.Dataset imagenet2012 for split train, from /data/imagenet/jax/imagenet2012/5.1.0
I0617 05:02:23.807654 140673265726656 submission_runner.py:251] Initializing model.
I0617 05:03:02.943457 140673265726656 submission_runner.py:294] Initializing optimizer.
I0617 05:03:03.678097 140673265726656 submission_runner.py:299] Initializing metrics bundle.
I0617 05:03:03.678359 140673265726656 submission_runner.py:321] Initializing checkpoint and logger.
I0617 05:03:03.680928 140673265726656 checkpoints.py:1098] Found no checkpoint files in /experiment_runs/submissions_a100/single_worker_dilocov2/study_2/imagenet_vit_jax/trial_1 with prefix checkpoint_
I0617 05:03:03.681073 140673265726656 submission_runner.py:344] Saving meta data to /experiment_runs/submissions_a100/single_worker_dilocov2/study_2/imagenet_vit_jax/trial_1/meta_data_0.json.
I0617 05:03:03.850395 140673265726656 submission_runner.py:348] Saving flags to /experiment_runs/submissions_a100/single_worker_dilocov2/study_2/imagenet_vit_jax/trial_1/flags_0.json.
I0617 05:03:03.864568 140673265726656 submission_runner.py:359] Starting training loop.
I0617 05:03:50.602300 140673265726656 spec.py:333] Evaluating on the training split.
I0617 05:03:50.607436 140673265726656 dataset_info.py:707] Load dataset info from /data/imagenet/jax/imagenet2012/5.1.0
I0617 05:03:50.613488 140673265726656 dataset_info.py:793] For 'imagenet2012/5.1.0': fields info.[splits, supervised_keys] differ on disk and in the code. Keeping the one from code.
I0617 05:03:50.633746 140673265726656 reader.py:262] Creating a tf.data.Dataset reading 1024 files located in folders: /data/imagenet/jax/imagenet2012/5.1.0.
I0617 05:03:50.681560 140673265726656 logging_logger.py:49] Constructing tf.data.Dataset imagenet2012 for split train, from /data/imagenet/jax/imagenet2012/5.1.0
I0617 05:04:16.615369 140673265726656 spec.py:346] Evaluating on the validation split.
I0617 05:04:16.619976 140673265726656 dataset_info.py:707] Load dataset info from /data/imagenet/jax/imagenet2012/5.1.0
I0617 05:04:16.638820 140673265726656 dataset_info.py:793] For 'imagenet2012/5.1.0': fields info.[splits, supervised_keys] differ on disk and in the code. Keeping the one from code.
I0617 05:04:16.641616 140673265726656 reader.py:262] Creating a tf.data.Dataset reading 64 files located in folders: /data/imagenet/jax/imagenet2012/5.1.0.
I0617 05:04:16.766295 140673265726656 logging_logger.py:49] Constructing tf.data.Dataset imagenet2012 for split validation, from /data/imagenet/jax/imagenet2012/5.1.0
I0617 05:04:53.392197 140673265726656 spec.py:363] Evaluating on the test split.
I0617 05:04:53.552311 140673265726656 dataset_info.py:707] Load dataset info from /data/imagenet/jax/imagenet_v2/matched-frequency/3.0.0
I0617 05:04:53.678828 140673265726656 reader.py:262] Creating a tf.data.Dataset reading 16 files located in folders: /data/imagenet/jax/imagenet_v2/matched-frequency/3.0.0.
I0617 05:04:53.734718 140673265726656 logging_logger.py:49] Constructing tf.data.Dataset imagenet_v2 for split test, from /data/imagenet/jax/imagenet_v2/matched-frequency/3.0.0
I0617 05:05:00.001259 140673265726656 submission_runner.py:516] Time since start: 116.13s, 	Step: 1, 	{'train/accuracy': Array(0.00089844, dtype=float32), 'train/loss': Array(6.907755, dtype=float32), 'validation/accuracy': Array(0.001, dtype=float32), 'validation/loss': Array(6.907755, dtype=float32), 'validation/num_examples': 50000, 'test/accuracy': Array(0.001, dtype=float32), 'test/loss': Array(6.907755, dtype=float32), 'test/num_examples': 10000, 'score': 46.73759913444519, 'total_duration': 116.13482570648193, 'accumulated_submission_time': 46.73759913444519, 'accumulated_eval_time': 69.39710760116577, 'accumulated_logging_time': 0}
I0617 05:05:00.022602 140444113544960 logging_writer.py:48] [1] accumulated_eval_time=69.3971, accumulated_logging_time=0, accumulated_submission_time=46.7376, global_step=1, preemption_count=0, score=46.7376, test/accuracy=0.0010000000474974513, test/loss=6.907754898071289, test/num_examples=10000, total_duration=116.135, train/accuracy=0.0008984374580904841, train/loss=6.907754898071289, validation/accuracy=0.0009999999310821295, validation/loss=6.907754898071289, validation/num_examples=50000
I0617 05:47:51.463597 140673265726656 spec.py:333] Evaluating on the training split.
I0617 05:48:05.419968 140673265726656 spec.py:346] Evaluating on the validation split.
I0617 05:48:14.156283 140673265726656 spec.py:363] Evaluating on the test split.
I0617 05:48:15.115447 140673265726656 submission_runner.py:516] Time since start: 2711.25s, 	Step: 5512, 	{'train/accuracy': Array(0.06474609, dtype=float32), 'train/loss': Array(5.5289574, dtype=float32), 'validation/accuracy': Array(0.05976, dtype=float32), 'validation/loss': Array(5.586565, dtype=float32), 'validation/num_examples': 50000, 'test/accuracy': Array(0.0453, dtype=float32), 'test/loss': Array(5.785892, dtype=float32), 'test/num_examples': 10000, 'score': 2618.0756616592407, 'total_duration': 2711.2480721473694, 'accumulated_submission_time': 2618.0756616592407, 'accumulated_eval_time': 93.04616236686707, 'accumulated_logging_time': 0.06118011474609375}
I0617 05:48:15.209217 140444121937664 logging_writer.py:48] [5512] accumulated_eval_time=93.0462, accumulated_logging_time=0.0611801, accumulated_submission_time=2618.08, global_step=5512, preemption_count=0, score=2618.08, test/accuracy=0.04530000314116478, test/loss=5.785892009735107, test/num_examples=10000, total_duration=2711.25, train/accuracy=0.06474608927965164, train/loss=5.528957366943359, validation/accuracy=0.059759996831417084, validation/loss=5.586565017700195, validation/num_examples=50000
I0617 06:31:06.530197 140673265726656 spec.py:333] Evaluating on the training split.
I0617 06:31:21.106573 140673265726656 spec.py:346] Evaluating on the validation split.
I0617 06:32:00.228863 140673265726656 spec.py:363] Evaluating on the test split.
I0617 06:32:01.353429 140673265726656 submission_runner.py:516] Time since start: 5337.49s, 	Step: 11219, 	{'train/accuracy': Array(0.20851561, dtype=float32), 'train/loss': Array(4.112312, dtype=float32), 'validation/accuracy': Array(0.19324, dtype=float32), 'validation/loss': Array(4.1932254, dtype=float32), 'validation/num_examples': 50000, 'test/accuracy': Array(0.1454, dtype=float32), 'test/loss': Array(4.5843124, dtype=float32), 'test/num_examples': 10000, 'score': 5189.316015481949, 'total_duration': 5337.486486673355, 'accumulated_submission_time': 5189.316015481949, 'accumulated_eval_time': 147.86703324317932, 'accumulated_logging_time': 0.17425751686096191}
I0617 06:32:01.377632 140444130330368 logging_writer.py:48] [11219] accumulated_eval_time=147.867, accumulated_logging_time=0.174258, accumulated_submission_time=5189.32, global_step=11219, preemption_count=0, score=5189.32, test/accuracy=0.1454000025987625, test/loss=4.584312438964844, test/num_examples=10000, total_duration=5337.49, train/accuracy=0.20851561427116394, train/loss=4.112311840057373, validation/accuracy=0.1932400017976761, validation/loss=4.193225383758545, validation/num_examples=50000
I0617 07:14:52.724049 140673265726656 spec.py:333] Evaluating on the training split.
I0617 07:15:07.115670 140673265726656 spec.py:346] Evaluating on the validation split.
I0617 07:15:51.762436 140673265726656 spec.py:363] Evaluating on the test split.
I0617 07:15:52.732443 140673265726656 submission_runner.py:516] Time since start: 7968.87s, 	Step: 16891, 	{'train/accuracy': Array(0.32726562, dtype=float32), 'train/loss': Array(3.277995, dtype=float32), 'validation/accuracy': Array(0.29726, dtype=float32), 'validation/loss': Array(3.4394302, dtype=float32), 'validation/num_examples': 50000, 'test/accuracy': Array(0.22700001, dtype=float32), 'test/loss': Array(3.949665, dtype=float32), 'test/num_examples': 10000, 'score': 7760.558528661728, 'total_duration': 7968.865872859955, 'accumulated_submission_time': 7760.558528661728, 'accumulated_eval_time': 207.87343192100525, 'accumulated_logging_time': 0.24173212051391602}
I0617 07:15:52.761750 140444121937664 logging_writer.py:48] [16891] accumulated_eval_time=207.873, accumulated_logging_time=0.241732, accumulated_submission_time=7760.56, global_step=16891, preemption_count=0, score=7760.56, test/accuracy=0.22700001299381256, test/loss=3.949665069580078, test/num_examples=10000, total_duration=7968.87, train/accuracy=0.3272656202316284, train/loss=3.2779951095581055, validation/accuracy=0.29725998640060425, validation/loss=3.4394302368164062, validation/num_examples=50000
I0617 07:58:44.270696 140673265726656 spec.py:333] Evaluating on the training split.
I0617 07:58:58.389747 140673265726656 spec.py:346] Evaluating on the validation split.
I0617 07:59:15.306249 140673265726656 spec.py:363] Evaluating on the test split.
I0617 07:59:16.277252 140673265726656 submission_runner.py:516] Time since start: 10572.41s, 	Step: 22570, 	{'train/accuracy': Array(0.37458983, dtype=float32), 'train/loss': Array(2.9721003, dtype=float32), 'validation/accuracy': Array(0.34647998, dtype=float32), 'validation/loss': Array(3.1110165, dtype=float32), 'validation/num_examples': 50000, 'test/accuracy': Array(0.2631, dtype=float32), 'test/loss': Array(3.6896436, dtype=float32), 'test/num_examples': 10000, 'score': 10331.967374801636, 'total_duration': 10572.410203456879, 'accumulated_submission_time': 10331.967374801636, 'accumulated_eval_time': 239.8775155544281, 'accumulated_logging_time': 0.30829834938049316}
I0617 07:59:16.309657 140444130330368 logging_writer.py:48] [22570] accumulated_eval_time=239.878, accumulated_logging_time=0.308298, accumulated_submission_time=10332, global_step=22570, preemption_count=0, score=10332, test/accuracy=0.2630999982357025, test/loss=3.689643621444702, test/num_examples=10000, total_duration=10572.4, train/accuracy=0.37458983063697815, train/loss=2.972100257873535, validation/accuracy=0.34647998213768005, validation/loss=3.1110165119171143, validation/num_examples=50000
I0617 08:42:07.982246 140673265726656 spec.py:333] Evaluating on the training split.
I0617 08:42:21.518885 140673265726656 spec.py:346] Evaluating on the validation split.
I0617 08:42:55.897943 140673265726656 spec.py:363] Evaluating on the test split.
I0617 08:42:56.870724 140673265726656 submission_runner.py:516] Time since start: 13193.00s, 	Step: 28225, 	{'train/accuracy': Array(0.42867187, dtype=float32), 'train/loss': Array(2.6592996, dtype=float32), 'validation/accuracy': Array(0.39183998, dtype=float32), 'validation/loss': Array(2.8493342, dtype=float32), 'validation/num_examples': 50000, 'test/accuracy': Array(0.29450002, dtype=float32), 'test/loss': Array(3.442612, dtype=float32), 'test/num_examples': 10000, 'score': 12903.528761863708, 'total_duration': 13193.003515958786, 'accumulated_submission_time': 12903.528761863708, 'accumulated_eval_time': 288.76336216926575, 'accumulated_logging_time': 0.3929917812347412}
I0617 08:42:56.900349 140444121937664 logging_writer.py:48] [28225] accumulated_eval_time=288.763, accumulated_logging_time=0.392992, accumulated_submission_time=12903.5, global_step=28225, preemption_count=0, score=12903.5, test/accuracy=0.2945000231266022, test/loss=3.4426119327545166, test/num_examples=10000, total_duration=13193, train/accuracy=0.42867186665534973, train/loss=2.659299612045288, validation/accuracy=0.39183998107910156, validation/loss=2.849334239959717, validation/num_examples=50000
I0617 09:25:48.304127 140673265726656 spec.py:333] Evaluating on the training split.
I0617 09:26:01.649288 140673265726656 spec.py:346] Evaluating on the validation split.
I0617 09:26:38.703063 140673265726656 spec.py:363] Evaluating on the test split.
I0617 09:26:39.670409 140673265726656 submission_runner.py:516] Time since start: 15815.80s, 	Step: 33856, 	{'train/accuracy': Array(0.44867188, dtype=float32), 'train/loss': Array(2.52342, dtype=float32), 'validation/accuracy': Array(0.41847998, dtype=float32), 'validation/loss': Array(2.6802762, dtype=float32), 'validation/num_examples': 50000, 'test/accuracy': Array(0.31620002, dtype=float32), 'test/loss': Array(3.2961009, dtype=float32), 'test/num_examples': 10000, 'score': 15474.846987962723, 'total_duration': 15815.803471326828, 'accumulated_submission_time': 15474.846987962723, 'accumulated_eval_time': 340.12728238105774, 'accumulated_logging_time': 0.44763731956481934}
I0617 09:26:39.700221 140444130330368 logging_writer.py:48] [33856] accumulated_eval_time=340.127, accumulated_logging_time=0.447637, accumulated_submission_time=15474.8, global_step=33856, preemption_count=0, score=15474.8, test/accuracy=0.31620001792907715, test/loss=3.2961008548736572, test/num_examples=10000, total_duration=15815.8, train/accuracy=0.4486718773841858, train/loss=2.5234200954437256, validation/accuracy=0.4184799790382385, validation/loss=2.6802761554718018, validation/num_examples=50000
I0617 10:09:31.300431 140673265726656 spec.py:333] Evaluating on the training split.
I0617 10:09:44.156919 140673265726656 spec.py:346] Evaluating on the validation split.
I0617 10:10:00.536577 140673265726656 spec.py:363] Evaluating on the test split.
I0617 10:10:01.513653 140673265726656 submission_runner.py:516] Time since start: 18417.65s, 	Step: 39485, 	{'train/accuracy': Array(0.48455077, dtype=float32), 'train/loss': Array(2.345284, dtype=float32), 'validation/accuracy': Array(0.43965998, dtype=float32), 'validation/loss': Array(2.5555496, dtype=float32), 'validation/num_examples': 50000, 'test/accuracy': Array(0.33720002, dtype=float32), 'test/loss': Array(3.1678412, dtype=float32), 'test/num_examples': 10000, 'score': 18046.356657266617, 'total_duration': 18417.646764993668, 'accumulated_submission_time': 18046.356657266617, 'accumulated_eval_time': 370.33819365501404, 'accumulated_logging_time': 0.507859468460083}
I0617 10:10:01.541424 140444121937664 logging_writer.py:48] [39485] accumulated_eval_time=370.338, accumulated_logging_time=0.507859, accumulated_submission_time=18046.4, global_step=39485, preemption_count=0, score=18046.4, test/accuracy=0.33720001578330994, test/loss=3.1678411960601807, test/num_examples=10000, total_duration=18417.6, train/accuracy=0.4845507740974426, train/loss=2.3452839851379395, validation/accuracy=0.439659982919693, validation/loss=2.5555496215820312, validation/num_examples=50000
I0617 10:52:53.230675 140673265726656 spec.py:333] Evaluating on the training split.
I0617 10:53:05.879889 140673265726656 spec.py:346] Evaluating on the validation split.
I0617 10:53:24.644907 140673265726656 spec.py:363] Evaluating on the test split.
I0617 10:53:25.614112 140673265726656 submission_runner.py:516] Time since start: 21021.75s, 	Step: 45120, 	{'train/accuracy': Array(0.49765623, dtype=float32), 'train/loss': Array(2.2540739, dtype=float32), 'validation/accuracy': Array(0.4601, dtype=float32), 'validation/loss': Array(2.432604, dtype=float32), 'validation/num_examples': 50000, 'test/accuracy': Array(0.35410002, dtype=float32), 'test/loss': Array(3.0578735, dtype=float32), 'test/num_examples': 10000, 'score': 20617.950872421265, 'total_duration': 21021.747550964355, 'accumulated_submission_time': 20617.950872421265, 'accumulated_eval_time': 402.71964740753174, 'accumulated_logging_time': 0.5724220275878906}
I0617 10:53:25.643353 140444130330368 logging_writer.py:48] [45120] accumulated_eval_time=402.72, accumulated_logging_time=0.572422, accumulated_submission_time=20618, global_step=45120, preemption_count=0, score=20618, test/accuracy=0.3541000187397003, test/loss=3.057873487472534, test/num_examples=10000, total_duration=21021.7, train/accuracy=0.4976562261581421, train/loss=2.2540738582611084, validation/accuracy=0.460099995136261, validation/loss=2.4326040744781494, validation/num_examples=50000
I0617 11:36:17.044900 140673265726656 spec.py:333] Evaluating on the training split.
I0617 11:36:28.851109 140673265726656 spec.py:346] Evaluating on the validation split.
I0617 11:36:44.503749 140673265726656 spec.py:363] Evaluating on the test split.
I0617 11:36:45.479919 140673265726656 submission_runner.py:516] Time since start: 23621.61s, 	Step: 50739, 	{'train/accuracy': Array(0.5261914, dtype=float32), 'train/loss': Array(2.1504734, dtype=float32), 'validation/accuracy': Array(0.4757, dtype=float32), 'validation/loss': Array(2.378475, dtype=float32), 'validation/num_examples': 50000, 'test/accuracy': Array(0.36800003, dtype=float32), 'test/loss': Array(3.0026104, dtype=float32), 'test/num_examples': 10000, 'score': 23189.268693208694, 'total_duration': 23621.61284470558, 'accumulated_submission_time': 23189.268693208694, 'accumulated_eval_time': 431.15216970443726, 'accumulated_logging_time': 0.6217966079711914}
I0617 11:36:45.507585 140444121937664 logging_writer.py:48] [50739] accumulated_eval_time=431.152, accumulated_logging_time=0.621797, accumulated_submission_time=23189.3, global_step=50739, preemption_count=0, score=23189.3, test/accuracy=0.3680000305175781, test/loss=3.002610445022583, test/num_examples=10000, total_duration=23621.6, train/accuracy=0.5261914134025574, train/loss=2.1504733562469482, validation/accuracy=0.4756999909877777, validation/loss=2.3784749507904053, validation/num_examples=50000
I0617 12:19:37.049324 140673265726656 spec.py:333] Evaluating on the training split.
I0617 12:19:47.661978 140673265726656 spec.py:346] Evaluating on the validation split.
I0617 12:20:29.319011 140673265726656 spec.py:363] Evaluating on the test split.
I0617 12:20:30.290379 140673265726656 submission_runner.py:516] Time since start: 26246.42s, 	Step: 56364, 	{'train/accuracy': Array(0.52861327, dtype=float32), 'train/loss': Array(2.121814, dtype=float32), 'validation/accuracy': Array(0.48896, dtype=float32), 'validation/loss': Array(2.3065329, dtype=float32), 'validation/num_examples': 50000, 'test/accuracy': Array(0.37730002, dtype=float32), 'test/loss': Array(2.9378374, dtype=float32), 'test/num_examples': 10000, 'score': 25760.729832410812, 'total_duration': 26246.423114061356, 'accumulated_submission_time': 25760.729832410812, 'accumulated_eval_time': 484.39054918289185, 'accumulated_logging_time': 0.6661808490753174}
I0617 12:20:30.324013 140444130330368 logging_writer.py:48] [56364] accumulated_eval_time=484.391, accumulated_logging_time=0.666181, accumulated_submission_time=25760.7, global_step=56364, preemption_count=0, score=25760.7, test/accuracy=0.3773000240325928, test/loss=2.9378373622894287, test/num_examples=10000, total_duration=26246.4, train/accuracy=0.528613269329071, train/loss=2.121814012527466, validation/accuracy=0.48895999789237976, validation/loss=2.306532859802246, validation/num_examples=50000
I0617 13:03:22.023948 140673265726656 spec.py:333] Evaluating on the training split.
I0617 13:03:31.431800 140673265726656 spec.py:346] Evaluating on the validation split.
I0617 13:03:50.289689 140673265726656 spec.py:363] Evaluating on the test split.
I0617 13:03:51.261625 140673265726656 submission_runner.py:516] Time since start: 28847.39s, 	Step: 61965, 	{'train/accuracy': Array(0.55316406, dtype=float32), 'train/loss': Array(1.9759538, dtype=float32), 'validation/accuracy': Array(0.50326, dtype=float32), 'validation/loss': Array(2.2068403, dtype=float32), 'validation/num_examples': 50000, 'test/accuracy': Array(0.39450002, dtype=float32), 'test/loss': Array(2.8410096, dtype=float32), 'test/num_examples': 10000, 'score': 28332.32829475403, 'total_duration': 28847.394698381424, 'accumulated_submission_time': 28332.32829475403, 'accumulated_eval_time': 513.6258771419525, 'accumulated_logging_time': 0.7294785976409912}
I0617 13:03:51.288930 140444121937664 logging_writer.py:48] [61965] accumulated_eval_time=513.626, accumulated_logging_time=0.729479, accumulated_submission_time=28332.3, global_step=61965, preemption_count=0, score=28332.3, test/accuracy=0.3945000171661377, test/loss=2.8410096168518066, test/num_examples=10000, total_duration=28847.4, train/accuracy=0.5531640648841858, train/loss=1.9759538173675537, validation/accuracy=0.5032600164413452, validation/loss=2.2068402767181396, validation/num_examples=50000
I0617 13:46:42.682864 140673265726656 spec.py:333] Evaluating on the training split.
I0617 13:46:51.048327 140673265726656 spec.py:346] Evaluating on the validation split.
I0617 13:47:36.625477 140673265726656 spec.py:363] Evaluating on the test split.
I0617 13:47:37.588715 140673265726656 submission_runner.py:516] Time since start: 31473.72s, 	Step: 67533, 	{'train/accuracy': Array(0.55908203, dtype=float32), 'train/loss': Array(1.9260908, dtype=float32), 'validation/accuracy': Array(0.51448, dtype=float32), 'validation/loss': Array(2.1356032, dtype=float32), 'validation/num_examples': 50000, 'test/accuracy': Array(0.3959, dtype=float32), 'test/loss': Array(2.7899551, dtype=float32), 'test/num_examples': 10000, 'score': 30903.610639810562, 'total_duration': 31473.72158718109, 'accumulated_submission_time': 30903.610639810562, 'accumulated_eval_time': 568.5291759967804, 'accumulated_logging_time': 0.7987480163574219}
I0617 13:47:37.644775 140444130330368 logging_writer.py:48] [67533] accumulated_eval_time=568.529, accumulated_logging_time=0.798748, accumulated_submission_time=30903.6, global_step=67533, preemption_count=0, score=30903.6, test/accuracy=0.39590001106262207, test/loss=2.7899551391601562, test/num_examples=10000, total_duration=31473.7, train/accuracy=0.55908203125, train/loss=1.9260908365249634, validation/accuracy=0.5144799947738647, validation/loss=2.135603189468384, validation/num_examples=50000
I0617 14:30:28.975160 140673265726656 spec.py:333] Evaluating on the training split.
I0617 14:30:37.335756 140673265726656 spec.py:346] Evaluating on the validation split.
I0617 14:31:18.484273 140673265726656 spec.py:363] Evaluating on the test split.
I0617 14:31:19.446480 140673265726656 submission_runner.py:516] Time since start: 34095.58s, 	Step: 73106, 	{'train/accuracy': Array(0.56699216, dtype=float32), 'train/loss': Array(1.9093219, dtype=float32), 'validation/accuracy': Array(0.525, dtype=float32), 'validation/loss': Array(2.0975714, dtype=float32), 'validation/num_examples': 50000, 'test/accuracy': Array(0.4101, dtype=float32), 'test/loss': Array(2.7330604, dtype=float32), 'test/num_examples': 10000, 'score': 33474.845999479294, 'total_duration': 34095.579491853714, 'accumulated_submission_time': 33474.845999479294, 'accumulated_eval_time': 618.9980885982513, 'accumulated_logging_time': 0.8905520439147949}
I0617 14:31:19.477366 140444121937664 logging_writer.py:48] [73106] accumulated_eval_time=618.998, accumulated_logging_time=0.890552, accumulated_submission_time=33474.8, global_step=73106, preemption_count=0, score=33474.8, test/accuracy=0.4101000130176544, test/loss=2.733060359954834, test/num_examples=10000, total_duration=34095.6, train/accuracy=0.5669921636581421, train/loss=1.909321904182434, validation/accuracy=0.5249999761581421, validation/loss=2.09757137298584, validation/num_examples=50000
I0617 15:14:10.888732 140673265726656 spec.py:333] Evaluating on the training split.
I0617 15:14:18.579036 140673265726656 spec.py:346] Evaluating on the validation split.
I0617 15:14:40.542057 140673265726656 spec.py:363] Evaluating on the test split.
I0617 15:14:41.504328 140673265726656 submission_runner.py:516] Time since start: 36697.64s, 	Step: 78642, 	{'train/accuracy': Array(0.5879492, dtype=float32), 'train/loss': Array(1.8219668, dtype=float32), 'validation/accuracy': Array(0.533, dtype=float32), 'validation/loss': Array(2.0652916, dtype=float32), 'validation/num_examples': 50000, 'test/accuracy': Array(0.41470003, dtype=float32), 'test/loss': Array(2.7164707, dtype=float32), 'test/num_examples': 10000, 'score': 36046.153881073, 'total_duration': 36697.63734078407, 'accumulated_submission_time': 36046.153881073, 'accumulated_eval_time': 649.6112720966339, 'accumulated_logging_time': 0.9589295387268066}
I0617 15:14:41.534594 140444130330368 logging_writer.py:48] [78642] accumulated_eval_time=649.611, accumulated_logging_time=0.95893, accumulated_submission_time=36046.2, global_step=78642, preemption_count=0, score=36046.2, test/accuracy=0.4147000312805176, test/loss=2.716470718383789, test/num_examples=10000, total_duration=36697.6, train/accuracy=0.5879492163658142, train/loss=1.8219667673110962, validation/accuracy=0.5329999923706055, validation/loss=2.0652916431427, validation/num_examples=50000
I0617 15:57:32.946789 140673265726656 spec.py:333] Evaluating on the training split.
I0617 15:57:40.698889 140673265726656 spec.py:346] Evaluating on the validation split.
I0617 15:58:13.459428 140673265726656 spec.py:363] Evaluating on the test split.
I0617 15:58:14.518089 140673265726656 submission_runner.py:516] Time since start: 39310.57s, 	Step: 84185, 	{'train/accuracy': Array(0.5944531, dtype=float32), 'train/loss': Array(1.774741, dtype=float32), 'validation/accuracy': Array(0.54894, dtype=float32), 'validation/loss': Array(1.9852496, dtype=float32), 'validation/num_examples': 50000, 'test/accuracy': Array(0.43210003, dtype=float32), 'test/loss': Array(2.640796, dtype=float32), 'test/num_examples': 10000, 'score': 38617.471212387085, 'total_duration': 39310.56500053406, 'accumulated_submission_time': 38617.471212387085, 'accumulated_eval_time': 691.0940685272217, 'accumulated_logging_time': 1.0214381217956543}
I0617 15:58:15.428186 140444121937664 logging_writer.py:48] [84185] accumulated_eval_time=691.094, accumulated_logging_time=1.02144, accumulated_submission_time=38617.5, global_step=84185, preemption_count=0, score=38617.5, test/accuracy=0.4321000277996063, test/loss=2.640795946121216, test/num_examples=10000, total_duration=39310.6, train/accuracy=0.5944530963897705, train/loss=1.7747410535812378, validation/accuracy=0.5489400029182434, validation/loss=1.985249638557434, validation/num_examples=50000
I0617 16:41:05.987329 140673265726656 spec.py:333] Evaluating on the training split.
I0617 16:41:14.003356 140673265726656 spec.py:346] Evaluating on the validation split.
I0617 16:41:59.548214 140673265726656 spec.py:363] Evaluating on the test split.
I0617 16:42:00.512163 140673265726656 submission_runner.py:516] Time since start: 41936.65s, 	Step: 89703, 	{'train/accuracy': Array(0.6126953, dtype=float32), 'train/loss': Array(1.672372, dtype=float32), 'validation/accuracy': Array(0.55873996, dtype=float32), 'validation/loss': Array(1.9050663, dtype=float32), 'validation/num_examples': 50000, 'test/accuracy': Array(0.43980002, dtype=float32), 'test/loss': Array(2.552617, dtype=float32), 'test/num_examples': 10000, 'score': 41187.291857004166, 'total_duration': 41936.64518904686, 'accumulated_submission_time': 41187.291857004166, 'accumulated_eval_time': 745.616504907608, 'accumulated_logging_time': 2.608490228652954}
I0617 16:42:00.556410 140444130330368 logging_writer.py:48] [89703] accumulated_eval_time=745.617, accumulated_logging_time=2.60849, accumulated_submission_time=41187.3, global_step=89703, preemption_count=0, score=41187.3, test/accuracy=0.4398000240325928, test/loss=2.552617073059082, test/num_examples=10000, total_duration=41936.6, train/accuracy=0.6126952767372131, train/loss=1.6723719835281372, validation/accuracy=0.558739960193634, validation/loss=1.9050662517547607, validation/num_examples=50000
I0617 17:24:52.074889 140673265726656 spec.py:333] Evaluating on the training split.
I0617 17:25:00.416544 140673265726656 spec.py:346] Evaluating on the validation split.
I0617 17:25:43.955427 140673265726656 spec.py:363] Evaluating on the test split.
I0617 17:25:45.052935 140673265726656 submission_runner.py:516] Time since start: 44561.06s, 	Step: 95236, 	{'train/accuracy': Array(0.6166211, dtype=float32), 'train/loss': Array(1.63983, dtype=float32), 'validation/accuracy': Array(0.5683, dtype=float32), 'validation/loss': Array(1.8659726, dtype=float32), 'validation/num_examples': 50000, 'test/accuracy': Array(0.448, dtype=float32), 'test/loss': Array(2.5093005, dtype=float32), 'test/num_examples': 10000, 'score': 43758.736736536026, 'total_duration': 44561.06278800964, 'accumulated_submission_time': 43758.736736536026, 'accumulated_eval_time': 798.4689784049988, 'accumulated_logging_time': 2.6679189205169678}
I0617 17:25:45.481903 140444121937664 logging_writer.py:48] [95236] accumulated_eval_time=798.469, accumulated_logging_time=2.66792, accumulated_submission_time=43758.7, global_step=95236, preemption_count=0, score=43758.7, test/accuracy=0.4480000138282776, test/loss=2.509300470352173, test/num_examples=10000, total_duration=44561.1, train/accuracy=0.6166210770606995, train/loss=1.6398299932479858, validation/accuracy=0.5683000087738037, validation/loss=1.865972638130188, validation/num_examples=50000
I0617 18:08:36.670016 140673265726656 spec.py:333] Evaluating on the training split.
I0617 18:08:45.963642 140673265726656 spec.py:346] Evaluating on the validation split.
I0617 18:09:28.945241 140673265726656 spec.py:363] Evaluating on the test split.
I0617 18:09:30.196841 140673265726656 submission_runner.py:516] Time since start: 47186.07s, 	Step: 100718, 	{'train/accuracy': Array(0.6261719, dtype=float32), 'train/loss': Array(1.6015227, dtype=float32), 'validation/accuracy': Array(0.57988, dtype=float32), 'validation/loss': Array(1.816776, dtype=float32), 'validation/num_examples': 50000, 'test/accuracy': Array(0.4586, dtype=float32), 'test/loss': Array(2.4727657, dtype=float32), 'test/num_examples': 10000, 'score': 46329.321731328964, 'total_duration': 47186.07066869736, 'accumulated_submission_time': 46329.321731328964, 'accumulated_eval_time': 851.7519998550415, 'accumulated_logging_time': 3.616699457168579}
I0617 18:09:31.767597 140444130330368 logging_writer.py:48] [100718] accumulated_eval_time=851.752, accumulated_logging_time=3.6167, accumulated_submission_time=46329.3, global_step=100718, preemption_count=0, score=46329.3, test/accuracy=0.4586000144481659, test/loss=2.4727656841278076, test/num_examples=10000, total_duration=47186.1, train/accuracy=0.626171886920929, train/loss=1.60152268409729, validation/accuracy=0.5798799991607666, validation/loss=1.8167760372161865, validation/num_examples=50000
I0617 18:52:21.306894 140673265726656 spec.py:333] Evaluating on the training split.
I0617 18:52:31.268405 140673265726656 spec.py:346] Evaluating on the validation split.
I0617 18:53:21.945347 140673265726656 spec.py:363] Evaluating on the test split.
I0617 18:53:23.261704 140673265726656 submission_runner.py:516] Time since start: 49819.13s, 	Step: 105943, 	{'train/accuracy': Array(0.6328906, dtype=float32), 'train/loss': Array(1.5717378, dtype=float32), 'validation/accuracy': Array(0.5884, dtype=float32), 'validation/loss': Array(1.7706347, dtype=float32), 'validation/num_examples': 50000, 'test/accuracy': Array(0.46800002, dtype=float32), 'test/loss': Array(2.414921, dtype=float32), 'test/num_examples': 10000, 'score': 48897.66301393509, 'total_duration': 49819.1285507679, 'accumulated_submission_time': 48897.66301393509, 'accumulated_eval_time': 913.4519591331482, 'accumulated_logging_time': 6.302807807922363}
I0617 18:53:24.787882 140444121937664 logging_writer.py:48] [105943] accumulated_eval_time=913.452, accumulated_logging_time=6.30281, accumulated_submission_time=48897.7, global_step=105943, preemption_count=0, score=48897.7, test/accuracy=0.46800002455711365, test/loss=2.4149210453033447, test/num_examples=10000, total_duration=49819.1, train/accuracy=0.6328905820846558, train/loss=1.5717377662658691, validation/accuracy=0.5884000062942505, validation/loss=1.770634651184082, validation/num_examples=50000
I0617 19:36:14.708280 140673265726656 spec.py:333] Evaluating on the training split.
I0617 19:36:24.982113 140673265726656 spec.py:346] Evaluating on the validation split.
I0617 19:37:55.331760 140673265726656 spec.py:363] Evaluating on the test split.
I0617 19:37:56.615268 140673265726656 submission_runner.py:516] Time since start: 52492.49s, 	Step: 110750, 	{'train/accuracy': Array(0.64628905, dtype=float32), 'train/loss': Array(1.5153027, dtype=float32), 'validation/accuracy': Array(0.5936, dtype=float32), 'validation/loss': Array(1.7425945, dtype=float32), 'validation/num_examples': 50000, 'test/accuracy': Array(0.47180003, dtype=float32), 'test/loss': Array(2.3822591, dtype=float32), 'test/num_examples': 10000, 'score': 51466.361788749695, 'total_duration': 52492.48961234093, 'accumulated_submission_time': 51466.361788749695, 'accumulated_eval_time': 1015.1158013343811, 'accumulated_logging_time': 8.973407983779907}
I0617 19:37:57.863481 140444130330368 logging_writer.py:48] [110750] accumulated_eval_time=1015.12, accumulated_logging_time=8.97341, accumulated_submission_time=51466.4, global_step=110750, preemption_count=0, score=51466.4, test/accuracy=0.4718000292778015, test/loss=2.3822591304779053, test/num_examples=10000, total_duration=52492.5, train/accuracy=0.646289050579071, train/loss=1.5153026580810547, validation/accuracy=0.5935999751091003, validation/loss=1.7425944805145264, validation/num_examples=50000
I0617 20:20:48.181628 140673265726656 spec.py:333] Evaluating on the training split.
I0617 20:20:55.577800 140673265726656 spec.py:346] Evaluating on the validation split.
I0617 20:21:48.193353 140673265726656 spec.py:363] Evaluating on the test split.
I0617 20:21:49.410007 140673265726656 submission_runner.py:516] Time since start: 55125.29s, 	Step: 115614, 	{'train/accuracy': Array(0.6571094, dtype=float32), 'train/loss': Array(1.4586825, dtype=float32), 'validation/accuracy': Array(0.60348, dtype=float32), 'validation/loss': Array(1.6981784, dtype=float32), 'validation/num_examples': 50000, 'test/accuracy': Array(0.48200002, dtype=float32), 'test/loss': Array(2.3617785, dtype=float32), 'test/num_examples': 10000, 'score': 54035.60303878784, 'total_duration': 55125.2908642292, 'accumulated_submission_time': 54035.60303878784, 'accumulated_eval_time': 1076.139277935028, 'accumulated_logging_time': 11.194890260696411}
I0617 20:21:50.642500 140444121937664 logging_writer.py:48] [115614] accumulated_eval_time=1076.14, accumulated_logging_time=11.1949, accumulated_submission_time=54035.6, global_step=115614, preemption_count=0, score=54035.6, test/accuracy=0.4820000231266022, test/loss=2.361778497695923, test/num_examples=10000, total_duration=55125.3, train/accuracy=0.6571093797683716, train/loss=1.4586825370788574, validation/accuracy=0.6034799814224243, validation/loss=1.6981784105300903, validation/num_examples=50000
I0617 21:04:40.656002 140673265726656 spec.py:333] Evaluating on the training split.
I0617 21:04:48.360699 140673265726656 spec.py:346] Evaluating on the validation split.
I0617 21:06:28.012235 140673265726656 spec.py:363] Evaluating on the test split.
I0617 21:06:29.159467 140673265726656 submission_runner.py:516] Time since start: 57805.11s, 	Step: 120369, 	{'train/accuracy': Array(0.6696875, dtype=float32), 'train/loss': Array(1.4020742, dtype=float32), 'validation/accuracy': Array(0.61171997, dtype=float32), 'validation/loss': Array(1.655955, dtype=float32), 'validation/num_examples': 50000, 'test/accuracy': Array(0.48880002, dtype=float32), 'test/loss': Array(2.306669, dtype=float32), 'test/num_examples': 10000, 'score': 56604.34802913666, 'total_duration': 57805.10727477074, 'accumulated_submission_time': 56604.34802913666, 'accumulated_eval_time': 1184.4731090068817, 'accumulated_logging_time': 13.620393514633179}
I0617 21:06:30.410774 140444130330368 logging_writer.py:48] [120369] accumulated_eval_time=1184.47, accumulated_logging_time=13.6204, accumulated_submission_time=56604.3, global_step=120369, preemption_count=0, score=56604.3, test/accuracy=0.4888000190258026, test/loss=2.306668996810913, test/num_examples=10000, total_duration=57805.1, train/accuracy=0.6696875095367432, train/loss=1.4020742177963257, validation/accuracy=0.6117199659347534, validation/loss=1.6559549570083618, validation/num_examples=50000
I0617 21:49:20.796732 140673265726656 spec.py:333] Evaluating on the training split.
I0617 21:49:27.764763 140673265726656 spec.py:346] Evaluating on the validation split.
I0617 21:50:43.551782 140673265726656 spec.py:363] Evaluating on the test split.
I0617 21:50:44.756653 140673265726656 submission_runner.py:516] Time since start: 60460.68s, 	Step: 125039, 	{'train/accuracy': Array(0.67410153, dtype=float32), 'train/loss': Array(1.3683974, dtype=float32), 'validation/accuracy': Array(0.6217, dtype=float32), 'validation/loss': Array(1.6022049, dtype=float32), 'validation/num_examples': 50000, 'test/accuracy': Array(0.49830002, dtype=float32), 'test/loss': Array(2.2532456, dtype=float32), 'test/num_examples': 10000, 'score': 59173.72057580948, 'total_duration': 60460.678186416626, 'accumulated_submission_time': 59173.72057580948, 'accumulated_eval_time': 1268.2530057430267, 'accumulated_logging_time': 15.795856475830078}
I0617 21:50:46.056756 140444121937664 logging_writer.py:48] [125039] accumulated_eval_time=1268.25, accumulated_logging_time=15.7959, accumulated_submission_time=59173.7, global_step=125039, preemption_count=0, score=59173.7, test/accuracy=0.4983000159263611, test/loss=2.2532455921173096, test/num_examples=10000, total_duration=60460.7, train/accuracy=0.6741015315055847, train/loss=1.3683973550796509, validation/accuracy=0.6216999888420105, validation/loss=1.6022049188613892, validation/num_examples=50000
I0617 22:33:35.927662 140673265726656 spec.py:333] Evaluating on the training split.
I0617 22:33:41.508734 140673265726656 spec.py:346] Evaluating on the validation split.
I0617 22:34:42.072036 140673265726656 spec.py:363] Evaluating on the test split.
I0617 22:34:43.146203 140673265726656 submission_runner.py:516] Time since start: 63099.20s, 	Step: 129744, 	{'train/accuracy': Array(0.6828906, dtype=float32), 'train/loss': Array(1.335741, dtype=float32), 'validation/accuracy': Array(0.62997997, dtype=float32), 'validation/loss': Array(1.5848182, dtype=float32), 'validation/num_examples': 50000, 'test/accuracy': Array(0.50350004, dtype=float32), 'test/loss': Array(2.232749, dtype=float32), 'test/num_examples': 10000, 'score': 61742.53918337822, 'total_duration': 63099.20018386841, 'accumulated_submission_time': 61742.53918337822, 'accumulated_eval_time': 1335.4008226394653, 'accumulated_logging_time': 18.083258152008057}
I0617 22:34:44.061894 140444130330368 logging_writer.py:48] [129744] accumulated_eval_time=1335.4, accumulated_logging_time=18.0833, accumulated_submission_time=61742.5, global_step=129744, preemption_count=0, score=61742.5, test/accuracy=0.5035000443458557, test/loss=2.2327489852905273, test/num_examples=10000, total_duration=63099.2, train/accuracy=0.6828905940055847, train/loss=1.3357410430908203, validation/accuracy=0.6299799680709839, validation/loss=1.5848182439804077, validation/num_examples=50000
I0617 23:17:34.738706 140673265726656 spec.py:333] Evaluating on the training split.
I0617 23:17:40.297691 140673265726656 spec.py:346] Evaluating on the validation split.
I0617 23:18:51.540445 140673265726656 spec.py:363] Evaluating on the test split.
I0617 23:18:52.585078 140673265726656 submission_runner.py:516] Time since start: 65748.64s, 	Step: 134408, 	{'train/accuracy': Array(0.69736326, dtype=float32), 'train/loss': Array(1.2671607, dtype=float32), 'validation/accuracy': Array(0.63637996, dtype=float32), 'validation/loss': Array(1.5362782, dtype=float32), 'validation/num_examples': 50000, 'test/accuracy': Array(0.5115, dtype=float32), 'test/loss': Array(2.1798337, dtype=float32), 'test/num_examples': 10000, 'score': 64312.225173950195, 'total_duration': 65748.64369726181, 'accumulated_submission_time': 64312.225173950195, 'accumulated_eval_time': 1413.1704170703888, 'accumulated_logging_time': 19.915589094161987}
I0617 23:18:53.105145 140444121937664 logging_writer.py:48] [134408] accumulated_eval_time=1413.17, accumulated_logging_time=19.9156, accumulated_submission_time=64312.2, global_step=134408, preemption_count=0, score=64312.2, test/accuracy=0.5115000009536743, test/loss=2.1798336505889893, test/num_examples=10000, total_duration=65748.6, train/accuracy=0.6973632574081421, train/loss=1.2671606540679932, validation/accuracy=0.6363799571990967, validation/loss=1.536278247833252, validation/num_examples=50000
I0618 00:01:44.272931 140673265726656 spec.py:333] Evaluating on the training split.
I0618 00:01:49.122970 140673265726656 spec.py:346] Evaluating on the validation split.
I0618 00:02:26.205417 140673265726656 spec.py:363] Evaluating on the test split.
I0618 00:02:27.294466 140673265726656 submission_runner.py:516] Time since start: 68363.31s, 	Step: 139172, 	{'train/accuracy': Array(0.7061133, dtype=float32), 'train/loss': Array(1.2116907, dtype=float32), 'validation/accuracy': Array(0.64463997, dtype=float32), 'validation/loss': Array(1.4806081, dtype=float32), 'validation/num_examples': 50000, 'test/accuracy': Array(0.5177, dtype=float32), 'test/loss': Array(2.1294458, dtype=float32), 'test/num_examples': 10000, 'score': 66882.88473367691, 'total_duration': 68363.30666971207, 'accumulated_submission_time': 66882.88473367691, 'accumulated_eval_time': 1456.0687463283539, 'accumulated_logging_time': 20.884670734405518}
I0618 00:02:27.661962 140444130330368 logging_writer.py:48] [139172] accumulated_eval_time=1456.07, accumulated_logging_time=20.8847, accumulated_submission_time=66882.9, global_step=139172, preemption_count=0, score=66882.9, test/accuracy=0.5177000164985657, test/loss=2.129445791244507, test/num_examples=10000, total_duration=68363.3, train/accuracy=0.7061132788658142, train/loss=1.2116906642913818, validation/accuracy=0.6446399688720703, validation/loss=1.4806081056594849, validation/num_examples=50000
I0618 00:45:18.665356 140673265726656 spec.py:333] Evaluating on the training split.
I0618 00:45:25.122581 140673265726656 spec.py:346] Evaluating on the validation split.
I0618 00:47:01.156381 140673265726656 spec.py:363] Evaluating on the test split.
I0618 00:47:02.383581 140673265726656 submission_runner.py:516] Time since start: 71038.29s, 	Step: 144034, 	{'train/accuracy': Array(0.71611327, dtype=float32), 'train/loss': Array(1.171149, dtype=float32), 'validation/accuracy': Array(0.65459996, dtype=float32), 'validation/loss': Array(1.4340838, dtype=float32), 'validation/num_examples': 50000, 'test/accuracy': Array(0.5296, dtype=float32), 'test/loss': Array(2.076287, dtype=float32), 'test/num_examples': 10000, 'score': 69453.37592864037, 'total_duration': 71038.28557562828, 'accumulated_submission_time': 69453.37592864037, 'accumulated_eval_time': 1559.577852010727, 'accumulated_logging_time': 21.68244504928589}
I0618 00:47:03.677907 140444121937664 logging_writer.py:48] [144034] accumulated_eval_time=1559.58, accumulated_logging_time=21.6824, accumulated_submission_time=69453.4, global_step=144034, preemption_count=0, score=69453.4, test/accuracy=0.5296000242233276, test/loss=2.076287031173706, test/num_examples=10000, total_duration=71038.3, train/accuracy=0.716113269329071, train/loss=1.1711490154266357, validation/accuracy=0.6545999646186829, validation/loss=1.4340838193893433, validation/num_examples=50000
I0618 01:29:53.563903 140673265726656 spec.py:333] Evaluating on the training split.
I0618 01:29:59.050771 140673265726656 spec.py:346] Evaluating on the validation split.
I0618 01:31:21.996702 140673265726656 spec.py:363] Evaluating on the test split.
I0618 01:31:23.057340 140673265726656 submission_runner.py:516] Time since start: 73699.10s, 	Step: 148851, 	{'train/accuracy': Array(0.7251367, dtype=float32), 'train/loss': Array(1.1441023, dtype=float32), 'validation/accuracy': Array(0.66376, dtype=float32), 'validation/loss': Array(1.4087427, dtype=float32), 'validation/num_examples': 50000, 'test/accuracy': Array(0.53870004, dtype=float32), 'test/loss': Array(2.0393856, dtype=float32), 'test/num_examples': 10000, 'score': 72022.05905723572, 'total_duration': 73699.10109090805, 'accumulated_submission_time': 72022.05905723572, 'accumulated_eval_time': 1648.979630947113, 'accumulated_logging_time': 24.121569395065308}
I0618 01:31:23.557698 140444130330368 logging_writer.py:48] [148851] accumulated_eval_time=1648.98, accumulated_logging_time=24.1216, accumulated_submission_time=72022.1, global_step=148851, preemption_count=0, score=72022.1, test/accuracy=0.5387000441551208, test/loss=2.0393855571746826, test/num_examples=10000, total_duration=73699.1, train/accuracy=0.7251366972923279, train/loss=1.1441023349761963, validation/accuracy=0.6637600064277649, validation/loss=1.4087426662445068, validation/num_examples=50000
I0618 02:14:14.229641 140673265726656 spec.py:333] Evaluating on the training split.
I0618 02:14:19.744961 140673265726656 spec.py:346] Evaluating on the validation split.
I0618 02:15:01.335875 140673265726656 spec.py:363] Evaluating on the test split.
I0618 02:15:02.419665 140673265726656 submission_runner.py:516] Time since start: 76318.44s, 	Step: 153595, 	{'train/accuracy': Array(0.7314453, dtype=float32), 'train/loss': Array(1.0886528, dtype=float32), 'validation/accuracy': Array(0.67102, dtype=float32), 'validation/loss': Array(1.3635654, dtype=float32), 'validation/num_examples': 50000, 'test/accuracy': Array(0.5461, dtype=float32), 'test/loss': Array(1.9985467, dtype=float32), 'test/num_examples': 10000, 'score': 74592.16693401337, 'total_duration': 76318.43986988068, 'accumulated_submission_time': 74592.16693401337, 'accumulated_eval_time': 1697.054452419281, 'accumulated_logging_time': 25.132735013961792}
I0618 02:15:02.819442 140444121937664 logging_writer.py:48] [153595] accumulated_eval_time=1697.05, accumulated_logging_time=25.1327, accumulated_submission_time=74592.2, global_step=153595, preemption_count=0, score=74592.2, test/accuracy=0.5461000204086304, test/loss=1.9985467195510864, test/num_examples=10000, total_duration=76318.4, train/accuracy=0.7314453125, train/loss=1.0886528491973877, validation/accuracy=0.671019971370697, validation/loss=1.363565444946289, validation/num_examples=50000
I0618 02:57:53.959582 140673265726656 spec.py:333] Evaluating on the training split.
I0618 02:57:59.892783 140673265726656 spec.py:346] Evaluating on the validation split.
I0618 02:58:52.329369 140673265726656 spec.py:363] Evaluating on the test split.
I0618 02:58:53.360684 140673265726656 submission_runner.py:516] Time since start: 78949.43s, 	Step: 158389, 	{'train/accuracy': Array(0.74279296, dtype=float32), 'train/loss': Array(1.0683097, dtype=float32), 'validation/accuracy': Array(0.6757, dtype=float32), 'validation/loss': Array(1.3387053, dtype=float32), 'validation/num_examples': 50000, 'test/accuracy': Array(0.549, dtype=float32), 'test/loss': Array(1.9705524, dtype=float32), 'test/num_examples': 10000, 'score': 77162.83694291115, 'total_duration': 78949.42701292038, 'accumulated_submission_time': 77162.83694291115, 'accumulated_eval_time': 1756.3864777088165, 'accumulated_logging_time': 25.94599986076355}
I0618 02:58:53.829767 140444130330368 logging_writer.py:48] [158389] accumulated_eval_time=1756.39, accumulated_logging_time=25.946, accumulated_submission_time=77162.8, global_step=158389, preemption_count=0, score=77162.8, test/accuracy=0.5490000247955322, test/loss=1.9705524444580078, test/num_examples=10000, total_duration=78949.4, train/accuracy=0.7427929639816284, train/loss=1.0683096647262573, validation/accuracy=0.6757000088691711, validation/loss=1.33870530128479, validation/num_examples=50000
I0618 03:41:44.696182 140673265726656 spec.py:333] Evaluating on the training split.
I0618 03:41:50.420278 140673265726656 spec.py:346] Evaluating on the validation split.
I0618 03:43:01.010897 140673265726656 spec.py:363] Evaluating on the test split.
I0618 03:43:02.050321 140673265726656 submission_runner.py:516] Time since start: 81598.10s, 	Step: 163210, 	{'train/accuracy': Array(0.7474414, dtype=float32), 'train/loss': Array(1.0307546, dtype=float32), 'validation/accuracy': Array(0.68141997, dtype=float32), 'validation/loss': Array(1.3167055, dtype=float32), 'validation/num_examples': 50000, 'test/accuracy': Array(0.555, dtype=float32), 'test/loss': Array(1.9467738, dtype=float32), 'test/num_examples': 10000, 'score': 79733.21840977669, 'total_duration': 81598.10103702545, 'accumulated_submission_time': 79733.21840977669, 'accumulated_eval_time': 1833.6559257507324, 'accumulated_logging_time': 26.84098243713379}
I0618 03:43:02.477951 140444121937664 logging_writer.py:48] [163210] accumulated_eval_time=1833.66, accumulated_logging_time=26.841, accumulated_submission_time=79733.2, global_step=163210, preemption_count=0, score=79733.2, test/accuracy=0.5550000071525574, test/loss=1.9467737674713135, test/num_examples=10000, total_duration=81598.1, train/accuracy=0.7474414110183716, train/loss=1.030754566192627, validation/accuracy=0.6814199686050415, validation/loss=1.3167054653167725, validation/num_examples=50000
I0618 04:25:53.354870 140673265726656 spec.py:333] Evaluating on the training split.
I0618 04:25:58.930828 140673265726656 spec.py:346] Evaluating on the validation split.
I0618 04:26:55.771173 140673265726656 spec.py:363] Evaluating on the test split.
I0618 04:26:56.841834 140673265726656 submission_runner.py:516] Time since start: 84232.87s, 	Step: 167960, 	{'train/accuracy': Array(0.74796873, dtype=float32), 'train/loss': Array(1.025602, dtype=float32), 'validation/accuracy': Array(0.6832, dtype=float32), 'validation/loss': Array(1.3092288, dtype=float32), 'validation/num_examples': 50000, 'test/accuracy': Array(0.55660003, dtype=float32), 'test/loss': Array(1.9386328, dtype=float32), 'test/num_examples': 10000, 'score': 82303.60297131538, 'total_duration': 84232.87178993225, 'accumulated_submission_time': 82303.60297131538, 'accumulated_eval_time': 1897.037445306778, 'accumulated_logging_time': 27.706727981567383}
I0618 04:26:57.261890 140444130330368 logging_writer.py:48] [167960] accumulated_eval_time=1897.04, accumulated_logging_time=27.7067, accumulated_submission_time=82303.6, global_step=167960, preemption_count=0, score=82303.6, test/accuracy=0.556600034236908, test/loss=1.938632845878601, test/num_examples=10000, total_duration=84232.9, train/accuracy=0.7479687333106995, train/loss=1.0256019830703735, validation/accuracy=0.6832000017166138, validation/loss=1.309228777885437, validation/num_examples=50000
I0618 05:09:48.130003 140673265726656 spec.py:333] Evaluating on the training split.
I0618 05:09:54.143484 140673265726656 spec.py:346] Evaluating on the validation split.
I0618 05:11:10.069043 140673265726656 spec.py:363] Evaluating on the test split.
I0618 05:11:11.130949 140673265726656 submission_runner.py:516] Time since start: 86887.17s, 	Step: 172843, 	{'train/accuracy': Array(0.74636716, dtype=float32), 'train/loss': Array(1.0280573, dtype=float32), 'validation/accuracy': Array(0.68307996, dtype=float32), 'validation/loss': Array(1.3093423, dtype=float32), 'validation/num_examples': 50000, 'test/accuracy': Array(0.55660003, dtype=float32), 'test/loss': Array(1.9386199, dtype=float32), 'test/num_examples': 10000, 'score': 84873.91032266617, 'total_duration': 86887.17194223404, 'accumulated_submission_time': 84873.91032266617, 'accumulated_eval_time': 1979.9439797401428, 'accumulated_logging_time': 28.61306095123291}
I0618 05:11:11.608941 140444121937664 logging_writer.py:48] [172843] accumulated_eval_time=1979.94, accumulated_logging_time=28.6131, accumulated_submission_time=84873.9, global_step=172843, preemption_count=0, score=84873.9, test/accuracy=0.556600034236908, test/loss=1.93861985206604, test/num_examples=10000, total_duration=86887.2, train/accuracy=0.7463671565055847, train/loss=1.028057336807251, validation/accuracy=0.6830799579620361, validation/loss=1.3093422651290894, validation/num_examples=50000
I0618 05:54:02.906528 140673265726656 spec.py:333] Evaluating on the training split.
I0618 05:54:08.516289 140673265726656 spec.py:346] Evaluating on the validation split.
I0618 05:54:50.257065 140673265726656 spec.py:363] Evaluating on the test split.
I0618 05:54:51.296733 140673265726656 submission_runner.py:516] Time since start: 89507.36s, 	Step: 177700, 	{'train/accuracy': Array(0.74242187, dtype=float32), 'train/loss': Array(1.0369786, dtype=float32), 'validation/accuracy': Array(0.68307996, dtype=float32), 'validation/loss': Array(1.3093423, dtype=float32), 'validation/num_examples': 50000, 'test/accuracy': Array(0.55660003, dtype=float32), 'test/loss': Array(1.9386199, dtype=float32), 'test/num_examples': 10000, 'score': 87444.74591374397, 'total_duration': 89507.35551333427, 'accumulated_submission_time': 87444.74591374397, 'accumulated_eval_time': 2028.2575550079346, 'accumulated_logging_time': 29.495137929916382}
I0618 05:54:51.640406 140444130330368 logging_writer.py:48] [177700] accumulated_eval_time=2028.26, accumulated_logging_time=29.4951, accumulated_submission_time=87444.7, global_step=177700, preemption_count=0, score=87444.7, test/accuracy=0.556600034236908, test/loss=1.93861985206604, test/num_examples=10000, total_duration=89507.4, train/accuracy=0.7424218654632568, train/loss=1.0369786024093628, validation/accuracy=0.6830799579620361, validation/loss=1.3093422651290894, validation/num_examples=50000
I0618 06:37:42.820945 140673265726656 spec.py:333] Evaluating on the training split.
I0618 06:37:48.594452 140673265726656 spec.py:346] Evaluating on the validation split.
I0618 06:39:49.540895 140673265726656 spec.py:363] Evaluating on the test split.
I0618 06:39:50.595956 140673265726656 submission_runner.py:516] Time since start: 92206.65s, 	Step: 182496, 	{'train/accuracy': Array(0.74912107, dtype=float32), 'train/loss': Array(1.0262498, dtype=float32), 'validation/accuracy': Array(0.68307996, dtype=float32), 'validation/loss': Array(1.3093423, dtype=float32), 'validation/num_examples': 50000, 'test/accuracy': Array(0.55660003, dtype=float32), 'test/loss': Array(1.9386199, dtype=float32), 'test/num_examples': 10000, 'score': 90015.44400930405, 'total_duration': 92206.64547276497, 'accumulated_submission_time': 90015.44400930405, 'accumulated_eval_time': 2155.946673631668, 'accumulated_logging_time': 30.268436431884766}
I0618 06:39:51.005059 140444121937664 logging_writer.py:48] [182496] accumulated_eval_time=2155.95, accumulated_logging_time=30.2684, accumulated_submission_time=90015.4, global_step=182496, preemption_count=0, score=90015.4, test/accuracy=0.556600034236908, test/loss=1.93861985206604, test/num_examples=10000, total_duration=92206.6, train/accuracy=0.7491210699081421, train/loss=1.0262497663497925, validation/accuracy=0.6830799579620361, validation/loss=1.3093422651290894, validation/num_examples=50000
I0618 07:22:42.132267 140673265726656 spec.py:333] Evaluating on the training split.
I0618 07:22:47.528610 140673265726656 spec.py:346] Evaluating on the validation split.
I0618 07:24:00.592775 140673265726656 spec.py:363] Evaluating on the test split.
I0618 07:24:01.663038 140673265726656 submission_runner.py:516] Time since start: 94857.70s, 	Step: 187219, 	{'train/accuracy': Array(0.74689454, dtype=float32), 'train/loss': Array(1.0252678, dtype=float32), 'validation/accuracy': Array(0.68307996, dtype=float32), 'validation/loss': Array(1.3093423, dtype=float32), 'validation/num_examples': 50000, 'test/accuracy': Array(0.55660003, dtype=float32), 'test/loss': Array(1.9386199, dtype=float32), 'test/num_examples': 10000, 'score': 92585.94892954826, 'total_duration': 94857.69983386993, 'accumulated_submission_time': 92585.94892954826, 'accumulated_eval_time': 2235.3788294792175, 'accumulated_logging_time': 31.23857569694519}
I0618 07:24:02.204464 140444130330368 logging_writer.py:48] [187219] accumulated_eval_time=2235.38, accumulated_logging_time=31.2386, accumulated_submission_time=92585.9, global_step=187219, preemption_count=0, score=92585.9, test/accuracy=0.556600034236908, test/loss=1.93861985206604, test/num_examples=10000, total_duration=94857.7, train/accuracy=0.7468945384025574, train/loss=1.0252678394317627, validation/accuracy=0.6830799579620361, validation/loss=1.3093422651290894, validation/num_examples=50000
I0618 08:06:52.893208 140673265726656 spec.py:333] Evaluating on the training split.
I0618 08:06:58.193871 140673265726656 spec.py:346] Evaluating on the validation split.
I0618 08:07:36.638577 140673265726656 spec.py:363] Evaluating on the test split.
I0618 08:07:37.807371 140673265726656 submission_runner.py:516] Time since start: 97473.76s, 	Step: 191791, 	{'train/accuracy': Array(0.7480273, dtype=float32), 'train/loss': Array(1.0264893, dtype=float32), 'validation/accuracy': Array(0.68307996, dtype=float32), 'validation/loss': Array(1.3093423, dtype=float32), 'validation/num_examples': 50000, 'test/accuracy': Array(0.55660003, dtype=float32), 'test/loss': Array(1.9386199, dtype=float32), 'test/num_examples': 10000, 'score': 95156.13026118279, 'total_duration': 97473.76311707497, 'accumulated_submission_time': 95156.13026118279, 'accumulated_eval_time': 2280.113332748413, 'accumulated_logging_time': 32.236966609954834}
I0618 08:07:38.265688 140444121937664 logging_writer.py:48] [191791] accumulated_eval_time=2280.11, accumulated_logging_time=32.237, accumulated_submission_time=95156.1, global_step=191791, preemption_count=0, score=95156.1, test/accuracy=0.556600034236908, test/loss=1.93861985206604, test/num_examples=10000, total_duration=97473.8, train/accuracy=0.7480273246765137, train/loss=1.0264892578125, validation/accuracy=0.6830799579620361, validation/loss=1.3093422651290894, validation/num_examples=50000
I0618 08:50:29.894739 140444130330368 logging_writer.py:48] [196508] global_step=196508, preemption_count=0, score=97726.6
I0618 08:50:31.394893 140673265726656 submission_runner.py:857] Final imagenet_vit score: 97726.5514023304
