python submission_runner.py --framework=jax --workload=criteo1tb --submission_path=submissions_algorithms/submissions/self_tuning/single_worker_dilocov2/submission.py --data_dir=/data/criteo1tb --experiment_dir=/experiment_runs --experiment_name=submissions_a100/single_worker_dilocov2/study_2 --overwrite=True --save_checkpoints=False --rng_seed=-1560326819 --tuning_ruleset=self 2>&1 | tee -a /logs/criteo1tb_jax_06-18-2026-22-06-00.log
2026-06-18 22:06:00.950737: E external/local_xla/xla/stream_executor/cuda/cuda_fft.cc:467] Unable to register cuFFT factory: Attempting to register factory for plugin cuFFT when one has already been registered
WARNING: All log messages before absl::InitializeLog() is called are written to STDERR
E0000 00:00:1781820360.977401       9 cuda_dnn.cc:8579] Unable to register cuDNN factory: Attempting to register factory for plugin cuDNN when one has already been registered
E0000 00:00:1781820360.986317       9 cuda_blas.cc:1407] Unable to register cuBLAS factory: Attempting to register factory for plugin cuBLAS when one has already been registered
W0000 00:00:1781820361.012985       9 computation_placer.cc:177] computation placer already registered. Please check linkage and avoid linking the same target more than once.
W0000 00:00:1781820361.013019       9 computation_placer.cc:177] computation placer already registered. Please check linkage and avoid linking the same target more than once.
W0000 00:00:1781820361.013021       9 computation_placer.cc:177] computation placer already registered. Please check linkage and avoid linking the same target more than once.
W0000 00:00:1781820361.013024       9 computation_placer.cc:177] computation placer already registered. Please check linkage and avoid linking the same target more than once.
/usr/local/lib/python3.11/site-packages/torch/__init__.py:1617: UserWarning: Please use the new API settings to control TF32 behavior, such as torch.backends.cudnn.conv.fp32_precision = 'tf32' or torch.backends.cuda.matmul.fp32_precision = 'ieee'. Old settings, e.g, torch.backends.cuda.matmul.allow_tf32 = True, torch.backends.cudnn.allow_tf32 = True, allowTF32CuDNN() and allowTF32CuBLAS() will be deprecated after Pytorch 2.9. Please see https://pytorch.org/docs/main/notes/cuda.html#tensorfloat-32-tf32-on-ampere-and-later-devices (Triggered internally at /pytorch/aten/src/ATen/Context.cpp:80.)
  _C._set_float32_matmul_precision(precision)
/usr/local/lib/python3.11/site-packages/pydantic/_internal/_generate_schema.py:2249: UnsupportedFieldAttributeWarning: The 'repr' attribute with value False was provided to the `Field()` function, which has no effect in the context it was used. 'repr' is field-specific metadata, and can only be attached to a model field using `Annotated` metadata or by assignment. This may have happened because an `Annotated` type alias using the `type` statement was used, or if the `Field()` function was attached to a single member of a union type.
  warnings.warn(
/usr/local/lib/python3.11/site-packages/pydantic/_internal/_generate_schema.py:2249: UnsupportedFieldAttributeWarning: The 'frozen' attribute with value True was provided to the `Field()` function, which has no effect in the context it was used. 'frozen' is field-specific metadata, and can only be attached to a model field using `Annotated` metadata or by assignment. This may have happened because an `Annotated` type alias using the `type` statement was used, or if the `Field()` function was attached to a single member of a union type.
  warnings.warn(
INFO:2026-06-18 22:06:08,702:jax._src.xla_bridge:830: Unable to initialize backend 'tpu': INTERNAL: Failed to open libtpu.so: libtpu.so: cannot open shared object file: No such file or directory
I0618 22:06:08.702594 140385988838592 xla_bridge.py:830] Unable to initialize backend 'tpu': INTERNAL: Failed to open libtpu.so: libtpu.so: cannot open shared object file: No such file or directory
I0618 22:06:09.308295 140385988838592 logger_utils.py:84] Creating experiment directory at /experiment_runs/submissions_a100/single_worker_dilocov2/study_2/criteo1tb_jax.
I0618 22:06:09.798027 140385988838592 submission_runner.py:741] Creating directory at /experiment_runs/submissions_a100/single_worker_dilocov2/study_2/criteo1tb_jax/trial_1.
I0618 22:06:10.079265 140385988838592 submission_runner.py:242] Initializing dataset.
I0618 22:06:10.079608 140385988838592 submission_runner.py:251] Initializing model.
I0618 22:06:17.217617 140385988838592 submission_runner.py:294] Initializing optimizer.
I0618 22:06:20.266059 140385988838592 submission_runner.py:299] Initializing metrics bundle.
I0618 22:06:20.266360 140385988838592 submission_runner.py:321] Initializing checkpoint and logger.
I0618 22:06:20.269399 140385988838592 checkpoints.py:1098] Found no checkpoint files in /experiment_runs/submissions_a100/single_worker_dilocov2/study_2/criteo1tb_jax/trial_1 with prefix checkpoint_
I0618 22:06:20.269552 140385988838592 submission_runner.py:344] Saving meta data to /experiment_runs/submissions_a100/single_worker_dilocov2/study_2/criteo1tb_jax/trial_1/meta_data_0.json.
I0618 22:06:20.269772 140385988838592 logger_utils.py:283] Unable to record workload.train_mean information. Continuing without it.
I0618 22:06:20.269835 140385988838592 logger_utils.py:283] Unable to record workload.train_stddev information. Continuing without it.
I0618 22:06:20.434692 140385988838592 submission_runner.py:348] Saving flags to /experiment_runs/submissions_a100/single_worker_dilocov2/study_2/criteo1tb_jax/trial_1/flags_0.json.
I0618 22:06:20.472974 140385988838592 submission_runner.py:359] Starting training loop.
I0618 22:06:30.092261 140385988838592 spec.py:333] Evaluating on the training split.
I0618 22:17:57.256237 140385988838592 spec.py:346] Evaluating on the validation split.
I0618 22:29:04.745677 140385988838592 spec.py:363] Evaluating on the test split.
I0618 22:42:05.569976 140385988838592 submission_runner.py:516] Time since start: 2145.10s, 	Step: 1, 	{'train/loss': 0.3856675941614235, 'validation/loss': 0.3857330730684767, 'validation/num_examples': 83274637, 'test/loss': 0.38619295028782896, 'test/num_examples': 95000000, 'score': 9.619165897369385, 'total_duration': 2145.096886396408, 'accumulated_submission_time': 9.619165897369385, 'accumulated_eval_time': 2135.4776134490967, 'accumulated_logging_time': 0}
I0618 22:42:05.592047 140205823084288 logging_writer.py:48] [1] accumulated_eval_time=2135.48, accumulated_logging_time=0, accumulated_submission_time=9.61917, global_step=1, preemption_count=0, score=9.61917, test/loss=0.386193, test/num_examples=95000000, total_duration=2145.1, train/loss=0.385668, validation/loss=0.385733, validation/num_examples=83274637
I0618 22:48:03.194622 140385988838592 spec.py:333] Evaluating on the training split.
I0618 22:59:15.220515 140385988838592 spec.py:346] Evaluating on the validation split.
I0618 23:03:47.303144 140385988838592 spec.py:363] Evaluating on the test split.
I0618 23:08:50.802723 140385988838592 submission_runner.py:516] Time since start: 3750.33s, 	Step: 195, 	{'train/loss': 0.13481165352716762, 'validation/loss': 0.13407221834486202, 'validation/num_examples': 83274637, 'test/loss': 0.13704882178248357, 'test/num_examples': 95000000, 'score': 367.18895173072815, 'total_duration': 3750.3295888900757, 'accumulated_submission_time': 367.18895173072815, 'accumulated_eval_time': 3383.0855734348297, 'accumulated_logging_time': 0.05290794372558594}
I0618 23:08:50.830998 140204551587584 logging_writer.py:48] [195] accumulated_eval_time=3383.09, accumulated_logging_time=0.0529079, accumulated_submission_time=367.189, global_step=195, preemption_count=0, score=367.189, test/loss=0.137049, test/num_examples=95000000, total_duration=3750.33, train/loss=0.134812, validation/loss=0.134072, validation/num_examples=83274637
I0618 23:14:47.763633 140385988838592 spec.py:333] Evaluating on the training split.
I0618 23:25:35.509007 140385988838592 spec.py:346] Evaluating on the validation split.
I0618 23:29:55.915682 140385988838592 spec.py:363] Evaluating on the test split.
I0618 23:34:57.447941 140385988838592 submission_runner.py:516] Time since start: 5316.97s, 	Step: 389, 	{'train/loss': 0.13059154565229356, 'validation/loss': 0.13276837989248755, 'validation/num_examples': 83274637, 'test/loss': 0.13477769553865132, 'test/num_examples': 95000000, 'score': 724.1122615337372, 'total_duration': 5316.9748566150665, 'accumulated_submission_time': 724.1122615337372, 'accumulated_eval_time': 4592.769787788391, 'accumulated_logging_time': 0.08866000175476074}
I0618 23:34:57.476836 140204559980288 logging_writer.py:48] [389] accumulated_eval_time=4592.77, accumulated_logging_time=0.08866, accumulated_submission_time=724.112, global_step=389, preemption_count=0, score=724.112, test/loss=0.134778, test/num_examples=95000000, total_duration=5316.97, train/loss=0.130592, validation/loss=0.132768, validation/num_examples=83274637
I0618 23:40:55.240788 140385988838592 spec.py:333] Evaluating on the training split.
I0618 23:51:34.406026 140385988838592 spec.py:346] Evaluating on the validation split.
I0618 23:55:55.888719 140385988838592 spec.py:363] Evaluating on the test split.
I0619 00:00:55.283992 140385988838592 submission_runner.py:516] Time since start: 6874.81s, 	Step: 589, 	{'train/loss': 0.12835303489001668, 'validation/loss': 0.12887827760997925, 'validation/num_examples': 83274637, 'test/loss': 0.13128583394325657, 'test/num_examples': 95000000, 'score': 1081.8668220043182, 'total_duration': 6874.810918331146, 'accumulated_submission_time': 1081.8668220043182, 'accumulated_eval_time': 5792.812911987305, 'accumulated_logging_time': 0.1249551773071289}
I0619 00:00:55.307447 140204551587584 logging_writer.py:48] [589] accumulated_eval_time=5792.81, accumulated_logging_time=0.124955, accumulated_submission_time=1081.87, global_step=589, preemption_count=0, score=1081.87, test/loss=0.131286, test/num_examples=95000000, total_duration=6874.81, train/loss=0.128353, validation/loss=0.128878, validation/num_examples=83274637
I0619 00:06:53.232189 140385988838592 spec.py:333] Evaluating on the training split.
I0619 00:15:55.562584 140385988838592 spec.py:346] Evaluating on the validation split.
I0619 00:20:13.930853 140385988838592 spec.py:363] Evaluating on the test split.
I0619 00:25:11.599181 140385988838592 submission_runner.py:516] Time since start: 8331.13s, 	Step: 791, 	{'train/loss': 0.12736092211456043, 'validation/loss': 0.1283276454603271, 'validation/num_examples': 83274637, 'test/loss': 0.1306586380448191, 'test/num_examples': 95000000, 'score': 1439.7823507785797, 'total_duration': 8331.126101493835, 'accumulated_submission_time': 1439.7823507785797, 'accumulated_eval_time': 6891.179813861847, 'accumulated_logging_time': 0.15569543838500977}
I0619 00:25:11.624319 140204559980288 logging_writer.py:48] [791] accumulated_eval_time=6891.18, accumulated_logging_time=0.155695, accumulated_submission_time=1439.78, global_step=791, preemption_count=0, score=1439.78, test/loss=0.130659, test/num_examples=95000000, total_duration=8331.13, train/loss=0.127361, validation/loss=0.128328, validation/num_examples=83274637
I0619 00:31:09.602647 140385988838592 spec.py:333] Evaluating on the training split.
I0619 00:41:36.559975 140385988838592 spec.py:346] Evaluating on the validation split.
I0619 00:45:30.022715 140385988838592 spec.py:363] Evaluating on the test split.
I0619 00:49:59.412856 140385988838592 submission_runner.py:516] Time since start: 9818.94s, 	Step: 981, 	{'train/loss': 0.12675428562709745, 'validation/loss': 0.1270021398324851, 'validation/num_examples': 83274637, 'test/loss': 0.1294378720600329, 'test/num_examples': 95000000, 'score': 1797.7513258457184, 'total_duration': 9818.93977022171, 'accumulated_submission_time': 1797.7513258457184, 'accumulated_eval_time': 8020.9899344444275, 'accumulated_logging_time': 0.1883373260498047}
I0619 00:49:59.440661 140204551587584 logging_writer.py:48] [981] accumulated_eval_time=8020.99, accumulated_logging_time=0.188337, accumulated_submission_time=1797.75, global_step=981, preemption_count=0, score=1797.75, test/loss=0.129438, test/num_examples=95000000, total_duration=9818.94, train/loss=0.126754, validation/loss=0.127002, validation/num_examples=83274637
I0619 00:55:56.276525 140385988838592 spec.py:333] Evaluating on the training split.
I0619 01:04:07.665729 140385988838592 spec.py:346] Evaluating on the validation split.
I0619 01:07:52.254578 140385988838592 spec.py:363] Evaluating on the test split.
I0619 01:12:12.538937 140385988838592 submission_runner.py:516] Time since start: 11152.07s, 	Step: 1197, 	{'train/loss': 0.1280057239902657, 'validation/loss': 0.12690477652554005, 'validation/num_examples': 83274637, 'test/loss': 0.12919585162417763, 'test/num_examples': 95000000, 'score': 2154.577800512314, 'total_duration': 11152.06587266922, 'accumulated_submission_time': 2154.577800512314, 'accumulated_eval_time': 8997.25229382515, 'accumulated_logging_time': 0.22339892387390137}
I0619 01:12:12.561820 140204559980288 logging_writer.py:48] [1197] accumulated_eval_time=8997.25, accumulated_logging_time=0.223399, accumulated_submission_time=2154.58, global_step=1197, preemption_count=0, score=2154.58, test/loss=0.129196, test/num_examples=95000000, total_duration=11152.1, train/loss=0.128006, validation/loss=0.126905, validation/num_examples=83274637
I0619 01:18:11.092387 140385988838592 spec.py:333] Evaluating on the training split.
I0619 01:25:03.553754 140385988838592 spec.py:346] Evaluating on the validation split.
I0619 01:28:27.243659 140385988838592 spec.py:363] Evaluating on the test split.
I0619 01:32:24.763972 140385988838592 submission_runner.py:516] Time since start: 12364.29s, 	Step: 1337, 	{'train/loss': 0.12595059133410078, 'validation/loss': 0.12667870711445955, 'validation/num_examples': 83274637, 'test/loss': 0.12902628462171054, 'test/num_examples': 95000000, 'score': 2513.0999093055725, 'total_duration': 12364.290810346603, 'accumulated_submission_time': 2513.0999093055725, 'accumulated_eval_time': 9850.923732042313, 'accumulated_logging_time': 0.253371000289917}
I0619 01:32:24.791415 140204551587584 logging_writer.py:48] [1337] accumulated_eval_time=9850.92, accumulated_logging_time=0.253371, accumulated_submission_time=2513.1, global_step=1337, preemption_count=0, score=2513.1, test/loss=0.129026, test/num_examples=95000000, total_duration=12364.3, train/loss=0.125951, validation/loss=0.126679, validation/num_examples=83274637
I0619 01:38:21.315565 140385988838592 spec.py:333] Evaluating on the training split.
I0619 01:42:56.464066 140385988838592 spec.py:346] Evaluating on the validation split.
I0619 01:45:22.749156 140385988838592 spec.py:363] Evaluating on the test split.
I0619 01:48:30.620180 140385988838592 submission_runner.py:516] Time since start: 13330.15s, 	Step: 1529, 	{'train/loss': 0.12605915628607917, 'validation/loss': 0.12623466470208466, 'validation/num_examples': 83274637, 'test/loss': 0.1286253382401316, 'test/num_examples': 95000000, 'score': 2869.615262746811, 'total_duration': 13330.14705491066, 'accumulated_submission_time': 2869.615262746811, 'accumulated_eval_time': 10460.228236436844, 'accumulated_logging_time': 0.28783512115478516}
I0619 01:48:30.645314 140204559980288 logging_writer.py:48] [1529] accumulated_eval_time=10460.2, accumulated_logging_time=0.287835, accumulated_submission_time=2869.62, global_step=1529, preemption_count=0, score=2869.62, test/loss=0.128625, test/num_examples=95000000, total_duration=13330.1, train/loss=0.126059, validation/loss=0.126235, validation/num_examples=83274637
I0619 01:54:27.712119 140385988838592 spec.py:333] Evaluating on the training split.
I0619 01:56:13.981522 140385988838592 spec.py:346] Evaluating on the validation split.
I0619 01:56:53.466551 140385988838592 spec.py:363] Evaluating on the test split.
I0619 01:58:11.763676 140385988838592 submission_runner.py:516] Time since start: 13911.29s, 	Step: 1746, 	{'train/loss': 0.12547741345358346, 'validation/loss': 0.1260732362118496, 'validation/num_examples': 83274637, 'test/loss': 0.1285297077713816, 'test/num_examples': 95000000, 'score': 3226.6731462478638, 'total_duration': 13911.29055404663, 'accumulated_submission_time': 3226.6731462478638, 'accumulated_eval_time': 10684.279661417007, 'accumulated_logging_time': 0.3199284076690674}
I0619 01:58:11.804406 140204551587584 logging_writer.py:48] [1746] accumulated_eval_time=10684.3, accumulated_logging_time=0.319928, accumulated_submission_time=3226.67, global_step=1746, preemption_count=0, score=3226.67, test/loss=0.12853, test/num_examples=95000000, total_duration=13911.3, train/loss=0.125477, validation/loss=0.126073, validation/num_examples=83274637
I0619 02:04:10.104479 140385988838592 spec.py:333] Evaluating on the training split.
I0619 02:07:16.422384 140385988838592 spec.py:346] Evaluating on the validation split.
I0619 02:07:38.245449 140385988838592 spec.py:363] Evaluating on the test split.
I0619 02:08:03.541109 140385988838592 submission_runner.py:516] Time since start: 14503.07s, 	Step: 1934, 	{'train/loss': 0.12577745162606616, 'validation/loss': 0.1258839999905411, 'validation/num_examples': 83274637, 'test/loss': 0.12840925812088816, 'test/num_examples': 95000000, 'score': 3584.9644730091095, 'total_duration': 14503.068054199219, 'accumulated_submission_time': 3584.9644730091095, 'accumulated_eval_time': 10917.716225385666, 'accumulated_logging_time': 0.367748498916626}
I0619 02:08:03.574827 140204559980288 logging_writer.py:48] [1934] accumulated_eval_time=10917.7, accumulated_logging_time=0.367748, accumulated_submission_time=3584.96, global_step=1934, preemption_count=0, score=3584.96, test/loss=0.128409, test/num_examples=95000000, total_duration=14503.1, train/loss=0.125777, validation/loss=0.125884, validation/num_examples=83274637
I0619 02:14:01.399950 140385988838592 spec.py:333] Evaluating on the training split.
I0619 02:18:11.033840 140385988838592 spec.py:346] Evaluating on the validation split.
I0619 02:18:33.013522 140385988838592 spec.py:363] Evaluating on the test split.
I0619 02:18:58.502694 140385988838592 submission_runner.py:516] Time since start: 15158.03s, 	Step: 2124, 	{'train/loss': 0.12543440118150892, 'validation/loss': 0.1257287626755506, 'validation/num_examples': 83274637, 'test/loss': 0.12814664605263157, 'test/num_examples': 95000000, 'score': 3942.7808237075806, 'total_duration': 15158.02963066101, 'accumulated_submission_time': 3942.7808237075806, 'accumulated_eval_time': 11214.818895101547, 'accumulated_logging_time': 0.40851664543151855}
I0619 02:18:58.528094 140204551587584 logging_writer.py:48] [2124] accumulated_eval_time=11214.8, accumulated_logging_time=0.408517, accumulated_submission_time=3942.78, global_step=2124, preemption_count=0, score=3942.78, test/loss=0.128147, test/num_examples=95000000, total_duration=15158, train/loss=0.125434, validation/loss=0.125729, validation/num_examples=83274637
I0619 02:25:11.361555 140385988838592 spec.py:333] Evaluating on the training split.
I0619 02:28:16.243217 140385988838592 spec.py:346] Evaluating on the validation split.
I0619 02:28:38.198858 140385988838592 spec.py:363] Evaluating on the test split.
I0619 02:29:03.639897 140385988838592 submission_runner.py:516] Time since start: 15763.17s, 	Step: 2325, 	{'train/loss': 0.1251275098220732, 'validation/loss': 0.12565955638280807, 'validation/num_examples': 83274637, 'test/loss': 0.12803209459292764, 'test/num_examples': 95000000, 'score': 4315.605335235596, 'total_duration': 15763.166836977005, 'accumulated_submission_time': 4315.605335235596, 'accumulated_eval_time': 11447.097173213959, 'accumulated_logging_time': 0.44111204147338867}
I0619 02:29:03.667210 140204559980288 logging_writer.py:48] [2325] accumulated_eval_time=11447.1, accumulated_logging_time=0.441112, accumulated_submission_time=4315.61, global_step=2325, preemption_count=0, score=4315.61, test/loss=0.128032, test/num_examples=95000000, total_duration=15763.2, train/loss=0.125128, validation/loss=0.12566, validation/num_examples=83274637
I0619 02:35:01.906618 140385988838592 spec.py:333] Evaluating on the training split.
I0619 02:37:55.886640 140385988838592 spec.py:346] Evaluating on the validation split.
I0619 02:38:17.867021 140385988838592 spec.py:363] Evaluating on the test split.
I0619 02:38:43.157644 140385988838592 submission_runner.py:516] Time since start: 16342.68s, 	Step: 2520, 	{'train/loss': 0.12437037316461404, 'validation/loss': 0.12562000686571215, 'validation/num_examples': 83274637, 'test/loss': 0.12807061321957236, 'test/num_examples': 95000000, 'score': 4673.835802793503, 'total_duration': 16342.684529542923, 'accumulated_submission_time': 4673.835802793503, 'accumulated_eval_time': 11668.348070383072, 'accumulated_logging_time': 0.4756629467010498}
I0619 02:38:43.182484 140204551587584 logging_writer.py:48] [2520] accumulated_eval_time=11668.3, accumulated_logging_time=0.475663, accumulated_submission_time=4673.84, global_step=2520, preemption_count=0, score=4673.84, test/loss=0.128071, test/num_examples=95000000, total_duration=16342.7, train/loss=0.12437, validation/loss=0.12562, validation/num_examples=83274637
I0619 02:44:40.877522 140385988838592 spec.py:333] Evaluating on the training split.
I0619 02:48:55.281889 140385988838592 spec.py:346] Evaluating on the validation split.
I0619 02:49:17.138239 140385988838592 spec.py:363] Evaluating on the test split.
I0619 02:49:42.520843 140385988838592 submission_runner.py:516] Time since start: 17002.05s, 	Step: 2723, 	{'train/loss': 0.1244439432432629, 'validation/loss': 0.1255609934555126, 'validation/num_examples': 83274637, 'test/loss': 0.12794956643708882, 'test/num_examples': 95000000, 'score': 5031.522025823593, 'total_duration': 17002.04778599739, 'accumulated_submission_time': 5031.522025823593, 'accumulated_eval_time': 11969.991323947906, 'accumulated_logging_time': 0.5075507164001465}
I0619 02:49:42.545116 140204559980288 logging_writer.py:48] [2723] accumulated_eval_time=11970, accumulated_logging_time=0.507551, accumulated_submission_time=5031.52, global_step=2723, preemption_count=0, score=5031.52, test/loss=0.12795, test/num_examples=95000000, total_duration=17002, train/loss=0.124444, validation/loss=0.125561, validation/num_examples=83274637
I0619 02:55:39.659612 140385988838592 spec.py:333] Evaluating on the training split.
I0619 02:58:20.470891 140385988838592 spec.py:346] Evaluating on the validation split.
I0619 02:58:42.271605 140385988838592 spec.py:363] Evaluating on the test split.
I0619 02:59:07.462040 140385988838592 submission_runner.py:516] Time since start: 17566.99s, 	Step: 2908, 	{'train/loss': 0.12684992279084223, 'validation/loss': 0.12562034310254258, 'validation/num_examples': 83274637, 'test/loss': 0.12806115503700657, 'test/num_examples': 95000000, 'score': 5388.62771320343, 'total_duration': 17566.988933086395, 'accumulated_submission_time': 5388.62771320343, 'accumulated_eval_time': 12177.793630838394, 'accumulated_logging_time': 0.5390222072601318}
I0619 02:59:07.486645 140204551587584 logging_writer.py:48] [2908] accumulated_eval_time=12177.8, accumulated_logging_time=0.539022, accumulated_submission_time=5388.63, global_step=2908, preemption_count=0, score=5388.63, test/loss=0.128061, test/num_examples=95000000, total_duration=17567, train/loss=0.12685, validation/loss=0.12562, validation/num_examples=83274637
I0619 03:05:21.367423 140385988838592 spec.py:333] Evaluating on the training split.
I0619 03:08:12.107936 140385988838592 spec.py:346] Evaluating on the validation split.
I0619 03:08:34.049460 140385988838592 spec.py:363] Evaluating on the test split.
I0619 03:08:59.521758 140385988838592 submission_runner.py:516] Time since start: 18159.05s, 	Step: 3075, 	{'train/loss': 0.12169619540701497, 'validation/loss': 0.12538620432416106, 'validation/num_examples': 83274637, 'test/loss': 0.12788546714638158, 'test/num_examples': 95000000, 'score': 5762.499759674072, 'total_duration': 18159.04869389534, 'accumulated_submission_time': 5762.499759674072, 'accumulated_eval_time': 12395.947896718979, 'accumulated_logging_time': 0.5708363056182861}
I0619 03:08:59.546245 140204559980288 logging_writer.py:48] [3075] accumulated_eval_time=12395.9, accumulated_logging_time=0.570836, accumulated_submission_time=5762.5, global_step=3075, preemption_count=0, score=5762.5, test/loss=0.127885, test/num_examples=95000000, total_duration=18159, train/loss=0.121696, validation/loss=0.125386, validation/num_examples=83274637
I0619 03:14:57.310322 140385988838592 spec.py:333] Evaluating on the training split.
I0619 03:18:07.329635 140385988838592 spec.py:346] Evaluating on the validation split.
I0619 03:18:29.204598 140385988838592 spec.py:363] Evaluating on the test split.
I0619 03:18:54.632453 140385988838592 submission_runner.py:516] Time since start: 18754.16s, 	Step: 3280, 	{'train/loss': 0.12507474164730348, 'validation/loss': 0.1253521824798115, 'validation/num_examples': 83274637, 'test/loss': 0.12780493230879933, 'test/num_examples': 95000000, 'score': 6120.254918813705, 'total_duration': 18754.159385204315, 'accumulated_submission_time': 6120.254918813705, 'accumulated_eval_time': 12633.269960403442, 'accumulated_logging_time': 0.6024835109710693}
I0619 03:18:54.656053 140204551587584 logging_writer.py:48] [3280] accumulated_eval_time=12633.3, accumulated_logging_time=0.602484, accumulated_submission_time=6120.25, global_step=3280, preemption_count=0, score=6120.25, test/loss=0.127805, test/num_examples=95000000, total_duration=18754.2, train/loss=0.125075, validation/loss=0.125352, validation/num_examples=83274637
I0619 03:24:52.059961 140385988838592 spec.py:333] Evaluating on the training split.
I0619 03:28:25.628164 140385988838592 spec.py:346] Evaluating on the validation split.
I0619 03:28:47.586949 140385988838592 spec.py:363] Evaluating on the test split.
I0619 03:29:13.019649 140385988838592 submission_runner.py:516] Time since start: 19372.55s, 	Step: 3463, 	{'train/loss': 0.12426783009754412, 'validation/loss': 0.12524117939959467, 'validation/num_examples': 83274637, 'test/loss': 0.12767374396587172, 'test/num_examples': 95000000, 'score': 6477.650018930435, 'total_duration': 19372.54658317566, 'accumulated_submission_time': 6477.650018930435, 'accumulated_eval_time': 12894.229572057724, 'accumulated_logging_time': 0.6331729888916016}
I0619 03:29:13.046028 140204559980288 logging_writer.py:48] [3463] accumulated_eval_time=12894.2, accumulated_logging_time=0.633173, accumulated_submission_time=6477.65, global_step=3463, preemption_count=0, score=6477.65, test/loss=0.127674, test/num_examples=95000000, total_duration=19372.5, train/loss=0.124268, validation/loss=0.125241, validation/num_examples=83274637
I0619 03:35:10.808997 140385988838592 spec.py:333] Evaluating on the training split.
I0619 03:38:22.884738 140385988838592 spec.py:346] Evaluating on the validation split.
I0619 03:38:44.872965 140385988838592 spec.py:363] Evaluating on the test split.
I0619 03:39:10.191239 140385988838592 submission_runner.py:516] Time since start: 19969.72s, 	Step: 3652, 	{'train/loss': 0.1233568326247938, 'validation/loss': 0.12518914256354324, 'validation/num_examples': 83274637, 'test/loss': 0.12764617119654606, 'test/num_examples': 95000000, 'score': 6835.404191732407, 'total_duration': 19969.718179941177, 'accumulated_submission_time': 6835.404191732407, 'accumulated_eval_time': 13133.611751556396, 'accumulated_logging_time': 0.6667165756225586}
I0619 03:39:10.217008 140204551587584 logging_writer.py:48] [3652] accumulated_eval_time=13133.6, accumulated_logging_time=0.666717, accumulated_submission_time=6835.4, global_step=3652, preemption_count=0, score=6835.4, test/loss=0.127646, test/num_examples=95000000, total_duration=19969.7, train/loss=0.123357, validation/loss=0.125189, validation/num_examples=83274637
I0619 03:45:08.358664 140385988838592 spec.py:333] Evaluating on the training split.
I0619 03:48:18.847589 140385988838592 spec.py:346] Evaluating on the validation split.
I0619 03:48:40.700941 140385988838592 spec.py:363] Evaluating on the test split.
I0619 03:49:06.165257 140385988838592 submission_runner.py:516] Time since start: 20565.69s, 	Step: 3853, 	{'train/loss': 0.12244462708022984, 'validation/loss': 0.12520156787593345, 'validation/num_examples': 83274637, 'test/loss': 0.1275152439555921, 'test/num_examples': 95000000, 'score': 7193.536337614059, 'total_duration': 20565.692191839218, 'accumulated_submission_time': 7193.536337614059, 'accumulated_eval_time': 13371.418268442154, 'accumulated_logging_time': 0.7002184391021729}
I0619 03:49:06.191942 140204559980288 logging_writer.py:48] [3853] accumulated_eval_time=13371.4, accumulated_logging_time=0.700218, accumulated_submission_time=7193.54, global_step=3853, preemption_count=0, score=7193.54, test/loss=0.127515, test/num_examples=95000000, total_duration=20565.7, train/loss=0.122445, validation/loss=0.125202, validation/num_examples=83274637
I0619 03:55:03.407692 140385988838592 spec.py:333] Evaluating on the training split.
I0619 03:58:49.476050 140385988838592 spec.py:346] Evaluating on the validation split.
I0619 03:59:11.459913 140385988838592 spec.py:363] Evaluating on the test split.
I0619 03:59:36.704506 140385988838592 submission_runner.py:516] Time since start: 21196.23s, 	Step: 4022, 	{'train/loss': 0.12550427318322208, 'validation/loss': 0.12518644029690426, 'validation/num_examples': 83274637, 'test/loss': 0.12761798974095395, 'test/num_examples': 95000000, 'score': 7550.743341207504, 'total_duration': 21196.23143839836, 'accumulated_submission_time': 7550.743341207504, 'accumulated_eval_time': 13644.715002775192, 'accumulated_logging_time': 0.7341418266296387}
I0619 03:59:36.730251 140204551587584 logging_writer.py:48] [4022] accumulated_eval_time=13644.7, accumulated_logging_time=0.734142, accumulated_submission_time=7550.74, global_step=4022, preemption_count=0, score=7550.74, test/loss=0.127618, test/num_examples=95000000, total_duration=21196.2, train/loss=0.125504, validation/loss=0.125186, validation/num_examples=83274637
I0619 04:05:36.140866 140385988838592 spec.py:333] Evaluating on the training split.
I0619 04:08:16.751496 140385988838592 spec.py:346] Evaluating on the validation split.
I0619 04:08:38.717288 140385988838592 spec.py:363] Evaluating on the test split.
I0619 04:09:04.093627 140385988838592 submission_runner.py:516] Time since start: 21763.62s, 	Step: 4200, 	{'train/loss': 0.12424076584009629, 'validation/loss': 0.12492595276235263, 'validation/num_examples': 83274637, 'test/loss': 0.1272746676089638, 'test/num_examples': 95000000, 'score': 7910.145201683044, 'total_duration': 21763.62055706978, 'accumulated_submission_time': 7910.145201683044, 'accumulated_eval_time': 13852.667745828629, 'accumulated_logging_time': 0.7668874263763428}
I0619 04:09:04.127668 140204559980288 logging_writer.py:48] [4200] accumulated_eval_time=13852.7, accumulated_logging_time=0.766887, accumulated_submission_time=7910.15, global_step=4200, preemption_count=0, score=7910.15, test/loss=0.127275, test/num_examples=95000000, total_duration=21763.6, train/loss=0.124241, validation/loss=0.124926, validation/num_examples=83274637
I0619 04:15:01.467348 140385988838592 spec.py:333] Evaluating on the training split.
I0619 04:18:25.854451 140385988838592 spec.py:346] Evaluating on the validation split.
I0619 04:18:47.712325 140385988838592 spec.py:363] Evaluating on the test split.
I0619 04:19:13.276350 140385988838592 submission_runner.py:516] Time since start: 22372.80s, 	Step: 4377, 	{'train/loss': 0.12257325547343155, 'validation/loss': 0.1249092531659073, 'validation/num_examples': 83274637, 'test/loss': 0.12731886419613486, 'test/num_examples': 95000000, 'score': 8267.475976228714, 'total_duration': 22372.80326962471, 'accumulated_submission_time': 8267.475976228714, 'accumulated_eval_time': 14104.47667145729, 'accumulated_logging_time': 0.8081660270690918}
I0619 04:19:13.302578 140204551587584 logging_writer.py:48] [4377] accumulated_eval_time=14104.5, accumulated_logging_time=0.808166, accumulated_submission_time=8267.48, global_step=4377, preemption_count=0, score=8267.48, test/loss=0.127319, test/num_examples=95000000, total_duration=22372.8, train/loss=0.122573, validation/loss=0.124909, validation/num_examples=83274637
I0619 04:25:37.429025 140385988838592 spec.py:333] Evaluating on the training split.
I0619 04:28:55.583653 140385988838592 spec.py:346] Evaluating on the validation split.
I0619 04:29:17.507257 140385988838592 spec.py:363] Evaluating on the test split.
I0619 04:29:42.918192 140385988838592 submission_runner.py:516] Time since start: 23002.45s, 	Step: 4575, 	{'train/loss': 0.12320265403521136, 'validation/loss': 0.12493090355416005, 'validation/num_examples': 83274637, 'test/loss': 0.12722666993215462, 'test/num_examples': 95000000, 'score': 8651.593141317368, 'total_duration': 23002.445126771927, 'accumulated_submission_time': 8651.593141317368, 'accumulated_eval_time': 14349.965761899948, 'accumulated_logging_time': 0.8418838977813721}
I0619 04:29:42.944256 140204559980288 logging_writer.py:48] [4575] accumulated_eval_time=14350, accumulated_logging_time=0.841884, accumulated_submission_time=8651.59, global_step=4575, preemption_count=0, score=8651.59, test/loss=0.127227, test/num_examples=95000000, total_duration=23002.4, train/loss=0.123203, validation/loss=0.124931, validation/num_examples=83274637
I0619 04:35:39.973639 140385988838592 spec.py:333] Evaluating on the training split.
I0619 04:39:45.995857 140385988838592 spec.py:346] Evaluating on the validation split.
I0619 04:40:07.844415 140385988838592 spec.py:363] Evaluating on the test split.
I0619 04:40:33.132002 140385988838592 submission_runner.py:516] Time since start: 23652.66s, 	Step: 4760, 	{'train/loss': 0.12372163213414591, 'validation/loss': 0.12470188356873106, 'validation/num_examples': 83274637, 'test/loss': 0.12712341233552632, 'test/num_examples': 95000000, 'score': 9008.613801956177, 'total_duration': 23652.658916711807, 'accumulated_submission_time': 9008.613801956177, 'accumulated_eval_time': 14643.124023675919, 'accumulated_logging_time': 0.8750278949737549}
I0619 04:40:33.158541 140204551587584 logging_writer.py:48] [4760] accumulated_eval_time=14643.1, accumulated_logging_time=0.875028, accumulated_submission_time=9008.61, global_step=4760, preemption_count=0, score=9008.61, test/loss=0.127123, test/num_examples=95000000, total_duration=23652.7, train/loss=0.123722, validation/loss=0.124702, validation/num_examples=83274637
I0619 04:46:30.166850 140385988838592 spec.py:333] Evaluating on the training split.
I0619 04:50:24.352318 140385988838592 spec.py:346] Evaluating on the validation split.
I0619 04:50:46.245997 140385988838592 spec.py:363] Evaluating on the test split.
I0619 04:51:11.770810 140385988838592 submission_runner.py:516] Time since start: 24291.30s, 	Step: 4940, 	{'train/loss': 0.1241313969048689, 'validation/loss': 0.12457685562368843, 'validation/num_examples': 83274637, 'test/loss': 0.12710874533305921, 'test/num_examples': 95000000, 'score': 9365.613197565079, 'total_duration': 24291.297746181488, 'accumulated_submission_time': 9365.613197565079, 'accumulated_eval_time': 14924.72791981697, 'accumulated_logging_time': 0.9087538719177246}
I0619 04:51:11.797712 140204559980288 logging_writer.py:48] [4940] accumulated_eval_time=14924.7, accumulated_logging_time=0.908754, accumulated_submission_time=9365.61, global_step=4940, preemption_count=0, score=9365.61, test/loss=0.127109, test/num_examples=95000000, total_duration=24291.3, train/loss=0.124131, validation/loss=0.124577, validation/num_examples=83274637
I0619 04:57:08.594571 140385988838592 spec.py:333] Evaluating on the training split.
I0619 05:00:54.215032 140385988838592 spec.py:346] Evaluating on the validation split.
I0619 05:01:16.140458 140385988838592 spec.py:363] Evaluating on the test split.
I0619 05:01:41.479720 140385988838592 submission_runner.py:516] Time since start: 24921.01s, 	Step: 5080, 	{'train/loss': 0.12676162210603556, 'validation/loss': 0.12457015241787019, 'validation/num_examples': 83274637, 'test/loss': 0.12702804797491776, 'test/num_examples': 95000000, 'score': 9722.401434898376, 'total_duration': 24921.00665616989, 'accumulated_submission_time': 9722.401434898376, 'accumulated_eval_time': 15197.61298918724, 'accumulated_logging_time': 0.9429953098297119}
I0619 05:01:41.504108 140204551587584 logging_writer.py:48] [5080] accumulated_eval_time=15197.6, accumulated_logging_time=0.942995, accumulated_submission_time=9722.4, global_step=5080, preemption_count=0, score=9722.4, test/loss=0.127028, test/num_examples=95000000, total_duration=24921, train/loss=0.126762, validation/loss=0.12457, validation/num_examples=83274637
I0619 05:07:39.368144 140385988838592 spec.py:333] Evaluating on the training split.
I0619 05:11:43.430163 140385988838592 spec.py:346] Evaluating on the validation split.
I0619 05:12:05.391680 140385988838592 spec.py:363] Evaluating on the test split.
I0619 05:12:30.709840 140385988838592 submission_runner.py:516] Time since start: 25570.24s, 	Step: 5250, 	{'train/loss': 0.12354481007036923, 'validation/loss': 0.12442566029241217, 'validation/num_examples': 83274637, 'test/loss': 0.12685389132401315, 'test/num_examples': 95000000, 'score': 10080.256705760956, 'total_duration': 25570.23677420616, 'accumulated_submission_time': 10080.256705760956, 'accumulated_eval_time': 15488.954604387283, 'accumulated_logging_time': 0.9746086597442627}
I0619 05:12:30.736160 140204559980288 logging_writer.py:48] [5250] accumulated_eval_time=15489, accumulated_logging_time=0.974609, accumulated_submission_time=10080.3, global_step=5250, preemption_count=0, score=10080.3, test/loss=0.126854, test/num_examples=95000000, total_duration=25570.2, train/loss=0.123545, validation/loss=0.124426, validation/num_examples=83274637
I0619 05:18:28.186658 140385988838592 spec.py:333] Evaluating on the training split.
I0619 05:22:19.871022 140385988838592 spec.py:346] Evaluating on the validation split.
I0619 05:22:41.812712 140385988838592 spec.py:363] Evaluating on the test split.
I0619 05:23:07.131108 140385988838592 submission_runner.py:516] Time since start: 26206.66s, 	Step: 5443, 	{'train/loss': 0.1203222320936386, 'validation/loss': 0.12445385580052498, 'validation/num_examples': 83274637, 'test/loss': 0.12691985191200658, 'test/num_examples': 95000000, 'score': 10437.698334693909, 'total_duration': 26206.65804362297, 'accumulated_submission_time': 10437.698334693909, 'accumulated_eval_time': 15767.898985624313, 'accumulated_logging_time': 1.0080697536468506}
I0619 05:23:07.156801 140204551587584 logging_writer.py:48] [5443] accumulated_eval_time=15767.9, accumulated_logging_time=1.00807, accumulated_submission_time=10437.7, global_step=5443, preemption_count=0, score=10437.7, test/loss=0.12692, test/num_examples=95000000, total_duration=26206.7, train/loss=0.120322, validation/loss=0.124454, validation/num_examples=83274637
I0619 05:29:30.923180 140385988838592 spec.py:333] Evaluating on the training split.
I0619 05:33:15.928187 140385988838592 spec.py:346] Evaluating on the validation split.
I0619 05:33:37.946871 140385988838592 spec.py:363] Evaluating on the test split.
I0619 05:34:03.282078 140385988838592 submission_runner.py:516] Time since start: 26862.81s, 	Step: 5625, 	{'train/loss': 0.12202175365725779, 'validation/loss': 0.12453957445040784, 'validation/num_examples': 83274637, 'test/loss': 0.12693471133840462, 'test/num_examples': 95000000, 'score': 10821.455429315567, 'total_duration': 26862.809003829956, 'accumulated_submission_time': 10821.455429315567, 'accumulated_eval_time': 16040.25779557228, 'accumulated_logging_time': 1.041379690170288}
I0619 05:34:03.308437 140204559980288 logging_writer.py:48] [5625] accumulated_eval_time=16040.3, accumulated_logging_time=1.04138, accumulated_submission_time=10821.5, global_step=5625, preemption_count=0, score=10821.5, test/loss=0.126935, test/num_examples=95000000, total_duration=26862.8, train/loss=0.122022, validation/loss=0.12454, validation/num_examples=83274637
I0619 05:40:01.588474 140385988838592 spec.py:333] Evaluating on the training split.
I0619 05:42:49.863220 140385988838592 spec.py:346] Evaluating on the validation split.
I0619 05:43:11.950373 140385988838592 spec.py:363] Evaluating on the test split.
I0619 05:43:37.402779 140385988838592 submission_runner.py:516] Time since start: 27436.93s, 	Step: 5815, 	{'train/loss': 0.12554798871513057, 'validation/loss': 0.12438784613825456, 'validation/num_examples': 83274637, 'test/loss': 0.1267703031352796, 'test/num_examples': 95000000, 'score': 11179.72654247284, 'total_duration': 27436.92971587181, 'accumulated_submission_time': 11179.72654247284, 'accumulated_eval_time': 16256.072031021118, 'accumulated_logging_time': 1.0749092102050781}
I0619 05:43:37.428524 140204551587584 logging_writer.py:48] [5815] accumulated_eval_time=16256.1, accumulated_logging_time=1.07491, accumulated_submission_time=11179.7, global_step=5815, preemption_count=0, score=11179.7, test/loss=0.12677, test/num_examples=95000000, total_duration=27436.9, train/loss=0.125548, validation/loss=0.124388, validation/num_examples=83274637
I0619 05:49:42.199064 140385988838592 spec.py:333] Evaluating on the training split.
I0619 05:52:19.736330 140385988838592 spec.py:346] Evaluating on the validation split.
I0619 05:52:41.809082 140385988838592 spec.py:363] Evaluating on the test split.
I0619 05:53:07.085943 140385988838592 submission_runner.py:516] Time since start: 28006.61s, 	Step: 6000, 	{'train/loss': 0.12474783460767765, 'validation/loss': 0.12439817863671497, 'validation/num_examples': 83274637, 'test/loss': 0.12678500444078947, 'test/num_examples': 95000000, 'score': 11544.488265514374, 'total_duration': 28006.612875699997, 'accumulated_submission_time': 11544.488265514374, 'accumulated_eval_time': 16460.95884871483, 'accumulated_logging_time': 1.1078169345855713}
I0619 05:53:07.111004 140204559980288 logging_writer.py:48] [6000] accumulated_eval_time=16461, accumulated_logging_time=1.10782, accumulated_submission_time=11544.5, global_step=6000, preemption_count=0, score=11544.5, test/loss=0.126785, test/num_examples=95000000, total_duration=28006.6, train/loss=0.124748, validation/loss=0.124398, validation/num_examples=83274637
I0619 05:59:04.599314 140385988838592 spec.py:333] Evaluating on the training split.
I0619 06:02:44.723238 140385988838592 spec.py:346] Evaluating on the validation split.
I0619 06:03:06.683408 140385988838592 spec.py:363] Evaluating on the test split.
I0619 06:03:32.052299 140385988838592 submission_runner.py:516] Time since start: 28631.58s, 	Step: 6187, 	{'train/loss': 0.12316558013359706, 'validation/loss': 0.12438322204921845, 'validation/num_examples': 83274637, 'test/loss': 0.12668261224300986, 'test/num_examples': 95000000, 'score': 11901.967643737793, 'total_duration': 28631.579171419144, 'accumulated_submission_time': 11901.967643737793, 'accumulated_eval_time': 16728.41170358658, 'accumulated_logging_time': 1.1401934623718262}
I0619 06:03:32.079247 140204551587584 logging_writer.py:48] [6187] accumulated_eval_time=16728.4, accumulated_logging_time=1.14019, accumulated_submission_time=11902, global_step=6187, preemption_count=0, score=11902, test/loss=0.126683, test/num_examples=95000000, total_duration=28631.6, train/loss=0.123166, validation/loss=0.124383, validation/num_examples=83274637
I0619 06:09:30.386143 140385988838592 spec.py:333] Evaluating on the training split.
I0619 06:13:04.470019 140385988838592 spec.py:346] Evaluating on the validation split.
I0619 06:13:26.432789 140385988838592 spec.py:363] Evaluating on the test split.
I0619 06:13:51.712247 140385988838592 submission_runner.py:516] Time since start: 29251.24s, 	Step: 6363, 	{'train/loss': 0.12176658759045901, 'validation/loss': 0.12433034014723662, 'validation/num_examples': 83274637, 'test/loss': 0.12654045942639802, 'test/num_examples': 95000000, 'score': 12260.265662431717, 'total_duration': 29251.23918056488, 'accumulated_submission_time': 12260.265662431717, 'accumulated_eval_time': 16989.737732172012, 'accumulated_logging_time': 1.174436092376709}
I0619 06:13:51.738218 140204559980288 logging_writer.py:48] [6363] accumulated_eval_time=16989.7, accumulated_logging_time=1.17444, accumulated_submission_time=12260.3, global_step=6363, preemption_count=0, score=12260.3, test/loss=0.12654, test/num_examples=95000000, total_duration=29251.2, train/loss=0.121767, validation/loss=0.12433, validation/num_examples=83274637
I0619 06:19:50.412768 140385988838592 spec.py:333] Evaluating on the training split.
I0619 06:23:02.227984 140385988838592 spec.py:346] Evaluating on the validation split.
I0619 06:23:24.151392 140385988838592 spec.py:363] Evaluating on the test split.
I0619 06:23:49.420111 140385988838592 submission_runner.py:516] Time since start: 29848.95s, 	Step: 6561, 	{'train/loss': 0.12276037743771975, 'validation/loss': 0.12433052943290487, 'validation/num_examples': 83274637, 'test/loss': 0.1266471177939967, 'test/num_examples': 95000000, 'score': 12618.931354999542, 'total_duration': 29848.947052001953, 'accumulated_submission_time': 12618.931354999542, 'accumulated_eval_time': 17228.745009422302, 'accumulated_logging_time': 1.20751953125}
I0619 06:23:49.446023 140204551587584 logging_writer.py:48] [6561] accumulated_eval_time=17228.7, accumulated_logging_time=1.20752, accumulated_submission_time=12618.9, global_step=6561, preemption_count=0, score=12618.9, test/loss=0.126647, test/num_examples=95000000, total_duration=29848.9, train/loss=0.12276, validation/loss=0.124331, validation/num_examples=83274637
I0619 06:30:44.003490 140385988838592 spec.py:333] Evaluating on the training split.
I0619 06:34:04.774476 140385988838592 spec.py:346] Evaluating on the validation split.
I0619 06:34:26.722623 140385988838592 spec.py:363] Evaluating on the test split.
I0619 06:34:52.211671 140385988838592 submission_runner.py:516] Time since start: 30511.74s, 	Step: 6750, 	{'train/loss': 0.12343817818089851, 'validation/loss': 0.12427094562680291, 'validation/num_examples': 83274637, 'test/loss': 0.12668576088610198, 'test/num_examples': 95000000, 'score': 13033.471937417984, 'total_duration': 30511.738609313965, 'accumulated_submission_time': 13033.471937417984, 'accumulated_eval_time': 17476.953119039536, 'accumulated_logging_time': 1.248671531677246}
I0619 06:34:52.237422 140204559980288 logging_writer.py:48] [6750] accumulated_eval_time=17477, accumulated_logging_time=1.24867, accumulated_submission_time=13033.5, global_step=6750, preemption_count=0, score=13033.5, test/loss=0.126686, test/num_examples=95000000, total_duration=30511.7, train/loss=0.123438, validation/loss=0.124271, validation/num_examples=83274637
I0619 06:40:49.337829 140204551587584 logging_writer.py:48] [6937] global_step=6937, preemption_count=0, score=13390.5
I0619 06:40:57.401129 140385988838592 submission_runner.py:857] Final criteo1tb score: 13390.537105321884
