python submission_runner.py --framework=jax --workload=wmt --submission_path=submissions_algorithms/submissions/self_tuning/single_worker_diloco/submission.py --data_dir=/data/wmt --experiment_dir=/experiment_runs --experiment_name=submissions_a100/single_worker_diloco/study_0 --overwrite=True --save_checkpoints=False --rng_seed=1725284890 --tuning_ruleset=self 2>&1 | tee -a /logs/wmt_jax_06-12-2026-05-04-29.log
2026-06-12 05:04:45.071716: E external/local_xla/xla/stream_executor/cuda/cuda_fft.cc:467] Unable to register cuFFT factory: Attempting to register factory for plugin cuFFT when one has already been registered
WARNING: All log messages before absl::InitializeLog() is called are written to STDERR
E0000 00:00:1781240686.097831       9 cuda_dnn.cc:8579] Unable to register cuDNN factory: Attempting to register factory for plugin cuDNN when one has already been registered
E0000 00:00:1781240686.286507       9 cuda_blas.cc:1407] Unable to register cuBLAS factory: Attempting to register factory for plugin cuBLAS when one has already been registered
W0000 00:00:1781240688.394816       9 computation_placer.cc:177] computation placer already registered. Please check linkage and avoid linking the same target more than once.
W0000 00:00:1781240688.394859       9 computation_placer.cc:177] computation placer already registered. Please check linkage and avoid linking the same target more than once.
W0000 00:00:1781240688.394862       9 computation_placer.cc:177] computation placer already registered. Please check linkage and avoid linking the same target more than once.
W0000 00:00:1781240688.394864       9 computation_placer.cc:177] computation placer already registered. Please check linkage and avoid linking the same target more than once.
/usr/local/lib/python3.11/site-packages/torch/__init__.py:1617: UserWarning: Please use the new API settings to control TF32 behavior, such as torch.backends.cudnn.conv.fp32_precision = 'tf32' or torch.backends.cuda.matmul.fp32_precision = 'ieee'. Old settings, e.g, torch.backends.cuda.matmul.allow_tf32 = True, torch.backends.cudnn.allow_tf32 = True, allowTF32CuDNN() and allowTF32CuBLAS() will be deprecated after Pytorch 2.9. Please see https://pytorch.org/docs/main/notes/cuda.html#tensorfloat-32-tf32-on-ampere-and-later-devices (Triggered internally at /pytorch/aten/src/ATen/Context.cpp:80.)
  _C._set_float32_matmul_precision(precision)
/usr/local/lib/python3.11/site-packages/pydantic/_internal/_generate_schema.py:2249: UnsupportedFieldAttributeWarning: The 'repr' attribute with value False was provided to the `Field()` function, which has no effect in the context it was used. 'repr' is field-specific metadata, and can only be attached to a model field using `Annotated` metadata or by assignment. This may have happened because an `Annotated` type alias using the `type` statement was used, or if the `Field()` function was attached to a single member of a union type.
  warnings.warn(
/usr/local/lib/python3.11/site-packages/pydantic/_internal/_generate_schema.py:2249: UnsupportedFieldAttributeWarning: The 'frozen' attribute with value True was provided to the `Field()` function, which has no effect in the context it was used. 'frozen' is field-specific metadata, and can only be attached to a model field using `Annotated` metadata or by assignment. This may have happened because an `Annotated` type alias using the `type` statement was used, or if the `Field()` function was attached to a single member of a union type.
  warnings.warn(
INFO:2026-06-12 05:05:48,143:jax._src.xla_bridge:830: Unable to initialize backend 'tpu': INTERNAL: Failed to open libtpu.so: libtpu.so: cannot open shared object file: No such file or directory
I0612 05:05:48.143497 140515664585920 xla_bridge.py:830] Unable to initialize backend 'tpu': INTERNAL: Failed to open libtpu.so: libtpu.so: cannot open shared object file: No such file or directory
I0612 05:05:49.001367 140515664585920 logger_utils.py:84] Creating experiment directory at /experiment_runs/submissions_a100/single_worker_diloco/study_0/wmt_jax.
I0612 05:05:53.038962 140515664585920 submission_runner.py:741] Creating directory at /experiment_runs/submissions_a100/single_worker_diloco/study_0/wmt_jax/trial_1.
I0612 05:05:53.566764 140515664585920 submission_runner.py:242] Initializing dataset.
I0612 05:05:54.679582 140515664585920 dataset_info.py:707] Load dataset info from /data/wmt/wmt17_translate/de-en/1.0.0
I0612 05:05:54.712542 140515664585920 dataset_info.py:793] For 'wmt17_translate/de-en/1.0.0': fields info.[splits, supervised_keys] differ on disk and in the code. Keeping the one from code.
I0612 05:05:54.755834 140515664585920 reader.py:262] Creating a tf.data.Dataset reading 16 files located in folders: /data/wmt/wmt17_translate/de-en/1.0.0.
I0612 05:05:55.013901 140515664585920 logging_logger.py:49] Constructing tf.data.Dataset wmt17_translate for split train, from /data/wmt/wmt17_translate/de-en/1.0.0
I0612 05:05:57.491218 140515664585920 submission_runner.py:251] Initializing model.
I0612 05:06:43.286595 140515664585920 submission_runner.py:294] Initializing optimizer.
I0612 05:06:44.370887 140515664585920 submission_runner.py:299] Initializing metrics bundle.
I0612 05:06:44.371166 140515664585920 submission_runner.py:321] Initializing checkpoint and logger.
I0612 05:06:44.381653 140515664585920 checkpoints.py:1098] Found no checkpoint files in /experiment_runs/submissions_a100/single_worker_diloco/study_0/wmt_jax/trial_1 with prefix checkpoint_
I0612 05:06:44.381814 140515664585920 submission_runner.py:344] Saving meta data to /experiment_runs/submissions_a100/single_worker_diloco/study_0/wmt_jax/trial_1/meta_data_0.json.
I0612 05:06:44.382108 140515664585920 logger_utils.py:283] Unable to record workload.train_mean information. Continuing without it.
I0612 05:06:44.382176 140515664585920 logger_utils.py:283] Unable to record workload.train_stddev information. Continuing without it.
I0612 05:06:44.884011 140515664585920 submission_runner.py:348] Saving flags to /experiment_runs/submissions_a100/single_worker_diloco/study_0/wmt_jax/trial_1/flags_0.json.
I0612 05:06:44.904014 140515664585920 submission_runner.py:359] Starting training loop.
I0612 05:07:44.532099 140515664585920 spec.py:333] Evaluating on the training split.
I0612 05:07:44.534603 140515664585920 dataset_info.py:707] Load dataset info from /data/wmt/wmt17_translate/de-en/1.0.0
I0612 05:07:44.536833 140515664585920 dataset_info.py:793] For 'wmt17_translate/de-en/1.0.0': fields info.[splits, supervised_keys] differ on disk and in the code. Keeping the one from code.
I0612 05:07:44.538053 140515664585920 reader.py:262] Creating a tf.data.Dataset reading 16 files located in folders: /data/wmt/wmt17_translate/de-en/1.0.0.
I0612 05:07:44.577577 140515664585920 logging_logger.py:49] Constructing tf.data.Dataset wmt17_translate for split train, from /data/wmt/wmt17_translate/de-en/1.0.0
I0612 05:07:53.383801 140515664585920 workload.py:200] Translating evaluation dataset.
I0612 05:13:01.573343 140515664585920 spec.py:346] Evaluating on the validation split.
I0612 05:13:01.603014 140515664585920 dataset_info.py:707] Load dataset info from /data/wmt/wmt14_translate/de-en/1.0.0
I0612 05:13:01.616255 140515664585920 dataset_info.py:793] For 'wmt14_translate/de-en/1.0.0': fields info.[splits, supervised_keys] differ on disk and in the code. Keeping the one from code.
I0612 05:13:01.617134 140515664585920 reader.py:262] Creating a tf.data.Dataset reading 1 files located in folders: /data/wmt/wmt14_translate/de-en/1.0.0.
I0612 05:13:01.656071 140515664585920 logging_logger.py:49] Constructing tf.data.Dataset wmt14_translate for split validation, from /data/wmt/wmt14_translate/de-en/1.0.0
I0612 05:13:09.657744 140515664585920 workload.py:200] Translating evaluation dataset.
I0612 05:18:08.480746 140515664585920 spec.py:363] Evaluating on the test split.
I0612 05:18:08.483840 140515664585920 dataset_info.py:707] Load dataset info from /data/wmt/wmt14_translate/de-en/1.0.0
I0612 05:18:08.486089 140515664585920 dataset_info.py:793] For 'wmt14_translate/de-en/1.0.0': fields info.[splits, supervised_keys] differ on disk and in the code. Keeping the one from code.
I0612 05:18:08.487018 140515664585920 reader.py:262] Creating a tf.data.Dataset reading 1 files located in folders: /data/wmt/wmt14_translate/de-en/1.0.0.
I0612 05:18:08.526224 140515664585920 logging_logger.py:49] Constructing tf.data.Dataset wmt14_translate for split test, from /data/wmt/wmt14_translate/de-en/1.0.0
I0612 05:18:09.992031 140515664585920 workload.py:200] Translating evaluation dataset.
I0612 05:23:07.535608 140515664585920 submission_runner.py:516] Time since start: 982.63s, 	Step: 1, 	{'train/accuracy': 0.0006677488563582301, 'train/loss': 11.020485877990723, 'train/bleu': 0.0, 'validation/accuracy': 0.0004835649742744863, 'validation/loss': 11.04031753540039, 'validation/bleu': 0.0, 'validation/num_examples': 3000, 'test/accuracy': 0.0007088489946909249, 'test/loss': 11.03491497039795, 'test/bleu': 0.0, 'test/num_examples': 3003, 'score': 59.6278817653656, 'total_duration': 982.6314930915833, 'accumulated_submission_time': 59.6278817653656, 'accumulated_eval_time': 923.0034399032593, 'accumulated_logging_time': 0}
I0612 05:23:07.735040 140350848288512 logging_writer.py:48] [1] accumulated_eval_time=923.003, accumulated_logging_time=0, accumulated_submission_time=59.6279, global_step=1, preemption_count=0, score=59.6279, test/accuracy=0.000708849, test/bleu=0, test/loss=11.0349, test/num_examples=3003, total_duration=982.631, train/accuracy=0.000667749, train/bleu=0, train/loss=11.0205, validation/accuracy=0.000483565, validation/bleu=0, validation/loss=11.0403, validation/num_examples=3000
I0612 05:33:52.011007 140515664585920 spec.py:333] Evaluating on the training split.
I0612 05:33:53.335708 140515664585920 workload.py:200] Translating evaluation dataset.
I0612 05:36:57.294635 140515664585920 spec.py:346] Evaluating on the validation split.
I0612 05:36:58.620083 140515664585920 workload.py:200] Translating evaluation dataset.
I0612 05:39:55.458295 140515664585920 spec.py:363] Evaluating on the test split.
I0612 05:39:56.785798 140515664585920 workload.py:200] Translating evaluation dataset.
I0612 05:42:42.667450 140515664585920 submission_runner.py:516] Time since start: 2157.76s, 	Step: 4157, 	{'train/accuracy': 0.5754009485244751, 'train/loss': 2.2796850204467773, 'train/bleu': 26.7897150202836, 'validation/accuracy': 0.5805135369300842, 'validation/loss': 2.2259459495544434, 'validation/bleu': 22.67079768360057, 'validation/num_examples': 3000, 'test/accuracy': 0.5843240022659302, 'test/loss': 2.226853847503662, 'test/bleu': 21.362334750466538, 'test/num_examples': 3003, 'score': 703.6324298381805, 'total_duration': 2157.763338327408, 'accumulated_submission_time': 703.6324298381805, 'accumulated_eval_time': 1453.6598098278046, 'accumulated_logging_time': 0.4406452178955078}
I0612 05:42:42.712715 140350990964480 logging_writer.py:48] [4157] accumulated_eval_time=1453.66, accumulated_logging_time=0.440645, accumulated_submission_time=703.632, global_step=4157, preemption_count=0, score=703.632, test/accuracy=0.584324, test/bleu=21.3623, test/loss=2.22685, test/num_examples=3003, total_duration=2157.76, train/accuracy=0.575401, train/bleu=26.7897, train/loss=2.27969, validation/accuracy=0.580514, validation/bleu=22.6708, validation/loss=2.22595, validation/num_examples=3000
I0612 05:53:27.135228 140515664585920 spec.py:333] Evaluating on the training split.
I0612 05:53:28.437016 140515664585920 workload.py:200] Translating evaluation dataset.
I0612 05:56:36.122213 140515664585920 spec.py:346] Evaluating on the validation split.
I0612 05:56:37.437351 140515664585920 workload.py:200] Translating evaluation dataset.
I0612 05:59:26.446776 140515664585920 spec.py:363] Evaluating on the test split.
I0612 05:59:27.745622 140515664585920 workload.py:200] Translating evaluation dataset.
I0612 06:02:07.020725 140515664585920 submission_runner.py:516] Time since start: 3322.12s, 	Step: 8735, 	{'train/accuracy': 0.6103044748306274, 'train/loss': 1.9820140600204468, 'train/bleu': 29.045621161383778, 'validation/accuracy': 0.6266506314277649, 'validation/loss': 1.860647201538086, 'validation/bleu': 25.851565515769558, 'validation/num_examples': 3000, 'test/accuracy': 0.632769763469696, 'test/loss': 1.8261330127716064, 'test/bleu': 25.138672374208742, 'test/num_examples': 3003, 'score': 1348.012239933014, 'total_duration': 3322.1165475845337, 'accumulated_submission_time': 1348.012239933014, 'accumulated_eval_time': 1973.545161485672, 'accumulated_logging_time': 0.4953742027282715}
I0612 06:02:07.064593 140357685524224 logging_writer.py:48] [8735] accumulated_eval_time=1973.55, accumulated_logging_time=0.495374, accumulated_submission_time=1348.01, global_step=8735, preemption_count=0, score=1348.01, test/accuracy=0.63277, test/bleu=25.1387, test/loss=1.82613, test/num_examples=3003, total_duration=3322.12, train/accuracy=0.610304, train/bleu=29.0456, train/loss=1.98201, validation/accuracy=0.626651, validation/bleu=25.8516, validation/loss=1.86065, validation/num_examples=3000
I0612 06:12:51.387863 140515664585920 spec.py:333] Evaluating on the training split.
I0612 06:12:52.682281 140515664585920 workload.py:200] Translating evaluation dataset.
I0612 06:16:03.399385 140515664585920 spec.py:346] Evaluating on the validation split.
I0612 06:16:04.726751 140515664585920 workload.py:200] Translating evaluation dataset.
I0612 06:19:02.356508 140515664585920 spec.py:363] Evaluating on the test split.
I0612 06:19:03.664571 140515664585920 workload.py:200] Translating evaluation dataset.
I0612 06:21:47.112342 140515664585920 submission_runner.py:516] Time since start: 4502.21s, 	Step: 13307, 	{'train/accuracy': 0.6290732026100159, 'train/loss': 1.837629795074463, 'train/bleu': 30.565331171283184, 'validation/accuracy': 0.6378222107887268, 'validation/loss': 1.7765558958053589, 'validation/bleu': 26.854116653613612, 'validation/num_examples': 3000, 'test/accuracy': 0.6457033157348633, 'test/loss': 1.7295376062393188, 'test/bleu': 25.966746290363417, 'test/num_examples': 3003, 'score': 1992.2928507328033, 'total_duration': 4502.208225011826, 'accumulated_submission_time': 1992.2928507328033, 'accumulated_eval_time': 2509.269559621811, 'accumulated_logging_time': 0.5488643646240234}
I0612 06:21:47.155535 140357651953408 logging_writer.py:48] [13307] accumulated_eval_time=2509.27, accumulated_logging_time=0.548864, accumulated_submission_time=1992.29, global_step=13307, preemption_count=0, score=1992.29, test/accuracy=0.645703, test/bleu=25.9667, test/loss=1.72954, test/num_examples=3003, total_duration=4502.21, train/accuracy=0.629073, train/bleu=30.5653, train/loss=1.83763, validation/accuracy=0.637822, validation/bleu=26.8541, validation/loss=1.77656, validation/num_examples=3000
I0612 06:32:31.560205 140515664585920 spec.py:333] Evaluating on the training split.
I0612 06:32:32.836187 140515664585920 workload.py:200] Translating evaluation dataset.
I0612 06:35:53.822588 140515664585920 spec.py:346] Evaluating on the validation split.
I0612 06:35:55.139888 140515664585920 workload.py:200] Translating evaluation dataset.
I0612 06:39:01.344754 140515664585920 spec.py:363] Evaluating on the test split.
I0612 06:39:02.642998 140515664585920 workload.py:200] Translating evaluation dataset.
I0612 06:41:53.680501 140515664585920 submission_runner.py:516] Time since start: 5708.78s, 	Step: 17889, 	{'train/accuracy': 0.6256868839263916, 'train/loss': 1.878718614578247, 'train/bleu': 30.72258001419682, 'validation/accuracy': 0.6445797085762024, 'validation/loss': 1.7340185642242432, 'validation/bleu': 27.05060173316113, 'validation/num_examples': 3000, 'test/accuracy': 0.6564406752586365, 'test/loss': 1.679040551185608, 'test/bleu': 26.7414718027657, 'test/num_examples': 3003, 'score': 2636.654814720154, 'total_duration': 5708.776314973831, 'accumulated_submission_time': 2636.654814720154, 'accumulated_eval_time': 3071.389705657959, 'accumulated_logging_time': 0.6018481254577637}
I0612 06:41:53.725461 140357651953408 logging_writer.py:48] [17889] accumulated_eval_time=3071.39, accumulated_logging_time=0.601848, accumulated_submission_time=2636.65, global_step=17889, preemption_count=0, score=2636.65, test/accuracy=0.656441, test/bleu=26.7415, test/loss=1.67904, test/num_examples=3003, total_duration=5708.78, train/accuracy=0.625687, train/bleu=30.7226, train/loss=1.87872, validation/accuracy=0.64458, validation/bleu=27.0506, validation/loss=1.73402, validation/num_examples=3000
I0612 06:52:38.120431 140515664585920 spec.py:333] Evaluating on the training split.
I0612 06:52:39.413014 140515664585920 workload.py:200] Translating evaluation dataset.
I0612 06:55:35.183653 140515664585920 spec.py:346] Evaluating on the validation split.
I0612 06:55:36.510664 140515664585920 workload.py:200] Translating evaluation dataset.
I0612 06:58:25.681913 140515664585920 spec.py:363] Evaluating on the test split.
I0612 06:58:26.980720 140515664585920 workload.py:200] Translating evaluation dataset.
I0612 07:01:18.189958 140515664585920 submission_runner.py:516] Time since start: 6873.29s, 	Step: 22463, 	{'train/accuracy': 0.6303303837776184, 'train/loss': 1.8485690355300903, 'train/bleu': 30.771915428553196, 'validation/accuracy': 0.647753894329071, 'validation/loss': 1.7160789966583252, 'validation/bleu': 27.635087505353262, 'validation/num_examples': 3000, 'test/accuracy': 0.6576027274131775, 'test/loss': 1.6620464324951172, 'test/bleu': 26.76068471961282, 'test/num_examples': 3003, 'score': 3281.007829427719, 'total_duration': 6873.285848379135, 'accumulated_submission_time': 3281.007829427719, 'accumulated_eval_time': 3591.4591534137726, 'accumulated_logging_time': 0.6562323570251465}
I0612 07:01:18.233053 140357643560704 logging_writer.py:48] [22463] accumulated_eval_time=3591.46, accumulated_logging_time=0.656232, accumulated_submission_time=3281.01, global_step=22463, preemption_count=0, score=3281.01, test/accuracy=0.657603, test/bleu=26.7607, test/loss=1.66205, test/num_examples=3003, total_duration=6873.29, train/accuracy=0.63033, train/bleu=30.7719, train/loss=1.84857, validation/accuracy=0.647754, validation/bleu=27.6351, validation/loss=1.71608, validation/num_examples=3000
I0612 07:12:02.557840 140515664585920 spec.py:333] Evaluating on the training split.
I0612 07:12:03.834907 140515664585920 workload.py:200] Translating evaluation dataset.
I0612 07:16:15.005723 140515664585920 spec.py:346] Evaluating on the validation split.
I0612 07:16:16.326272 140515664585920 workload.py:200] Translating evaluation dataset.
I0612 07:19:20.739825 140515664585920 spec.py:363] Evaluating on the test split.
I0612 07:19:22.020864 140515664585920 workload.py:200] Translating evaluation dataset.
I0612 07:22:28.300477 140515664585920 submission_runner.py:516] Time since start: 8143.40s, 	Step: 27047, 	{'train/accuracy': 0.6287699937820435, 'train/loss': 1.8551349639892578, 'train/bleu': 30.18414564926742, 'validation/accuracy': 0.6440465450286865, 'validation/loss': 1.7400684356689453, 'validation/bleu': 26.824661869922974, 'validation/num_examples': 3000, 'test/accuracy': 0.6521992087364197, 'test/loss': 1.6992226839065552, 'test/bleu': 26.325254347789745, 'test/num_examples': 3003, 'score': 3925.2906279563904, 'total_duration': 8143.39635515213, 'accumulated_submission_time': 3925.2906279563904, 'accumulated_eval_time': 4217.201701402664, 'accumulated_logging_time': 0.7087810039520264}
I0612 07:22:28.343011 140357685524224 logging_writer.py:48] [27047] accumulated_eval_time=4217.2, accumulated_logging_time=0.708781, accumulated_submission_time=3925.29, global_step=27047, preemption_count=0, score=3925.29, test/accuracy=0.652199, test/bleu=26.3253, test/loss=1.69922, test/num_examples=3003, total_duration=8143.4, train/accuracy=0.62877, train/bleu=30.1841, train/loss=1.85513, validation/accuracy=0.644047, validation/bleu=26.8247, validation/loss=1.74007, validation/num_examples=3000
I0612 07:33:12.666466 140515664585920 spec.py:333] Evaluating on the training split.
I0612 07:33:13.943577 140515664585920 workload.py:200] Translating evaluation dataset.
I0612 07:37:06.071473 140515664585920 spec.py:346] Evaluating on the validation split.
I0612 07:37:07.384620 140515664585920 workload.py:200] Translating evaluation dataset.
I0612 07:40:41.470033 140515664585920 spec.py:363] Evaluating on the test split.
I0612 07:40:42.769171 140515664585920 workload.py:200] Translating evaluation dataset.
I0612 07:43:48.755596 140515664585920 submission_runner.py:516] Time since start: 9423.85s, 	Step: 31625, 	{'train/accuracy': 0.6567061543464661, 'train/loss': 1.6629531383514404, 'train/bleu': 32.396077238804466, 'validation/accuracy': 0.6522175669670105, 'validation/loss': 1.683660864830017, 'validation/bleu': 27.620543328068404, 'validation/num_examples': 3000, 'test/accuracy': 0.6621695756912231, 'test/loss': 1.6281691789627075, 'test/bleu': 27.40021004696986, 'test/num_examples': 3003, 'score': 4569.570827722549, 'total_duration': 9423.851466178894, 'accumulated_submission_time': 4569.570827722549, 'accumulated_eval_time': 4853.29073548317, 'accumulated_logging_time': 0.7610211372375488}
I0612 07:43:48.801724 140357585073920 logging_writer.py:48] [31625] accumulated_eval_time=4853.29, accumulated_logging_time=0.761021, accumulated_submission_time=4569.57, global_step=31625, preemption_count=0, score=4569.57, test/accuracy=0.66217, test/bleu=27.4002, test/loss=1.62817, test/num_examples=3003, total_duration=9423.85, train/accuracy=0.656706, train/bleu=32.3961, train/loss=1.66295, validation/accuracy=0.652218, validation/bleu=27.6205, validation/loss=1.68366, validation/num_examples=3000
I0612 07:54:33.230851 140515664585920 spec.py:333] Evaluating on the training split.
I0612 07:54:34.513936 140515664585920 workload.py:200] Translating evaluation dataset.
I0612 07:58:21.559833 140515664585920 spec.py:346] Evaluating on the validation split.
I0612 07:58:22.869423 140515664585920 workload.py:200] Translating evaluation dataset.
I0612 08:01:37.550430 140515664585920 spec.py:363] Evaluating on the test split.
I0612 08:01:38.831219 140515664585920 workload.py:200] Translating evaluation dataset.
I0612 08:04:47.272903 140515664585920 submission_runner.py:516] Time since start: 10682.37s, 	Step: 36205, 	{'train/accuracy': 0.6374338269233704, 'train/loss': 1.7975497245788574, 'train/bleu': 31.131101514710032, 'validation/accuracy': 0.6553173661231995, 'validation/loss': 1.6638776063919067, 'validation/bleu': 28.09721086184058, 'validation/num_examples': 3000, 'test/accuracy': 0.6674103736877441, 'test/loss': 1.6081156730651855, 'test/bleu': 27.52262206421287, 'test/num_examples': 3003, 'score': 5213.957438707352, 'total_duration': 10682.36876821518, 'accumulated_submission_time': 5213.957438707352, 'accumulated_eval_time': 5467.33269238472, 'accumulated_logging_time': 0.8165779113769531}
I0612 08:04:47.314602 140357685524224 logging_writer.py:48] [36205] accumulated_eval_time=5467.33, accumulated_logging_time=0.816578, accumulated_submission_time=5213.96, global_step=36205, preemption_count=0, score=5213.96, test/accuracy=0.66741, test/bleu=27.5226, test/loss=1.60812, test/num_examples=3003, total_duration=10682.4, train/accuracy=0.637434, train/bleu=31.1311, train/loss=1.79755, validation/accuracy=0.655317, validation/bleu=28.0972, validation/loss=1.66388, validation/num_examples=3000
I0612 08:15:31.741140 140515664585920 spec.py:333] Evaluating on the training split.
I0612 08:15:33.017695 140515664585920 workload.py:200] Translating evaluation dataset.
I0612 08:19:48.670872 140515664585920 spec.py:346] Evaluating on the validation split.
I0612 08:19:49.976402 140515664585920 workload.py:200] Translating evaluation dataset.
I0612 08:23:03.911633 140515664585920 spec.py:363] Evaluating on the test split.
I0612 08:23:05.188848 140515664585920 workload.py:200] Translating evaluation dataset.
I0612 08:26:00.274354 140515664585920 submission_runner.py:516] Time since start: 11955.37s, 	Step: 40790, 	{'train/accuracy': 0.641286313533783, 'train/loss': 1.7808250188827515, 'train/bleu': 31.782996997067304, 'validation/accuracy': 0.6579087376594543, 'validation/loss': 1.6466859579086304, 'validation/bleu': 27.783125870158752, 'validation/num_examples': 3000, 'test/accuracy': 0.6697925925254822, 'test/loss': 1.5863864421844482, 'test/bleu': 28.03487742577906, 'test/num_examples': 3003, 'score': 5858.340961694717, 'total_duration': 11955.370168685913, 'accumulated_submission_time': 5858.340961694717, 'accumulated_eval_time': 6095.865753889084, 'accumulated_logging_time': 0.8679890632629395}
I0612 08:26:00.329655 140357559895808 logging_writer.py:48] [40790] accumulated_eval_time=6095.87, accumulated_logging_time=0.867989, accumulated_submission_time=5858.34, global_step=40790, preemption_count=0, score=5858.34, test/accuracy=0.669793, test/bleu=28.0349, test/loss=1.58639, test/num_examples=3003, total_duration=11955.4, train/accuracy=0.641286, train/bleu=31.783, train/loss=1.78083, validation/accuracy=0.657909, validation/bleu=27.7831, validation/loss=1.64669, validation/num_examples=3000
I0612 08:36:44.735327 140515664585920 spec.py:333] Evaluating on the training split.
I0612 08:36:46.010991 140515664585920 workload.py:200] Translating evaluation dataset.
I0612 08:40:13.885559 140515664585920 spec.py:346] Evaluating on the validation split.
I0612 08:40:15.193965 140515664585920 workload.py:200] Translating evaluation dataset.
I0612 08:43:18.876898 140515664585920 spec.py:363] Evaluating on the test split.
I0612 08:43:20.156262 140515664585920 workload.py:200] Translating evaluation dataset.
I0612 08:46:48.299971 140515664585920 submission_runner.py:516] Time since start: 13203.40s, 	Step: 45365, 	{'train/accuracy': 0.6457013487815857, 'train/loss': 1.7326321601867676, 'train/bleu': 31.54024204393564, 'validation/accuracy': 0.6593222618103027, 'validation/loss': 1.6324607133865356, 'validation/bleu': 28.266911732788564, 'validation/num_examples': 3000, 'test/accuracy': 0.6693394184112549, 'test/loss': 1.5800411701202393, 'test/bleu': 27.504114756053614, 'test/num_examples': 3003, 'score': 6502.704013586044, 'total_duration': 13203.395784139633, 'accumulated_submission_time': 6502.704013586044, 'accumulated_eval_time': 6699.430242300034, 'accumulated_logging_time': 0.9328362941741943}
I0612 08:46:48.342982 140350923822848 logging_writer.py:48] [45365] accumulated_eval_time=6699.43, accumulated_logging_time=0.932836, accumulated_submission_time=6502.7, global_step=45365, preemption_count=0, score=6502.7, test/accuracy=0.669339, test/bleu=27.5041, test/loss=1.58004, test/num_examples=3003, total_duration=13203.4, train/accuracy=0.645701, train/bleu=31.5402, train/loss=1.73263, validation/accuracy=0.659322, validation/bleu=28.2669, validation/loss=1.63246, validation/num_examples=3000
I0612 08:57:33.503384 140515664585920 spec.py:333] Evaluating on the training split.
I0612 08:57:34.786361 140515664585920 workload.py:200] Translating evaluation dataset.
I0612 09:00:57.256533 140515664585920 spec.py:346] Evaluating on the validation split.
I0612 09:00:58.563004 140515664585920 workload.py:200] Translating evaluation dataset.
I0612 09:04:29.543777 140515664585920 spec.py:363] Evaluating on the test split.
I0612 09:04:30.839172 140515664585920 workload.py:200] Translating evaluation dataset.
I0612 09:07:37.513921 140515664585920 submission_runner.py:516] Time since start: 14452.61s, 	Step: 49950, 	{'train/accuracy': 0.6393459439277649, 'train/loss': 1.7841706275939941, 'train/bleu': 31.795079428435386, 'validation/accuracy': 0.6605745553970337, 'validation/loss': 1.6173502206802368, 'validation/bleu': 28.507141875330273, 'validation/num_examples': 3000, 'test/accuracy': 0.6746383309364319, 'test/loss': 1.5538132190704346, 'test/bleu': 28.212771962086485, 'test/num_examples': 3003, 'score': 7147.821045637131, 'total_duration': 14452.609799146652, 'accumulated_submission_time': 7147.821045637131, 'accumulated_eval_time': 7303.440690279007, 'accumulated_logging_time': 0.9855813980102539}
I0612 09:07:37.556533 140350949000960 logging_writer.py:48] [49950] accumulated_eval_time=7303.44, accumulated_logging_time=0.985581, accumulated_submission_time=7147.82, global_step=49950, preemption_count=0, score=7147.82, test/accuracy=0.674638, test/bleu=28.2128, test/loss=1.55381, test/num_examples=3003, total_duration=14452.6, train/accuracy=0.639346, train/bleu=31.7951, train/loss=1.78417, validation/accuracy=0.660575, validation/bleu=28.5071, validation/loss=1.61735, validation/num_examples=3000
I0612 09:18:21.885118 140515664585920 spec.py:333] Evaluating on the training split.
I0612 09:18:23.169255 140515664585920 workload.py:200] Translating evaluation dataset.
I0612 09:21:55.060571 140515664585920 spec.py:346] Evaluating on the validation split.
I0612 09:21:56.362936 140515664585920 workload.py:200] Translating evaluation dataset.
I0612 09:24:53.373934 140515664585920 spec.py:363] Evaluating on the test split.
I0612 09:24:54.654057 140515664585920 workload.py:200] Translating evaluation dataset.
I0612 09:28:04.569928 140515664585920 submission_runner.py:516] Time since start: 15679.67s, 	Step: 54539, 	{'train/accuracy': 0.6443572044372559, 'train/loss': 1.7509900331497192, 'train/bleu': 31.853711823917457, 'validation/accuracy': 0.6632651686668396, 'validation/loss': 1.6096111536026, 'validation/bleu': 28.53579906515844, 'validation/num_examples': 3000, 'test/accuracy': 0.6743478178977966, 'test/loss': 1.554673671722412, 'test/bleu': 28.15835901777692, 'test/num_examples': 3003, 'score': 7792.105893611908, 'total_duration': 15679.665807247162, 'accumulated_submission_time': 7792.105893611908, 'accumulated_eval_time': 7886.125412940979, 'accumulated_logging_time': 1.0376815795898438}
I0612 09:28:04.612611 140357559895808 logging_writer.py:48] [54539] accumulated_eval_time=7886.13, accumulated_logging_time=1.03768, accumulated_submission_time=7792.11, global_step=54539, preemption_count=0, score=7792.11, test/accuracy=0.674348, test/bleu=28.1584, test/loss=1.55467, test/num_examples=3003, total_duration=15679.7, train/accuracy=0.644357, train/bleu=31.8537, train/loss=1.75099, validation/accuracy=0.663265, validation/bleu=28.5358, validation/loss=1.60961, validation/num_examples=3000
I0612 09:38:48.969077 140515664585920 spec.py:333] Evaluating on the training split.
I0612 09:38:50.250626 140515664585920 workload.py:200] Translating evaluation dataset.
I0612 09:42:41.673256 140515664585920 spec.py:346] Evaluating on the validation split.
I0612 09:42:42.986295 140515664585920 workload.py:200] Translating evaluation dataset.
I0612 09:45:55.830098 140515664585920 spec.py:363] Evaluating on the test split.
I0612 09:45:57.108072 140515664585920 workload.py:200] Translating evaluation dataset.
I0612 09:49:30.728862 140515664585920 submission_runner.py:516] Time since start: 16965.82s, 	Step: 59126, 	{'train/accuracy': 0.6495153307914734, 'train/loss': 1.7147547006607056, 'train/bleu': 32.09745599466412, 'validation/accuracy': 0.6659557819366455, 'validation/loss': 1.5941648483276367, 'validation/bleu': 28.82364619288301, 'validation/num_examples': 3000, 'test/accuracy': 0.6767649054527283, 'test/loss': 1.5374163389205933, 'test/bleu': 28.348837989520632, 'test/num_examples': 3003, 'score': 8436.418658018112, 'total_duration': 16965.82467842102, 'accumulated_submission_time': 8436.418658018112, 'accumulated_eval_time': 8527.885051488876, 'accumulated_logging_time': 1.0899407863616943}
I0612 09:49:30.771458 140357568288512 logging_writer.py:48] [59126] accumulated_eval_time=8527.89, accumulated_logging_time=1.08994, accumulated_submission_time=8436.42, global_step=59126, preemption_count=0, score=8436.42, test/accuracy=0.676765, test/bleu=28.3488, test/loss=1.53742, test/num_examples=3003, total_duration=16965.8, train/accuracy=0.649515, train/bleu=32.0975, train/loss=1.71475, validation/accuracy=0.665956, validation/bleu=28.8236, validation/loss=1.59416, validation/num_examples=3000
I0612 10:00:15.198661 140515664585920 spec.py:333] Evaluating on the training split.
I0612 10:00:16.476216 140515664585920 workload.py:200] Translating evaluation dataset.
I0612 10:03:37.229166 140515664585920 spec.py:346] Evaluating on the validation split.
I0612 10:03:38.550768 140515664585920 workload.py:200] Translating evaluation dataset.
I0612 10:06:43.247995 140515664585920 spec.py:363] Evaluating on the test split.
I0612 10:06:44.549991 140515664585920 workload.py:200] Translating evaluation dataset.
I0612 10:09:47.143706 140515664585920 submission_runner.py:516] Time since start: 18182.24s, 	Step: 63715, 	{'train/accuracy': 0.6603623628616333, 'train/loss': 1.6393840312957764, 'train/bleu': 32.43366559842272, 'validation/accuracy': 0.6680760383605957, 'validation/loss': 1.5876069068908691, 'validation/bleu': 28.751750324897206, 'validation/num_examples': 3000, 'test/accuracy': 0.680274248123169, 'test/loss': 1.5239676237106323, 'test/bleu': 28.619661254824003, 'test/num_examples': 3003, 'score': 9080.801433086395, 'total_duration': 18182.23957824707, 'accumulated_submission_time': 9080.801433086395, 'accumulated_eval_time': 9099.830009698868, 'accumulated_logging_time': 1.1421854496002197}
I0612 10:09:47.185230 140357568288512 logging_writer.py:48] [63715] accumulated_eval_time=9099.83, accumulated_logging_time=1.14219, accumulated_submission_time=9080.8, global_step=63715, preemption_count=0, score=9080.8, test/accuracy=0.680274, test/bleu=28.6197, test/loss=1.52397, test/num_examples=3003, total_duration=18182.2, train/accuracy=0.660362, train/bleu=32.4337, train/loss=1.63938, validation/accuracy=0.668076, validation/bleu=28.7518, validation/loss=1.58761, validation/num_examples=3000
I0612 10:20:31.344391 140515664585920 spec.py:333] Evaluating on the training split.
I0612 10:20:32.622518 140515664585920 workload.py:200] Translating evaluation dataset.
I0612 10:24:30.355592 140515664585920 spec.py:346] Evaluating on the validation split.
I0612 10:24:31.663303 140515664585920 workload.py:200] Translating evaluation dataset.
I0612 10:28:13.182316 140515664585920 spec.py:363] Evaluating on the test split.
I0612 10:28:14.455063 140515664585920 workload.py:200] Translating evaluation dataset.
I0612 10:31:52.575401 140515664585920 submission_runner.py:516] Time since start: 19507.67s, 	Step: 68300, 	{'train/accuracy': 0.6526474356651306, 'train/loss': 1.695664882659912, 'train/bleu': 32.1363575759427, 'validation/accuracy': 0.6694275140762329, 'validation/loss': 1.5744165182113647, 'validation/bleu': 28.72173216796609, 'validation/num_examples': 3000, 'test/accuracy': 0.6832607388496399, 'test/loss': 1.5080907344818115, 'test/bleu': 28.49708881071538, 'test/num_examples': 3003, 'score': 9724.916789770126, 'total_duration': 19507.671222925186, 'accumulated_submission_time': 9724.916789770126, 'accumulated_eval_time': 9781.060871362686, 'accumulated_logging_time': 1.1932191848754883}
I0612 10:31:52.622584 140357585073920 logging_writer.py:48] [68300] accumulated_eval_time=9781.06, accumulated_logging_time=1.19322, accumulated_submission_time=9724.92, global_step=68300, preemption_count=0, score=9724.92, test/accuracy=0.683261, test/bleu=28.4971, test/loss=1.50809, test/num_examples=3003, total_duration=19507.7, train/accuracy=0.652647, train/bleu=32.1364, train/loss=1.69566, validation/accuracy=0.669428, validation/bleu=28.7217, validation/loss=1.57442, validation/num_examples=3000
I0612 10:42:36.956304 140515664585920 spec.py:333] Evaluating on the training split.
I0612 10:42:38.234314 140515664585920 workload.py:200] Translating evaluation dataset.
I0612 10:46:37.730484 140515664585920 spec.py:346] Evaluating on the validation split.
I0612 10:46:39.031543 140515664585920 workload.py:200] Translating evaluation dataset.
I0612 10:49:53.398091 140515664585920 spec.py:363] Evaluating on the test split.
I0612 10:49:54.699041 140515664585920 workload.py:200] Translating evaluation dataset.
I0612 10:52:53.413813 140515664585920 submission_runner.py:516] Time since start: 20768.51s, 	Step: 72893, 	{'train/accuracy': 0.6577231287956238, 'train/loss': 1.674198865890503, 'train/bleu': 32.81134633084217, 'validation/accuracy': 0.6723536849021912, 'validation/loss': 1.5638456344604492, 'validation/bleu': 28.999187560949306, 'validation/num_examples': 3000, 'test/accuracy': 0.6855151057243347, 'test/loss': 1.493072748184204, 'test/bleu': 29.071452659196577, 'test/num_examples': 3003, 'score': 10369.206424474716, 'total_duration': 20768.509638547897, 'accumulated_submission_time': 10369.206424474716, 'accumulated_eval_time': 10397.518242835999, 'accumulated_logging_time': 1.2500412464141846}
I0612 10:52:53.456950 140357559895808 logging_writer.py:48] [72893] accumulated_eval_time=10397.5, accumulated_logging_time=1.25004, accumulated_submission_time=10369.2, global_step=72893, preemption_count=0, score=10369.2, test/accuracy=0.685515, test/bleu=29.0715, test/loss=1.49307, test/num_examples=3003, total_duration=20768.5, train/accuracy=0.657723, train/bleu=32.8113, train/loss=1.6742, validation/accuracy=0.672354, validation/bleu=28.9992, validation/loss=1.56385, validation/num_examples=3000
I0612 11:03:37.886126 140515664585920 spec.py:333] Evaluating on the training split.
I0612 11:03:39.162889 140515664585920 workload.py:200] Translating evaluation dataset.
I0612 11:07:43.108913 140515664585920 spec.py:346] Evaluating on the validation split.
I0612 11:07:44.429131 140515664585920 workload.py:200] Translating evaluation dataset.
I0612 11:10:55.800734 140515664585920 spec.py:363] Evaluating on the test split.
I0612 11:10:57.086788 140515664585920 workload.py:200] Translating evaluation dataset.
I0612 11:14:13.529523 140515664585920 submission_runner.py:516] Time since start: 22048.63s, 	Step: 77462, 	{'train/accuracy': 0.6639246940612793, 'train/loss': 1.6256260871887207, 'train/bleu': 32.76180036922905, 'validation/accuracy': 0.6726140975952148, 'validation/loss': 1.5534284114837646, 'validation/bleu': 29.197236246263273, 'validation/num_examples': 3000, 'test/accuracy': 0.6845505833625793, 'test/loss': 1.4887523651123047, 'test/bleu': 28.846708679154336, 'test/num_examples': 3003, 'score': 11013.591384887695, 'total_duration': 22048.625383615494, 'accumulated_submission_time': 11013.591384887695, 'accumulated_eval_time': 11033.16154050827, 'accumulated_logging_time': 1.3025763034820557}
I0612 11:14:13.573488 140357559895808 logging_writer.py:48] [77462] accumulated_eval_time=11033.2, accumulated_logging_time=1.30258, accumulated_submission_time=11013.6, global_step=77462, preemption_count=0, score=11013.6, test/accuracy=0.684551, test/bleu=28.8467, test/loss=1.48875, test/num_examples=3003, total_duration=22048.6, train/accuracy=0.663925, train/bleu=32.7618, train/loss=1.62563, validation/accuracy=0.672614, validation/bleu=29.1972, validation/loss=1.55343, validation/num_examples=3000
I0612 11:24:57.942802 140515664585920 spec.py:333] Evaluating on the training split.
I0612 11:24:59.232484 140515664585920 workload.py:200] Translating evaluation dataset.
I0612 11:28:33.653141 140515664585920 spec.py:346] Evaluating on the validation split.
I0612 11:28:34.957627 140515664585920 workload.py:200] Translating evaluation dataset.
I0612 11:31:48.870006 140515664585920 spec.py:363] Evaluating on the test split.
I0612 11:31:50.176532 140515664585920 workload.py:200] Translating evaluation dataset.
I0612 11:35:14.609584 140515664585920 submission_runner.py:516] Time since start: 23309.71s, 	Step: 82036, 	{'train/accuracy': 0.6789928674697876, 'train/loss': 1.538636565208435, 'train/bleu': 33.84582828452197, 'validation/accuracy': 0.6757262945175171, 'validation/loss': 1.547989845275879, 'validation/bleu': 29.549663162336753, 'validation/num_examples': 3000, 'test/accuracy': 0.6878392100334167, 'test/loss': 1.4797441959381104, 'test/bleu': 29.25453993088639, 'test/num_examples': 3003, 'score': 11657.915926218033, 'total_duration': 23309.705392599106, 'accumulated_submission_time': 11657.915926218033, 'accumulated_eval_time': 11649.828174114227, 'accumulated_logging_time': 1.3563871383666992}
I0612 11:35:14.656067 140357568288512 logging_writer.py:48] [82036] accumulated_eval_time=11649.8, accumulated_logging_time=1.35639, accumulated_submission_time=11657.9, global_step=82036, preemption_count=0, score=11657.9, test/accuracy=0.687839, test/bleu=29.2545, test/loss=1.47974, test/num_examples=3003, total_duration=23309.7, train/accuracy=0.678993, train/bleu=33.8458, train/loss=1.53864, validation/accuracy=0.675726, validation/bleu=29.5497, validation/loss=1.54799, validation/num_examples=3000
I0612 11:45:59.035613 140515664585920 spec.py:333] Evaluating on the training split.
I0612 11:46:00.319247 140515664585920 workload.py:200] Translating evaluation dataset.
I0612 11:49:54.307043 140515664585920 spec.py:346] Evaluating on the validation split.
I0612 11:49:55.634799 140515664585920 workload.py:200] Translating evaluation dataset.
I0612 11:52:56.188475 140515664585920 spec.py:363] Evaluating on the test split.
I0612 11:52:57.488863 140515664585920 workload.py:200] Translating evaluation dataset.
I0612 11:56:16.277604 140515664585920 submission_runner.py:516] Time since start: 24571.37s, 	Step: 86603, 	{'train/accuracy': 0.6686435341835022, 'train/loss': 1.606238842010498, 'train/bleu': 33.63878848276136, 'validation/accuracy': 0.6765570044517517, 'validation/loss': 1.5403690338134766, 'validation/bleu': 29.679908311596257, 'validation/num_examples': 3000, 'test/accuracy': 0.6896519660949707, 'test/loss': 1.475753903388977, 'test/bleu': 28.92535436621771, 'test/num_examples': 3003, 'score': 12302.250444173813, 'total_duration': 24571.373493909836, 'accumulated_submission_time': 12302.250444173813, 'accumulated_eval_time': 12267.070094347, 'accumulated_logging_time': 1.4127085208892822}
I0612 11:56:16.320293 140357585073920 logging_writer.py:48] [86603] accumulated_eval_time=12267.1, accumulated_logging_time=1.41271, accumulated_submission_time=12302.3, global_step=86603, preemption_count=0, score=12302.3, test/accuracy=0.689652, test/bleu=28.9254, test/loss=1.47575, test/num_examples=3003, total_duration=24571.4, train/accuracy=0.668644, train/bleu=33.6388, train/loss=1.60624, validation/accuracy=0.676557, validation/bleu=29.6799, validation/loss=1.54037, validation/num_examples=3000
I0612 12:07:00.670957 140515664585920 spec.py:333] Evaluating on the training split.
I0612 12:07:01.973597 140515664585920 workload.py:200] Translating evaluation dataset.
I0612 12:10:41.855100 140515664585920 spec.py:346] Evaluating on the validation split.
I0612 12:10:43.175775 140515664585920 workload.py:200] Translating evaluation dataset.
I0612 12:13:49.650267 140515664585920 spec.py:363] Evaluating on the test split.
I0612 12:13:50.953368 140515664585920 workload.py:200] Translating evaluation dataset.
I0612 12:16:39.865150 140515664585920 submission_runner.py:516] Time since start: 25794.96s, 	Step: 91177, 	{'train/accuracy': 0.676682710647583, 'train/loss': 1.5561256408691406, 'train/bleu': 33.93299392107065, 'validation/accuracy': 0.6783920526504517, 'validation/loss': 1.5334527492523193, 'validation/bleu': 29.52189807489049, 'validation/num_examples': 3000, 'test/accuracy': 0.693649411201477, 'test/loss': 1.4621667861938477, 'test/bleu': 29.672842168956677, 'test/num_examples': 3003, 'score': 12946.555746078491, 'total_duration': 25794.961026906967, 'accumulated_submission_time': 12946.555746078491, 'accumulated_eval_time': 12846.264200925827, 'accumulated_logging_time': 1.4655115604400635}
I0612 12:16:39.910144 140357568288512 logging_writer.py:48] [91177] accumulated_eval_time=12846.3, accumulated_logging_time=1.46551, accumulated_submission_time=12946.6, global_step=91177, preemption_count=0, score=12946.6, test/accuracy=0.693649, test/bleu=29.6728, test/loss=1.46217, test/num_examples=3003, total_duration=25795, train/accuracy=0.676683, train/bleu=33.933, train/loss=1.55613, validation/accuracy=0.678392, validation/bleu=29.5219, validation/loss=1.53345, validation/num_examples=3000
I0612 12:27:24.298603 140515664585920 spec.py:333] Evaluating on the training split.
I0612 12:27:25.583126 140515664585920 workload.py:200] Translating evaluation dataset.
I0612 12:31:03.446364 140515664585920 spec.py:346] Evaluating on the validation split.
I0612 12:31:04.763590 140515664585920 workload.py:200] Translating evaluation dataset.
I0612 12:34:04.817822 140515664585920 spec.py:363] Evaluating on the test split.
I0612 12:34:06.121513 140515664585920 workload.py:200] Translating evaluation dataset.
I0612 12:37:22.122949 140515664585920 submission_runner.py:516] Time since start: 27037.22s, 	Step: 95755, 	{'train/accuracy': 0.6874929070472717, 'train/loss': 1.502299189567566, 'train/bleu': 34.685509742444204, 'validation/accuracy': 0.678813636302948, 'validation/loss': 1.533273458480835, 'validation/bleu': 29.66650492920584, 'validation/num_examples': 3000, 'test/accuracy': 0.6940677762031555, 'test/loss': 1.4669897556304932, 'test/bleu': 29.510445585139095, 'test/num_examples': 3003, 'score': 13590.899871110916, 'total_duration': 27037.218824148178, 'accumulated_submission_time': 13590.899871110916, 'accumulated_eval_time': 13444.088463068008, 'accumulated_logging_time': 1.5201590061187744}
I0612 12:37:22.169656 140357568288512 logging_writer.py:48] [95755] accumulated_eval_time=13444.1, accumulated_logging_time=1.52016, accumulated_submission_time=13590.9, global_step=95755, preemption_count=0, score=13590.9, test/accuracy=0.694068, test/bleu=29.5104, test/loss=1.46699, test/num_examples=3003, total_duration=27037.2, train/accuracy=0.687493, train/bleu=34.6855, train/loss=1.5023, validation/accuracy=0.678814, validation/bleu=29.6665, validation/loss=1.53327, validation/num_examples=3000
I0612 12:48:06.598901 140515664585920 spec.py:333] Evaluating on the training split.
I0612 12:48:07.887781 140515664585920 workload.py:200] Translating evaluation dataset.
I0612 12:51:40.499177 140515664585920 spec.py:346] Evaluating on the validation split.
I0612 12:51:41.819407 140515664585920 workload.py:200] Translating evaluation dataset.
I0612 12:54:38.677241 140515664585920 spec.py:363] Evaluating on the test split.
I0612 12:54:39.987348 140515664585920 workload.py:200] Translating evaluation dataset.
I0612 12:57:36.431790 140515664585920 submission_runner.py:516] Time since start: 28251.53s, 	Step: 100337, 	{'train/accuracy': 0.7122659087181091, 'train/loss': 1.3794007301330566, 'train/bleu': 37.024268370393436, 'validation/accuracy': 0.6789748072624207, 'validation/loss': 1.5354716777801514, 'validation/bleu': 29.81253464976834, 'validation/num_examples': 3000, 'test/accuracy': 0.6954622268676758, 'test/loss': 1.4644079208374023, 'test/bleu': 29.54882231796373, 'test/num_examples': 3003, 'score': 14235.284102201462, 'total_duration': 28251.527653217316, 'accumulated_submission_time': 14235.284102201462, 'accumulated_eval_time': 14013.921257257462, 'accumulated_logging_time': 1.5767393112182617}
I0612 12:57:36.479536 140357559895808 logging_writer.py:48] [100337] accumulated_eval_time=14013.9, accumulated_logging_time=1.57674, accumulated_submission_time=14235.3, global_step=100337, preemption_count=0, score=14235.3, test/accuracy=0.695462, test/bleu=29.5488, test/loss=1.46441, test/num_examples=3003, total_duration=28251.5, train/accuracy=0.712266, train/bleu=37.0243, train/loss=1.3794, validation/accuracy=0.678975, validation/bleu=29.8125, validation/loss=1.53547, validation/num_examples=3000
I0612 13:08:20.854222 140515664585920 spec.py:333] Evaluating on the training split.
I0612 13:08:22.140683 140515664585920 workload.py:200] Translating evaluation dataset.
I0612 13:11:46.701815 140515664585920 spec.py:346] Evaluating on the validation split.
I0612 13:11:48.018764 140515664585920 workload.py:200] Translating evaluation dataset.
I0612 13:14:49.913410 140515664585920 spec.py:363] Evaluating on the test split.
I0612 13:14:51.234764 140515664585920 workload.py:200] Translating evaluation dataset.
I0612 13:17:43.640670 140515664585920 submission_runner.py:516] Time since start: 29458.74s, 	Step: 104911, 	{'train/accuracy': 0.6898482441902161, 'train/loss': 1.4958032369613647, 'train/bleu': 34.864074117342746, 'validation/accuracy': 0.6812562942504883, 'validation/loss': 1.5360655784606934, 'validation/bleu': 29.746322402016833, 'validation/num_examples': 3000, 'test/accuracy': 0.6969729065895081, 'test/loss': 1.4587862491607666, 'test/bleu': 29.801426107958136, 'test/num_examples': 3003, 'score': 14879.613136768341, 'total_duration': 29458.736538648605, 'accumulated_submission_time': 14879.613136768341, 'accumulated_eval_time': 14576.70763015747, 'accumulated_logging_time': 1.634345531463623}
I0612 13:17:43.683815 140357693916928 logging_writer.py:48] [104911] accumulated_eval_time=14576.7, accumulated_logging_time=1.63435, accumulated_submission_time=14879.6, global_step=104911, preemption_count=0, score=14879.6, test/accuracy=0.696973, test/bleu=29.8014, test/loss=1.45879, test/num_examples=3003, total_duration=29458.7, train/accuracy=0.689848, train/bleu=34.8641, train/loss=1.4958, validation/accuracy=0.681256, validation/bleu=29.7463, validation/loss=1.53607, validation/num_examples=3000
I0612 13:28:28.032775 140515664585920 spec.py:333] Evaluating on the training split.
I0612 13:28:29.325549 140515664585920 workload.py:200] Translating evaluation dataset.
I0612 13:31:49.088394 140515664585920 spec.py:346] Evaluating on the validation split.
I0612 13:31:50.397110 140515664585920 workload.py:200] Translating evaluation dataset.
I0612 13:34:49.279792 140515664585920 spec.py:363] Evaluating on the test split.
I0612 13:34:50.597363 140515664585920 workload.py:200] Translating evaluation dataset.
I0612 13:37:36.233892 140515664585920 submission_runner.py:516] Time since start: 30651.33s, 	Step: 109494, 	{'train/accuracy': 0.7033252120018005, 'train/loss': 1.426208257675171, 'train/bleu': 35.63072755816146, 'validation/accuracy': 0.6813430786132812, 'validation/loss': 1.5361664295196533, 'validation/bleu': 29.90781495383949, 'validation/num_examples': 3000, 'test/accuracy': 0.6973447203636169, 'test/loss': 1.461702823638916, 'test/bleu': 29.64150067486696, 'test/num_examples': 3003, 'score': 15523.916761636734, 'total_duration': 30651.329768180847, 'accumulated_submission_time': 15523.916761636734, 'accumulated_eval_time': 15124.90865778923, 'accumulated_logging_time': 1.6872968673706055}
I0612 13:37:36.279688 140357677131520 logging_writer.py:48] [109494] accumulated_eval_time=15124.9, accumulated_logging_time=1.6873, accumulated_submission_time=15523.9, global_step=109494, preemption_count=0, score=15523.9, test/accuracy=0.697345, test/bleu=29.6415, test/loss=1.4617, test/num_examples=3003, total_duration=30651.3, train/accuracy=0.703325, train/bleu=35.6307, train/loss=1.42621, validation/accuracy=0.681343, validation/bleu=29.9078, validation/loss=1.53617, validation/num_examples=3000
I0612 13:48:20.630658 140515664585920 spec.py:333] Evaluating on the training split.
I0612 13:48:21.911112 140515664585920 workload.py:200] Translating evaluation dataset.
I0612 13:51:36.293841 140515664585920 spec.py:346] Evaluating on the validation split.
I0612 13:51:37.615871 140515664585920 workload.py:200] Translating evaluation dataset.
I0612 13:54:35.919391 140515664585920 spec.py:363] Evaluating on the test split.
I0612 13:54:37.215266 140515664585920 workload.py:200] Translating evaluation dataset.
I0612 13:57:22.233249 140515664585920 submission_runner.py:516] Time since start: 31837.33s, 	Step: 114066, 	{'train/accuracy': 0.7107252478599548, 'train/loss': 1.3819571733474731, 'train/bleu': 36.727580060743776, 'validation/accuracy': 0.6826077699661255, 'validation/loss': 1.5383245944976807, 'validation/bleu': 30.164932083600597, 'validation/num_examples': 3000, 'test/accuracy': 0.6972750425338745, 'test/loss': 1.4628113508224487, 'test/bleu': 29.76597515950007, 'test/num_examples': 3003, 'score': 16168.221429347992, 'total_duration': 31837.329118728638, 'accumulated_submission_time': 16168.221429347992, 'accumulated_eval_time': 15666.511151790619, 'accumulated_logging_time': 1.742814302444458}
I0612 13:57:22.277471 140357585073920 logging_writer.py:48] [114066] accumulated_eval_time=15666.5, accumulated_logging_time=1.74281, accumulated_submission_time=16168.2, global_step=114066, preemption_count=0, score=16168.2, test/accuracy=0.697275, test/bleu=29.766, test/loss=1.46281, test/num_examples=3003, total_duration=31837.3, train/accuracy=0.710725, train/bleu=36.7276, train/loss=1.38196, validation/accuracy=0.682608, validation/bleu=30.1649, validation/loss=1.53832, validation/num_examples=3000
I0612 14:08:07.562052 140515664585920 spec.py:333] Evaluating on the training split.
I0612 14:08:08.854602 140515664585920 workload.py:200] Translating evaluation dataset.
I0612 14:11:30.161469 140515664585920 spec.py:346] Evaluating on the validation split.
I0612 14:11:31.495287 140515664585920 workload.py:200] Translating evaluation dataset.
I0612 14:14:24.436381 140515664585920 spec.py:363] Evaluating on the test split.
I0612 14:14:25.746297 140515664585920 workload.py:200] Translating evaluation dataset.
I0612 14:17:17.738362 140515664585920 submission_runner.py:516] Time since start: 33032.83s, 	Step: 118650, 	{'train/accuracy': 0.7133874297142029, 'train/loss': 1.374890685081482, 'train/bleu': 36.3087608222913, 'validation/accuracy': 0.6817398071289062, 'validation/loss': 1.539393424987793, 'validation/bleu': 30.12822358833752, 'validation/num_examples': 3000, 'test/accuracy': 0.697902500629425, 'test/loss': 1.4625662565231323, 'test/bleu': 29.87751692238075, 'test/num_examples': 3003, 'score': 16813.460253238678, 'total_duration': 33032.83423995972, 'accumulated_submission_time': 16813.460253238678, 'accumulated_eval_time': 16216.68739104271, 'accumulated_logging_time': 1.7969660758972168}
I0612 14:17:17.784178 140357568288512 logging_writer.py:48] [118650] accumulated_eval_time=16216.7, accumulated_logging_time=1.79697, accumulated_submission_time=16813.5, global_step=118650, preemption_count=0, score=16813.5, test/accuracy=0.697903, test/bleu=29.8775, test/loss=1.46257, test/num_examples=3003, total_duration=33032.8, train/accuracy=0.713387, train/bleu=36.3088, train/loss=1.37489, validation/accuracy=0.68174, validation/bleu=30.1282, validation/loss=1.53939, validation/num_examples=3000
I0612 14:28:02.197230 140515664585920 spec.py:333] Evaluating on the training split.
I0612 14:28:03.492812 140515664585920 workload.py:200] Translating evaluation dataset.
I0612 14:31:26.327318 140515664585920 spec.py:346] Evaluating on the validation split.
I0612 14:31:27.642249 140515664585920 workload.py:200] Translating evaluation dataset.
I0612 14:34:32.471017 140515664585920 spec.py:363] Evaluating on the test split.
I0612 14:34:33.769358 140515664585920 workload.py:200] Translating evaluation dataset.
I0612 14:37:39.056262 140515664585920 submission_runner.py:516] Time since start: 34254.15s, 	Step: 123234, 	{'train/accuracy': 0.7129086852073669, 'train/loss': 1.3755956888198853, 'train/bleu': 36.68226164394994, 'validation/accuracy': 0.6819506287574768, 'validation/loss': 1.539679765701294, 'validation/bleu': 30.050812049813175, 'validation/num_examples': 3000, 'test/accuracy': 0.6980303525924683, 'test/loss': 1.4630528688430786, 'test/bleu': 29.875262312498798, 'test/num_examples': 3003, 'score': 17457.828429222107, 'total_duration': 34254.152116537094, 'accumulated_submission_time': 17457.828429222107, 'accumulated_eval_time': 16793.54633331299, 'accumulated_logging_time': 1.852531909942627}
I0612 14:37:39.100183 140357668738816 logging_writer.py:48] [123234] accumulated_eval_time=16793.5, accumulated_logging_time=1.85253, accumulated_submission_time=17457.8, global_step=123234, preemption_count=0, score=17457.8, test/accuracy=0.69803, test/bleu=29.8753, test/loss=1.46305, test/num_examples=3003, total_duration=34254.2, train/accuracy=0.712909, train/bleu=36.6823, train/loss=1.3756, validation/accuracy=0.681951, validation/bleu=30.0508, validation/loss=1.53968, validation/num_examples=3000
I0612 14:48:23.435245 140515664585920 spec.py:333] Evaluating on the training split.
I0612 14:48:24.722302 140515664585920 workload.py:200] Translating evaluation dataset.
I0612 14:51:43.387369 140515664585920 spec.py:346] Evaluating on the validation split.
I0612 14:51:44.706856 140515664585920 workload.py:200] Translating evaluation dataset.
I0612 14:54:49.777105 140515664585920 spec.py:363] Evaluating on the test split.
I0612 14:54:51.105690 140515664585920 workload.py:200] Translating evaluation dataset.
I0612 14:57:56.788562 140515664585920 submission_runner.py:516] Time since start: 35471.88s, 	Step: 127811, 	{'train/accuracy': 0.7124490737915039, 'train/loss': 1.3807438611984253, 'train/bleu': 36.30342704909187, 'validation/accuracy': 0.6819506287574768, 'validation/loss': 1.539679765701294, 'validation/bleu': 30.050812049813175, 'validation/num_examples': 3000, 'test/accuracy': 0.6980303525924683, 'test/loss': 1.4630528688430786, 'test/bleu': 29.875262312498798, 'test/num_examples': 3003, 'score': 18102.118485212326, 'total_duration': 35471.884385585785, 'accumulated_submission_time': 18102.118485212326, 'accumulated_eval_time': 17366.899512052536, 'accumulated_logging_time': 1.9062292575836182}
I0612 14:57:56.837481 140357585073920 logging_writer.py:48] [127811] accumulated_eval_time=17366.9, accumulated_logging_time=1.90623, accumulated_submission_time=18102.1, global_step=127811, preemption_count=0, score=18102.1, test/accuracy=0.69803, test/bleu=29.8753, test/loss=1.46305, test/num_examples=3003, total_duration=35471.9, train/accuracy=0.712449, train/bleu=36.3034, train/loss=1.38074, validation/accuracy=0.681951, validation/bleu=30.0508, validation/loss=1.53968, validation/num_examples=3000
I0612 15:08:41.209082 140515664585920 spec.py:333] Evaluating on the training split.
I0612 15:08:42.492642 140515664585920 workload.py:200] Translating evaluation dataset.
I0612 15:12:00.862079 140515664585920 spec.py:346] Evaluating on the validation split.
I0612 15:12:02.173579 140515664585920 workload.py:200] Translating evaluation dataset.
I0612 15:15:06.850558 140515664585920 spec.py:363] Evaluating on the test split.
I0612 15:15:08.156366 140515664585920 workload.py:200] Translating evaluation dataset.
I0612 15:18:13.453577 140515664585920 submission_runner.py:516] Time since start: 36688.55s, 	Step: 132389, 	{'train/accuracy': 0.7100988626480103, 'train/loss': 1.393221139907837, 'train/bleu': 36.662356525742204, 'validation/accuracy': 0.6819506287574768, 'validation/loss': 1.539679765701294, 'validation/bleu': 30.050812049813175, 'validation/num_examples': 3000, 'test/accuracy': 0.6980303525924683, 'test/loss': 1.4630528688430786, 'test/bleu': 29.875262312498798, 'test/num_examples': 3003, 'score': 18746.445717334747, 'total_duration': 36688.54945087433, 'accumulated_submission_time': 18746.445717334747, 'accumulated_eval_time': 17939.143930912018, 'accumulated_logging_time': 1.9644780158996582}
I0612 15:18:13.499576 140357568288512 logging_writer.py:48] [132389] accumulated_eval_time=17939.1, accumulated_logging_time=1.96448, accumulated_submission_time=18746.4, global_step=132389, preemption_count=0, score=18746.4, test/accuracy=0.69803, test/bleu=29.8753, test/loss=1.46305, test/num_examples=3003, total_duration=36688.5, train/accuracy=0.710099, train/bleu=36.6624, train/loss=1.39322, validation/accuracy=0.681951, validation/bleu=30.0508, validation/loss=1.53968, validation/num_examples=3000
I0612 15:28:57.890765 140515664585920 spec.py:333] Evaluating on the training split.
I0612 15:28:59.183351 140515664585920 workload.py:200] Translating evaluation dataset.
I0612 15:32:10.463787 140515664585920 spec.py:346] Evaluating on the validation split.
I0612 15:32:11.782423 140515664585920 workload.py:200] Translating evaluation dataset.
I0612 15:35:16.574457 140515664585920 spec.py:363] Evaluating on the test split.
I0612 15:35:17.891881 140515664585920 workload.py:200] Translating evaluation dataset.
I0612 15:38:23.248025 140515664585920 submission_runner.py:516] Time since start: 37898.34s, 	Step: 136961, 	{'train/accuracy': 0.7124185562133789, 'train/loss': 1.3788208961486816, 'train/bleu': 36.47425707542486, 'validation/accuracy': 0.6819506287574768, 'validation/loss': 1.539679765701294, 'validation/bleu': 30.050812049813175, 'validation/num_examples': 3000, 'test/accuracy': 0.6980303525924683, 'test/loss': 1.4630528688430786, 'test/bleu': 29.875262312498798, 'test/num_examples': 3003, 'score': 19390.791754722595, 'total_duration': 37898.34384846687, 'accumulated_submission_time': 19390.791754722595, 'accumulated_eval_time': 18504.50106549263, 'accumulated_logging_time': 2.0199532508850098}
I0612 15:38:23.292663 140357585073920 logging_writer.py:48] [136961] accumulated_eval_time=18504.5, accumulated_logging_time=2.01995, accumulated_submission_time=19390.8, global_step=136961, preemption_count=0, score=19390.8, test/accuracy=0.69803, test/bleu=29.8753, test/loss=1.46305, test/num_examples=3003, total_duration=37898.3, train/accuracy=0.712419, train/bleu=36.4743, train/loss=1.37882, validation/accuracy=0.681951, validation/bleu=30.0508, validation/loss=1.53968, validation/num_examples=3000
I0612 15:49:07.692095 140515664585920 spec.py:333] Evaluating on the training split.
I0612 15:49:08.978163 140515664585920 workload.py:200] Translating evaluation dataset.
I0612 15:52:34.494140 140515664585920 spec.py:346] Evaluating on the validation split.
I0612 15:52:35.812300 140515664585920 workload.py:200] Translating evaluation dataset.
I0612 15:55:40.363078 140515664585920 spec.py:363] Evaluating on the test split.
I0612 15:55:41.643166 140515664585920 workload.py:200] Translating evaluation dataset.
I0612 15:58:47.016627 140515664585920 submission_runner.py:516] Time since start: 39122.11s, 	Step: 141545, 	{'train/accuracy': 0.7098695635795593, 'train/loss': 1.3965234756469727, 'train/bleu': 36.406514519530866, 'validation/accuracy': 0.6819506287574768, 'validation/loss': 1.539679765701294, 'validation/bleu': 30.050812049813175, 'validation/num_examples': 3000, 'test/accuracy': 0.6980303525924683, 'test/loss': 1.4630528688430786, 'test/bleu': 29.875262312498798, 'test/num_examples': 3003, 'score': 20035.146936416626, 'total_duration': 39122.11244010925, 'accumulated_submission_time': 20035.146936416626, 'accumulated_eval_time': 19083.8254468441, 'accumulated_logging_time': 2.0741164684295654}
I0612 15:58:47.065856 140357559895808 logging_writer.py:48] [141545] accumulated_eval_time=19083.8, accumulated_logging_time=2.07412, accumulated_submission_time=20035.1, global_step=141545, preemption_count=0, score=20035.1, test/accuracy=0.69803, test/bleu=29.8753, test/loss=1.46305, test/num_examples=3003, total_duration=39122.1, train/accuracy=0.70987, train/bleu=36.4065, train/loss=1.39652, validation/accuracy=0.681951, validation/bleu=30.0508, validation/loss=1.53968, validation/num_examples=3000
I0612 16:09:31.452597 140515664585920 spec.py:333] Evaluating on the training split.
I0612 16:09:32.738787 140515664585920 workload.py:200] Translating evaluation dataset.
I0612 16:12:57.554344 140515664585920 spec.py:346] Evaluating on the validation split.
I0612 16:12:58.877519 140515664585920 workload.py:200] Translating evaluation dataset.
I0612 16:16:03.581692 140515664585920 spec.py:363] Evaluating on the test split.
I0612 16:16:04.892759 140515664585920 workload.py:200] Translating evaluation dataset.
I0612 16:19:10.374596 140515664585920 submission_runner.py:516] Time since start: 40345.47s, 	Step: 146117, 	{'train/accuracy': 0.7100868821144104, 'train/loss': 1.396618366241455, 'train/bleu': 36.44479039523356, 'validation/accuracy': 0.6819506287574768, 'validation/loss': 1.539679765701294, 'validation/bleu': 30.050812049813175, 'validation/num_examples': 3000, 'test/accuracy': 0.6980303525924683, 'test/loss': 1.4630528688430786, 'test/bleu': 29.875262312498798, 'test/num_examples': 3003, 'score': 20679.48965024948, 'total_duration': 40345.47046136856, 'accumulated_submission_time': 20679.48965024948, 'accumulated_eval_time': 19662.747348070145, 'accumulated_logging_time': 2.1330180168151855}
I0612 16:19:10.418171 140357677131520 logging_writer.py:48] [146117] accumulated_eval_time=19662.7, accumulated_logging_time=2.13302, accumulated_submission_time=20679.5, global_step=146117, preemption_count=0, score=20679.5, test/accuracy=0.69803, test/bleu=29.8753, test/loss=1.46305, test/num_examples=3003, total_duration=40345.5, train/accuracy=0.710087, train/bleu=36.4448, train/loss=1.39662, validation/accuracy=0.681951, validation/bleu=30.0508, validation/loss=1.53968, validation/num_examples=3000
I0612 16:29:54.791695 140515664585920 spec.py:333] Evaluating on the training split.
I0612 16:29:56.071646 140515664585920 workload.py:200] Translating evaluation dataset.
I0612 16:33:16.517952 140515664585920 spec.py:346] Evaluating on the validation split.
I0612 16:33:17.833109 140515664585920 workload.py:200] Translating evaluation dataset.
I0612 16:36:22.184167 140515664585920 spec.py:363] Evaluating on the test split.
I0612 16:36:23.492191 140515664585920 workload.py:200] Translating evaluation dataset.
I0612 16:39:28.718517 140515664585920 submission_runner.py:516] Time since start: 41563.81s, 	Step: 150698, 	{'train/accuracy': 0.710841178894043, 'train/loss': 1.3875696659088135, 'train/bleu': 36.50897285195321, 'validation/accuracy': 0.6819506287574768, 'validation/loss': 1.539679765701294, 'validation/bleu': 30.050812049813175, 'validation/num_examples': 3000, 'test/accuracy': 0.6980303525924683, 'test/loss': 1.4630528688430786, 'test/bleu': 29.875262312498798, 'test/num_examples': 3003, 'score': 21323.819334745407, 'total_duration': 41563.81438827515, 'accumulated_submission_time': 21323.819334745407, 'accumulated_eval_time': 20236.67407464981, 'accumulated_logging_time': 2.185934543609619}
I0612 16:39:28.762894 140357568288512 logging_writer.py:48] [150698] accumulated_eval_time=20236.7, accumulated_logging_time=2.18593, accumulated_submission_time=21323.8, global_step=150698, preemption_count=0, score=21323.8, test/accuracy=0.69803, test/bleu=29.8753, test/loss=1.46305, test/num_examples=3003, total_duration=41563.8, train/accuracy=0.710841, train/bleu=36.509, train/loss=1.38757, validation/accuracy=0.681951, validation/bleu=30.0508, validation/loss=1.53968, validation/num_examples=3000
I0612 16:50:13.178514 140515664585920 spec.py:333] Evaluating on the training split.
I0612 16:50:14.473479 140515664585920 workload.py:200] Translating evaluation dataset.
I0612 16:53:37.331763 140515664585920 spec.py:346] Evaluating on the validation split.
I0612 16:53:38.643323 140515664585920 workload.py:200] Translating evaluation dataset.
I0612 16:56:42.893352 140515664585920 spec.py:363] Evaluating on the test split.
I0612 16:56:44.194159 140515664585920 workload.py:200] Translating evaluation dataset.
I0612 16:59:48.952124 140515664585920 submission_runner.py:516] Time since start: 42784.05s, 	Step: 155276, 	{'train/accuracy': 0.7134959697723389, 'train/loss': 1.3760597705841064, 'train/bleu': 36.70538729640298, 'validation/accuracy': 0.6819506287574768, 'validation/loss': 1.539679765701294, 'validation/bleu': 30.050812049813175, 'validation/num_examples': 3000, 'test/accuracy': 0.6980303525924683, 'test/loss': 1.4630528688430786, 'test/bleu': 29.875262312498798, 'test/num_examples': 3003, 'score': 21968.191086530685, 'total_duration': 42784.047963142395, 'accumulated_submission_time': 21968.191086530685, 'accumulated_eval_time': 20812.44756746292, 'accumulated_logging_time': 2.239870548248291}
I0612 16:59:49.001360 140357677131520 logging_writer.py:48] [155276] accumulated_eval_time=20812.4, accumulated_logging_time=2.23987, accumulated_submission_time=21968.2, global_step=155276, preemption_count=0, score=21968.2, test/accuracy=0.69803, test/bleu=29.8753, test/loss=1.46305, test/num_examples=3003, total_duration=42784, train/accuracy=0.713496, train/bleu=36.7054, train/loss=1.37606, validation/accuracy=0.681951, validation/bleu=30.0508, validation/loss=1.53968, validation/num_examples=3000
I0612 17:10:33.418033 140515664585920 spec.py:333] Evaluating on the training split.
I0612 17:10:34.690018 140515664585920 workload.py:200] Translating evaluation dataset.
I0612 17:13:48.504539 140515664585920 spec.py:346] Evaluating on the validation split.
I0612 17:13:49.807556 140515664585920 workload.py:200] Translating evaluation dataset.
I0612 17:16:54.067612 140515664585920 spec.py:363] Evaluating on the test split.
I0612 17:16:55.341376 140515664585920 workload.py:200] Translating evaluation dataset.
I0612 17:20:00.799296 140515664585920 submission_runner.py:516] Time since start: 43995.90s, 	Step: 159853, 	{'train/accuracy': 0.7102859616279602, 'train/loss': 1.3912445306777954, 'train/bleu': 36.66211277164818, 'validation/accuracy': 0.6819506287574768, 'validation/loss': 1.539679765701294, 'validation/bleu': 30.050812049813175, 'validation/num_examples': 3000, 'test/accuracy': 0.6980303525924683, 'test/loss': 1.4630528688430786, 'test/bleu': 29.875262312498798, 'test/num_examples': 3003, 'score': 22612.563574314117, 'total_duration': 43995.89514517784, 'accumulated_submission_time': 22612.563574314117, 'accumulated_eval_time': 21379.828731060028, 'accumulated_logging_time': 2.2986650466918945}
I0612 17:20:00.846714 140357585073920 logging_writer.py:48] [159853] accumulated_eval_time=21379.8, accumulated_logging_time=2.29867, accumulated_submission_time=22612.6, global_step=159853, preemption_count=0, score=22612.6, test/accuracy=0.69803, test/bleu=29.8753, test/loss=1.46305, test/num_examples=3003, total_duration=43995.9, train/accuracy=0.710286, train/bleu=36.6621, train/loss=1.39124, validation/accuracy=0.681951, validation/bleu=30.0508, validation/loss=1.53968, validation/num_examples=3000
I0612 17:30:45.282842 140515664585920 spec.py:333] Evaluating on the training split.
I0612 17:30:46.556710 140515664585920 workload.py:200] Translating evaluation dataset.
I0612 17:34:06.030491 140515664585920 spec.py:346] Evaluating on the validation split.
I0612 17:34:07.336549 140515664585920 workload.py:200] Translating evaluation dataset.
I0612 17:37:11.670974 140515664585920 spec.py:363] Evaluating on the test split.
I0612 17:37:12.958509 140515664585920 workload.py:200] Translating evaluation dataset.
I0612 17:40:17.776361 140515664585920 submission_runner.py:516] Time since start: 45212.87s, 	Step: 164441, 	{'train/accuracy': 0.7116501331329346, 'train/loss': 1.3808555603027344, 'train/bleu': 36.383042129010576, 'validation/accuracy': 0.6819506287574768, 'validation/loss': 1.539679765701294, 'validation/bleu': 30.050812049813175, 'validation/num_examples': 3000, 'test/accuracy': 0.6980303525924683, 'test/loss': 1.4630528688430786, 'test/bleu': 29.875262312498798, 'test/num_examples': 3003, 'score': 23256.95535469055, 'total_duration': 45212.872155189514, 'accumulated_submission_time': 23256.95535469055, 'accumulated_eval_time': 21952.322085142136, 'accumulated_logging_time': 2.355698585510254}
I0612 17:40:17.821588 140357568288512 logging_writer.py:48] [164441] accumulated_eval_time=21952.3, accumulated_logging_time=2.3557, accumulated_submission_time=23257, global_step=164441, preemption_count=0, score=23257, test/accuracy=0.69803, test/bleu=29.8753, test/loss=1.46305, test/num_examples=3003, total_duration=45212.9, train/accuracy=0.71165, train/bleu=36.383, train/loss=1.38086, validation/accuracy=0.681951, validation/bleu=30.0508, validation/loss=1.53968, validation/num_examples=3000
I0612 17:51:02.232717 140515664585920 spec.py:333] Evaluating on the training split.
I0612 17:51:03.514791 140515664585920 workload.py:200] Translating evaluation dataset.
I0612 17:54:17.285434 140515664585920 spec.py:346] Evaluating on the validation split.
I0612 17:54:18.598447 140515664585920 workload.py:200] Translating evaluation dataset.
I0612 17:57:22.750677 140515664585920 spec.py:363] Evaluating on the test split.
I0612 17:57:24.033859 140515664585920 workload.py:200] Translating evaluation dataset.
I0612 18:00:28.693552 140515664585920 submission_runner.py:516] Time since start: 46423.79s, 	Step: 169015, 	{'train/accuracy': 0.7142183184623718, 'train/loss': 1.3753083944320679, 'train/bleu': 36.492203928556705, 'validation/accuracy': 0.6819506287574768, 'validation/loss': 1.539679765701294, 'validation/bleu': 30.050812049813175, 'validation/num_examples': 3000, 'test/accuracy': 0.6980303525924683, 'test/loss': 1.4630528688430786, 'test/bleu': 29.875262312498798, 'test/num_examples': 3003, 'score': 23901.323890209198, 'total_duration': 46423.789409160614, 'accumulated_submission_time': 23901.323890209198, 'accumulated_eval_time': 22518.782810926437, 'accumulated_logging_time': 2.4102158546447754}
I0612 18:00:28.738348 140357585073920 logging_writer.py:48] [169015] accumulated_eval_time=22518.8, accumulated_logging_time=2.41022, accumulated_submission_time=23901.3, global_step=169015, preemption_count=0, score=23901.3, test/accuracy=0.69803, test/bleu=29.8753, test/loss=1.46305, test/num_examples=3003, total_duration=46423.8, train/accuracy=0.714218, train/bleu=36.4922, train/loss=1.37531, validation/accuracy=0.681951, validation/bleu=30.0508, validation/loss=1.53968, validation/num_examples=3000
I0612 18:11:13.203292 140357668738816 logging_writer.py:48] [173598] global_step=173598, preemption_count=0, score=24545.7
I0612 18:11:13.223361 140515664585920 submission_runner.py:857] Final wmt score: 24545.71561717987
