python submission_runner.py --framework=jax --workload=imagenet_resnet --submission_path=submissions_algorithms/submissions/self_tuning/cautious_nadamw/submission.py --data_dir=/data/imagenet/jax --experiment_dir=/experiment_runs --experiment_name=submissions_a100/cautious_nadamw/study_0 --overwrite=True --save_checkpoints=False --rng_seed=-1920462070 --imagenet_v2_data_dir=/data/imagenet/jax --tuning_ruleset=self 2>&1 | tee -a /logs/imagenet_resnet_jax_04-14-2026-02-07-52.log
2026-04-14 02:07:53.897894: E external/local_xla/xla/stream_executor/cuda/cuda_fft.cc:467] Unable to register cuFFT factory: Attempting to register factory for plugin cuFFT when one has already been registered
WARNING: All log messages before absl::InitializeLog() is called are written to STDERR
E0000 00:00:1776132473.920466       9 cuda_dnn.cc:8579] Unable to register cuDNN factory: Attempting to register factory for plugin cuDNN when one has already been registered
E0000 00:00:1776132473.927926       9 cuda_blas.cc:1407] Unable to register cuBLAS factory: Attempting to register factory for plugin cuBLAS when one has already been registered
W0000 00:00:1776132473.945929       9 computation_placer.cc:177] computation placer already registered. Please check linkage and avoid linking the same target more than once.
W0000 00:00:1776132473.945955       9 computation_placer.cc:177] computation placer already registered. Please check linkage and avoid linking the same target more than once.
W0000 00:00:1776132473.945957       9 computation_placer.cc:177] computation placer already registered. Please check linkage and avoid linking the same target more than once.
W0000 00:00:1776132473.945959       9 computation_placer.cc:177] computation placer already registered. Please check linkage and avoid linking the same target more than once.
/usr/local/lib/python3.11/site-packages/torch/__init__.py:1617: UserWarning: Please use the new API settings to control TF32 behavior, such as torch.backends.cudnn.conv.fp32_precision = 'tf32' or torch.backends.cuda.matmul.fp32_precision = 'ieee'. Old settings, e.g, torch.backends.cuda.matmul.allow_tf32 = True, torch.backends.cudnn.allow_tf32 = True, allowTF32CuDNN() and allowTF32CuBLAS() will be deprecated after Pytorch 2.9. Please see https://pytorch.org/docs/main/notes/cuda.html#tensorfloat-32-tf32-on-ampere-and-later-devices (Triggered internally at /pytorch/aten/src/ATen/Context.cpp:80.)
  _C._set_float32_matmul_precision(precision)
/usr/local/lib/python3.11/site-packages/pydantic/_internal/_generate_schema.py:2249: UnsupportedFieldAttributeWarning: The 'repr' attribute with value False was provided to the `Field()` function, which has no effect in the context it was used. 'repr' is field-specific metadata, and can only be attached to a model field using `Annotated` metadata or by assignment. This may have happened because an `Annotated` type alias using the `type` statement was used, or if the `Field()` function was attached to a single member of a union type.
  warnings.warn(
/usr/local/lib/python3.11/site-packages/pydantic/_internal/_generate_schema.py:2249: UnsupportedFieldAttributeWarning: The 'frozen' attribute with value True was provided to the `Field()` function, which has no effect in the context it was used. 'frozen' is field-specific metadata, and can only be attached to a model field using `Annotated` metadata or by assignment. This may have happened because an `Annotated` type alias using the `type` statement was used, or if the `Field()` function was attached to a single member of a union type.
  warnings.warn(
INFO:2026-04-14 02:08:03,906:jax._src.xla_bridge:830: Unable to initialize backend 'tpu': INTERNAL: Failed to open libtpu.so: libtpu.so: cannot open shared object file: No such file or directory
I0414 02:08:03.906025 140170022724800 xla_bridge.py:830] Unable to initialize backend 'tpu': INTERNAL: Failed to open libtpu.so: libtpu.so: cannot open shared object file: No such file or directory
I0414 02:08:04.613970 140170022724800 logger_utils.py:84] Creating experiment directory at /experiment_runs/submissions_a100/cautious_nadamw/study_0/imagenet_resnet_jax.
I0414 02:08:05.115604 140170022724800 submission_runner.py:741] Creating directory at /experiment_runs/submissions_a100/cautious_nadamw/study_0/imagenet_resnet_jax/trial_1.
I0414 02:08:05.622902 140170022724800 submission_runner.py:242] Initializing dataset.
I0414 02:08:05.888322 140170022724800 dataset_info.py:707] Load dataset info from /data/imagenet/jax/imagenet2012/5.1.0
I0414 02:08:05.921840 140170022724800 dataset_info.py:793] For 'imagenet2012/5.1.0': fields info.[splits, supervised_keys] differ on disk and in the code. Keeping the one from code.
I0414 02:08:06.203606 140170022724800 reader.py:262] Creating a tf.data.Dataset reading 1024 files located in folders: /data/imagenet/jax/imagenet2012/5.1.0.
I0414 02:08:06.281747 140170022724800 logging_logger.py:49] Constructing tf.data.Dataset imagenet2012 for split train, from /data/imagenet/jax/imagenet2012/5.1.0
I0414 02:08:07.172224 140170022724800 submission_runner.py:251] Initializing model.
I0414 02:08:30.660254 140170022724800 submission_runner.py:294] Initializing optimizer.
I0414 02:08:31.841385 140170022724800 submission_runner.py:299] Initializing metrics bundle.
I0414 02:08:31.841614 140170022724800 submission_runner.py:321] Initializing checkpoint and logger.
I0414 02:08:31.844373 140170022724800 checkpoints.py:1098] Found no checkpoint files in /experiment_runs/submissions_a100/cautious_nadamw/study_0/imagenet_resnet_jax/trial_1 with prefix checkpoint_
I0414 02:08:31.844494 140170022724800 submission_runner.py:344] Saving meta data to /experiment_runs/submissions_a100/cautious_nadamw/study_0/imagenet_resnet_jax/trial_1/meta_data_0.json.
I0414 02:08:32.068538 140170022724800 submission_runner.py:348] Saving flags to /experiment_runs/submissions_a100/cautious_nadamw/study_0/imagenet_resnet_jax/trial_1/flags_0.json.
I0414 02:08:32.079253 140170022724800 submission_runner.py:359] Starting training loop.
I0414 02:09:37.418429 140170022724800 spec.py:333] Evaluating on the training split.
I0414 02:09:37.702722 140170022724800 dataset_info.py:707] Load dataset info from /data/imagenet/jax/imagenet2012/5.1.0
I0414 02:09:37.708158 140170022724800 dataset_info.py:793] For 'imagenet2012/5.1.0': fields info.[splits, supervised_keys] differ on disk and in the code. Keeping the one from code.
I0414 02:09:37.727417 140170022724800 reader.py:262] Creating a tf.data.Dataset reading 1024 files located in folders: /data/imagenet/jax/imagenet2012/5.1.0.
I0414 02:09:37.769390 140170022724800 logging_logger.py:49] Constructing tf.data.Dataset imagenet2012 for split train, from /data/imagenet/jax/imagenet2012/5.1.0
I0414 02:09:59.230296 140170022724800 spec.py:346] Evaluating on the validation split.
I0414 02:09:59.234741 140170022724800 dataset_info.py:707] Load dataset info from /data/imagenet/jax/imagenet2012/5.1.0
I0414 02:09:59.245002 140170022724800 dataset_info.py:793] For 'imagenet2012/5.1.0': fields info.[splits, supervised_keys] differ on disk and in the code. Keeping the one from code.
I0414 02:09:59.247677 140170022724800 reader.py:262] Creating a tf.data.Dataset reading 64 files located in folders: /data/imagenet/jax/imagenet2012/5.1.0.
I0414 02:09:59.342064 140170022724800 logging_logger.py:49] Constructing tf.data.Dataset imagenet2012 for split validation, from /data/imagenet/jax/imagenet2012/5.1.0
I0414 02:10:26.584201 140170022724800 spec.py:363] Evaluating on the test split.
I0414 02:10:26.640971 140170022724800 dataset_info.py:707] Load dataset info from /data/imagenet/jax/imagenet_v2/matched-frequency/3.0.0
I0414 02:10:26.693584 140170022724800 reader.py:262] Creating a tf.data.Dataset reading 16 files located in folders: /data/imagenet/jax/imagenet_v2/matched-frequency/3.0.0.
I0414 02:10:26.737971 140170022724800 logging_logger.py:49] Constructing tf.data.Dataset imagenet_v2 for split test, from /data/imagenet/jax/imagenet_v2/matched-frequency/3.0.0
I0414 02:10:31.057477 140170022724800 submission_runner.py:516] Time since start: 118.98s, 	Step: 1, 	{'train/accuracy': Array(0.00109614, dtype=float32), 'train/loss': Array(6.91398, dtype=float32), 'validation/accuracy': Array(0.00096, dtype=float32), 'validation/loss': Array(6.9139647, dtype=float32), 'validation/num_examples': 50000, 'test/accuracy': Array(0.0011, dtype=float32), 'test/loss': Array(6.9134035, dtype=float32), 'test/num_examples': 10000, 'score': 65.33910250663757, 'total_duration': 118.97648787498474, 'accumulated_submission_time': 65.33910250663757, 'accumulated_eval_time': 53.63730978965759, 'accumulated_logging_time': 0}
I0414 02:10:31.075648 139955259041536 logging_writer.py:48] [1] accumulated_eval_time=53.6373, accumulated_logging_time=0, accumulated_submission_time=65.3391, global_step=1, preemption_count=0, score=65.3391, test/accuracy=0.0010999999940395355, test/loss=6.913403511047363, test/num_examples=10000, total_duration=118.976, train/accuracy=0.0010961415246129036, train/loss=6.913980007171631, validation/accuracy=0.0009599999757483602, validation/loss=6.913964748382568, validation/num_examples=50000
I0414 02:43:47.072820 140170022724800 spec.py:333] Evaluating on the training split.
I0414 02:43:58.929606 140170022724800 spec.py:346] Evaluating on the validation split.
I0414 02:44:08.681499 140170022724800 spec.py:363] Evaluating on the test split.
I0414 02:44:09.599192 140170022724800 submission_runner.py:516] Time since start: 2137.52s, 	Step: 7416, 	{'train/accuracy': Array(0.57047194, dtype=float32), 'train/loss': Array(1.7893581, dtype=float32), 'validation/accuracy': Array(0.53402, dtype=float32), 'validation/loss': Array(2.0083404, dtype=float32), 'validation/num_examples': 50000, 'test/accuracy': Array(0.41320002, dtype=float32), 'test/loss': Array(2.752457, dtype=float32), 'test/num_examples': 10000, 'score': 2061.23659825325, 'total_duration': 2137.517407178879, 'accumulated_submission_time': 2061.23659825325, 'accumulated_eval_time': 76.16114783287048, 'accumulated_logging_time': 0.053165435791015625}
I0414 02:44:09.632234 139955267434240 logging_writer.py:48] [7416] accumulated_eval_time=76.1611, accumulated_logging_time=0.0531654, accumulated_submission_time=2061.24, global_step=7416, preemption_count=0, score=2061.24, test/accuracy=0.4132000207901001, test/loss=2.7524569034576416, test/num_examples=10000, total_duration=2137.52, train/accuracy=0.5704719424247742, train/loss=1.789358139038086, validation/accuracy=0.5340200066566467, validation/loss=2.008340358734131, validation/num_examples=50000
I0414 03:17:25.843876 140170022724800 spec.py:333] Evaluating on the training split.
I0414 03:17:38.890380 140170022724800 spec.py:346] Evaluating on the validation split.
I0414 03:17:48.488640 140170022724800 spec.py:363] Evaluating on the test split.
I0414 03:17:49.364263 140170022724800 submission_runner.py:516] Time since start: 4157.28s, 	Step: 15367, 	{'train/accuracy': Array(0.67484456, dtype=float32), 'train/loss': Array(1.2915189, dtype=float32), 'validation/accuracy': Array(0.60198, dtype=float32), 'validation/loss': Array(1.6681476, dtype=float32), 'validation/num_examples': 50000, 'test/accuracy': Array(0.4708, dtype=float32), 'test/loss': Array(2.421079, dtype=float32), 'test/num_examples': 10000, 'score': 4057.2959101200104, 'total_duration': 4157.28275346756, 'accumulated_submission_time': 4057.2959101200104, 'accumulated_eval_time': 99.67929077148438, 'accumulated_logging_time': 0.16930055618286133}
I0414 03:17:49.419967 139955418404608 logging_writer.py:48] [15367] accumulated_eval_time=99.6793, accumulated_logging_time=0.169301, accumulated_submission_time=4057.3, global_step=15367, preemption_count=0, score=4057.3, test/accuracy=0.4708000123500824, test/loss=2.42107892036438, test/num_examples=10000, total_duration=4157.28, train/accuracy=0.6748445630073547, train/loss=1.2915189266204834, validation/accuracy=0.6019799709320068, validation/loss=1.6681475639343262, validation/num_examples=50000
I0414 03:51:05.553172 140170022724800 spec.py:333] Evaluating on the training split.
I0414 03:51:18.499099 140170022724800 spec.py:346] Evaluating on the validation split.
I0414 03:51:27.957863 140170022724800 spec.py:363] Evaluating on the test split.
I0414 03:51:28.850816 140170022724800 submission_runner.py:516] Time since start: 6176.76s, 	Step: 23318, 	{'train/accuracy': Array(0.67432636, dtype=float32), 'train/loss': Array(1.2886703, dtype=float32), 'validation/accuracy': Array(0.61868, dtype=float32), 'validation/loss': Array(1.5818492, dtype=float32), 'validation/num_examples': 50000, 'test/accuracy': Array(0.49490002, dtype=float32), 'test/loss': Array(2.3163242, dtype=float32), 'test/num_examples': 10000, 'score': 6053.312503576279, 'total_duration': 6176.764588356018, 'accumulated_submission_time': 6053.312503576279, 'accumulated_eval_time': 122.96997308731079, 'accumulated_logging_time': 0.2727396488189697}
I0414 03:51:28.889950 139955267434240 logging_writer.py:48] [23318] accumulated_eval_time=122.97, accumulated_logging_time=0.27274, accumulated_submission_time=6053.31, global_step=23318, preemption_count=0, score=6053.31, test/accuracy=0.49490001797676086, test/loss=2.316324234008789, test/num_examples=10000, total_duration=6176.76, train/accuracy=0.6743263602256775, train/loss=1.288670301437378, validation/accuracy=0.6186800003051758, validation/loss=1.581849217414856, validation/num_examples=50000
I0414 04:24:45.054206 140170022724800 spec.py:333] Evaluating on the training split.
I0414 04:24:57.907236 140170022724800 spec.py:346] Evaluating on the validation split.
I0414 04:25:07.470998 140170022724800 spec.py:363] Evaluating on the test split.
I0414 04:25:08.360521 140170022724800 submission_runner.py:516] Time since start: 8196.28s, 	Step: 31270, 	{'train/accuracy': Array(0.6792291, dtype=float32), 'train/loss': Array(1.264179, dtype=float32), 'validation/accuracy': Array(0.62185997, dtype=float32), 'validation/loss': Array(1.5740633, dtype=float32), 'validation/num_examples': 50000, 'test/accuracy': Array(0.5007, dtype=float32), 'test/loss': Array(2.3204424, dtype=float32), 'test/num_examples': 10000, 'score': 8049.384077072144, 'total_duration': 8196.278851270676, 'accumulated_submission_time': 8049.384077072144, 'accumulated_eval_time': 146.2738676071167, 'accumulated_logging_time': 0.3364095687866211}
I0414 04:25:08.385409 139955418404608 logging_writer.py:48] [31270] accumulated_eval_time=146.274, accumulated_logging_time=0.33641, accumulated_submission_time=8049.38, global_step=31270, preemption_count=0, score=8049.38, test/accuracy=0.5006999969482422, test/loss=2.3204424381256104, test/num_examples=10000, total_duration=8196.28, train/accuracy=0.6792290806770325, train/loss=1.264178991317749, validation/accuracy=0.6218599677085876, validation/loss=1.5740633010864258, validation/num_examples=50000
I0414 04:58:24.399920 140170022724800 spec.py:333] Evaluating on the training split.
I0414 04:58:36.428501 140170022724800 spec.py:346] Evaluating on the validation split.
I0414 04:58:46.300809 140170022724800 spec.py:363] Evaluating on the test split.
I0414 04:58:47.184687 140170022724800 submission_runner.py:516] Time since start: 10215.10s, 	Step: 39222, 	{'train/accuracy': Array(0.71484375, dtype=float32), 'train/loss': Array(1.1045513, dtype=float32), 'validation/accuracy': Array(0.63038, dtype=float32), 'validation/loss': Array(1.5233923, dtype=float32), 'validation/num_examples': 50000, 'test/accuracy': Array(0.5098, dtype=float32), 'test/loss': Array(2.2392864, dtype=float32), 'test/num_examples': 10000, 'score': 10045.309257507324, 'total_duration': 10215.103392124176, 'accumulated_submission_time': 10045.309257507324, 'accumulated_eval_time': 169.05660152435303, 'accumulated_logging_time': 0.38257503509521484}
I0414 04:58:47.217687 139955267434240 logging_writer.py:48] [39222] accumulated_eval_time=169.057, accumulated_logging_time=0.382575, accumulated_submission_time=10045.3, global_step=39222, preemption_count=0, score=10045.3, test/accuracy=0.5098000168800354, test/loss=2.239286422729492, test/num_examples=10000, total_duration=10215.1, train/accuracy=0.71484375, train/loss=1.1045513153076172, validation/accuracy=0.6303799748420715, validation/loss=1.5233923196792603, validation/num_examples=50000
I0414 05:32:03.335216 140170022724800 spec.py:333] Evaluating on the training split.
I0414 05:32:16.829642 140170022724800 spec.py:346] Evaluating on the validation split.
I0414 05:32:26.269114 140170022724800 spec.py:363] Evaluating on the test split.
I0414 05:32:27.150439 140170022724800 submission_runner.py:516] Time since start: 12235.07s, 	Step: 47175, 	{'train/accuracy': Array(0.7123724, dtype=float32), 'train/loss': Array(1.1094618, dtype=float32), 'validation/accuracy': Array(0.63926, dtype=float32), 'validation/loss': Array(1.4924767, dtype=float32), 'validation/num_examples': 50000, 'test/accuracy': Array(0.5129, dtype=float32), 'test/loss': Array(2.2597408, dtype=float32), 'test/num_examples': 10000, 'score': 12041.347716331482, 'total_duration': 12235.069062232971, 'accumulated_submission_time': 12041.347716331482, 'accumulated_eval_time': 192.86971020698547, 'accumulated_logging_time': 0.42597174644470215}
I0414 05:32:27.187898 139955418404608 logging_writer.py:48] [47175] accumulated_eval_time=192.87, accumulated_logging_time=0.425972, accumulated_submission_time=12041.3, global_step=47175, preemption_count=0, score=12041.3, test/accuracy=0.5128999948501587, test/loss=2.2597408294677734, test/num_examples=10000, total_duration=12235.1, train/accuracy=0.7123724222183228, train/loss=1.109461784362793, validation/accuracy=0.6392599940299988, validation/loss=1.4924767017364502, validation/num_examples=50000
I0414 06:05:43.297253 140170022724800 spec.py:333] Evaluating on the training split.
I0414 06:05:55.132256 140170022724800 spec.py:346] Evaluating on the validation split.
I0414 06:06:04.546939 140170022724800 spec.py:363] Evaluating on the test split.
I0414 06:06:05.426874 140170022724800 submission_runner.py:516] Time since start: 14253.35s, 	Step: 55128, 	{'train/accuracy': Array(0.70796794, dtype=float32), 'train/loss': Array(1.1364019, dtype=float32), 'validation/accuracy': Array(0.64364, dtype=float32), 'validation/loss': Array(1.4519268, dtype=float32), 'validation/num_examples': 50000, 'test/accuracy': Array(0.5138, dtype=float32), 'test/loss': Array(2.189241, dtype=float32), 'test/num_examples': 10000, 'score': 14037.37018609047, 'total_duration': 14253.345950365067, 'accumulated_submission_time': 14037.37018609047, 'accumulated_eval_time': 214.99766397476196, 'accumulated_logging_time': 0.48315954208374023}
I0414 06:06:05.468083 139955267434240 logging_writer.py:48] [55128] accumulated_eval_time=214.998, accumulated_logging_time=0.48316, accumulated_submission_time=14037.4, global_step=55128, preemption_count=0, score=14037.4, test/accuracy=0.5138000249862671, test/loss=2.1892409324645996, test/num_examples=10000, total_duration=14253.3, train/accuracy=0.7079679369926453, train/loss=1.136401891708374, validation/accuracy=0.6436399817466736, validation/loss=1.451926827430725, validation/num_examples=50000
I0414 06:39:21.448012 140170022724800 spec.py:333] Evaluating on the training split.
I0414 06:39:33.349216 140170022724800 spec.py:346] Evaluating on the validation split.
I0414 06:39:43.236276 140170022724800 spec.py:363] Evaluating on the test split.
I0414 06:39:44.115541 140170022724800 submission_runner.py:516] Time since start: 16272.03s, 	Step: 63081, 	{'train/accuracy': Array(0.750857, dtype=float32), 'train/loss': Array(0.94010544, dtype=float32), 'validation/accuracy': Array(0.6515, dtype=float32), 'validation/loss': Array(1.4156357, dtype=float32), 'validation/num_examples': 50000, 'test/accuracy': Array(0.531, dtype=float32), 'test/loss': Array(2.1333256, dtype=float32), 'test/num_examples': 10000, 'score': 16033.263597011566, 'total_duration': 16272.034126996994, 'accumulated_submission_time': 16033.263597011566, 'accumulated_eval_time': 237.66304206848145, 'accumulated_logging_time': 0.5430054664611816}
I0414 06:39:44.149117 139955418404608 logging_writer.py:48] [63081] accumulated_eval_time=237.663, accumulated_logging_time=0.543005, accumulated_submission_time=16033.3, global_step=63081, preemption_count=0, score=16033.3, test/accuracy=0.531000018119812, test/loss=2.1333255767822266, test/num_examples=10000, total_duration=16272, train/accuracy=0.7508569955825806, train/loss=0.9401054382324219, validation/accuracy=0.6514999866485596, validation/loss=1.4156357049942017, validation/num_examples=50000
I0414 07:13:00.146795 140170022724800 spec.py:333] Evaluating on the training split.
I0414 07:13:11.308256 140170022724800 spec.py:346] Evaluating on the validation split.
I0414 07:13:21.010970 140170022724800 spec.py:363] Evaluating on the test split.
I0414 07:13:21.891361 140170022724800 submission_runner.py:516] Time since start: 18289.81s, 	Step: 71034, 	{'train/accuracy': Array(0.7289541, dtype=float32), 'train/loss': Array(1.0296977, dtype=float32), 'validation/accuracy': Array(0.65345997, dtype=float32), 'validation/loss': Array(1.4276401, dtype=float32), 'validation/num_examples': 50000, 'test/accuracy': Array(0.53110003, dtype=float32), 'test/loss': Array(2.120517, dtype=float32), 'test/num_examples': 10000, 'score': 18029.14830183983, 'total_duration': 18289.80973792076, 'accumulated_submission_time': 18029.14830183983, 'accumulated_eval_time': 259.4052429199219, 'accumulated_logging_time': 0.6223459243774414}
I0414 07:13:21.958088 139955267434240 logging_writer.py:48] [71034] accumulated_eval_time=259.405, accumulated_logging_time=0.622346, accumulated_submission_time=18029.1, global_step=71034, preemption_count=0, score=18029.1, test/accuracy=0.5311000347137451, test/loss=2.1205170154571533, test/num_examples=10000, total_duration=18289.8, train/accuracy=0.7289540767669678, train/loss=1.0296976566314697, validation/accuracy=0.6534599661827087, validation/loss=1.4276400804519653, validation/num_examples=50000
I0414 07:46:37.954298 140170022724800 spec.py:333] Evaluating on the training split.
I0414 07:46:49.287767 140170022724800 spec.py:346] Evaluating on the validation split.
I0414 07:46:59.411159 140170022724800 spec.py:363] Evaluating on the test split.
I0414 07:47:00.304515 140170022724800 submission_runner.py:516] Time since start: 20308.22s, 	Step: 78987, 	{'train/accuracy': Array(0.74150985, dtype=float32), 'train/loss': Array(0.9880453, dtype=float32), 'validation/accuracy': Array(0.66884, dtype=float32), 'validation/loss': Array(1.3625673, dtype=float32), 'validation/num_examples': 50000, 'test/accuracy': Array(0.54050004, dtype=float32), 'test/loss': Array(2.1044452, dtype=float32), 'test/num_examples': 10000, 'score': 20025.016850471497, 'total_duration': 20308.218914747238, 'accumulated_submission_time': 20025.016850471497, 'accumulated_eval_time': 281.7491090297699, 'accumulated_logging_time': 0.7486517429351807}
I0414 07:47:00.360617 139955418404608 logging_writer.py:48] [78987] accumulated_eval_time=281.749, accumulated_logging_time=0.748652, accumulated_submission_time=20025, global_step=78987, preemption_count=0, score=20025, test/accuracy=0.5405000448226929, test/loss=2.104445219039917, test/num_examples=10000, total_duration=20308.2, train/accuracy=0.7415098547935486, train/loss=0.9880452752113342, validation/accuracy=0.6688399910926819, validation/loss=1.3625673055648804, validation/num_examples=50000
I0414 08:20:16.328974 140170022724800 spec.py:333] Evaluating on the training split.
I0414 08:20:27.682772 140170022724800 spec.py:346] Evaluating on the validation split.
I0414 08:20:37.489156 140170022724800 spec.py:363] Evaluating on the test split.
I0414 08:20:38.367131 140170022724800 submission_runner.py:516] Time since start: 22326.29s, 	Step: 86940, 	{'train/accuracy': Array(0.7914341, dtype=float32), 'train/loss': Array(0.7773712, dtype=float32), 'validation/accuracy': Array(0.672, dtype=float32), 'validation/loss': Array(1.3344488, dtype=float32), 'validation/num_examples': 50000, 'test/accuracy': Array(0.54010004, dtype=float32), 'test/loss': Array(2.0827537, dtype=float32), 'test/num_examples': 10000, 'score': 22020.8910176754, 'total_duration': 22326.285731077194, 'accumulated_submission_time': 22020.8910176754, 'accumulated_eval_time': 303.7851240634918, 'accumulated_logging_time': 0.8320314884185791}
I0414 08:20:38.397096 139955267434240 logging_writer.py:48] [86940] accumulated_eval_time=303.785, accumulated_logging_time=0.832031, accumulated_submission_time=22020.9, global_step=86940, preemption_count=0, score=22020.9, test/accuracy=0.5401000380516052, test/loss=2.0827536582946777, test/num_examples=10000, total_duration=22326.3, train/accuracy=0.791434109210968, train/loss=0.7773712277412415, validation/accuracy=0.671999990940094, validation/loss=1.3344488143920898, validation/num_examples=50000
I0414 08:53:54.430798 140170022724800 spec.py:333] Evaluating on the training split.
I0414 08:54:05.428533 140170022724800 spec.py:346] Evaluating on the validation split.
I0414 08:54:15.287584 140170022724800 spec.py:363] Evaluating on the test split.
I0414 08:54:16.149920 140170022724800 submission_runner.py:516] Time since start: 24344.07s, 	Step: 94893, 	{'train/accuracy': Array(0.77020884, dtype=float32), 'train/loss': Array(0.8549676, dtype=float32), 'validation/accuracy': Array(0.67969996, dtype=float32), 'validation/loss': Array(1.3165114, dtype=float32), 'validation/num_examples': 50000, 'test/accuracy': Array(0.55300003, dtype=float32), 'test/loss': Array(2.0441196, dtype=float32), 'test/num_examples': 10000, 'score': 24016.828218460083, 'total_duration': 24344.068585157394, 'accumulated_submission_time': 24016.828218460083, 'accumulated_eval_time': 325.5021731853485, 'accumulated_logging_time': 0.8908007144927979}
I0414 08:54:16.178310 139955418404608 logging_writer.py:48] [94893] accumulated_eval_time=325.502, accumulated_logging_time=0.890801, accumulated_submission_time=24016.8, global_step=94893, preemption_count=0, score=24016.8, test/accuracy=0.5530000329017639, test/loss=2.0441195964813232, test/num_examples=10000, total_duration=24344.1, train/accuracy=0.7702088356018066, train/loss=0.8549675941467285, validation/accuracy=0.6796999573707581, validation/loss=1.3165113925933838, validation/num_examples=50000
I0414 09:27:32.369375 140170022724800 spec.py:333] Evaluating on the training split.
I0414 09:27:42.749509 140170022724800 spec.py:346] Evaluating on the validation split.
I0414 09:27:53.133113 140170022724800 spec.py:363] Evaluating on the test split.
I0414 09:27:54.007050 140170022724800 submission_runner.py:516] Time since start: 26361.93s, 	Step: 102847, 	{'train/accuracy': Array(0.77483255, dtype=float32), 'train/loss': Array(0.8360652, dtype=float32), 'validation/accuracy': Array(0.68575996, dtype=float32), 'validation/loss': Array(1.2717359, dtype=float32), 'validation/num_examples': 50000, 'test/accuracy': Array(0.5629, dtype=float32), 'test/loss': Array(1.983067, dtype=float32), 'test/num_examples': 10000, 'score': 26012.923664093018, 'total_duration': 26361.92558312416, 'accumulated_submission_time': 26012.923664093018, 'accumulated_eval_time': 347.13762879371643, 'accumulated_logging_time': 0.9478187561035156}
I0414 09:27:54.045901 139955267434240 logging_writer.py:48] [102847] accumulated_eval_time=347.138, accumulated_logging_time=0.947819, accumulated_submission_time=26012.9, global_step=102847, preemption_count=0, score=26012.9, test/accuracy=0.5629000067710876, test/loss=1.9830670356750488, test/num_examples=10000, total_duration=26361.9, train/accuracy=0.774832546710968, train/loss=0.8360651731491089, validation/accuracy=0.685759961605072, validation/loss=1.2717359066009521, validation/num_examples=50000
I0414 10:01:10.153442 140170022724800 spec.py:333] Evaluating on the training split.
I0414 10:01:20.721988 140170022724800 spec.py:346] Evaluating on the validation split.
I0414 10:01:30.226315 140170022724800 spec.py:363] Evaluating on the test split.
I0414 10:01:31.088110 140170022724800 submission_runner.py:516] Time since start: 28379.01s, 	Step: 110801, 	{'train/accuracy': Array(0.7963169, dtype=float32), 'train/loss': Array(0.7390597, dtype=float32), 'validation/accuracy': Array(0.6881, dtype=float32), 'validation/loss': Array(1.2676787, dtype=float32), 'validation/num_examples': 50000, 'test/accuracy': Array(0.56450003, dtype=float32), 'test/loss': Array(2.0231009, dtype=float32), 'test/num_examples': 10000, 'score': 28008.937679052353, 'total_duration': 28379.006998062134, 'accumulated_submission_time': 28008.937679052353, 'accumulated_eval_time': 368.07043194770813, 'accumulated_logging_time': 1.013059377670288}
I0414 10:01:31.115072 139955418404608 logging_writer.py:48] [110801] accumulated_eval_time=368.07, accumulated_logging_time=1.01306, accumulated_submission_time=28008.9, global_step=110801, preemption_count=0, score=28008.9, test/accuracy=0.5645000338554382, test/loss=2.0231008529663086, test/num_examples=10000, total_duration=28379, train/accuracy=0.796316921710968, train/loss=0.7390596866607666, validation/accuracy=0.6880999803543091, validation/loss=1.2676787376403809, validation/num_examples=50000
I0414 10:34:47.261258 140170022724800 spec.py:333] Evaluating on the training split.
I0414 10:34:57.747155 140170022724800 spec.py:346] Evaluating on the validation split.
I0414 10:35:08.274588 140170022724800 spec.py:363] Evaluating on the test split.
I0414 10:35:09.157213 140170022724800 submission_runner.py:516] Time since start: 30397.08s, 	Step: 118755, 	{'train/accuracy': Array(0.7991669, dtype=float32), 'train/loss': Array(0.73077595, dtype=float32), 'validation/accuracy': Array(0.69185996, dtype=float32), 'validation/loss': Array(1.267008, dtype=float32), 'validation/num_examples': 50000, 'test/accuracy': Array(0.5669, dtype=float32), 'test/loss': Array(1.9966345, dtype=float32), 'test/num_examples': 10000, 'score': 30005.006215810776, 'total_duration': 30397.075727939606, 'accumulated_submission_time': 30005.006215810776, 'accumulated_eval_time': 389.9641532897949, 'accumulated_logging_time': 1.0504679679870605}
I0414 10:35:09.182669 139955267434240 logging_writer.py:48] [118755] accumulated_eval_time=389.964, accumulated_logging_time=1.05047, accumulated_submission_time=30005, global_step=118755, preemption_count=0, score=30005, test/accuracy=0.5669000148773193, test/loss=1.9966344833374023, test/num_examples=10000, total_duration=30397.1, train/accuracy=0.7991669178009033, train/loss=0.7307759523391724, validation/accuracy=0.6918599605560303, validation/loss=1.2670079469680786, validation/num_examples=50000
I0414 11:08:25.235488 140170022724800 spec.py:333] Evaluating on the training split.
I0414 11:08:35.619788 140170022724800 spec.py:346] Evaluating on the validation split.
I0414 11:08:45.973213 140170022724800 spec.py:363] Evaluating on the test split.
I0414 11:08:46.862082 140170022724800 submission_runner.py:516] Time since start: 32414.78s, 	Step: 126709, 	{'train/accuracy': Array(0.82166773, dtype=float32), 'train/loss': Array(0.63378423, dtype=float32), 'validation/accuracy': Array(0.7093, dtype=float32), 'validation/loss': Array(1.1938353, dtype=float32), 'validation/num_examples': 50000, 'test/accuracy': Array(0.58820003, dtype=float32), 'test/loss': Array(1.9135774, dtype=float32), 'test/num_examples': 10000, 'score': 32000.98227930069, 'total_duration': 32414.780380010605, 'accumulated_submission_time': 32000.98227930069, 'accumulated_eval_time': 411.58829522132874, 'accumulated_logging_time': 1.0853290557861328}
I0414 11:08:46.889765 139955418404608 logging_writer.py:48] [126709] accumulated_eval_time=411.588, accumulated_logging_time=1.08533, accumulated_submission_time=32001, global_step=126709, preemption_count=0, score=32001, test/accuracy=0.588200032711029, test/loss=1.9135774374008179, test/num_examples=10000, total_duration=32414.8, train/accuracy=0.8216677308082581, train/loss=0.6337842345237732, validation/accuracy=0.7092999815940857, validation/loss=1.1938352584838867, validation/num_examples=50000
I0414 11:42:02.931652 140170022724800 spec.py:333] Evaluating on the training split.
I0414 11:42:14.864204 140170022724800 spec.py:346] Evaluating on the validation split.
I0414 11:42:24.790510 140170022724800 spec.py:363] Evaluating on the test split.
I0414 11:42:25.666576 140170022724800 submission_runner.py:516] Time since start: 34433.58s, 	Step: 134664, 	{'train/accuracy': Array(0.83183193, dtype=float32), 'train/loss': Array(0.59717166, dtype=float32), 'validation/accuracy': Array(0.7108, dtype=float32), 'validation/loss': Array(1.1847178, dtype=float32), 'validation/num_examples': 50000, 'test/accuracy': Array(0.58430004, dtype=float32), 'test/loss': Array(1.9481356, dtype=float32), 'test/num_examples': 10000, 'score': 33996.94567012787, 'total_duration': 34433.58462190628, 'accumulated_submission_time': 33996.94567012787, 'accumulated_eval_time': 434.32052516937256, 'accumulated_logging_time': 1.1243793964385986}
I0414 11:42:25.709561 139955267434240 logging_writer.py:48] [134664] accumulated_eval_time=434.321, accumulated_logging_time=1.12438, accumulated_submission_time=33996.9, global_step=134664, preemption_count=0, score=33996.9, test/accuracy=0.5843000411987305, test/loss=1.9481356143951416, test/num_examples=10000, total_duration=34433.6, train/accuracy=0.8318319320678711, train/loss=0.5971716642379761, validation/accuracy=0.7107999920845032, validation/loss=1.1847177743911743, validation/num_examples=50000
I0414 12:15:41.685742 140170022724800 spec.py:333] Evaluating on the training split.
I0414 12:15:51.875204 140170022724800 spec.py:346] Evaluating on the validation split.
I0414 12:16:02.394303 140170022724800 spec.py:363] Evaluating on the test split.
I0414 12:16:03.266140 140170022724800 submission_runner.py:516] Time since start: 36451.18s, 	Step: 142618, 	{'train/accuracy': Array(0.870177, dtype=float32), 'train/loss': Array(0.44859073, dtype=float32), 'validation/accuracy': Array(0.72271997, dtype=float32), 'validation/loss': Array(1.1577821, dtype=float32), 'validation/num_examples': 50000, 'test/accuracy': Array(0.5957, dtype=float32), 'test/loss': Array(1.915856, dtype=float32), 'test/num_examples': 10000, 'score': 35992.84493923187, 'total_duration': 36451.184674978256, 'accumulated_submission_time': 35992.84493923187, 'accumulated_eval_time': 455.89872121810913, 'accumulated_logging_time': 1.1769583225250244}
I0414 12:16:03.294510 139955418404608 logging_writer.py:48] [142618] accumulated_eval_time=455.899, accumulated_logging_time=1.17696, accumulated_submission_time=35992.8, global_step=142618, preemption_count=0, score=35992.8, test/accuracy=0.5957000255584717, test/loss=1.9158560037612915, test/num_examples=10000, total_duration=36451.2, train/accuracy=0.8701769709587097, train/loss=0.4485907256603241, validation/accuracy=0.7227199673652649, validation/loss=1.1577820777893066, validation/num_examples=50000
I0414 12:49:19.303917 140170022724800 spec.py:333] Evaluating on the training split.
I0414 12:49:30.127120 140170022724800 spec.py:346] Evaluating on the validation split.
I0414 12:49:40.463435 140170022724800 spec.py:363] Evaluating on the test split.
I0414 12:49:41.338220 140170022724800 submission_runner.py:516] Time since start: 38469.26s, 	Step: 150572, 	{'train/accuracy': Array(0.8764748, dtype=float32), 'train/loss': Array(0.42360026, dtype=float32), 'validation/accuracy': Array(0.72161996, dtype=float32), 'validation/loss': Array(1.1765071, dtype=float32), 'validation/num_examples': 50000, 'test/accuracy': Array(0.59510005, dtype=float32), 'test/loss': Array(1.9497273, dtype=float32), 'test/num_examples': 10000, 'score': 37988.76387143135, 'total_duration': 38469.2562725544, 'accumulated_submission_time': 37988.76387143135, 'accumulated_eval_time': 477.9303369522095, 'accumulated_logging_time': 1.2292530536651611}
I0414 12:49:41.366145 139955267434240 logging_writer.py:48] [150572] accumulated_eval_time=477.93, accumulated_logging_time=1.22925, accumulated_submission_time=37988.8, global_step=150572, preemption_count=0, score=37988.8, test/accuracy=0.5951000452041626, test/loss=1.9497272968292236, test/num_examples=10000, total_duration=38469.3, train/accuracy=0.8764747977256775, train/loss=0.4236002564430237, validation/accuracy=0.7216199636459351, validation/loss=1.1765071153640747, validation/num_examples=50000
I0414 13:22:57.401952 140170022724800 spec.py:333] Evaluating on the training split.
I0414 13:23:08.388771 140170022724800 spec.py:346] Evaluating on the validation split.
I0414 13:23:19.121116 140170022724800 spec.py:363] Evaluating on the test split.
I0414 13:23:20.015148 140170022724800 submission_runner.py:516] Time since start: 40487.93s, 	Step: 158526, 	{'train/accuracy': Array(0.90353954, dtype=float32), 'train/loss': Array(0.32538038, dtype=float32), 'validation/accuracy': Array(0.73208, dtype=float32), 'validation/loss': Array(1.1530399, dtype=float32), 'validation/num_examples': 50000, 'test/accuracy': Array(0.60810006, dtype=float32), 'test/loss': Array(1.9544907, dtype=float32), 'test/num_examples': 10000, 'score': 39984.723219394684, 'total_duration': 40487.93373584747, 'accumulated_submission_time': 39984.723219394684, 'accumulated_eval_time': 500.54137659072876, 'accumulated_logging_time': 1.2660996913909912}
I0414 13:23:20.041449 139955418404608 logging_writer.py:48] [158526] accumulated_eval_time=500.541, accumulated_logging_time=1.2661, accumulated_submission_time=39984.7, global_step=158526, preemption_count=0, score=39984.7, test/accuracy=0.6081000566482544, test/loss=1.9544906616210938, test/num_examples=10000, total_duration=40487.9, train/accuracy=0.9035395383834839, train/loss=0.3253803849220276, validation/accuracy=0.7320799827575684, validation/loss=1.1530399322509766, validation/num_examples=50000
I0414 13:56:36.080386 140170022724800 spec.py:333] Evaluating on the training split.
I0414 13:56:46.168125 140170022724800 spec.py:346] Evaluating on the validation split.
I0414 13:56:57.964969 140170022724800 spec.py:363] Evaluating on the test split.
I0414 13:56:58.858367 140170022724800 submission_runner.py:516] Time since start: 42506.78s, 	Step: 166478, 	{'train/accuracy': Array(0.9375598, dtype=float32), 'train/loss': Array(0.21614507, dtype=float32), 'validation/accuracy': Array(0.73686, dtype=float32), 'validation/loss': Array(1.1358248, dtype=float32), 'validation/num_examples': 50000, 'test/accuracy': Array(0.611, dtype=float32), 'test/loss': Array(1.9679854, dtype=float32), 'test/num_examples': 10000, 'score': 41980.68391561508, 'total_duration': 42506.776616573334, 'accumulated_submission_time': 41980.68391561508, 'accumulated_eval_time': 523.3168685436249, 'accumulated_logging_time': 1.3033342361450195}
I0414 13:56:58.896179 139955267434240 logging_writer.py:48] [166478] accumulated_eval_time=523.317, accumulated_logging_time=1.30333, accumulated_submission_time=41980.7, global_step=166478, preemption_count=0, score=41980.7, test/accuracy=0.6110000014305115, test/loss=1.9679853916168213, test/num_examples=10000, total_duration=42506.8, train/accuracy=0.9375597834587097, train/loss=0.21614506840705872, validation/accuracy=0.7368599772453308, validation/loss=1.1358247995376587, validation/num_examples=50000
I0414 14:30:15.036701 140170022724800 spec.py:333] Evaluating on the training split.
I0414 14:30:24.136408 140170022724800 spec.py:346] Evaluating on the validation split.
I0414 14:31:13.434269 140170022724800 spec.py:363] Evaluating on the test split.
I0414 14:31:14.327031 140170022724800 submission_runner.py:516] Time since start: 44562.25s, 	Step: 174419, 	{'train/accuracy': Array(0.9517498, dtype=float32), 'train/loss': Array(0.17029233, dtype=float32), 'validation/accuracy': Array(0.74294, dtype=float32), 'validation/loss': Array(1.1370214, dtype=float32), 'validation/num_examples': 50000, 'test/accuracy': Array(0.61800003, dtype=float32), 'test/loss': Array(1.9556742, dtype=float32), 'test/num_examples': 10000, 'score': 43976.74440431595, 'total_duration': 44562.24525332451, 'accumulated_submission_time': 43976.74440431595, 'accumulated_eval_time': 582.6046755313873, 'accumulated_logging_time': 1.3538200855255127}
I0414 14:31:14.354603 139955418404608 logging_writer.py:48] [174419] accumulated_eval_time=582.605, accumulated_logging_time=1.35382, accumulated_submission_time=43976.7, global_step=174419, preemption_count=0, score=43976.7, test/accuracy=0.6180000305175781, test/loss=1.955674171447754, test/num_examples=10000, total_duration=44562.2, train/accuracy=0.9517498016357422, train/loss=0.17029233276844025, validation/accuracy=0.7429400086402893, validation/loss=1.1370214223861694, validation/num_examples=50000
I0414 15:04:30.432782 140170022724800 spec.py:333] Evaluating on the training split.
I0414 15:04:42.276196 140170022724800 spec.py:346] Evaluating on the validation split.
I0414 15:05:04.611471 140170022724800 spec.py:363] Evaluating on the test split.
I0414 15:05:06.243557 140170022724800 submission_runner.py:516] Time since start: 46593.91s, 	Step: 180286, 	{'train/accuracy': Array(0.9655811, dtype=float32), 'train/loss': Array(0.13195774, dtype=float32), 'validation/accuracy': Array(0.7467, dtype=float32), 'validation/loss': Array(1.1279986, dtype=float32), 'validation/num_examples': 50000, 'test/accuracy': Array(0.61740005, dtype=float32), 'test/loss': Array(1.9750466, dtype=float32), 'test/num_examples': 10000, 'score': 45972.71987748146, 'total_duration': 46593.91441869736, 'accumulated_submission_time': 45972.71987748146, 'accumulated_eval_time': 618.1669175624847, 'accumulated_logging_time': 1.3918306827545166}
I0414 15:05:08.231498 139955267434240 logging_writer.py:48] [180286] accumulated_eval_time=618.167, accumulated_logging_time=1.39183, accumulated_submission_time=45972.7, global_step=180286, preemption_count=0, score=45972.7, test/accuracy=0.617400050163269, test/loss=1.9750466346740723, test/num_examples=10000, total_duration=46593.9, train/accuracy=0.9655811190605164, train/loss=0.1319577395915985, validation/accuracy=0.7466999888420105, validation/loss=1.1279985904693604, validation/num_examples=50000
I0414 15:38:22.241599 140170022724800 spec.py:333] Evaluating on the training split.
I0414 15:38:33.259303 140170022724800 spec.py:346] Evaluating on the validation split.
I0414 15:39:00.725985 140170022724800 spec.py:363] Evaluating on the test split.
I0414 15:39:02.108924 140170022724800 submission_runner.py:516] Time since start: 48629.86s, 	Step: 186129, 	{'train/accuracy': Array(0.9653021, dtype=float32), 'train/loss': Array(0.12982339, dtype=float32), 'validation/accuracy': Array(0.74768, dtype=float32), 'validation/loss': Array(1.1292386, dtype=float32), 'validation/num_examples': 50000, 'test/accuracy': Array(0.61550003, dtype=float32), 'test/loss': Array(1.9700431, dtype=float32), 'test/num_examples': 10000, 'score': 47965.297795295715, 'total_duration': 48629.85666513443, 'accumulated_submission_time': 47965.297795295715, 'accumulated_eval_time': 657.8621535301208, 'accumulated_logging_time': 4.737367868423462}
I0414 15:39:03.896054 139955418404608 logging_writer.py:48] [186129] accumulated_eval_time=657.862, accumulated_logging_time=4.73737, accumulated_submission_time=47965.3, global_step=186129, preemption_count=0, score=47965.3, test/accuracy=0.6155000329017639, test/loss=1.9700430631637573, test/num_examples=10000, total_duration=48629.9, train/accuracy=0.9653021097183228, train/loss=0.12982338666915894, validation/accuracy=0.7476800084114075, validation/loss=1.1292386054992676, validation/num_examples=50000
I0414 16:12:18.168130 140170022724800 spec.py:333] Evaluating on the training split.
I0414 16:12:27.164478 140170022724800 spec.py:346] Evaluating on the validation split.
I0414 16:12:56.419471 140170022724800 spec.py:363] Evaluating on the test split.
I0414 16:12:58.066318 140170022724800 submission_runner.py:516] Time since start: 50665.74s, 	Step: 191983, 	{'train/accuracy': Array(0.9688895, dtype=float32), 'train/loss': Array(0.12094609, dtype=float32), 'validation/accuracy': Array(0.74891996, dtype=float32), 'validation/loss': Array(1.1228919, dtype=float32), 'validation/num_examples': 50000, 'test/accuracy': Array(0.61980003, dtype=float32), 'test/loss': Array(1.9648553, dtype=float32), 'test/num_examples': 10000, 'score': 49958.2618458271, 'total_duration': 50665.73995542526, 'accumulated_submission_time': 49958.2618458271, 'accumulated_eval_time': 697.5153629779816, 'accumulated_logging_time': 7.759551763534546}
I0414 16:12:59.804146 139955267434240 logging_writer.py:48] [191983] accumulated_eval_time=697.515, accumulated_logging_time=7.75955, accumulated_submission_time=49958.3, global_step=191983, preemption_count=0, score=49958.3, test/accuracy=0.6198000311851501, test/loss=1.9648553133010864, test/num_examples=10000, total_duration=50665.7, train/accuracy=0.9688894748687744, train/loss=0.12094609439373016, validation/accuracy=0.7489199638366699, validation/loss=1.122891902923584, validation/num_examples=50000
I0414 16:46:14.028299 140170022724800 spec.py:333] Evaluating on the training split.
I0414 16:46:22.701562 140170022724800 spec.py:346] Evaluating on the validation split.
I0414 16:46:51.726548 140170022724800 spec.py:363] Evaluating on the test split.
I0414 16:46:53.343336 140170022724800 submission_runner.py:516] Time since start: 52700.99s, 	Step: 197766, 	{'train/accuracy': Array(0.9682916, dtype=float32), 'train/loss': Array(0.12048513, dtype=float32), 'validation/accuracy': Array(0.74957997, dtype=float32), 'validation/loss': Array(1.1224838, dtype=float32), 'validation/num_examples': 50000, 'test/accuracy': Array(0.61910003, dtype=float32), 'test/loss': Array(1.9659003, dtype=float32), 'test/num_examples': 10000, 'score': 51951.255595207214, 'total_duration': 52700.9865193367, 'accumulated_submission_time': 51951.255595207214, 'accumulated_eval_time': 736.5546178817749, 'accumulated_logging_time': 10.638704299926758}
I0414 16:46:54.986463 139955418404608 logging_writer.py:48] [197766] accumulated_eval_time=736.555, accumulated_logging_time=10.6387, accumulated_submission_time=51951.3, global_step=197766, preemption_count=0, score=51951.3, test/accuracy=0.619100034236908, test/loss=1.9659003019332886, test/num_examples=10000, total_duration=52701, train/accuracy=0.9682915806770325, train/loss=0.12048512697219849, validation/accuracy=0.7495799660682678, validation/loss=1.1224838495254517, validation/num_examples=50000
I0414 17:20:09.325231 140170022724800 spec.py:333] Evaluating on the training split.
I0414 17:20:18.176622 140170022724800 spec.py:346] Evaluating on the validation split.
I0414 17:20:47.655556 140170022724800 spec.py:363] Evaluating on the test split.
I0414 17:20:49.195981 140170022724800 submission_runner.py:516] Time since start: 54736.94s, 	Step: 203591, 	{'train/accuracy': Array(0.96884966, dtype=float32), 'train/loss': Array(0.11821125, dtype=float32), 'validation/accuracy': Array(0.74932, dtype=float32), 'validation/loss': Array(1.1246346, dtype=float32), 'validation/num_examples': 50000, 'test/accuracy': Array(0.6208, dtype=float32), 'test/loss': Array(1.9677745, dtype=float32), 'test/num_examples': 10000, 'score': 53944.526611328125, 'total_duration': 54736.94415354729, 'accumulated_submission_time': 53944.526611328125, 'accumulated_eval_time': 776.2620770931244, 'accumulated_logging_time': 13.253029346466064}
I0414 17:20:50.763963 139955267434240 logging_writer.py:48] [203591] accumulated_eval_time=776.262, accumulated_logging_time=13.253, accumulated_submission_time=53944.5, global_step=203591, preemption_count=0, score=53944.5, test/accuracy=0.6208000183105469, test/loss=1.967774510383606, test/num_examples=10000, total_duration=54736.9, train/accuracy=0.9688496589660645, train/loss=0.11821124702692032, validation/accuracy=0.7493199706077576, validation/loss=1.1246346235275269, validation/num_examples=50000
I0414 17:54:05.335272 140170022724800 spec.py:333] Evaluating on the training split.
I0414 17:54:14.325116 140170022724800 spec.py:346] Evaluating on the validation split.
I0414 17:54:44.045399 140170022724800 spec.py:363] Evaluating on the test split.
I0414 17:54:45.998548 140170022724800 submission_runner.py:516] Time since start: 56773.66s, 	Step: 209387, 	{'train/accuracy': Array(0.96894926, dtype=float32), 'train/loss': Array(0.11749333, dtype=float32), 'validation/accuracy': Array(0.74956, dtype=float32), 'validation/loss': Array(1.1241146, dtype=float32), 'validation/num_examples': 50000, 'test/accuracy': Array(0.6201, dtype=float32), 'test/loss': Array(1.9655461, dtype=float32), 'test/num_examples': 10000, 'score': 55937.957523822784, 'total_duration': 56773.65515422821, 'accumulated_submission_time': 55937.957523822784, 'accumulated_eval_time': 816.6625125408173, 'accumulated_logging_time': 15.868784427642822}
I0414 17:54:47.965717 139955418404608 logging_writer.py:48] [209387] accumulated_eval_time=816.663, accumulated_logging_time=15.8688, accumulated_submission_time=55938, global_step=209387, preemption_count=0, score=55938, test/accuracy=0.6201000213623047, test/loss=1.9655461311340332, test/num_examples=10000, total_duration=56773.7, train/accuracy=0.9689492583274841, train/loss=0.11749333143234253, validation/accuracy=0.7495599985122681, validation/loss=1.1241146326065063, validation/num_examples=50000
I0414 18:28:01.994736 140170022724800 spec.py:333] Evaluating on the training split.
I0414 18:28:11.299468 140170022724800 spec.py:346] Evaluating on the validation split.
I0414 18:28:43.248438 140170022724800 spec.py:363] Evaluating on the test split.
I0414 18:28:44.945380 140170022724800 submission_runner.py:516] Time since start: 58812.56s, 	Step: 215276, 	{'train/accuracy': Array(0.96952724, dtype=float32), 'train/loss': Array(0.11969685, dtype=float32), 'validation/accuracy': Array(0.74909997, dtype=float32), 'validation/loss': Array(1.1224613, dtype=float32), 'validation/num_examples': 50000, 'test/accuracy': Array(0.61960006, dtype=float32), 'test/loss': Array(1.9637848, dtype=float32), 'test/num_examples': 10000, 'score': 57930.79557919502, 'total_duration': 58812.562900304794, 'accumulated_submission_time': 57930.79557919502, 'accumulated_eval_time': 859.3178203105927, 'accumulated_logging_time': 18.93439531326294}
I0414 18:28:46.548508 139955267434240 logging_writer.py:48] [215276] accumulated_eval_time=859.318, accumulated_logging_time=18.9344, accumulated_submission_time=57930.8, global_step=215276, preemption_count=0, score=57930.8, test/accuracy=0.6196000576019287, test/loss=1.9637848138809204, test/num_examples=10000, total_duration=58812.6, train/accuracy=0.9695272445678711, train/loss=0.11969684809446335, validation/accuracy=0.7490999698638916, validation/loss=1.1224613189697266, validation/num_examples=50000
I0414 19:02:00.863868 140170022724800 spec.py:333] Evaluating on the training split.
I0414 19:02:10.137115 140170022724800 spec.py:346] Evaluating on the validation split.
I0414 19:02:37.397966 140170022724800 spec.py:363] Evaluating on the test split.
I0414 19:02:38.903462 140170022724800 submission_runner.py:516] Time since start: 60846.56s, 	Step: 221163, 	{'train/accuracy': Array(0.9684311, dtype=float32), 'train/loss': Array(0.11858464, dtype=float32), 'validation/accuracy': Array(0.74957997, dtype=float32), 'validation/loss': Array(1.1231313, dtype=float32), 'validation/num_examples': 50000, 'test/accuracy': Array(0.61960006, dtype=float32), 'test/loss': Array(1.9653933, dtype=float32), 'test/num_examples': 10000, 'score': 59923.98195838928, 'total_duration': 60846.56234025955, 'accumulated_submission_time': 59923.98195838928, 'accumulated_eval_time': 897.1188290119171, 'accumulated_logging_time': 21.527247190475464}
I0414 19:02:40.754583 139955418404608 logging_writer.py:48] [221163] accumulated_eval_time=897.119, accumulated_logging_time=21.5272, accumulated_submission_time=59924, global_step=221163, preemption_count=0, score=59924, test/accuracy=0.6196000576019287, test/loss=1.965393304824829, test/num_examples=10000, total_duration=60846.6, train/accuracy=0.9684311151504517, train/loss=0.11858464032411575, validation/accuracy=0.7495799660682678, validation/loss=1.123131275177002, validation/num_examples=50000
I0414 19:35:54.999688 140170022724800 spec.py:333] Evaluating on the training split.
I0414 19:36:04.072166 140170022724800 spec.py:346] Evaluating on the validation split.
I0414 19:36:33.921378 140170022724800 spec.py:363] Evaluating on the test split.
I0414 19:36:35.503701 140170022724800 submission_runner.py:516] Time since start: 62883.17s, 	Step: 226936, 	{'train/accuracy': Array(0.9685507, dtype=float32), 'train/loss': Array(0.11926172, dtype=float32), 'validation/accuracy': Array(0.74964, dtype=float32), 'validation/loss': Array(1.122931, dtype=float32), 'validation/num_examples': 50000, 'test/accuracy': Array(0.6197, dtype=float32), 'test/loss': Array(1.96542, dtype=float32), 'test/num_examples': 10000, 'score': 61917.01934456825, 'total_duration': 62883.174902915955, 'accumulated_submission_time': 61917.01934456825, 'accumulated_eval_time': 937.3733193874359, 'accumulated_logging_time': 24.505961179733276}
I0414 19:36:37.126507 139955267434240 logging_writer.py:48] [226936] accumulated_eval_time=937.373, accumulated_logging_time=24.506, accumulated_submission_time=61917, global_step=226936, preemption_count=0, score=61917, test/accuracy=0.619700014591217, test/loss=1.9654200077056885, test/num_examples=10000, total_duration=62883.2, train/accuracy=0.9685506820678711, train/loss=0.1192617192864418, validation/accuracy=0.7496399879455566, validation/loss=1.1229310035705566, validation/num_examples=50000
I0414 20:09:51.479417 140170022724800 spec.py:333] Evaluating on the training split.
I0414 20:10:00.526317 140170022724800 spec.py:346] Evaluating on the validation split.
I0414 20:10:28.956068 140170022724800 spec.py:363] Evaluating on the test split.
I0414 20:10:30.585502 140170022724800 submission_runner.py:516] Time since start: 64918.24s, 	Step: 232779, 	{'train/accuracy': Array(0.96922827, dtype=float32), 'train/loss': Array(0.11628863, dtype=float32), 'validation/accuracy': Array(0.74938, dtype=float32), 'validation/loss': Array(1.1251312, dtype=float32), 'validation/num_examples': 50000, 'test/accuracy': Array(0.61960006, dtype=float32), 'test/loss': Array(1.9668894, dtype=float32), 'test/num_examples': 10000, 'score': 63910.21921515465, 'total_duration': 64918.244925022125, 'accumulated_submission_time': 63910.21921515465, 'accumulated_eval_time': 976.2251255512238, 'accumulated_logging_time': 27.17289972305298}
I0414 20:10:32.258736 139955418404608 logging_writer.py:48] [232779] accumulated_eval_time=976.225, accumulated_logging_time=27.1729, accumulated_submission_time=63910.2, global_step=232779, preemption_count=0, score=63910.2, test/accuracy=0.6196000576019287, test/loss=1.9668893814086914, test/num_examples=10000, total_duration=64918.2, train/accuracy=0.9692282676696777, train/loss=0.11628863215446472, validation/accuracy=0.7493799924850464, validation/loss=1.1251312494277954, validation/num_examples=50000
I0414 20:43:46.371342 140170022724800 spec.py:333] Evaluating on the training split.
I0414 20:43:55.216532 140170022724800 spec.py:346] Evaluating on the validation split.
I0414 20:44:29.147690 140170022724800 spec.py:363] Evaluating on the test split.
I0414 20:44:30.592994 140170022724800 submission_runner.py:516] Time since start: 66958.29s, 	Step: 238592, 	{'train/accuracy': Array(0.9697465, dtype=float32), 'train/loss': Array(0.11907575, dtype=float32), 'validation/accuracy': Array(0.74908, dtype=float32), 'validation/loss': Array(1.1236042, dtype=float32), 'validation/num_examples': 50000, 'test/accuracy': Array(0.6208, dtype=float32), 'test/loss': Array(1.9652616, dtype=float32), 'test/num_examples': 10000, 'score': 65903.19664859772, 'total_duration': 66958.29079174995, 'accumulated_submission_time': 65903.19664859772, 'accumulated_eval_time': 1020.2285506725311, 'accumulated_logging_time': 29.89444136619568}
I0414 20:44:32.130359 139955267434240 logging_writer.py:48] [238592] accumulated_eval_time=1020.23, accumulated_logging_time=29.8944, accumulated_submission_time=65903.2, global_step=238592, preemption_count=0, score=65903.2, test/accuracy=0.6208000183105469, test/loss=1.9652615785598755, test/num_examples=10000, total_duration=66958.3, train/accuracy=0.969746470451355, train/loss=0.11907575279474258, validation/accuracy=0.7490800023078918, validation/loss=1.12360417842865, validation/num_examples=50000
I0414 21:17:46.645968 140170022724800 spec.py:333] Evaluating on the training split.
I0414 21:17:55.636932 140170022724800 spec.py:346] Evaluating on the validation split.
I0414 21:18:22.995032 140170022724800 spec.py:363] Evaluating on the test split.
I0414 21:18:24.404441 140170022724800 submission_runner.py:516] Time since start: 68992.12s, 	Step: 244470, 	{'train/accuracy': Array(0.9679129, dtype=float32), 'train/loss': Array(0.12089345, dtype=float32), 'validation/accuracy': Array(0.74948, dtype=float32), 'validation/loss': Array(1.1222978, dtype=float32), 'validation/num_examples': 50000, 'test/accuracy': Array(0.61960006, dtype=float32), 'test/loss': Array(1.9639829, dtype=float32), 'test/num_examples': 10000, 'score': 67896.51356554031, 'total_duration': 68992.1207883358, 'accumulated_submission_time': 67896.51356554031, 'accumulated_eval_time': 1057.810909986496, 'accumulated_logging_time': 32.5417799949646}
I0414 21:18:25.793241 139955418404608 logging_writer.py:48] [244470] accumulated_eval_time=1057.81, accumulated_logging_time=32.5418, accumulated_submission_time=67896.5, global_step=244470, preemption_count=0, score=67896.5, test/accuracy=0.6196000576019287, test/loss=1.9639829397201538, test/num_examples=10000, total_duration=68992.1, train/accuracy=0.9679129123687744, train/loss=0.1208934485912323, validation/accuracy=0.7494800090789795, validation/loss=1.122297763824463, validation/num_examples=50000
I0414 21:51:40.300710 140170022724800 spec.py:333] Evaluating on the training split.
I0414 21:51:49.342082 140170022724800 spec.py:346] Evaluating on the validation split.
I0414 21:52:09.523329 140170022724800 spec.py:363] Evaluating on the test split.
I0414 21:52:11.185235 140170022724800 submission_runner.py:516] Time since start: 71018.86s, 	Step: 250374, 	{'train/accuracy': Array(0.9682119, dtype=float32), 'train/loss': Array(0.12150164, dtype=float32), 'validation/accuracy': Array(0.74935997, dtype=float32), 'validation/loss': Array(1.1239587, dtype=float32), 'validation/num_examples': 50000, 'test/accuracy': Array(0.6197, dtype=float32), 'test/loss': Array(1.9639952, dtype=float32), 'test/num_examples': 10000, 'score': 69889.84369325638, 'total_duration': 71018.85838675499, 'accumulated_submission_time': 69889.84369325638, 'accumulated_eval_time': 1088.4508726596832, 'accumulated_logging_time': 35.02099561691284}
I0414 21:52:12.863004 139955267434240 logging_writer.py:48] [250374] accumulated_eval_time=1088.45, accumulated_logging_time=35.021, accumulated_submission_time=69889.8, global_step=250374, preemption_count=0, score=69889.8, test/accuracy=0.619700014591217, test/loss=1.9639952182769775, test/num_examples=10000, total_duration=71018.9, train/accuracy=0.9682118892669678, train/loss=0.12150163948535919, validation/accuracy=0.7493599653244019, validation/loss=1.123958706855774, validation/num_examples=50000
I0414 22:25:27.110652 140170022724800 spec.py:333] Evaluating on the training split.
I0414 22:25:36.063427 140170022724800 spec.py:346] Evaluating on the validation split.
I0414 22:26:05.576795 140170022724800 spec.py:363] Evaluating on the test split.
I0414 22:26:07.145655 140170022724800 submission_runner.py:516] Time since start: 73054.80s, 	Step: 256266, 	{'train/accuracy': Array(0.9681521, dtype=float32), 'train/loss': Array(0.11779477, dtype=float32), 'validation/accuracy': Array(0.74877995, dtype=float32), 'validation/loss': Array(1.1227639, dtype=float32), 'validation/num_examples': 50000, 'test/accuracy': Array(0.62030005, dtype=float32), 'test/loss': Array(1.9638734, dtype=float32), 'test/num_examples': 10000, 'score': 71882.92471814156, 'total_duration': 73054.79908132553, 'accumulated_submission_time': 71882.92471814156, 'accumulated_eval_time': 1128.2290155887604, 'accumulated_logging_time': 37.76568937301636}
I0414 22:26:08.569762 139955418404608 logging_writer.py:48] [256266] accumulated_eval_time=1128.23, accumulated_logging_time=37.7657, accumulated_submission_time=71882.9, global_step=256266, preemption_count=0, score=71882.9, test/accuracy=0.6203000545501709, test/loss=1.9638733863830566, test/num_examples=10000, total_duration=73054.8, train/accuracy=0.9681521058082581, train/loss=0.11779476702213287, validation/accuracy=0.7487799525260925, validation/loss=1.1227638721466064, validation/num_examples=50000
I0414 22:59:23.188078 140170022724800 spec.py:333] Evaluating on the training split.
I0414 22:59:32.218172 140170022724800 spec.py:346] Evaluating on the validation split.
I0414 23:00:01.790230 140170022724800 spec.py:363] Evaluating on the test split.
I0414 23:00:03.314785 140170022724800 submission_runner.py:516] Time since start: 75091.00s, 	Step: 262184, 	{'train/accuracy': Array(0.9697066, dtype=float32), 'train/loss': Array(0.11834698, dtype=float32), 'validation/accuracy': Array(0.74908, dtype=float32), 'validation/loss': Array(1.1223586, dtype=float32), 'validation/num_examples': 50000, 'test/accuracy': Array(0.6201, dtype=float32), 'test/loss': Array(1.9631178, dtype=float32), 'test/num_examples': 10000, 'score': 73876.3385643959, 'total_duration': 75091.00285863876, 'accumulated_submission_time': 73876.3385643959, 'accumulated_eval_time': 1168.1327123641968, 'accumulated_logging_time': 40.30532717704773}
I0414 23:00:04.756942 139955267434240 logging_writer.py:48] [262184] accumulated_eval_time=1168.13, accumulated_logging_time=40.3053, accumulated_submission_time=73876.3, global_step=262184, preemption_count=0, score=73876.3, test/accuracy=0.6201000213623047, test/loss=1.9631178379058838, test/num_examples=10000, total_duration=75091, train/accuracy=0.9697065949440002, train/loss=0.11834698170423508, validation/accuracy=0.7490800023078918, validation/loss=1.1223585605621338, validation/num_examples=50000
I0414 23:33:22.684902 139955418404608 logging_writer.py:48] [268220] global_step=268220, preemption_count=0, score=75869.8
I0414 23:33:24.797327 140170022724800 submission_runner.py:857] Final imagenet_resnet score: 75869.82991337776
