python submission_runner.py --framework=jax --workload=wmt --submission_path=submissions_algorithms/submissions/self_tuning/muon/submission.py --data_dir=/data/wmt --experiment_dir=/experiment_runs --experiment_name=submissions_a100/muon/study_2 --overwrite=True --save_checkpoints=False --rng_seed=-597005899 --tuning_ruleset=self 2>&1 | tee -a /logs/wmt_jax_05-10-2026-17-10-40.log
2026-05-10 17:10:41.164767: E external/local_xla/xla/stream_executor/cuda/cuda_fft.cc:467] Unable to register cuFFT factory: Attempting to register factory for plugin cuFFT when one has already been registered
WARNING: All log messages before absl::InitializeLog() is called are written to STDERR
E0000 00:00:1778433041.192596       9 cuda_dnn.cc:8579] Unable to register cuDNN factory: Attempting to register factory for plugin cuDNN when one has already been registered
E0000 00:00:1778433041.201671       9 cuda_blas.cc:1407] Unable to register cuBLAS factory: Attempting to register factory for plugin cuBLAS when one has already been registered
W0000 00:00:1778433041.231911       9 computation_placer.cc:177] computation placer already registered. Please check linkage and avoid linking the same target more than once.
W0000 00:00:1778433041.231941       9 computation_placer.cc:177] computation placer already registered. Please check linkage and avoid linking the same target more than once.
W0000 00:00:1778433041.231944       9 computation_placer.cc:177] computation placer already registered. Please check linkage and avoid linking the same target more than once.
W0000 00:00:1778433041.231945       9 computation_placer.cc:177] computation placer already registered. Please check linkage and avoid linking the same target more than once.
/usr/local/lib/python3.11/site-packages/torch/__init__.py:1617: UserWarning: Please use the new API settings to control TF32 behavior, such as torch.backends.cudnn.conv.fp32_precision = 'tf32' or torch.backends.cuda.matmul.fp32_precision = 'ieee'. Old settings, e.g, torch.backends.cuda.matmul.allow_tf32 = True, torch.backends.cudnn.allow_tf32 = True, allowTF32CuDNN() and allowTF32CuBLAS() will be deprecated after Pytorch 2.9. Please see https://pytorch.org/docs/main/notes/cuda.html#tensorfloat-32-tf32-on-ampere-and-later-devices (Triggered internally at /pytorch/aten/src/ATen/Context.cpp:80.)
  _C._set_float32_matmul_precision(precision)
/usr/local/lib/python3.11/site-packages/pydantic/_internal/_generate_schema.py:2249: UnsupportedFieldAttributeWarning: The 'repr' attribute with value False was provided to the `Field()` function, which has no effect in the context it was used. 'repr' is field-specific metadata, and can only be attached to a model field using `Annotated` metadata or by assignment. This may have happened because an `Annotated` type alias using the `type` statement was used, or if the `Field()` function was attached to a single member of a union type.
  warnings.warn(
/usr/local/lib/python3.11/site-packages/pydantic/_internal/_generate_schema.py:2249: UnsupportedFieldAttributeWarning: The 'frozen' attribute with value True was provided to the `Field()` function, which has no effect in the context it was used. 'frozen' is field-specific metadata, and can only be attached to a model field using `Annotated` metadata or by assignment. This may have happened because an `Annotated` type alias using the `type` statement was used, or if the `Field()` function was attached to a single member of a union type.
  warnings.warn(
INFO:2026-05-10 17:10:51,419:jax._src.xla_bridge:830: Unable to initialize backend 'tpu': INTERNAL: Failed to open libtpu.so: libtpu.so: cannot open shared object file: No such file or directory
I0510 17:10:51.419169 139875201737920 xla_bridge.py:830] Unable to initialize backend 'tpu': INTERNAL: Failed to open libtpu.so: libtpu.so: cannot open shared object file: No such file or directory
I0510 17:10:52.029524 139875201737920 logger_utils.py:84] Creating experiment directory at /experiment_runs/submissions_a100/muon/study_2/wmt_jax.
I0510 17:10:52.450923 139875201737920 submission_runner.py:741] Creating directory at /experiment_runs/submissions_a100/muon/study_2/wmt_jax/trial_1.
I0510 17:10:52.730486 139875201737920 submission_runner.py:242] Initializing dataset.
I0510 17:10:52.907663 139875201737920 dataset_info.py:707] Load dataset info from /data/wmt/wmt17_translate/de-en/1.0.0
I0510 17:10:52.957141 139875201737920 dataset_info.py:793] For 'wmt17_translate/de-en/1.0.0': fields info.[splits, supervised_keys] differ on disk and in the code. Keeping the one from code.
I0510 17:10:52.959736 139875201737920 reader.py:262] Creating a tf.data.Dataset reading 16 files located in folders: /data/wmt/wmt17_translate/de-en/1.0.0.
I0510 17:10:53.042923 139875201737920 logging_logger.py:49] Constructing tf.data.Dataset wmt17_translate for split train, from /data/wmt/wmt17_translate/de-en/1.0.0
I0510 17:10:55.078231 139875201737920 submission_runner.py:251] Initializing model.
I0510 17:11:40.839807 139875201737920 submission_runner.py:294] Initializing optimizer.
I0510 17:11:41.194942 139875201737920 submission_runner.py:299] Initializing metrics bundle.
I0510 17:11:41.195170 139875201737920 submission_runner.py:321] Initializing checkpoint and logger.
I0510 17:11:41.197832 139875201737920 checkpoints.py:1098] Found no checkpoint files in /experiment_runs/submissions_a100/muon/study_2/wmt_jax/trial_1 with prefix checkpoint_
I0510 17:11:41.197954 139875201737920 submission_runner.py:344] Saving meta data to /experiment_runs/submissions_a100/muon/study_2/wmt_jax/trial_1/meta_data_0.json.
I0510 17:11:41.198181 139875201737920 logger_utils.py:283] Unable to record workload.train_mean information. Continuing without it.
I0510 17:11:41.198240 139875201737920 logger_utils.py:283] Unable to record workload.train_stddev information. Continuing without it.
I0510 17:11:41.363564 139875201737920 submission_runner.py:348] Saving flags to /experiment_runs/submissions_a100/muon/study_2/wmt_jax/trial_1/flags_0.json.
I0510 17:11:41.372330 139875201737920 submission_runner.py:359] Starting training loop.
I0510 17:12:41.449761 139875201737920 spec.py:333] Evaluating on the training split.
I0510 17:12:41.454637 139875201737920 dataset_info.py:707] Load dataset info from /data/wmt/wmt17_translate/de-en/1.0.0
I0510 17:12:41.456811 139875201737920 dataset_info.py:793] For 'wmt17_translate/de-en/1.0.0': fields info.[splits, supervised_keys] differ on disk and in the code. Keeping the one from code.
I0510 17:12:41.457923 139875201737920 reader.py:262] Creating a tf.data.Dataset reading 16 files located in folders: /data/wmt/wmt17_translate/de-en/1.0.0.
I0510 17:12:41.499083 139875201737920 logging_logger.py:49] Constructing tf.data.Dataset wmt17_translate for split train, from /data/wmt/wmt17_translate/de-en/1.0.0
I0510 17:12:49.789662 139875201737920 workload.py:200] Translating evaluation dataset.
I0510 17:17:58.200359 139875201737920 spec.py:346] Evaluating on the validation split.
I0510 17:17:58.239902 139875201737920 dataset_info.py:707] Load dataset info from /data/wmt/wmt14_translate/de-en/1.0.0
I0510 17:17:58.327848 139875201737920 dataset_info.py:793] For 'wmt14_translate/de-en/1.0.0': fields info.[splits, supervised_keys] differ on disk and in the code. Keeping the one from code.
I0510 17:17:58.328732 139875201737920 reader.py:262] Creating a tf.data.Dataset reading 1 files located in folders: /data/wmt/wmt14_translate/de-en/1.0.0.
I0510 17:17:58.368985 139875201737920 logging_logger.py:49] Constructing tf.data.Dataset wmt14_translate for split validation, from /data/wmt/wmt14_translate/de-en/1.0.0
I0510 17:18:05.641887 139875201737920 workload.py:200] Translating evaluation dataset.
I0510 17:23:05.115489 139875201737920 spec.py:363] Evaluating on the test split.
I0510 17:23:05.118752 139875201737920 dataset_info.py:707] Load dataset info from /data/wmt/wmt14_translate/de-en/1.0.0
I0510 17:23:05.121156 139875201737920 dataset_info.py:793] For 'wmt14_translate/de-en/1.0.0': fields info.[splits, supervised_keys] differ on disk and in the code. Keeping the one from code.
I0510 17:23:05.122014 139875201737920 reader.py:262] Creating a tf.data.Dataset reading 1 files located in folders: /data/wmt/wmt14_translate/de-en/1.0.0.
I0510 17:23:05.161830 139875201737920 logging_logger.py:49] Constructing tf.data.Dataset wmt14_translate for split test, from /data/wmt/wmt14_translate/de-en/1.0.0
I0510 17:23:06.235157 139875201737920 workload.py:200] Translating evaluation dataset.
I0510 17:28:04.482396 139875201737920 submission_runner.py:516] Time since start: 983.11s, 	Step: 1, 	{'train/accuracy': 0.04587271809577942, 'train/loss': 9.442570686340332, 'train/bleu': 0.001279611019857708, 'validation/accuracy': 0.040011901408433914, 'validation/loss': 9.457791328430176, 'validation/bleu': 0.0012514950168931818, 'validation/num_examples': 3000, 'test/accuracy': 0.04097379744052887, 'test/loss': 9.571843147277832, 'test/bleu': 0.0012804003414241013, 'test/num_examples': 3003, 'score': 60.07726240158081, 'total_duration': 983.1098906993866, 'accumulated_submission_time': 60.07726240158081, 'accumulated_eval_time': 923.032478094101, 'accumulated_logging_time': 0}
I0510 17:28:04.505418 139710293788416 logging_writer.py:48] [1] accumulated_eval_time=923.032, accumulated_logging_time=0, accumulated_submission_time=60.0773, global_step=1, preemption_count=0, score=60.0773, test/accuracy=0.0409738, test/bleu=0.0012804, test/loss=9.57184, test/num_examples=3003, total_duration=983.11, train/accuracy=0.0458727, train/bleu=0.00127961, train/loss=9.44257, validation/accuracy=0.0400119, validation/bleu=0.0012515, validation/loss=9.45779, validation/num_examples=3000
I0510 17:38:48.523957 139875201737920 spec.py:333] Evaluating on the training split.
I0510 17:38:49.513624 139875201737920 workload.py:200] Translating evaluation dataset.
I0510 17:42:05.130542 139875201737920 spec.py:346] Evaluating on the validation split.
I0510 17:42:06.062902 139875201737920 workload.py:200] Translating evaluation dataset.
I0510 17:45:14.768948 139875201737920 spec.py:363] Evaluating on the test split.
I0510 17:45:15.704145 139875201737920 workload.py:200] Translating evaluation dataset.
I0510 17:48:06.689114 139875201737920 submission_runner.py:516] Time since start: 2185.32s, 	Step: 3375, 	{'train/accuracy': 0.5542512536048889, 'train/loss': 2.63212513923645, 'train/bleu': 24.85572606484616, 'validation/accuracy': 0.5561988949775696, 'validation/loss': 2.5865607261657715, 'validation/bleu': 20.71687402675954, 'validation/num_examples': 3000, 'test/accuracy': 0.5593515634536743, 'test/loss': 2.6059091091156006, 'test/bleu': 19.451688527768866, 'test/num_examples': 3003, 'score': 704.0305507183075, 'total_duration': 2185.31666970253, 'accumulated_submission_time': 704.0305507183075, 'accumulated_eval_time': 1481.197552204132, 'accumulated_logging_time': 0.059705495834350586}
I0510 17:48:06.720251 139710327359232 logging_writer.py:48] [3375] accumulated_eval_time=1481.2, accumulated_logging_time=0.0597055, accumulated_submission_time=704.031, global_step=3375, preemption_count=0, score=704.031, test/accuracy=0.559352, test/bleu=19.4517, test/loss=2.60591, test/num_examples=3003, total_duration=2185.32, train/accuracy=0.554251, train/bleu=24.8557, train/loss=2.63213, validation/accuracy=0.556199, validation/bleu=20.7169, validation/loss=2.58656, validation/num_examples=3000
I0510 17:58:50.782601 139875201737920 spec.py:333] Evaluating on the training split.
I0510 17:58:51.771616 139875201737920 workload.py:200] Translating evaluation dataset.
I0510 18:01:59.342757 139875201737920 spec.py:346] Evaluating on the validation split.
I0510 18:02:00.276342 139875201737920 workload.py:200] Translating evaluation dataset.
I0510 18:04:53.246879 139875201737920 spec.py:363] Evaluating on the test split.
I0510 18:04:54.147203 139875201737920 workload.py:200] Translating evaluation dataset.
I0510 18:07:32.281561 139875201737920 submission_runner.py:516] Time since start: 3350.91s, 	Step: 7078, 	{'train/accuracy': 0.6107367873191833, 'train/loss': 2.0874102115631104, 'train/bleu': 28.841247481177824, 'validation/accuracy': 0.60672527551651, 'validation/loss': 2.1053168773651123, 'validation/bleu': 24.3641418514893, 'validation/num_examples': 3000, 'test/accuracy': 0.610284149646759, 'test/loss': 2.084336519241333, 'test/bleu': 22.979341466553112, 'test/num_examples': 3003, 'score': 1348.052018404007, 'total_duration': 3350.909116268158, 'accumulated_submission_time': 1348.052018404007, 'accumulated_eval_time': 2002.696424484253, 'accumulated_logging_time': 0.10035371780395508}
I0510 18:07:32.308860 139709211604736 logging_writer.py:48] [7078] accumulated_eval_time=2002.7, accumulated_logging_time=0.100354, accumulated_submission_time=1348.05, global_step=7078, preemption_count=0, score=1348.05, test/accuracy=0.610284, test/bleu=22.9793, test/loss=2.08434, test/num_examples=3003, total_duration=3350.91, train/accuracy=0.610737, train/bleu=28.8412, train/loss=2.08741, validation/accuracy=0.606725, validation/bleu=24.3641, validation/loss=2.10532, validation/num_examples=3000
I0510 18:18:16.405100 139875201737920 spec.py:333] Evaluating on the training split.
I0510 18:18:17.396011 139875201737920 workload.py:200] Translating evaluation dataset.
I0510 18:21:05.160217 139875201737920 spec.py:346] Evaluating on the validation split.
I0510 18:21:06.084732 139875201737920 workload.py:200] Translating evaluation dataset.
I0510 18:23:58.683173 139875201737920 spec.py:363] Evaluating on the test split.
I0510 18:23:59.583771 139875201737920 workload.py:200] Translating evaluation dataset.
I0510 18:26:39.394180 139875201737920 submission_runner.py:516] Time since start: 4498.02s, 	Step: 10779, 	{'train/accuracy': 0.6111130118370056, 'train/loss': 2.0411927700042725, 'train/bleu': 29.516421924816026, 'validation/accuracy': 0.6202154755592346, 'validation/loss': 1.9574724435806274, 'validation/bleu': 25.53638596253667, 'validation/num_examples': 3000, 'test/accuracy': 0.6296089887619019, 'test/loss': 1.9164446592330933, 'test/bleu': 24.662420704357675, 'test/num_examples': 3003, 'score': 1992.1069114208221, 'total_duration': 4498.0217390060425, 'accumulated_submission_time': 1992.1069114208221, 'accumulated_eval_time': 2505.685421705246, 'accumulated_logging_time': 0.13699007034301758}
I0510 18:26:39.420762 139709211604736 logging_writer.py:48] [10779] accumulated_eval_time=2505.69, accumulated_logging_time=0.13699, accumulated_submission_time=1992.11, global_step=10779, preemption_count=0, score=1992.11, test/accuracy=0.629609, test/bleu=24.6624, test/loss=1.91644, test/num_examples=3003, total_duration=4498.02, train/accuracy=0.611113, train/bleu=29.5164, train/loss=2.04119, validation/accuracy=0.620215, validation/bleu=25.5364, validation/loss=1.95747, validation/num_examples=3000
I0510 18:37:23.523939 139875201737920 spec.py:333] Evaluating on the training split.
I0510 18:37:24.514428 139875201737920 workload.py:200] Translating evaluation dataset.
I0510 18:40:58.759413 139875201737920 spec.py:346] Evaluating on the validation split.
I0510 18:40:59.686605 139875201737920 workload.py:200] Translating evaluation dataset.
I0510 18:44:09.972105 139875201737920 spec.py:363] Evaluating on the test split.
I0510 18:44:10.872142 139875201737920 workload.py:200] Translating evaluation dataset.
I0510 18:47:02.721726 139875201737920 submission_runner.py:516] Time since start: 5721.35s, 	Step: 14480, 	{'train/accuracy': 0.625984787940979, 'train/loss': 1.921921968460083, 'train/bleu': 30.15480381009483, 'validation/accuracy': 0.6307423114776611, 'validation/loss': 1.865965723991394, 'validation/bleu': 26.208500904248655, 'validation/num_examples': 3000, 'test/accuracy': 0.6383475661277771, 'test/loss': 1.8187763690948486, 'test/bleu': 25.031231941950967, 'test/num_examples': 3003, 'score': 2636.1686511039734, 'total_duration': 5721.3492686748505, 'accumulated_submission_time': 2636.1686511039734, 'accumulated_eval_time': 3084.883115530014, 'accumulated_logging_time': 0.17316699028015137}
I0510 18:47:02.748806 139709211604736 logging_writer.py:48] [14480] accumulated_eval_time=3084.88, accumulated_logging_time=0.173167, accumulated_submission_time=2636.17, global_step=14480, preemption_count=0, score=2636.17, test/accuracy=0.638348, test/bleu=25.0312, test/loss=1.81878, test/num_examples=3003, total_duration=5721.35, train/accuracy=0.625985, train/bleu=30.1548, train/loss=1.92192, validation/accuracy=0.630742, validation/bleu=26.2085, validation/loss=1.86597, validation/num_examples=3000
I0510 18:57:46.743272 139875201737920 spec.py:333] Evaluating on the training split.
I0510 18:57:47.731832 139875201737920 workload.py:200] Translating evaluation dataset.
I0510 19:01:20.604598 139875201737920 spec.py:346] Evaluating on the validation split.
I0510 19:01:21.545549 139875201737920 workload.py:200] Translating evaluation dataset.
I0510 19:04:14.266521 139875201737920 spec.py:363] Evaluating on the test split.
I0510 19:04:15.166944 139875201737920 workload.py:200] Translating evaluation dataset.
I0510 19:06:54.871823 139875201737920 submission_runner.py:516] Time since start: 6913.50s, 	Step: 18183, 	{'train/accuracy': 0.6248164772987366, 'train/loss': 1.9091298580169678, 'train/bleu': 30.443883007951605, 'validation/accuracy': 0.6369046568870544, 'validation/loss': 1.8166213035583496, 'validation/bleu': 26.50824677165342, 'validation/num_examples': 3000, 'test/accuracy': 0.6452850103378296, 'test/loss': 1.7674134969711304, 'test/bleu': 25.784921498546712, 'test/num_examples': 3003, 'score': 3280.1217908859253, 'total_duration': 6913.4993731975555, 'accumulated_submission_time': 3280.1217908859253, 'accumulated_eval_time': 3633.011568546295, 'accumulated_logging_time': 0.20982646942138672}
I0510 19:06:54.897825 139710318966528 logging_writer.py:48] [18183] accumulated_eval_time=3633.01, accumulated_logging_time=0.209826, accumulated_submission_time=3280.12, global_step=18183, preemption_count=0, score=3280.12, test/accuracy=0.645285, test/bleu=25.7849, test/loss=1.76741, test/num_examples=3003, total_duration=6913.5, train/accuracy=0.624816, train/bleu=30.4439, train/loss=1.90913, validation/accuracy=0.636905, validation/bleu=26.5082, validation/loss=1.81662, validation/num_examples=3000
I0510 19:17:39.023514 139875201737920 spec.py:333] Evaluating on the training split.
I0510 19:17:39.931230 139875201737920 workload.py:200] Translating evaluation dataset.
I0510 19:20:43.085986 139875201737920 spec.py:346] Evaluating on the validation split.
I0510 19:20:44.015984 139875201737920 workload.py:200] Translating evaluation dataset.
I0510 19:23:30.084323 139875201737920 spec.py:363] Evaluating on the test split.
I0510 19:23:30.984175 139875201737920 workload.py:200] Translating evaluation dataset.
I0510 19:26:19.244698 139875201737920 submission_runner.py:516] Time since start: 8077.87s, 	Step: 21884, 	{'train/accuracy': 0.6332058310508728, 'train/loss': 1.8457549810409546, 'train/bleu': 30.657207605800075, 'validation/accuracy': 0.6416783332824707, 'validation/loss': 1.77672278881073, 'validation/bleu': 26.7250324574693, 'validation/num_examples': 3000, 'test/accuracy': 0.6503747701644897, 'test/loss': 1.7204622030258179, 'test/bleu': 25.93448181167008, 'test/num_examples': 3003, 'score': 3924.2062878608704, 'total_duration': 8077.872189760208, 'accumulated_submission_time': 3924.2062878608704, 'accumulated_eval_time': 4153.232602357864, 'accumulated_logging_time': 0.2451164722442627}
I0510 19:26:19.272687 139709211604736 logging_writer.py:48] [21884] accumulated_eval_time=4153.23, accumulated_logging_time=0.245116, accumulated_submission_time=3924.21, global_step=21884, preemption_count=0, score=3924.21, test/accuracy=0.650375, test/bleu=25.9345, test/loss=1.72046, test/num_examples=3003, total_duration=8077.87, train/accuracy=0.633206, train/bleu=30.6572, train/loss=1.84575, validation/accuracy=0.641678, validation/bleu=26.725, validation/loss=1.77672, validation/num_examples=3000
I0510 19:37:03.276347 139875201737920 spec.py:333] Evaluating on the training split.
I0510 19:37:04.266858 139875201737920 workload.py:200] Translating evaluation dataset.
I0510 19:40:04.031505 139875201737920 spec.py:346] Evaluating on the validation split.
I0510 19:40:04.963288 139875201737920 workload.py:200] Translating evaluation dataset.
I0510 19:42:51.163244 139875201737920 spec.py:363] Evaluating on the test split.
I0510 19:42:52.063551 139875201737920 workload.py:200] Translating evaluation dataset.
I0510 19:45:41.053723 139875201737920 submission_runner.py:516] Time since start: 9239.68s, 	Step: 25585, 	{'train/accuracy': 0.6586604118347168, 'train/loss': 1.6532282829284668, 'train/bleu': 32.3356234771089, 'validation/accuracy': 0.6448897123336792, 'validation/loss': 1.7475852966308594, 'validation/bleu': 27.2705640790411, 'validation/num_examples': 3000, 'test/accuracy': 0.6536750197410583, 'test/loss': 1.6955989599227905, 'test/bleu': 26.039790655830185, 'test/num_examples': 3003, 'score': 4568.167285680771, 'total_duration': 9239.681279420853, 'accumulated_submission_time': 4568.167285680771, 'accumulated_eval_time': 4671.009891748428, 'accumulated_logging_time': 0.2828855514526367}
I0510 19:45:41.081078 139710318966528 logging_writer.py:48] [25585] accumulated_eval_time=4671.01, accumulated_logging_time=0.282886, accumulated_submission_time=4568.17, global_step=25585, preemption_count=0, score=4568.17, test/accuracy=0.653675, test/bleu=26.0398, test/loss=1.6956, test/num_examples=3003, total_duration=9239.68, train/accuracy=0.65866, train/bleu=32.3356, train/loss=1.65323, validation/accuracy=0.64489, validation/bleu=27.2706, validation/loss=1.74759, validation/num_examples=3000
I0510 19:56:25.114672 139875201737920 spec.py:333] Evaluating on the training split.
I0510 19:56:26.105352 139875201737920 workload.py:200] Translating evaluation dataset.
I0510 19:59:49.689716 139875201737920 spec.py:346] Evaluating on the validation split.
I0510 19:59:50.619379 139875201737920 workload.py:200] Translating evaluation dataset.
I0510 20:02:59.728906 139875201737920 spec.py:363] Evaluating on the test split.
I0510 20:03:00.629080 139875201737920 workload.py:200] Translating evaluation dataset.
I0510 20:06:42.406911 139875201737920 submission_runner.py:516] Time since start: 10501.03s, 	Step: 29287, 	{'train/accuracy': 0.637027382850647, 'train/loss': 1.8034740686416626, 'train/bleu': 31.34200152727177, 'validation/accuracy': 0.6465511918067932, 'validation/loss': 1.7241040468215942, 'validation/bleu': 27.279511346542925, 'validation/num_examples': 3000, 'test/accuracy': 0.6597292423248291, 'test/loss': 1.6594785451889038, 'test/bleu': 26.604924889237576, 'test/num_examples': 3003, 'score': 5212.159090042114, 'total_duration': 10501.034399747849, 'accumulated_submission_time': 5212.159090042114, 'accumulated_eval_time': 5288.301984071732, 'accumulated_logging_time': 0.3195476531982422}
I0510 20:06:42.432112 139709211604736 logging_writer.py:48] [29287] accumulated_eval_time=5288.3, accumulated_logging_time=0.319548, accumulated_submission_time=5212.16, global_step=29287, preemption_count=0, score=5212.16, test/accuracy=0.659729, test/bleu=26.6049, test/loss=1.65948, test/num_examples=3003, total_duration=10501, train/accuracy=0.637027, train/bleu=31.342, train/loss=1.80347, validation/accuracy=0.646551, validation/bleu=27.2795, validation/loss=1.7241, validation/num_examples=3000
I0510 20:17:26.567022 139875201737920 spec.py:333] Evaluating on the training split.
I0510 20:17:27.557448 139875201737920 workload.py:200] Translating evaluation dataset.
I0510 20:20:40.764814 139875201737920 spec.py:346] Evaluating on the validation split.
I0510 20:20:41.689089 139875201737920 workload.py:200] Translating evaluation dataset.
I0510 20:23:34.052206 139875201737920 spec.py:363] Evaluating on the test split.
I0510 20:23:34.951706 139875201737920 workload.py:200] Translating evaluation dataset.
I0510 20:26:29.873855 139875201737920 submission_runner.py:516] Time since start: 11688.50s, 	Step: 32988, 	{'train/accuracy': 0.6462961435317993, 'train/loss': 1.7378877401351929, 'train/bleu': 32.048855265186155, 'validation/accuracy': 0.649774968624115, 'validation/loss': 1.7003117799758911, 'validation/bleu': 27.525787114357403, 'validation/num_examples': 3000, 'test/accuracy': 0.6595549583435059, 'test/loss': 1.6411594152450562, 'test/bleu': 26.499800204630684, 'test/num_examples': 3003, 'score': 5856.2524626255035, 'total_duration': 11688.501376628876, 'accumulated_submission_time': 5856.2524626255035, 'accumulated_eval_time': 5831.6087028980255, 'accumulated_logging_time': 0.3539164066314697}
I0510 20:26:29.900949 139709203212032 logging_writer.py:48] [32988] accumulated_eval_time=5831.61, accumulated_logging_time=0.353916, accumulated_submission_time=5856.25, global_step=32988, preemption_count=0, score=5856.25, test/accuracy=0.659555, test/bleu=26.4998, test/loss=1.64116, test/num_examples=3003, total_duration=11688.5, train/accuracy=0.646296, train/bleu=32.0489, train/loss=1.73789, validation/accuracy=0.649775, validation/bleu=27.5258, validation/loss=1.70031, validation/num_examples=3000
I0510 20:37:13.909055 139875201737920 spec.py:333] Evaluating on the training split.
I0510 20:37:14.900111 139875201737920 workload.py:200] Translating evaluation dataset.
I0510 20:40:46.019907 139875201737920 spec.py:346] Evaluating on the validation split.
I0510 20:40:46.948960 139875201737920 workload.py:200] Translating evaluation dataset.
I0510 20:44:04.178445 139875201737920 spec.py:363] Evaluating on the test split.
I0510 20:44:05.077650 139875201737920 workload.py:200] Translating evaluation dataset.
I0510 20:47:01.273054 139875201737920 submission_runner.py:516] Time since start: 12919.90s, 	Step: 36691, 	{'train/accuracy': 0.6399413347244263, 'train/loss': 1.7756179571151733, 'train/bleu': 31.293154577175475, 'validation/accuracy': 0.6543750166893005, 'validation/loss': 1.6753356456756592, 'validation/bleu': 27.90432064004192, 'validation/num_examples': 3000, 'test/accuracy': 0.662657618522644, 'test/loss': 1.6179907321929932, 'test/bleu': 26.771504205860392, 'test/num_examples': 3003, 'score': 6500.220968008041, 'total_duration': 12919.900602817535, 'accumulated_submission_time': 6500.220968008041, 'accumulated_eval_time': 6418.9726140499115, 'accumulated_logging_time': 0.39031362533569336}
I0510 20:47:01.299770 139710302181120 logging_writer.py:48] [36691] accumulated_eval_time=6418.97, accumulated_logging_time=0.390314, accumulated_submission_time=6500.22, global_step=36691, preemption_count=0, score=6500.22, test/accuracy=0.662658, test/bleu=26.7715, test/loss=1.61799, test/num_examples=3003, total_duration=12919.9, train/accuracy=0.639941, train/bleu=31.2932, train/loss=1.77562, validation/accuracy=0.654375, validation/bleu=27.9043, validation/loss=1.67534, validation/num_examples=3000
I0510 20:57:45.417150 139875201737920 spec.py:333] Evaluating on the training split.
I0510 20:57:46.407302 139875201737920 workload.py:200] Translating evaluation dataset.
I0510 21:02:02.834471 139875201737920 spec.py:346] Evaluating on the validation split.
I0510 21:02:03.767277 139875201737920 workload.py:200] Translating evaluation dataset.
I0510 21:05:01.518203 139875201737920 spec.py:363] Evaluating on the test split.
I0510 21:05:02.418008 139875201737920 workload.py:200] Translating evaluation dataset.
I0510 21:07:45.955523 139875201737920 submission_runner.py:516] Time since start: 14164.58s, 	Step: 40395, 	{'train/accuracy': 0.6514450907707214, 'train/loss': 1.7007335424423218, 'train/bleu': 31.888488617520068, 'validation/accuracy': 0.6547842025756836, 'validation/loss': 1.664399266242981, 'validation/bleu': 27.830965876417668, 'validation/num_examples': 3000, 'test/accuracy': 0.6666666865348816, 'test/loss': 1.6004995107650757, 'test/bleu': 27.46212110909534, 'test/num_examples': 3003, 'score': 7144.29914188385, 'total_duration': 14164.583060979843, 'accumulated_submission_time': 7144.29914188385, 'accumulated_eval_time': 7019.510890483856, 'accumulated_logging_time': 0.42592310905456543}
I0510 21:07:45.981921 139709211604736 logging_writer.py:48] [40395] accumulated_eval_time=7019.51, accumulated_logging_time=0.425923, accumulated_submission_time=7144.3, global_step=40395, preemption_count=0, score=7144.3, test/accuracy=0.666667, test/bleu=27.4621, test/loss=1.6005, test/num_examples=3003, total_duration=14164.6, train/accuracy=0.651445, train/bleu=31.8885, train/loss=1.70073, validation/accuracy=0.654784, validation/bleu=27.831, validation/loss=1.6644, validation/num_examples=3000
I0510 21:18:30.081223 139875201737920 spec.py:333] Evaluating on the training split.
I0510 21:18:31.071718 139875201737920 workload.py:200] Translating evaluation dataset.
I0510 21:21:56.375750 139875201737920 spec.py:346] Evaluating on the validation split.
I0510 21:21:57.308788 139875201737920 workload.py:200] Translating evaluation dataset.
I0510 21:24:52.582939 139875201737920 spec.py:363] Evaluating on the test split.
I0510 21:24:53.482596 139875201737920 workload.py:200] Translating evaluation dataset.
I0510 21:27:49.290027 139875201737920 submission_runner.py:516] Time since start: 15367.92s, 	Step: 44096, 	{'train/accuracy': 0.686689019203186, 'train/loss': 1.4701879024505615, 'train/bleu': 34.78525380702401, 'validation/accuracy': 0.6565324664115906, 'validation/loss': 1.6523008346557617, 'validation/bleu': 27.86139589625377, 'validation/num_examples': 3000, 'test/accuracy': 0.6656092405319214, 'test/loss': 1.58892822265625, 'test/bleu': 26.997667695345907, 'test/num_examples': 3003, 'score': 7788.3590495586395, 'total_duration': 15367.91755437851, 'accumulated_submission_time': 7788.3590495586395, 'accumulated_eval_time': 7578.719604730606, 'accumulated_logging_time': 0.4615213871002197}
I0510 21:27:49.316552 139710310573824 logging_writer.py:48] [44096] accumulated_eval_time=7578.72, accumulated_logging_time=0.461521, accumulated_submission_time=7788.36, global_step=44096, preemption_count=0, score=7788.36, test/accuracy=0.665609, test/bleu=26.9977, test/loss=1.58893, test/num_examples=3003, total_duration=15367.9, train/accuracy=0.686689, train/bleu=34.7853, train/loss=1.47019, validation/accuracy=0.656532, validation/bleu=27.8614, validation/loss=1.6523, validation/num_examples=3000
I0510 21:38:33.397040 139875201737920 spec.py:333] Evaluating on the training split.
I0510 21:38:34.385980 139875201737920 workload.py:200] Translating evaluation dataset.
I0510 21:41:55.821290 139875201737920 spec.py:346] Evaluating on the validation split.
I0510 21:41:56.750326 139875201737920 workload.py:200] Translating evaluation dataset.
I0510 21:44:59.221913 139875201737920 spec.py:363] Evaluating on the test split.
I0510 21:45:00.121544 139875201737920 workload.py:200] Translating evaluation dataset.
I0510 21:48:07.435637 139875201737920 submission_runner.py:516] Time since start: 16586.06s, 	Step: 47797, 	{'train/accuracy': 0.6492685079574585, 'train/loss': 1.7005559206008911, 'train/bleu': 31.974601887856316, 'validation/accuracy': 0.657759964466095, 'validation/loss': 1.6375401020050049, 'validation/bleu': 27.908636405978335, 'validation/num_examples': 3000, 'test/accuracy': 0.6701993346214294, 'test/loss': 1.5660958290100098, 'test/bleu': 27.602029513867116, 'test/num_examples': 3003, 'score': 8432.400381565094, 'total_duration': 16586.06315279007, 'accumulated_submission_time': 8432.400381565094, 'accumulated_eval_time': 8152.758075714111, 'accumulated_logging_time': 0.4974193572998047}
I0510 21:48:07.463663 139709203212032 logging_writer.py:48] [47797] accumulated_eval_time=8152.76, accumulated_logging_time=0.497419, accumulated_submission_time=8432.4, global_step=47797, preemption_count=0, score=8432.4, test/accuracy=0.670199, test/bleu=27.602, test/loss=1.5661, test/num_examples=3003, total_duration=16586.1, train/accuracy=0.649269, train/bleu=31.9746, train/loss=1.70056, validation/accuracy=0.65776, validation/bleu=27.9086, validation/loss=1.63754, validation/num_examples=3000
I0510 21:58:51.585721 139875201737920 spec.py:333] Evaluating on the training split.
I0510 21:58:52.575673 139875201737920 workload.py:200] Translating evaluation dataset.
I0510 22:02:44.361967 139875201737920 spec.py:346] Evaluating on the validation split.
I0510 22:02:45.292705 139875201737920 workload.py:200] Translating evaluation dataset.
I0510 22:06:08.487721 139875201737920 spec.py:363] Evaluating on the test split.
I0510 22:06:09.386760 139875201737920 workload.py:200] Translating evaluation dataset.
I0510 22:09:38.729107 139875201737920 submission_runner.py:516] Time since start: 17877.36s, 	Step: 51497, 	{'train/accuracy': 0.6648944020271301, 'train/loss': 1.5965536832809448, 'train/bleu': 33.22630361403398, 'validation/accuracy': 0.6612069010734558, 'validation/loss': 1.6264928579330444, 'validation/bleu': 28.336938248784595, 'validation/num_examples': 3000, 'test/accuracy': 0.6717215776443481, 'test/loss': 1.5620330572128296, 'test/bleu': 27.771041618749837, 'test/num_examples': 3003, 'score': 9076.483794689178, 'total_duration': 17877.356634140015, 'accumulated_submission_time': 9076.483794689178, 'accumulated_eval_time': 8799.90134215355, 'accumulated_logging_time': 0.5344512462615967}
I0510 22:09:38.766168 139710310573824 logging_writer.py:48] [51497] accumulated_eval_time=8799.9, accumulated_logging_time=0.534451, accumulated_submission_time=9076.48, global_step=51497, preemption_count=0, score=9076.48, test/accuracy=0.671722, test/bleu=27.771, test/loss=1.56203, test/num_examples=3003, total_duration=17877.4, train/accuracy=0.664894, train/bleu=33.2263, train/loss=1.59655, validation/accuracy=0.661207, validation/bleu=28.3369, validation/loss=1.62649, validation/num_examples=3000
I0510 22:20:22.818863 139875201737920 spec.py:333] Evaluating on the training split.
I0510 22:20:23.807942 139875201737920 workload.py:200] Translating evaluation dataset.
I0510 22:24:19.978566 139875201737920 spec.py:346] Evaluating on the validation split.
I0510 22:24:20.912018 139875201737920 workload.py:200] Translating evaluation dataset.
I0510 22:27:24.510266 139875201737920 spec.py:363] Evaluating on the test split.
I0510 22:27:25.410510 139875201737920 workload.py:200] Translating evaluation dataset.
I0510 22:30:24.300034 139875201737920 submission_runner.py:516] Time since start: 19122.93s, 	Step: 55201, 	{'train/accuracy': 0.6519923210144043, 'train/loss': 1.6938352584838867, 'train/bleu': 32.96416213254632, 'validation/accuracy': 0.6602894067764282, 'validation/loss': 1.6239546537399292, 'validation/bleu': 28.288865690324332, 'validation/num_examples': 3000, 'test/accuracy': 0.6709895133972168, 'test/loss': 1.5526196956634521, 'test/bleu': 27.77893610684093, 'test/num_examples': 3003, 'score': 9720.497309684753, 'total_duration': 19122.927585601807, 'accumulated_submission_time': 9720.497309684753, 'accumulated_eval_time': 9401.382432699203, 'accumulated_logging_time': 0.5805175304412842}
I0510 22:30:24.329442 139709211604736 logging_writer.py:48] [55201] accumulated_eval_time=9401.38, accumulated_logging_time=0.580518, accumulated_submission_time=9720.5, global_step=55201, preemption_count=0, score=9720.5, test/accuracy=0.67099, test/bleu=27.7789, test/loss=1.55262, test/num_examples=3003, total_duration=19122.9, train/accuracy=0.651992, train/bleu=32.9642, train/loss=1.69384, validation/accuracy=0.660289, validation/bleu=28.2889, validation/loss=1.62395, validation/num_examples=3000
I0510 22:41:08.438803 139875201737920 spec.py:333] Evaluating on the training split.
I0510 22:41:09.429491 139875201737920 workload.py:200] Translating evaluation dataset.
I0510 22:45:09.851037 139875201737920 spec.py:346] Evaluating on the validation split.
I0510 22:45:10.778947 139875201737920 workload.py:200] Translating evaluation dataset.
I0510 22:48:22.452507 139875201737920 spec.py:363] Evaluating on the test split.
I0510 22:48:23.352080 139875201737920 workload.py:200] Translating evaluation dataset.
I0510 22:51:18.452501 139875201737920 submission_runner.py:516] Time since start: 20377.08s, 	Step: 58904, 	{'train/accuracy': 0.664788544178009, 'train/loss': 1.5897486209869385, 'train/bleu': 33.220872193513955, 'validation/accuracy': 0.6629427671432495, 'validation/loss': 1.60947847366333, 'validation/bleu': 28.297116186794796, 'validation/num_examples': 3000, 'test/accuracy': 0.6729649901390076, 'test/loss': 1.5352261066436768, 'test/bleu': 27.852042309431415, 'test/num_examples': 3003, 'score': 10364.567924022675, 'total_duration': 20377.07996582985, 'accumulated_submission_time': 10364.567924022675, 'accumulated_eval_time': 10011.395950555801, 'accumulated_logging_time': 0.6190683841705322}
I0510 22:51:18.481283 139709194819328 logging_writer.py:48] [58904] accumulated_eval_time=10011.4, accumulated_logging_time=0.619068, accumulated_submission_time=10364.6, global_step=58904, preemption_count=0, score=10364.6, test/accuracy=0.672965, test/bleu=27.852, test/loss=1.53523, test/num_examples=3003, total_duration=20377.1, train/accuracy=0.664789, train/bleu=33.2209, train/loss=1.58975, validation/accuracy=0.662943, validation/bleu=28.2971, validation/loss=1.60948, validation/num_examples=3000
I0510 23:02:02.462407 139875201737920 spec.py:333] Evaluating on the training split.
I0510 23:02:03.452550 139875201737920 workload.py:200] Translating evaluation dataset.
I0510 23:05:10.567328 139875201737920 spec.py:346] Evaluating on the validation split.
I0510 23:05:11.500399 139875201737920 workload.py:200] Translating evaluation dataset.
I0510 23:07:54.491440 139875201737920 spec.py:363] Evaluating on the test split.
I0510 23:07:55.390666 139875201737920 workload.py:200] Translating evaluation dataset.
I0510 23:10:49.165697 139875201737920 submission_runner.py:516] Time since start: 21547.79s, 	Step: 62606, 	{'train/accuracy': 0.7456583976745605, 'train/loss': 1.1767158508300781, 'train/bleu': 39.91525561888199, 'validation/accuracy': 0.663909912109375, 'validation/loss': 1.5937916040420532, 'validation/bleu': 28.741372879611315, 'validation/num_examples': 3000, 'test/accuracy': 0.6748591065406799, 'test/loss': 1.525572657585144, 'test/bleu': 27.791322248138503, 'test/num_examples': 3003, 'score': 11008.509041309357, 'total_duration': 21547.793170928955, 'accumulated_submission_time': 11008.509041309357, 'accumulated_eval_time': 10538.099082231522, 'accumulated_logging_time': 0.6571640968322754}
I0510 23:10:49.202428 139710318966528 logging_writer.py:48] [62606] accumulated_eval_time=10538.1, accumulated_logging_time=0.657164, accumulated_submission_time=11008.5, global_step=62606, preemption_count=0, score=11008.5, test/accuracy=0.674859, test/bleu=27.7913, test/loss=1.52557, test/num_examples=3003, total_duration=21547.8, train/accuracy=0.745658, train/bleu=39.9153, train/loss=1.17672, validation/accuracy=0.66391, validation/bleu=28.7414, validation/loss=1.59379, validation/num_examples=3000
I0510 23:21:33.250859 139875201737920 spec.py:333] Evaluating on the training split.
I0510 23:21:34.240591 139875201737920 workload.py:200] Translating evaluation dataset.
I0510 23:25:01.673451 139875201737920 spec.py:346] Evaluating on the validation split.
I0510 23:25:02.605722 139875201737920 workload.py:200] Translating evaluation dataset.
I0510 23:27:43.974594 139875201737920 spec.py:363] Evaluating on the test split.
I0510 23:27:44.874251 139875201737920 workload.py:200] Translating evaluation dataset.
I0510 23:30:38.585026 139875201737920 submission_runner.py:516] Time since start: 22737.21s, 	Step: 66304, 	{'train/accuracy': 0.668167769908905, 'train/loss': 1.5731269121170044, 'train/bleu': 33.06293813081854, 'validation/accuracy': 0.6634635329246521, 'validation/loss': 1.5995373725891113, 'validation/bleu': 28.50904983199375, 'validation/num_examples': 3000, 'test/accuracy': 0.6774504780769348, 'test/loss': 1.5173695087432861, 'test/bleu': 27.725400274544015, 'test/num_examples': 3003, 'score': 11652.517760276794, 'total_duration': 22737.212541103363, 'accumulated_submission_time': 11652.517760276794, 'accumulated_eval_time': 11083.43311214447, 'accumulated_logging_time': 0.703061580657959}
I0510 23:30:38.613825 139709211604736 logging_writer.py:48] [66304] accumulated_eval_time=11083.4, accumulated_logging_time=0.703062, accumulated_submission_time=11652.5, global_step=66304, preemption_count=0, score=11652.5, test/accuracy=0.67745, test/bleu=27.7254, test/loss=1.51737, test/num_examples=3003, total_duration=22737.2, train/accuracy=0.668168, train/bleu=33.0629, train/loss=1.57313, validation/accuracy=0.663464, validation/bleu=28.509, validation/loss=1.59954, validation/num_examples=3000
I0510 23:41:22.588197 139875201737920 spec.py:333] Evaluating on the training split.
I0510 23:41:23.577993 139875201737920 workload.py:200] Translating evaluation dataset.
I0510 23:44:44.464271 139875201737920 spec.py:346] Evaluating on the validation split.
I0510 23:44:45.392587 139875201737920 workload.py:200] Translating evaluation dataset.
I0510 23:47:39.065325 139875201737920 spec.py:363] Evaluating on the test split.
I0510 23:47:39.964785 139875201737920 workload.py:200] Translating evaluation dataset.
I0510 23:50:40.885465 139875201737920 submission_runner.py:516] Time since start: 23939.51s, 	Step: 70004, 	{'train/accuracy': 0.6849013566970825, 'train/loss': 1.4604177474975586, 'train/bleu': 34.98004176977057, 'validation/accuracy': 0.6679768562316895, 'validation/loss': 1.5865105390548706, 'validation/bleu': 28.997438769958425, 'validation/num_examples': 3000, 'test/accuracy': 0.6787751913070679, 'test/loss': 1.5144444704055786, 'test/bleu': 28.113720714650672, 'test/num_examples': 3003, 'score': 12296.452765226364, 'total_duration': 23939.512997865677, 'accumulated_submission_time': 12296.452765226364, 'accumulated_eval_time': 11641.730277299881, 'accumulated_logging_time': 0.7412309646606445}
I0510 23:50:40.913478 139710318966528 logging_writer.py:48] [70004] accumulated_eval_time=11641.7, accumulated_logging_time=0.741231, accumulated_submission_time=12296.5, global_step=70004, preemption_count=0, score=12296.5, test/accuracy=0.678775, test/bleu=28.1137, test/loss=1.51444, test/num_examples=3003, total_duration=23939.5, train/accuracy=0.684901, train/bleu=34.98, train/loss=1.46042, validation/accuracy=0.667977, validation/bleu=28.9974, validation/loss=1.58651, validation/num_examples=3000
I0511 00:01:24.910489 139875201737920 spec.py:333] Evaluating on the training split.
I0511 00:01:25.900804 139875201737920 workload.py:200] Translating evaluation dataset.
I0511 00:04:39.463051 139875201737920 spec.py:346] Evaluating on the validation split.
I0511 00:04:40.388756 139875201737920 workload.py:200] Translating evaluation dataset.
I0511 00:07:22.245533 139875201737920 spec.py:363] Evaluating on the test split.
I0511 00:07:23.144067 139875201737920 workload.py:200] Translating evaluation dataset.
I0511 00:10:05.699959 139875201737920 submission_runner.py:516] Time since start: 25104.33s, 	Step: 73704, 	{'train/accuracy': 0.6740448474884033, 'train/loss': 1.538378119468689, 'train/bleu': 33.417260902505774, 'validation/accuracy': 0.6658813953399658, 'validation/loss': 1.5905672311782837, 'validation/bleu': 28.43987413073892, 'validation/num_examples': 3000, 'test/accuracy': 0.6768694519996643, 'test/loss': 1.518156886100769, 'test/bleu': 27.813129542010774, 'test/num_examples': 3003, 'score': 12940.41112613678, 'total_duration': 25104.327484369278, 'accumulated_submission_time': 12940.41112613678, 'accumulated_eval_time': 12162.519656419754, 'accumulated_logging_time': 0.778174638748169}
I0511 00:10:05.729170 139710310573824 logging_writer.py:48] [73704] accumulated_eval_time=12162.5, accumulated_logging_time=0.778175, accumulated_submission_time=12940.4, global_step=73704, preemption_count=0, score=12940.4, test/accuracy=0.676869, test/bleu=27.8131, test/loss=1.51816, test/num_examples=3003, total_duration=25104.3, train/accuracy=0.674045, train/bleu=33.4173, train/loss=1.53838, validation/accuracy=0.665881, validation/bleu=28.4399, validation/loss=1.59057, validation/num_examples=3000
I0511 00:20:49.732681 139875201737920 spec.py:333] Evaluating on the training split.
I0511 00:20:50.721914 139875201737920 workload.py:200] Translating evaluation dataset.
I0511 00:24:02.265669 139875201737920 spec.py:346] Evaluating on the validation split.
I0511 00:24:03.196978 139875201737920 workload.py:200] Translating evaluation dataset.
I0511 00:26:54.715834 139875201737920 spec.py:363] Evaluating on the test split.
I0511 00:26:55.615540 139875201737920 workload.py:200] Translating evaluation dataset.
I0511 00:29:53.237647 139875201737920 submission_runner.py:516] Time since start: 26291.87s, 	Step: 77408, 	{'train/accuracy': 0.6825052499771118, 'train/loss': 1.4837064743041992, 'train/bleu': 34.970115008460226, 'validation/accuracy': 0.666067361831665, 'validation/loss': 1.595198392868042, 'validation/bleu': 28.660212195150482, 'validation/num_examples': 3000, 'test/accuracy': 0.6799256205558777, 'test/loss': 1.5183370113372803, 'test/bleu': 28.22396122442093, 'test/num_examples': 3003, 'score': 13584.375498771667, 'total_duration': 26291.865167617798, 'accumulated_submission_time': 13584.375498771667, 'accumulated_eval_time': 12706.024520158768, 'accumulated_logging_time': 0.8164360523223877}
I0511 00:29:53.266955 139710293788416 logging_writer.py:48] [77408] accumulated_eval_time=12706, accumulated_logging_time=0.816436, accumulated_submission_time=13584.4, global_step=77408, preemption_count=0, score=13584.4, test/accuracy=0.679926, test/bleu=28.224, test/loss=1.51834, test/num_examples=3003, total_duration=26291.9, train/accuracy=0.682505, train/bleu=34.9701, train/loss=1.48371, validation/accuracy=0.666067, validation/bleu=28.6602, validation/loss=1.5952, validation/num_examples=3000
I0511 00:40:37.288476 139875201737920 spec.py:333] Evaluating on the training split.
I0511 00:40:38.277684 139875201737920 workload.py:200] Translating evaluation dataset.
I0511 00:43:42.547037 139875201737920 spec.py:346] Evaluating on the validation split.
I0511 00:43:43.478179 139875201737920 workload.py:200] Translating evaluation dataset.
I0511 00:46:27.922159 139875201737920 spec.py:363] Evaluating on the test split.
I0511 00:46:28.821266 139875201737920 workload.py:200] Translating evaluation dataset.
I0511 00:49:12.836559 139875201737920 submission_runner.py:516] Time since start: 27451.46s, 	Step: 81107, 	{'train/accuracy': 0.6818798780441284, 'train/loss': 1.4877663850784302, 'train/bleu': 34.591499543368684, 'validation/accuracy': 0.6649266481399536, 'validation/loss': 1.5963646173477173, 'validation/bleu': 28.259544177029888, 'validation/num_examples': 3000, 'test/accuracy': 0.6794259548187256, 'test/loss': 1.5132490396499634, 'test/bleu': 28.064890368294964, 'test/num_examples': 3003, 'score': 14228.357252836227, 'total_duration': 27451.46410870552, 'accumulated_submission_time': 14228.357252836227, 'accumulated_eval_time': 13221.572524547577, 'accumulated_logging_time': 0.8552637100219727}
I0511 00:49:12.864937 139709211604736 logging_writer.py:48] [81107] accumulated_eval_time=13221.6, accumulated_logging_time=0.855264, accumulated_submission_time=14228.4, global_step=81107, preemption_count=0, score=14228.4, test/accuracy=0.679426, test/bleu=28.0649, test/loss=1.51325, test/num_examples=3003, total_duration=27451.5, train/accuracy=0.68188, train/bleu=34.5915, train/loss=1.48777, validation/accuracy=0.664927, validation/bleu=28.2595, validation/loss=1.59636, validation/num_examples=3000
I0511 00:59:56.948276 139875201737920 spec.py:333] Evaluating on the training split.
I0511 00:59:57.938915 139875201737920 workload.py:200] Translating evaluation dataset.
I0511 01:04:02.237508 139875201737920 spec.py:346] Evaluating on the validation split.
I0511 01:04:03.167235 139875201737920 workload.py:200] Translating evaluation dataset.
I0511 01:07:14.552774 139875201737920 spec.py:363] Evaluating on the test split.
I0511 01:07:15.451880 139875201737920 workload.py:200] Translating evaluation dataset.
I0511 01:10:27.715559 139875201737920 submission_runner.py:516] Time since start: 28726.34s, 	Step: 84810, 	{'train/accuracy': 0.6886908411979675, 'train/loss': 1.4444583654403687, 'train/bleu': 34.77049547374532, 'validation/accuracy': 0.6673941016197205, 'validation/loss': 1.6013039350509644, 'validation/bleu': 28.481739031942354, 'validation/num_examples': 3000, 'test/accuracy': 0.680727481842041, 'test/loss': 1.5177757740020752, 'test/bleu': 28.055176342103454, 'test/num_examples': 3003, 'score': 14872.401501178741, 'total_duration': 28726.343078136444, 'accumulated_submission_time': 14872.401501178741, 'accumulated_eval_time': 13852.339688777924, 'accumulated_logging_time': 0.8927860260009766}
I0511 01:10:27.747198 139710302181120 logging_writer.py:48] [84810] accumulated_eval_time=13852.3, accumulated_logging_time=0.892786, accumulated_submission_time=14872.4, global_step=84810, preemption_count=0, score=14872.4, test/accuracy=0.680727, test/bleu=28.0552, test/loss=1.51778, test/num_examples=3003, total_duration=28726.3, train/accuracy=0.688691, train/bleu=34.7705, train/loss=1.44446, validation/accuracy=0.667394, validation/bleu=28.4817, validation/loss=1.6013, validation/num_examples=3000
I0511 01:21:11.787033 139875201737920 spec.py:333] Evaluating on the training split.
I0511 01:21:12.778065 139875201737920 workload.py:200] Translating evaluation dataset.
I0511 01:24:40.897357 139875201737920 spec.py:346] Evaluating on the validation split.
I0511 01:24:41.830478 139875201737920 workload.py:200] Translating evaluation dataset.
I0511 01:27:27.953793 139875201737920 spec.py:363] Evaluating on the test split.
I0511 01:27:28.852629 139875201737920 workload.py:200] Translating evaluation dataset.
I0511 01:30:10.263290 139875201737920 submission_runner.py:516] Time since start: 29908.89s, 	Step: 88514, 	{'train/accuracy': 0.7199242115020752, 'train/loss': 1.2678914070129395, 'train/bleu': 37.6817097044875, 'validation/accuracy': 0.6654226183891296, 'validation/loss': 1.6090483665466309, 'validation/bleu': 28.476581155837327, 'validation/num_examples': 3000, 'test/accuracy': 0.6796932220458984, 'test/loss': 1.5261542797088623, 'test/bleu': 27.85632246454349, 'test/num_examples': 3003, 'score': 15516.402410268784, 'total_duration': 29908.89081954956, 'accumulated_submission_time': 15516.402410268784, 'accumulated_eval_time': 14390.815840482712, 'accumulated_logging_time': 0.9335000514984131}
I0511 01:30:10.290385 139710293788416 logging_writer.py:48] [88514] accumulated_eval_time=14390.8, accumulated_logging_time=0.9335, accumulated_submission_time=15516.4, global_step=88514, preemption_count=0, score=15516.4, test/accuracy=0.679693, test/bleu=27.8563, test/loss=1.52615, test/num_examples=3003, total_duration=29908.9, train/accuracy=0.719924, train/bleu=37.6817, train/loss=1.26789, validation/accuracy=0.665423, validation/bleu=28.4766, validation/loss=1.60905, validation/num_examples=3000
I0511 01:40:54.296361 139875201737920 spec.py:333] Evaluating on the training split.
I0511 01:40:55.286433 139875201737920 workload.py:200] Translating evaluation dataset.
I0511 01:43:46.688171 139875201737920 spec.py:346] Evaluating on the validation split.
I0511 01:43:47.624189 139875201737920 workload.py:200] Translating evaluation dataset.
I0511 01:46:32.610736 139875201737920 spec.py:363] Evaluating on the test split.
I0511 01:46:33.509799 139875201737920 workload.py:200] Translating evaluation dataset.
I0511 01:49:14.201195 139875201737920 submission_runner.py:516] Time since start: 31052.83s, 	Step: 92219, 	{'train/accuracy': 0.69830322265625, 'train/loss': 1.3886985778808594, 'train/bleu': 35.81055762523163, 'validation/accuracy': 0.6655961871147156, 'validation/loss': 1.617442011833191, 'validation/bleu': 28.513775230305477, 'validation/num_examples': 3000, 'test/accuracy': 0.6774853467941284, 'test/loss': 1.5366770029067993, 'test/bleu': 27.824078589932572, 'test/num_examples': 3003, 'score': 16160.368943691254, 'total_duration': 31052.828729867935, 'accumulated_submission_time': 16160.368943691254, 'accumulated_eval_time': 14890.72058725357, 'accumulated_logging_time': 0.9697027206420898}
I0511 01:49:14.231603 139709194819328 logging_writer.py:48] [92219] accumulated_eval_time=14890.7, accumulated_logging_time=0.969703, accumulated_submission_time=16160.4, global_step=92219, preemption_count=0, score=16160.4, test/accuracy=0.677485, test/bleu=27.8241, test/loss=1.53668, test/num_examples=3003, total_duration=31052.8, train/accuracy=0.698303, train/bleu=35.8106, train/loss=1.3887, validation/accuracy=0.665596, validation/bleu=28.5138, validation/loss=1.61744, validation/num_examples=3000
I0511 01:59:58.283192 139875201737920 spec.py:333] Evaluating on the training split.
I0511 01:59:59.274533 139875201737920 workload.py:200] Translating evaluation dataset.
I0511 02:03:10.067090 139875201737920 spec.py:346] Evaluating on the validation split.
I0511 02:03:10.994764 139875201737920 workload.py:200] Translating evaluation dataset.
I0511 02:06:02.371820 139875201737920 spec.py:363] Evaluating on the test split.
I0511 02:06:03.270216 139875201737920 workload.py:200] Translating evaluation dataset.
I0511 02:08:55.845492 139875201737920 submission_runner.py:516] Time since start: 32234.47s, 	Step: 95918, 	{'train/accuracy': 0.719622015953064, 'train/loss': 1.2733838558197021, 'train/bleu': 37.355365579807305, 'validation/accuracy': 0.6631783843040466, 'validation/loss': 1.637914776802063, 'validation/bleu': 28.06495807903431, 'validation/num_examples': 3000, 'test/accuracy': 0.6757073998451233, 'test/loss': 1.5588418245315552, 'test/bleu': 27.790509909295714, 'test/num_examples': 3003, 'score': 16804.38202381134, 'total_duration': 32234.473021268845, 'accumulated_submission_time': 16804.38202381134, 'accumulated_eval_time': 15428.28278684616, 'accumulated_logging_time': 1.0092432498931885}
I0511 02:08:55.874423 139709203212032 logging_writer.py:48] [95918] accumulated_eval_time=15428.3, accumulated_logging_time=1.00924, accumulated_submission_time=16804.4, global_step=95918, preemption_count=0, score=16804.4, test/accuracy=0.675707, test/bleu=27.7905, test/loss=1.55884, test/num_examples=3003, total_duration=32234.5, train/accuracy=0.719622, train/bleu=37.3554, train/loss=1.27338, validation/accuracy=0.663178, validation/bleu=28.065, validation/loss=1.63791, validation/num_examples=3000
I0511 02:19:39.928786 139875201737920 spec.py:333] Evaluating on the training split.
I0511 02:19:40.917886 139875201737920 workload.py:200] Translating evaluation dataset.
I0511 02:22:49.731353 139875201737920 spec.py:346] Evaluating on the validation split.
I0511 02:22:50.665272 139875201737920 workload.py:200] Translating evaluation dataset.
I0511 02:25:39.761838 139875201737920 spec.py:363] Evaluating on the test split.
I0511 02:25:40.661205 139875201737920 workload.py:200] Translating evaluation dataset.
I0511 02:28:24.495457 139875201737920 submission_runner.py:516] Time since start: 33403.12s, 	Step: 99619, 	{'train/accuracy': 0.7134888172149658, 'train/loss': 1.3083590269088745, 'train/bleu': 36.60260272251478, 'validation/accuracy': 0.6637611389160156, 'validation/loss': 1.6454509496688843, 'validation/bleu': 28.432890353754495, 'validation/num_examples': 3000, 'test/accuracy': 0.6770553588867188, 'test/loss': 1.5589557886123657, 'test/bleu': 27.636523478678708, 'test/num_examples': 3003, 'score': 17448.396300792694, 'total_duration': 33403.12299108505, 'accumulated_submission_time': 17448.396300792694, 'accumulated_eval_time': 15952.849353313446, 'accumulated_logging_time': 1.047412633895874}
I0511 02:28:24.529932 139710302181120 logging_writer.py:48] [99619] accumulated_eval_time=15952.8, accumulated_logging_time=1.04741, accumulated_submission_time=17448.4, global_step=99619, preemption_count=0, score=17448.4, test/accuracy=0.677055, test/bleu=27.6365, test/loss=1.55896, test/num_examples=3003, total_duration=33403.1, train/accuracy=0.713489, train/bleu=36.6026, train/loss=1.30836, validation/accuracy=0.663761, validation/bleu=28.4329, validation/loss=1.64545, validation/num_examples=3000
I0511 02:39:08.525302 139875201737920 spec.py:333] Evaluating on the training split.
I0511 02:39:09.515780 139875201737920 workload.py:200] Translating evaluation dataset.
I0511 02:42:12.665133 139875201737920 spec.py:346] Evaluating on the validation split.
I0511 02:42:13.594679 139875201737920 workload.py:200] Translating evaluation dataset.
I0511 02:44:55.907933 139875201737920 spec.py:363] Evaluating on the test split.
I0511 02:44:56.806919 139875201737920 workload.py:200] Translating evaluation dataset.
I0511 02:47:33.671817 139875201737920 submission_runner.py:516] Time since start: 34552.30s, 	Step: 103320, 	{'train/accuracy': 0.7238489985466003, 'train/loss': 1.249064564704895, 'train/bleu': 37.85905659031442, 'validation/accuracy': 0.6611821055412292, 'validation/loss': 1.659424901008606, 'validation/bleu': 27.82835567668553, 'validation/num_examples': 3000, 'test/accuracy': 0.6747893691062927, 'test/loss': 1.5740281343460083, 'test/bleu': 27.148800784180583, 'test/num_examples': 3003, 'score': 18092.352885961533, 'total_duration': 34552.29934000969, 'accumulated_submission_time': 18092.352885961533, 'accumulated_eval_time': 16457.995748519897, 'accumulated_logging_time': 1.090881586074829}
I0511 02:47:33.706318 139710293788416 logging_writer.py:48] [103320] accumulated_eval_time=16458, accumulated_logging_time=1.09088, accumulated_submission_time=18092.4, global_step=103320, preemption_count=0, score=18092.4, test/accuracy=0.674789, test/bleu=27.1488, test/loss=1.57403, test/num_examples=3003, total_duration=34552.3, train/accuracy=0.723849, train/bleu=37.8591, train/loss=1.24906, validation/accuracy=0.661182, validation/bleu=27.8284, validation/loss=1.65942, validation/num_examples=3000
I0511 02:58:17.705070 139875201737920 spec.py:333] Evaluating on the training split.
I0511 02:58:18.695338 139875201737920 workload.py:200] Translating evaluation dataset.
I0511 03:01:16.784128 139875201737920 spec.py:346] Evaluating on the validation split.
I0511 03:01:17.716707 139875201737920 workload.py:200] Translating evaluation dataset.
I0511 03:04:02.842494 139875201737920 spec.py:363] Evaluating on the test split.
I0511 03:04:03.742333 139875201737920 workload.py:200] Translating evaluation dataset.
I0511 03:06:46.950092 139875201737920 submission_runner.py:516] Time since start: 35705.58s, 	Step: 107022, 	{'train/accuracy': 0.7502403259277344, 'train/loss': 1.1283477544784546, 'train/bleu': 40.25712388451749, 'validation/accuracy': 0.6633643507957458, 'validation/loss': 1.6648327112197876, 'validation/bleu': 27.91723617801582, 'validation/num_examples': 3000, 'test/accuracy': 0.675254225730896, 'test/loss': 1.5804177522659302, 'test/bleu': 27.51766005837934, 'test/num_examples': 3003, 'score': 18736.31254196167, 'total_duration': 35705.57757472992, 'accumulated_submission_time': 18736.31254196167, 'accumulated_eval_time': 16967.2406167984, 'accumulated_logging_time': 1.1345734596252441}
I0511 03:06:46.981774 139710302181120 logging_writer.py:48] [107022] accumulated_eval_time=16967.2, accumulated_logging_time=1.13457, accumulated_submission_time=18736.3, global_step=107022, preemption_count=0, score=18736.3, test/accuracy=0.675254, test/bleu=27.5177, test/loss=1.58042, test/num_examples=3003, total_duration=35705.6, train/accuracy=0.75024, train/bleu=40.2571, train/loss=1.12835, validation/accuracy=0.663364, validation/bleu=27.9172, validation/loss=1.66483, validation/num_examples=3000
I0511 03:17:31.032281 139875201737920 spec.py:333] Evaluating on the training split.
I0511 03:17:32.023292 139875201737920 workload.py:200] Translating evaluation dataset.
I0511 03:20:43.553493 139875201737920 spec.py:346] Evaluating on the validation split.
I0511 03:20:44.489020 139875201737920 workload.py:200] Translating evaluation dataset.
I0511 03:23:26.085538 139875201737920 spec.py:363] Evaluating on the test split.
I0511 03:23:26.985839 139875201737920 workload.py:200] Translating evaluation dataset.
I0511 03:26:07.872699 139875201737920 submission_runner.py:516] Time since start: 36866.50s, 	Step: 110725, 	{'train/accuracy': 0.7359380722045898, 'train/loss': 1.1952195167541504, 'train/bleu': 38.77999720938069, 'validation/accuracy': 0.6612192988395691, 'validation/loss': 1.67557954788208, 'validation/bleu': 27.875690718764094, 'validation/num_examples': 3000, 'test/accuracy': 0.6746267080307007, 'test/loss': 1.5907174348831177, 'test/bleu': 27.54793634044077, 'test/num_examples': 3003, 'score': 19380.323445558548, 'total_duration': 36866.50012469292, 'accumulated_submission_time': 19380.323445558548, 'accumulated_eval_time': 17484.08082342148, 'accumulated_logging_time': 1.1755475997924805}
I0511 03:26:07.904024 139710293788416 logging_writer.py:48] [110725] accumulated_eval_time=17484.1, accumulated_logging_time=1.17555, accumulated_submission_time=19380.3, global_step=110725, preemption_count=0, score=19380.3, test/accuracy=0.674627, test/bleu=27.5479, test/loss=1.59072, test/num_examples=3003, total_duration=36866.5, train/accuracy=0.735938, train/bleu=38.78, train/loss=1.19522, validation/accuracy=0.661219, validation/bleu=27.8757, validation/loss=1.67558, validation/num_examples=3000
I0511 03:36:51.978899 139875201737920 spec.py:333] Evaluating on the training split.
I0511 03:36:52.969037 139875201737920 workload.py:200] Translating evaluation dataset.
I0511 03:39:50.459846 139875201737920 spec.py:346] Evaluating on the validation split.
I0511 03:39:51.392827 139875201737920 workload.py:200] Translating evaluation dataset.
I0511 03:42:37.595794 139875201737920 spec.py:363] Evaluating on the test split.
I0511 03:42:38.496034 139875201737920 workload.py:200] Translating evaluation dataset.
I0511 03:45:17.065176 139875201737920 submission_runner.py:516] Time since start: 38015.69s, 	Step: 114426, 	{'train/accuracy': 0.7460315823554993, 'train/loss': 1.1525522470474243, 'train/bleu': 39.82459166427239, 'validation/accuracy': 0.6617028713226318, 'validation/loss': 1.6819201707839966, 'validation/bleu': 27.88073013181621, 'validation/num_examples': 3000, 'test/accuracy': 0.6744524240493774, 'test/loss': 1.5969278812408447, 'test/bleu': 27.523806718716454, 'test/num_examples': 3003, 'score': 20024.35903263092, 'total_duration': 38015.69265604019, 'accumulated_submission_time': 20024.35903263092, 'accumulated_eval_time': 17989.166947603226, 'accumulated_logging_time': 1.2163074016571045}
I0511 03:45:17.094441 139709203212032 logging_writer.py:48] [114426] accumulated_eval_time=17989.2, accumulated_logging_time=1.21631, accumulated_submission_time=20024.4, global_step=114426, preemption_count=0, score=20024.4, test/accuracy=0.674452, test/bleu=27.5238, test/loss=1.59693, test/num_examples=3003, total_duration=38015.7, train/accuracy=0.746032, train/bleu=39.8246, train/loss=1.15255, validation/accuracy=0.661703, validation/bleu=27.8807, validation/loss=1.68192, validation/num_examples=3000
I0511 03:56:01.122421 139875201737920 spec.py:333] Evaluating on the training split.
I0511 03:56:02.112654 139875201737920 workload.py:200] Translating evaluation dataset.
I0511 03:59:05.973756 139875201737920 spec.py:346] Evaluating on the validation split.
I0511 03:59:06.904915 139875201737920 workload.py:200] Translating evaluation dataset.
I0511 04:01:47.738160 139875201737920 spec.py:363] Evaluating on the test split.
I0511 04:01:48.638083 139875201737920 workload.py:200] Translating evaluation dataset.
I0511 04:04:30.045567 139875201737920 submission_runner.py:516] Time since start: 39168.67s, 	Step: 118128, 	{'train/accuracy': 0.7447437047958374, 'train/loss': 1.1620612144470215, 'train/bleu': 39.83421423119466, 'validation/accuracy': 0.6612440943717957, 'validation/loss': 1.685909628868103, 'validation/bleu': 27.89269829567412, 'validation/num_examples': 3000, 'test/accuracy': 0.6741735339164734, 'test/loss': 1.600157618522644, 'test/bleu': 27.41900842284836, 'test/num_examples': 3003, 'score': 20668.348246335983, 'total_duration': 39168.67309617996, 'accumulated_submission_time': 20668.348246335983, 'accumulated_eval_time': 18498.090007305145, 'accumulated_logging_time': 1.254706859588623}
I0511 04:04:30.074184 139710318966528 logging_writer.py:48] [118128] accumulated_eval_time=18498.1, accumulated_logging_time=1.25471, accumulated_submission_time=20668.3, global_step=118128, preemption_count=0, score=20668.3, test/accuracy=0.674174, test/bleu=27.419, test/loss=1.60016, test/num_examples=3003, total_duration=39168.7, train/accuracy=0.744744, train/bleu=39.8342, train/loss=1.16206, validation/accuracy=0.661244, validation/bleu=27.8927, validation/loss=1.68591, validation/num_examples=3000
I0511 04:15:14.171434 139875201737920 spec.py:333] Evaluating on the training split.
I0511 04:15:15.162300 139875201737920 workload.py:200] Translating evaluation dataset.
I0511 04:18:21.155906 139875201737920 spec.py:346] Evaluating on the validation split.
I0511 04:18:22.086880 139875201737920 workload.py:200] Translating evaluation dataset.
I0511 04:21:06.224797 139875201737920 spec.py:363] Evaluating on the test split.
I0511 04:21:07.123057 139875201737920 workload.py:200] Translating evaluation dataset.
I0511 04:23:49.592361 139875201737920 submission_runner.py:516] Time since start: 40328.22s, 	Step: 121827, 	{'train/accuracy': 0.7463012337684631, 'train/loss': 1.1487709283828735, 'train/bleu': 39.2387154567081, 'validation/accuracy': 0.6612564921379089, 'validation/loss': 1.6861603260040283, 'validation/bleu': 27.88215653526417, 'validation/num_examples': 3000, 'test/accuracy': 0.6742315888404846, 'test/loss': 1.6004042625427246, 'test/bleu': 27.43347152836818, 'test/num_examples': 3003, 'score': 21312.406586647034, 'total_duration': 40328.21989297867, 'accumulated_submission_time': 21312.406586647034, 'accumulated_eval_time': 19013.510842084885, 'accumulated_logging_time': 1.2925403118133545}
I0511 04:23:49.622292 139709203212032 logging_writer.py:48] [121827] accumulated_eval_time=19013.5, accumulated_logging_time=1.29254, accumulated_submission_time=21312.4, global_step=121827, preemption_count=0, score=21312.4, test/accuracy=0.674232, test/bleu=27.4335, test/loss=1.6004, test/num_examples=3003, total_duration=40328.2, train/accuracy=0.746301, train/bleu=39.2387, train/loss=1.14877, validation/accuracy=0.661256, validation/bleu=27.8822, validation/loss=1.68616, validation/num_examples=3000
I0511 04:34:33.635620 139875201737920 spec.py:333] Evaluating on the training split.
I0511 04:34:34.625199 139875201737920 workload.py:200] Translating evaluation dataset.
I0511 04:37:29.331250 139875201737920 spec.py:346] Evaluating on the validation split.
I0511 04:37:30.260812 139875201737920 workload.py:200] Translating evaluation dataset.
I0511 04:40:14.739289 139875201737920 spec.py:363] Evaluating on the test split.
I0511 04:40:15.638999 139875201737920 workload.py:200] Translating evaluation dataset.
I0511 04:42:57.794423 139875201737920 submission_runner.py:516] Time since start: 41476.42s, 	Step: 125530, 	{'train/accuracy': 0.7433576583862305, 'train/loss': 1.1704806089401245, 'train/bleu': 39.8864865397149, 'validation/accuracy': 0.6612564921379089, 'validation/loss': 1.6861603260040283, 'validation/bleu': 27.88215653526417, 'validation/num_examples': 3000, 'test/accuracy': 0.6742315888404846, 'test/loss': 1.6004042625427246, 'test/bleu': 27.43347152836818, 'test/num_examples': 3003, 'score': 21956.38014292717, 'total_duration': 41476.42190694809, 'accumulated_submission_time': 21956.38014292717, 'accumulated_eval_time': 19517.669492959976, 'accumulated_logging_time': 1.3316659927368164}
I0511 04:42:57.824001 139709194819328 logging_writer.py:48] [125530] accumulated_eval_time=19517.7, accumulated_logging_time=1.33167, accumulated_submission_time=21956.4, global_step=125530, preemption_count=0, score=21956.4, test/accuracy=0.674232, test/bleu=27.4335, test/loss=1.6004, test/num_examples=3003, total_duration=41476.4, train/accuracy=0.743358, train/bleu=39.8865, train/loss=1.17048, validation/accuracy=0.661256, validation/bleu=27.8822, validation/loss=1.68616, validation/num_examples=3000
I0511 04:53:41.863923 139875201737920 spec.py:333] Evaluating on the training split.
I0511 04:53:42.853215 139875201737920 workload.py:200] Translating evaluation dataset.
I0511 04:56:43.380034 139875201737920 spec.py:346] Evaluating on the validation split.
I0511 04:56:44.303156 139875201737920 workload.py:200] Translating evaluation dataset.
I0511 04:59:28.365747 139875201737920 spec.py:363] Evaluating on the test split.
I0511 04:59:29.266340 139875201737920 workload.py:200] Translating evaluation dataset.
I0511 05:02:11.724087 139875201737920 submission_runner.py:516] Time since start: 42630.35s, 	Step: 129232, 	{'train/accuracy': 0.7462010383605957, 'train/loss': 1.1517850160598755, 'train/bleu': 39.90877206524618, 'validation/accuracy': 0.6612564921379089, 'validation/loss': 1.6861603260040283, 'validation/bleu': 27.88215653526417, 'validation/num_examples': 3000, 'test/accuracy': 0.6742315888404846, 'test/loss': 1.6004042625427246, 'test/bleu': 27.43347152836818, 'test/num_examples': 3003, 'score': 22600.380635499954, 'total_duration': 42630.351625442505, 'accumulated_submission_time': 22600.380635499954, 'accumulated_eval_time': 20027.52955198288, 'accumulated_logging_time': 1.3702561855316162}
I0511 05:02:11.753470 139710327359232 logging_writer.py:48] [129232] accumulated_eval_time=20027.5, accumulated_logging_time=1.37026, accumulated_submission_time=22600.4, global_step=129232, preemption_count=0, score=22600.4, test/accuracy=0.674232, test/bleu=27.4335, test/loss=1.6004, test/num_examples=3003, total_duration=42630.4, train/accuracy=0.746201, train/bleu=39.9088, train/loss=1.15179, validation/accuracy=0.661256, validation/bleu=27.8822, validation/loss=1.68616, validation/num_examples=3000
I0511 05:12:55.784378 139875201737920 spec.py:333] Evaluating on the training split.
I0511 05:12:56.774310 139875201737920 workload.py:200] Translating evaluation dataset.
I0511 05:15:58.750437 139875201737920 spec.py:346] Evaluating on the validation split.
I0511 05:15:59.677803 139875201737920 workload.py:200] Translating evaluation dataset.
I0511 05:18:43.395769 139875201737920 spec.py:363] Evaluating on the test split.
I0511 05:18:44.294900 139875201737920 workload.py:200] Translating evaluation dataset.
I0511 05:21:26.512329 139875201737920 submission_runner.py:516] Time since start: 43785.14s, 	Step: 132934, 	{'train/accuracy': 0.7454485297203064, 'train/loss': 1.155918002128601, 'train/bleu': 39.736327697916266, 'validation/accuracy': 0.6612564921379089, 'validation/loss': 1.6861603260040283, 'validation/bleu': 27.88215653526417, 'validation/num_examples': 3000, 'test/accuracy': 0.6742315888404846, 'test/loss': 1.6004042625427246, 'test/bleu': 27.43347152836818, 'test/num_examples': 3003, 'score': 23244.372698307037, 'total_duration': 43785.139825344086, 'accumulated_submission_time': 23244.372698307037, 'accumulated_eval_time': 20538.257376909256, 'accumulated_logging_time': 1.4084842205047607}
I0511 05:21:26.543228 139710302181120 logging_writer.py:48] [132934] accumulated_eval_time=20538.3, accumulated_logging_time=1.40848, accumulated_submission_time=23244.4, global_step=132934, preemption_count=0, score=23244.4, test/accuracy=0.674232, test/bleu=27.4335, test/loss=1.6004, test/num_examples=3003, total_duration=43785.1, train/accuracy=0.745449, train/bleu=39.7363, train/loss=1.15592, validation/accuracy=0.661256, validation/bleu=27.8822, validation/loss=1.68616, validation/num_examples=3000
I0511 05:32:10.612790 139875201737920 spec.py:333] Evaluating on the training split.
I0511 05:32:11.603184 139875201737920 workload.py:200] Translating evaluation dataset.
I0511 05:35:14.161669 139875201737920 spec.py:346] Evaluating on the validation split.
I0511 05:35:15.091984 139875201737920 workload.py:200] Translating evaluation dataset.
I0511 05:37:59.090832 139875201737920 spec.py:363] Evaluating on the test split.
I0511 05:37:59.989521 139875201737920 workload.py:200] Translating evaluation dataset.
I0511 05:40:42.959299 139875201737920 submission_runner.py:516] Time since start: 44941.59s, 	Step: 136637, 	{'train/accuracy': 0.7451382279396057, 'train/loss': 1.1570931673049927, 'train/bleu': 39.42399693581008, 'validation/accuracy': 0.6612564921379089, 'validation/loss': 1.6861603260040283, 'validation/bleu': 27.88215653526417, 'validation/num_examples': 3000, 'test/accuracy': 0.6742315888404846, 'test/loss': 1.6004042625427246, 'test/bleu': 27.43347152836818, 'test/num_examples': 3003, 'score': 23888.40259885788, 'total_duration': 44941.586832523346, 'accumulated_submission_time': 23888.40259885788, 'accumulated_eval_time': 21050.603808403015, 'accumulated_logging_time': 1.4483139514923096}
I0511 05:40:42.987812 139710293788416 logging_writer.py:48] [136637] accumulated_eval_time=21050.6, accumulated_logging_time=1.44831, accumulated_submission_time=23888.4, global_step=136637, preemption_count=0, score=23888.4, test/accuracy=0.674232, test/bleu=27.4335, test/loss=1.6004, test/num_examples=3003, total_duration=44941.6, train/accuracy=0.745138, train/bleu=39.424, train/loss=1.15709, validation/accuracy=0.661256, validation/bleu=27.8822, validation/loss=1.68616, validation/num_examples=3000
I0511 05:51:27.131500 139710327359232 logging_writer.py:48] [140344] global_step=140344, preemption_count=0, score=24532.5
I0511 05:51:27.148943 139875201737920 submission_runner.py:857] Final wmt score: 24532.486189365387
