torchrun --redirects 1:0,2:0,3:0 --standalone --nnodes=1 --nproc_per_node=4 submission_runner.py --framework=pytorch --workload=criteo1tb --submission_path=submissions_algorithms/submissions/self_tuning/schedule_free_adamw/submission.py --data_dir=/data/criteo1tb --experiment_dir=/experiment_runs --experiment_name=submissions_a100/schedule_free_adamw/study_0 --overwrite=True --save_checkpoints=False --rng_seed=664472407 --torch_compile=true --tuning_ruleset=self 2>&1 | tee -a /logs/criteo1tb_pytorch_04-26-2026-13-12-01.log
W0426 13:12:02.867000 9 site-packages/torch/distributed/run.py:803] 
W0426 13:12:02.867000 9 site-packages/torch/distributed/run.py:803] *****************************************
W0426 13:12:02.867000 9 site-packages/torch/distributed/run.py:803] Setting OMP_NUM_THREADS environment variable for each process to be 1 in default, to avoid your system being overloaded, please further tune the variable for optimal performance in your application as needed. 
W0426 13:12:02.867000 9 site-packages/torch/distributed/run.py:803] *****************************************
2026-04-26 13:12:04.303868: E external/local_xla/xla/stream_executor/cuda/cuda_fft.cc:467] Unable to register cuFFT factory: Attempting to register factory for plugin cuFFT when one has already been registered
2026-04-26 13:12:04.303868: E external/local_xla/xla/stream_executor/cuda/cuda_fft.cc:467] Unable to register cuFFT factory: Attempting to register factory for plugin cuFFT when one has already been registered
2026-04-26 13:12:04.303868: E external/local_xla/xla/stream_executor/cuda/cuda_fft.cc:467] Unable to register cuFFT factory: Attempting to register factory for plugin cuFFT when one has already been registered
2026-04-26 13:12:04.303868: E external/local_xla/xla/stream_executor/cuda/cuda_fft.cc:467] Unable to register cuFFT factory: Attempting to register factory for plugin cuFFT when one has already been registered
WARNING: All log messages before absl::InitializeLog() is called are written to STDERR
WARNING: All log messages before absl::InitializeLog() is called are written to STDERR
WARNING: All log messages before absl::InitializeLog() is called are written to STDERR
WARNING: All log messages before absl::InitializeLog() is called are written to STDERR
E0000 00:00:1777209124.327536      41 cuda_dnn.cc:8579] Unable to register cuDNN factory: Attempting to register factory for plugin cuDNN when one has already been registered
E0000 00:00:1777209124.327536      39 cuda_dnn.cc:8579] Unable to register cuDNN factory: Attempting to register factory for plugin cuDNN when one has already been registered
E0000 00:00:1777209124.327538      40 cuda_dnn.cc:8579] Unable to register cuDNN factory: Attempting to register factory for plugin cuDNN when one has already been registered
E0000 00:00:1777209124.327536      38 cuda_dnn.cc:8579] Unable to register cuDNN factory: Attempting to register factory for plugin cuDNN when one has already been registered
E0000 00:00:1777209124.335300      39 cuda_blas.cc:1407] Unable to register cuBLAS factory: Attempting to register factory for plugin cuBLAS when one has already been registered
E0000 00:00:1777209124.335301      41 cuda_blas.cc:1407] Unable to register cuBLAS factory: Attempting to register factory for plugin cuBLAS when one has already been registered
E0000 00:00:1777209124.335301      38 cuda_blas.cc:1407] Unable to register cuBLAS factory: Attempting to register factory for plugin cuBLAS when one has already been registered
E0000 00:00:1777209124.335301      40 cuda_blas.cc:1407] Unable to register cuBLAS factory: Attempting to register factory for plugin cuBLAS when one has already been registered
W0000 00:00:1777209124.358454      40 computation_placer.cc:177] computation placer already registered. Please check linkage and avoid linking the same target more than once.
W0000 00:00:1777209124.358454      41 computation_placer.cc:177] computation placer already registered. Please check linkage and avoid linking the same target more than once.
W0000 00:00:1777209124.358456      39 computation_placer.cc:177] computation placer already registered. Please check linkage and avoid linking the same target more than once.
W0000 00:00:1777209124.358453      38 computation_placer.cc:177] computation placer already registered. Please check linkage and avoid linking the same target more than once.
W0000 00:00:1777209124.358482      41 computation_placer.cc:177] computation placer already registered. Please check linkage and avoid linking the same target more than once.
W0000 00:00:1777209124.358482      39 computation_placer.cc:177] computation placer already registered. Please check linkage and avoid linking the same target more than once.
W0000 00:00:1777209124.358483      38 computation_placer.cc:177] computation placer already registered. Please check linkage and avoid linking the same target more than once.
W0000 00:00:1777209124.358484      41 computation_placer.cc:177] computation placer already registered. Please check linkage and avoid linking the same target more than once.
W0000 00:00:1777209124.358485      39 computation_placer.cc:177] computation placer already registered. Please check linkage and avoid linking the same target more than once.
W0000 00:00:1777209124.358485      38 computation_placer.cc:177] computation placer already registered. Please check linkage and avoid linking the same target more than once.
W0000 00:00:1777209124.358486      41 computation_placer.cc:177] computation placer already registered. Please check linkage and avoid linking the same target more than once.
W0000 00:00:1777209124.358487      40 computation_placer.cc:177] computation placer already registered. Please check linkage and avoid linking the same target more than once.
W0000 00:00:1777209124.358488      38 computation_placer.cc:177] computation placer already registered. Please check linkage and avoid linking the same target more than once.
W0000 00:00:1777209124.358487      39 computation_placer.cc:177] computation placer already registered. Please check linkage and avoid linking the same target more than once.
W0000 00:00:1777209124.358489      40 computation_placer.cc:177] computation placer already registered. Please check linkage and avoid linking the same target more than once.
W0000 00:00:1777209124.358491      40 computation_placer.cc:177] computation placer already registered. Please check linkage and avoid linking the same target more than once.
W0000 00:00:1777209130.145480      41 gpu_device.cc:2341] Cannot dlopen some GPU libraries. Please make sure the missing libraries mentioned above are installed properly if you would like to use GPU. Follow the guide at https://www.tensorflow.org/install/gpu for how to download and setup the required libraries for your platform.
Skipping registering GPU devices...
W0000 00:00:1777209130.238293      39 gpu_device.cc:2341] Cannot dlopen some GPU libraries. Please make sure the missing libraries mentioned above are installed properly if you would like to use GPU. Follow the guide at https://www.tensorflow.org/install/gpu for how to download and setup the required libraries for your platform.
Skipping registering GPU devices...
W0000 00:00:1777209130.431490      38 gpu_device.cc:2341] Cannot dlopen some GPU libraries. Please make sure the missing libraries mentioned above are installed properly if you would like to use GPU. Follow the guide at https://www.tensorflow.org/install/gpu for how to download and setup the required libraries for your platform.
Skipping registering GPU devices...
W0000 00:00:1777209130.582458      40 gpu_device.cc:2341] Cannot dlopen some GPU libraries. Please make sure the missing libraries mentioned above are installed properly if you would like to use GPU. Follow the guide at https://www.tensorflow.org/install/gpu for how to download and setup the required libraries for your platform.
Skipping registering GPU devices...
/usr/local/lib/python3.11/site-packages/torch/__init__.py:1617: UserWarning: Please use the new API settings to control TF32 behavior, such as torch.backends.cudnn.conv.fp32_precision = 'tf32' or torch.backends.cuda.matmul.fp32_precision = 'ieee'. Old settings, e.g, torch.backends.cuda.matmul.allow_tf32 = True, torch.backends.cudnn.allow_tf32 = True, allowTF32CuDNN() and allowTF32CuBLAS() will be deprecated after Pytorch 2.9. Please see https://pytorch.org/docs/main/notes/cuda.html#tensorfloat-32-tf32-on-ampere-and-later-devices (Triggered internally at /pytorch/aten/src/ATen/Context.cpp:80.)
  _C._set_float32_matmul_precision(precision)
/usr/local/lib/python3.11/site-packages/torch/__init__.py:1617: UserWarning: Please use the new API settings to control TF32 behavior, such as torch.backends.cudnn.conv.fp32_precision = 'tf32' or torch.backends.cuda.matmul.fp32_precision = 'ieee'. Old settings, e.g, torch.backends.cuda.matmul.allow_tf32 = True, torch.backends.cudnn.allow_tf32 = True, allowTF32CuDNN() and allowTF32CuBLAS() will be deprecated after Pytorch 2.9. Please see https://pytorch.org/docs/main/notes/cuda.html#tensorfloat-32-tf32-on-ampere-and-later-devices (Triggered internally at /pytorch/aten/src/ATen/Context.cpp:80.)
  _C._set_float32_matmul_precision(precision)
/usr/local/lib/python3.11/site-packages/torch/__init__.py:1617: UserWarning: Please use the new API settings to control TF32 behavior, such as torch.backends.cudnn.conv.fp32_precision = 'tf32' or torch.backends.cuda.matmul.fp32_precision = 'ieee'. Old settings, e.g, torch.backends.cuda.matmul.allow_tf32 = True, torch.backends.cudnn.allow_tf32 = True, allowTF32CuDNN() and allowTF32CuBLAS() will be deprecated after Pytorch 2.9. Please see https://pytorch.org/docs/main/notes/cuda.html#tensorfloat-32-tf32-on-ampere-and-later-devices (Triggered internally at /pytorch/aten/src/ATen/Context.cpp:80.)
  _C._set_float32_matmul_precision(precision)
/usr/local/lib/python3.11/site-packages/torch/__init__.py:1617: UserWarning: Please use the new API settings to control TF32 behavior, such as torch.backends.cudnn.conv.fp32_precision = 'tf32' or torch.backends.cuda.matmul.fp32_precision = 'ieee'. Old settings, e.g, torch.backends.cuda.matmul.allow_tf32 = True, torch.backends.cudnn.allow_tf32 = True, allowTF32CuDNN() and allowTF32CuBLAS() will be deprecated after Pytorch 2.9. Please see https://pytorch.org/docs/main/notes/cuda.html#tensorfloat-32-tf32-on-ampere-and-later-devices (Triggered internally at /pytorch/aten/src/ATen/Context.cpp:80.)
  _C._set_float32_matmul_precision(precision)
/usr/local/lib/python3.11/site-packages/pydantic/_internal/_generate_schema.py:2249: UnsupportedFieldAttributeWarning: The 'repr' attribute with value False was provided to the `Field()` function, which has no effect in the context it was used. 'repr' is field-specific metadata, and can only be attached to a model field using `Annotated` metadata or by assignment. This may have happened because an `Annotated` type alias using the `type` statement was used, or if the `Field()` function was attached to a single member of a union type.
  warnings.warn(
/usr/local/lib/python3.11/site-packages/pydantic/_internal/_generate_schema.py:2249: UnsupportedFieldAttributeWarning: The 'frozen' attribute with value True was provided to the `Field()` function, which has no effect in the context it was used. 'frozen' is field-specific metadata, and can only be attached to a model field using `Annotated` metadata or by assignment. This may have happened because an `Annotated` type alias using the `type` statement was used, or if the `Field()` function was attached to a single member of a union type.
  warnings.warn(
/usr/local/lib/python3.11/site-packages/pydantic/_internal/_generate_schema.py:2249: UnsupportedFieldAttributeWarning: The 'repr' attribute with value False was provided to the `Field()` function, which has no effect in the context it was used. 'repr' is field-specific metadata, and can only be attached to a model field using `Annotated` metadata or by assignment. This may have happened because an `Annotated` type alias using the `type` statement was used, or if the `Field()` function was attached to a single member of a union type.
  warnings.warn(
/usr/local/lib/python3.11/site-packages/pydantic/_internal/_generate_schema.py:2249: UnsupportedFieldAttributeWarning: The 'frozen' attribute with value True was provided to the `Field()` function, which has no effect in the context it was used. 'frozen' is field-specific metadata, and can only be attached to a model field using `Annotated` metadata or by assignment. This may have happened because an `Annotated` type alias using the `type` statement was used, or if the `Field()` function was attached to a single member of a union type.
  warnings.warn(
/usr/local/lib/python3.11/site-packages/pydantic/_internal/_generate_schema.py:2249: UnsupportedFieldAttributeWarning: The 'repr' attribute with value False was provided to the `Field()` function, which has no effect in the context it was used. 'repr' is field-specific metadata, and can only be attached to a model field using `Annotated` metadata or by assignment. This may have happened because an `Annotated` type alias using the `type` statement was used, or if the `Field()` function was attached to a single member of a union type.
  warnings.warn(
/usr/local/lib/python3.11/site-packages/pydantic/_internal/_generate_schema.py:2249: UnsupportedFieldAttributeWarning: The 'frozen' attribute with value True was provided to the `Field()` function, which has no effect in the context it was used. 'frozen' is field-specific metadata, and can only be attached to a model field using `Annotated` metadata or by assignment. This may have happened because an `Annotated` type alias using the `type` statement was used, or if the `Field()` function was attached to a single member of a union type.
  warnings.warn(
/usr/local/lib/python3.11/site-packages/pydantic/_internal/_generate_schema.py:2249: UnsupportedFieldAttributeWarning: The 'repr' attribute with value False was provided to the `Field()` function, which has no effect in the context it was used. 'repr' is field-specific metadata, and can only be attached to a model field using `Annotated` metadata or by assignment. This may have happened because an `Annotated` type alias using the `type` statement was used, or if the `Field()` function was attached to a single member of a union type.
  warnings.warn(
/usr/local/lib/python3.11/site-packages/pydantic/_internal/_generate_schema.py:2249: UnsupportedFieldAttributeWarning: The 'frozen' attribute with value True was provided to the `Field()` function, which has no effect in the context it was used. 'frozen' is field-specific metadata, and can only be attached to a model field using `Annotated` metadata or by assignment. This may have happened because an `Annotated` type alias using the `type` statement was used, or if the `Field()` function was attached to a single member of a union type.
  warnings.warn(
I0426 13:12:12.476332 139981591594176 logger_utils.py:59] Removing existing experiment directory /experiment_runs/submissions_a100/schedule_free_adamw/study_0/criteo1tb_pytorch because --overwrite was set.
I0426 13:12:12.476339 139945913271488 logger_utils.py:59] Removing existing experiment directory /experiment_runs/submissions_a100/schedule_free_adamw/study_0/criteo1tb_pytorch because --overwrite was set.
I0426 13:12:12.476342 140147495068864 logger_utils.py:59] Removing existing experiment directory /experiment_runs/submissions_a100/schedule_free_adamw/study_0/criteo1tb_pytorch because --overwrite was set.
I0426 13:12:12.476352 139750535804096 logger_utils.py:59] Removing existing experiment directory /experiment_runs/submissions_a100/schedule_free_adamw/study_0/criteo1tb_pytorch because --overwrite was set.
/usr/local/lib/python3.11/site-packages/torch/distributed/distributed_c10d.py:4876: UserWarning: barrier(): using the device under current context. You can specify `device_id` in `init_process_group` to mute this warning.
  warnings.warn(  # warn only once
[rank0]:[W426 13:12:12.821951259 ProcessGroupNCCL.cpp:5068] Guessing device ID based on global rank. This can cause a hang if rank to GPU mapping is heterogeneous. You can specify device_id in init_process_group()
I0426 13:12:13.199698 139750535804096 logger_utils.py:84] Creating experiment directory at /experiment_runs/submissions_a100/schedule_free_adamw/study_0/criteo1tb_pytorch.
I0426 13:12:13.199697 140147495068864 logger_utils.py:84] Creating experiment directory at /experiment_runs/submissions_a100/schedule_free_adamw/study_0/criteo1tb_pytorch.
I0426 13:12:13.199727 139945913271488 logger_utils.py:84] Creating experiment directory at /experiment_runs/submissions_a100/schedule_free_adamw/study_0/criteo1tb_pytorch.
I0426 13:12:13.199734 139981591594176 logger_utils.py:84] Creating experiment directory at /experiment_runs/submissions_a100/schedule_free_adamw/study_0/criteo1tb_pytorch.
I0426 13:12:13.237280 139750535804096 submission_runner.py:741] Creating directory at /experiment_runs/submissions_a100/schedule_free_adamw/study_0/criteo1tb_pytorch/trial_1.
I0426 13:12:13.520535 139750535804096 submission_runner.py:242] Initializing dataset.
I0426 13:12:13.520721 139750535804096 submission_runner.py:251] Initializing model.
W0426 13:12:19.274667 139750535804096 submission_runner.py:273] These workloads cannot be fully compiled under current PyTorch version. Proceeding without `torch.compile`.
W0426 13:12:19.274695 140147495068864 submission_runner.py:273] These workloads cannot be fully compiled under current PyTorch version. Proceeding without `torch.compile`.
W0426 13:12:19.274745 139981591594176 submission_runner.py:273] These workloads cannot be fully compiled under current PyTorch version. Proceeding without `torch.compile`.
I0426 13:12:19.274862 139750535804096 submission_runner.py:294] Initializing optimizer.
W0426 13:12:19.274788 139945913271488 submission_runner.py:273] These workloads cannot be fully compiled under current PyTorch version. Proceeding without `torch.compile`.
I0426 13:12:19.275165 139750535804096 submission_runner.py:299] Initializing metrics bundle.
I0426 13:12:19.275335 139750535804096 submission_runner.py:321] Initializing checkpoint and logger.
I0426 13:12:19.278555 139750535804096 submission_runner.py:344] Saving meta data to /experiment_runs/submissions_a100/schedule_free_adamw/study_0/criteo1tb_pytorch/trial_1/meta_data_0.json.
I0426 13:12:19.278614 139945913271488 logger_utils.py:283] Unable to record workload.train_mean information. Continuing without it.
I0426 13:12:19.278630 139981591594176 logger_utils.py:283] Unable to record workload.train_mean information. Continuing without it.
I0426 13:12:19.278648 140147495068864 logger_utils.py:283] Unable to record workload.train_mean information. Continuing without it.
I0426 13:12:19.278771 139945913271488 logger_utils.py:283] Unable to record workload.train_stddev information. Continuing without it.
I0426 13:12:19.278781 139750535804096 logger_utils.py:283] Unable to record workload.train_mean information. Continuing without it.
I0426 13:12:19.278782 139981591594176 logger_utils.py:283] Unable to record workload.train_stddev information. Continuing without it.
I0426 13:12:19.278801 140147495068864 logger_utils.py:283] Unable to record workload.train_stddev information. Continuing without it.
I0426 13:12:19.278843 139750535804096 logger_utils.py:283] Unable to record workload.train_stddev information. Continuing without it.
I0426 13:12:19.528322 139750535804096 submission_runner.py:348] Saving flags to /experiment_runs/submissions_a100/schedule_free_adamw/study_0/criteo1tb_pytorch/trial_1/flags_0.json.
I0426 13:12:19.575353 139750535804096 submission_runner.py:359] Starting training loop.
I0426 13:12:27.798042 139750535804096 spec.py:333] Evaluating on the training split.
I0426 13:25:12.656476 139750535804096 spec.py:346] Evaluating on the validation split.
I0426 13:38:21.077921 139750535804096 spec.py:363] Evaluating on the test split.
I0426 13:52:55.412627 139750535804096 submission_runner.py:516] Time since start: 2435.84s, 	Step: 1, 	{'train/loss': 0.33224903134005807, 'validation/loss': 0.3329954482648096, 'validation/num_examples': 83274637, 'test/loss': 0.33380991806833366, 'test/num_examples': 95000000, 'score': 7.88826584815979, 'total_duration': 2435.8375494480133, 'accumulated_submission_time': 7.88826584815979, 'accumulated_eval_time': 2427.6146557331085, 'accumulated_logging_time': 0}
I0426 13:52:55.456290 139709405656832 logging_writer.py:48] [1] accumulated_eval_time=2427.61, accumulated_logging_time=0, accumulated_submission_time=7.88827, global_step=1, preemption_count=0, score=7.88827, test/loss=0.33381, test/num_examples=95000000, total_duration=2435.84, train/loss=0.332249, validation/loss=0.332995, validation/num_examples=83274637
I0426 13:58:52.475677 139750535804096 spec.py:333] Evaluating on the training split.
I0426 14:11:05.470611 139750535804096 spec.py:346] Evaluating on the validation split.
I0426 14:14:55.979844 139750535804096 spec.py:363] Evaluating on the test split.
I0426 14:19:19.139692 139750535804096 submission_runner.py:516] Time since start: 4019.56s, 	Step: 163, 	{'train/loss': 0.1266769328600405, 'validation/loss': 0.12812071916208548, 'validation/num_examples': 83274637, 'test/loss': 0.1304626438786557, 'test/num_examples': 95000000, 'score': 364.17549657821655, 'total_duration': 4019.5646212100983, 'accumulated_submission_time': 364.17549657821655, 'accumulated_eval_time': 3654.2787730693817, 'accumulated_logging_time': 0.07973217964172363}
I0426 14:19:19.183513 139709397264128 logging_writer.py:48] [163] accumulated_eval_time=3654.28, accumulated_logging_time=0.0797322, accumulated_submission_time=364.175, global_step=163, preemption_count=0, score=364.175, test/loss=0.130463, test/num_examples=95000000, total_duration=4019.56, train/loss=0.126677, validation/loss=0.128121, validation/num_examples=83274637
I0426 14:25:17.266838 139750535804096 spec.py:333] Evaluating on the training split.
I0426 14:37:22.729696 139750535804096 spec.py:346] Evaluating on the validation split.
I0426 14:40:57.637266 139750535804096 spec.py:363] Evaluating on the test split.
I0426 14:45:17.207711 139750535804096 submission_runner.py:516] Time since start: 5577.63s, 	Step: 332, 	{'train/loss': 0.1281571622647326, 'validation/loss': 0.12696925932231454, 'validation/num_examples': 83274637, 'test/loss': 0.129284555074752, 'test/num_examples': 95000000, 'score': 721.5654509067535, 'total_duration': 5577.632633447647, 'accumulated_submission_time': 721.5654509067535, 'accumulated_eval_time': 4854.219679117203, 'accumulated_logging_time': 0.13103485107421875}
I0426 14:45:17.253758 139709405656832 logging_writer.py:48] [332] accumulated_eval_time=4854.22, accumulated_logging_time=0.131035, accumulated_submission_time=721.565, global_step=332, preemption_count=0, score=721.565, test/loss=0.129285, test/num_examples=95000000, total_duration=5577.63, train/loss=0.128157, validation/loss=0.126969, validation/num_examples=83274637
I0426 14:51:13.825524 139750535804096 spec.py:333] Evaluating on the training split.
I0426 15:02:21.962356 139750535804096 spec.py:346] Evaluating on the validation split.
I0426 15:05:57.159532 139750535804096 spec.py:363] Evaluating on the test split.
I0426 15:09:59.211408 139750535804096 submission_runner.py:516] Time since start: 7059.64s, 	Step: 497, 	{'train/loss': 0.12609688344314626, 'validation/loss': 0.12668642035610445, 'validation/num_examples': 83274637, 'test/loss': 0.1289904772618344, 'test/num_examples': 95000000, 'score': 1077.445155620575, 'total_duration': 7059.636300563812, 'accumulated_submission_time': 1077.445155620575, 'accumulated_eval_time': 5979.605565071106, 'accumulated_logging_time': 0.1843714714050293}
I0426 15:09:59.258233 139709397264128 logging_writer.py:48] [497] accumulated_eval_time=5979.61, accumulated_logging_time=0.184371, accumulated_submission_time=1077.45, global_step=497, preemption_count=0, score=1077.45, test/loss=0.12899, test/num_examples=95000000, total_duration=7059.64, train/loss=0.126097, validation/loss=0.126686, validation/num_examples=83274637
I0426 15:15:55.837065 139750535804096 spec.py:333] Evaluating on the training split.
I0426 15:26:30.154761 139750535804096 spec.py:346] Evaluating on the validation split.
I0426 15:30:07.260850 139750535804096 spec.py:363] Evaluating on the test split.
I0426 15:34:11.912955 139750535804096 submission_runner.py:516] Time since start: 8512.34s, 	Step: 660, 	{'train/loss': 0.12561224265027365, 'validation/loss': 0.12631478509068336, 'validation/num_examples': 83274637, 'test/loss': 0.12852385675177322, 'test/num_examples': 95000000, 'score': 1433.3111872673035, 'total_duration': 8512.337836027145, 'accumulated_submission_time': 1433.3111872673035, 'accumulated_eval_time': 7075.681461811066, 'accumulated_logging_time': 0.2384967803955078}
I0426 15:34:11.956644 139709405656832 logging_writer.py:48] [660] accumulated_eval_time=7075.68, accumulated_logging_time=0.238497, accumulated_submission_time=1433.31, global_step=660, preemption_count=0, score=1433.31, test/loss=0.128524, test/num_examples=95000000, total_duration=8512.34, train/loss=0.125612, validation/loss=0.126315, validation/num_examples=83274637
I0426 15:40:08.685201 139750535804096 spec.py:333] Evaluating on the training split.
I0426 15:51:32.741183 139750535804096 spec.py:346] Evaluating on the validation split.
I0426 15:55:10.225929 139750535804096 spec.py:363] Evaluating on the test split.
I0426 15:59:14.540830 139750535804096 submission_runner.py:516] Time since start: 10014.97s, 	Step: 857, 	{'train/loss': 0.12466134959855653, 'validation/loss': 0.12593418749269206, 'validation/num_examples': 83274637, 'test/loss': 0.1281381491410105, 'test/num_examples': 95000000, 'score': 1789.3030874729156, 'total_duration': 10014.965723276138, 'accumulated_submission_time': 1789.3030874729156, 'accumulated_eval_time': 8221.537102937698, 'accumulated_logging_time': 0.2895081043243408}
I0426 15:59:14.588038 139709397264128 logging_writer.py:48] [857] accumulated_eval_time=8221.54, accumulated_logging_time=0.289508, accumulated_submission_time=1789.3, global_step=857, preemption_count=0, score=1789.3, test/loss=0.128138, test/num_examples=95000000, total_duration=10015, train/loss=0.124661, validation/loss=0.125934, validation/num_examples=83274637
I0426 16:05:11.495539 139750535804096 spec.py:333] Evaluating on the training split.
I0426 16:16:50.417316 139750535804096 spec.py:346] Evaluating on the validation split.
I0426 16:20:25.854057 139750535804096 spec.py:363] Evaluating on the test split.
I0426 16:24:28.067347 139750535804096 submission_runner.py:516] Time since start: 11528.49s, 	Step: 1027, 	{'train/loss': 0.12722957935187904, 'validation/loss': 0.1257264526779455, 'validation/num_examples': 83274637, 'test/loss': 0.12798759249171207, 'test/num_examples': 95000000, 'score': 2145.4928987026215, 'total_duration': 11528.492245435715, 'accumulated_submission_time': 2145.4928987026215, 'accumulated_eval_time': 9378.108946561813, 'accumulated_logging_time': 0.34377050399780273}
I0426 16:24:28.108608 139709405656832 logging_writer.py:48] [1027] accumulated_eval_time=9378.11, accumulated_logging_time=0.343771, accumulated_submission_time=2145.49, global_step=1027, preemption_count=0, score=2145.49, test/loss=0.127988, test/num_examples=95000000, total_duration=11528.5, train/loss=0.12723, validation/loss=0.125726, validation/num_examples=83274637
I0426 16:30:25.361251 139750535804096 spec.py:333] Evaluating on the training split.
I0426 16:41:53.266212 139750535804096 spec.py:346] Evaluating on the validation split.
I0426 16:45:25.707842 139750535804096 spec.py:363] Evaluating on the test split.
I0426 16:49:26.969158 139750535804096 submission_runner.py:516] Time since start: 13027.39s, 	Step: 1232, 	{'train/loss': 0.12490923054583741, 'validation/loss': 0.1253776343249401, 'validation/num_examples': 83274637, 'test/loss': 0.12766846651643451, 'test/num_examples': 95000000, 'score': 2502.041980266571, 'total_duration': 13027.39406824112, 'accumulated_submission_time': 2502.041980266571, 'accumulated_eval_time': 10519.71686077118, 'accumulated_logging_time': 0.39215970039367676}
I0426 16:49:27.015041 139709397264128 logging_writer.py:48] [1232] accumulated_eval_time=10519.7, accumulated_logging_time=0.39216, accumulated_submission_time=2502.04, global_step=1232, preemption_count=0, score=2502.04, test/loss=0.127668, test/num_examples=95000000, total_duration=13027.4, train/loss=0.124909, validation/loss=0.125378, validation/num_examples=83274637
I0426 16:55:25.225855 139750535804096 spec.py:333] Evaluating on the training split.
I0426 17:03:13.877487 139750535804096 spec.py:346] Evaluating on the validation split.
I0426 17:06:44.574207 139750535804096 spec.py:363] Evaluating on the test split.
I0426 17:10:43.196185 139750535804096 submission_runner.py:516] Time since start: 14303.62s, 	Step: 1424, 	{'train/loss': 0.12198842580963572, 'validation/loss': 0.12523352405877897, 'validation/num_examples': 83274637, 'test/loss': 0.12756057510938143, 'test/num_examples': 95000000, 'score': 2859.5598781108856, 'total_duration': 14303.621088504791, 'accumulated_submission_time': 2859.5598781108856, 'accumulated_eval_time': 11437.687187433243, 'accumulated_logging_time': 0.4450852870941162}
I0426 17:10:43.235753 139709405656832 logging_writer.py:48] [1424] accumulated_eval_time=11437.7, accumulated_logging_time=0.445085, accumulated_submission_time=2859.56, global_step=1424, preemption_count=0, score=2859.56, test/loss=0.127561, test/num_examples=95000000, total_duration=14303.6, train/loss=0.121988, validation/loss=0.125234, validation/num_examples=83274637
I0426 17:16:40.503005 139750535804096 spec.py:333] Evaluating on the training split.
I0426 17:25:54.360041 139750535804096 spec.py:346] Evaluating on the validation split.
I0426 17:29:21.477513 139750535804096 spec.py:363] Evaluating on the test split.
I0426 17:33:15.675294 139750535804096 submission_runner.py:516] Time since start: 15656.10s, 	Step: 1605, 	{'train/loss': 0.12413062119316702, 'validation/loss': 0.12507034239740802, 'validation/num_examples': 83274637, 'test/loss': 0.12736513569641114, 'test/num_examples': 95000000, 'score': 3216.17582821846, 'total_duration': 15656.10021328926, 'accumulated_submission_time': 3216.17582821846, 'accumulated_eval_time': 12432.85953783989, 'accumulated_logging_time': 0.4916064739227295}
I0426 17:33:15.716544 139709397264128 logging_writer.py:48] [1605] accumulated_eval_time=12432.9, accumulated_logging_time=0.491606, accumulated_submission_time=3216.18, global_step=1605, preemption_count=0, score=3216.18, test/loss=0.127365, test/num_examples=95000000, total_duration=15656.1, train/loss=0.124131, validation/loss=0.12507, validation/num_examples=83274637
I0426 17:39:12.339901 139750535804096 spec.py:333] Evaluating on the training split.
I0426 17:48:33.850898 139750535804096 spec.py:346] Evaluating on the validation split.
I0426 17:51:49.251246 139750535804096 spec.py:363] Evaluating on the test split.
I0426 17:55:33.151815 139750535804096 submission_runner.py:516] Time since start: 16993.58s, 	Step: 1801, 	{'train/loss': 0.12516196383269235, 'validation/loss': 0.12503018793059154, 'validation/num_examples': 83274637, 'test/loss': 0.12734652604209498, 'test/num_examples': 95000000, 'score': 3572.133828639984, 'total_duration': 16993.57675719261, 'accumulated_submission_time': 3572.133828639984, 'accumulated_eval_time': 13413.671528816223, 'accumulated_logging_time': 0.5402133464813232}
I0426 17:55:33.195059 139709405656832 logging_writer.py:48] [1801] accumulated_eval_time=13413.7, accumulated_logging_time=0.540213, accumulated_submission_time=3572.13, global_step=1801, preemption_count=0, score=3572.13, test/loss=0.127347, test/num_examples=95000000, total_duration=16993.6, train/loss=0.125162, validation/loss=0.12503, validation/num_examples=83274637
I0426 18:01:30.663619 139750535804096 spec.py:333] Evaluating on the training split.
I0426 18:10:16.479532 139750535804096 spec.py:346] Evaluating on the validation split.
I0426 18:13:11.126067 139750535804096 spec.py:363] Evaluating on the test split.
I0426 18:16:37.444066 139750535804096 submission_runner.py:516] Time since start: 18257.87s, 	Step: 2002, 	{'train/loss': 0.12484573503835637, 'validation/loss': 0.12497121792572065, 'validation/num_examples': 83274637, 'test/loss': 0.1273319605512117, 'test/num_examples': 95000000, 'score': 3928.9417538642883, 'total_duration': 18257.868990898132, 'accumulated_submission_time': 3928.9417538642883, 'accumulated_eval_time': 14320.452023744583, 'accumulated_logging_time': 0.5907318592071533}
I0426 18:16:37.490018 139709397264128 logging_writer.py:48] [2002] accumulated_eval_time=14320.5, accumulated_logging_time=0.590732, accumulated_submission_time=3928.94, global_step=2002, preemption_count=0, score=3928.94, test/loss=0.127332, test/num_examples=95000000, total_duration=18257.9, train/loss=0.124846, validation/loss=0.124971, validation/num_examples=83274637
I0426 18:22:34.446782 139750535804096 spec.py:333] Evaluating on the training split.
I0426 18:28:17.371366 139750535804096 spec.py:346] Evaluating on the validation split.
I0426 18:30:28.467269 139750535804096 spec.py:363] Evaluating on the test split.
I0426 18:33:15.323925 139750535804096 submission_runner.py:516] Time since start: 19255.75s, 	Step: 2199, 	{'train/loss': 0.1226114059501415, 'validation/loss': 0.1248870764115441, 'validation/num_examples': 83274637, 'test/loss': 0.1272301210817036, 'test/num_examples': 95000000, 'score': 4285.243519544601, 'total_duration': 19255.748866319656, 'accumulated_submission_time': 4285.243519544601, 'accumulated_eval_time': 14961.329237937927, 'accumulated_logging_time': 0.6454524993896484}
I0426 18:33:15.364158 139709405656832 logging_writer.py:48] [2199] accumulated_eval_time=14961.3, accumulated_logging_time=0.645452, accumulated_submission_time=4285.24, global_step=2199, preemption_count=0, score=4285.24, test/loss=0.12723, test/num_examples=95000000, total_duration=19255.7, train/loss=0.122611, validation/loss=0.124887, validation/num_examples=83274637
I0426 18:39:13.481063 139750535804096 spec.py:333] Evaluating on the training split.
I0426 18:42:58.785508 139750535804096 spec.py:346] Evaluating on the validation split.
I0426 18:44:25.419838 139750535804096 spec.py:363] Evaluating on the test split.
I0426 18:46:28.711913 139750535804096 submission_runner.py:516] Time since start: 20049.14s, 	Step: 2412, 	{'train/loss': 0.12262677794610764, 'validation/loss': 0.12455329365273385, 'validation/num_examples': 83274637, 'test/loss': 0.12691254110139547, 'test/num_examples': 95000000, 'score': 4642.6990003585815, 'total_duration': 20049.13683128357, 'accumulated_submission_time': 4642.6990003585815, 'accumulated_eval_time': 15396.560142993927, 'accumulated_logging_time': 0.6927623748779297}
I0426 18:46:28.753676 139709397264128 logging_writer.py:48] [2412] accumulated_eval_time=15396.6, accumulated_logging_time=0.692762, accumulated_submission_time=4642.7, global_step=2412, preemption_count=0, score=4642.7, test/loss=0.126913, test/num_examples=95000000, total_duration=20049.1, train/loss=0.122627, validation/loss=0.124553, validation/num_examples=83274637
I0426 18:52:25.584484 139750535804096 spec.py:333] Evaluating on the training split.
I0426 18:54:29.718659 139750535804096 spec.py:346] Evaluating on the validation split.
I0426 18:55:28.780389 139750535804096 spec.py:363] Evaluating on the test split.
I0426 18:56:47.132845 139750535804096 submission_runner.py:516] Time since start: 20667.56s, 	Step: 2613, 	{'train/loss': 0.12195567713642558, 'validation/loss': 0.12440495335548923, 'validation/num_examples': 83274637, 'test/loss': 0.1267740820355867, 'test/num_examples': 95000000, 'score': 4998.864248037338, 'total_duration': 20667.55776643753, 'accumulated_submission_time': 4998.864248037338, 'accumulated_eval_time': 15658.108516216278, 'accumulated_logging_time': 0.7418308258056641}
I0426 18:56:47.175300 139709405656832 logging_writer.py:48] [2613] accumulated_eval_time=15658.1, accumulated_logging_time=0.741831, accumulated_submission_time=4998.86, global_step=2613, preemption_count=0, score=4998.86, test/loss=0.126774, test/num_examples=95000000, total_duration=20667.6, train/loss=0.121956, validation/loss=0.124405, validation/num_examples=83274637
I0426 19:02:44.506048 139750535804096 spec.py:333] Evaluating on the training split.
I0426 19:04:56.052976 139750535804096 spec.py:346] Evaluating on the validation split.
I0426 19:05:55.180437 139750535804096 spec.py:363] Evaluating on the test split.
I0426 19:07:02.779286 139750535804096 submission_runner.py:516] Time since start: 21283.20s, 	Step: 2814, 	{'train/loss': 0.12209279801584406, 'validation/loss': 0.12437514375711312, 'validation/num_examples': 83274637, 'test/loss': 0.12672697387374074, 'test/num_examples': 95000000, 'score': 5355.517009019852, 'total_duration': 21283.204224586487, 'accumulated_submission_time': 5355.517009019852, 'accumulated_eval_time': 15916.381832122803, 'accumulated_logging_time': 0.7916467189788818}
I0426 19:07:02.819800 139709397264128 logging_writer.py:48] [2814] accumulated_eval_time=15916.4, accumulated_logging_time=0.791647, accumulated_submission_time=5355.52, global_step=2814, preemption_count=0, score=5355.52, test/loss=0.126727, test/num_examples=95000000, total_duration=21283.2, train/loss=0.122093, validation/loss=0.124375, validation/num_examples=83274637
I0426 19:13:01.350992 139750535804096 spec.py:333] Evaluating on the training split.
I0426 19:16:07.892032 139750535804096 spec.py:346] Evaluating on the validation split.
I0426 19:17:06.853161 139750535804096 spec.py:363] Evaluating on the test split.
I0426 19:18:14.531742 139750535804096 submission_runner.py:516] Time since start: 21954.96s, 	Step: 3006, 	{'train/loss': 0.1229332871528054, 'validation/loss': 0.12438815799866237, 'validation/num_examples': 83274637, 'test/loss': 0.12677485768673546, 'test/num_examples': 95000000, 'score': 5713.370320796967, 'total_duration': 21954.956679344177, 'accumulated_submission_time': 5713.370320796967, 'accumulated_eval_time': 16229.562669038773, 'accumulated_logging_time': 0.8396241664886475}
I0426 19:18:14.576116 139709405656832 logging_writer.py:48] [3006] accumulated_eval_time=16229.6, accumulated_logging_time=0.839624, accumulated_submission_time=5713.37, global_step=3006, preemption_count=0, score=5713.37, test/loss=0.126775, test/num_examples=95000000, total_duration=21955, train/loss=0.122933, validation/loss=0.124388, validation/num_examples=83274637
I0426 19:24:10.960061 139750535804096 spec.py:333] Evaluating on the training split.
I0426 19:27:28.940239 139750535804096 spec.py:346] Evaluating on the validation split.
I0426 19:28:27.522892 139750535804096 spec.py:363] Evaluating on the test split.
I0426 19:29:35.039707 139750535804096 submission_runner.py:516] Time since start: 22635.46s, 	Step: 3207, 	{'train/loss': 0.1252213099719665, 'validation/loss': 0.12441783197435119, 'validation/num_examples': 83274637, 'test/loss': 0.12682950066207083, 'test/num_examples': 95000000, 'score': 6069.080229043961, 'total_duration': 22635.464636087418, 'accumulated_submission_time': 6069.080229043961, 'accumulated_eval_time': 16553.642342567444, 'accumulated_logging_time': 0.8912718296051025}
I0426 19:29:35.083218 139709397264128 logging_writer.py:48] [3207] accumulated_eval_time=16553.6, accumulated_logging_time=0.891272, accumulated_submission_time=6069.08, global_step=3207, preemption_count=0, score=6069.08, test/loss=0.12683, test/num_examples=95000000, total_duration=22635.5, train/loss=0.125221, validation/loss=0.124418, validation/num_examples=83274637
I0426 19:35:31.851182 139750535804096 spec.py:333] Evaluating on the training split.
I0426 19:38:30.521485 139750535804096 spec.py:346] Evaluating on the validation split.
I0426 19:39:29.307071 139750535804096 spec.py:363] Evaluating on the test split.
I0426 19:40:36.651248 139750535804096 submission_runner.py:516] Time since start: 23297.08s, 	Step: 3411, 	{'train/loss': 0.12368516506069838, 'validation/loss': 0.12441061063643262, 'validation/num_examples': 83274637, 'test/loss': 0.12678792054443358, 'test/num_examples': 95000000, 'score': 6425.172350645065, 'total_duration': 23297.076191663742, 'accumulated_submission_time': 6425.172350645065, 'accumulated_eval_time': 16858.442493200302, 'accumulated_logging_time': 0.9418537616729736}
I0426 19:40:36.691438 139709405656832 logging_writer.py:48] [3411] accumulated_eval_time=16858.4, accumulated_logging_time=0.941854, accumulated_submission_time=6425.17, global_step=3411, preemption_count=0, score=6425.17, test/loss=0.126788, test/num_examples=95000000, total_duration=23297.1, train/loss=0.123685, validation/loss=0.124411, validation/num_examples=83274637
I0426 19:46:34.587163 139750535804096 spec.py:333] Evaluating on the training split.
I0426 19:47:51.633264 139750535804096 spec.py:346] Evaluating on the validation split.
I0426 19:48:50.410623 139750535804096 spec.py:363] Evaluating on the test split.
I0426 19:49:57.780362 139750535804096 submission_runner.py:516] Time since start: 23858.21s, 	Step: 3608, 	{'train/loss': 0.12176379992254847, 'validation/loss': 0.12424246396260553, 'validation/num_examples': 83274637, 'test/loss': 0.12658137934265137, 'test/num_examples': 95000000, 'score': 6782.391945362091, 'total_duration': 23858.205300092697, 'accumulated_submission_time': 6782.391945362091, 'accumulated_eval_time': 17061.635761022568, 'accumulated_logging_time': 0.9894142150878906}
I0426 19:49:57.823655 139709397264128 logging_writer.py:48] [3608] accumulated_eval_time=17061.6, accumulated_logging_time=0.989414, accumulated_submission_time=6782.39, global_step=3608, preemption_count=0, score=6782.39, test/loss=0.126581, test/num_examples=95000000, total_duration=23858.2, train/loss=0.121764, validation/loss=0.124242, validation/num_examples=83274637
I0426 19:55:55.707982 139750535804096 spec.py:333] Evaluating on the training split.
I0426 19:56:54.429041 139750535804096 spec.py:346] Evaluating on the validation split.
I0426 19:57:53.332892 139750535804096 spec.py:363] Evaluating on the test split.
I0426 19:59:00.647306 139750535804096 submission_runner.py:516] Time since start: 24401.07s, 	Step: 3799, 	{'train/loss': 0.12336108301673322, 'validation/loss': 0.12415912366322109, 'validation/num_examples': 83274637, 'test/loss': 0.12648778248387388, 'test/num_examples': 95000000, 'score': 7139.604526281357, 'total_duration': 24401.07226061821, 'accumulated_submission_time': 7139.604526281357, 'accumulated_eval_time': 17246.57522368431, 'accumulated_logging_time': 1.0398645401000977}
I0426 19:59:00.689423 139709405656832 logging_writer.py:48] [3799] accumulated_eval_time=17246.6, accumulated_logging_time=1.03986, accumulated_submission_time=7139.6, global_step=3799, preemption_count=0, score=7139.6, test/loss=0.126488, test/num_examples=95000000, total_duration=24401.1, train/loss=0.123361, validation/loss=0.124159, validation/num_examples=83274637
I0426 20:04:57.535545 139750535804096 spec.py:333] Evaluating on the training split.
I0426 20:06:18.188811 139750535804096 spec.py:346] Evaluating on the validation split.
I0426 20:07:16.998871 139750535804096 spec.py:363] Evaluating on the test split.
I0426 20:08:24.382782 139750535804096 submission_runner.py:516] Time since start: 24964.81s, 	Step: 3996, 	{'train/loss': 0.12341919734879093, 'validation/loss': 0.12415080437776224, 'validation/num_examples': 83274637, 'test/loss': 0.1264866951342131, 'test/num_examples': 95000000, 'score': 7495.776864051819, 'total_duration': 24964.80773830414, 'accumulated_submission_time': 7495.776864051819, 'accumulated_eval_time': 17453.42256784439, 'accumulated_logging_time': 1.0893864631652832}
I0426 20:08:24.425379 139709397264128 logging_writer.py:48] [3996] accumulated_eval_time=17453.4, accumulated_logging_time=1.08939, accumulated_submission_time=7495.78, global_step=3996, preemption_count=0, score=7495.78, test/loss=0.126487, test/num_examples=95000000, total_duration=24964.8, train/loss=0.123419, validation/loss=0.124151, validation/num_examples=83274637
I0426 20:14:21.745120 139750535804096 spec.py:333] Evaluating on the training split.
I0426 20:15:28.280738 139750535804096 spec.py:346] Evaluating on the validation split.
I0426 20:16:27.122954 139750535804096 spec.py:363] Evaluating on the test split.
I0426 20:17:34.484167 139750535804096 submission_runner.py:516] Time since start: 25514.91s, 	Step: 4199, 	{'train/loss': 0.12278172387586683, 'validation/loss': 0.12416509882492606, 'validation/num_examples': 83274637, 'test/loss': 0.12649736273225484, 'test/num_examples': 95000000, 'score': 7852.41475892067, 'total_duration': 25514.90912461281, 'accumulated_submission_time': 7852.41475892067, 'accumulated_eval_time': 17646.161712169647, 'accumulated_logging_time': 1.1393604278564453}
I0426 20:17:34.536682 139709405656832 logging_writer.py:48] [4199] accumulated_eval_time=17646.2, accumulated_logging_time=1.13936, accumulated_submission_time=7852.41, global_step=4199, preemption_count=0, score=7852.41, test/loss=0.126497, test/num_examples=95000000, total_duration=25514.9, train/loss=0.122782, validation/loss=0.124165, validation/num_examples=83274637
I0426 20:23:32.535527 139750535804096 spec.py:333] Evaluating on the training split.
I0426 20:25:34.513496 139750535804096 spec.py:346] Evaluating on the validation split.
I0426 20:26:33.634696 139750535804096 spec.py:363] Evaluating on the test split.
I0426 20:27:41.465150 139750535804096 submission_runner.py:516] Time since start: 26121.89s, 	Step: 4381, 	{'train/loss': 0.1227820291076337, 'validation/loss': 0.12414315857686917, 'validation/num_examples': 83274637, 'test/loss': 0.12646948049766138, 'test/num_examples': 95000000, 'score': 8209.739110946655, 'total_duration': 26121.890065193176, 'accumulated_submission_time': 8209.739110946655, 'accumulated_eval_time': 17895.091400384903, 'accumulated_logging_time': 1.199472427368164}
I0426 20:27:41.508905 139709397264128 logging_writer.py:48] [4381] accumulated_eval_time=17895.1, accumulated_logging_time=1.19947, accumulated_submission_time=8209.74, global_step=4381, preemption_count=0, score=8209.74, test/loss=0.126469, test/num_examples=95000000, total_duration=26121.9, train/loss=0.122782, validation/loss=0.124143, validation/num_examples=83274637
I0426 20:33:39.311882 139750535804096 spec.py:333] Evaluating on the training split.
I0426 20:36:47.922641 139750535804096 spec.py:346] Evaluating on the validation split.
I0426 20:37:46.728829 139750535804096 spec.py:363] Evaluating on the test split.
I0426 20:38:54.513320 139750535804096 submission_runner.py:516] Time since start: 26794.94s, 	Step: 4564, 	{'train/loss': 0.12219596947205276, 'validation/loss': 0.12408621182350363, 'validation/num_examples': 83274637, 'test/loss': 0.12639179960632324, 'test/num_examples': 95000000, 'score': 8566.868239879608, 'total_duration': 26794.93819642067, 'accumulated_submission_time': 8566.868239879608, 'accumulated_eval_time': 18210.292840480804, 'accumulated_logging_time': 1.2512600421905518}
I0426 20:38:54.555525 139709405656832 logging_writer.py:48] [4564] accumulated_eval_time=18210.3, accumulated_logging_time=1.25126, accumulated_submission_time=8566.87, global_step=4564, preemption_count=0, score=8566.87, test/loss=0.126392, test/num_examples=95000000, total_duration=26794.9, train/loss=0.122196, validation/loss=0.124086, validation/num_examples=83274637
I0426 20:44:51.738096 139750535804096 spec.py:333] Evaluating on the training split.
I0426 20:45:57.101026 139750535804096 spec.py:346] Evaluating on the validation split.
I0426 20:46:56.067730 139750535804096 spec.py:363] Evaluating on the test split.
I0426 20:48:03.858459 139750535804096 submission_runner.py:516] Time since start: 27344.28s, 	Step: 4748, 	{'train/loss': 0.12228922620188491, 'validation/loss': 0.12398774886768568, 'validation/num_examples': 83274637, 'test/loss': 0.12628426451062655, 'test/num_examples': 95000000, 'score': 8923.376788377762, 'total_duration': 27344.283386468887, 'accumulated_submission_time': 8923.376788377762, 'accumulated_eval_time': 18402.413264751434, 'accumulated_logging_time': 1.3008310794830322}
I0426 20:48:03.900362 139709397264128 logging_writer.py:48] [4748] accumulated_eval_time=18402.4, accumulated_logging_time=1.30083, accumulated_submission_time=8923.38, global_step=4748, preemption_count=0, score=8923.38, test/loss=0.126284, test/num_examples=95000000, total_duration=27344.3, train/loss=0.122289, validation/loss=0.123988, validation/num_examples=83274637
I0426 20:54:00.347746 139750535804096 spec.py:333] Evaluating on the training split.
I0426 20:55:50.008668 139750535804096 spec.py:346] Evaluating on the validation split.
I0426 20:56:48.904645 139750535804096 spec.py:363] Evaluating on the test split.
I0426 20:57:56.394471 139750535804096 submission_runner.py:516] Time since start: 27936.82s, 	Step: 4943, 	{'train/loss': 0.12354275925602004, 'validation/loss': 0.12394295702696312, 'validation/num_examples': 83274637, 'test/loss': 0.12622918420490464, 'test/num_examples': 95000000, 'score': 9279.148590803146, 'total_duration': 27936.819403886795, 'accumulated_submission_time': 9279.148590803146, 'accumulated_eval_time': 18638.460017204285, 'accumulated_logging_time': 1.3508007526397705}
I0426 20:57:56.435318 139709405656832 logging_writer.py:48] [4943] accumulated_eval_time=18638.5, accumulated_logging_time=1.3508, accumulated_submission_time=9279.15, global_step=4943, preemption_count=0, score=9279.15, test/loss=0.126229, test/num_examples=95000000, total_duration=27936.8, train/loss=0.123543, validation/loss=0.123943, validation/num_examples=83274637
I0426 21:03:53.366537 139750535804096 spec.py:333] Evaluating on the training split.
I0426 21:05:41.898549 139750535804096 spec.py:346] Evaluating on the validation split.
I0426 21:06:40.698326 139750535804096 spec.py:363] Evaluating on the test split.
I0426 21:07:47.938965 139750535804096 submission_runner.py:516] Time since start: 28528.36s, 	Step: 5140, 	{'train/loss': 0.12162993925039298, 'validation/loss': 0.12393433907343299, 'validation/num_examples': 83274637, 'test/loss': 0.12622447116586785, 'test/num_examples': 95000000, 'score': 9635.40805196762, 'total_duration': 28528.363883972168, 'accumulated_submission_time': 9635.40805196762, 'accumulated_eval_time': 18873.0324511528, 'accumulated_logging_time': 1.398918628692627}
I0426 21:07:47.978340 139709397264128 logging_writer.py:48] [5140] accumulated_eval_time=18873, accumulated_logging_time=1.39892, accumulated_submission_time=9635.41, global_step=5140, preemption_count=0, score=9635.41, test/loss=0.126224, test/num_examples=95000000, total_duration=28528.4, train/loss=0.12163, validation/loss=0.123934, validation/num_examples=83274637
I0426 21:13:44.237640 139750535804096 spec.py:333] Evaluating on the training split.
I0426 21:15:12.024719 139750535804096 spec.py:346] Evaluating on the validation split.
I0426 21:16:10.670066 139750535804096 spec.py:363] Evaluating on the test split.
I0426 21:17:18.075306 139750535804096 submission_runner.py:516] Time since start: 29098.50s, 	Step: 5347, 	{'train/loss': 0.12225590354392678, 'validation/loss': 0.12395332607723103, 'validation/num_examples': 83274637, 'test/loss': 0.12622497306261565, 'test/num_examples': 95000000, 'score': 9990.992842674255, 'total_duration': 29098.500245809555, 'accumulated_submission_time': 9990.992842674255, 'accumulated_eval_time': 19086.870195388794, 'accumulated_logging_time': 1.4456074237823486}
I0426 21:17:18.125084 139709405656832 logging_writer.py:48] [5347] accumulated_eval_time=19086.9, accumulated_logging_time=1.44561, accumulated_submission_time=9990.99, global_step=5347, preemption_count=0, score=9990.99, test/loss=0.126225, test/num_examples=95000000, total_duration=29098.5, train/loss=0.122256, validation/loss=0.123953, validation/num_examples=83274637
I0426 21:23:15.707397 139750535804096 spec.py:333] Evaluating on the training split.
I0426 21:24:33.602851 139750535804096 spec.py:346] Evaluating on the validation split.
I0426 21:25:32.291945 139750535804096 spec.py:363] Evaluating on the test split.
I0426 21:26:39.678103 139750535804096 submission_runner.py:516] Time since start: 29660.10s, 	Step: 5580, 	{'train/loss': 0.12346368207343944, 'validation/loss': 0.12397778448501619, 'validation/num_examples': 83274637, 'test/loss': 0.12625780827524286, 'test/num_examples': 95000000, 'score': 10347.88447546959, 'total_duration': 29660.103041410446, 'accumulated_submission_time': 10347.88447546959, 'accumulated_eval_time': 19290.840997457504, 'accumulated_logging_time': 1.5028071403503418}
I0426 21:26:39.720254 139709397264128 logging_writer.py:48] [5580] accumulated_eval_time=19290.8, accumulated_logging_time=1.50281, accumulated_submission_time=10347.9, global_step=5580, preemption_count=0, score=10347.9, test/loss=0.126258, test/num_examples=95000000, total_duration=29660.1, train/loss=0.123464, validation/loss=0.123978, validation/num_examples=83274637
I0426 21:32:36.929735 139750535804096 spec.py:333] Evaluating on the training split.
I0426 21:33:52.827583 139750535804096 spec.py:346] Evaluating on the validation split.
I0426 21:34:51.786273 139750535804096 spec.py:363] Evaluating on the test split.
I0426 21:35:59.172897 139750535804096 submission_runner.py:516] Time since start: 30219.60s, 	Step: 5813, 	{'train/loss': 0.12159195662438195, 'validation/loss': 0.12399089414686368, 'validation/num_examples': 83274637, 'test/loss': 0.12628698841231498, 'test/num_examples': 95000000, 'score': 10704.406407117844, 'total_duration': 30219.597836971283, 'accumulated_submission_time': 10704.406407117844, 'accumulated_eval_time': 19493.084221601486, 'accumulated_logging_time': 1.5521047115325928}
I0426 21:35:59.216343 139709405656832 logging_writer.py:48] [5813] accumulated_eval_time=19493.1, accumulated_logging_time=1.5521, accumulated_submission_time=10704.4, global_step=5813, preemption_count=0, score=10704.4, test/loss=0.126287, test/num_examples=95000000, total_duration=30219.6, train/loss=0.121592, validation/loss=0.123991, validation/num_examples=83274637
I0426 21:41:56.943784 139750535804096 spec.py:333] Evaluating on the training split.
I0426 21:43:16.743513 139750535804096 spec.py:346] Evaluating on the validation split.
I0426 21:44:15.537957 139750535804096 spec.py:363] Evaluating on the test split.
I0426 21:45:23.073901 139750535804096 submission_runner.py:516] Time since start: 30783.50s, 	Step: 6041, 	{'train/loss': 0.12165014701872513, 'validation/loss': 0.12392614584691833, 'validation/num_examples': 83274637, 'test/loss': 0.12620386239238537, 'test/num_examples': 95000000, 'score': 11061.444245100021, 'total_duration': 30783.498826265335, 'accumulated_submission_time': 11061.444245100021, 'accumulated_eval_time': 19699.214391231537, 'accumulated_logging_time': 1.602813959121704}
I0426 21:45:23.117101 139709397264128 logging_writer.py:48] [6041] accumulated_eval_time=19699.2, accumulated_logging_time=1.60281, accumulated_submission_time=11061.4, global_step=6041, preemption_count=0, score=11061.4, test/loss=0.126204, test/num_examples=95000000, total_duration=30783.5, train/loss=0.12165, validation/loss=0.123926, validation/num_examples=83274637
I0426 21:51:21.029110 139750535804096 spec.py:333] Evaluating on the training split.
I0426 21:52:19.726147 139750535804096 spec.py:346] Evaluating on the validation split.
I0426 21:53:18.353730 139750535804096 spec.py:363] Evaluating on the test split.
I0426 21:54:25.813372 139750535804096 submission_runner.py:516] Time since start: 31326.24s, 	Step: 6274, 	{'train/loss': 0.12144674256608146, 'validation/loss': 0.12389494080343284, 'validation/num_examples': 83274637, 'test/loss': 0.12617849455646715, 'test/num_examples': 95000000, 'score': 11418.66967010498, 'total_duration': 31326.238311767578, 'accumulated_submission_time': 11418.66967010498, 'accumulated_eval_time': 19883.998720407486, 'accumulated_logging_time': 1.653257131576538}
I0426 21:54:25.857927 139709405656832 logging_writer.py:48] [6274] accumulated_eval_time=19884, accumulated_logging_time=1.65326, accumulated_submission_time=11418.7, global_step=6274, preemption_count=0, score=11418.7, test/loss=0.126178, test/num_examples=95000000, total_duration=31326.2, train/loss=0.121447, validation/loss=0.123895, validation/num_examples=83274637
I0426 22:00:23.284565 139750535804096 spec.py:333] Evaluating on the training split.
I0426 22:01:22.087915 139750535804096 spec.py:346] Evaluating on the validation split.
I0426 22:02:20.941055 139750535804096 spec.py:363] Evaluating on the test split.
I0426 22:03:28.506757 139750535804096 submission_runner.py:516] Time since start: 31868.93s, 	Step: 6523, 	{'train/loss': 0.121434593248175, 'validation/loss': 0.12388160138728826, 'validation/num_examples': 83274637, 'test/loss': 0.12617566679623252, 'test/num_examples': 95000000, 'score': 11775.398035287857, 'total_duration': 31868.9316778183, 'accumulated_submission_time': 11775.398035287857, 'accumulated_eval_time': 20069.220943689346, 'accumulated_logging_time': 1.7050230503082275}
I0426 22:03:28.550884 139709397264128 logging_writer.py:48] [6523] accumulated_eval_time=20069.2, accumulated_logging_time=1.70502, accumulated_submission_time=11775.4, global_step=6523, preemption_count=0, score=11775.4, test/loss=0.126176, test/num_examples=95000000, total_duration=31868.9, train/loss=0.121435, validation/loss=0.123882, validation/num_examples=83274637
I0426 22:09:26.213397 139750535804096 spec.py:333] Evaluating on the training split.
I0426 22:10:24.829376 139750535804096 spec.py:346] Evaluating on the validation split.
I0426 22:11:23.597071 139750535804096 spec.py:363] Evaluating on the test split.
I0426 22:12:31.259330 139750535804096 submission_runner.py:516] Time since start: 32411.68s, 	Step: 6739, 	{'train/loss': 0.11976103017192034, 'validation/loss': 0.12389477913414018, 'validation/num_examples': 83274637, 'test/loss': 0.12619272947130705, 'test/num_examples': 95000000, 'score': 12132.374581813812, 'total_duration': 32411.684282541275, 'accumulated_submission_time': 12132.374581813812, 'accumulated_eval_time': 20254.266919136047, 'accumulated_logging_time': 1.756995439529419}
I0426 22:12:31.306462 139709405656832 logging_writer.py:48] [6739] accumulated_eval_time=20254.3, accumulated_logging_time=1.757, accumulated_submission_time=12132.4, global_step=6739, preemption_count=0, score=12132.4, test/loss=0.126193, test/num_examples=95000000, total_duration=32411.7, train/loss=0.119761, validation/loss=0.123895, validation/num_examples=83274637
I0426 22:18:28.072349 139750535804096 spec.py:333] Evaluating on the training split.
I0426 22:19:26.983676 139750535804096 spec.py:346] Evaluating on the validation split.
I0426 22:20:25.785419 139750535804096 spec.py:363] Evaluating on the test split.
I0426 22:21:33.269244 139750535804096 submission_runner.py:516] Time since start: 32953.69s, 	Step: 6976, 	{'train/loss': 0.12185285983381076, 'validation/loss': 0.12388048801213342, 'validation/num_examples': 83274637, 'test/loss': 0.12617181670291297, 'test/num_examples': 95000000, 'score': 12488.446101427078, 'total_duration': 32953.69417619705, 'accumulated_submission_time': 12488.446101427078, 'accumulated_eval_time': 20439.463829278946, 'accumulated_logging_time': 1.814539909362793}
I0426 22:21:33.312555 139709397264128 logging_writer.py:48] [6976] accumulated_eval_time=20439.5, accumulated_logging_time=1.81454, accumulated_submission_time=12488.4, global_step=6976, preemption_count=0, score=12488.4, test/loss=0.126172, test/num_examples=95000000, total_duration=32953.7, train/loss=0.121853, validation/loss=0.12388, validation/num_examples=83274637
I0426 22:27:31.210684 139750535804096 spec.py:333] Evaluating on the training split.
I0426 22:28:30.030449 139750535804096 spec.py:346] Evaluating on the validation split.
I0426 22:29:29.061173 139750535804096 spec.py:363] Evaluating on the test split.
I0426 22:30:36.638490 139750535804096 submission_runner.py:516] Time since start: 33497.06s, 	Step: 7197, 	{'train/loss': 0.12190584179721942, 'validation/loss': 0.12385711892685591, 'validation/num_examples': 83274637, 'test/loss': 0.1261618151967902, 'test/num_examples': 95000000, 'score': 12845.66639304161, 'total_duration': 33497.06342768669, 'accumulated_submission_time': 12845.66639304161, 'accumulated_eval_time': 20624.891652822495, 'accumulated_logging_time': 1.865074634552002}
I0426 22:30:36.688841 139709405656832 logging_writer.py:48] [7197] accumulated_eval_time=20624.9, accumulated_logging_time=1.86507, accumulated_submission_time=12845.7, global_step=7197, preemption_count=0, score=12845.7, test/loss=0.126162, test/num_examples=95000000, total_duration=33497.1, train/loss=0.121906, validation/loss=0.123857, validation/num_examples=83274637
I0426 22:36:33.277743 139750535804096 spec.py:333] Evaluating on the training split.
I0426 22:37:31.982148 139750535804096 spec.py:346] Evaluating on the validation split.
I0426 22:38:30.668046 139750535804096 spec.py:363] Evaluating on the test split.
I0426 22:39:37.703024 139750535804096 submission_runner.py:516] Time since start: 34038.13s, 	Step: 7420, 	{'train/loss': 0.12354203436055358, 'validation/loss': 0.12382833433420116, 'validation/num_examples': 83274637, 'test/loss': 0.1261488180967632, 'test/num_examples': 95000000, 'score': 13201.571621894836, 'total_duration': 34038.127945661545, 'accumulated_submission_time': 13201.571621894836, 'accumulated_eval_time': 20809.31697177887, 'accumulated_logging_time': 1.9226093292236328}
I0426 22:39:37.751099 139709397264128 logging_writer.py:48] [7420] accumulated_eval_time=20809.3, accumulated_logging_time=1.92261, accumulated_submission_time=13201.6, global_step=7420, preemption_count=0, score=13201.6, test/loss=0.126149, test/num_examples=95000000, total_duration=34038.1, train/loss=0.123542, validation/loss=0.123828, validation/num_examples=83274637
I0426 22:45:34.594284 139709405656832 logging_writer.py:48] [7653] global_step=7653, preemption_count=0, score=13558
I0426 22:45:45.147218 139750535804096 submission_runner.py:857] Final criteo1tb score: 13557.988336324692
