python submission_runner.py --framework=jax --workload=wmt --submission_path=submissions_algorithms/submissions/self_tuning/nadamw/submission.py --data_dir=/data/wmt --experiment_dir=/experiment_runs --experiment_name=submissions_a100/nadamw/study_2 --overwrite=True --save_checkpoints=False --rng_seed=307255847 --tuning_ruleset=self 2>&1 | tee -a /logs/wmt_jax_04-11-2026-02-22-56.log
2026-04-11 02:22:56.856829: E external/local_xla/xla/stream_executor/cuda/cuda_fft.cc:467] Unable to register cuFFT factory: Attempting to register factory for plugin cuFFT when one has already been registered
WARNING: All log messages before absl::InitializeLog() is called are written to STDERR
E0000 00:00:1775874176.883503       9 cuda_dnn.cc:8579] Unable to register cuDNN factory: Attempting to register factory for plugin cuDNN when one has already been registered
E0000 00:00:1775874176.892283       9 cuda_blas.cc:1407] Unable to register cuBLAS factory: Attempting to register factory for plugin cuBLAS when one has already been registered
W0000 00:00:1775874176.920475       9 computation_placer.cc:177] computation placer already registered. Please check linkage and avoid linking the same target more than once.
W0000 00:00:1775874176.920510       9 computation_placer.cc:177] computation placer already registered. Please check linkage and avoid linking the same target more than once.
W0000 00:00:1775874176.920513       9 computation_placer.cc:177] computation placer already registered. Please check linkage and avoid linking the same target more than once.
W0000 00:00:1775874176.920515       9 computation_placer.cc:177] computation placer already registered. Please check linkage and avoid linking the same target more than once.
/usr/local/lib/python3.11/site-packages/torch/__init__.py:1617: UserWarning: Please use the new API settings to control TF32 behavior, such as torch.backends.cudnn.conv.fp32_precision = 'tf32' or torch.backends.cuda.matmul.fp32_precision = 'ieee'. Old settings, e.g, torch.backends.cuda.matmul.allow_tf32 = True, torch.backends.cudnn.allow_tf32 = True, allowTF32CuDNN() and allowTF32CuBLAS() will be deprecated after Pytorch 2.9. Please see https://pytorch.org/docs/main/notes/cuda.html#tensorfloat-32-tf32-on-ampere-and-later-devices (Triggered internally at /pytorch/aten/src/ATen/Context.cpp:80.)
  _C._set_float32_matmul_precision(precision)
/usr/local/lib/python3.11/site-packages/pydantic/_internal/_generate_schema.py:2249: UnsupportedFieldAttributeWarning: The 'repr' attribute with value False was provided to the `Field()` function, which has no effect in the context it was used. 'repr' is field-specific metadata, and can only be attached to a model field using `Annotated` metadata or by assignment. This may have happened because an `Annotated` type alias using the `type` statement was used, or if the `Field()` function was attached to a single member of a union type.
  warnings.warn(
/usr/local/lib/python3.11/site-packages/pydantic/_internal/_generate_schema.py:2249: UnsupportedFieldAttributeWarning: The 'frozen' attribute with value True was provided to the `Field()` function, which has no effect in the context it was used. 'frozen' is field-specific metadata, and can only be attached to a model field using `Annotated` metadata or by assignment. This may have happened because an `Annotated` type alias using the `type` statement was used, or if the `Field()` function was attached to a single member of a union type.
  warnings.warn(
INFO:2026-04-11 02:23:07,306:jax._src.xla_bridge:830: Unable to initialize backend 'tpu': INTERNAL: Failed to open libtpu.so: libtpu.so: cannot open shared object file: No such file or directory
I0411 02:23:07.306273 140674188625088 xla_bridge.py:830] Unable to initialize backend 'tpu': INTERNAL: Failed to open libtpu.so: libtpu.so: cannot open shared object file: No such file or directory
I0411 02:23:07.919021 140674188625088 logger_utils.py:59] Removing existing experiment directory /experiment_runs/submissions_a100/nadamw/study_2/wmt_jax because --overwrite was set.
I0411 02:23:07.940528 140674188625088 logger_utils.py:84] Creating experiment directory at /experiment_runs/submissions_a100/nadamw/study_2/wmt_jax.
I0411 02:23:08.351077 140674188625088 submission_runner.py:741] Creating directory at /experiment_runs/submissions_a100/nadamw/study_2/wmt_jax/trial_1.
I0411 02:23:08.637563 140674188625088 submission_runner.py:242] Initializing dataset.
I0411 02:23:08.830774 140674188625088 dataset_info.py:707] Load dataset info from /data/wmt/wmt17_translate/de-en/1.0.0
I0411 02:23:08.906396 140674188625088 dataset_info.py:793] For 'wmt17_translate/de-en/1.0.0': fields info.[splits, supervised_keys] differ on disk and in the code. Keeping the one from code.
I0411 02:23:08.909196 140674188625088 reader.py:262] Creating a tf.data.Dataset reading 16 files located in folders: /data/wmt/wmt17_translate/de-en/1.0.0.
I0411 02:23:08.990211 140674188625088 logging_logger.py:49] Constructing tf.data.Dataset wmt17_translate for split train, from /data/wmt/wmt17_translate/de-en/1.0.0
I0411 02:23:10.768136 140674188625088 submission_runner.py:251] Initializing model.
I0411 02:23:56.681404 140674188625088 submission_runner.py:294] Initializing optimizer.
I0411 02:23:57.055342 140674188625088 submission_runner.py:299] Initializing metrics bundle.
I0411 02:23:57.055584 140674188625088 submission_runner.py:321] Initializing checkpoint and logger.
I0411 02:23:57.067555 140674188625088 checkpoints.py:1098] Found no checkpoint files in /experiment_runs/submissions_a100/nadamw/study_2/wmt_jax/trial_1 with prefix checkpoint_
I0411 02:23:57.067687 140674188625088 submission_runner.py:344] Saving meta data to /experiment_runs/submissions_a100/nadamw/study_2/wmt_jax/trial_1/meta_data_0.json.
I0411 02:23:57.067931 140674188625088 logger_utils.py:283] Unable to record workload.train_mean information. Continuing without it.
I0411 02:23:57.067997 140674188625088 logger_utils.py:283] Unable to record workload.train_stddev information. Continuing without it.
I0411 02:23:57.236667 140674188625088 submission_runner.py:348] Saving flags to /experiment_runs/submissions_a100/nadamw/study_2/wmt_jax/trial_1/flags_0.json.
I0411 02:23:57.251658 140674188625088 submission_runner.py:359] Starting training loop.
I0411 02:24:54.254192 140674188625088 spec.py:333] Evaluating on the training split.
I0411 02:24:54.258714 140674188625088 dataset_info.py:707] Load dataset info from /data/wmt/wmt17_translate/de-en/1.0.0
I0411 02:24:54.260864 140674188625088 dataset_info.py:793] For 'wmt17_translate/de-en/1.0.0': fields info.[splits, supervised_keys] differ on disk and in the code. Keeping the one from code.
I0411 02:24:54.261916 140674188625088 reader.py:262] Creating a tf.data.Dataset reading 16 files located in folders: /data/wmt/wmt17_translate/de-en/1.0.0.
I0411 02:24:54.300117 140674188625088 logging_logger.py:49] Constructing tf.data.Dataset wmt17_translate for split train, from /data/wmt/wmt17_translate/de-en/1.0.0
I0411 02:25:02.600327 140674188625088 workload.py:200] Translating evaluation dataset.
I0411 02:30:09.633934 140674188625088 spec.py:346] Evaluating on the validation split.
I0411 02:30:09.639465 140674188625088 dataset_info.py:707] Load dataset info from /data/wmt/wmt14_translate/de-en/1.0.0
I0411 02:30:09.722564 140674188625088 dataset_info.py:793] For 'wmt14_translate/de-en/1.0.0': fields info.[splits, supervised_keys] differ on disk and in the code. Keeping the one from code.
I0411 02:30:09.723425 140674188625088 reader.py:262] Creating a tf.data.Dataset reading 1 files located in folders: /data/wmt/wmt14_translate/de-en/1.0.0.
I0411 02:30:09.760755 140674188625088 logging_logger.py:49] Constructing tf.data.Dataset wmt14_translate for split validation, from /data/wmt/wmt14_translate/de-en/1.0.0
I0411 02:30:17.080446 140674188625088 workload.py:200] Translating evaluation dataset.
I0411 02:35:14.719696 140674188625088 spec.py:363] Evaluating on the test split.
I0411 02:35:14.722892 140674188625088 dataset_info.py:707] Load dataset info from /data/wmt/wmt14_translate/de-en/1.0.0
I0411 02:35:14.725627 140674188625088 dataset_info.py:793] For 'wmt14_translate/de-en/1.0.0': fields info.[splits, supervised_keys] differ on disk and in the code. Keeping the one from code.
I0411 02:35:14.726438 140674188625088 reader.py:262] Creating a tf.data.Dataset reading 1 files located in folders: /data/wmt/wmt14_translate/de-en/1.0.0.
I0411 02:35:14.764386 140674188625088 logging_logger.py:49] Constructing tf.data.Dataset wmt14_translate for split test, from /data/wmt/wmt14_translate/de-en/1.0.0
I0411 02:35:15.859539 140674188625088 workload.py:200] Translating evaluation dataset.
I0411 02:40:12.548400 140674188625088 submission_runner.py:516] Time since start: 975.30s, 	Step: 1, 	{'train/accuracy': 0.0006810829509049654, 'train/loss': 11.159843444824219, 'train/bleu': 0.0, 'validation/accuracy': 0.0004835649742744863, 'validation/loss': 11.163497924804688, 'validation/bleu': 0.0, 'validation/num_examples': 3000, 'test/accuracy': 0.0007088489946909249, 'test/loss': 11.154322624206543, 'test/bleu': 0.0, 'test/num_examples': 3003, 'score': 57.002378702163696, 'total_duration': 975.2966666221619, 'accumulated_submission_time': 57.002378702163696, 'accumulated_eval_time': 918.2941384315491, 'accumulated_logging_time': 0}
I0411 02:40:12.585143 140509594978048 logging_writer.py:48] [1] accumulated_eval_time=918.294, accumulated_logging_time=0, accumulated_submission_time=57.0024, global_step=1, preemption_count=0, score=57.0024, test/accuracy=0.000708849, test/bleu=0, test/loss=11.1543, test/num_examples=3003, total_duration=975.297, train/accuracy=0.000681083, train/bleu=0, train/loss=11.1598, validation/accuracy=0.000483565, validation/bleu=0, validation/loss=11.1635, validation/num_examples=3000
I0411 02:50:56.671330 140674188625088 spec.py:333] Evaluating on the training split.
I0411 02:50:57.924497 140674188625088 workload.py:200] Translating evaluation dataset.
I0411 02:54:21.853635 140674188625088 spec.py:346] Evaluating on the validation split.
I0411 02:54:22.781544 140674188625088 workload.py:200] Translating evaluation dataset.
I0411 02:57:32.910406 140674188625088 spec.py:363] Evaluating on the test split.
I0411 02:57:33.807051 140674188625088 workload.py:200] Translating evaluation dataset.
I0411 03:00:21.754591 140674188625088 submission_runner.py:516] Time since start: 2184.50s, 	Step: 4727, 	{'train/accuracy': 0.549737811088562, 'train/loss': 2.5478692054748535, 'train/bleu': 25.05461269999589, 'validation/accuracy': 0.55644690990448, 'validation/loss': 2.4875690937042236, 'validation/bleu': 21.71328810032297, 'validation/num_examples': 3000, 'test/accuracy': 0.5578758120536804, 'test/loss': 2.5016417503356934, 'test/bleu': 20.328641962140793, 'test/num_examples': 3003, 'score': 701.0134603977203, 'total_duration': 2184.5028450489044, 'accumulated_submission_time': 701.0134603977203, 'accumulated_eval_time': 1483.377329826355, 'accumulated_logging_time': 0.07189726829528809}
I0411 03:00:21.798972 140509603370752 logging_writer.py:48] [4727] accumulated_eval_time=1483.38, accumulated_logging_time=0.0718973, accumulated_submission_time=701.013, global_step=4727, preemption_count=0, score=701.013, test/accuracy=0.557876, test/bleu=20.3286, test/loss=2.50164, test/num_examples=3003, total_duration=2184.5, train/accuracy=0.549738, train/bleu=25.0546, train/loss=2.54787, validation/accuracy=0.556447, validation/bleu=21.7133, validation/loss=2.48757, validation/num_examples=3000
I0411 03:11:05.763878 140674188625088 spec.py:333] Evaluating on the training split.
I0411 03:11:07.017343 140674188625088 workload.py:200] Translating evaluation dataset.
I0411 03:13:24.404969 140674188625088 spec.py:346] Evaluating on the validation split.
I0411 03:13:25.329307 140674188625088 workload.py:200] Translating evaluation dataset.
I0411 03:15:42.323295 140674188625088 spec.py:363] Evaluating on the test split.
I0411 03:15:43.218277 140674188625088 workload.py:200] Translating evaluation dataset.
I0411 03:18:00.187836 140674188625088 submission_runner.py:516] Time since start: 3242.94s, 	Step: 9888, 	{'train/accuracy': 0.16975481808185577, 'train/loss': 5.857702732086182, 'train/bleu': 0.3696091990845478, 'validation/accuracy': 0.1591920703649521, 'validation/loss': 5.972865581512451, 'validation/bleu': 0.08999734952664451, 'validation/num_examples': 3000, 'test/accuracy': 0.15300680696964264, 'test/loss': 6.217657566070557, 'test/bleu': 0.0929529571515256, 'test/num_examples': 3003, 'score': 1344.9243478775024, 'total_duration': 3242.936084985733, 'accumulated_submission_time': 1344.9243478775024, 'accumulated_eval_time': 1897.801276922226, 'accumulated_logging_time': 0.12582755088806152}
I0411 03:18:00.231618 140509611763456 logging_writer.py:48] [9888] accumulated_eval_time=1897.8, accumulated_logging_time=0.125828, accumulated_submission_time=1344.92, global_step=9888, preemption_count=0, score=1344.92, test/accuracy=0.153007, test/bleu=0.092953, test/loss=6.21766, test/num_examples=3003, total_duration=3242.94, train/accuracy=0.169755, train/bleu=0.369609, train/loss=5.8577, validation/accuracy=0.159192, validation/bleu=0.0899973, validation/loss=5.97287, validation/num_examples=3000
I0411 03:28:44.314403 140674188625088 spec.py:333] Evaluating on the training split.
I0411 03:28:45.568125 140674188625088 workload.py:200] Translating evaluation dataset.
I0411 03:32:35.920230 140674188625088 spec.py:346] Evaluating on the validation split.
I0411 03:32:36.849979 140674188625088 workload.py:200] Translating evaluation dataset.
I0411 03:35:44.880505 140674188625088 spec.py:363] Evaluating on the test split.
I0411 03:35:45.775962 140674188625088 workload.py:200] Translating evaluation dataset.
I0411 03:38:57.961361 140674188625088 submission_runner.py:516] Time since start: 4500.71s, 	Step: 15052, 	{'train/accuracy': 0.5743229985237122, 'train/loss': 2.2126333713531494, 'train/bleu': 25.236809779130756, 'validation/accuracy': 0.5732476711273193, 'validation/loss': 2.2213945388793945, 'validation/bleu': 21.0930297553603, 'validation/num_examples': 3000, 'test/accuracy': 0.5742838978767395, 'test/loss': 2.2205591201782227, 'test/bleu': 19.447335630989073, 'test/num_examples': 3003, 'score': 1988.953372478485, 'total_duration': 4500.709620475769, 'accumulated_submission_time': 1988.953372478485, 'accumulated_eval_time': 2511.448170900345, 'accumulated_logging_time': 0.17916274070739746}
I0411 03:38:58.009007 140509620156160 logging_writer.py:48] [15052] accumulated_eval_time=2511.45, accumulated_logging_time=0.179163, accumulated_submission_time=1988.95, global_step=15052, preemption_count=0, score=1988.95, test/accuracy=0.574284, test/bleu=19.4473, test/loss=2.22056, test/num_examples=3003, total_duration=4500.71, train/accuracy=0.574323, train/bleu=25.2368, train/loss=2.21263, validation/accuracy=0.573248, validation/bleu=21.093, validation/loss=2.22139, validation/num_examples=3000
I0411 03:49:42.071659 140674188625088 spec.py:333] Evaluating on the training split.
I0411 03:49:43.327043 140674188625088 workload.py:200] Translating evaluation dataset.
I0411 03:54:08.501115 140674188625088 spec.py:346] Evaluating on the validation split.
I0411 03:54:09.429500 140674188625088 workload.py:200] Translating evaluation dataset.
I0411 03:58:56.072149 140674188625088 spec.py:363] Evaluating on the test split.
I0411 03:58:56.970724 140674188625088 workload.py:200] Translating evaluation dataset.
I0411 04:03:40.549831 140674188625088 submission_runner.py:516] Time since start: 5983.30s, 	Step: 20216, 	{'train/accuracy': 0.6176855564117432, 'train/loss': 1.882002592086792, 'train/bleu': 27.039824872696094, 'validation/accuracy': 0.6252866983413696, 'validation/loss': 1.8434568643569946, 'validation/bleu': 20.822705576184173, 'validation/num_examples': 3000, 'test/accuracy': 0.6296554803848267, 'test/loss': 1.8131587505340576, 'test/bleu': 17.93305449975938, 'test/num_examples': 3003, 'score': 2632.962117910385, 'total_duration': 5983.298094034195, 'accumulated_submission_time': 2632.962117910385, 'accumulated_eval_time': 3349.9262907505035, 'accumulated_logging_time': 0.2367548942565918}
I0411 04:03:40.594048 140509603370752 logging_writer.py:48] [20216] accumulated_eval_time=3349.93, accumulated_logging_time=0.236755, accumulated_submission_time=2632.96, global_step=20216, preemption_count=0, score=2632.96, test/accuracy=0.629655, test/bleu=17.9331, test/loss=1.81316, test/num_examples=3003, total_duration=5983.3, train/accuracy=0.617686, train/bleu=27.0398, train/loss=1.882, validation/accuracy=0.625287, validation/bleu=20.8227, validation/loss=1.84346, validation/num_examples=3000
I0411 04:14:24.630486 140674188625088 spec.py:333] Evaluating on the training split.
I0411 04:14:25.884914 140674188625088 workload.py:200] Translating evaluation dataset.
I0411 04:16:47.389723 140674188625088 spec.py:346] Evaluating on the validation split.
I0411 04:16:48.318145 140674188625088 workload.py:200] Translating evaluation dataset.
I0411 04:19:10.729802 140674188625088 spec.py:363] Evaluating on the test split.
I0411 04:19:11.624441 140674188625088 workload.py:200] Translating evaluation dataset.
I0411 04:21:34.055682 140674188625088 submission_runner.py:516] Time since start: 7056.80s, 	Step: 25380, 	{'train/accuracy': 0.15111573040485382, 'train/loss': 6.039674758911133, 'train/bleu': 0.19517148360501177, 'validation/accuracy': 0.14174653589725494, 'validation/loss': 6.108583927154541, 'validation/bleu': 0.04233586822562135, 'validation/num_examples': 3000, 'test/accuracy': 0.13666841387748718, 'test/loss': 6.345076084136963, 'test/bleu': 0.059070494207257886, 'test/num_examples': 3003, 'score': 3276.9443197250366, 'total_duration': 7056.80393409729, 'accumulated_submission_time': 3276.9443197250366, 'accumulated_eval_time': 3779.3514173030853, 'accumulated_logging_time': 0.29072117805480957}
I0411 04:21:34.099720 140509594978048 logging_writer.py:48] [25380] accumulated_eval_time=3779.35, accumulated_logging_time=0.290721, accumulated_submission_time=3276.94, global_step=25380, preemption_count=0, score=3276.94, test/accuracy=0.136668, test/bleu=0.0590705, test/loss=6.34508, test/num_examples=3003, total_duration=7056.8, train/accuracy=0.151116, train/bleu=0.195171, train/loss=6.03967, validation/accuracy=0.141747, validation/bleu=0.0423359, validation/loss=6.10858, validation/num_examples=3000
I0411 04:32:18.078449 140674188625088 spec.py:333] Evaluating on the training split.
I0411 04:32:19.332328 140674188625088 workload.py:200] Translating evaluation dataset.
I0411 04:35:44.107038 140674188625088 spec.py:346] Evaluating on the validation split.
I0411 04:35:45.034849 140674188625088 workload.py:200] Translating evaluation dataset.
I0411 04:38:44.601426 140674188625088 spec.py:363] Evaluating on the test split.
I0411 04:38:45.522688 140674188625088 workload.py:200] Translating evaluation dataset.
I0411 04:41:57.279927 140674188625088 submission_runner.py:516] Time since start: 8280.03s, 	Step: 30542, 	{'train/accuracy': 0.623654305934906, 'train/loss': 1.8401520252227783, 'train/bleu': 30.080893582694443, 'validation/accuracy': 0.6430298089981079, 'validation/loss': 1.7077510356903076, 'validation/bleu': 26.84225720397536, 'validation/num_examples': 3000, 'test/accuracy': 0.6511765718460083, 'test/loss': 1.6624971628189087, 'test/bleu': 26.306398312061077, 'test/num_examples': 3003, 'score': 3920.866428375244, 'total_duration': 8280.028178453445, 'accumulated_submission_time': 3920.866428375244, 'accumulated_eval_time': 4358.552828550339, 'accumulated_logging_time': 0.3444209098815918}
I0411 04:41:57.323111 140509594978048 logging_writer.py:48] [30542] accumulated_eval_time=4358.55, accumulated_logging_time=0.344421, accumulated_submission_time=3920.87, global_step=30542, preemption_count=0, score=3920.87, test/accuracy=0.651177, test/bleu=26.3064, test/loss=1.6625, test/num_examples=3003, total_duration=8280.03, train/accuracy=0.623654, train/bleu=30.0809, train/loss=1.84015, validation/accuracy=0.64303, validation/bleu=26.8423, validation/loss=1.70775, validation/num_examples=3000
I0411 04:52:41.322829 140674188625088 spec.py:333] Evaluating on the training split.
I0411 04:52:42.580857 140674188625088 workload.py:200] Translating evaluation dataset.
W0411 04:56:16.344370 140674188625088 bleu.py:425] That's 100 lines that end in a tokenized period ('.')
W0411 04:56:16.344613 140674188625088 bleu.py:426] It looks like you forgot to detokenize your test data, which may hurt your score.
W0411 04:56:16.344664 140674188625088 bleu.py:430] If you insist your data is detokenized, or don't care, you can suppress this message with '--force'.
I0411 04:56:16.822786 140674188625088 spec.py:346] Evaluating on the validation split.
I0411 04:56:17.750749 140674188625088 workload.py:200] Translating evaluation dataset.
W0411 04:59:43.634676 140674188625088 bleu.py:425] That's 100 lines that end in a tokenized period ('.')
W0411 04:59:43.634931 140674188625088 bleu.py:426] It looks like you forgot to detokenize your test data, which may hurt your score.
W0411 04:59:43.634980 140674188625088 bleu.py:430] If you insist your data is detokenized, or don't care, you can suppress this message with '--force'.
I0411 04:59:44.187369 140674188625088 spec.py:363] Evaluating on the test split.
I0411 04:59:45.082318 140674188625088 workload.py:200] Translating evaluation dataset.
W0411 05:03:10.220940 140674188625088 bleu.py:425] That's 100 lines that end in a tokenized period ('.')
W0411 05:03:10.221209 140674188625088 bleu.py:426] It looks like you forgot to detokenize your test data, which may hurt your score.
W0411 05:03:10.221263 140674188625088 bleu.py:430] If you insist your data is detokenized, or don't care, you can suppress this message with '--force'.
I0411 05:03:10.650496 140674188625088 submission_runner.py:516] Time since start: 9553.40s, 	Step: 35706, 	{'train/accuracy': 0.3530018925666809, 'train/loss': 3.669621706008911, 'train/bleu': 0.8198770722340168, 'validation/accuracy': 0.31152743101119995, 'validation/loss': 4.123576641082764, 'validation/bleu': 0.13316329247611713, 'validation/num_examples': 3000, 'test/accuracy': 0.30058684945106506, 'test/loss': 4.304642677307129, 'test/bleu': 0.07626423170303749, 'test/num_examples': 3003, 'score': 4564.809146165848, 'total_duration': 9553.398758888245, 'accumulated_submission_time': 4564.809146165848, 'accumulated_eval_time': 4987.880435466766, 'accumulated_logging_time': 0.3970611095428467}
I0411 05:03:10.697401 140508512777984 logging_writer.py:48] [35706] accumulated_eval_time=4987.88, accumulated_logging_time=0.397061, accumulated_submission_time=4564.81, global_step=35706, preemption_count=0, score=4564.81, test/accuracy=0.300587, test/bleu=0.0762642, test/loss=4.30464, test/num_examples=3003, total_duration=9553.4, train/accuracy=0.353002, train/bleu=0.819877, train/loss=3.66962, validation/accuracy=0.311527, validation/bleu=0.133163, validation/loss=4.12358, validation/num_examples=3000
I0411 05:13:54.729591 140674188625088 spec.py:333] Evaluating on the training split.
I0411 05:13:55.983729 140674188625088 workload.py:200] Translating evaluation dataset.
I0411 05:17:41.377598 140674188625088 spec.py:346] Evaluating on the validation split.
I0411 05:17:42.304816 140674188625088 workload.py:200] Translating evaluation dataset.
I0411 05:20:51.194657 140674188625088 spec.py:363] Evaluating on the test split.
I0411 05:20:52.089415 140674188625088 workload.py:200] Translating evaluation dataset.
I0411 05:23:59.463922 140674188625088 submission_runner.py:516] Time since start: 10802.21s, 	Step: 40871, 	{'train/accuracy': 0.6331663727760315, 'train/loss': 1.780192255973816, 'train/bleu': 30.53646752098836, 'validation/accuracy': 0.6471091508865356, 'validation/loss': 1.6964449882507324, 'validation/bleu': 26.78618843399827, 'validation/num_examples': 3000, 'test/accuracy': 0.6546743512153625, 'test/loss': 1.6514118909835815, 'test/bleu': 26.26427084347848, 'test/num_examples': 3003, 'score': 5208.786609172821, 'total_duration': 10802.212134361267, 'accumulated_submission_time': 5208.786609172821, 'accumulated_eval_time': 5592.61466884613, 'accumulated_logging_time': 0.45343780517578125}
I0411 05:23:59.509014 140508512777984 logging_writer.py:48] [40871] accumulated_eval_time=5592.61, accumulated_logging_time=0.453438, accumulated_submission_time=5208.79, global_step=40871, preemption_count=0, score=5208.79, test/accuracy=0.654674, test/bleu=26.2643, test/loss=1.65141, test/num_examples=3003, total_duration=10802.2, train/accuracy=0.633166, train/bleu=30.5365, train/loss=1.78019, validation/accuracy=0.647109, validation/bleu=26.7862, validation/loss=1.69644, validation/num_examples=3000
I0411 05:34:43.535521 140674188625088 spec.py:333] Evaluating on the training split.
I0411 05:34:44.789480 140674188625088 workload.py:200] Translating evaluation dataset.
I0411 05:37:09.470029 140674188625088 spec.py:346] Evaluating on the validation split.
I0411 05:37:10.397244 140674188625088 workload.py:200] Translating evaluation dataset.
I0411 05:39:34.018135 140674188625088 spec.py:363] Evaluating on the test split.
I0411 05:39:34.911741 140674188625088 workload.py:200] Translating evaluation dataset.
I0411 05:41:59.100905 140674188625088 submission_runner.py:516] Time since start: 11881.85s, 	Step: 46035, 	{'train/accuracy': 0.2533423602581024, 'train/loss': 4.574091911315918, 'train/bleu': 0.09251327173916202, 'validation/accuracy': 0.22640760242938995, 'validation/loss': 4.900722980499268, 'validation/bleu': 0.033897543098042195, 'validation/num_examples': 3000, 'test/accuracy': 0.21724478900432587, 'test/loss': 5.102502346038818, 'test/bleu': 0.024811230556080376, 'test/num_examples': 3003, 'score': 5852.760067462921, 'total_duration': 11881.849152326584, 'accumulated_submission_time': 5852.760067462921, 'accumulated_eval_time': 6028.1799857616425, 'accumulated_logging_time': 0.5076785087585449}
I0411 05:41:59.144093 140509611763456 logging_writer.py:48] [46035] accumulated_eval_time=6028.18, accumulated_logging_time=0.507679, accumulated_submission_time=5852.76, global_step=46035, preemption_count=0, score=5852.76, test/accuracy=0.217245, test/bleu=0.0248112, test/loss=5.1025, test/num_examples=3003, total_duration=11881.8, train/accuracy=0.253342, train/bleu=0.0925133, train/loss=4.57409, validation/accuracy=0.226408, validation/bleu=0.0338975, validation/loss=4.90072, validation/num_examples=3000
I0411 05:52:43.189792 140674188625088 spec.py:333] Evaluating on the training split.
I0411 05:52:44.444058 140674188625088 workload.py:200] Translating evaluation dataset.
I0411 05:56:14.850238 140674188625088 spec.py:346] Evaluating on the validation split.
I0411 05:56:15.776899 140674188625088 workload.py:200] Translating evaluation dataset.
I0411 05:59:11.159845 140674188625088 spec.py:363] Evaluating on the test split.
I0411 05:59:12.055352 140674188625088 workload.py:200] Translating evaluation dataset.
I0411 06:02:32.035272 140674188625088 submission_runner.py:516] Time since start: 13114.78s, 	Step: 51198, 	{'train/accuracy': 0.643345296382904, 'train/loss': 1.6933379173278809, 'train/bleu': 31.405158767945203, 'validation/accuracy': 0.6537426710128784, 'validation/loss': 1.6313711404800415, 'validation/bleu': 27.881695327084184, 'validation/num_examples': 3000, 'test/accuracy': 0.6642264127731323, 'test/loss': 1.5718637704849243, 'test/bleu': 27.111907135620626, 'test/num_examples': 3003, 'score': 6496.752861738205, 'total_duration': 13114.783461332321, 'accumulated_submission_time': 6496.752861738205, 'accumulated_eval_time': 6617.025333404541, 'accumulated_logging_time': 0.5598862171173096}
I0411 06:02:32.078047 140509603370752 logging_writer.py:48] [51198] accumulated_eval_time=6617.03, accumulated_logging_time=0.559886, accumulated_submission_time=6496.75, global_step=51198, preemption_count=0, score=6496.75, test/accuracy=0.664226, test/bleu=27.1119, test/loss=1.57186, test/num_examples=3003, total_duration=13114.8, train/accuracy=0.643345, train/bleu=31.4052, train/loss=1.69334, validation/accuracy=0.653743, validation/bleu=27.8817, validation/loss=1.63137, validation/num_examples=3000
I0411 06:13:16.135613 140674188625088 spec.py:333] Evaluating on the training split.
I0411 06:13:17.391161 140674188625088 workload.py:200] Translating evaluation dataset.
I0411 06:16:53.386757 140674188625088 spec.py:346] Evaluating on the validation split.
I0411 06:16:54.313790 140674188625088 workload.py:200] Translating evaluation dataset.
I0411 06:20:19.697132 140674188625088 spec.py:363] Evaluating on the test split.
I0411 06:20:20.592978 140674188625088 workload.py:200] Translating evaluation dataset.
I0411 06:23:41.326807 140674188625088 submission_runner.py:516] Time since start: 14384.08s, 	Step: 56361, 	{'train/accuracy': 0.6586529016494751, 'train/loss': 1.6221524477005005, 'train/bleu': 30.75385130697528, 'validation/accuracy': 0.6352431774139404, 'validation/loss': 1.75828218460083, 'validation/bleu': 25.576606525418068, 'validation/num_examples': 3000, 'test/accuracy': 0.6411713361740112, 'test/loss': 1.7293375730514526, 'test/bleu': 24.225613400439872, 'test/num_examples': 3003, 'score': 7140.758651256561, 'total_duration': 14384.075046777725, 'accumulated_submission_time': 7140.758651256561, 'accumulated_eval_time': 7242.21644616127, 'accumulated_logging_time': 0.6118917465209961}
I0411 06:23:41.369911 140509628548864 logging_writer.py:48] [56361] accumulated_eval_time=7242.22, accumulated_logging_time=0.611892, accumulated_submission_time=7140.76, global_step=56361, preemption_count=0, score=7140.76, test/accuracy=0.641171, test/bleu=24.2256, test/loss=1.72934, test/num_examples=3003, total_duration=14384.1, train/accuracy=0.658653, train/bleu=30.7539, train/loss=1.62215, validation/accuracy=0.635243, validation/bleu=25.5766, validation/loss=1.75828, validation/num_examples=3000
I0411 06:34:25.332325 140674188625088 spec.py:333] Evaluating on the training split.
I0411 06:34:26.585713 140674188625088 workload.py:200] Translating evaluation dataset.
I0411 06:38:25.097673 140674188625088 spec.py:346] Evaluating on the validation split.
I0411 06:38:26.022022 140674188625088 workload.py:200] Translating evaluation dataset.
I0411 06:41:33.334676 140674188625088 spec.py:363] Evaluating on the test split.
I0411 06:41:34.230100 140674188625088 workload.py:200] Translating evaluation dataset.
I0411 06:44:38.943144 140674188625088 submission_runner.py:516] Time since start: 15641.69s, 	Step: 61523, 	{'train/accuracy': 0.6458621025085449, 'train/loss': 1.691257119178772, 'train/bleu': 31.500697087238006, 'validation/accuracy': 0.6617896556854248, 'validation/loss': 1.5818670988082886, 'validation/bleu': 28.12515358022721, 'validation/num_examples': 3000, 'test/accuracy': 0.67116379737854, 'test/loss': 1.5210365056991577, 'test/bleu': 27.772055642218866, 'test/num_examples': 3003, 'score': 7784.669058084488, 'total_duration': 15641.69138431549, 'accumulated_submission_time': 7784.669058084488, 'accumulated_eval_time': 7855.827189207077, 'accumulated_logging_time': 0.6644694805145264}
I0411 06:44:38.987014 140509611763456 logging_writer.py:48] [61523] accumulated_eval_time=7855.83, accumulated_logging_time=0.664469, accumulated_submission_time=7784.67, global_step=61523, preemption_count=0, score=7784.67, test/accuracy=0.671164, test/bleu=27.7721, test/loss=1.52104, test/num_examples=3003, total_duration=15641.7, train/accuracy=0.645862, train/bleu=31.5007, train/loss=1.69126, validation/accuracy=0.66179, validation/bleu=28.1252, validation/loss=1.58187, validation/num_examples=3000
I0411 06:55:23.060172 140674188625088 spec.py:333] Evaluating on the training split.
I0411 06:55:24.321329 140674188625088 workload.py:200] Translating evaluation dataset.
I0411 06:59:17.401299 140674188625088 spec.py:346] Evaluating on the validation split.
I0411 06:59:18.330236 140674188625088 workload.py:200] Translating evaluation dataset.
I0411 07:02:32.269766 140674188625088 spec.py:363] Evaluating on the test split.
I0411 07:02:33.165969 140674188625088 workload.py:200] Translating evaluation dataset.
I0411 07:05:40.565204 140674188625088 submission_runner.py:516] Time since start: 16903.31s, 	Step: 66688, 	{'train/accuracy': 0.6551283001899719, 'train/loss': 1.6312534809112549, 'train/bleu': 32.13755296459853, 'validation/accuracy': 0.6661045551300049, 'validation/loss': 1.5537587404251099, 'validation/bleu': 28.449524873033965, 'validation/num_examples': 3000, 'test/accuracy': 0.6767649054527283, 'test/loss': 1.4852120876312256, 'test/bleu': 27.664375405983936, 'test/num_examples': 3003, 'score': 8428.68996310234, 'total_duration': 16903.31345152855, 'accumulated_submission_time': 8428.68996310234, 'accumulated_eval_time': 8473.332149744034, 'accumulated_logging_time': 0.7174997329711914}
I0411 07:05:40.609820 140509628548864 logging_writer.py:48] [66688] accumulated_eval_time=8473.33, accumulated_logging_time=0.7175, accumulated_submission_time=8428.69, global_step=66688, preemption_count=0, score=8428.69, test/accuracy=0.676765, test/bleu=27.6644, test/loss=1.48521, test/num_examples=3003, total_duration=16903.3, train/accuracy=0.655128, train/bleu=32.1376, train/loss=1.63125, validation/accuracy=0.666105, validation/bleu=28.4495, validation/loss=1.55376, validation/num_examples=3000
I0411 07:16:24.690842 140674188625088 spec.py:333] Evaluating on the training split.
I0411 07:16:25.945414 140674188625088 workload.py:200] Translating evaluation dataset.
I0411 07:20:52.412881 140674188625088 spec.py:346] Evaluating on the validation split.
I0411 07:20:53.343088 140674188625088 workload.py:200] Translating evaluation dataset.
I0411 07:24:10.613371 140674188625088 spec.py:363] Evaluating on the test split.
I0411 07:24:11.508025 140674188625088 workload.py:200] Translating evaluation dataset.
I0411 07:27:14.644225 140674188625088 submission_runner.py:516] Time since start: 18197.39s, 	Step: 71852, 	{'train/accuracy': 0.6592233777046204, 'train/loss': 1.590091347694397, 'train/bleu': 32.43747455726141, 'validation/accuracy': 0.6716717481613159, 'validation/loss': 1.5223561525344849, 'validation/bleu': 29.150867138089694, 'validation/num_examples': 3000, 'test/accuracy': 0.6841439008712769, 'test/loss': 1.4494198560714722, 'test/bleu': 28.493875175149604, 'test/num_examples': 3003, 'score': 9072.71881723404, 'total_duration': 18197.392471075058, 'accumulated_submission_time': 9072.71881723404, 'accumulated_eval_time': 9123.285450220108, 'accumulated_logging_time': 0.7713255882263184}
I0411 07:27:14.689412 140509603370752 logging_writer.py:48] [71852] accumulated_eval_time=9123.29, accumulated_logging_time=0.771326, accumulated_submission_time=9072.72, global_step=71852, preemption_count=0, score=9072.72, test/accuracy=0.684144, test/bleu=28.4939, test/loss=1.44942, test/num_examples=3003, total_duration=18197.4, train/accuracy=0.659223, train/bleu=32.4375, train/loss=1.59009, validation/accuracy=0.671672, validation/bleu=29.1509, validation/loss=1.52236, validation/num_examples=3000
I0411 07:37:58.720910 140674188625088 spec.py:333] Evaluating on the training split.
I0411 07:37:59.982365 140674188625088 workload.py:200] Translating evaluation dataset.
I0411 07:42:07.240216 140674188625088 spec.py:346] Evaluating on the validation split.
I0411 07:42:08.168012 140674188625088 workload.py:200] Translating evaluation dataset.
I0411 07:45:18.542733 140674188625088 spec.py:363] Evaluating on the test split.
I0411 07:45:19.437702 140674188625088 workload.py:200] Translating evaluation dataset.
I0411 07:48:40.103029 140674188625088 submission_runner.py:516] Time since start: 19482.85s, 	Step: 77016, 	{'train/accuracy': 0.6714917421340942, 'train/loss': 1.515351414680481, 'train/bleu': 33.1781783203684, 'validation/accuracy': 0.672886848449707, 'validation/loss': 1.5029704570770264, 'validation/bleu': 28.943656946562434, 'validation/num_examples': 3000, 'test/accuracy': 0.6851781010627747, 'test/loss': 1.4311031103134155, 'test/bleu': 28.932073631606023, 'test/num_examples': 3003, 'score': 9716.69831609726, 'total_duration': 19482.851266622543, 'accumulated_submission_time': 9716.69831609726, 'accumulated_eval_time': 9764.667485713959, 'accumulated_logging_time': 0.8257579803466797}
I0411 07:48:40.148146 140509628548864 logging_writer.py:48] [77016] accumulated_eval_time=9764.67, accumulated_logging_time=0.825758, accumulated_submission_time=9716.7, global_step=77016, preemption_count=0, score=9716.7, test/accuracy=0.685178, test/bleu=28.9321, test/loss=1.4311, test/num_examples=3003, total_duration=19482.9, train/accuracy=0.671492, train/bleu=33.1782, train/loss=1.51535, validation/accuracy=0.672887, validation/bleu=28.9437, validation/loss=1.50297, validation/num_examples=3000
I0411 07:59:24.146371 140674188625088 spec.py:333] Evaluating on the training split.
I0411 07:59:25.401952 140674188625088 workload.py:200] Translating evaluation dataset.
I0411 08:03:22.498879 140674188625088 spec.py:346] Evaluating on the validation split.
I0411 08:03:23.422748 140674188625088 workload.py:200] Translating evaluation dataset.
I0411 08:06:33.824151 140674188625088 spec.py:363] Evaluating on the test split.
I0411 08:06:34.719157 140674188625088 workload.py:200] Translating evaluation dataset.
I0411 08:09:41.767969 140674188625088 submission_runner.py:516] Time since start: 20744.52s, 	Step: 82178, 	{'train/accuracy': 0.6814889311790466, 'train/loss': 1.4528675079345703, 'train/bleu': 34.33928108848502, 'validation/accuracy': 0.6758874654769897, 'validation/loss': 1.4818092584609985, 'validation/bleu': 29.132174486896226, 'validation/num_examples': 3000, 'test/accuracy': 0.6893846988677979, 'test/loss': 1.4040378332138062, 'test/bleu': 28.80270633773707, 'test/num_examples': 3003, 'score': 10360.645279169083, 'total_duration': 20744.516207695007, 'accumulated_submission_time': 10360.645279169083, 'accumulated_eval_time': 10382.289007425308, 'accumulated_logging_time': 0.8800265789031982}
I0411 08:09:41.811817 140509611763456 logging_writer.py:48] [82178] accumulated_eval_time=10382.3, accumulated_logging_time=0.880027, accumulated_submission_time=10360.6, global_step=82178, preemption_count=0, score=10360.6, test/accuracy=0.689385, test/bleu=28.8027, test/loss=1.40404, test/num_examples=3003, total_duration=20744.5, train/accuracy=0.681489, train/bleu=34.3393, train/loss=1.45287, validation/accuracy=0.675887, validation/bleu=29.1322, validation/loss=1.48181, validation/num_examples=3000
I0411 08:20:25.854311 140674188625088 spec.py:333] Evaluating on the training split.
I0411 08:20:27.108363 140674188625088 workload.py:200] Translating evaluation dataset.
I0411 08:25:08.279248 140674188625088 spec.py:346] Evaluating on the validation split.
I0411 08:25:09.200546 140674188625088 workload.py:200] Translating evaluation dataset.
I0411 08:28:37.640488 140674188625088 spec.py:363] Evaluating on the test split.
I0411 08:28:38.535951 140674188625088 workload.py:200] Translating evaluation dataset.
I0411 08:31:55.050490 140674188625088 submission_runner.py:516] Time since start: 22077.80s, 	Step: 87342, 	{'train/accuracy': 0.6748434901237488, 'train/loss': 1.505289912223816, 'train/bleu': 33.813631570842226, 'validation/accuracy': 0.6780077219009399, 'validation/loss': 1.4724788665771484, 'validation/bleu': 29.199169213353972, 'validation/num_examples': 3000, 'test/accuracy': 0.6930103302001953, 'test/loss': 1.3854573965072632, 'test/bleu': 28.968560932129687, 'test/num_examples': 3003, 'score': 11004.63639163971, 'total_duration': 22077.79873228073, 'accumulated_submission_time': 11004.63639163971, 'accumulated_eval_time': 11071.485108852386, 'accumulated_logging_time': 0.9329500198364258}
I0411 08:31:55.096218 140509636941568 logging_writer.py:48] [87342] accumulated_eval_time=11071.5, accumulated_logging_time=0.93295, accumulated_submission_time=11004.6, global_step=87342, preemption_count=0, score=11004.6, test/accuracy=0.69301, test/bleu=28.9686, test/loss=1.38546, test/num_examples=3003, total_duration=22077.8, train/accuracy=0.674843, train/bleu=33.8136, train/loss=1.50529, validation/accuracy=0.678008, validation/bleu=29.1992, validation/loss=1.47248, validation/num_examples=3000
I0411 08:42:39.164359 140674188625088 spec.py:333] Evaluating on the training split.
I0411 08:42:40.419460 140674188625088 workload.py:200] Translating evaluation dataset.
I0411 08:47:04.756699 140674188625088 spec.py:346] Evaluating on the validation split.
I0411 08:47:05.682051 140674188625088 workload.py:200] Translating evaluation dataset.
I0411 08:50:13.820784 140674188625088 spec.py:363] Evaluating on the test split.
I0411 08:50:14.715192 140674188625088 workload.py:200] Translating evaluation dataset.
I0411 08:53:08.730284 140674188625088 submission_runner.py:516] Time since start: 23351.48s, 	Step: 92506, 	{'train/accuracy': 0.6831606030464172, 'train/loss': 1.4559789896011353, 'train/bleu': 33.81164067337801, 'validation/accuracy': 0.6772265434265137, 'validation/loss': 1.4646227359771729, 'validation/bleu': 29.4478892673975, 'validation/num_examples': 3000, 'test/accuracy': 0.6929522156715393, 'test/loss': 1.379172444343567, 'test/bleu': 28.961296229443683, 'test/num_examples': 3003, 'score': 11648.653273820877, 'total_duration': 23351.47853422165, 'accumulated_submission_time': 11648.653273820877, 'accumulated_eval_time': 11701.050961494446, 'accumulated_logging_time': 0.9878482818603516}
I0411 08:53:08.773050 140508512777984 logging_writer.py:48] [92506] accumulated_eval_time=11701.1, accumulated_logging_time=0.987848, accumulated_submission_time=11648.7, global_step=92506, preemption_count=0, score=11648.7, test/accuracy=0.692952, test/bleu=28.9613, test/loss=1.37917, test/num_examples=3003, total_duration=23351.5, train/accuracy=0.683161, train/bleu=33.8116, train/loss=1.45598, validation/accuracy=0.677227, validation/bleu=29.4479, validation/loss=1.46462, validation/num_examples=3000
I0411 09:03:52.743284 140674188625088 spec.py:333] Evaluating on the training split.
I0411 09:03:53.998871 140674188625088 workload.py:200] Translating evaluation dataset.
I0411 09:07:40.769586 140674188625088 spec.py:346] Evaluating on the validation split.
I0411 09:07:41.694056 140674188625088 workload.py:200] Translating evaluation dataset.
I0411 09:10:52.190321 140674188625088 spec.py:363] Evaluating on the test split.
I0411 09:10:53.084516 140674188625088 workload.py:200] Translating evaluation dataset.
I0411 09:13:57.957335 140674188625088 submission_runner.py:516] Time since start: 24600.71s, 	Step: 97668, 	{'train/accuracy': 0.6901361346244812, 'train/loss': 1.4059059619903564, 'train/bleu': 34.286250831667274, 'validation/accuracy': 0.6797063946723938, 'validation/loss': 1.4603211879730225, 'validation/bleu': 29.80622202408701, 'validation/num_examples': 3000, 'test/accuracy': 0.6957643628120422, 'test/loss': 1.3681700229644775, 'test/bleu': 29.42865981109899, 'test/num_examples': 3003, 'score': 12292.569732904434, 'total_duration': 24600.705585241318, 'accumulated_submission_time': 12292.569732904434, 'accumulated_eval_time': 12306.264954090118, 'accumulated_logging_time': 1.0397310256958008}
I0411 09:13:58.008142 140509636941568 logging_writer.py:48] [97668] accumulated_eval_time=12306.3, accumulated_logging_time=1.03973, accumulated_submission_time=12292.6, global_step=97668, preemption_count=0, score=12292.6, test/accuracy=0.695764, test/bleu=29.4287, test/loss=1.36817, test/num_examples=3003, total_duration=24600.7, train/accuracy=0.690136, train/bleu=34.2863, train/loss=1.40591, validation/accuracy=0.679706, validation/bleu=29.8062, validation/loss=1.46032, validation/num_examples=3000
I0411 09:24:42.026366 140674188625088 spec.py:333] Evaluating on the training split.
I0411 09:24:43.284879 140674188625088 workload.py:200] Translating evaluation dataset.
I0411 09:28:13.084531 140674188625088 spec.py:346] Evaluating on the validation split.
I0411 09:28:14.006389 140674188625088 workload.py:200] Translating evaluation dataset.
I0411 09:31:06.843481 140674188625088 spec.py:363] Evaluating on the test split.
I0411 09:31:07.737422 140674188625088 workload.py:200] Translating evaluation dataset.
I0411 09:34:02.164690 140674188625088 submission_runner.py:516] Time since start: 25804.91s, 	Step: 102832, 	{'train/accuracy': 0.6955245137214661, 'train/loss': 1.3757219314575195, 'train/bleu': 35.931973133656, 'validation/accuracy': 0.6822977662086487, 'validation/loss': 1.4525903463363647, 'validation/bleu': 29.846879082437127, 'validation/num_examples': 3000, 'test/accuracy': 0.6974144577980042, 'test/loss': 1.3582755327224731, 'test/bleu': 29.426490500201968, 'test/num_examples': 3003, 'score': 12936.535746574402, 'total_duration': 25804.9129447937, 'accumulated_submission_time': 12936.535746574402, 'accumulated_eval_time': 12866.403208494186, 'accumulated_logging_time': 1.0997393131256104}
I0411 09:34:02.212052 140509603370752 logging_writer.py:48] [102832] accumulated_eval_time=12866.4, accumulated_logging_time=1.09974, accumulated_submission_time=12936.5, global_step=102832, preemption_count=0, score=12936.5, test/accuracy=0.697414, test/bleu=29.4265, test/loss=1.35828, test/num_examples=3003, total_duration=25804.9, train/accuracy=0.695525, train/bleu=35.932, train/loss=1.37572, validation/accuracy=0.682298, validation/bleu=29.8469, validation/loss=1.45259, validation/num_examples=3000
I0411 09:44:46.253807 140674188625088 spec.py:333] Evaluating on the training split.
I0411 09:44:47.512369 140674188625088 workload.py:200] Translating evaluation dataset.
I0411 09:48:04.461274 140674188625088 spec.py:346] Evaluating on the validation split.
I0411 09:48:05.391409 140674188625088 workload.py:200] Translating evaluation dataset.
I0411 09:50:52.419841 140674188625088 spec.py:363] Evaluating on the test split.
I0411 09:50:53.313554 140674188625088 workload.py:200] Translating evaluation dataset.
I0411 09:53:46.482345 140674188625088 submission_runner.py:516] Time since start: 26989.23s, 	Step: 107995, 	{'train/accuracy': 0.7142724990844727, 'train/loss': 1.282394289970398, 'train/bleu': 36.38571293573707, 'validation/accuracy': 0.6817646026611328, 'validation/loss': 1.4601528644561768, 'validation/bleu': 29.480151011454616, 'validation/num_examples': 3000, 'test/accuracy': 0.6969729065895081, 'test/loss': 1.3634089231491089, 'test/bleu': 29.476944917273094, 'test/num_examples': 3003, 'score': 13580.524819850922, 'total_duration': 26989.230576992035, 'accumulated_submission_time': 13580.524819850922, 'accumulated_eval_time': 13406.631656169891, 'accumulated_logging_time': 1.156510353088379}
I0411 09:53:46.534069 140509628548864 logging_writer.py:48] [107995] accumulated_eval_time=13406.6, accumulated_logging_time=1.15651, accumulated_submission_time=13580.5, global_step=107995, preemption_count=0, score=13580.5, test/accuracy=0.696973, test/bleu=29.4769, test/loss=1.36341, test/num_examples=3003, total_duration=26989.2, train/accuracy=0.714272, train/bleu=36.3857, train/loss=1.28239, validation/accuracy=0.681765, validation/bleu=29.4802, validation/loss=1.46015, validation/num_examples=3000
I0411 10:04:30.558319 140674188625088 spec.py:333] Evaluating on the training split.
I0411 10:04:31.819439 140674188625088 workload.py:200] Translating evaluation dataset.
I0411 10:08:19.283891 140674188625088 spec.py:346] Evaluating on the validation split.
I0411 10:08:20.208611 140674188625088 workload.py:200] Translating evaluation dataset.
I0411 10:11:22.660244 140674188625088 spec.py:363] Evaluating on the test split.
I0411 10:11:23.555677 140674188625088 workload.py:200] Translating evaluation dataset.
I0411 10:14:22.801091 140674188625088 submission_runner.py:516] Time since start: 28225.55s, 	Step: 113157, 	{'train/accuracy': 0.7173590660095215, 'train/loss': 1.2735865116119385, 'train/bleu': 36.30753273874328, 'validation/accuracy': 0.6822605729103088, 'validation/loss': 1.45697021484375, 'validation/bleu': 29.60180517429662, 'validation/num_examples': 3000, 'test/accuracy': 0.6982046365737915, 'test/loss': 1.360339641571045, 'test/bleu': 29.38906382228582, 'test/num_examples': 3003, 'score': 14224.497094631195, 'total_duration': 28225.549335479736, 'accumulated_submission_time': 14224.497094631195, 'accumulated_eval_time': 13998.874348163605, 'accumulated_logging_time': 1.217439889907837}
I0411 10:14:22.846684 140509603370752 logging_writer.py:48] [113157] accumulated_eval_time=13998.9, accumulated_logging_time=1.21744, accumulated_submission_time=14224.5, global_step=113157, preemption_count=0, score=14224.5, test/accuracy=0.698205, test/bleu=29.3891, test/loss=1.36034, test/num_examples=3003, total_duration=28225.5, train/accuracy=0.717359, train/bleu=36.3075, train/loss=1.27359, validation/accuracy=0.682261, validation/bleu=29.6018, validation/loss=1.45697, validation/num_examples=3000
I0411 10:25:06.810986 140674188625088 spec.py:333] Evaluating on the training split.
I0411 10:25:08.066341 140674188625088 workload.py:200] Translating evaluation dataset.
I0411 10:28:57.595895 140674188625088 spec.py:346] Evaluating on the validation split.
I0411 10:28:58.519024 140674188625088 workload.py:200] Translating evaluation dataset.
I0411 10:31:51.543263 140674188625088 spec.py:363] Evaluating on the test split.
I0411 10:31:52.438282 140674188625088 workload.py:200] Translating evaluation dataset.
I0411 10:34:51.806323 140674188625088 submission_runner.py:516] Time since start: 29454.55s, 	Step: 118320, 	{'train/accuracy': 0.7200512290000916, 'train/loss': 1.251863956451416, 'train/bleu': 37.23452641582784, 'validation/accuracy': 0.6823350191116333, 'validation/loss': 1.4556365013122559, 'validation/bleu': 29.75494150470831, 'validation/num_examples': 3000, 'test/accuracy': 0.6986462473869324, 'test/loss': 1.3572981357574463, 'test/bleu': 29.463911585522705, 'test/num_examples': 3003, 'score': 14868.40970659256, 'total_duration': 29454.554573774338, 'accumulated_submission_time': 14868.40970659256, 'accumulated_eval_time': 14583.86962389946, 'accumulated_logging_time': 1.2722163200378418}
I0411 10:34:51.852356 140509628548864 logging_writer.py:48] [118320] accumulated_eval_time=14583.9, accumulated_logging_time=1.27222, accumulated_submission_time=14868.4, global_step=118320, preemption_count=0, score=14868.4, test/accuracy=0.698646, test/bleu=29.4639, test/loss=1.3573, test/num_examples=3003, total_duration=29454.6, train/accuracy=0.720051, train/bleu=37.2345, train/loss=1.25186, validation/accuracy=0.682335, validation/bleu=29.7549, validation/loss=1.45564, validation/num_examples=3000
I0411 10:45:35.898054 140674188625088 spec.py:333] Evaluating on the training split.
I0411 10:45:37.156856 140674188625088 workload.py:200] Translating evaluation dataset.
I0411 10:49:21.365496 140674188625088 spec.py:346] Evaluating on the validation split.
I0411 10:49:22.293576 140674188625088 workload.py:200] Translating evaluation dataset.
I0411 10:52:12.907956 140674188625088 spec.py:363] Evaluating on the test split.
I0411 10:52:13.801818 140674188625088 workload.py:200] Translating evaluation dataset.
I0411 10:55:10.973606 140674188625088 submission_runner.py:516] Time since start: 30673.72s, 	Step: 123483, 	{'train/accuracy': 0.7161770462989807, 'train/loss': 1.2754902839660645, 'train/bleu': 36.96179941183005, 'validation/accuracy': 0.6820994019508362, 'validation/loss': 1.4563186168670654, 'validation/bleu': 29.831079047390674, 'validation/num_examples': 3000, 'test/accuracy': 0.6988902688026428, 'test/loss': 1.3579206466674805, 'test/bleu': 29.535251469301862, 'test/num_examples': 3003, 'score': 15512.403347969055, 'total_duration': 30673.721833705902, 'accumulated_submission_time': 15512.403347969055, 'accumulated_eval_time': 15158.945084095001, 'accumulated_logging_time': 1.327859878540039}
I0411 10:55:11.022093 140509603370752 logging_writer.py:48] [123483] accumulated_eval_time=15158.9, accumulated_logging_time=1.32786, accumulated_submission_time=15512.4, global_step=123483, preemption_count=0, score=15512.4, test/accuracy=0.69889, test/bleu=29.5353, test/loss=1.35792, test/num_examples=3003, total_duration=30673.7, train/accuracy=0.716177, train/bleu=36.9618, train/loss=1.27549, validation/accuracy=0.682099, validation/bleu=29.8311, validation/loss=1.45632, validation/num_examples=3000
I0411 11:05:55.024909 140674188625088 spec.py:333] Evaluating on the training split.
I0411 11:05:56.278261 140674188625088 workload.py:200] Translating evaluation dataset.
I0411 11:09:44.102999 140674188625088 spec.py:346] Evaluating on the validation split.
I0411 11:09:45.027408 140674188625088 workload.py:200] Translating evaluation dataset.
I0411 11:12:35.519839 140674188625088 spec.py:363] Evaluating on the test split.
I0411 11:12:36.415053 140674188625088 workload.py:200] Translating evaluation dataset.
I0411 11:15:33.455901 140674188625088 submission_runner.py:516] Time since start: 31896.20s, 	Step: 128645, 	{'train/accuracy': 0.716588020324707, 'train/loss': 1.2696945667266846, 'train/bleu': 37.11345452261234, 'validation/accuracy': 0.6820994019508362, 'validation/loss': 1.4563186168670654, 'validation/bleu': 29.831079047390674, 'validation/num_examples': 3000, 'test/accuracy': 0.6988902688026428, 'test/loss': 1.3579206466674805, 'test/bleu': 29.535251469301862, 'test/num_examples': 3003, 'score': 16156.354206323624, 'total_duration': 31896.204144716263, 'accumulated_submission_time': 16156.354206323624, 'accumulated_eval_time': 15737.37599825859, 'accumulated_logging_time': 1.3855233192443848}
I0411 11:15:33.503899 140509594978048 logging_writer.py:48] [128645] accumulated_eval_time=15737.4, accumulated_logging_time=1.38552, accumulated_submission_time=16156.4, global_step=128645, preemption_count=0, score=16156.4, test/accuracy=0.69889, test/bleu=29.5353, test/loss=1.35792, test/num_examples=3003, total_duration=31896.2, train/accuracy=0.716588, train/bleu=37.1135, train/loss=1.26969, validation/accuracy=0.682099, validation/bleu=29.8311, validation/loss=1.45632, validation/num_examples=3000
I0411 11:26:17.575349 140674188625088 spec.py:333] Evaluating on the training split.
I0411 11:26:18.831045 140674188625088 workload.py:200] Translating evaluation dataset.
I0411 11:30:06.219800 140674188625088 spec.py:346] Evaluating on the validation split.
I0411 11:30:07.154652 140674188625088 workload.py:200] Translating evaluation dataset.
I0411 11:32:57.950820 140674188625088 spec.py:363] Evaluating on the test split.
I0411 11:32:58.846446 140674188625088 workload.py:200] Translating evaluation dataset.
I0411 11:35:56.098616 140674188625088 submission_runner.py:516] Time since start: 33118.85s, 	Step: 133806, 	{'train/accuracy': 0.7180138826370239, 'train/loss': 1.2664198875427246, 'train/bleu': 36.74371478755584, 'validation/accuracy': 0.6820994019508362, 'validation/loss': 1.4563186168670654, 'validation/bleu': 29.831079047390674, 'validation/num_examples': 3000, 'test/accuracy': 0.6988902688026428, 'test/loss': 1.3579206466674805, 'test/bleu': 29.535251469301862, 'test/num_examples': 3003, 'score': 16800.373831748962, 'total_duration': 33118.84686613083, 'accumulated_submission_time': 16800.373831748962, 'accumulated_eval_time': 16315.899198055267, 'accumulated_logging_time': 1.4425179958343506}
I0411 11:35:56.150912 140509611763456 logging_writer.py:48] [133806] accumulated_eval_time=16315.9, accumulated_logging_time=1.44252, accumulated_submission_time=16800.4, global_step=133806, preemption_count=0, score=16800.4, test/accuracy=0.69889, test/bleu=29.5353, test/loss=1.35792, test/num_examples=3003, total_duration=33118.8, train/accuracy=0.718014, train/bleu=36.7437, train/loss=1.26642, validation/accuracy=0.682099, validation/bleu=29.8311, validation/loss=1.45632, validation/num_examples=3000
I0411 11:46:40.156241 140674188625088 spec.py:333] Evaluating on the training split.
I0411 11:46:41.410801 140674188625088 workload.py:200] Translating evaluation dataset.
I0411 11:50:28.492191 140674188625088 spec.py:346] Evaluating on the validation split.
I0411 11:50:29.415410 140674188625088 workload.py:200] Translating evaluation dataset.
I0411 11:53:20.016681 140674188625088 spec.py:363] Evaluating on the test split.
I0411 11:53:20.912263 140674188625088 workload.py:200] Translating evaluation dataset.
I0411 11:56:18.390748 140674188625088 submission_runner.py:516] Time since start: 34341.14s, 	Step: 138967, 	{'train/accuracy': 0.7204298973083496, 'train/loss': 1.2495478391647339, 'train/bleu': 36.9136841596076, 'validation/accuracy': 0.6820994019508362, 'validation/loss': 1.4563186168670654, 'validation/bleu': 29.831079047390674, 'validation/num_examples': 3000, 'test/accuracy': 0.6988902688026428, 'test/loss': 1.3579206466674805, 'test/bleu': 29.535251469301862, 'test/num_examples': 3003, 'score': 17444.328130960464, 'total_duration': 34341.139004945755, 'accumulated_submission_time': 17444.328130960464, 'accumulated_eval_time': 16894.133642435074, 'accumulated_logging_time': 1.5036447048187256}
I0411 11:56:18.438368 140508512777984 logging_writer.py:48] [138967] accumulated_eval_time=16894.1, accumulated_logging_time=1.50364, accumulated_submission_time=17444.3, global_step=138967, preemption_count=0, score=17444.3, test/accuracy=0.69889, test/bleu=29.5353, test/loss=1.35792, test/num_examples=3003, total_duration=34341.1, train/accuracy=0.72043, train/bleu=36.9137, train/loss=1.24955, validation/accuracy=0.682099, validation/bleu=29.8311, validation/loss=1.45632, validation/num_examples=3000
I0411 12:07:02.409405 140674188625088 spec.py:333] Evaluating on the training split.
I0411 12:07:03.664424 140674188625088 workload.py:200] Translating evaluation dataset.
I0411 12:10:46.743926 140674188625088 spec.py:346] Evaluating on the validation split.
I0411 12:10:47.667568 140674188625088 workload.py:200] Translating evaluation dataset.
I0411 12:13:38.285421 140674188625088 spec.py:363] Evaluating on the test split.
I0411 12:13:39.180868 140674188625088 workload.py:200] Translating evaluation dataset.
I0411 12:16:36.293715 140674188625088 submission_runner.py:516] Time since start: 35559.04s, 	Step: 144127, 	{'train/accuracy': 0.7165979146957397, 'train/loss': 1.2689485549926758, 'train/bleu': 36.93296482006019, 'validation/accuracy': 0.6820994019508362, 'validation/loss': 1.4563186168670654, 'validation/bleu': 29.831079047390674, 'validation/num_examples': 3000, 'test/accuracy': 0.6988902688026428, 'test/loss': 1.3579206466674805, 'test/bleu': 29.535251469301862, 'test/num_examples': 3003, 'score': 18088.246235370636, 'total_duration': 35559.04195642471, 'accumulated_submission_time': 18088.246235370636, 'accumulated_eval_time': 17468.017894744873, 'accumulated_logging_time': 1.5604000091552734}
I0411 12:16:36.349610 140509636941568 logging_writer.py:48] [144127] accumulated_eval_time=17468, accumulated_logging_time=1.5604, accumulated_submission_time=18088.2, global_step=144127, preemption_count=0, score=18088.2, test/accuracy=0.69889, test/bleu=29.5353, test/loss=1.35792, test/num_examples=3003, total_duration=35559, train/accuracy=0.716598, train/bleu=36.933, train/loss=1.26895, validation/accuracy=0.682099, validation/bleu=29.8311, validation/loss=1.45632, validation/num_examples=3000
I0411 12:27:20.422900 140674188625088 spec.py:333] Evaluating on the training split.
I0411 12:27:21.675910 140674188625088 workload.py:200] Translating evaluation dataset.
I0411 12:31:11.774965 140674188625088 spec.py:346] Evaluating on the validation split.
I0411 12:31:12.699977 140674188625088 workload.py:200] Translating evaluation dataset.
I0411 12:34:03.390985 140674188625088 spec.py:363] Evaluating on the test split.
I0411 12:34:04.286790 140674188625088 workload.py:200] Translating evaluation dataset.
I0411 12:37:02.261630 140674188625088 submission_runner.py:516] Time since start: 36785.01s, 	Step: 149288, 	{'train/accuracy': 0.7178663015365601, 'train/loss': 1.263689637184143, 'train/bleu': 36.47375951103185, 'validation/accuracy': 0.6820994019508362, 'validation/loss': 1.4563186168670654, 'validation/bleu': 29.831079047390674, 'validation/num_examples': 3000, 'test/accuracy': 0.6988902688026428, 'test/loss': 1.3579206466674805, 'test/bleu': 29.535251469301862, 'test/num_examples': 3003, 'score': 18732.267623901367, 'total_duration': 36785.00988173485, 'accumulated_submission_time': 18732.267623901367, 'accumulated_eval_time': 18049.856556892395, 'accumulated_logging_time': 1.625159740447998}
I0411 12:37:02.312721 140509594978048 logging_writer.py:48] [149288] accumulated_eval_time=18049.9, accumulated_logging_time=1.62516, accumulated_submission_time=18732.3, global_step=149288, preemption_count=0, score=18732.3, test/accuracy=0.69889, test/bleu=29.5353, test/loss=1.35792, test/num_examples=3003, total_duration=36785, train/accuracy=0.717866, train/bleu=36.4738, train/loss=1.26369, validation/accuracy=0.682099, validation/bleu=29.8311, validation/loss=1.45632, validation/num_examples=3000
I0411 12:47:46.327674 140674188625088 spec.py:333] Evaluating on the training split.
I0411 12:47:47.582473 140674188625088 workload.py:200] Translating evaluation dataset.
I0411 12:51:35.268512 140674188625088 spec.py:346] Evaluating on the validation split.
I0411 12:51:36.200202 140674188625088 workload.py:200] Translating evaluation dataset.
I0411 12:54:27.050259 140674188625088 spec.py:363] Evaluating on the test split.
I0411 12:54:27.945511 140674188625088 workload.py:200] Translating evaluation dataset.
I0411 12:57:26.029828 140674188625088 submission_runner.py:516] Time since start: 38008.78s, 	Step: 154452, 	{'train/accuracy': 0.718707799911499, 'train/loss': 1.2587592601776123, 'train/bleu': 36.83788711966437, 'validation/accuracy': 0.6820994019508362, 'validation/loss': 1.4563186168670654, 'validation/bleu': 29.831079047390674, 'validation/num_examples': 3000, 'test/accuracy': 0.6988902688026428, 'test/loss': 1.3579206466674805, 'test/bleu': 29.535251469301862, 'test/num_examples': 3003, 'score': 19376.230998277664, 'total_duration': 38008.77807545662, 'accumulated_submission_time': 19376.230998277664, 'accumulated_eval_time': 18629.558650016785, 'accumulated_logging_time': 1.6853065490722656}
I0411 12:57:26.080356 140509628548864 logging_writer.py:48] [154452] accumulated_eval_time=18629.6, accumulated_logging_time=1.68531, accumulated_submission_time=19376.2, global_step=154452, preemption_count=0, score=19376.2, test/accuracy=0.69889, test/bleu=29.5353, test/loss=1.35792, test/num_examples=3003, total_duration=38008.8, train/accuracy=0.718708, train/bleu=36.8379, train/loss=1.25876, validation/accuracy=0.682099, validation/bleu=29.8311, validation/loss=1.45632, validation/num_examples=3000
I0411 13:08:10.038010 140674188625088 spec.py:333] Evaluating on the training split.
I0411 13:08:11.290604 140674188625088 workload.py:200] Translating evaluation dataset.
I0411 13:11:41.329143 140674188625088 spec.py:346] Evaluating on the validation split.
I0411 13:11:42.258483 140674188625088 workload.py:200] Translating evaluation dataset.
I0411 13:14:32.840405 140674188625088 spec.py:363] Evaluating on the test split.
I0411 13:14:33.736379 140674188625088 workload.py:200] Translating evaluation dataset.
I0411 13:17:31.838223 140674188625088 submission_runner.py:516] Time since start: 39214.59s, 	Step: 159614, 	{'train/accuracy': 0.7201815843582153, 'train/loss': 1.2552573680877686, 'train/bleu': 36.88011121752965, 'validation/accuracy': 0.6820994019508362, 'validation/loss': 1.4563186168670654, 'validation/bleu': 29.831079047390674, 'validation/num_examples': 3000, 'test/accuracy': 0.6988902688026428, 'test/loss': 1.3579206466674805, 'test/bleu': 29.535251469301862, 'test/num_examples': 3003, 'score': 20020.137296438217, 'total_duration': 39214.58646726608, 'accumulated_submission_time': 20020.137296438217, 'accumulated_eval_time': 19191.358790159225, 'accumulated_logging_time': 1.7449390888214111}
I0411 13:17:31.885764 140509603370752 logging_writer.py:48] [159614] accumulated_eval_time=19191.4, accumulated_logging_time=1.74494, accumulated_submission_time=20020.1, global_step=159614, preemption_count=0, score=20020.1, test/accuracy=0.69889, test/bleu=29.5353, test/loss=1.35792, test/num_examples=3003, total_duration=39214.6, train/accuracy=0.720182, train/bleu=36.8801, train/loss=1.25526, validation/accuracy=0.682099, validation/bleu=29.8311, validation/loss=1.45632, validation/num_examples=3000
I0411 13:28:15.852587 140674188625088 spec.py:333] Evaluating on the training split.
I0411 13:28:17.106546 140674188625088 workload.py:200] Translating evaluation dataset.
I0411 13:31:56.160132 140674188625088 spec.py:346] Evaluating on the validation split.
I0411 13:31:57.087363 140674188625088 workload.py:200] Translating evaluation dataset.
I0411 13:34:47.684073 140674188625088 spec.py:363] Evaluating on the test split.
I0411 13:34:48.578356 140674188625088 workload.py:200] Translating evaluation dataset.
I0411 13:37:46.027939 140674188625088 submission_runner.py:516] Time since start: 40428.78s, 	Step: 164776, 	{'train/accuracy': 0.7169740200042725, 'train/loss': 1.2726808786392212, 'train/bleu': 36.505757310667136, 'validation/accuracy': 0.6820994019508362, 'validation/loss': 1.4563186168670654, 'validation/bleu': 29.831079047390674, 'validation/num_examples': 3000, 'test/accuracy': 0.6988902688026428, 'test/loss': 1.3579206466674805, 'test/bleu': 29.535251469301862, 'test/num_examples': 3003, 'score': 20664.053305625916, 'total_duration': 40428.7761888504, 'accumulated_submission_time': 20664.053305625916, 'accumulated_eval_time': 19761.534067869186, 'accumulated_logging_time': 1.8014118671417236}
I0411 13:37:46.077374 140509628548864 logging_writer.py:48] [164776] accumulated_eval_time=19761.5, accumulated_logging_time=1.80141, accumulated_submission_time=20664.1, global_step=164776, preemption_count=0, score=20664.1, test/accuracy=0.69889, test/bleu=29.5353, test/loss=1.35792, test/num_examples=3003, total_duration=40428.8, train/accuracy=0.716974, train/bleu=36.5058, train/loss=1.27268, validation/accuracy=0.682099, validation/bleu=29.8311, validation/loss=1.45632, validation/num_examples=3000
I0411 13:48:30.120125 140674188625088 spec.py:333] Evaluating on the training split.
I0411 13:48:31.375347 140674188625088 workload.py:200] Translating evaluation dataset.
I0411 13:52:03.312902 140674188625088 spec.py:346] Evaluating on the validation split.
I0411 13:52:04.235194 140674188625088 workload.py:200] Translating evaluation dataset.
I0411 13:54:55.167134 140674188625088 spec.py:363] Evaluating on the test split.
I0411 13:54:56.061758 140674188625088 workload.py:200] Translating evaluation dataset.
I0411 13:57:53.208085 140674188625088 submission_runner.py:516] Time since start: 41635.96s, 	Step: 169937, 	{'train/accuracy': 0.7193657755851746, 'train/loss': 1.2558634281158447, 'train/bleu': 36.997053802100076, 'validation/accuracy': 0.6820994019508362, 'validation/loss': 1.4563186168670654, 'validation/bleu': 29.831079047390674, 'validation/num_examples': 3000, 'test/accuracy': 0.6988902688026428, 'test/loss': 1.3579206466674805, 'test/bleu': 29.535251469301862, 'test/num_examples': 3003, 'score': 21308.045244932175, 'total_duration': 41635.956338882446, 'accumulated_submission_time': 21308.045244932175, 'accumulated_eval_time': 20324.621967554092, 'accumulated_logging_time': 1.8599317073822021}
I0411 13:57:53.256792 140509611763456 logging_writer.py:48] [169937] accumulated_eval_time=20324.6, accumulated_logging_time=1.85993, accumulated_submission_time=21308, global_step=169937, preemption_count=0, score=21308, test/accuracy=0.69889, test/bleu=29.5353, test/loss=1.35792, test/num_examples=3003, total_duration=41636, train/accuracy=0.719366, train/bleu=36.9971, train/loss=1.25586, validation/accuracy=0.682099, validation/bleu=29.8311, validation/loss=1.45632, validation/num_examples=3000
I0411 14:08:37.234665 140674188625088 spec.py:333] Evaluating on the training split.
I0411 14:08:38.488523 140674188625088 workload.py:200] Translating evaluation dataset.
I0411 14:12:10.967220 140674188625088 spec.py:346] Evaluating on the validation split.
I0411 14:12:11.892325 140674188625088 workload.py:200] Translating evaluation dataset.
I0411 14:15:02.418952 140674188625088 spec.py:363] Evaluating on the test split.
I0411 14:15:03.314011 140674188625088 workload.py:200] Translating evaluation dataset.
I0411 14:18:00.361400 140674188625088 submission_runner.py:516] Time since start: 42843.11s, 	Step: 175098, 	{'train/accuracy': 0.7162261009216309, 'train/loss': 1.2753185033798218, 'train/bleu': 37.09244145098822, 'validation/accuracy': 0.6820994019508362, 'validation/loss': 1.4563186168670654, 'validation/bleu': 29.831079047390674, 'validation/num_examples': 3000, 'test/accuracy': 0.6988902688026428, 'test/loss': 1.3579206466674805, 'test/bleu': 29.535251469301862, 'test/num_examples': 3003, 'score': 21951.972759246826, 'total_duration': 42843.109646081924, 'accumulated_submission_time': 21951.972759246826, 'accumulated_eval_time': 20887.748630046844, 'accumulated_logging_time': 1.9176344871520996}
I0411 14:18:00.411801 140508512777984 logging_writer.py:48] [175098] accumulated_eval_time=20887.7, accumulated_logging_time=1.91763, accumulated_submission_time=21952, global_step=175098, preemption_count=0, score=21952, test/accuracy=0.69889, test/bleu=29.5353, test/loss=1.35792, test/num_examples=3003, total_duration=42843.1, train/accuracy=0.716226, train/bleu=37.0924, train/loss=1.27532, validation/accuracy=0.682099, validation/bleu=29.8311, validation/loss=1.45632, validation/num_examples=3000
I0411 14:28:44.437203 140674188625088 spec.py:333] Evaluating on the training split.
I0411 14:28:45.695777 140674188625088 workload.py:200] Translating evaluation dataset.
I0411 14:32:34.842845 140674188625088 spec.py:346] Evaluating on the validation split.
I0411 14:32:35.773067 140674188625088 workload.py:200] Translating evaluation dataset.
I0411 14:35:26.238139 140674188625088 spec.py:363] Evaluating on the test split.
I0411 14:35:27.134164 140674188625088 workload.py:200] Translating evaluation dataset.
I0411 14:38:24.191092 140674188625088 submission_runner.py:516] Time since start: 44066.94s, 	Step: 180257, 	{'train/accuracy': 0.716403603553772, 'train/loss': 1.2703111171722412, 'train/bleu': 36.91049976705158, 'validation/accuracy': 0.6820994019508362, 'validation/loss': 1.4563186168670654, 'validation/bleu': 29.831079047390674, 'validation/num_examples': 3000, 'test/accuracy': 0.6988902688026428, 'test/loss': 1.3579206466674805, 'test/bleu': 29.535251469301862, 'test/num_examples': 3003, 'score': 22595.947208166122, 'total_duration': 44066.93934416771, 'accumulated_submission_time': 22595.947208166122, 'accumulated_eval_time': 21467.50245118141, 'accumulated_logging_time': 1.9772112369537354}
I0411 14:38:24.239415 140509594978048 logging_writer.py:48] [180257] accumulated_eval_time=21467.5, accumulated_logging_time=1.97721, accumulated_submission_time=22595.9, global_step=180257, preemption_count=0, score=22595.9, test/accuracy=0.69889, test/bleu=29.5353, test/loss=1.35792, test/num_examples=3003, total_duration=44066.9, train/accuracy=0.716404, train/bleu=36.9105, train/loss=1.27031, validation/accuracy=0.682099, validation/bleu=29.8311, validation/loss=1.45632, validation/num_examples=3000
I0411 14:49:08.281244 140674188625088 spec.py:333] Evaluating on the training split.
I0411 14:49:09.539947 140674188625088 workload.py:200] Translating evaluation dataset.
I0411 14:52:53.135928 140674188625088 spec.py:346] Evaluating on the validation split.
I0411 14:52:54.064075 140674188625088 workload.py:200] Translating evaluation dataset.
I0411 14:55:44.636452 140674188625088 spec.py:363] Evaluating on the test split.
I0411 14:55:45.531153 140674188625088 workload.py:200] Translating evaluation dataset.
I0411 14:58:42.969629 140674188625088 submission_runner.py:516] Time since start: 45285.72s, 	Step: 185417, 	{'train/accuracy': 0.7167067527770996, 'train/loss': 1.2693142890930176, 'train/bleu': 36.60455710669115, 'validation/accuracy': 0.6820994019508362, 'validation/loss': 1.4563186168670654, 'validation/bleu': 29.831079047390674, 'validation/num_examples': 3000, 'test/accuracy': 0.6988902688026428, 'test/loss': 1.3579206466674805, 'test/bleu': 29.535251469301862, 'test/num_examples': 3003, 'score': 23239.938108682632, 'total_duration': 45285.717880010605, 'accumulated_submission_time': 23239.938108682632, 'accumulated_eval_time': 22042.190767765045, 'accumulated_logging_time': 2.0346102714538574}
I0411 14:58:43.019895 140509628548864 logging_writer.py:48] [185417] accumulated_eval_time=22042.2, accumulated_logging_time=2.03461, accumulated_submission_time=23239.9, global_step=185417, preemption_count=0, score=23239.9, test/accuracy=0.69889, test/bleu=29.5353, test/loss=1.35792, test/num_examples=3003, total_duration=45285.7, train/accuracy=0.716707, train/bleu=36.6046, train/loss=1.26931, validation/accuracy=0.682099, validation/bleu=29.8311, validation/loss=1.45632, validation/num_examples=3000
I0411 15:09:26.996453 140674188625088 spec.py:333] Evaluating on the training split.
I0411 15:09:28.251023 140674188625088 workload.py:200] Translating evaluation dataset.
I0411 15:13:07.603418 140674188625088 spec.py:346] Evaluating on the validation split.
I0411 15:13:08.525433 140674188625088 workload.py:200] Translating evaluation dataset.
I0411 15:15:59.043966 140674188625088 spec.py:363] Evaluating on the test split.
I0411 15:15:59.937912 140674188625088 workload.py:200] Translating evaluation dataset.
I0411 15:18:57.191387 140674188625088 submission_runner.py:516] Time since start: 46499.94s, 	Step: 190576, 	{'train/accuracy': 0.7185443639755249, 'train/loss': 1.263344645500183, 'train/bleu': 36.8791976298923, 'validation/accuracy': 0.6820994019508362, 'validation/loss': 1.4563186168670654, 'validation/bleu': 29.831079047390674, 'validation/num_examples': 3000, 'test/accuracy': 0.6988902688026428, 'test/loss': 1.3579206466674805, 'test/bleu': 29.535251469301862, 'test/num_examples': 3003, 'score': 23883.86438536644, 'total_duration': 46499.939625024796, 'accumulated_submission_time': 23883.86438536644, 'accumulated_eval_time': 22612.385622262955, 'accumulated_logging_time': 2.0938868522644043}
I0411 15:18:57.243767 140509594978048 logging_writer.py:48] [190576] accumulated_eval_time=22612.4, accumulated_logging_time=2.09389, accumulated_submission_time=23883.9, global_step=190576, preemption_count=0, score=23883.9, test/accuracy=0.69889, test/bleu=29.5353, test/loss=1.35792, test/num_examples=3003, total_duration=46499.9, train/accuracy=0.718544, train/bleu=36.8792, train/loss=1.26334, validation/accuracy=0.682099, validation/bleu=29.8311, validation/loss=1.45632, validation/num_examples=3000
I0411 15:29:41.249855 140509603370752 logging_writer.py:48] [195736] global_step=195736, preemption_count=0, score=24527.8
I0411 15:29:41.267068 140674188625088 submission_runner.py:857] Final wmt score: 24527.788066148758
