torchrun --redirects 1:0,2:0,3:0 --standalone --nnodes=1 --nproc_per_node=4 submission_runner.py --framework=pytorch --workload=fastmri --submission_path=submissions_algorithms/submissions/self_tuning/schedule_free_adamw/submission.py --data_dir=/data/fastmri --experiment_dir=/experiment_runs --experiment_name=submissions_a100/schedule_free_adamw/study_1 --overwrite=True --save_checkpoints=False --rng_seed=-83311139 --torch_compile=true --tuning_ruleset=self 2>&1 | tee -a /logs/fastmri_pytorch_04-25-2026-21-56-46.log
W0425 21:57:07.141000 9 site-packages/torch/distributed/run.py:803] 
W0425 21:57:07.141000 9 site-packages/torch/distributed/run.py:803] *****************************************
W0425 21:57:07.141000 9 site-packages/torch/distributed/run.py:803] Setting OMP_NUM_THREADS environment variable for each process to be 1 in default, to avoid your system being overloaded, please further tune the variable for optimal performance in your application as needed. 
W0425 21:57:07.141000 9 site-packages/torch/distributed/run.py:803] *****************************************
2026-04-25 21:57:17.172531: E external/local_xla/xla/stream_executor/cuda/cuda_fft.cc:467] Unable to register cuFFT factory: Attempting to register factory for plugin cuFFT when one has already been registered
2026-04-25 21:57:17.172531: E external/local_xla/xla/stream_executor/cuda/cuda_fft.cc:467] Unable to register cuFFT factory: Attempting to register factory for plugin cuFFT when one has already been registered
2026-04-25 21:57:17.172531: E external/local_xla/xla/stream_executor/cuda/cuda_fft.cc:467] Unable to register cuFFT factory: Attempting to register factory for plugin cuFFT when one has already been registered
2026-04-25 21:57:17.172546: E external/local_xla/xla/stream_executor/cuda/cuda_fft.cc:467] Unable to register cuFFT factory: Attempting to register factory for plugin cuFFT when one has already been registered
WARNING: All log messages before absl::InitializeLog() is called are written to STDERR
WARNING: All log messages before absl::InitializeLog() is called are written to STDERR
WARNING: All log messages before absl::InitializeLog() is called are written to STDERR
WARNING: All log messages before absl::InitializeLog() is called are written to STDERR
E0000 00:00:1777154237.660943      41 cuda_dnn.cc:8579] Unable to register cuDNN factory: Attempting to register factory for plugin cuDNN when one has already been registered
E0000 00:00:1777154237.660945      40 cuda_dnn.cc:8579] Unable to register cuDNN factory: Attempting to register factory for plugin cuDNN when one has already been registered
E0000 00:00:1777154237.660946      38 cuda_dnn.cc:8579] Unable to register cuDNN factory: Attempting to register factory for plugin cuDNN when one has already been registered
E0000 00:00:1777154237.660942      39 cuda_dnn.cc:8579] Unable to register cuDNN factory: Attempting to register factory for plugin cuDNN when one has already been registered
E0000 00:00:1777154237.823547      41 cuda_blas.cc:1407] Unable to register cuBLAS factory: Attempting to register factory for plugin cuBLAS when one has already been registered
E0000 00:00:1777154237.823546      39 cuda_blas.cc:1407] Unable to register cuBLAS factory: Attempting to register factory for plugin cuBLAS when one has already been registered
E0000 00:00:1777154237.823546      38 cuda_blas.cc:1407] Unable to register cuBLAS factory: Attempting to register factory for plugin cuBLAS when one has already been registered
E0000 00:00:1777154237.823545      40 cuda_blas.cc:1407] Unable to register cuBLAS factory: Attempting to register factory for plugin cuBLAS when one has already been registered
W0000 00:00:1777154238.912052      39 computation_placer.cc:177] computation placer already registered. Please check linkage and avoid linking the same target more than once.
W0000 00:00:1777154238.912049      40 computation_placer.cc:177] computation placer already registered. Please check linkage and avoid linking the same target more than once.
W0000 00:00:1777154238.912049      41 computation_placer.cc:177] computation placer already registered. Please check linkage and avoid linking the same target more than once.
W0000 00:00:1777154238.912055      38 computation_placer.cc:177] computation placer already registered. Please check linkage and avoid linking the same target more than once.
W0000 00:00:1777154238.912088      40 computation_placer.cc:177] computation placer already registered. Please check linkage and avoid linking the same target more than once.
W0000 00:00:1777154238.912089      41 computation_placer.cc:177] computation placer already registered. Please check linkage and avoid linking the same target more than once.
W0000 00:00:1777154238.912089      38 computation_placer.cc:177] computation placer already registered. Please check linkage and avoid linking the same target more than once.
W0000 00:00:1777154238.912090      39 computation_placer.cc:177] computation placer already registered. Please check linkage and avoid linking the same target more than once.
W0000 00:00:1777154238.912091      40 computation_placer.cc:177] computation placer already registered. Please check linkage and avoid linking the same target more than once.
W0000 00:00:1777154238.912092      41 computation_placer.cc:177] computation placer already registered. Please check linkage and avoid linking the same target more than once.
W0000 00:00:1777154238.912092      38 computation_placer.cc:177] computation placer already registered. Please check linkage and avoid linking the same target more than once.
W0000 00:00:1777154238.912093      39 computation_placer.cc:177] computation placer already registered. Please check linkage and avoid linking the same target more than once.
W0000 00:00:1777154238.912093      40 computation_placer.cc:177] computation placer already registered. Please check linkage and avoid linking the same target more than once.
W0000 00:00:1777154238.912094      41 computation_placer.cc:177] computation placer already registered. Please check linkage and avoid linking the same target more than once.
W0000 00:00:1777154238.912095      38 computation_placer.cc:177] computation placer already registered. Please check linkage and avoid linking the same target more than once.
W0000 00:00:1777154238.912095      39 computation_placer.cc:177] computation placer already registered. Please check linkage and avoid linking the same target more than once.
W0000 00:00:1777154267.992396      39 gpu_device.cc:2341] Cannot dlopen some GPU libraries. Please make sure the missing libraries mentioned above are installed properly if you would like to use GPU. Follow the guide at https://www.tensorflow.org/install/gpu for how to download and setup the required libraries for your platform.
Skipping registering GPU devices...
W0000 00:00:1777154267.992401      38 gpu_device.cc:2341] Cannot dlopen some GPU libraries. Please make sure the missing libraries mentioned above are installed properly if you would like to use GPU. Follow the guide at https://www.tensorflow.org/install/gpu for how to download and setup the required libraries for your platform.
Skipping registering GPU devices...
W0000 00:00:1777154267.992397      41 gpu_device.cc:2341] Cannot dlopen some GPU libraries. Please make sure the missing libraries mentioned above are installed properly if you would like to use GPU. Follow the guide at https://www.tensorflow.org/install/gpu for how to download and setup the required libraries for your platform.
Skipping registering GPU devices...
W0000 00:00:1777154267.992393      40 gpu_device.cc:2341] Cannot dlopen some GPU libraries. Please make sure the missing libraries mentioned above are installed properly if you would like to use GPU. Follow the guide at https://www.tensorflow.org/install/gpu for how to download and setup the required libraries for your platform.
Skipping registering GPU devices...
/usr/local/lib/python3.11/site-packages/torch/__init__.py:1617: UserWarning: Please use the new API settings to control TF32 behavior, such as torch.backends.cudnn.conv.fp32_precision = 'tf32' or torch.backends.cuda.matmul.fp32_precision = 'ieee'. Old settings, e.g, torch.backends.cuda.matmul.allow_tf32 = True, torch.backends.cudnn.allow_tf32 = True, allowTF32CuDNN() and allowTF32CuBLAS() will be deprecated after Pytorch 2.9. Please see https://pytorch.org/docs/main/notes/cuda.html#tensorfloat-32-tf32-on-ampere-and-later-devices (Triggered internally at /pytorch/aten/src/ATen/Context.cpp:80.)
  _C._set_float32_matmul_precision(precision)
/usr/local/lib/python3.11/site-packages/torch/__init__.py:1617: UserWarning: Please use the new API settings to control TF32 behavior, such as torch.backends.cudnn.conv.fp32_precision = 'tf32' or torch.backends.cuda.matmul.fp32_precision = 'ieee'. Old settings, e.g, torch.backends.cuda.matmul.allow_tf32 = True, torch.backends.cudnn.allow_tf32 = True, allowTF32CuDNN() and allowTF32CuBLAS() will be deprecated after Pytorch 2.9. Please see https://pytorch.org/docs/main/notes/cuda.html#tensorfloat-32-tf32-on-ampere-and-later-devices (Triggered internally at /pytorch/aten/src/ATen/Context.cpp:80.)
  _C._set_float32_matmul_precision(precision)
/usr/local/lib/python3.11/site-packages/torch/__init__.py:1617: UserWarning: Please use the new API settings to control TF32 behavior, such as torch.backends.cudnn.conv.fp32_precision = 'tf32' or torch.backends.cuda.matmul.fp32_precision = 'ieee'. Old settings, e.g, torch.backends.cuda.matmul.allow_tf32 = True, torch.backends.cudnn.allow_tf32 = True, allowTF32CuDNN() and allowTF32CuBLAS() will be deprecated after Pytorch 2.9. Please see https://pytorch.org/docs/main/notes/cuda.html#tensorfloat-32-tf32-on-ampere-and-later-devices (Triggered internally at /pytorch/aten/src/ATen/Context.cpp:80.)
  _C._set_float32_matmul_precision(precision)
/usr/local/lib/python3.11/site-packages/torch/__init__.py:1617: UserWarning: Please use the new API settings to control TF32 behavior, such as torch.backends.cudnn.conv.fp32_precision = 'tf32' or torch.backends.cuda.matmul.fp32_precision = 'ieee'. Old settings, e.g, torch.backends.cuda.matmul.allow_tf32 = True, torch.backends.cudnn.allow_tf32 = True, allowTF32CuDNN() and allowTF32CuBLAS() will be deprecated after Pytorch 2.9. Please see https://pytorch.org/docs/main/notes/cuda.html#tensorfloat-32-tf32-on-ampere-and-later-devices (Triggered internally at /pytorch/aten/src/ATen/Context.cpp:80.)
  _C._set_float32_matmul_precision(precision)
/usr/local/lib/python3.11/site-packages/pydantic/_internal/_generate_schema.py:2249: UnsupportedFieldAttributeWarning: The 'repr' attribute with value False was provided to the `Field()` function, which has no effect in the context it was used. 'repr' is field-specific metadata, and can only be attached to a model field using `Annotated` metadata or by assignment. This may have happened because an `Annotated` type alias using the `type` statement was used, or if the `Field()` function was attached to a single member of a union type.
  warnings.warn(
/usr/local/lib/python3.11/site-packages/pydantic/_internal/_generate_schema.py:2249: UnsupportedFieldAttributeWarning: The 'repr' attribute with value False was provided to the `Field()` function, which has no effect in the context it was used. 'repr' is field-specific metadata, and can only be attached to a model field using `Annotated` metadata or by assignment. This may have happened because an `Annotated` type alias using the `type` statement was used, or if the `Field()` function was attached to a single member of a union type.
  warnings.warn(
/usr/local/lib/python3.11/site-packages/pydantic/_internal/_generate_schema.py:2249: UnsupportedFieldAttributeWarning: The 'repr' attribute with value False was provided to the `Field()` function, which has no effect in the context it was used. 'repr' is field-specific metadata, and can only be attached to a model field using `Annotated` metadata or by assignment. This may have happened because an `Annotated` type alias using the `type` statement was used, or if the `Field()` function was attached to a single member of a union type.
  warnings.warn(
/usr/local/lib/python3.11/site-packages/pydantic/_internal/_generate_schema.py:2249: UnsupportedFieldAttributeWarning: The 'repr' attribute with value False was provided to the `Field()` function, which has no effect in the context it was used. 'repr' is field-specific metadata, and can only be attached to a model field using `Annotated` metadata or by assignment. This may have happened because an `Annotated` type alias using the `type` statement was used, or if the `Field()` function was attached to a single member of a union type.
  warnings.warn(
/usr/local/lib/python3.11/site-packages/pydantic/_internal/_generate_schema.py:2249: UnsupportedFieldAttributeWarning: The 'frozen' attribute with value True was provided to the `Field()` function, which has no effect in the context it was used. 'frozen' is field-specific metadata, and can only be attached to a model field using `Annotated` metadata or by assignment. This may have happened because an `Annotated` type alias using the `type` statement was used, or if the `Field()` function was attached to a single member of a union type.
  warnings.warn(
/usr/local/lib/python3.11/site-packages/pydantic/_internal/_generate_schema.py:2249: UnsupportedFieldAttributeWarning: The 'frozen' attribute with value True was provided to the `Field()` function, which has no effect in the context it was used. 'frozen' is field-specific metadata, and can only be attached to a model field using `Annotated` metadata or by assignment. This may have happened because an `Annotated` type alias using the `type` statement was used, or if the `Field()` function was attached to a single member of a union type.
  warnings.warn(
/usr/local/lib/python3.11/site-packages/pydantic/_internal/_generate_schema.py:2249: UnsupportedFieldAttributeWarning: The 'frozen' attribute with value True was provided to the `Field()` function, which has no effect in the context it was used. 'frozen' is field-specific metadata, and can only be attached to a model field using `Annotated` metadata or by assignment. This may have happened because an `Annotated` type alias using the `type` statement was used, or if the `Field()` function was attached to a single member of a union type.
  warnings.warn(
/usr/local/lib/python3.11/site-packages/pydantic/_internal/_generate_schema.py:2249: UnsupportedFieldAttributeWarning: The 'frozen' attribute with value True was provided to the `Field()` function, which has no effect in the context it was used. 'frozen' is field-specific metadata, and can only be attached to a model field using `Annotated` metadata or by assignment. This may have happened because an `Annotated` type alias using the `type` statement was used, or if the `Field()` function was attached to a single member of a union type.
  warnings.warn(
I0425 21:58:04.533673 139781396292800 logger_utils.py:59] Removing existing experiment directory /experiment_runs/submissions_a100/schedule_free_adamw/study_1/fastmri_pytorch because --overwrite was set.
I0425 21:58:04.533677 140302057583808 logger_utils.py:59] Removing existing experiment directory /experiment_runs/submissions_a100/schedule_free_adamw/study_1/fastmri_pytorch because --overwrite was set.
I0425 21:58:04.533668 140650402071744 logger_utils.py:59] Removing existing experiment directory /experiment_runs/submissions_a100/schedule_free_adamw/study_1/fastmri_pytorch because --overwrite was set.
I0425 21:58:04.533672 139680614896832 logger_utils.py:59] Removing existing experiment directory /experiment_runs/submissions_a100/schedule_free_adamw/study_1/fastmri_pytorch because --overwrite was set.
/usr/local/lib/python3.11/site-packages/torch/distributed/distributed_c10d.py:4876: UserWarning: barrier(): using the device under current context. You can specify `device_id` in `init_process_group` to mute this warning.
  warnings.warn(  # warn only once
[rank0]:[W425 21:58:04.924471528 ProcessGroupNCCL.cpp:5068] Guessing device ID based on global rank. This can cause a hang if rank to GPU mapping is heterogeneous. You can specify device_id in init_process_group()
I0425 21:58:06.498573 140302057583808 logger_utils.py:84] Creating experiment directory at /experiment_runs/submissions_a100/schedule_free_adamw/study_1/fastmri_pytorch.
I0425 21:58:06.498573 139781396292800 logger_utils.py:84] Creating experiment directory at /experiment_runs/submissions_a100/schedule_free_adamw/study_1/fastmri_pytorch.
I0425 21:58:06.498572 139680614896832 logger_utils.py:84] Creating experiment directory at /experiment_runs/submissions_a100/schedule_free_adamw/study_1/fastmri_pytorch.
I0425 21:58:06.498608 140650402071744 logger_utils.py:84] Creating experiment directory at /experiment_runs/submissions_a100/schedule_free_adamw/study_1/fastmri_pytorch.
I0425 21:58:06.801941 140650402071744 submission_runner.py:741] Creating directory at /experiment_runs/submissions_a100/schedule_free_adamw/study_1/fastmri_pytorch/trial_1.
I0425 21:58:07.127376 140650402071744 submission_runner.py:242] Initializing dataset.
I0425 21:58:07.127560 140650402071744 submission_runner.py:251] Initializing model.
I0425 21:58:07.961045 140650402071744 submission_runner.py:290] Performing `torch.compile`.
I0425 21:58:11.254741 140650402071744 submission_runner.py:294] Initializing optimizer.
I0425 21:58:11.255282 140650402071744 submission_runner.py:299] Initializing metrics bundle.
I0425 21:58:11.255455 140650402071744 submission_runner.py:321] Initializing checkpoint and logger.
I0425 21:58:11.259225 140650402071744 submission_runner.py:344] Saving meta data to /experiment_runs/submissions_a100/schedule_free_adamw/study_1/fastmri_pytorch/trial_1/meta_data_0.json.
I0425 21:58:11.259282 139781396292800 logger_utils.py:283] Unable to record workload.train_mean information. Continuing without it.
I0425 21:58:11.259290 139680614896832 logger_utils.py:283] Unable to record workload.train_mean information. Continuing without it.
I0425 21:58:11.259298 140302057583808 logger_utils.py:283] Unable to record workload.train_mean information. Continuing without it.
I0425 21:58:11.259422 140650402071744 logger_utils.py:283] Unable to record workload.train_mean information. Continuing without it.
I0425 21:58:11.259438 139680614896832 logger_utils.py:283] Unable to record workload.train_stddev information. Continuing without it.
I0425 21:58:11.259439 139781396292800 logger_utils.py:283] Unable to record workload.train_stddev information. Continuing without it.
I0425 21:58:11.259445 140302057583808 logger_utils.py:283] Unable to record workload.train_stddev information. Continuing without it.
I0425 21:58:11.259481 140650402071744 logger_utils.py:283] Unable to record workload.train_stddev information. Continuing without it.
I0425 21:58:11.757360 140650402071744 submission_runner.py:348] Saving flags to /experiment_runs/submissions_a100/schedule_free_adamw/study_1/fastmri_pytorch/trial_1/flags_0.json.
I0425 21:58:11.934174 140650402071744 submission_runner.py:359] Starting training loop.
WARNING:tensorflow:AutoGraph could not transform <function array at 0x7feba6ddc220> and will run it as-is.
Please report this to the TensorFlow team. When filing the bug, set the verbosity to 10 (on Linux, `export AUTOGRAPH_VERBOSITY=10`) and attach the full output.
Cause: (<gast.gast.NamedExpr object at 0x7fe914369570>, (leaf_jax_array := getattr(leaf, '__jax_array__', None)))
To silence this warning, decorate the function with @tf.autograph.experimental.do_not_convert
W0425 21:58:13.994298 140650402071744 ag_logging.py:142] AutoGraph could not transform <function array at 0x7feba6ddc220> and will run it as-is.
Please report this to the TensorFlow team. When filing the bug, set the verbosity to 10 (on Linux, `export AUTOGRAPH_VERBOSITY=10`) and attach the full output.
Cause: (<gast.gast.NamedExpr object at 0x7fe914369570>, (leaf_jax_array := getattr(leaf, '__jax_array__', None)))
To silence this warning, decorate the function with @tf.autograph.experimental.do_not_convert
WARNING:tensorflow:AutoGraph could not transform <function standard_insert_pvary at 0x7feba7a64f40> and will run it as-is.
Please report this to the TensorFlow team. When filing the bug, set the verbosity to 10 (on Linux, `export AUTOGRAPH_VERBOSITY=10`) and attach the full output.
Cause: (<gast.gast.NamedExpr object at 0x7fe914368c70>, (aval := get_aval(a)))
To silence this warning, decorate the function with @tf.autograph.experimental.do_not_convert
W0425 21:58:16.217257 140650402071744 ag_logging.py:142] AutoGraph could not transform <function standard_insert_pvary at 0x7feba7a64f40> and will run it as-is.
Please report this to the TensorFlow team. When filing the bug, set the verbosity to 10 (on Linux, `export AUTOGRAPH_VERBOSITY=10`) and attach the full output.
Cause: (<gast.gast.NamedExpr object at 0x7fe914368c70>, (aval := get_aval(a)))
To silence this warning, decorate the function with @tf.autograph.experimental.do_not_convert
[rank1]:W0425 22:00:24.235000 39 site-packages/torch/_logging/_internal.py:1199] [0/0] Profiler function <class 'torch.autograd.profiler.record_function'> will be ignored
[rank2]:W0425 22:00:24.235000 40 site-packages/torch/_logging/_internal.py:1199] [0/0] Profiler function <class 'torch.autograd.profiler.record_function'> will be ignored
[rank3]:W0425 22:00:24.235000 41 site-packages/torch/_logging/_internal.py:1199] [0/0] Profiler function <class 'torch.autograd.profiler.record_function'> will be ignored
[rank0]:W0425 22:00:24.234000 38 site-packages/torch/_logging/_internal.py:1199] [0/0] Profiler function <class 'torch.autograd.profiler.record_function'> will be ignored
I0425 22:01:42.203398 140650402071744 spec.py:333] Evaluating on the training split.
[rank0]:W0425 22:03:26.292000 38 site-packages/torch/_dynamo/convert_frame.py:1358] [5/8] torch._dynamo hit config.recompile_limit (8)
[rank0]:W0425 22:03:26.292000 38 site-packages/torch/_dynamo/convert_frame.py:1358] [5/8]    function: 'forward' (/algorithmic-efficiency/algoperf/workloads/fastmri/fastmri_pytorch/models.py:139)
[rank0]:W0425 22:03:26.292000 38 site-packages/torch/_dynamo/convert_frame.py:1358] [5/8]    last reason: 5/7: GLOBAL_STATE changed: grad_mode 
[rank0]:W0425 22:03:26.292000 38 site-packages/torch/_dynamo/convert_frame.py:1358] [5/8] To log all recompilation reasons, use TORCH_LOGS="recompiles".
[rank0]:W0425 22:03:26.292000 38 site-packages/torch/_dynamo/convert_frame.py:1358] [5/8] To diagnose recompilation issues, see https://pytorch.org/docs/main/torch.compiler_troubleshooting.html
[rank3]:W0425 22:03:26.295000 41 site-packages/torch/_dynamo/convert_frame.py:1358] [5/8] torch._dynamo hit config.recompile_limit (8)
[rank3]:W0425 22:03:26.295000 41 site-packages/torch/_dynamo/convert_frame.py:1358] [5/8]    function: 'forward' (/algorithmic-efficiency/algoperf/workloads/fastmri/fastmri_pytorch/models.py:139)
[rank3]:W0425 22:03:26.295000 41 site-packages/torch/_dynamo/convert_frame.py:1358] [5/8]    last reason: 5/7: GLOBAL_STATE changed: grad_mode 
[rank3]:W0425 22:03:26.295000 41 site-packages/torch/_dynamo/convert_frame.py:1358] [5/8] To log all recompilation reasons, use TORCH_LOGS="recompiles".
[rank3]:W0425 22:03:26.295000 41 site-packages/torch/_dynamo/convert_frame.py:1358] [5/8] To diagnose recompilation issues, see https://pytorch.org/docs/main/torch.compiler_troubleshooting.html
[rank1]:W0425 22:03:26.327000 39 site-packages/torch/_dynamo/convert_frame.py:1358] [5/8] torch._dynamo hit config.recompile_limit (8)
[rank1]:W0425 22:03:26.327000 39 site-packages/torch/_dynamo/convert_frame.py:1358] [5/8]    function: 'forward' (/algorithmic-efficiency/algoperf/workloads/fastmri/fastmri_pytorch/models.py:139)
[rank1]:W0425 22:03:26.327000 39 site-packages/torch/_dynamo/convert_frame.py:1358] [5/8]    last reason: 5/7: GLOBAL_STATE changed: grad_mode 
[rank1]:W0425 22:03:26.327000 39 site-packages/torch/_dynamo/convert_frame.py:1358] [5/8] To log all recompilation reasons, use TORCH_LOGS="recompiles".
[rank1]:W0425 22:03:26.327000 39 site-packages/torch/_dynamo/convert_frame.py:1358] [5/8] To diagnose recompilation issues, see https://pytorch.org/docs/main/torch.compiler_troubleshooting.html
[rank2]:W0425 22:03:26.328000 40 site-packages/torch/_dynamo/convert_frame.py:1358] [5/8] torch._dynamo hit config.recompile_limit (8)
[rank2]:W0425 22:03:26.328000 40 site-packages/torch/_dynamo/convert_frame.py:1358] [5/8]    function: 'forward' (/algorithmic-efficiency/algoperf/workloads/fastmri/fastmri_pytorch/models.py:139)
[rank2]:W0425 22:03:26.328000 40 site-packages/torch/_dynamo/convert_frame.py:1358] [5/8]    last reason: 5/7: GLOBAL_STATE changed: grad_mode 
[rank2]:W0425 22:03:26.328000 40 site-packages/torch/_dynamo/convert_frame.py:1358] [5/8] To log all recompilation reasons, use TORCH_LOGS="recompiles".
[rank2]:W0425 22:03:26.328000 40 site-packages/torch/_dynamo/convert_frame.py:1358] [5/8] To diagnose recompilation issues, see https://pytorch.org/docs/main/torch.compiler_troubleshooting.html
I0425 22:04:49.546176 140650402071744 spec.py:346] Evaluating on the validation split.
I0425 22:06:42.222016 140650402071744 spec.py:363] Evaluating on the test split.
I0425 22:08:07.519463 140650402071744 submission_runner.py:516] Time since start: 595.59s, 	Step: 1, 	{'train/ssim': 0.25593137741088867, 'train/loss': 0.9181669780186245, 'validation/ssim': 0.24601636552783834, 'validation/loss': 0.9300565274162915, 'validation/num_examples': 3554, 'test/ssim': 0.269798570689926, 'test/loss': 0.9260998395394093, 'test/num_examples': 3581, 'score': 209.62089681625366, 'total_duration': 595.5854053497314, 'accumulated_submission_time': 209.62089681625366, 'accumulated_eval_time': 385.3162007331848, 'accumulated_logging_time': 0}
I0425 22:08:07.601790 140575629571840 logging_writer.py:48] [1] accumulated_eval_time=385.316, accumulated_logging_time=0, accumulated_submission_time=209.621, global_step=1, preemption_count=0, score=209.621, test/loss=0.9261, test/num_examples=3581, test/ssim=0.269799, total_duration=595.585, train/loss=0.918167, train/ssim=0.255931, validation/loss=0.930057, validation/num_examples=3554, validation/ssim=0.246016
I0425 22:09:58.816502 140650402071744 spec.py:333] Evaluating on the training split.
I0425 22:10:00.770837 140650402071744 spec.py:346] Evaluating on the validation split.
I0425 22:10:02.787573 140650402071744 spec.py:363] Evaluating on the test split.
I0425 22:10:04.797565 140650402071744 submission_runner.py:516] Time since start: 712.86s, 	Step: 643, 	{'train/ssim': 0.7305870737348285, 'train/loss': 0.285064629146031, 'validation/ssim': 0.7069088362144766, 'validation/loss': 0.3027486291304692, 'validation/num_examples': 3554, 'test/ssim': 0.724271764172019, 'test/loss': 0.30488626905674043, 'test/num_examples': 3581, 'score': 319.09749150276184, 'total_duration': 712.863600730896, 'accumulated_submission_time': 319.09749150276184, 'accumulated_eval_time': 391.297327041626, 'accumulated_logging_time': 0.3206825256347656}
I0425 22:10:04.838661 140575621179136 logging_writer.py:48] [643] accumulated_eval_time=391.297, accumulated_logging_time=0.320683, accumulated_submission_time=319.097, global_step=643, preemption_count=0, score=319.097, test/loss=0.304886, test/num_examples=3581, test/ssim=0.724272, total_duration=712.864, train/loss=0.285065, train/ssim=0.730587, validation/loss=0.302749, validation/num_examples=3554, validation/ssim=0.706909
I0425 22:11:56.181555 140650402071744 spec.py:333] Evaluating on the training split.
I0425 22:11:58.127479 140650402071744 spec.py:346] Evaluating on the validation split.
I0425 22:12:00.144720 140650402071744 spec.py:363] Evaluating on the test split.
I0425 22:12:02.122945 140650402071744 submission_runner.py:516] Time since start: 830.19s, 	Step: 952, 	{'train/ssim': 0.7345339911324638, 'train/loss': 0.28077285630362375, 'validation/ssim': 0.710827313854108, 'validation/loss': 0.29855939170652784, 'validation/num_examples': 3554, 'test/ssim': 0.7281304268622592, 'test/loss': 0.30053547313512285, 'test/num_examples': 3581, 'score': 429.2442009449005, 'total_duration': 830.1889977455139, 'accumulated_submission_time': 429.2442009449005, 'accumulated_eval_time': 397.2388198375702, 'accumulated_logging_time': 0.37110304832458496}
I0425 22:12:02.165778 140575629571840 logging_writer.py:48] [952] accumulated_eval_time=397.239, accumulated_logging_time=0.371103, accumulated_submission_time=429.244, global_step=952, preemption_count=0, score=429.244, test/loss=0.300535, test/num_examples=3581, test/ssim=0.72813, total_duration=830.189, train/loss=0.280773, train/ssim=0.734534, validation/loss=0.298559, validation/num_examples=3554, validation/ssim=0.710827
I0425 22:13:52.886252 140650402071744 spec.py:333] Evaluating on the training split.
I0425 22:13:54.827746 140650402071744 spec.py:346] Evaluating on the validation split.
I0425 22:13:56.838838 140650402071744 spec.py:363] Evaluating on the test split.
I0425 22:13:58.814495 140650402071744 submission_runner.py:516] Time since start: 946.88s, 	Step: 1241, 	{'train/ssim': 0.7370945385524205, 'train/loss': 0.2781086819512503, 'validation/ssim': 0.7131432150613745, 'validation/loss': 0.2961225879950408, 'validation/num_examples': 3554, 'test/ssim': 0.7304746813695546, 'test/loss': 0.2979447940846656, 'test/num_examples': 3581, 'score': 538.7806842327118, 'total_duration': 946.8805568218231, 'accumulated_submission_time': 538.7806842327118, 'accumulated_eval_time': 403.1671528816223, 'accumulated_logging_time': 0.42345285415649414}
I0425 22:13:58.854645 140575621179136 logging_writer.py:48] [1241] accumulated_eval_time=403.167, accumulated_logging_time=0.423453, accumulated_submission_time=538.781, global_step=1241, preemption_count=0, score=538.781, test/loss=0.297945, test/num_examples=3581, test/ssim=0.730475, total_duration=946.881, train/loss=0.278109, train/ssim=0.737095, validation/loss=0.296123, validation/num_examples=3554, validation/ssim=0.713143
I0425 22:15:49.968389 140650402071744 spec.py:333] Evaluating on the training split.
I0425 22:15:51.924456 140650402071744 spec.py:346] Evaluating on the validation split.
I0425 22:15:53.925687 140650402071744 spec.py:363] Evaluating on the test split.
I0425 22:15:55.916366 140650402071744 submission_runner.py:516] Time since start: 1063.98s, 	Step: 1526, 	{'train/ssim': 0.7390180315290179, 'train/loss': 0.2762167113167899, 'validation/ssim': 0.7151480670986916, 'validation/loss': 0.2942756992011642, 'validation/num_examples': 3554, 'test/ssim': 0.7324198297001536, 'test/loss': 0.29605981165788187, 'test/num_examples': 3581, 'score': 648.7196238040924, 'total_duration': 1063.9824273586273, 'accumulated_submission_time': 648.7196238040924, 'accumulated_eval_time': 409.11521315574646, 'accumulated_logging_time': 0.47293591499328613}
I0425 22:15:55.956493 140575629571840 logging_writer.py:48] [1526] accumulated_eval_time=409.115, accumulated_logging_time=0.472936, accumulated_submission_time=648.72, global_step=1526, preemption_count=0, score=648.72, test/loss=0.29606, test/num_examples=3581, test/ssim=0.73242, total_duration=1063.98, train/loss=0.276217, train/ssim=0.739018, validation/loss=0.294276, validation/num_examples=3554, validation/ssim=0.715148
I0425 22:17:46.475040 140650402071744 spec.py:333] Evaluating on the training split.
I0425 22:17:48.423209 140650402071744 spec.py:346] Evaluating on the validation split.
I0425 22:17:50.439119 140650402071744 spec.py:363] Evaluating on the test split.
I0425 22:17:52.449037 140650402071744 submission_runner.py:516] Time since start: 1180.52s, 	Step: 1810, 	{'train/ssim': 0.7403139386858258, 'train/loss': 0.2748587982995169, 'validation/ssim': 0.7163308508019134, 'validation/loss': 0.29305856819560705, 'validation/num_examples': 3554, 'test/ssim': 0.7335973088217328, 'test/loss': 0.2947823855504747, 'test/num_examples': 3581, 'score': 758.0541276931763, 'total_duration': 1180.5150995254517, 'accumulated_submission_time': 758.0541276931763, 'accumulated_eval_time': 415.08970618247986, 'accumulated_logging_time': 0.5229940414428711}
I0425 22:17:52.489474 140575621179136 logging_writer.py:48] [1810] accumulated_eval_time=415.09, accumulated_logging_time=0.522994, accumulated_submission_time=758.054, global_step=1810, preemption_count=0, score=758.054, test/loss=0.294782, test/num_examples=3581, test/ssim=0.733597, total_duration=1180.52, train/loss=0.274859, train/ssim=0.740314, validation/loss=0.293059, validation/num_examples=3554, validation/ssim=0.716331
I0425 22:19:42.996804 140650402071744 spec.py:333] Evaluating on the training split.
I0425 22:19:44.894905 140650402071744 spec.py:346] Evaluating on the validation split.
I0425 22:19:46.853452 140650402071744 spec.py:363] Evaluating on the test split.
I0425 22:19:48.806974 140650402071744 submission_runner.py:516] Time since start: 1296.87s, 	Step: 3667, 	{'train/ssim': 0.7449156897408622, 'train/loss': 0.2703675201960972, 'validation/ssim': 0.720376550849395, 'validation/loss': 0.28916327498505207, 'validation/num_examples': 3554, 'test/ssim': 0.7377222695519757, 'test/loss': 0.2906662877862329, 'test/num_examples': 3581, 'score': 866.9446563720703, 'total_duration': 1296.8730375766754, 'accumulated_submission_time': 866.9446563720703, 'accumulated_eval_time': 420.9000082015991, 'accumulated_logging_time': 0.5725586414337158}
I0425 22:19:48.845322 140575629571840 logging_writer.py:48] [3667] accumulated_eval_time=420.9, accumulated_logging_time=0.572559, accumulated_submission_time=866.945, global_step=3667, preemption_count=0, score=866.945, test/loss=0.290666, test/num_examples=3581, test/ssim=0.737722, total_duration=1296.87, train/loss=0.270368, train/ssim=0.744916, validation/loss=0.289163, validation/num_examples=3554, validation/ssim=0.720377
I0425 22:21:39.362891 140650402071744 spec.py:333] Evaluating on the training split.
I0425 22:21:41.254218 140650402071744 spec.py:346] Evaluating on the validation split.
I0425 22:21:43.213734 140650402071744 spec.py:363] Evaluating on the test split.
I0425 22:21:45.172255 140650402071744 submission_runner.py:516] Time since start: 1413.24s, 	Step: 6940, 	{'train/ssim': 0.748042174748012, 'train/loss': 0.2677873032433646, 'validation/ssim': 0.7230414893429938, 'validation/loss': 0.2870372113177933, 'validation/num_examples': 3554, 'test/ssim': 0.7403566839308154, 'test/loss': 0.2884347293004747, 'test/num_examples': 3581, 'score': 975.4783685207367, 'total_duration': 1413.2383136749268, 'accumulated_submission_time': 975.4783685207367, 'accumulated_eval_time': 426.7094647884369, 'accumulated_logging_time': 0.6198492050170898}
I0425 22:21:45.211639 140575621179136 logging_writer.py:48] [6940] accumulated_eval_time=426.709, accumulated_logging_time=0.619849, accumulated_submission_time=975.478, global_step=6940, preemption_count=0, score=975.478, test/loss=0.288435, test/num_examples=3581, test/ssim=0.740357, total_duration=1413.24, train/loss=0.267787, train/ssim=0.748042, validation/loss=0.287037, validation/num_examples=3554, validation/ssim=0.723041
I0425 22:23:35.732634 140650402071744 spec.py:333] Evaluating on the training split.
I0425 22:23:37.630574 140650402071744 spec.py:346] Evaluating on the validation split.
I0425 22:23:39.588871 140650402071744 spec.py:363] Evaluating on the test split.
I0425 22:23:41.545562 140650402071744 submission_runner.py:516] Time since start: 1529.61s, 	Step: 10212, 	{'train/ssim': 0.7493741852896554, 'train/loss': 0.26673572404044016, 'validation/ssim': 0.7241639591833146, 'validation/loss': 0.28617584966982623, 'validation/num_examples': 3554, 'test/ssim': 0.7414715768770944, 'test/loss': 0.28754788728707065, 'test/num_examples': 3581, 'score': 1084.0098059177399, 'total_duration': 1529.6115934848785, 'accumulated_submission_time': 1084.0098059177399, 'accumulated_eval_time': 432.52244901657104, 'accumulated_logging_time': 0.6682956218719482}
I0425 22:23:41.584118 140575629571840 logging_writer.py:48] [10212] accumulated_eval_time=432.522, accumulated_logging_time=0.668296, accumulated_submission_time=1084.01, global_step=10212, preemption_count=0, score=1084.01, test/loss=0.287548, test/num_examples=3581, test/ssim=0.741472, total_duration=1529.61, train/loss=0.266736, train/ssim=0.749374, validation/loss=0.286176, validation/num_examples=3554, validation/ssim=0.724164
I0425 22:23:42.144950 140575621179136 logging_writer.py:48] [10212] global_step=10212, preemption_count=0, score=1084.01
I0425 22:23:42.293029 140650402071744 submission_runner.py:857] Final fastmri score: 1084.0098059177399
