torchrun --redirects 1:0,2:0,3:0 --standalone --nnodes=1 --nproc_per_node=4 submission_runner.py --framework=pytorch --workload=imagenet_resnet --submission_path=submissions_algorithms/submissions/self_tuning/schedule_free_adamw_v2/submission.py --data_dir=/data/imagenet/pytorch --experiment_dir=/experiment_runs --experiment_name=submissions_a100/schedule_free_adamw_v2/study_1 --overwrite=True --save_checkpoints=False --rng_seed=1817854770 --imagenet_v2_data_dir=/data/imagenet/pytorch --torch_compile=true --tuning_ruleset=self 2>&1 | tee -a /logs/imagenet_resnet_pytorch_03-11-2026-07-29-39.log
W0311 07:29:52.744000 48 site-packages/torch/distributed/run.py:803] 
W0311 07:29:52.744000 48 site-packages/torch/distributed/run.py:803] *****************************************
W0311 07:29:52.744000 48 site-packages/torch/distributed/run.py:803] Setting OMP_NUM_THREADS environment variable for each process to be 1 in default, to avoid your system being overloaded, please further tune the variable for optimal performance in your application as needed. 
W0311 07:29:52.744000 48 site-packages/torch/distributed/run.py:803] *****************************************
2026-03-11 07:29:59.624887: E external/local_xla/xla/stream_executor/cuda/cuda_fft.cc:467] Unable to register cuFFT factory: Attempting to register factory for plugin cuFFT when one has already been registered
2026-03-11 07:29:59.624887: E external/local_xla/xla/stream_executor/cuda/cuda_fft.cc:467] Unable to register cuFFT factory: Attempting to register factory for plugin cuFFT when one has already been registered
2026-03-11 07:29:59.624887: E external/local_xla/xla/stream_executor/cuda/cuda_fft.cc:467] Unable to register cuFFT factory: Attempting to register factory for plugin cuFFT when one has already been registered
2026-03-11 07:29:59.624887: E external/local_xla/xla/stream_executor/cuda/cuda_fft.cc:467] Unable to register cuFFT factory: Attempting to register factory for plugin cuFFT when one has already been registered
WARNING: All log messages before absl::InitializeLog() is called are written to STDERR
WARNING: All log messages before absl::InitializeLog() is called are written to STDERR
WARNING: All log messages before absl::InitializeLog() is called are written to STDERR
WARNING: All log messages before absl::InitializeLog() is called are written to STDERR
E0000 00:00:1773214199.910185      79 cuda_dnn.cc:8579] Unable to register cuDNN factory: Attempting to register factory for plugin cuDNN when one has already been registered
E0000 00:00:1773214199.910187      77 cuda_dnn.cc:8579] Unable to register cuDNN factory: Attempting to register factory for plugin cuDNN when one has already been registered
E0000 00:00:1773214199.910188      80 cuda_dnn.cc:8579] Unable to register cuDNN factory: Attempting to register factory for plugin cuDNN when one has already been registered
E0000 00:00:1773214199.910186      78 cuda_dnn.cc:8579] Unable to register cuDNN factory: Attempting to register factory for plugin cuDNN when one has already been registered
E0000 00:00:1773214199.963153      78 cuda_blas.cc:1407] Unable to register cuBLAS factory: Attempting to register factory for plugin cuBLAS when one has already been registered
E0000 00:00:1773214199.963151      79 cuda_blas.cc:1407] Unable to register cuBLAS factory: Attempting to register factory for plugin cuBLAS when one has already been registered
E0000 00:00:1773214199.963151      77 cuda_blas.cc:1407] Unable to register cuBLAS factory: Attempting to register factory for plugin cuBLAS when one has already been registered
E0000 00:00:1773214199.963151      80 cuda_blas.cc:1407] Unable to register cuBLAS factory: Attempting to register factory for plugin cuBLAS when one has already been registered
W0000 00:00:1773214200.906081      78 computation_placer.cc:177] computation placer already registered. Please check linkage and avoid linking the same target more than once.
W0000 00:00:1773214200.906081      80 computation_placer.cc:177] computation placer already registered. Please check linkage and avoid linking the same target more than once.
W0000 00:00:1773214200.906081      79 computation_placer.cc:177] computation placer already registered. Please check linkage and avoid linking the same target more than once.
W0000 00:00:1773214200.906081      77 computation_placer.cc:177] computation placer already registered. Please check linkage and avoid linking the same target more than once.
W0000 00:00:1773214200.906120      79 computation_placer.cc:177] computation placer already registered. Please check linkage and avoid linking the same target more than once.
W0000 00:00:1773214200.906120      80 computation_placer.cc:177] computation placer already registered. Please check linkage and avoid linking the same target more than once.
W0000 00:00:1773214200.906120      77 computation_placer.cc:177] computation placer already registered. Please check linkage and avoid linking the same target more than once.
W0000 00:00:1773214200.906123      79 computation_placer.cc:177] computation placer already registered. Please check linkage and avoid linking the same target more than once.
W0000 00:00:1773214200.906123      80 computation_placer.cc:177] computation placer already registered. Please check linkage and avoid linking the same target more than once.
W0000 00:00:1773214200.906124      77 computation_placer.cc:177] computation placer already registered. Please check linkage and avoid linking the same target more than once.
W0000 00:00:1773214200.906123      78 computation_placer.cc:177] computation placer already registered. Please check linkage and avoid linking the same target more than once.
W0000 00:00:1773214200.906125      79 computation_placer.cc:177] computation placer already registered. Please check linkage and avoid linking the same target more than once.
W0000 00:00:1773214200.906126      80 computation_placer.cc:177] computation placer already registered. Please check linkage and avoid linking the same target more than once.
W0000 00:00:1773214200.906127      77 computation_placer.cc:177] computation placer already registered. Please check linkage and avoid linking the same target more than once.
W0000 00:00:1773214200.906127      78 computation_placer.cc:177] computation placer already registered. Please check linkage and avoid linking the same target more than once.
W0000 00:00:1773214200.906129      78 computation_placer.cc:177] computation placer already registered. Please check linkage and avoid linking the same target more than once.
W0000 00:00:1773214217.214118      80 gpu_device.cc:2341] Cannot dlopen some GPU libraries. Please make sure the missing libraries mentioned above are installed properly if you would like to use GPU. Follow the guide at https://www.tensorflow.org/install/gpu for how to download and setup the required libraries for your platform.
Skipping registering GPU devices...
W0000 00:00:1773214217.214117      79 gpu_device.cc:2341] Cannot dlopen some GPU libraries. Please make sure the missing libraries mentioned above are installed properly if you would like to use GPU. Follow the guide at https://www.tensorflow.org/install/gpu for how to download and setup the required libraries for your platform.
Skipping registering GPU devices...
W0000 00:00:1773214217.359155      77 gpu_device.cc:2341] Cannot dlopen some GPU libraries. Please make sure the missing libraries mentioned above are installed properly if you would like to use GPU. Follow the guide at https://www.tensorflow.org/install/gpu for how to download and setup the required libraries for your platform.
Skipping registering GPU devices...
W0000 00:00:1773214217.377210      78 gpu_device.cc:2341] Cannot dlopen some GPU libraries. Please make sure the missing libraries mentioned above are installed properly if you would like to use GPU. Follow the guide at https://www.tensorflow.org/install/gpu for how to download and setup the required libraries for your platform.
Skipping registering GPU devices...
/usr/local/lib/python3.11/site-packages/torch/__init__.py:1617: UserWarning: Please use the new API settings to control TF32 behavior, such as torch.backends.cudnn.conv.fp32_precision = 'tf32' or torch.backends.cuda.matmul.fp32_precision = 'ieee'. Old settings, e.g, torch.backends.cuda.matmul.allow_tf32 = True, torch.backends.cudnn.allow_tf32 = True, allowTF32CuDNN() and allowTF32CuBLAS() will be deprecated after Pytorch 2.9. Please see https://pytorch.org/docs/main/notes/cuda.html#tensorfloat-32-tf32-on-ampere-and-later-devices (Triggered internally at /pytorch/aten/src/ATen/Context.cpp:80.)
  _C._set_float32_matmul_precision(precision)
/usr/local/lib/python3.11/site-packages/torch/__init__.py:1617: UserWarning: Please use the new API settings to control TF32 behavior, such as torch.backends.cudnn.conv.fp32_precision = 'tf32' or torch.backends.cuda.matmul.fp32_precision = 'ieee'. Old settings, e.g, torch.backends.cuda.matmul.allow_tf32 = True, torch.backends.cudnn.allow_tf32 = True, allowTF32CuDNN() and allowTF32CuBLAS() will be deprecated after Pytorch 2.9. Please see https://pytorch.org/docs/main/notes/cuda.html#tensorfloat-32-tf32-on-ampere-and-later-devices (Triggered internally at /pytorch/aten/src/ATen/Context.cpp:80.)
  _C._set_float32_matmul_precision(precision)
/usr/local/lib/python3.11/site-packages/torch/__init__.py:1617: UserWarning: Please use the new API settings to control TF32 behavior, such as torch.backends.cudnn.conv.fp32_precision = 'tf32' or torch.backends.cuda.matmul.fp32_precision = 'ieee'. Old settings, e.g, torch.backends.cuda.matmul.allow_tf32 = True, torch.backends.cudnn.allow_tf32 = True, allowTF32CuDNN() and allowTF32CuBLAS() will be deprecated after Pytorch 2.9. Please see https://pytorch.org/docs/main/notes/cuda.html#tensorfloat-32-tf32-on-ampere-and-later-devices (Triggered internally at /pytorch/aten/src/ATen/Context.cpp:80.)
  _C._set_float32_matmul_precision(precision)
/usr/local/lib/python3.11/site-packages/torch/__init__.py:1617: UserWarning: Please use the new API settings to control TF32 behavior, such as torch.backends.cudnn.conv.fp32_precision = 'tf32' or torch.backends.cuda.matmul.fp32_precision = 'ieee'. Old settings, e.g, torch.backends.cuda.matmul.allow_tf32 = True, torch.backends.cudnn.allow_tf32 = True, allowTF32CuDNN() and allowTF32CuBLAS() will be deprecated after Pytorch 2.9. Please see https://pytorch.org/docs/main/notes/cuda.html#tensorfloat-32-tf32-on-ampere-and-later-devices (Triggered internally at /pytorch/aten/src/ATen/Context.cpp:80.)
  _C._set_float32_matmul_precision(precision)
/usr/local/lib/python3.11/site-packages/pydantic/_internal/_generate_schema.py:2249: UnsupportedFieldAttributeWarning: The 'repr' attribute with value False was provided to the `Field()` function, which has no effect in the context it was used. 'repr' is field-specific metadata, and can only be attached to a model field using `Annotated` metadata or by assignment. This may have happened because an `Annotated` type alias using the `type` statement was used, or if the `Field()` function was attached to a single member of a union type.
  warnings.warn(
/usr/local/lib/python3.11/site-packages/pydantic/_internal/_generate_schema.py:2249: UnsupportedFieldAttributeWarning: The 'repr' attribute with value False was provided to the `Field()` function, which has no effect in the context it was used. 'repr' is field-specific metadata, and can only be attached to a model field using `Annotated` metadata or by assignment. This may have happened because an `Annotated` type alias using the `type` statement was used, or if the `Field()` function was attached to a single member of a union type.
  warnings.warn(
/usr/local/lib/python3.11/site-packages/pydantic/_internal/_generate_schema.py:2249: UnsupportedFieldAttributeWarning: The 'repr' attribute with value False was provided to the `Field()` function, which has no effect in the context it was used. 'repr' is field-specific metadata, and can only be attached to a model field using `Annotated` metadata or by assignment. This may have happened because an `Annotated` type alias using the `type` statement was used, or if the `Field()` function was attached to a single member of a union type.
  warnings.warn(
/usr/local/lib/python3.11/site-packages/pydantic/_internal/_generate_schema.py:2249: UnsupportedFieldAttributeWarning: The 'repr' attribute with value False was provided to the `Field()` function, which has no effect in the context it was used. 'repr' is field-specific metadata, and can only be attached to a model field using `Annotated` metadata or by assignment. This may have happened because an `Annotated` type alias using the `type` statement was used, or if the `Field()` function was attached to a single member of a union type.
  warnings.warn(
/usr/local/lib/python3.11/site-packages/pydantic/_internal/_generate_schema.py:2249: UnsupportedFieldAttributeWarning: The 'frozen' attribute with value True was provided to the `Field()` function, which has no effect in the context it was used. 'frozen' is field-specific metadata, and can only be attached to a model field using `Annotated` metadata or by assignment. This may have happened because an `Annotated` type alias using the `type` statement was used, or if the `Field()` function was attached to a single member of a union type.
  warnings.warn(
/usr/local/lib/python3.11/site-packages/pydantic/_internal/_generate_schema.py:2249: UnsupportedFieldAttributeWarning: The 'frozen' attribute with value True was provided to the `Field()` function, which has no effect in the context it was used. 'frozen' is field-specific metadata, and can only be attached to a model field using `Annotated` metadata or by assignment. This may have happened because an `Annotated` type alias using the `type` statement was used, or if the `Field()` function was attached to a single member of a union type.
  warnings.warn(
/usr/local/lib/python3.11/site-packages/pydantic/_internal/_generate_schema.py:2249: UnsupportedFieldAttributeWarning: The 'frozen' attribute with value True was provided to the `Field()` function, which has no effect in the context it was used. 'frozen' is field-specific metadata, and can only be attached to a model field using `Annotated` metadata or by assignment. This may have happened because an `Annotated` type alias using the `type` statement was used, or if the `Field()` function was attached to a single member of a union type.
  warnings.warn(
/usr/local/lib/python3.11/site-packages/pydantic/_internal/_generate_schema.py:2249: UnsupportedFieldAttributeWarning: The 'frozen' attribute with value True was provided to the `Field()` function, which has no effect in the context it was used. 'frozen' is field-specific metadata, and can only be attached to a model field using `Annotated` metadata or by assignment. This may have happened because an `Annotated` type alias using the `type` statement was used, or if the `Field()` function was attached to a single member of a union type.
  warnings.warn(
/usr/local/lib/python3.11/site-packages/torch/distributed/distributed_c10d.py:4876: UserWarning: barrier(): using the device under current context. You can specify `device_id` in `init_process_group` to mute this warning.
  warnings.warn(  # warn only once
[rank0]:[W311 07:30:28.013450028 ProcessGroupNCCL.cpp:5068] Guessing device ID based on global rank. This can cause a hang if rank to GPU mapping is heterogeneous. You can specify device_id in init_process_group()
I0311 07:30:29.939884 140364133774528 logger_utils.py:84] Creating experiment directory at /experiment_runs/submissions_a100/schedule_free_adamw_v2/study_1/imagenet_resnet_pytorch.
I0311 07:30:29.939884 139863295100096 logger_utils.py:84] Creating experiment directory at /experiment_runs/submissions_a100/schedule_free_adamw_v2/study_1/imagenet_resnet_pytorch.
I0311 07:30:29.939886 140040133588160 logger_utils.py:84] Creating experiment directory at /experiment_runs/submissions_a100/schedule_free_adamw_v2/study_1/imagenet_resnet_pytorch.
I0311 07:30:29.939916 139650121204928 logger_utils.py:84] Creating experiment directory at /experiment_runs/submissions_a100/schedule_free_adamw_v2/study_1/imagenet_resnet_pytorch.
I0311 07:30:30.080985 140364133774528 submission_runner.py:741] Creating directory at /experiment_runs/submissions_a100/schedule_free_adamw_v2/study_1/imagenet_resnet_pytorch/trial_1.
I0311 07:30:30.411223 140364133774528 submission_runner.py:242] Initializing dataset.
I0311 07:30:48.847869 140364133774528 submission_runner.py:251] Initializing model.
I0311 07:30:49.674002 140364133774528 submission_runner.py:290] Performing `torch.compile`.
I0311 07:30:52.606226 140364133774528 submission_runner.py:294] Initializing optimizer.
I0311 07:30:52.607022 140364133774528 submission_runner.py:299] Initializing metrics bundle.
I0311 07:30:52.607187 140364133774528 submission_runner.py:321] Initializing checkpoint and logger.
I0311 07:30:52.608322 140364133774528 submission_runner.py:344] Saving meta data to /experiment_runs/submissions_a100/schedule_free_adamw_v2/study_1/imagenet_resnet_pytorch/trial_1/meta_data_0.json.
I0311 07:30:53.011717 140364133774528 submission_runner.py:348] Saving flags to /experiment_runs/submissions_a100/schedule_free_adamw_v2/study_1/imagenet_resnet_pytorch/trial_1/flags_0.json.
I0311 07:30:53.116656 140364133774528 submission_runner.py:359] Starting training loop.
/usr/local/lib/python3.11/multiprocessing/popen_fork.py:66: RuntimeWarning: os.fork() was called. os.fork() is incompatible with multithreaded code, and JAX is multithreaded, so this will likely lead to a deadlock.
  self.pid = os.fork()
/usr/local/lib/python3.11/multiprocessing/popen_fork.py:66: RuntimeWarning: os.fork() was called. os.fork() is incompatible with multithreaded code, and JAX is multithreaded, so this will likely lead to a deadlock.
  self.pid = os.fork()
/usr/local/lib/python3.11/multiprocessing/popen_fork.py:66: RuntimeWarning: os.fork() was called. os.fork() is incompatible with multithreaded code, and JAX is multithreaded, so this will likely lead to a deadlock.
  self.pid = os.fork()
/usr/local/lib/python3.11/multiprocessing/popen_fork.py:66: RuntimeWarning: os.fork() was called. os.fork() is incompatible with multithreaded code, and JAX is multithreaded, so this will likely lead to a deadlock.
  self.pid = os.fork()
[rank1]:W0311 07:31:01.742000 78 site-packages/torch/_logging/_internal.py:1199] [0/0] Profiler function <class 'torch.autograd.profiler.record_function'> will be ignored
[rank2]:W0311 07:31:02.635000 79 site-packages/torch/_logging/_internal.py:1199] [0/0] Profiler function <class 'torch.autograd.profiler.record_function'> will be ignored
/usr/local/lib/python3.11/site-packages/torch/_dynamo/variables/functions.py:1598: UserWarning: Dynamo does not know how to trace the builtin `torch._C._distributed_c10d.pybind11_detail_function_record_v1_system_libstdcpp_gxx_abi_1xxx_use_cxx11_abi_1._broadcast_coalesced.` This function is either a Python builtin (e.g. _warnings.warn) or a third-party C/C++ Python extension (perhaps created with pybind).
If it is a Python builtin, please file an issue on GitHub so the PyTorch team can add support for it and see the next case for a workaround.
If it is a third-party C/C++ Python extension, please either wrap it into a PyTorch-understood custom operator (see https://pytorch.org/tutorials/advanced/custom_ops_landing_page.html for more details) or, if it is traceable, use `torch.compiler.allow_in_graph`.
  torch._dynamo.utils.warn_once(explanation + "\n" + "\n".join(hints))
/usr/local/lib/python3.11/site-packages/torch/_dynamo/variables/functions.py:1598: UserWarning: Dynamo does not know how to trace the builtin `torch._C._distributed_c10d.pybind11_detail_function_record_v1_system_libstdcpp_gxx_abi_1xxx_use_cxx11_abi_1._broadcast_coalesced.` This function is either a Python builtin (e.g. _warnings.warn) or a third-party C/C++ Python extension (perhaps created with pybind).
If it is a Python builtin, please file an issue on GitHub so the PyTorch team can add support for it and see the next case for a workaround.
If it is a third-party C/C++ Python extension, please either wrap it into a PyTorch-understood custom operator (see https://pytorch.org/tutorials/advanced/custom_ops_landing_page.html for more details) or, if it is traceable, use `torch.compiler.allow_in_graph`.
  torch._dynamo.utils.warn_once(explanation + "\n" + "\n".join(hints))
[rank0]:W0311 07:31:04.514000 77 site-packages/torch/_logging/_internal.py:1199] [0/0] Profiler function <class 'torch.autograd.profiler.record_function'> will be ignored
[rank3]:W0311 07:31:04.848000 80 site-packages/torch/_logging/_internal.py:1199] [0/0] Profiler function <class 'torch.autograd.profiler.record_function'> will be ignored
/usr/local/lib/python3.11/site-packages/torch/_dynamo/variables/functions.py:1598: UserWarning: Dynamo does not know how to trace the builtin `torch._C._distributed_c10d.pybind11_detail_function_record_v1_system_libstdcpp_gxx_abi_1xxx_use_cxx11_abi_1._broadcast_coalesced.` This function is either a Python builtin (e.g. _warnings.warn) or a third-party C/C++ Python extension (perhaps created with pybind).
If it is a Python builtin, please file an issue on GitHub so the PyTorch team can add support for it and see the next case for a workaround.
If it is a third-party C/C++ Python extension, please either wrap it into a PyTorch-understood custom operator (see https://pytorch.org/tutorials/advanced/custom_ops_landing_page.html for more details) or, if it is traceable, use `torch.compiler.allow_in_graph`.
  torch._dynamo.utils.warn_once(explanation + "\n" + "\n".join(hints))
/usr/local/lib/python3.11/site-packages/torch/_dynamo/variables/functions.py:1598: UserWarning: Dynamo does not know how to trace the builtin `torch._C._distributed_c10d.pybind11_detail_function_record_v1_system_libstdcpp_gxx_abi_1xxx_use_cxx11_abi_1._broadcast_coalesced.` This function is either a Python builtin (e.g. _warnings.warn) or a third-party C/C++ Python extension (perhaps created with pybind).
If it is a Python builtin, please file an issue on GitHub so the PyTorch team can add support for it and see the next case for a workaround.
If it is a third-party C/C++ Python extension, please either wrap it into a PyTorch-understood custom operator (see https://pytorch.org/tutorials/advanced/custom_ops_landing_page.html for more details) or, if it is traceable, use `torch.compiler.allow_in_graph`.
  torch._dynamo.utils.warn_once(explanation + "\n" + "\n".join(hints))
/usr/local/lib/python3.11/site-packages/torch/autograd/graph.py:841: UserWarning: Grad strides do not match bucket view strides. This may indicate grad was not created according to the gradient layout contract, or that the param's strides changed since DDP was constructed.  This is not an error, but may impair performance.
grad.sizes() = [2048, 512, 1, 1], strides() = [512, 1, 512, 512]
bucket_view.sizes() = [2048, 512, 1, 1], strides() = [512, 1, 1, 1] (Triggered internally at /pytorch/torch/csrc/distributed/c10d/reducer.cpp:334.)
  return Variable._execution_engine.run_backward(  # Calls into the C++ engine to run the backward pass
/usr/local/lib/python3.11/site-packages/torch/autograd/graph.py:841: UserWarning: Grad strides do not match bucket view strides. This may indicate grad was not created according to the gradient layout contract, or that the param's strides changed since DDP was constructed.  This is not an error, but may impair performance.
grad.sizes() = [2048, 512, 1, 1], strides() = [512, 1, 512, 512]
bucket_view.sizes() = [2048, 512, 1, 1], strides() = [512, 1, 1, 1] (Triggered internally at /pytorch/torch/csrc/distributed/c10d/reducer.cpp:334.)
  return Variable._execution_engine.run_backward(  # Calls into the C++ engine to run the backward pass
/usr/local/lib/python3.11/site-packages/torch/autograd/graph.py:841: UserWarning: Grad strides do not match bucket view strides. This may indicate grad was not created according to the gradient layout contract, or that the param's strides changed since DDP was constructed.  This is not an error, but may impair performance.
grad.sizes() = [2048, 512, 1, 1], strides() = [512, 1, 512, 512]
bucket_view.sizes() = [2048, 512, 1, 1], strides() = [512, 1, 1, 1] (Triggered internally at /pytorch/torch/csrc/distributed/c10d/reducer.cpp:334.)
  return Variable._execution_engine.run_backward(  # Calls into the C++ engine to run the backward pass
/usr/local/lib/python3.11/site-packages/torch/autograd/graph.py:841: UserWarning: Grad strides do not match bucket view strides. This may indicate grad was not created according to the gradient layout contract, or that the param's strides changed since DDP was constructed.  This is not an error, but may impair performance.
grad.sizes() = [2048, 512, 1, 1], strides() = [512, 1, 512, 512]
bucket_view.sizes() = [2048, 512, 1, 1], strides() = [512, 1, 1, 1] (Triggered internally at /pytorch/torch/csrc/distributed/c10d/reducer.cpp:334.)
  return Variable._execution_engine.run_backward(  # Calls into the C++ engine to run the backward pass
I0311 07:33:36.651997 140364133774528 spec.py:333] Evaluating on the training split.
/usr/local/lib/python3.11/site-packages/torch/distributed/distributed_c10d.py:4876: UserWarning: barrier(): using the device under current context. You can specify `device_id` in `init_process_group` to mute this warning.
  warnings.warn(  # warn only once
/usr/local/lib/python3.11/multiprocessing/popen_fork.py:66: RuntimeWarning: os.fork() was called. os.fork() is incompatible with multithreaded code, and JAX is multithreaded, so this will likely lead to a deadlock.
  self.pid = os.fork()
/usr/local/lib/python3.11/multiprocessing/popen_fork.py:66: RuntimeWarning: os.fork() was called. os.fork() is incompatible with multithreaded code, and JAX is multithreaded, so this will likely lead to a deadlock.
  self.pid = os.fork()
/usr/local/lib/python3.11/multiprocessing/popen_fork.py:66: RuntimeWarning: os.fork() was called. os.fork() is incompatible with multithreaded code, and JAX is multithreaded, so this will likely lead to a deadlock.
  self.pid = os.fork()
/usr/local/lib/python3.11/multiprocessing/popen_fork.py:66: RuntimeWarning: os.fork() was called. os.fork() is incompatible with multithreaded code, and JAX is multithreaded, so this will likely lead to a deadlock.
  self.pid = os.fork()
I0311 07:34:39.145057 140364133774528 spec.py:346] Evaluating on the validation split.
/usr/local/lib/python3.11/site-packages/torch/distributed/distributed_c10d.py:4876: UserWarning: barrier(): using the device under current context. You can specify `device_id` in `init_process_group` to mute this warning.
  warnings.warn(  # warn only once
/usr/local/lib/python3.11/multiprocessing/popen_fork.py:66: RuntimeWarning: os.fork() was called. os.fork() is incompatible with multithreaded code, and JAX is multithreaded, so this will likely lead to a deadlock.
  self.pid = os.fork()
/usr/local/lib/python3.11/multiprocessing/popen_fork.py:66: RuntimeWarning: os.fork() was called. os.fork() is incompatible with multithreaded code, and JAX is multithreaded, so this will likely lead to a deadlock.
  self.pid = os.fork()
/usr/local/lib/python3.11/multiprocessing/popen_fork.py:66: RuntimeWarning: os.fork() was called. os.fork() is incompatible with multithreaded code, and JAX is multithreaded, so this will likely lead to a deadlock.
  self.pid = os.fork()
/usr/local/lib/python3.11/multiprocessing/popen_fork.py:66: RuntimeWarning: os.fork() was called. os.fork() is incompatible with multithreaded code, and JAX is multithreaded, so this will likely lead to a deadlock.
  self.pid = os.fork()
I0311 07:36:17.944540 140364133774528 spec.py:363] Evaluating on the test split.
I0311 07:36:19.096658 140364133774528 dataset_info.py:707] Load dataset info from /data/imagenet/pytorch/imagenet_v2/matched-frequency/3.0.0
I0311 07:36:19.152254 140364133774528 reader.py:262] Creating a tf.data.Dataset reading 16 files located in folders: /data/imagenet/pytorch/imagenet_v2/matched-frequency/3.0.0.
I0311 07:36:19.286458 140364133774528 logging_logger.py:49] Constructing tf.data.Dataset imagenet_v2 for split test, from /data/imagenet/pytorch/imagenet_v2/matched-frequency/3.0.0
I0311 07:38:16.573618 140364133774528 submission_runner.py:516] Time since start: 443.46s, 	Step: 1, 	{'train/accuracy': 0.0017139668367346938, 'train/loss': 6.911570646324936, 'validation/accuracy': 0.00118, 'validation/loss': 6.9099275, 'validation/num_examples': 50000, 'test/accuracy': 0.0012, 'test/loss': 6.912909375, 'test/num_examples': 10000, 'score': 162.8230459690094, 'total_duration': 443.45699191093445, 'accumulated_submission_time': 162.8230459690094, 'accumulated_eval_time': 279.92160391807556, 'accumulated_logging_time': 0}
I0311 07:38:16.674622 140302388029184 logging_writer.py:48] [1] accumulated_eval_time=279.922, accumulated_logging_time=0, accumulated_submission_time=162.823, global_step=1, preemption_count=0, score=162.823, test/accuracy=0.0012, test/loss=6.91291, test/num_examples=10000, total_duration=443.457, train/accuracy=0.00171397, train/loss=6.91157, validation/accuracy=0.00118, validation/loss=6.90993, validation/num_examples=50000
I0311 08:11:34.105969 140364133774528 spec.py:333] Evaluating on the training split.
/usr/local/lib/python3.11/multiprocessing/popen_fork.py:66: RuntimeWarning: os.fork() was called. os.fork() is incompatible with multithreaded code, and JAX is multithreaded, so this will likely lead to a deadlock.
  self.pid = os.fork()
/usr/local/lib/python3.11/multiprocessing/popen_fork.py:66: RuntimeWarning: os.fork() was called. os.fork() is incompatible with multithreaded code, and JAX is multithreaded, so this will likely lead to a deadlock.
  self.pid = os.fork()
/usr/local/lib/python3.11/multiprocessing/popen_fork.py:66: RuntimeWarning: os.fork() was called. os.fork() is incompatible with multithreaded code, and JAX is multithreaded, so this will likely lead to a deadlock.
  self.pid = os.fork()
/usr/local/lib/python3.11/multiprocessing/popen_fork.py:66: RuntimeWarning: os.fork() was called. os.fork() is incompatible with multithreaded code, and JAX is multithreaded, so this will likely lead to a deadlock.
  self.pid = os.fork()
I0311 08:12:17.420006 140364133774528 spec.py:346] Evaluating on the validation split.
I0311 08:13:47.657967 140364133774528 spec.py:363] Evaluating on the test split.
I0311 08:13:50.522791 140364133774528 submission_runner.py:516] Time since start: 2577.41s, 	Step: 3079, 	{'train/accuracy': 0.36806441326530615, 'train/loss': 3.7560754892777424, 'validation/accuracy': 0.3621, 'validation/loss': 3.59010875, 'validation/num_examples': 50000, 'test/accuracy': 0.2961, 'test/loss': 3.5259265625, 'test/num_examples': 10000, 'score': 2155.6817536354065, 'total_duration': 2577.4061872959137, 'accumulated_submission_time': 2155.6817536354065, 'accumulated_eval_time': 416.338365316391, 'accumulated_logging_time': 0.2659287452697754}
I0311 08:13:51.603563 140302522234624 logging_writer.py:48] [3079] accumulated_eval_time=416.338, accumulated_logging_time=0.265929, accumulated_submission_time=2155.68, global_step=3079, preemption_count=0, score=2155.68, test/accuracy=0.2961, test/loss=3.52593, test/num_examples=10000, total_duration=2577.41, train/accuracy=0.368064, train/loss=3.75608, validation/accuracy=0.3621, validation/loss=3.59011, validation/num_examples=50000
I0311 08:47:08.204751 140364133774528 spec.py:333] Evaluating on the training split.
/usr/local/lib/python3.11/multiprocessing/popen_fork.py:66: RuntimeWarning: os.fork() was called. os.fork() is incompatible with multithreaded code, and JAX is multithreaded, so this will likely lead to a deadlock.
  self.pid = os.fork()
I0311 08:47:58.910830 140364133774528 spec.py:346] Evaluating on the validation split.
I0311 08:49:19.657712 140364133774528 spec.py:363] Evaluating on the test split.
I0311 08:49:20.656330 140364133774528 submission_runner.py:516] Time since start: 4707.54s, 	Step: 5586, 	{'train/accuracy': 0.5357142857142857, 'train/loss': 2.7298023457429847, 'validation/accuracy': 0.49852, 'validation/loss': 2.84993, 'validation/num_examples': 50000, 'test/accuracy': 0.4226, 'test/loss': 2.7686255859375, 'test/num_examples': 10000, 'score': 4148.591522693634, 'total_duration': 4707.539555072784, 'accumulated_submission_time': 4148.591522693634, 'accumulated_eval_time': 548.7897520065308, 'accumulated_logging_time': 1.4724721908569336}
I0311 08:49:21.542890 140341973837568 logging_writer.py:48] [5586] accumulated_eval_time=548.79, accumulated_logging_time=1.47247, accumulated_submission_time=4148.59, global_step=5586, preemption_count=0, score=4148.59, test/accuracy=0.4226, test/loss=2.76863, test/num_examples=10000, total_duration=4707.54, train/accuracy=0.535714, train/loss=2.7298, validation/accuracy=0.49852, validation/loss=2.84993, validation/num_examples=50000
I0311 09:22:40.528359 140364133774528 spec.py:333] Evaluating on the training split.
/usr/local/lib/python3.11/multiprocessing/popen_fork.py:66: RuntimeWarning: os.fork() was called. os.fork() is incompatible with multithreaded code, and JAX is multithreaded, so this will likely lead to a deadlock.
  self.pid = os.fork()
I0311 09:23:54.958275 140364133774528 spec.py:346] Evaluating on the validation split.
I0311 09:25:08.021610 140364133774528 spec.py:363] Evaluating on the test split.
I0311 09:25:09.005417 140364133774528 submission_runner.py:516] Time since start: 6855.89s, 	Step: 7929, 	{'train/accuracy': 0.5581154336734694, 'train/loss': 2.906445250219228, 'validation/accuracy': 0.53904, 'validation/loss': 2.7209896875, 'validation/num_examples': 50000, 'test/accuracy': 0.4762, 'test/loss': 2.497848046875, 'test/num_examples': 10000, 'score': 6142.390731096268, 'total_duration': 6855.888687849045, 'accumulated_submission_time': 6142.390731096268, 'accumulated_eval_time': 697.2666208744049, 'accumulated_logging_time': 4.0353968143463135}
I0311 09:25:10.028936 140341898303232 logging_writer.py:48] [7929] accumulated_eval_time=697.267, accumulated_logging_time=4.0354, accumulated_submission_time=6142.39, global_step=7929, preemption_count=0, score=6142.39, test/accuracy=0.4762, test/loss=2.49785, test/num_examples=10000, total_duration=6855.89, train/accuracy=0.558115, train/loss=2.90645, validation/accuracy=0.53904, validation/loss=2.72099, validation/num_examples=50000
I0311 09:58:27.433007 140364133774528 spec.py:333] Evaluating on the training split.
/usr/local/lib/python3.11/multiprocessing/popen_fork.py:66: RuntimeWarning: os.fork() was called. os.fork() is incompatible with multithreaded code, and JAX is multithreaded, so this will likely lead to a deadlock.
  self.pid = os.fork()
I0311 09:59:36.728726 140364133774528 spec.py:346] Evaluating on the validation split.
I0311 10:00:48.557546 140364133774528 spec.py:363] Evaluating on the test split.
I0311 10:00:49.562870 140364133774528 submission_runner.py:516] Time since start: 8996.45s, 	Step: 10148, 	{'train/accuracy': 0.5892857142857143, 'train/loss': 2.783709779077647, 'validation/accuracy': 0.57102, 'validation/loss': 2.56331421875, 'validation/num_examples': 50000, 'test/accuracy': 0.5035, 'test/loss': 2.346905859375, 'test/num_examples': 10000, 'score': 8134.985811710358, 'total_duration': 8996.446261644363, 'accumulated_submission_time': 8134.985811710358, 'accumulated_eval_time': 839.3963956832886, 'accumulated_logging_time': 6.458148241043091}
I0311 10:00:50.563314 140341973837568 logging_writer.py:48] [10148] accumulated_eval_time=839.396, accumulated_logging_time=6.45815, accumulated_submission_time=8134.99, global_step=10148, preemption_count=0, score=8134.99, test/accuracy=0.5035, test/loss=2.34691, test/num_examples=10000, total_duration=8996.45, train/accuracy=0.589286, train/loss=2.78371, validation/accuracy=0.57102, validation/loss=2.56331, validation/num_examples=50000
I0311 10:34:21.158249 140364133774528 spec.py:333] Evaluating on the training split.
/usr/local/lib/python3.11/multiprocessing/popen_fork.py:66: RuntimeWarning: os.fork() was called. os.fork() is incompatible with multithreaded code, and JAX is multithreaded, so this will likely lead to a deadlock.
  self.pid = os.fork()
I0311 10:35:21.722978 140364133774528 spec.py:346] Evaluating on the validation split.
I0311 10:36:33.724149 140364133774528 spec.py:363] Evaluating on the test split.
I0311 10:36:34.680993 140364133774528 submission_runner.py:516] Time since start: 11141.56s, 	Step: 12444, 	{'train/accuracy': 0.6203962053571429, 'train/loss': 2.6091380216637434, 'validation/accuracy': 0.58242, 'validation/loss': 2.5344253125, 'validation/num_examples': 50000, 'test/accuracy': 0.5207, 'test/loss': 2.25707109375, 'test/num_examples': 10000, 'score': 10140.77499461174, 'total_duration': 11141.564372062683, 'accumulated_submission_time': 10140.77499461174, 'accumulated_eval_time': 972.9192388057709, 'accumulated_logging_time': 8.780362129211426}
I0311 10:36:35.619924 140341948659456 logging_writer.py:48] [12444] accumulated_eval_time=972.919, accumulated_logging_time=8.78036, accumulated_submission_time=10140.8, global_step=12444, preemption_count=0, score=10140.8, test/accuracy=0.5207, test/loss=2.25707, test/num_examples=10000, total_duration=11141.6, train/accuracy=0.620396, train/loss=2.60914, validation/accuracy=0.58242, validation/loss=2.53443, validation/num_examples=50000
I0311 11:10:04.585296 140364133774528 spec.py:333] Evaluating on the training split.
/usr/local/lib/python3.11/multiprocessing/popen_fork.py:66: RuntimeWarning: os.fork() was called. os.fork() is incompatible with multithreaded code, and JAX is multithreaded, so this will likely lead to a deadlock.
  self.pid = os.fork()
I0311 11:11:08.939326 140364133774528 spec.py:346] Evaluating on the validation split.
I0311 11:12:30.085802 140364133774528 spec.py:363] Evaluating on the test split.
I0311 11:12:31.063714 140364133774528 submission_runner.py:516] Time since start: 13297.95s, 	Step: 14821, 	{'train/accuracy': 0.6322345344387755, 'train/loss': 2.5697360914580676, 'validation/accuracy': 0.60444, 'validation/loss': 2.36740203125, 'validation/num_examples': 50000, 'test/accuracy': 0.5386, 'test/loss': 2.177231640625, 'test/num_examples': 10000, 'score': 12144.977138280869, 'total_duration': 13297.947192192078, 'accumulated_submission_time': 12144.977138280869, 'accumulated_eval_time': 1119.3977251052856, 'accumulated_logging_time': 11.066125631332397}
I0311 11:12:32.077908 140341931874048 logging_writer.py:48] [14821] accumulated_eval_time=1119.4, accumulated_logging_time=11.0661, accumulated_submission_time=12145, global_step=14821, preemption_count=0, score=12145, test/accuracy=0.5386, test/loss=2.17723, test/num_examples=10000, total_duration=13297.9, train/accuracy=0.632235, train/loss=2.56974, validation/accuracy=0.60444, validation/loss=2.3674, validation/num_examples=50000
I0311 11:45:48.225504 140364133774528 spec.py:333] Evaluating on the training split.
/usr/local/lib/python3.11/multiprocessing/popen_fork.py:66: RuntimeWarning: os.fork() was called. os.fork() is incompatible with multithreaded code, and JAX is multithreaded, so this will likely lead to a deadlock.
  self.pid = os.fork()
I0311 11:46:50.636651 140364133774528 spec.py:346] Evaluating on the validation split.
I0311 11:48:17.446524 140364133774528 spec.py:363] Evaluating on the test split.
I0311 11:48:18.420567 140364133774528 submission_runner.py:516] Time since start: 15445.30s, 	Step: 17264, 	{'train/accuracy': 0.6670121173469388, 'train/loss': 2.279381732551419, 'validation/accuracy': 0.61166, 'validation/loss': 2.333271875, 'validation/num_examples': 50000, 'test/accuracy': 0.5489, 'test/loss': 2.123237890625, 'test/num_examples': 10000, 'score': 14136.197852373123, 'total_duration': 15445.303976297379, 'accumulated_submission_time': 14136.197852373123, 'accumulated_eval_time': 1269.5927753448486, 'accumulated_logging_time': 13.401166677474976}
I0311 11:48:19.486225 140341973837568 logging_writer.py:48] [17264] accumulated_eval_time=1269.59, accumulated_logging_time=13.4012, accumulated_submission_time=14136.2, global_step=17264, preemption_count=0, score=14136.2, test/accuracy=0.5489, test/loss=2.12324, test/num_examples=10000, total_duration=15445.3, train/accuracy=0.667012, train/loss=2.27938, validation/accuracy=0.61166, validation/loss=2.33327, validation/num_examples=50000
I0311 12:21:35.891807 140364133774528 spec.py:333] Evaluating on the training split.
/usr/local/lib/python3.11/multiprocessing/popen_fork.py:66: RuntimeWarning: os.fork() was called. os.fork() is incompatible with multithreaded code, and JAX is multithreaded, so this will likely lead to a deadlock.
  self.pid = os.fork()
I0311 12:22:34.886299 140364133774528 spec.py:346] Evaluating on the validation split.
I0311 12:24:06.977601 140364133774528 spec.py:363] Evaluating on the test split.
I0311 12:24:07.948067 140364133774528 submission_runner.py:516] Time since start: 17594.83s, 	Step: 19726, 	{'train/accuracy': 0.6947345344387755, 'train/loss': 2.0568567392777424, 'validation/accuracy': 0.6171, 'validation/loss': 2.320276875, 'validation/num_examples': 50000, 'test/accuracy': 0.5578, 'test/loss': 2.063951171875, 'test/num_examples': 10000, 'score': 16127.740656614304, 'total_duration': 17594.831584215164, 'accumulated_submission_time': 16127.740656614304, 'accumulated_eval_time': 1421.6491167545319, 'accumulated_logging_time': 15.950144529342651}
I0311 12:24:08.432087 140341973837568 logging_writer.py:48] [19726] accumulated_eval_time=1421.65, accumulated_logging_time=15.9501, accumulated_submission_time=16127.7, global_step=19726, preemption_count=0, score=16127.7, test/accuracy=0.5578, test/loss=2.06395, test/num_examples=10000, total_duration=17594.8, train/accuracy=0.694735, train/loss=2.05686, validation/accuracy=0.6171, validation/loss=2.32028, validation/num_examples=50000
I0311 12:57:32.369493 140364133774528 spec.py:333] Evaluating on the training split.
/usr/local/lib/python3.11/multiprocessing/popen_fork.py:66: RuntimeWarning: os.fork() was called. os.fork() is incompatible with multithreaded code, and JAX is multithreaded, so this will likely lead to a deadlock.
  self.pid = os.fork()
I0311 12:58:30.664261 140364133774528 spec.py:346] Evaluating on the validation split.
I0311 12:59:56.124265 140364133774528 spec.py:363] Evaluating on the test split.
I0311 12:59:57.156470 140364133774528 submission_runner.py:516] Time since start: 19744.04s, 	Step: 22170, 	{'train/accuracy': 0.6897520727040817, 'train/loss': 2.172779472506776, 'validation/accuracy': 0.62522, 'validation/loss': 2.24444625, 'validation/num_examples': 50000, 'test/accuracy': 0.5699, 'test/loss': 2.01114140625, 'test/num_examples': 10000, 'score': 18127.42031097412, 'total_duration': 19744.03985452652, 'accumulated_submission_time': 18127.42031097412, 'accumulated_eval_time': 1566.4360365867615, 'accumulated_logging_time': 16.896411418914795}
I0311 12:59:58.227654 140342040979200 logging_writer.py:48] [22170] accumulated_eval_time=1566.44, accumulated_logging_time=16.8964, accumulated_submission_time=18127.4, global_step=22170, preemption_count=0, score=18127.4, test/accuracy=0.5699, test/loss=2.01114, test/num_examples=10000, total_duration=19744, train/accuracy=0.689752, train/loss=2.17278, validation/accuracy=0.62522, validation/loss=2.24445, validation/num_examples=50000
I0311 13:33:14.078668 140364133774528 spec.py:333] Evaluating on the training split.
/usr/local/lib/python3.11/multiprocessing/popen_fork.py:66: RuntimeWarning: os.fork() was called. os.fork() is incompatible with multithreaded code, and JAX is multithreaded, so this will likely lead to a deadlock.
  self.pid = os.fork()
I0311 13:34:13.094705 140364133774528 spec.py:346] Evaluating on the validation split.
I0311 13:35:44.450809 140364133774528 spec.py:363] Evaluating on the test split.
I0311 13:35:45.444856 140364133774528 submission_runner.py:516] Time since start: 21892.33s, 	Step: 24643, 	{'train/accuracy': 0.6923828125, 'train/loss': 2.173347940250319, 'validation/accuracy': 0.63032, 'validation/loss': 2.2279484375, 'validation/num_examples': 50000, 'test/accuracy': 0.578, 'test/loss': 1.96303203125, 'test/num_examples': 10000, 'score': 20118.471140384674, 'total_duration': 21892.32780265808, 'accumulated_submission_time': 20118.471140384674, 'accumulated_eval_time': 1717.8016839027405, 'accumulated_logging_time': 19.423773050308228}
I0311 13:35:45.995334 140341973837568 logging_writer.py:48] [24643] accumulated_eval_time=1717.8, accumulated_logging_time=19.4238, accumulated_submission_time=20118.5, global_step=24643, preemption_count=0, score=20118.5, test/accuracy=0.578, test/loss=1.96303, test/num_examples=10000, total_duration=21892.3, train/accuracy=0.692383, train/loss=2.17335, validation/accuracy=0.63032, validation/loss=2.22795, validation/num_examples=50000
I0311 14:09:05.891752 140364133774528 spec.py:333] Evaluating on the training split.
/usr/local/lib/python3.11/multiprocessing/popen_fork.py:66: RuntimeWarning: os.fork() was called. os.fork() is incompatible with multithreaded code, and JAX is multithreaded, so this will likely lead to a deadlock.
  self.pid = os.fork()
I0311 14:10:07.516838 140364133774528 spec.py:346] Evaluating on the validation split.
I0311 14:11:33.623335 140364133774528 spec.py:363] Evaluating on the test split.
I0311 14:11:34.632952 140364133774528 submission_runner.py:516] Time since start: 24041.52s, 	Step: 27111, 	{'train/accuracy': 0.7177335778061225, 'train/loss': 1.9314488002232142, 'validation/accuracy': 0.63304, 'validation/loss': 2.19951515625, 'validation/num_examples': 50000, 'test/accuracy': 0.5835, 'test/loss': 1.941621484375, 'test/num_examples': 10000, 'score': 22114.142622232437, 'total_duration': 24041.516250133514, 'accumulated_submission_time': 22114.142622232437, 'accumulated_eval_time': 1866.5428230762482, 'accumulated_logging_time': 20.480370044708252}
I0311 14:11:35.690756 140342015801088 logging_writer.py:48] [27111] accumulated_eval_time=1866.54, accumulated_logging_time=20.4804, accumulated_submission_time=22114.1, global_step=27111, preemption_count=0, score=22114.1, test/accuracy=0.5835, test/loss=1.94162, test/num_examples=10000, total_duration=24041.5, train/accuracy=0.717734, train/loss=1.93145, validation/accuracy=0.63304, validation/loss=2.19952, validation/num_examples=50000
I0311 14:44:53.555795 140364133774528 spec.py:333] Evaluating on the training split.
/usr/local/lib/python3.11/multiprocessing/popen_fork.py:66: RuntimeWarning: os.fork() was called. os.fork() is incompatible with multithreaded code, and JAX is multithreaded, so this will likely lead to a deadlock.
  self.pid = os.fork()
I0311 14:45:56.701843 140364133774528 spec.py:346] Evaluating on the validation split.
I0311 14:47:26.455736 140364133774528 spec.py:363] Evaluating on the test split.
I0311 14:47:27.414931 140364133774528 submission_runner.py:516] Time since start: 26194.30s, 	Step: 29594, 	{'train/accuracy': 0.6874402104591837, 'train/loss': 2.299875376175861, 'validation/accuracy': 0.64022, 'validation/loss': 2.19156734375, 'validation/num_examples': 50000, 'test/accuracy': 0.5877, 'test/loss': 1.924279296875, 'test/num_examples': 10000, 'score': 24106.747175455093, 'total_duration': 26194.298249721527, 'accumulated_submission_time': 24106.747175455093, 'accumulated_eval_time': 2020.4019916057587, 'accumulated_logging_time': 23.26416802406311}
I0311 14:47:27.885854 140323136980736 logging_writer.py:48] [29594] accumulated_eval_time=2020.4, accumulated_logging_time=23.2642, accumulated_submission_time=24106.7, global_step=29594, preemption_count=0, score=24106.7, test/accuracy=0.5877, test/loss=1.92428, test/num_examples=10000, total_duration=26194.3, train/accuracy=0.68744, train/loss=2.29988, validation/accuracy=0.64022, validation/loss=2.19157, validation/num_examples=50000
I0311 15:20:58.715519 140364133774528 spec.py:333] Evaluating on the training split.
/usr/local/lib/python3.11/multiprocessing/popen_fork.py:66: RuntimeWarning: os.fork() was called. os.fork() is incompatible with multithreaded code, and JAX is multithreaded, so this will likely lead to a deadlock.
  self.pid = os.fork()
I0311 15:22:03.599121 140364133774528 spec.py:346] Evaluating on the validation split.
I0311 15:23:20.316393 140364133774528 spec.py:363] Evaluating on the test split.
I0311 15:23:21.252156 140364133774528 submission_runner.py:516] Time since start: 28348.14s, 	Step: 32055, 	{'train/accuracy': 0.7039221938775511, 'train/loss': 2.152530592315051, 'validation/accuracy': 0.64392, 'validation/loss': 2.1428640625, 'validation/num_examples': 50000, 'test/accuracy': 0.5907, 'test/loss': 1.912662890625, 'test/num_examples': 10000, 'score': 26113.26755142212, 'total_duration': 28348.13530421257, 'accumulated_submission_time': 26113.26755142212, 'accumulated_eval_time': 2162.9385299682617, 'accumulated_logging_time': 24.29775333404541}
I0311 15:23:22.411909 140342007408384 logging_writer.py:48] [32055] accumulated_eval_time=2162.94, accumulated_logging_time=24.2978, accumulated_submission_time=26113.3, global_step=32055, preemption_count=0, score=26113.3, test/accuracy=0.5907, test/loss=1.91266, test/num_examples=10000, total_duration=28348.1, train/accuracy=0.703922, train/loss=2.15253, validation/accuracy=0.64392, validation/loss=2.14286, validation/num_examples=50000
I0311 15:56:38.558544 140364133774528 spec.py:333] Evaluating on the training split.
/usr/local/lib/python3.11/multiprocessing/popen_fork.py:66: RuntimeWarning: os.fork() was called. os.fork() is incompatible with multithreaded code, and JAX is multithreaded, so this will likely lead to a deadlock.
  self.pid = os.fork()
I0311 15:57:46.883177 140364133774528 spec.py:346] Evaluating on the validation split.
I0311 15:59:09.402987 140364133774528 spec.py:363] Evaluating on the test split.
I0311 15:59:10.310049 140364133774528 submission_runner.py:516] Time since start: 30497.19s, 	Step: 34526, 	{'train/accuracy': 0.7034239477040817, 'train/loss': 2.196610742685746, 'validation/accuracy': 0.6414, 'validation/loss': 2.19608015625, 'validation/num_examples': 50000, 'test/accuracy': 0.5938, 'test/loss': 1.892828125, 'test/num_examples': 10000, 'score': 28104.348702430725, 'total_duration': 30497.19335579872, 'accumulated_submission_time': 28104.348702430725, 'accumulated_eval_time': 2314.6901609897614, 'accumulated_logging_time': 27.01610827445984}
I0311 15:59:10.726571 140341948659456 logging_writer.py:48] [34526] accumulated_eval_time=2314.69, accumulated_logging_time=27.0161, accumulated_submission_time=28104.3, global_step=34526, preemption_count=0, score=28104.3, test/accuracy=0.5938, test/loss=1.89283, test/num_examples=10000, total_duration=30497.2, train/accuracy=0.703424, train/loss=2.19661, validation/accuracy=0.6414, validation/loss=2.19608, validation/num_examples=50000
I0311 16:32:32.225157 140364133774528 spec.py:333] Evaluating on the training split.
/usr/local/lib/python3.11/multiprocessing/popen_fork.py:66: RuntimeWarning: os.fork() was called. os.fork() is incompatible with multithreaded code, and JAX is multithreaded, so this will likely lead to a deadlock.
  self.pid = os.fork()
I0311 16:33:42.022672 140364133774528 spec.py:346] Evaluating on the validation split.
I0311 16:35:01.329494 140364133774528 spec.py:363] Evaluating on the test split.
I0311 16:35:02.338929 140364133774528 submission_runner.py:516] Time since start: 32649.22s, 	Step: 36999, 	{'train/accuracy': 0.7127710459183674, 'train/loss': 2.118549580476722, 'validation/accuracy': 0.64302, 'validation/loss': 2.19267234375, 'validation/num_examples': 50000, 'test/accuracy': 0.5948, 'test/loss': 1.881641015625, 'test/num_examples': 10000, 'score': 30101.667736291885, 'total_duration': 32649.222376346588, 'accumulated_submission_time': 30101.667736291885, 'accumulated_eval_time': 2464.804008245468, 'accumulated_logging_time': 27.93280339241028}
I0311 16:35:03.519297 140321714784000 logging_writer.py:48] [36999] accumulated_eval_time=2464.8, accumulated_logging_time=27.9328, accumulated_submission_time=30101.7, global_step=36999, preemption_count=0, score=30101.7, test/accuracy=0.5948, test/loss=1.88164, test/num_examples=10000, total_duration=32649.2, train/accuracy=0.712771, train/loss=2.11855, validation/accuracy=0.64302, validation/loss=2.19267, validation/num_examples=50000
I0311 17:08:20.213221 140364133774528 spec.py:333] Evaluating on the training split.
/usr/local/lib/python3.11/multiprocessing/popen_fork.py:66: RuntimeWarning: os.fork() was called. os.fork() is incompatible with multithreaded code, and JAX is multithreaded, so this will likely lead to a deadlock.
  self.pid = os.fork()
I0311 17:09:31.225205 140364133774528 spec.py:346] Evaluating on the validation split.
I0311 17:10:53.955867 140364133774528 spec.py:363] Evaluating on the test split.
I0311 17:10:54.929302 140364133774528 submission_runner.py:516] Time since start: 34801.81s, 	Step: 39469, 	{'train/accuracy': 0.7367466517857143, 'train/loss': 1.899574902592873, 'validation/accuracy': 0.64334, 'validation/loss': 2.20001125, 'validation/num_examples': 50000, 'test/accuracy': 0.595, 'test/loss': 1.8720556640625, 'test/num_examples': 10000, 'score': 32093.07036614418, 'total_duration': 34801.81263637543, 'accumulated_submission_time': 32093.07036614418, 'accumulated_eval_time': 2619.5200259685516, 'accumulated_logging_time': 30.76194977760315}
I0311 17:10:55.378116 140342024193792 logging_writer.py:48] [39469] accumulated_eval_time=2619.52, accumulated_logging_time=30.7619, accumulated_submission_time=32093.1, global_step=39469, preemption_count=0, score=32093.1, test/accuracy=0.595, test/loss=1.87206, test/num_examples=10000, total_duration=34801.8, train/accuracy=0.736747, train/loss=1.89957, validation/accuracy=0.64334, validation/loss=2.20001, validation/num_examples=50000
I0311 17:44:12.219381 140364133774528 spec.py:333] Evaluating on the training split.
/usr/local/lib/python3.11/multiprocessing/popen_fork.py:66: RuntimeWarning: os.fork() was called. os.fork() is incompatible with multithreaded code, and JAX is multithreaded, so this will likely lead to a deadlock.
  self.pid = os.fork()
I0311 17:45:23.961659 140364133774528 spec.py:346] Evaluating on the validation split.
I0311 17:46:43.843616 140364133774528 spec.py:363] Evaluating on the test split.
I0311 17:46:44.798267 140364133774528 submission_runner.py:516] Time since start: 36951.68s, 	Step: 41928, 	{'train/accuracy': 0.7231943558673469, 'train/loss': 2.087182804029815, 'validation/accuracy': 0.65544, 'validation/loss': 2.10882375, 'validation/num_examples': 50000, 'test/accuracy': 0.5992, 'test/loss': 1.8560650390625, 'test/num_examples': 10000, 'score': 34085.82026672363, 'total_duration': 36951.68161725998, 'accumulated_submission_time': 34085.82026672363, 'accumulated_eval_time': 2772.098831653595, 'accumulated_logging_time': 31.72436261177063}
I0311 17:46:45.754418 140342032586496 logging_writer.py:48] [41928] accumulated_eval_time=2772.1, accumulated_logging_time=31.7244, accumulated_submission_time=34085.8, global_step=41928, preemption_count=0, score=34085.8, test/accuracy=0.5992, test/loss=1.85607, test/num_examples=10000, total_duration=36951.7, train/accuracy=0.723194, train/loss=2.08718, validation/accuracy=0.65544, validation/loss=2.10882, validation/num_examples=50000
I0311 18:20:02.212581 140364133774528 spec.py:333] Evaluating on the training split.
/usr/local/lib/python3.11/multiprocessing/popen_fork.py:66: RuntimeWarning: os.fork() was called. os.fork() is incompatible with multithreaded code, and JAX is multithreaded, so this will likely lead to a deadlock.
  self.pid = os.fork()
I0311 18:21:14.390916 140364133774528 spec.py:346] Evaluating on the validation split.
I0311 18:22:27.091986 140364133774528 spec.py:363] Evaluating on the test split.
I0311 18:22:28.065373 140364133774528 submission_runner.py:516] Time since start: 39094.95s, 	Step: 44371, 	{'train/accuracy': 0.7335778061224489, 'train/loss': 1.9732737638512436, 'validation/accuracy': 0.65158, 'validation/loss': 2.12870859375, 'validation/num_examples': 50000, 'test/accuracy': 0.601, 'test/loss': 1.8413537109375, 'test/num_examples': 10000, 'score': 36077.213302612305, 'total_duration': 39094.94878768921, 'accumulated_submission_time': 36077.213302612305, 'accumulated_eval_time': 2917.9515709877014, 'accumulated_logging_time': 34.05436563491821}
I0311 18:22:29.082127 140342024193792 logging_writer.py:48] [44371] accumulated_eval_time=2917.95, accumulated_logging_time=34.0544, accumulated_submission_time=36077.2, global_step=44371, preemption_count=0, score=36077.2, test/accuracy=0.601, test/loss=1.84135, test/num_examples=10000, total_duration=39094.9, train/accuracy=0.733578, train/loss=1.97327, validation/accuracy=0.65158, validation/loss=2.12871, validation/num_examples=50000
I0311 18:55:48.784534 140364133774528 spec.py:333] Evaluating on the training split.
/usr/local/lib/python3.11/multiprocessing/popen_fork.py:66: RuntimeWarning: os.fork() was called. os.fork() is incompatible with multithreaded code, and JAX is multithreaded, so this will likely lead to a deadlock.
  self.pid = os.fork()
I0311 18:57:02.933146 140364133774528 spec.py:346] Evaluating on the validation split.
I0311 18:58:15.170864 140364133774528 spec.py:363] Evaluating on the test split.
I0311 18:58:16.109173 140364133774528 submission_runner.py:516] Time since start: 41242.99s, 	Step: 46793, 	{'train/accuracy': 0.7256257971938775, 'train/loss': 2.088435426050303, 'validation/accuracy': 0.64712, 'validation/loss': 2.184394375, 'validation/num_examples': 50000, 'test/accuracy': 0.6032, 'test/loss': 1.84750546875, 'test/num_examples': 10000, 'score': 38071.929418087006, 'total_duration': 41242.99249601364, 'accumulated_submission_time': 38071.929418087006, 'accumulated_eval_time': 3065.276113986969, 'accumulated_logging_time': 36.38895916938782}
I0311 18:58:17.144859 140341965444864 logging_writer.py:48] [46793] accumulated_eval_time=3065.28, accumulated_logging_time=36.389, accumulated_submission_time=38071.9, global_step=46793, preemption_count=0, score=38071.9, test/accuracy=0.6032, test/loss=1.84751, test/num_examples=10000, total_duration=41243, train/accuracy=0.725626, train/loss=2.08844, validation/accuracy=0.64712, validation/loss=2.18439, validation/num_examples=50000
I0311 19:31:35.874756 140364133774528 spec.py:333] Evaluating on the training split.
/usr/local/lib/python3.11/multiprocessing/popen_fork.py:66: RuntimeWarning: os.fork() was called. os.fork() is incompatible with multithreaded code, and JAX is multithreaded, so this will likely lead to a deadlock.
  self.pid = os.fork()
I0311 19:32:49.408367 140364133774528 spec.py:346] Evaluating on the validation split.
I0311 19:34:01.374052 140364133774528 spec.py:363] Evaluating on the test split.
I0311 19:34:02.363149 140364133774528 submission_runner.py:516] Time since start: 43389.25s, 	Step: 49132, 	{'train/accuracy': 0.7268016581632653, 'train/loss': 2.0913120191924426, 'validation/accuracy': 0.65496, 'validation/loss': 2.10579015625, 'validation/num_examples': 50000, 'test/accuracy': 0.6064, 'test/loss': 1.832052734375, 'test/num_examples': 10000, 'score': 40065.54735183716, 'total_duration': 43389.24611401558, 'accumulated_submission_time': 40065.54735183716, 'accumulated_eval_time': 3211.7640969753265, 'accumulated_logging_time': 38.85499048233032}
I0311 19:34:03.572942 140341948659456 logging_writer.py:48] [49132] accumulated_eval_time=3211.76, accumulated_logging_time=38.855, accumulated_submission_time=40065.5, global_step=49132, preemption_count=0, score=40065.5, test/accuracy=0.6064, test/loss=1.83205, test/num_examples=10000, total_duration=43389.2, train/accuracy=0.726802, train/loss=2.09131, validation/accuracy=0.65496, validation/loss=2.10579, validation/num_examples=50000
I0311 20:07:22.673266 140364133774528 spec.py:333] Evaluating on the training split.
/usr/local/lib/python3.11/multiprocessing/popen_fork.py:66: RuntimeWarning: os.fork() was called. os.fork() is incompatible with multithreaded code, and JAX is multithreaded, so this will likely lead to a deadlock.
  self.pid = os.fork()
I0311 20:08:37.336807 140364133774528 spec.py:346] Evaluating on the validation split.
I0311 20:09:49.425847 140364133774528 spec.py:363] Evaluating on the test split.
I0311 20:09:50.431780 140364133774528 submission_runner.py:516] Time since start: 45537.32s, 	Step: 51411, 	{'train/accuracy': 0.7361686862244898, 'train/loss': 2.012500529386559, 'validation/accuracy': 0.65944, 'validation/loss': 2.0750371875, 'validation/num_examples': 50000, 'test/accuracy': 0.6071, 'test/loss': 1.8301255859375, 'test/num_examples': 10000, 'score': 42059.415940761566, 'total_duration': 45537.315059900284, 'accumulated_submission_time': 42059.415940761566, 'accumulated_eval_time': 3359.5227274894714, 'accumulated_logging_time': 41.69432044029236}
I0311 20:09:51.679561 140321714784000 logging_writer.py:48] [51411] accumulated_eval_time=3359.52, accumulated_logging_time=41.6943, accumulated_submission_time=42059.4, global_step=51411, preemption_count=0, score=42059.4, test/accuracy=0.6071, test/loss=1.83013, test/num_examples=10000, total_duration=45537.3, train/accuracy=0.736169, train/loss=2.0125, validation/accuracy=0.65944, validation/loss=2.07504, validation/num_examples=50000
I0311 20:43:12.721783 140364133774528 spec.py:333] Evaluating on the training split.
/usr/local/lib/python3.11/multiprocessing/popen_fork.py:66: RuntimeWarning: os.fork() was called. os.fork() is incompatible with multithreaded code, and JAX is multithreaded, so this will likely lead to a deadlock.
  self.pid = os.fork()
I0311 20:44:43.229651 140364133774528 spec.py:346] Evaluating on the validation split.
I0311 20:46:00.773999 140364133774528 spec.py:363] Evaluating on the test split.
I0311 20:46:01.761968 140364133774528 submission_runner.py:516] Time since start: 47708.64s, 	Step: 53703, 	{'train/accuracy': 0.733039700255102, 'train/loss': 2.047809367277184, 'validation/accuracy': 0.65968, 'validation/loss': 2.0746703125, 'validation/num_examples': 50000, 'test/accuracy': 0.6091, 'test/loss': 1.8230126953125, 'test/num_examples': 10000, 'score': 44055.290230989456, 'total_duration': 47708.64482355118, 'accumulated_submission_time': 44055.290230989456, 'accumulated_eval_time': 3528.5622568130493, 'accumulated_logging_time': 44.57370328903198}
I0311 20:46:02.827530 140341957052160 logging_writer.py:48] [53703] accumulated_eval_time=3528.56, accumulated_logging_time=44.5737, accumulated_submission_time=44055.3, global_step=53703, preemption_count=0, score=44055.3, test/accuracy=0.6091, test/loss=1.82301, test/num_examples=10000, total_duration=47708.6, train/accuracy=0.73304, train/loss=2.04781, validation/accuracy=0.65968, validation/loss=2.07467, validation/num_examples=50000
I0311 21:19:20.423340 140364133774528 spec.py:333] Evaluating on the training split.
/usr/local/lib/python3.11/multiprocessing/popen_fork.py:66: RuntimeWarning: os.fork() was called. os.fork() is incompatible with multithreaded code, and JAX is multithreaded, so this will likely lead to a deadlock.
  self.pid = os.fork()
I0311 21:20:25.916610 140364133774528 spec.py:346] Evaluating on the validation split.
I0311 21:21:46.894395 140364133774528 spec.py:363] Evaluating on the test split.
I0311 21:21:47.837309 140364133774528 submission_runner.py:516] Time since start: 49854.72s, 	Step: 56106, 	{'train/accuracy': 0.7289740114795918, 'train/loss': 2.1044104439871654, 'validation/accuracy': 0.64924, 'validation/loss': 2.195403125, 'validation/num_examples': 50000, 'test/accuracy': 0.6052, 'test/loss': 1.8157529296875, 'test/num_examples': 10000, 'score': 46047.900688648224, 'total_duration': 49854.72071099281, 'accumulated_submission_time': 46047.900688648224, 'accumulated_eval_time': 3675.976160287857, 'accumulated_logging_time': 47.339640855789185}
I0311 21:21:48.875440 140341898303232 logging_writer.py:48] [56106] accumulated_eval_time=3675.98, accumulated_logging_time=47.3396, accumulated_submission_time=46047.9, global_step=56106, preemption_count=0, score=46047.9, test/accuracy=0.6052, test/loss=1.81575, test/num_examples=10000, total_duration=49854.7, train/accuracy=0.728974, train/loss=2.10441, validation/accuracy=0.64924, validation/loss=2.1954, validation/num_examples=50000
I0311 21:55:09.023466 140364133774528 spec.py:333] Evaluating on the training split.
/usr/local/lib/python3.11/multiprocessing/popen_fork.py:66: RuntimeWarning: os.fork() was called. os.fork() is incompatible with multithreaded code, and JAX is multithreaded, so this will likely lead to a deadlock.
  self.pid = os.fork()
I0311 21:56:08.443174 140364133774528 spec.py:346] Evaluating on the validation split.
I0311 21:57:36.618506 140364133774528 spec.py:363] Evaluating on the test split.
I0311 21:57:37.576449 140364133774528 submission_runner.py:516] Time since start: 52004.46s, 	Step: 58528, 	{'train/accuracy': 0.7387994260204082, 'train/loss': 2.007324685855788, 'validation/accuracy': 0.66622, 'validation/loss': 2.0430475, 'validation/num_examples': 50000, 'test/accuracy': 0.6073, 'test/loss': 1.808406640625, 'test/num_examples': 10000, 'score': 48042.95421028137, 'total_duration': 52004.45934557915, 'accumulated_submission_time': 48042.95421028137, 'accumulated_eval_time': 3824.528636455536, 'accumulated_logging_time': 49.780237436294556}
I0311 21:57:38.015312 140342007408384 logging_writer.py:48] [58528] accumulated_eval_time=3824.53, accumulated_logging_time=49.7802, accumulated_submission_time=48043, global_step=58528, preemption_count=0, score=48043, test/accuracy=0.6073, test/loss=1.80841, test/num_examples=10000, total_duration=52004.5, train/accuracy=0.738799, train/loss=2.00732, validation/accuracy=0.66622, validation/loss=2.04305, validation/num_examples=50000
I0311 22:30:58.863144 140364133774528 spec.py:333] Evaluating on the training split.
/usr/local/lib/python3.11/multiprocessing/popen_fork.py:66: RuntimeWarning: os.fork() was called. os.fork() is incompatible with multithreaded code, and JAX is multithreaded, so this will likely lead to a deadlock.
  self.pid = os.fork()
I0311 22:31:59.575491 140364133774528 spec.py:346] Evaluating on the validation split.
I0311 22:33:30.461941 140364133774528 spec.py:363] Evaluating on the test split.
I0311 22:33:31.453798 140364133774528 submission_runner.py:516] Time since start: 54158.34s, 	Step: 60948, 	{'train/accuracy': 0.7154815051020408, 'train/loss': 2.2599692831234055, 'validation/accuracy': 0.66068, 'validation/loss': 2.0991265625, 'validation/num_examples': 50000, 'test/accuracy': 0.6077, 'test/loss': 1.804656640625, 'test/num_examples': 10000, 'score': 50039.58987617493, 'total_duration': 54158.33718132973, 'accumulated_submission_time': 50039.58987617493, 'accumulated_eval_time': 3977.1194298267365, 'accumulated_logging_time': 50.8185920715332}
I0311 22:33:32.471396 140341957052160 logging_writer.py:48] [60948] accumulated_eval_time=3977.12, accumulated_logging_time=50.8186, accumulated_submission_time=50039.6, global_step=60948, preemption_count=0, score=50039.6, test/accuracy=0.6077, test/loss=1.80466, test/num_examples=10000, total_duration=54158.3, train/accuracy=0.715482, train/loss=2.25997, validation/accuracy=0.66068, validation/loss=2.09913, validation/num_examples=50000
I0311 23:06:48.801151 140364133774528 spec.py:333] Evaluating on the training split.
/usr/local/lib/python3.11/multiprocessing/popen_fork.py:66: RuntimeWarning: os.fork() was called. os.fork() is incompatible with multithreaded code, and JAX is multithreaded, so this will likely lead to a deadlock.
  self.pid = os.fork()
I0311 23:07:50.304318 140364133774528 spec.py:346] Evaluating on the validation split.
I0311 23:09:21.768437 140364133774528 spec.py:363] Evaluating on the test split.
I0311 23:09:22.674422 140364133774528 submission_runner.py:516] Time since start: 56309.56s, 	Step: 63393, 	{'train/accuracy': 0.7433235012755102, 'train/loss': 1.9746314846739477, 'validation/accuracy': 0.6706, 'validation/loss': 1.9901684375, 'validation/num_examples': 50000, 'test/accuracy': 0.6072, 'test/loss': 1.7957291015625, 'test/num_examples': 10000, 'score': 52030.85262918472, 'total_duration': 56309.55756306648, 'accumulated_submission_time': 52030.85262918472, 'accumulated_eval_time': 4130.992326498032, 'accumulated_logging_time': 53.222198486328125}
I0311 23:09:23.027782 140341957052160 logging_writer.py:48] [63393] accumulated_eval_time=4130.99, accumulated_logging_time=53.2222, accumulated_submission_time=52030.9, global_step=63393, preemption_count=0, score=52030.9, test/accuracy=0.6072, test/loss=1.79573, test/num_examples=10000, total_duration=56309.6, train/accuracy=0.743324, train/loss=1.97463, validation/accuracy=0.6706, validation/loss=1.99017, validation/num_examples=50000
I0311 23:42:40.289178 140364133774528 spec.py:333] Evaluating on the training split.
/usr/local/lib/python3.11/multiprocessing/popen_fork.py:66: RuntimeWarning: os.fork() was called. os.fork() is incompatible with multithreaded code, and JAX is multithreaded, so this will likely lead to a deadlock.
  self.pid = os.fork()
I0311 23:43:47.896915 140364133774528 spec.py:346] Evaluating on the validation split.
I0311 23:45:24.233933 140364133774528 spec.py:363] Evaluating on the test split.
I0311 23:45:25.119062 140364133774528 submission_runner.py:516] Time since start: 58472.00s, 	Step: 65851, 	{'train/accuracy': 0.7363879145408163, 'train/loss': 2.057593365104831, 'validation/accuracy': 0.66932, 'validation/loss': 2.01572296875, 'validation/num_examples': 50000, 'test/accuracy': 0.6104, 'test/loss': 1.795328125, 'test/num_examples': 10000, 'score': 54023.97409033775, 'total_duration': 58472.00252199173, 'accumulated_submission_time': 54023.97409033775, 'accumulated_eval_time': 4295.822860479355, 'accumulated_logging_time': 54.076287508010864}
I0311 23:45:26.134529 140341915088640 logging_writer.py:48] [65851] accumulated_eval_time=4295.82, accumulated_logging_time=54.0763, accumulated_submission_time=54024, global_step=65851, preemption_count=0, score=54024, test/accuracy=0.6104, test/loss=1.79533, test/num_examples=10000, total_duration=58472, train/accuracy=0.736388, train/loss=2.05759, validation/accuracy=0.66932, validation/loss=2.01572, validation/num_examples=50000
I0312 00:18:42.489202 140364133774528 spec.py:333] Evaluating on the training split.
/usr/local/lib/python3.11/multiprocessing/popen_fork.py:66: RuntimeWarning: os.fork() was called. os.fork() is incompatible with multithreaded code, and JAX is multithreaded, so this will likely lead to a deadlock.
  self.pid = os.fork()
I0312 00:19:49.438716 140364133774528 spec.py:346] Evaluating on the validation split.
I0312 00:21:14.263652 140364133774528 spec.py:363] Evaluating on the test split.
I0312 00:21:15.288637 140364133774528 submission_runner.py:516] Time since start: 60622.17s, 	Step: 68311, 	{'train/accuracy': 0.7598852040816326, 'train/loss': 1.8400056800063775, 'validation/accuracy': 0.66394, 'validation/loss': 2.06635203125, 'validation/num_examples': 50000, 'test/accuracy': 0.6143, 'test/loss': 1.786463671875, 'test/num_examples': 10000, 'score': 56015.51740646362, 'total_duration': 60622.172102212906, 'accumulated_submission_time': 56015.51740646362, 'accumulated_eval_time': 4448.622329235077, 'accumulated_logging_time': 56.388103008270264}
I0312 00:21:15.697993 140321714784000 logging_writer.py:48] [68311] accumulated_eval_time=4448.62, accumulated_logging_time=56.3881, accumulated_submission_time=56015.5, global_step=68311, preemption_count=0, score=56015.5, test/accuracy=0.6143, test/loss=1.78646, test/num_examples=10000, total_duration=60622.2, train/accuracy=0.759885, train/loss=1.84001, validation/accuracy=0.66394, validation/loss=2.06635, validation/num_examples=50000
I0312 00:54:37.085851 140364133774528 spec.py:333] Evaluating on the training split.
/usr/local/lib/python3.11/multiprocessing/popen_fork.py:66: RuntimeWarning: os.fork() was called. os.fork() is incompatible with multithreaded code, and JAX is multithreaded, so this will likely lead to a deadlock.
  self.pid = os.fork()
I0312 00:55:46.575990 140364133774528 spec.py:346] Evaluating on the validation split.
I0312 00:57:08.534161 140364133774528 spec.py:363] Evaluating on the test split.
I0312 00:57:09.542873 140364133774528 submission_runner.py:516] Time since start: 62776.43s, 	Step: 70776, 	{'train/accuracy': 0.7411511479591837, 'train/loss': 2.022774365483498, 'validation/accuracy': 0.66442, 'validation/loss': 2.0763634375, 'validation/num_examples': 50000, 'test/accuracy': 0.6149, 'test/loss': 1.7840591796875, 'test/num_examples': 10000, 'score': 58012.52626681328, 'total_duration': 62776.42619943619, 'accumulated_submission_time': 58012.52626681328, 'accumulated_eval_time': 4601.079190969467, 'accumulated_logging_time': 57.52836894989014}
I0312 00:57:10.679232 140341973837568 logging_writer.py:48] [70776] accumulated_eval_time=4601.08, accumulated_logging_time=57.5284, accumulated_submission_time=58012.5, global_step=70776, preemption_count=0, score=58012.5, test/accuracy=0.6149, test/loss=1.78406, test/num_examples=10000, total_duration=62776.4, train/accuracy=0.741151, train/loss=2.02277, validation/accuracy=0.66442, validation/loss=2.07636, validation/num_examples=50000
I0312 01:30:27.063380 140364133774528 spec.py:333] Evaluating on the training split.
/usr/local/lib/python3.11/multiprocessing/popen_fork.py:66: RuntimeWarning: os.fork() was called. os.fork() is incompatible with multithreaded code, and JAX is multithreaded, so this will likely lead to a deadlock.
  self.pid = os.fork()
I0312 01:31:37.537704 140364133774528 spec.py:346] Evaluating on the validation split.
I0312 01:32:50.679782 140364133774528 spec.py:363] Evaluating on the test split.
I0312 01:32:51.620614 140364133774528 submission_runner.py:516] Time since start: 64918.50s, 	Step: 73217, 	{'train/accuracy': 0.7427654655612245, 'train/loss': 2.0092935367506377, 'validation/accuracy': 0.6566, 'validation/loss': 2.1759778125, 'validation/num_examples': 50000, 'test/accuracy': 0.6157, 'test/loss': 1.783027734375, 'test/num_examples': 10000, 'score': 60003.74004149437, 'total_duration': 64918.503460645676, 'accumulated_submission_time': 60003.74004149437, 'accumulated_eval_time': 4745.635938644409, 'accumulated_logging_time': 60.21271777153015}
I0312 01:32:52.079505 140342040979200 logging_writer.py:48] [73217] accumulated_eval_time=4745.64, accumulated_logging_time=60.2127, accumulated_submission_time=60003.7, global_step=73217, preemption_count=0, score=60003.7, test/accuracy=0.6157, test/loss=1.78303, test/num_examples=10000, total_duration=64918.5, train/accuracy=0.742765, train/loss=2.00929, validation/accuracy=0.6566, validation/loss=2.17598, validation/num_examples=50000
I0312 02:06:09.206197 140364133774528 spec.py:333] Evaluating on the training split.
/usr/local/lib/python3.11/multiprocessing/popen_fork.py:66: RuntimeWarning: os.fork() was called. os.fork() is incompatible with multithreaded code, and JAX is multithreaded, so this will likely lead to a deadlock.
  self.pid = os.fork()
I0312 02:07:22.134697 140364133774528 spec.py:346] Evaluating on the validation split.
I0312 02:08:35.439178 140364133774528 spec.py:363] Evaluating on the test split.
I0312 02:08:36.424384 140364133774528 submission_runner.py:516] Time since start: 67063.31s, 	Step: 75644, 	{'train/accuracy': 0.7319834183673469, 'train/loss': 2.143987071757414, 'validation/accuracy': 0.66236, 'validation/loss': 2.1070553125, 'validation/num_examples': 50000, 'test/accuracy': 0.6175, 'test/loss': 1.7805546875, 'test/num_examples': 10000, 'score': 61996.633816957474, 'total_duration': 67063.30760288239, 'accumulated_submission_time': 61996.633816957474, 'accumulated_eval_time': 4892.85391497612, 'accumulated_logging_time': 61.3174352645874}
I0312 02:08:37.546147 140323136980736 logging_writer.py:48] [75644] accumulated_eval_time=4892.85, accumulated_logging_time=61.3174, accumulated_submission_time=61996.6, global_step=75644, preemption_count=0, score=61996.6, test/accuracy=0.6175, test/loss=1.78055, test/num_examples=10000, total_duration=67063.3, train/accuracy=0.731983, train/loss=2.14399, validation/accuracy=0.66236, validation/loss=2.10706, validation/num_examples=50000
I0312 02:41:54.959026 140364133774528 spec.py:333] Evaluating on the training split.
/usr/local/lib/python3.11/multiprocessing/popen_fork.py:66: RuntimeWarning: os.fork() was called. os.fork() is incompatible with multithreaded code, and JAX is multithreaded, so this will likely lead to a deadlock.
  self.pid = os.fork()
I0312 02:43:11.962363 140364133774528 spec.py:346] Evaluating on the validation split.
I0312 02:44:24.225422 140364133774528 spec.py:363] Evaluating on the test split.
I0312 02:44:25.238485 140364133774528 submission_runner.py:516] Time since start: 69212.12s, 	Step: 78045, 	{'train/accuracy': 0.7356704400510204, 'train/loss': 2.117939073212293, 'validation/accuracy': 0.6703, 'validation/loss': 2.04480359375, 'validation/num_examples': 50000, 'test/accuracy': 0.6172, 'test/loss': 1.7770587890625, 'test/num_examples': 10000, 'score': 63988.783977508545, 'total_duration': 69212.12135791779, 'accumulated_submission_time': 63988.783977508545, 'accumulated_eval_time': 5043.1328847408295, 'accumulated_logging_time': 64.1146309375763}
I0312 02:44:26.604540 140342007408384 logging_writer.py:48] [78045] accumulated_eval_time=5043.13, accumulated_logging_time=64.1146, accumulated_submission_time=63988.8, global_step=78045, preemption_count=0, score=63988.8, test/accuracy=0.6172, test/loss=1.77706, test/num_examples=10000, total_duration=69212.1, train/accuracy=0.73567, train/loss=2.11794, validation/accuracy=0.6703, validation/loss=2.0448, validation/num_examples=50000
I0312 03:17:43.689141 140364133774528 spec.py:333] Evaluating on the training split.
/usr/local/lib/python3.11/multiprocessing/popen_fork.py:66: RuntimeWarning: os.fork() was called. os.fork() is incompatible with multithreaded code, and JAX is multithreaded, so this will likely lead to a deadlock.
  self.pid = os.fork()
I0312 03:18:54.422422 140364133774528 spec.py:346] Evaluating on the validation split.
I0312 03:20:06.334882 140364133774528 spec.py:363] Evaluating on the test split.
I0312 03:20:07.331995 140364133774528 submission_runner.py:516] Time since start: 71354.21s, 	Step: 80385, 	{'train/accuracy': 0.7549426020408163, 'train/loss': 1.9122803357182716, 'validation/accuracy': 0.66534, 'validation/loss': 2.09674109375, 'validation/num_examples': 50000, 'test/accuracy': 0.6184, 'test/loss': 1.772878125, 'test/num_examples': 10000, 'score': 65980.48747396469, 'total_duration': 71354.21426486969, 'accumulated_submission_time': 65980.48747396469, 'accumulated_eval_time': 5186.774526596069, 'accumulated_logging_time': 67.24044680595398}
I0312 03:20:08.387830 140341990622976 logging_writer.py:48] [80385] accumulated_eval_time=5186.77, accumulated_logging_time=67.2404, accumulated_submission_time=65980.5, global_step=80385, preemption_count=0, score=65980.5, test/accuracy=0.6184, test/loss=1.77288, test/num_examples=10000, total_duration=71354.2, train/accuracy=0.754943, train/loss=1.91228, validation/accuracy=0.66534, validation/loss=2.09674, validation/num_examples=50000
I0312 03:53:24.669837 140364133774528 spec.py:333] Evaluating on the training split.
/usr/local/lib/python3.11/multiprocessing/popen_fork.py:66: RuntimeWarning: os.fork() was called. os.fork() is incompatible with multithreaded code, and JAX is multithreaded, so this will likely lead to a deadlock.
  self.pid = os.fork()
I0312 03:54:36.120418 140364133774528 spec.py:346] Evaluating on the validation split.
I0312 03:55:48.314461 140364133774528 spec.py:363] Evaluating on the test split.
I0312 03:55:49.326569 140364133774528 submission_runner.py:516] Time since start: 73496.21s, 	Step: 82672, 	{'train/accuracy': 0.7521524234693877, 'train/loss': 2.0003322679169324, 'validation/accuracy': 0.66054, 'validation/loss': 2.1332846875, 'validation/num_examples': 50000, 'test/accuracy': 0.6187, 'test/loss': 1.7735169921875, 'test/num_examples': 10000, 'score': 67971.52617883682, 'total_duration': 73496.20959210396, 'accumulated_submission_time': 67971.52617883682, 'accumulated_eval_time': 5331.430944919586, 'accumulated_logging_time': 69.8027594089508}
I0312 03:55:50.309807 140341931874048 logging_writer.py:48] [82672] accumulated_eval_time=5331.43, accumulated_logging_time=69.8028, accumulated_submission_time=67971.5, global_step=82672, preemption_count=0, score=67971.5, test/accuracy=0.6187, test/loss=1.77352, test/num_examples=10000, total_duration=73496.2, train/accuracy=0.752152, train/loss=2.00033, validation/accuracy=0.66054, validation/loss=2.13328, validation/num_examples=50000
I0312 04:29:08.500225 140364133774528 spec.py:333] Evaluating on the training split.
/usr/local/lib/python3.11/multiprocessing/popen_fork.py:66: RuntimeWarning: os.fork() was called. os.fork() is incompatible with multithreaded code, and JAX is multithreaded, so this will likely lead to a deadlock.
  self.pid = os.fork()
I0312 04:30:36.952061 140364133774528 spec.py:346] Evaluating on the validation split.
I0312 04:31:59.250439 140364133774528 spec.py:363] Evaluating on the test split.
I0312 04:32:00.224052 140364133774528 submission_runner.py:516] Time since start: 75667.11s, 	Step: 84978, 	{'train/accuracy': 0.7578523596938775, 'train/loss': 1.8963062519929847, 'validation/accuracy': 0.67104, 'validation/loss': 2.02784359375, 'validation/num_examples': 50000, 'test/accuracy': 0.6185, 'test/loss': 1.76803359375, 'test/num_examples': 10000, 'score': 69964.87274432182, 'total_duration': 75667.10733747482, 'accumulated_submission_time': 69964.87274432182, 'accumulated_eval_time': 5503.154601097107, 'accumulated_logging_time': 72.048348903656}
I0312 04:32:01.240938 140341965444864 logging_writer.py:48] [84978] accumulated_eval_time=5503.15, accumulated_logging_time=72.0483, accumulated_submission_time=69964.9, global_step=84978, preemption_count=0, score=69964.9, test/accuracy=0.6185, test/loss=1.76803, test/num_examples=10000, total_duration=75667.1, train/accuracy=0.757852, train/loss=1.89631, validation/accuracy=0.67104, validation/loss=2.02784, validation/num_examples=50000
I0312 05:05:30.893459 140364133774528 spec.py:333] Evaluating on the training split.
/usr/local/lib/python3.11/multiprocessing/popen_fork.py:66: RuntimeWarning: os.fork() was called. os.fork() is incompatible with multithreaded code, and JAX is multithreaded, so this will likely lead to a deadlock.
  self.pid = os.fork()
I0312 05:06:41.269191 140364133774528 spec.py:346] Evaluating on the validation split.
I0312 05:08:05.873175 140364133774528 spec.py:363] Evaluating on the test split.
I0312 05:08:06.916081 140364133774528 submission_runner.py:516] Time since start: 77833.80s, 	Step: 87379, 	{'train/accuracy': 0.7660833864795918, 'train/loss': 1.831621131118463, 'validation/accuracy': 0.6722, 'validation/loss': 2.01855703125, 'validation/num_examples': 50000, 'test/accuracy': 0.619, 'test/loss': 1.771417578125, 'test/num_examples': 10000, 'score': 71969.95050811768, 'total_duration': 77833.79941034317, 'accumulated_submission_time': 71969.95050811768, 'accumulated_eval_time': 5659.177079200745, 'accumulated_logging_time': 74.46826004981995}
I0312 05:08:08.072645 140341898303232 logging_writer.py:48] [87379] accumulated_eval_time=5659.18, accumulated_logging_time=74.4683, accumulated_submission_time=71970, global_step=87379, preemption_count=0, score=71970, test/accuracy=0.619, test/loss=1.77142, test/num_examples=10000, total_duration=77833.8, train/accuracy=0.766083, train/loss=1.83162, validation/accuracy=0.6722, validation/loss=2.01856, validation/num_examples=50000
I0312 05:41:25.089304 140364133774528 spec.py:333] Evaluating on the training split.
/usr/local/lib/python3.11/multiprocessing/popen_fork.py:66: RuntimeWarning: os.fork() was called. os.fork() is incompatible with multithreaded code, and JAX is multithreaded, so this will likely lead to a deadlock.
  self.pid = os.fork()
I0312 05:42:26.075315 140364133774528 spec.py:346] Evaluating on the validation split.
I0312 05:43:54.634133 140364133774528 spec.py:363] Evaluating on the test split.
I0312 05:43:55.630489 140364133774528 submission_runner.py:516] Time since start: 79982.51s, 	Step: 89801, 	{'train/accuracy': 0.7659239477040817, 'train/loss': 1.8369042532784599, 'validation/accuracy': 0.67436, 'validation/loss': 1.9794296875, 'validation/num_examples': 50000, 'test/accuracy': 0.6178, 'test/loss': 1.772416015625, 'test/num_examples': 10000, 'score': 73961.89125466347, 'total_duration': 79982.5133152008, 'accumulated_submission_time': 73961.89125466347, 'accumulated_eval_time': 5809.717657804489, 'accumulated_logging_time': 77.0728268623352}
I0312 05:43:55.995029 140323136980736 logging_writer.py:48] [89801] accumulated_eval_time=5809.72, accumulated_logging_time=77.0728, accumulated_submission_time=73961.9, global_step=89801, preemption_count=0, score=73961.9, test/accuracy=0.6178, test/loss=1.77242, test/num_examples=10000, total_duration=79982.5, train/accuracy=0.765924, train/loss=1.8369, validation/accuracy=0.67436, validation/loss=1.97943, validation/num_examples=50000
I0312 06:17:17.926791 140341948659456 logging_writer.py:48] [92244] global_step=92244, preemption_count=0, score=75956.1
I0312 06:17:29.611716 140364133774528 submission_runner.py:857] Final imagenet_resnet score: 75956.09458518028
