python submission_runner.py --framework=jax --workload=fastmri --submission_path=submissions_algorithms/submissions/self_tuning/cautious_nadamw/submission.py --data_dir=/data/fastmri --experiment_dir=/experiment_runs --experiment_name=submissions_a100/cautious_nadamw/study_0 --overwrite=True --save_checkpoints=False --rng_seed=1668692506 --tuning_ruleset=self 2>&1 | tee -a /logs/fastmri_jax_04-14-2026-02-07-56.log
2026-04-14 02:07:57.570006: E external/local_xla/xla/stream_executor/cuda/cuda_fft.cc:467] Unable to register cuFFT factory: Attempting to register factory for plugin cuFFT when one has already been registered
WARNING: All log messages before absl::InitializeLog() is called are written to STDERR
E0000 00:00:1776132477.592835       9 cuda_dnn.cc:8579] Unable to register cuDNN factory: Attempting to register factory for plugin cuDNN when one has already been registered
E0000 00:00:1776132477.600420       9 cuda_blas.cc:1407] Unable to register cuBLAS factory: Attempting to register factory for plugin cuBLAS when one has already been registered
W0000 00:00:1776132477.618611       9 computation_placer.cc:177] computation placer already registered. Please check linkage and avoid linking the same target more than once.
W0000 00:00:1776132477.618636       9 computation_placer.cc:177] computation placer already registered. Please check linkage and avoid linking the same target more than once.
W0000 00:00:1776132477.618639       9 computation_placer.cc:177] computation placer already registered. Please check linkage and avoid linking the same target more than once.
W0000 00:00:1776132477.618641       9 computation_placer.cc:177] computation placer already registered. Please check linkage and avoid linking the same target more than once.
/usr/local/lib/python3.11/site-packages/torch/__init__.py:1617: UserWarning: Please use the new API settings to control TF32 behavior, such as torch.backends.cudnn.conv.fp32_precision = 'tf32' or torch.backends.cuda.matmul.fp32_precision = 'ieee'. Old settings, e.g, torch.backends.cuda.matmul.allow_tf32 = True, torch.backends.cudnn.allow_tf32 = True, allowTF32CuDNN() and allowTF32CuBLAS() will be deprecated after Pytorch 2.9. Please see https://pytorch.org/docs/main/notes/cuda.html#tensorfloat-32-tf32-on-ampere-and-later-devices (Triggered internally at /pytorch/aten/src/ATen/Context.cpp:80.)
  _C._set_float32_matmul_precision(precision)
/usr/local/lib/python3.11/site-packages/pydantic/_internal/_generate_schema.py:2249: UnsupportedFieldAttributeWarning: The 'repr' attribute with value False was provided to the `Field()` function, which has no effect in the context it was used. 'repr' is field-specific metadata, and can only be attached to a model field using `Annotated` metadata or by assignment. This may have happened because an `Annotated` type alias using the `type` statement was used, or if the `Field()` function was attached to a single member of a union type.
  warnings.warn(
/usr/local/lib/python3.11/site-packages/pydantic/_internal/_generate_schema.py:2249: UnsupportedFieldAttributeWarning: The 'frozen' attribute with value True was provided to the `Field()` function, which has no effect in the context it was used. 'frozen' is field-specific metadata, and can only be attached to a model field using `Annotated` metadata or by assignment. This may have happened because an `Annotated` type alias using the `type` statement was used, or if the `Field()` function was attached to a single member of a union type.
  warnings.warn(
INFO:2026-04-14 02:08:06,801:jax._src.xla_bridge:830: Unable to initialize backend 'tpu': INTERNAL: Failed to open libtpu.so: libtpu.so: cannot open shared object file: No such file or directory
I0414 02:08:06.801763 140021589517504 xla_bridge.py:830] Unable to initialize backend 'tpu': INTERNAL: Failed to open libtpu.so: libtpu.so: cannot open shared object file: No such file or directory
I0414 02:08:07.460416 140021589517504 logger_utils.py:84] Creating experiment directory at /experiment_runs/submissions_a100/cautious_nadamw/study_0/fastmri_jax.
I0414 02:08:07.950929 140021589517504 submission_runner.py:741] Creating directory at /experiment_runs/submissions_a100/cautious_nadamw/study_0/fastmri_jax/trial_1.
I0414 02:08:08.214951 140021589517504 submission_runner.py:242] Initializing dataset.
WARNING:tensorflow:AutoGraph could not transform <function array at 0x7f5904814680> and will run it as-is.
Please report this to the TensorFlow team. When filing the bug, set the verbosity to 10 (on Linux, `export AUTOGRAPH_VERBOSITY=10`) and attach the full output.
Cause: (<gast.gast.NamedExpr object at 0x7f56f467fca0>, (leaf_jax_array := getattr(leaf, '__jax_array__', None)))
To silence this warning, decorate the function with @tf.autograph.experimental.do_not_convert
W0414 02:08:09.942369 140021589517504 ag_logging.py:142] AutoGraph could not transform <function array at 0x7f5904814680> and will run it as-is.
Please report this to the TensorFlow team. When filing the bug, set the verbosity to 10 (on Linux, `export AUTOGRAPH_VERBOSITY=10`) and attach the full output.
Cause: (<gast.gast.NamedExpr object at 0x7f56f467fca0>, (leaf_jax_array := getattr(leaf, '__jax_array__', None)))
To silence this warning, decorate the function with @tf.autograph.experimental.do_not_convert
WARNING:tensorflow:AutoGraph could not transform <function standard_insert_pvary at 0x7f5905695300> and will run it as-is.
Please report this to the TensorFlow team. When filing the bug, set the verbosity to 10 (on Linux, `export AUTOGRAPH_VERBOSITY=10`) and attach the full output.
Cause: (<gast.gast.NamedExpr object at 0x7f56f4690b50>, (aval := get_aval(a)))
To silence this warning, decorate the function with @tf.autograph.experimental.do_not_convert
W0414 02:08:09.989837 140021589517504 ag_logging.py:142] AutoGraph could not transform <function standard_insert_pvary at 0x7f5905695300> and will run it as-is.
Please report this to the TensorFlow team. When filing the bug, set the verbosity to 10 (on Linux, `export AUTOGRAPH_VERBOSITY=10`) and attach the full output.
Cause: (<gast.gast.NamedExpr object at 0x7f56f4690b50>, (aval := get_aval(a)))
To silence this warning, decorate the function with @tf.autograph.experimental.do_not_convert
I0414 02:08:11.125258 140021589517504 submission_runner.py:251] Initializing model.
I0414 02:08:20.828777 140021589517504 submission_runner.py:294] Initializing optimizer.
I0414 02:08:21.547070 140021589517504 submission_runner.py:299] Initializing metrics bundle.
I0414 02:08:21.547282 140021589517504 submission_runner.py:321] Initializing checkpoint and logger.
I0414 02:08:21.549854 140021589517504 checkpoints.py:1098] Found no checkpoint files in /experiment_runs/submissions_a100/cautious_nadamw/study_0/fastmri_jax/trial_1 with prefix checkpoint_
I0414 02:08:21.549981 140021589517504 submission_runner.py:344] Saving meta data to /experiment_runs/submissions_a100/cautious_nadamw/study_0/fastmri_jax/trial_1/meta_data_0.json.
I0414 02:08:21.550154 140021589517504 logger_utils.py:283] Unable to record workload.train_mean information. Continuing without it.
I0414 02:08:21.550212 140021589517504 logger_utils.py:283] Unable to record workload.train_stddev information. Continuing without it.
I0414 02:08:21.807811 140021589517504 submission_runner.py:348] Saving flags to /experiment_runs/submissions_a100/cautious_nadamw/study_0/fastmri_jax/trial_1/flags_0.json.
I0414 02:08:21.818272 140021589517504 submission_runner.py:359] Starting training loop.
I0414 02:12:35.668389 140021589517504 spec.py:333] Evaluating on the training split.
I0414 02:19:00.312725 140021589517504 spec.py:346] Evaluating on the validation split.
I0414 02:22:36.215143 140021589517504 spec.py:363] Evaluating on the test split.
I0414 02:26:15.616769 140021589517504 submission_runner.py:516] Time since start: 1073.80s, 	Step: 1, 	{'train/ssim': 0.22960129805973598, 'train/loss': 0.8762330327715192, 'validation/ssim': 0.21961179098924627, 'validation/loss': 0.8759895457802828, 'validation/num_examples': 3554, 'test/ssim': 0.24417363954835417, 'test/loss': 0.875163010397759, 'test/num_examples': 3581, 'score': 253.84990239143372, 'total_duration': 1073.7984457015991, 'accumulated_submission_time': 253.84990239143372, 'accumulated_eval_time': 819.9483363628387, 'accumulated_logging_time': 0}
I0414 02:26:15.634372 139818380490496 logging_writer.py:48] [1] accumulated_eval_time=819.948, accumulated_logging_time=0, accumulated_submission_time=253.85, global_step=1, preemption_count=0, score=253.85, test/loss=0.875163, test/num_examples=3581, test/ssim=0.244174, total_duration=1073.8, train/loss=0.876233, train/ssim=0.229601, validation/loss=0.87599, validation/num_examples=3554, validation/ssim=0.219612
I0414 02:28:06.094913 140021589517504 spec.py:333] Evaluating on the training split.
I0414 02:28:07.542456 140021589517504 spec.py:346] Evaluating on the validation split.
I0414 02:28:08.675776 140021589517504 spec.py:363] Evaluating on the test split.
I0414 02:28:09.810232 140021589517504 submission_runner.py:516] Time since start: 1187.99s, 	Step: 262, 	{'train/ssim': 0.717573710850307, 'train/loss': 0.2975409712110247, 'validation/ssim': 0.6920747858926561, 'validation/loss': 0.31914998120515614, 'validation/num_examples': 3554, 'test/ssim': 0.7096547561129922, 'test/loss': 0.3214200980434934, 'test/num_examples': 3581, 'score': 364.27534556388855, 'total_duration': 1187.9919004440308, 'accumulated_submission_time': 364.27534556388855, 'accumulated_eval_time': 823.6636004447937, 'accumulated_logging_time': 0.05029869079589844}
I0414 02:28:09.833579 139819487737600 logging_writer.py:48] [262] accumulated_eval_time=823.664, accumulated_logging_time=0.0502987, accumulated_submission_time=364.275, global_step=262, preemption_count=0, score=364.275, test/loss=0.32142, test/num_examples=3581, test/ssim=0.709655, total_duration=1187.99, train/loss=0.297541, train/ssim=0.717574, validation/loss=0.31915, validation/num_examples=3554, validation/ssim=0.692075
I0414 02:29:59.998593 140021589517504 spec.py:333] Evaluating on the training split.
I0414 02:30:01.227895 140021589517504 spec.py:346] Evaluating on the validation split.
I0414 02:30:02.361293 140021589517504 spec.py:363] Evaluating on the test split.
I0414 02:30:03.495391 140021589517504 submission_runner.py:516] Time since start: 1301.68s, 	Step: 317, 	{'train/ssim': 0.7192375319344657, 'train/loss': 0.2932614598955427, 'validation/ssim': 0.6943728265027083, 'validation/loss': 0.31427860635683386, 'validation/num_examples': 3554, 'test/ssim': 0.7118810649958113, 'test/loss': 0.3162662492255131, 'test/num_examples': 3581, 'score': 474.43196964263916, 'total_duration': 1301.6770617961884, 'accumulated_submission_time': 474.43196964263916, 'accumulated_eval_time': 827.1603457927704, 'accumulated_logging_time': 0.08129572868347168}
I0414 02:30:03.517083 139819496130304 logging_writer.py:48] [317] accumulated_eval_time=827.16, accumulated_logging_time=0.0812957, accumulated_submission_time=474.432, global_step=317, preemption_count=0, score=474.432, test/loss=0.316266, test/num_examples=3581, test/ssim=0.711881, total_duration=1301.68, train/loss=0.293261, train/ssim=0.719238, validation/loss=0.314279, validation/num_examples=3554, validation/ssim=0.694373
I0414 02:31:54.278978 140021589517504 spec.py:333] Evaluating on the training split.
I0414 02:31:55.508076 140021589517504 spec.py:346] Evaluating on the validation split.
I0414 02:31:56.641469 140021589517504 spec.py:363] Evaluating on the test split.
I0414 02:31:57.775513 140021589517504 submission_runner.py:516] Time since start: 1415.96s, 	Step: 381, 	{'train/ssim': 0.7241601943969727, 'train/loss': 0.28914073535374235, 'validation/ssim': 0.6989730980936972, 'validation/loss': 0.3102495647509848, 'validation/num_examples': 3554, 'test/ssim': 0.7163027305571069, 'test/loss': 0.31242919853698337, 'test/num_examples': 3581, 'score': 585.1855041980743, 'total_duration': 1415.9571783542633, 'accumulated_submission_time': 585.1855041980743, 'accumulated_eval_time': 830.6568200588226, 'accumulated_logging_time': 0.11052727699279785}
I0414 02:31:57.799719 139819487737600 logging_writer.py:48] [381] accumulated_eval_time=830.657, accumulated_logging_time=0.110527, accumulated_submission_time=585.186, global_step=381, preemption_count=0, score=585.186, test/loss=0.312429, test/num_examples=3581, test/ssim=0.716303, total_duration=1415.96, train/loss=0.289141, train/ssim=0.72416, validation/loss=0.31025, validation/num_examples=3554, validation/ssim=0.698973
I0414 02:33:48.487563 140021589517504 spec.py:333] Evaluating on the training split.
I0414 02:33:49.747713 140021589517504 spec.py:346] Evaluating on the validation split.
I0414 02:33:50.881199 140021589517504 spec.py:363] Evaluating on the test split.
I0414 02:33:52.015831 140021589517504 submission_runner.py:516] Time since start: 1530.20s, 	Step: 443, 	{'train/ssim': 0.7258241517203194, 'train/loss': 0.2877647876739502, 'validation/ssim': 0.7005206501477209, 'validation/loss': 0.3092174283158061, 'validation/num_examples': 3554, 'test/ssim': 0.7176392658300754, 'test/loss': 0.3110761304235898, 'test/num_examples': 3581, 'score': 695.8649265766144, 'total_duration': 1530.197508573532, 'accumulated_submission_time': 695.8649265766144, 'accumulated_eval_time': 834.185040473938, 'accumulated_logging_time': 0.14238762855529785}
I0414 02:33:52.036874 139819496130304 logging_writer.py:48] [443] accumulated_eval_time=834.185, accumulated_logging_time=0.142388, accumulated_submission_time=695.865, global_step=443, preemption_count=0, score=695.865, test/loss=0.311076, test/num_examples=3581, test/ssim=0.717639, total_duration=1530.2, train/loss=0.287765, train/ssim=0.725824, validation/loss=0.309217, validation/num_examples=3554, validation/ssim=0.700521
I0414 02:35:42.905344 140021589517504 spec.py:333] Evaluating on the training split.
I0414 02:35:44.157330 140021589517504 spec.py:346] Evaluating on the validation split.
I0414 02:35:45.290750 140021589517504 spec.py:363] Evaluating on the test split.
I0414 02:35:46.425137 140021589517504 submission_runner.py:516] Time since start: 1644.61s, 	Step: 504, 	{'train/ssim': 0.7290188244410923, 'train/loss': 0.28198630469185965, 'validation/ssim': 0.703064686137099, 'validation/loss': 0.30354874953837224, 'validation/num_examples': 3554, 'test/ssim': 0.7206340620418529, 'test/loss': 0.3051612596210905, 'test/num_examples': 3581, 'score': 806.725094795227, 'total_duration': 1644.6068186759949, 'accumulated_submission_time': 806.725094795227, 'accumulated_eval_time': 837.7047879695892, 'accumulated_logging_time': 0.1709754467010498}
I0414 02:35:46.446739 139819487737600 logging_writer.py:48] [504] accumulated_eval_time=837.705, accumulated_logging_time=0.170975, accumulated_submission_time=806.725, global_step=504, preemption_count=0, score=806.725, test/loss=0.305161, test/num_examples=3581, test/ssim=0.720634, total_duration=1644.61, train/loss=0.281986, train/ssim=0.729019, validation/loss=0.303549, validation/num_examples=3554, validation/ssim=0.703065
I0414 02:37:37.216622 140021589517504 spec.py:333] Evaluating on the training split.
I0414 02:37:38.481467 140021589517504 spec.py:346] Evaluating on the validation split.
I0414 02:37:39.615092 140021589517504 spec.py:363] Evaluating on the test split.
I0414 02:37:40.749244 140021589517504 submission_runner.py:516] Time since start: 1758.93s, 	Step: 566, 	{'train/ssim': 0.7294787679399762, 'train/loss': 0.28541081292288645, 'validation/ssim': 0.7041344672156373, 'validation/loss': 0.3068369541801491, 'validation/num_examples': 3554, 'test/ssim': 0.7214705215023737, 'test/loss': 0.3088653317312727, 'test/num_examples': 3581, 'score': 917.4855377674103, 'total_duration': 1758.9309134483337, 'accumulated_submission_time': 917.4855377674103, 'accumulated_eval_time': 841.2373538017273, 'accumulated_logging_time': 0.20123505592346191}
I0414 02:37:40.771649 139819496130304 logging_writer.py:48] [566] accumulated_eval_time=841.237, accumulated_logging_time=0.201235, accumulated_submission_time=917.486, global_step=566, preemption_count=0, score=917.486, test/loss=0.308865, test/num_examples=3581, test/ssim=0.721471, total_duration=1758.93, train/loss=0.285411, train/ssim=0.729479, validation/loss=0.306837, validation/num_examples=3554, validation/ssim=0.704134
I0414 02:39:31.145914 140021589517504 spec.py:333] Evaluating on the training split.
I0414 02:39:32.401905 140021589517504 spec.py:346] Evaluating on the validation split.
I0414 02:39:33.535138 140021589517504 spec.py:363] Evaluating on the test split.
I0414 02:39:34.668944 140021589517504 submission_runner.py:516] Time since start: 1872.85s, 	Step: 629, 	{'train/ssim': 0.7299426623753139, 'train/loss': 0.2811838218144008, 'validation/ssim': 0.7039992075390406, 'validation/loss': 0.3024260392669351, 'validation/num_examples': 3554, 'test/ssim': 0.7213621206105139, 'test/loss': 0.304461119395333, 'test/num_examples': 3581, 'score': 1027.8515360355377, 'total_duration': 1872.8506243228912, 'accumulated_submission_time': 1027.8515360355377, 'accumulated_eval_time': 844.7603380680084, 'accumulated_logging_time': 0.23113608360290527}
I0414 02:39:34.690968 139819487737600 logging_writer.py:48] [629] accumulated_eval_time=844.76, accumulated_logging_time=0.231136, accumulated_submission_time=1027.85, global_step=629, preemption_count=0, score=1027.85, test/loss=0.304461, test/num_examples=3581, test/ssim=0.721362, total_duration=1872.85, train/loss=0.281184, train/ssim=0.729943, validation/loss=0.302426, validation/num_examples=3554, validation/ssim=0.703999
I0414 02:41:25.539243 140021589517504 spec.py:333] Evaluating on the training split.
I0414 02:41:26.798784 140021589517504 spec.py:346] Evaluating on the validation split.
I0414 02:41:27.932284 140021589517504 spec.py:363] Evaluating on the test split.
I0414 02:41:29.066651 140021589517504 submission_runner.py:516] Time since start: 1987.25s, 	Step: 687, 	{'train/ssim': 0.7239206177847726, 'train/loss': 0.29096886089869906, 'validation/ssim': 0.6992889558859735, 'validation/loss': 0.31316853589265614, 'validation/num_examples': 3554, 'test/ssim': 0.7155883073207554, 'test/loss': 0.31522297586218934, 'test/num_examples': 3581, 'score': 1138.686969280243, 'total_duration': 1987.2483217716217, 'accumulated_submission_time': 1138.686969280243, 'accumulated_eval_time': 848.2876889705658, 'accumulated_logging_time': 0.2652320861816406}
I0414 02:41:29.089534 139819496130304 logging_writer.py:48] [687] accumulated_eval_time=848.288, accumulated_logging_time=0.265232, accumulated_submission_time=1138.69, global_step=687, preemption_count=0, score=1138.69, test/loss=0.315223, test/num_examples=3581, test/ssim=0.715588, total_duration=1987.25, train/loss=0.290969, train/ssim=0.723921, validation/loss=0.313169, validation/num_examples=3554, validation/ssim=0.699289
I0414 02:43:21.157606 140021589517504 spec.py:333] Evaluating on the training split.
I0414 02:43:22.419856 140021589517504 spec.py:346] Evaluating on the validation split.
I0414 02:43:23.553203 140021589517504 spec.py:363] Evaluating on the test split.
I0414 02:43:24.687574 140021589517504 submission_runner.py:516] Time since start: 2102.87s, 	Step: 749, 	{'train/ssim': 0.7317112513950893, 'train/loss': 0.2794325351715088, 'validation/ssim': 0.7071037915025323, 'validation/loss': 0.3003790087423502, 'validation/num_examples': 3554, 'test/ssim': 0.7241455009948339, 'test/loss': 0.3023684367691462, 'test/num_examples': 3581, 'score': 1250.745866060257, 'total_duration': 2102.8692553043365, 'accumulated_submission_time': 1250.745866060257, 'accumulated_eval_time': 851.8176136016846, 'accumulated_logging_time': 0.29651713371276855}
I0414 02:43:24.711217 139819487737600 logging_writer.py:48] [749] accumulated_eval_time=851.818, accumulated_logging_time=0.296517, accumulated_submission_time=1250.75, global_step=749, preemption_count=0, score=1250.75, test/loss=0.302368, test/num_examples=3581, test/ssim=0.724146, total_duration=2102.87, train/loss=0.279433, train/ssim=0.731711, validation/loss=0.300379, validation/num_examples=3554, validation/ssim=0.707104
I0414 02:45:14.982409 140021589517504 spec.py:333] Evaluating on the training split.
I0414 02:45:16.245265 140021589517504 spec.py:346] Evaluating on the validation split.
I0414 02:45:17.378722 140021589517504 spec.py:363] Evaluating on the test split.
I0414 02:45:18.513270 140021589517504 submission_runner.py:516] Time since start: 2216.69s, 	Step: 814, 	{'train/ssim': 0.735943044934954, 'train/loss': 0.2772570678165981, 'validation/ssim': 0.7101847445220174, 'validation/loss': 0.2988637431525218, 'validation/num_examples': 3554, 'test/ssim': 0.7272024743219422, 'test/loss': 0.3007194819446384, 'test/num_examples': 3581, 'score': 1361.006748199463, 'total_duration': 2216.6949520111084, 'accumulated_submission_time': 1361.006748199463, 'accumulated_eval_time': 855.3484337329865, 'accumulated_logging_time': 0.3292520046234131}
I0414 02:45:18.535463 139819496130304 logging_writer.py:48] [814] accumulated_eval_time=855.348, accumulated_logging_time=0.329252, accumulated_submission_time=1361.01, global_step=814, preemption_count=0, score=1361.01, test/loss=0.300719, test/num_examples=3581, test/ssim=0.727202, total_duration=2216.69, train/loss=0.277257, train/ssim=0.735943, validation/loss=0.298864, validation/num_examples=3554, validation/ssim=0.710185
I0414 02:47:08.825227 140021589517504 spec.py:333] Evaluating on the training split.
I0414 02:47:10.078304 140021589517504 spec.py:346] Evaluating on the validation split.
I0414 02:47:11.211992 140021589517504 spec.py:363] Evaluating on the test split.
I0414 02:47:12.346376 140021589517504 submission_runner.py:516] Time since start: 2330.53s, 	Step: 876, 	{'train/ssim': 0.7364488329206195, 'train/loss': 0.27676619802202496, 'validation/ssim': 0.7110916506928813, 'validation/loss': 0.2979850361168754, 'validation/num_examples': 3554, 'test/ssim': 0.7280762945929908, 'test/loss': 0.29987545487468587, 'test/num_examples': 3581, 'score': 1471.2881543636322, 'total_duration': 2330.5280408859253, 'accumulated_submission_time': 1471.2881543636322, 'accumulated_eval_time': 858.8695228099823, 'accumulated_logging_time': 0.35900402069091797}
I0414 02:47:12.368478 139819487737600 logging_writer.py:48] [876] accumulated_eval_time=858.87, accumulated_logging_time=0.359004, accumulated_submission_time=1471.29, global_step=876, preemption_count=0, score=1471.29, test/loss=0.299875, test/num_examples=3581, test/ssim=0.728076, total_duration=2330.53, train/loss=0.276766, train/ssim=0.736449, validation/loss=0.297985, validation/num_examples=3554, validation/ssim=0.711092
I0414 02:49:02.826346 140021589517504 spec.py:333] Evaluating on the training split.
I0414 02:49:04.079339 140021589517504 spec.py:346] Evaluating on the validation split.
I0414 02:49:05.212545 140021589517504 spec.py:363] Evaluating on the test split.
I0414 02:49:06.346873 140021589517504 submission_runner.py:516] Time since start: 2444.53s, 	Step: 942, 	{'train/ssim': 0.7351277215140206, 'train/loss': 0.2777728353227888, 'validation/ssim': 0.7097849419228335, 'validation/loss': 0.29956260771314014, 'validation/num_examples': 3554, 'test/ssim': 0.7266286313617006, 'test/loss': 0.30143888207728287, 'test/num_examples': 3581, 'score': 1581.7377367019653, 'total_duration': 2444.5285437107086, 'accumulated_submission_time': 1581.7377367019653, 'accumulated_eval_time': 862.3899977207184, 'accumulated_logging_time': 0.3885934352874756}
I0414 02:49:06.390259 139819496130304 logging_writer.py:48] [942] accumulated_eval_time=862.39, accumulated_logging_time=0.388593, accumulated_submission_time=1581.74, global_step=942, preemption_count=0, score=1581.74, test/loss=0.301439, test/num_examples=3581, test/ssim=0.726629, total_duration=2444.53, train/loss=0.277773, train/ssim=0.735128, validation/loss=0.299563, validation/num_examples=3554, validation/ssim=0.709785
I0414 02:50:56.375530 140021589517504 spec.py:333] Evaluating on the training split.
I0414 02:50:57.816126 140021589517504 spec.py:346] Evaluating on the validation split.
I0414 02:50:58.949663 140021589517504 spec.py:363] Evaluating on the test split.
I0414 02:51:00.083917 140021589517504 submission_runner.py:516] Time since start: 2558.27s, 	Step: 1540, 	{'train/ssim': 0.7405695915222168, 'train/loss': 0.2724943161010742, 'validation/ssim': 0.7149475475476575, 'validation/loss': 0.29415311367912916, 'validation/num_examples': 3554, 'test/ssim': 0.7320421991718444, 'test/loss': 0.2958148529129433, 'test/num_examples': 3581, 'score': 1691.7099084854126, 'total_duration': 2558.265594959259, 'accumulated_submission_time': 1691.7099084854126, 'accumulated_eval_time': 866.0983428955078, 'accumulated_logging_time': 0.43936944007873535}
I0414 02:51:00.107181 139819487737600 logging_writer.py:48] [1540] accumulated_eval_time=866.098, accumulated_logging_time=0.439369, accumulated_submission_time=1691.71, global_step=1540, preemption_count=0, score=1691.71, test/loss=0.295815, test/num_examples=3581, test/ssim=0.732042, total_duration=2558.27, train/loss=0.272494, train/ssim=0.74057, validation/loss=0.294153, validation/num_examples=3554, validation/ssim=0.714948
I0414 02:52:50.165937 140021589517504 spec.py:333] Evaluating on the training split.
I0414 02:52:51.606234 140021589517504 spec.py:346] Evaluating on the validation split.
I0414 02:52:52.739430 140021589517504 spec.py:363] Evaluating on the test split.
I0414 02:52:53.873743 140021589517504 submission_runner.py:516] Time since start: 2672.06s, 	Step: 2552, 	{'train/ssim': 0.7441809517996651, 'train/loss': 0.26978765215192524, 'validation/ssim': 0.7186049169949353, 'validation/loss': 0.29142391138286083, 'validation/num_examples': 3554, 'test/ssim': 0.7356872643814577, 'test/loss': 0.2929964297245881, 'test/num_examples': 3581, 'score': 1801.7513473033905, 'total_duration': 2672.0554208755493, 'accumulated_submission_time': 1801.7513473033905, 'accumulated_eval_time': 869.8061077594757, 'accumulated_logging_time': 0.4702596664428711}
I0414 02:52:53.897623 139819496130304 logging_writer.py:48] [2552] accumulated_eval_time=869.806, accumulated_logging_time=0.47026, accumulated_submission_time=1801.75, global_step=2552, preemption_count=0, score=1801.75, test/loss=0.292996, test/num_examples=3581, test/ssim=0.735687, total_duration=2672.06, train/loss=0.269788, train/ssim=0.744181, validation/loss=0.291424, validation/num_examples=3554, validation/ssim=0.718605
I0414 02:54:43.935862 140021589517504 spec.py:333] Evaluating on the training split.
I0414 02:54:45.376102 140021589517504 spec.py:346] Evaluating on the validation split.
I0414 02:54:46.509509 140021589517504 spec.py:363] Evaluating on the test split.
I0414 02:54:47.645893 140021589517504 submission_runner.py:516] Time since start: 2785.83s, 	Step: 3564, 	{'train/ssim': 0.7470359802246094, 'train/loss': 0.26800979886736187, 'validation/ssim': 0.7205120853044106, 'validation/loss': 0.2903517259931591, 'validation/num_examples': 3554, 'test/ssim': 0.7376738641222773, 'test/loss': 0.29184744844753563, 'test/num_examples': 3581, 'score': 1911.7725012302399, 'total_duration': 2785.8275713920593, 'accumulated_submission_time': 1911.7725012302399, 'accumulated_eval_time': 873.5160977840424, 'accumulated_logging_time': 0.5016536712646484}
I0414 02:54:47.668345 139819487737600 logging_writer.py:48] [3564] accumulated_eval_time=873.516, accumulated_logging_time=0.501654, accumulated_submission_time=1911.77, global_step=3564, preemption_count=0, score=1911.77, test/loss=0.291847, test/num_examples=3581, test/ssim=0.737674, total_duration=2785.83, train/loss=0.26801, train/ssim=0.747036, validation/loss=0.290352, validation/num_examples=3554, validation/ssim=0.720512
I0414 02:56:37.698285 140021589517504 spec.py:333] Evaluating on the training split.
I0414 02:56:39.138641 140021589517504 spec.py:346] Evaluating on the validation split.
I0414 02:56:40.272021 140021589517504 spec.py:363] Evaluating on the test split.
I0414 02:56:41.406342 140021589517504 submission_runner.py:516] Time since start: 2899.59s, 	Step: 4576, 	{'train/ssim': 0.7479276657104492, 'train/loss': 0.26658027512686594, 'validation/ssim': 0.7214807479248734, 'validation/loss': 0.28898061603123243, 'validation/num_examples': 3554, 'test/ssim': 0.7386856739562971, 'test/loss': 0.2904204427446942, 'test/num_examples': 3581, 'score': 2021.7850568294525, 'total_duration': 2899.5880224704742, 'accumulated_submission_time': 2021.7850568294525, 'accumulated_eval_time': 877.224112033844, 'accumulated_logging_time': 0.5318551063537598}
I0414 02:56:41.429351 139819496130304 logging_writer.py:48] [4576] accumulated_eval_time=877.224, accumulated_logging_time=0.531855, accumulated_submission_time=2021.79, global_step=4576, preemption_count=0, score=2021.79, test/loss=0.29042, test/num_examples=3581, test/ssim=0.738686, total_duration=2899.59, train/loss=0.26658, train/ssim=0.747928, validation/loss=0.288981, validation/num_examples=3554, validation/ssim=0.721481
I0414 02:58:31.476633 140021589517504 spec.py:333] Evaluating on the training split.
I0414 02:58:32.916925 140021589517504 spec.py:346] Evaluating on the validation split.
I0414 02:58:34.050281 140021589517504 spec.py:363] Evaluating on the test split.
I0414 02:58:35.184828 140021589517504 submission_runner.py:516] Time since start: 3013.37s, 	Step: 5588, 	{'train/ssim': 0.7471540996006557, 'train/loss': 0.2665192059108189, 'validation/ssim': 0.7209764608319851, 'validation/loss': 0.2888718037774339, 'validation/num_examples': 3554, 'test/ssim': 0.7381905068634809, 'test/loss': 0.29043394172368053, 'test/num_examples': 3581, 'score': 2131.815134525299, 'total_duration': 3013.3665091991425, 'accumulated_submission_time': 2131.815134525299, 'accumulated_eval_time': 880.9322679042816, 'accumulated_logging_time': 0.562575101852417}
I0414 02:58:35.208436 139819487737600 logging_writer.py:48] [5588] accumulated_eval_time=880.932, accumulated_logging_time=0.562575, accumulated_submission_time=2131.82, global_step=5588, preemption_count=0, score=2131.82, test/loss=0.290434, test/num_examples=3581, test/ssim=0.738191, total_duration=3013.37, train/loss=0.266519, train/ssim=0.747154, validation/loss=0.288872, validation/num_examples=3554, validation/ssim=0.720976
I0414 03:00:25.231476 140021589517504 spec.py:333] Evaluating on the training split.
I0414 03:00:26.671552 140021589517504 spec.py:346] Evaluating on the validation split.
I0414 03:00:27.804910 140021589517504 spec.py:363] Evaluating on the test split.
I0414 03:00:28.941132 140021589517504 submission_runner.py:516] Time since start: 3127.12s, 	Step: 6600, 	{'train/ssim': 0.7478855678013393, 'train/loss': 0.26572505065373014, 'validation/ssim': 0.7215354288301913, 'validation/loss': 0.28807820935697454, 'validation/num_examples': 3554, 'test/ssim': 0.7387147853907777, 'test/loss': 0.28953271443469003, 'test/num_examples': 3581, 'score': 2241.8210055828094, 'total_duration': 3127.122812271118, 'accumulated_submission_time': 2241.8210055828094, 'accumulated_eval_time': 884.6418821811676, 'accumulated_logging_time': 0.5937190055847168}
I0414 03:00:28.964281 139819496130304 logging_writer.py:48] [6600] accumulated_eval_time=884.642, accumulated_logging_time=0.593719, accumulated_submission_time=2241.82, global_step=6600, preemption_count=0, score=2241.82, test/loss=0.289533, test/num_examples=3581, test/ssim=0.738715, total_duration=3127.12, train/loss=0.265725, train/ssim=0.747886, validation/loss=0.288078, validation/num_examples=3554, validation/ssim=0.721535
I0414 03:02:18.966786 140021589517504 spec.py:333] Evaluating on the training split.
I0414 03:02:20.407029 140021589517504 spec.py:346] Evaluating on the validation split.
I0414 03:02:21.540035 140021589517504 spec.py:363] Evaluating on the test split.
I0414 03:02:22.676467 140021589517504 submission_runner.py:516] Time since start: 3240.86s, 	Step: 7612, 	{'train/ssim': 0.7484149251665387, 'train/loss': 0.2673548800604684, 'validation/ssim': 0.7229251893772861, 'validation/loss': 0.2893105218701639, 'validation/num_examples': 3554, 'test/ssim': 0.7396728038388369, 'test/loss': 0.2909181664623185, 'test/num_examples': 3581, 'score': 2351.8061146736145, 'total_duration': 3240.8581461906433, 'accumulated_submission_time': 2351.8061146736145, 'accumulated_eval_time': 888.3515193462372, 'accumulated_logging_time': 0.6245932579040527}
I0414 03:02:22.698086 139819487737600 logging_writer.py:48] [7612] accumulated_eval_time=888.352, accumulated_logging_time=0.624593, accumulated_submission_time=2351.81, global_step=7612, preemption_count=0, score=2351.81, test/loss=0.290918, test/num_examples=3581, test/ssim=0.739673, total_duration=3240.86, train/loss=0.267355, train/ssim=0.748415, validation/loss=0.289311, validation/num_examples=3554, validation/ssim=0.722925
I0414 03:04:12.715311 140021589517504 spec.py:333] Evaluating on the training split.
I0414 03:04:14.155325 140021589517504 spec.py:346] Evaluating on the validation split.
I0414 03:04:15.287818 140021589517504 spec.py:363] Evaluating on the test split.
I0414 03:04:16.422166 140021589517504 submission_runner.py:516] Time since start: 3354.60s, 	Step: 8624, 	{'train/ssim': 0.7495296342032296, 'train/loss': 0.26491122586386545, 'validation/ssim': 0.7227802437614308, 'validation/loss': 0.2875412923268676, 'validation/num_examples': 3554, 'test/ssim': 0.740086567997766, 'test/loss': 0.288923419610444, 'test/num_examples': 3581, 'score': 2461.80641245842, 'total_duration': 3354.6038439273834, 'accumulated_submission_time': 2461.80641245842, 'accumulated_eval_time': 892.0583307743073, 'accumulated_logging_time': 0.6537230014801025}
I0414 03:04:16.444257 139819496130304 logging_writer.py:48] [8624] accumulated_eval_time=892.058, accumulated_logging_time=0.653723, accumulated_submission_time=2461.81, global_step=8624, preemption_count=0, score=2461.81, test/loss=0.288923, test/num_examples=3581, test/ssim=0.740087, total_duration=3354.6, train/loss=0.264911, train/ssim=0.74953, validation/loss=0.287541, validation/num_examples=3554, validation/ssim=0.72278
I0414 03:06:06.470011 140021589517504 spec.py:333] Evaluating on the training split.
I0414 03:06:07.911125 140021589517504 spec.py:346] Evaluating on the validation split.
I0414 03:06:09.044192 140021589517504 spec.py:363] Evaluating on the test split.
I0414 03:06:10.177905 140021589517504 submission_runner.py:516] Time since start: 3468.36s, 	Step: 9636, 	{'train/ssim': 0.7502874646868024, 'train/loss': 0.2646669489996774, 'validation/ssim': 0.7236819978369443, 'validation/loss': 0.28728554231367825, 'validation/num_examples': 3554, 'test/ssim': 0.7408780308616657, 'test/loss': 0.2887508644800684, 'test/num_examples': 3581, 'score': 2571.815328359604, 'total_duration': 3468.359585762024, 'accumulated_submission_time': 2571.815328359604, 'accumulated_eval_time': 895.7661852836609, 'accumulated_logging_time': 0.6833183765411377}
I0414 03:06:10.201713 139819487737600 logging_writer.py:48] [9636] accumulated_eval_time=895.766, accumulated_logging_time=0.683318, accumulated_submission_time=2571.82, global_step=9636, preemption_count=0, score=2571.82, test/loss=0.288751, test/num_examples=3581, test/ssim=0.740878, total_duration=3468.36, train/loss=0.264667, train/ssim=0.750287, validation/loss=0.287286, validation/num_examples=3554, validation/ssim=0.723682
I0414 03:06:10.218592 139819496130304 logging_writer.py:48] [9636] global_step=9636, preemption_count=0, score=2571.82
I0414 03:06:10.345175 140021589517504 submission_runner.py:857] Final fastmri score: 2571.815328359604
