python submission_runner.py --framework=jax --workload=criteo1tb --submission_path=submissions_algorithms/submissions/self_tuning/nadamw_baselinev05/submission.py --data_dir=/data/criteo1tb --experiment_dir=/experiment_runs --experiment_name=submissions_a100/nadamw_baselinev05/study_0 --overwrite=True --save_checkpoints=False --rng_seed=-1142652766 --tuning_ruleset=self 2>&1 | tee -a /logs/criteo1tb_jax_04-12-2026-00-03-26.log
2026-04-12 00:03:39.026230: E external/local_xla/xla/stream_executor/cuda/cuda_fft.cc:467] Unable to register cuFFT factory: Attempting to register factory for plugin cuFFT when one has already been registered
WARNING: All log messages before absl::InitializeLog() is called are written to STDERR
E0000 00:00:1775952219.562014       9 cuda_dnn.cc:8579] Unable to register cuDNN factory: Attempting to register factory for plugin cuDNN when one has already been registered
E0000 00:00:1775952219.681714       9 cuda_blas.cc:1407] Unable to register cuBLAS factory: Attempting to register factory for plugin cuBLAS when one has already been registered
W0000 00:00:1775952220.742410       9 computation_placer.cc:177] computation placer already registered. Please check linkage and avoid linking the same target more than once.
W0000 00:00:1775952220.742452       9 computation_placer.cc:177] computation placer already registered. Please check linkage and avoid linking the same target more than once.
W0000 00:00:1775952220.742455       9 computation_placer.cc:177] computation placer already registered. Please check linkage and avoid linking the same target more than once.
W0000 00:00:1775952220.742457       9 computation_placer.cc:177] computation placer already registered. Please check linkage and avoid linking the same target more than once.
/usr/local/lib/python3.11/site-packages/torch/__init__.py:1617: UserWarning: Please use the new API settings to control TF32 behavior, such as torch.backends.cudnn.conv.fp32_precision = 'tf32' or torch.backends.cuda.matmul.fp32_precision = 'ieee'. Old settings, e.g, torch.backends.cuda.matmul.allow_tf32 = True, torch.backends.cudnn.allow_tf32 = True, allowTF32CuDNN() and allowTF32CuBLAS() will be deprecated after Pytorch 2.9. Please see https://pytorch.org/docs/main/notes/cuda.html#tensorfloat-32-tf32-on-ampere-and-later-devices (Triggered internally at /pytorch/aten/src/ATen/Context.cpp:80.)
  _C._set_float32_matmul_precision(precision)
/usr/local/lib/python3.11/site-packages/pydantic/_internal/_generate_schema.py:2249: UnsupportedFieldAttributeWarning: The 'repr' attribute with value False was provided to the `Field()` function, which has no effect in the context it was used. 'repr' is field-specific metadata, and can only be attached to a model field using `Annotated` metadata or by assignment. This may have happened because an `Annotated` type alias using the `type` statement was used, or if the `Field()` function was attached to a single member of a union type.
  warnings.warn(
/usr/local/lib/python3.11/site-packages/pydantic/_internal/_generate_schema.py:2249: UnsupportedFieldAttributeWarning: The 'frozen' attribute with value True was provided to the `Field()` function, which has no effect in the context it was used. 'frozen' is field-specific metadata, and can only be attached to a model field using `Annotated` metadata or by assignment. This may have happened because an `Annotated` type alias using the `type` statement was used, or if the `Field()` function was attached to a single member of a union type.
  warnings.warn(
INFO:2026-04-12 00:04:29,915:jax._src.xla_bridge:830: Unable to initialize backend 'tpu': INTERNAL: Failed to open libtpu.so: libtpu.so: cannot open shared object file: No such file or directory
I0412 00:04:29.915504 139693748688064 xla_bridge.py:830] Unable to initialize backend 'tpu': INTERNAL: Failed to open libtpu.so: libtpu.so: cannot open shared object file: No such file or directory
I0412 00:04:30.659278 139693748688064 logger_utils.py:59] Removing existing experiment directory /experiment_runs/submissions_a100/nadamw_baselinev05/study_0/criteo1tb_jax because --overwrite was set.
I0412 00:04:30.668256 139693748688064 logger_utils.py:84] Creating experiment directory at /experiment_runs/submissions_a100/nadamw_baselinev05/study_0/criteo1tb_jax.
I0412 00:04:35.284194 139693748688064 submission_runner.py:741] Creating directory at /experiment_runs/submissions_a100/nadamw_baselinev05/study_0/criteo1tb_jax/trial_1.
I0412 00:04:35.612183 139693748688064 submission_runner.py:242] Initializing dataset.
I0412 00:04:35.612492 139693748688064 submission_runner.py:251] Initializing model.
I0412 00:04:42.941672 139693748688064 submission_runner.py:294] Initializing optimizer.
I0412 00:04:43.453224 139693748688064 submission_runner.py:299] Initializing metrics bundle.
I0412 00:04:43.453476 139693748688064 submission_runner.py:321] Initializing checkpoint and logger.
I0412 00:04:43.455562 139693748688064 checkpoints.py:1098] Found no checkpoint files in /experiment_runs/submissions_a100/nadamw_baselinev05/study_0/criteo1tb_jax/trial_1 with prefix checkpoint_
I0412 00:04:43.455699 139693748688064 submission_runner.py:344] Saving meta data to /experiment_runs/submissions_a100/nadamw_baselinev05/study_0/criteo1tb_jax/trial_1/meta_data_0.json.
I0412 00:04:43.455875 139693748688064 logger_utils.py:283] Unable to record workload.train_mean information. Continuing without it.
I0412 00:04:43.455934 139693748688064 logger_utils.py:283] Unable to record workload.train_stddev information. Continuing without it.
I0412 00:04:43.927662 139693748688064 submission_runner.py:348] Saving flags to /experiment_runs/submissions_a100/nadamw_baselinev05/study_0/criteo1tb_jax/trial_1/flags_0.json.
I0412 00:04:44.031430 139693748688064 submission_runner.py:359] Starting training loop.
I0412 00:04:55.349260 139693748688064 spec.py:333] Evaluating on the training split.
I0412 00:10:33.494385 139693748688064 spec.py:346] Evaluating on the validation split.
I0412 00:15:51.439210 139693748688064 spec.py:363] Evaluating on the test split.
I0412 00:21:49.827155 139693748688064 submission_runner.py:516] Time since start: 1025.80s, 	Step: 1, 	{'train/loss': 1.7152658802158427, 'validation/loss': 1.7108321046704171, 'validation/num_examples': 83274637, 'test/loss': 1.7125832467105264, 'test/num_examples': 95000000, 'score': 11.317752122879028, 'total_duration': 1025.7956202030182, 'accumulated_submission_time': 11.317752122879028, 'accumulated_eval_time': 1014.4777808189392, 'accumulated_logging_time': 0}
I0412 00:21:49.896873 139518188324608 logging_writer.py:48] [1] accumulated_eval_time=1014.48, accumulated_logging_time=0, accumulated_submission_time=11.3178, global_step=1, preemption_count=0, score=11.3178, test/loss=1.71258, test/num_examples=95000000, total_duration=1025.8, train/loss=1.71527, validation/loss=1.71083, validation/num_examples=83274637
I0412 00:27:46.321558 139693748688064 spec.py:333] Evaluating on the training split.
I0412 00:32:44.432164 139693748688064 spec.py:346] Evaluating on the validation split.
I0412 00:37:17.738656 139693748688064 spec.py:363] Evaluating on the test split.
I0412 00:42:30.685663 139693748688064 submission_runner.py:516] Time since start: 2266.65s, 	Step: 363, 	{'train/loss': 0.1285506102648921, 'validation/loss': 0.1274713791447914, 'validation/num_examples': 83274637, 'test/loss': 0.13000580164473685, 'test/num_examples': 95000000, 'score': 367.5072982311249, 'total_duration': 2266.654124736786, 'accumulated_submission_time': 367.5072982311249, 'accumulated_eval_time': 1898.8417718410492, 'accumulated_logging_time': 0.30074357986450195}
I0412 00:42:30.709301 139516828374784 logging_writer.py:48] [363] accumulated_eval_time=1898.84, accumulated_logging_time=0.300744, accumulated_submission_time=367.507, global_step=363, preemption_count=0, score=367.507, test/loss=0.130006, test/num_examples=95000000, total_duration=2266.65, train/loss=0.128551, validation/loss=0.127471, validation/num_examples=83274637
I0412 00:48:27.858948 139693748688064 spec.py:333] Evaluating on the training split.
I0412 00:53:19.184344 139693748688064 spec.py:346] Evaluating on the validation split.
I0412 00:57:52.143103 139693748688064 spec.py:363] Evaluating on the test split.
I0412 01:03:09.019069 139693748688064 submission_runner.py:516] Time since start: 3504.99s, 	Step: 752, 	{'train/loss': 0.12483891389045701, 'validation/loss': 0.1263307227517733, 'validation/num_examples': 83274637, 'test/loss': 0.12880666316817435, 'test/num_examples': 95000000, 'score': 724.6456818580627, 'total_duration': 3504.9874868392944, 'accumulated_submission_time': 724.6456818580627, 'accumulated_eval_time': 2780.0017433166504, 'accumulated_logging_time': 0.3315153121948242}
I0412 01:03:09.042944 139516836767488 logging_writer.py:48] [752] accumulated_eval_time=2780, accumulated_logging_time=0.331515, accumulated_submission_time=724.646, global_step=752, preemption_count=0, score=724.646, test/loss=0.128807, test/num_examples=95000000, total_duration=3504.99, train/loss=0.124839, validation/loss=0.126331, validation/num_examples=83274637
I0412 01:09:05.836564 139693748688064 spec.py:333] Evaluating on the training split.
I0412 01:13:57.752011 139693748688064 spec.py:346] Evaluating on the validation split.
I0412 01:18:27.416043 139693748688064 spec.py:363] Evaluating on the test split.
I0412 01:23:21.628507 139693748688064 submission_runner.py:516] Time since start: 4717.60s, 	Step: 1135, 	{'train/loss': 0.12430956266211264, 'validation/loss': 0.12562125155296197, 'validation/num_examples': 83274637, 'test/loss': 0.12807996234580593, 'test/num_examples': 95000000, 'score': 1081.4282553195953, 'total_duration': 4717.59690785408, 'accumulated_submission_time': 1081.4282553195953, 'accumulated_eval_time': 3635.793509244919, 'accumulated_logging_time': 0.36249661445617676}
I0412 01:23:21.652315 139516828374784 logging_writer.py:48] [1135] accumulated_eval_time=3635.79, accumulated_logging_time=0.362497, accumulated_submission_time=1081.43, global_step=1135, preemption_count=0, score=1081.43, test/loss=0.12808, test/num_examples=95000000, total_duration=4717.6, train/loss=0.12431, validation/loss=0.125621, validation/num_examples=83274637
I0412 01:29:18.047591 139693748688064 spec.py:333] Evaluating on the training split.
I0412 01:34:02.564209 139693748688064 spec.py:346] Evaluating on the validation split.
I0412 01:38:29.939063 139693748688064 spec.py:363] Evaluating on the test split.
I0412 01:43:25.004538 139693748688064 submission_runner.py:516] Time since start: 5920.97s, 	Step: 1514, 	{'train/loss': 0.12195210283001263, 'validation/loss': 0.12582486062052722, 'validation/num_examples': 83274637, 'test/loss': 0.12814730597245066, 'test/num_examples': 95000000, 'score': 1437.8118352890015, 'total_duration': 5920.972989082336, 'accumulated_submission_time': 1437.8118352890015, 'accumulated_eval_time': 4482.750350475311, 'accumulated_logging_time': 0.3935983180999756}
I0412 01:43:25.041715 139516836767488 logging_writer.py:48] [1514] accumulated_eval_time=4482.75, accumulated_logging_time=0.393598, accumulated_submission_time=1437.81, global_step=1514, preemption_count=0, score=1437.81, test/loss=0.128147, test/num_examples=95000000, total_duration=5920.97, train/loss=0.121952, validation/loss=0.125825, validation/num_examples=83274637
I0412 01:49:21.783830 139693748688064 spec.py:333] Evaluating on the training split.
I0412 01:53:52.535818 139693748688064 spec.py:346] Evaluating on the validation split.
I0412 01:58:00.937238 139693748688064 spec.py:363] Evaluating on the test split.
I0412 02:02:48.299926 139693748688064 submission_runner.py:516] Time since start: 7084.27s, 	Step: 1903, 	{'train/loss': 0.12530955837442065, 'validation/loss': 0.12630341099113332, 'validation/num_examples': 83274637, 'test/loss': 0.12855156455592107, 'test/num_examples': 95000000, 'score': 1794.5427644252777, 'total_duration': 7084.26842045784, 'accumulated_submission_time': 1794.5427644252777, 'accumulated_eval_time': 5289.2663679122925, 'accumulated_logging_time': 0.4379761219024658}
I0412 02:02:48.323364 139516828374784 logging_writer.py:48] [1903] accumulated_eval_time=5289.27, accumulated_logging_time=0.437976, accumulated_submission_time=1794.54, global_step=1903, preemption_count=0, score=1794.54, test/loss=0.128552, test/num_examples=95000000, total_duration=7084.27, train/loss=0.12531, validation/loss=0.126303, validation/num_examples=83274637
I0412 02:08:44.580708 139693748688064 spec.py:333] Evaluating on the training split.
I0412 02:12:59.907724 139693748688064 spec.py:346] Evaluating on the validation split.
I0412 02:16:55.098616 139693748688064 spec.py:363] Evaluating on the test split.
I0412 02:21:29.791384 139693748688064 submission_runner.py:516] Time since start: 8205.76s, 	Step: 2304, 	{'train/loss': 0.1280799122328091, 'validation/loss': 0.12549317722389922, 'validation/num_examples': 83274637, 'test/loss': 0.12787043343955593, 'test/num_examples': 95000000, 'score': 2150.789024591446, 'total_duration': 8205.759851694107, 'accumulated_submission_time': 2150.789024591446, 'accumulated_eval_time': 6054.476948022842, 'accumulated_logging_time': 0.46846747398376465}
I0412 02:21:29.814935 139516836767488 logging_writer.py:48] [2304] accumulated_eval_time=6054.48, accumulated_logging_time=0.468467, accumulated_submission_time=2150.79, global_step=2304, preemption_count=0, score=2150.79, test/loss=0.12787, test/num_examples=95000000, total_duration=8205.76, train/loss=0.12808, validation/loss=0.125493, validation/num_examples=83274637
I0412 02:27:26.694323 139693748688064 spec.py:333] Evaluating on the training split.
I0412 02:31:10.652848 139693748688064 spec.py:346] Evaluating on the validation split.
I0412 02:34:40.572184 139693748688064 spec.py:363] Evaluating on the test split.
I0412 02:38:49.089880 139693748688064 submission_runner.py:516] Time since start: 9245.06s, 	Step: 2707, 	{'train/loss': 0.12305529496439223, 'validation/loss': 0.125004598137163, 'validation/num_examples': 83274637, 'test/loss': 0.12749843733552632, 'test/num_examples': 95000000, 'score': 2507.657481431961, 'total_duration': 9245.058371543884, 'accumulated_submission_time': 2507.657481431961, 'accumulated_eval_time': 6736.872436285019, 'accumulated_logging_time': 0.4988687038421631}
I0412 02:38:49.114614 139516828374784 logging_writer.py:48] [2707] accumulated_eval_time=6736.87, accumulated_logging_time=0.498869, accumulated_submission_time=2507.66, global_step=2707, preemption_count=0, score=2507.66, test/loss=0.127498, test/num_examples=95000000, total_duration=9245.06, train/loss=0.123055, validation/loss=0.125005, validation/num_examples=83274637
I0412 02:44:45.365463 139693748688064 spec.py:333] Evaluating on the training split.
I0412 02:47:32.852401 139693748688064 spec.py:346] Evaluating on the validation split.
I0412 02:50:07.186613 139693748688064 spec.py:363] Evaluating on the test split.
I0412 02:53:23.436533 139693748688064 submission_runner.py:516] Time since start: 10119.41s, 	Step: 3114, 	{'train/loss': 0.1231245886557882, 'validation/loss': 0.12453501597399262, 'validation/num_examples': 83274637, 'test/loss': 0.12689178444695723, 'test/num_examples': 95000000, 'score': 2863.897424697876, 'total_duration': 10119.405009508133, 'accumulated_submission_time': 2863.897424697876, 'accumulated_eval_time': 7254.943416595459, 'accumulated_logging_time': 0.5304296016693115}
I0412 02:53:23.460580 139516836767488 logging_writer.py:48] [3114] accumulated_eval_time=7254.94, accumulated_logging_time=0.53043, accumulated_submission_time=2863.9, global_step=3114, preemption_count=0, score=2863.9, test/loss=0.126892, test/num_examples=95000000, total_duration=10119.4, train/loss=0.123125, validation/loss=0.124535, validation/num_examples=83274637
I0412 02:59:20.064300 139693748688064 spec.py:333] Evaluating on the training split.
I0412 03:00:05.872134 139693748688064 spec.py:346] Evaluating on the validation split.
I0412 03:00:47.249913 139693748688064 spec.py:363] Evaluating on the test split.
I0412 03:02:08.403069 139693748688064 submission_runner.py:516] Time since start: 10644.37s, 	Step: 3519, 	{'train/loss': 0.12020637646739213, 'validation/loss': 0.12437025036956931, 'validation/num_examples': 83274637, 'test/loss': 0.12678805524259867, 'test/num_examples': 95000000, 'score': 3220.4902317523956, 'total_duration': 10644.37156009674, 'accumulated_submission_time': 3220.4902317523956, 'accumulated_eval_time': 7423.2821180820465, 'accumulated_logging_time': 0.5614361763000488}
I0412 03:02:08.428059 139516828374784 logging_writer.py:48] [3519] accumulated_eval_time=7423.28, accumulated_logging_time=0.561436, accumulated_submission_time=3220.49, global_step=3519, preemption_count=0, score=3220.49, test/loss=0.126788, test/num_examples=95000000, total_duration=10644.4, train/loss=0.120206, validation/loss=0.12437, validation/num_examples=83274637
I0412 03:08:05.177164 139693748688064 spec.py:333] Evaluating on the training split.
I0412 03:08:11.559093 139693748688064 spec.py:346] Evaluating on the validation split.
I0412 03:08:17.884974 139693748688064 spec.py:363] Evaluating on the test split.
I0412 03:08:25.111993 139693748688064 submission_runner.py:516] Time since start: 11021.08s, 	Step: 3921, 	{'train/loss': 0.12415952474441168, 'validation/loss': 0.12459059356962432, 'validation/num_examples': 83274637, 'test/loss': 0.1270011904091283, 'test/num_examples': 95000000, 'score': 3577.2282671928406, 'total_duration': 11021.080504179, 'accumulated_submission_time': 3577.2282671928406, 'accumulated_eval_time': 7443.216888189316, 'accumulated_logging_time': 0.5933644771575928}
I0412 03:08:25.140233 139516836767488 logging_writer.py:48] [3921] accumulated_eval_time=7443.22, accumulated_logging_time=0.593364, accumulated_submission_time=3577.23, global_step=3921, preemption_count=0, score=3577.23, test/loss=0.127001, test/num_examples=95000000, total_duration=11021.1, train/loss=0.12416, validation/loss=0.124591, validation/num_examples=83274637
I0412 03:14:21.966205 139693748688064 spec.py:333] Evaluating on the training split.
I0412 03:14:28.091851 139693748688064 spec.py:346] Evaluating on the validation split.
I0412 03:14:34.450031 139693748688064 spec.py:363] Evaluating on the test split.
I0412 03:14:41.633606 139693748688064 submission_runner.py:516] Time since start: 11397.60s, 	Step: 4312, 	{'train/loss': 0.1241967351931446, 'validation/loss': 0.12454071430405185, 'validation/num_examples': 83274637, 'test/loss': 0.12690174914679275, 'test/num_examples': 95000000, 'score': 3934.0433468818665, 'total_duration': 11397.602118968964, 'accumulated_submission_time': 3934.0433468818665, 'accumulated_eval_time': 7462.884234189987, 'accumulated_logging_time': 0.6287062168121338}
I0412 03:14:41.655964 139516828374784 logging_writer.py:48] [4312] accumulated_eval_time=7462.88, accumulated_logging_time=0.628706, accumulated_submission_time=3934.04, global_step=4312, preemption_count=0, score=3934.04, test/loss=0.126902, test/num_examples=95000000, total_duration=11397.6, train/loss=0.124197, validation/loss=0.124541, validation/num_examples=83274637
I0412 03:20:37.899069 139693748688064 spec.py:333] Evaluating on the training split.
I0412 03:20:43.750106 139693748688064 spec.py:346] Evaluating on the validation split.
I0412 03:20:49.722923 139693748688064 spec.py:363] Evaluating on the test split.
I0412 03:20:56.826487 139693748688064 submission_runner.py:516] Time since start: 11772.79s, 	Step: 4708, 	{'train/loss': 0.12398217627837223, 'validation/loss': 0.1243161546751455, 'validation/num_examples': 83274637, 'test/loss': 0.12664808276110198, 'test/num_examples': 95000000, 'score': 4290.275151968002, 'total_duration': 11772.794997692108, 'accumulated_submission_time': 4290.275151968002, 'accumulated_eval_time': 7481.811594724655, 'accumulated_logging_time': 0.6583082675933838}
I0412 03:20:56.851775 139516836767488 logging_writer.py:48] [4708] accumulated_eval_time=7481.81, accumulated_logging_time=0.658308, accumulated_submission_time=4290.28, global_step=4708, preemption_count=0, score=4290.28, test/loss=0.126648, test/num_examples=95000000, total_duration=11772.8, train/loss=0.123982, validation/loss=0.124316, validation/num_examples=83274637
I0412 03:26:53.226728 139693748688064 spec.py:333] Evaluating on the training split.
I0412 03:26:59.104103 139693748688064 spec.py:346] Evaluating on the validation split.
I0412 03:27:05.105363 139693748688064 spec.py:363] Evaluating on the test split.
I0412 03:27:12.201485 139693748688064 submission_runner.py:516] Time since start: 12148.17s, 	Step: 5092, 	{'train/loss': 0.12292491450156055, 'validation/loss': 0.1244153482634477, 'validation/num_examples': 83274637, 'test/loss': 0.12684572824835527, 'test/num_examples': 95000000, 'score': 4646.639173269272, 'total_duration': 12148.169994592667, 'accumulated_submission_time': 4646.639173269272, 'accumulated_eval_time': 7500.786287069321, 'accumulated_logging_time': 0.6908128261566162}
I0412 03:27:12.241531 139516828374784 logging_writer.py:48] [5092] accumulated_eval_time=7500.79, accumulated_logging_time=0.690813, accumulated_submission_time=4646.64, global_step=5092, preemption_count=0, score=4646.64, test/loss=0.126846, test/num_examples=95000000, total_duration=12148.2, train/loss=0.122925, validation/loss=0.124415, validation/num_examples=83274637
I0412 03:33:08.373162 139693748688064 spec.py:333] Evaluating on the training split.
I0412 03:33:14.206097 139693748688064 spec.py:346] Evaluating on the validation split.
I0412 03:33:20.259003 139693748688064 spec.py:363] Evaluating on the test split.
I0412 03:33:27.386800 139693748688064 submission_runner.py:516] Time since start: 12523.36s, 	Step: 5483, 	{'train/loss': 0.12369973234738568, 'validation/loss': 0.12427091070376717, 'validation/num_examples': 83274637, 'test/loss': 0.12679497183388158, 'test/num_examples': 95000000, 'score': 5002.7593014240265, 'total_duration': 12523.355313539505, 'accumulated_submission_time': 5002.7593014240265, 'accumulated_eval_time': 7519.799867153168, 'accumulated_logging_time': 0.7384042739868164}
I0412 03:33:27.410729 139516836767488 logging_writer.py:48] [5483] accumulated_eval_time=7519.8, accumulated_logging_time=0.738404, accumulated_submission_time=5002.76, global_step=5483, preemption_count=0, score=5002.76, test/loss=0.126795, test/num_examples=95000000, total_duration=12523.4, train/loss=0.1237, validation/loss=0.124271, validation/num_examples=83274637
I0412 03:39:24.281638 139693748688064 spec.py:333] Evaluating on the training split.
I0412 03:39:30.154410 139693748688064 spec.py:346] Evaluating on the validation split.
I0412 03:39:36.186701 139693748688064 spec.py:363] Evaluating on the test split.
I0412 03:39:43.366791 139693748688064 submission_runner.py:516] Time since start: 12899.34s, 	Step: 5876, 	{'train/loss': 0.12184971957555357, 'validation/loss': 0.12426077735925391, 'validation/num_examples': 83274637, 'test/loss': 0.1266499447162829, 'test/num_examples': 95000000, 'score': 5359.61935710907, 'total_duration': 12899.33531165123, 'accumulated_submission_time': 5359.61935710907, 'accumulated_eval_time': 7538.884968757629, 'accumulated_logging_time': 0.7693121433258057}
I0412 03:39:43.389361 139516828374784 logging_writer.py:48] [5876] accumulated_eval_time=7538.88, accumulated_logging_time=0.769312, accumulated_submission_time=5359.62, global_step=5876, preemption_count=0, score=5359.62, test/loss=0.12665, test/num_examples=95000000, total_duration=12899.3, train/loss=0.12185, validation/loss=0.124261, validation/num_examples=83274637
I0412 03:45:40.204183 139693748688064 spec.py:333] Evaluating on the training split.
I0412 03:45:46.096745 139693748688064 spec.py:346] Evaluating on the validation split.
I0412 03:45:52.071073 139693748688064 spec.py:363] Evaluating on the test split.
I0412 03:45:59.227558 139693748688064 submission_runner.py:516] Time since start: 13275.20s, 	Step: 6265, 	{'train/loss': 0.12201170866969246, 'validation/loss': 0.12414892599990597, 'validation/num_examples': 83274637, 'test/loss': 0.12648779014185854, 'test/num_examples': 95000000, 'score': 5716.422883749008, 'total_duration': 13275.196067810059, 'accumulated_submission_time': 5716.422883749008, 'accumulated_eval_time': 7557.90828537941, 'accumulated_logging_time': 0.7989673614501953}
I0412 03:45:59.252326 139516836767488 logging_writer.py:48] [6265] accumulated_eval_time=7557.91, accumulated_logging_time=0.798967, accumulated_submission_time=5716.42, global_step=6265, preemption_count=0, score=5716.42, test/loss=0.126488, test/num_examples=95000000, total_duration=13275.2, train/loss=0.122012, validation/loss=0.124149, validation/num_examples=83274637
I0412 03:51:55.894548 139693748688064 spec.py:333] Evaluating on the training split.
I0412 03:52:01.733597 139693748688064 spec.py:346] Evaluating on the validation split.
I0412 03:52:07.771101 139693748688064 spec.py:363] Evaluating on the test split.
I0412 03:52:14.880987 139693748688064 submission_runner.py:516] Time since start: 13650.85s, 	Step: 6647, 	{'train/loss': 0.12119554922734417, 'validation/loss': 0.12384990489431487, 'validation/num_examples': 83274637, 'test/loss': 0.12614936182154604, 'test/num_examples': 95000000, 'score': 6073.054239273071, 'total_duration': 13650.849506616592, 'accumulated_submission_time': 6073.054239273071, 'accumulated_eval_time': 7576.894676446915, 'accumulated_logging_time': 0.8308336734771729}
I0412 03:52:14.903466 139516828374784 logging_writer.py:48] [6647] accumulated_eval_time=7576.89, accumulated_logging_time=0.830834, accumulated_submission_time=6073.05, global_step=6647, preemption_count=0, score=6073.05, test/loss=0.126149, test/num_examples=95000000, total_duration=13650.8, train/loss=0.121196, validation/loss=0.12385, validation/num_examples=83274637
I0412 03:58:11.019358 139693748688064 spec.py:333] Evaluating on the training split.
I0412 03:58:16.885700 139693748688064 spec.py:346] Evaluating on the validation split.
I0412 03:58:22.914664 139693748688064 spec.py:363] Evaluating on the test split.
I0412 03:58:30.090711 139693748688064 submission_runner.py:516] Time since start: 14026.06s, 	Step: 7044, 	{'train/loss': 0.12209350257268492, 'validation/loss': 0.12394877364444035, 'validation/num_examples': 83274637, 'test/loss': 0.12629937882401315, 'test/num_examples': 95000000, 'score': 6429.158871889114, 'total_duration': 14026.059236049652, 'accumulated_submission_time': 6429.158871889114, 'accumulated_eval_time': 7595.965981960297, 'accumulated_logging_time': 0.8605060577392578}
I0412 03:58:30.113132 139516836767488 logging_writer.py:48] [7044] accumulated_eval_time=7595.97, accumulated_logging_time=0.860506, accumulated_submission_time=6429.16, global_step=7044, preemption_count=0, score=6429.16, test/loss=0.126299, test/num_examples=95000000, total_duration=14026.1, train/loss=0.122094, validation/loss=0.123949, validation/num_examples=83274637
I0412 04:04:26.524550 139693748688064 spec.py:333] Evaluating on the training split.
I0412 04:04:32.359334 139693748688064 spec.py:346] Evaluating on the validation split.
I0412 04:04:38.377311 139693748688064 spec.py:363] Evaluating on the test split.
I0412 04:04:45.586303 139693748688064 submission_runner.py:516] Time since start: 14401.55s, 	Step: 7439, 	{'train/loss': 0.12477779250193692, 'validation/loss': 0.12381752261495899, 'validation/num_examples': 83274637, 'test/loss': 0.12612697796052633, 'test/num_examples': 95000000, 'score': 6785.559334278107, 'total_duration': 14401.554814577103, 'accumulated_submission_time': 6785.559334278107, 'accumulated_eval_time': 7615.027673006058, 'accumulated_logging_time': 0.8901190757751465}
I0412 04:04:45.609844 139516828374784 logging_writer.py:48] [7439] accumulated_eval_time=7615.03, accumulated_logging_time=0.890119, accumulated_submission_time=6785.56, global_step=7439, preemption_count=0, score=6785.56, test/loss=0.126127, test/num_examples=95000000, total_duration=14401.6, train/loss=0.124778, validation/loss=0.123818, validation/num_examples=83274637
I0412 04:10:41.977592 139693748688064 spec.py:333] Evaluating on the training split.
I0412 04:10:47.862256 139693748688064 spec.py:346] Evaluating on the validation split.
I0412 04:10:53.838394 139693748688064 spec.py:363] Evaluating on the test split.
I0412 04:11:00.975036 139693748688064 submission_runner.py:516] Time since start: 14776.94s, 	Step: 7829, 	{'train/loss': 0.12130186254592062, 'validation/loss': 0.12384530924914149, 'validation/num_examples': 83274637, 'test/loss': 0.12616879170435855, 'test/num_examples': 95000000, 'score': 7141.9161167144775, 'total_duration': 14776.94354891777, 'accumulated_submission_time': 7141.9161167144775, 'accumulated_eval_time': 7634.025058269501, 'accumulated_logging_time': 0.9207062721252441}
I0412 04:11:00.999937 139516836767488 logging_writer.py:48] [7829] accumulated_eval_time=7634.03, accumulated_logging_time=0.920706, accumulated_submission_time=7141.92, global_step=7829, preemption_count=0, score=7141.92, test/loss=0.126169, test/num_examples=95000000, total_duration=14776.9, train/loss=0.121302, validation/loss=0.123845, validation/num_examples=83274637
I0412 04:16:57.764841 139693748688064 spec.py:333] Evaluating on the training split.
I0412 04:17:03.633890 139693748688064 spec.py:346] Evaluating on the validation split.
I0412 04:17:09.660643 139693748688064 spec.py:363] Evaluating on the test split.
I0412 04:17:16.788638 139693748688064 submission_runner.py:516] Time since start: 15152.76s, 	Step: 8224, 	{'train/loss': 0.12238064595738297, 'validation/loss': 0.12376167008544157, 'validation/num_examples': 83274637, 'test/loss': 0.12605906383634868, 'test/num_examples': 95000000, 'score': 7498.669903516769, 'total_duration': 15152.757157325745, 'accumulated_submission_time': 7498.669903516769, 'accumulated_eval_time': 7653.0488023757935, 'accumulated_logging_time': 0.9529416561126709}
I0412 04:17:16.812759 139516828374784 logging_writer.py:48] [8224] accumulated_eval_time=7653.05, accumulated_logging_time=0.952942, accumulated_submission_time=7498.67, global_step=8224, preemption_count=0, score=7498.67, test/loss=0.126059, test/num_examples=95000000, total_duration=15152.8, train/loss=0.122381, validation/loss=0.123762, validation/num_examples=83274637
I0412 04:23:13.681100 139693748688064 spec.py:333] Evaluating on the training split.
I0412 04:23:19.544399 139693748688064 spec.py:346] Evaluating on the validation split.
I0412 04:23:25.498715 139693748688064 spec.py:363] Evaluating on the test split.
I0412 04:23:32.620999 139693748688064 submission_runner.py:516] Time since start: 15528.59s, 	Step: 8614, 	{'train/loss': 0.12397642510960687, 'validation/loss': 0.1238015076882649, 'validation/num_examples': 83274637, 'test/loss': 0.1261513443667763, 'test/num_examples': 95000000, 'score': 7855.5273694992065, 'total_duration': 15528.589518070221, 'accumulated_submission_time': 7855.5273694992065, 'accumulated_eval_time': 7671.98864865303, 'accumulated_logging_time': 0.9841790199279785}
I0412 04:23:32.646301 139516836767488 logging_writer.py:48] [8614] accumulated_eval_time=7671.99, accumulated_logging_time=0.984179, accumulated_submission_time=7855.53, global_step=8614, preemption_count=0, score=7855.53, test/loss=0.126151, test/num_examples=95000000, total_duration=15528.6, train/loss=0.123976, validation/loss=0.123802, validation/num_examples=83274637
I0412 04:29:28.788615 139693748688064 spec.py:333] Evaluating on the training split.
I0412 04:29:34.640212 139693748688064 spec.py:346] Evaluating on the validation split.
I0412 04:29:40.706247 139693748688064 spec.py:363] Evaluating on the test split.
I0412 04:29:47.942537 139693748688064 submission_runner.py:516] Time since start: 15903.91s, 	Step: 9005, 	{'train/loss': 0.12328453487335886, 'validation/loss': 0.12373513107612488, 'validation/num_examples': 83274637, 'test/loss': 0.1260836552939967, 'test/num_examples': 95000000, 'score': 8211.658461332321, 'total_duration': 15903.911051988602, 'accumulated_submission_time': 8211.658461332321, 'accumulated_eval_time': 7691.142514467239, 'accumulated_logging_time': 1.0167481899261475}
I0412 04:29:47.966820 139516828374784 logging_writer.py:48] [9005] accumulated_eval_time=7691.14, accumulated_logging_time=1.01675, accumulated_submission_time=8211.66, global_step=9005, preemption_count=0, score=8211.66, test/loss=0.126084, test/num_examples=95000000, total_duration=15903.9, train/loss=0.123285, validation/loss=0.123735, validation/num_examples=83274637
I0412 04:35:44.417317 139693748688064 spec.py:333] Evaluating on the training split.
I0412 04:35:50.269419 139693748688064 spec.py:346] Evaluating on the validation split.
I0412 04:35:56.303905 139693748688064 spec.py:363] Evaluating on the test split.
I0412 04:36:03.472221 139693748688064 submission_runner.py:516] Time since start: 16279.44s, 	Step: 9403, 	{'train/loss': 0.1217346081287606, 'validation/loss': 0.12365011730163149, 'validation/num_examples': 83274637, 'test/loss': 0.1259680972347862, 'test/num_examples': 95000000, 'score': 8568.097370386124, 'total_duration': 16279.440732717514, 'accumulated_submission_time': 8568.097370386124, 'accumulated_eval_time': 7710.1973576545715, 'accumulated_logging_time': 1.0488941669464111}
I0412 04:36:03.496554 139516836767488 logging_writer.py:48] [9403] accumulated_eval_time=7710.2, accumulated_logging_time=1.04889, accumulated_submission_time=8568.1, global_step=9403, preemption_count=0, score=8568.1, test/loss=0.125968, test/num_examples=95000000, total_duration=16279.4, train/loss=0.121735, validation/loss=0.12365, validation/num_examples=83274637
I0412 04:36:03.566536 139516828374784 logging_writer.py:48] [9403] global_step=9403, preemption_count=0, score=8568.1
I0412 04:36:04.821038 139693748688064 submission_runner.py:857] Final criteo1tb score: 8568.097370386124
