python submission_runner.py --framework=jax --workload=imagenet_vit --submission_path=submissions_algorithms/submissions/self_tuning/nadamw/submission.py --data_dir=/data/imagenet/jax --experiment_dir=/experiment_runs --experiment_name=submissions_a100/nadamw/study_0 --overwrite=True --save_checkpoints=False --rng_seed=-1276854848 --imagenet_v2_data_dir=/data/imagenet/jax --tuning_ruleset=self 2>&1 | tee -a /logs/imagenet_vit_jax_04-08-2026-23-08-12.log
2026-04-08 23:08:13.172520: E external/local_xla/xla/stream_executor/cuda/cuda_fft.cc:467] Unable to register cuFFT factory: Attempting to register factory for plugin cuFFT when one has already been registered
WARNING: All log messages before absl::InitializeLog() is called are written to STDERR
E0000 00:00:1775689693.195491       9 cuda_dnn.cc:8579] Unable to register cuDNN factory: Attempting to register factory for plugin cuDNN when one has already been registered
E0000 00:00:1775689693.203117       9 cuda_blas.cc:1407] Unable to register cuBLAS factory: Attempting to register factory for plugin cuBLAS when one has already been registered
W0000 00:00:1775689693.221085       9 computation_placer.cc:177] computation placer already registered. Please check linkage and avoid linking the same target more than once.
W0000 00:00:1775689693.221110       9 computation_placer.cc:177] computation placer already registered. Please check linkage and avoid linking the same target more than once.
W0000 00:00:1775689693.221112       9 computation_placer.cc:177] computation placer already registered. Please check linkage and avoid linking the same target more than once.
W0000 00:00:1775689693.221114       9 computation_placer.cc:177] computation placer already registered. Please check linkage and avoid linking the same target more than once.
/usr/local/lib/python3.11/site-packages/torch/__init__.py:1617: UserWarning: Please use the new API settings to control TF32 behavior, such as torch.backends.cudnn.conv.fp32_precision = 'tf32' or torch.backends.cuda.matmul.fp32_precision = 'ieee'. Old settings, e.g, torch.backends.cuda.matmul.allow_tf32 = True, torch.backends.cudnn.allow_tf32 = True, allowTF32CuDNN() and allowTF32CuBLAS() will be deprecated after Pytorch 2.9. Please see https://pytorch.org/docs/main/notes/cuda.html#tensorfloat-32-tf32-on-ampere-and-later-devices (Triggered internally at /pytorch/aten/src/ATen/Context.cpp:80.)
  _C._set_float32_matmul_precision(precision)
/usr/local/lib/python3.11/site-packages/pydantic/_internal/_generate_schema.py:2249: UnsupportedFieldAttributeWarning: The 'repr' attribute with value False was provided to the `Field()` function, which has no effect in the context it was used. 'repr' is field-specific metadata, and can only be attached to a model field using `Annotated` metadata or by assignment. This may have happened because an `Annotated` type alias using the `type` statement was used, or if the `Field()` function was attached to a single member of a union type.
  warnings.warn(
/usr/local/lib/python3.11/site-packages/pydantic/_internal/_generate_schema.py:2249: UnsupportedFieldAttributeWarning: The 'frozen' attribute with value True was provided to the `Field()` function, which has no effect in the context it was used. 'frozen' is field-specific metadata, and can only be attached to a model field using `Annotated` metadata or by assignment. This may have happened because an `Annotated` type alias using the `type` statement was used, or if the `Field()` function was attached to a single member of a union type.
  warnings.warn(
INFO:2026-04-08 23:08:22,011:jax._src.xla_bridge:830: Unable to initialize backend 'tpu': INTERNAL: Failed to open libtpu.so: libtpu.so: cannot open shared object file: No such file or directory
I0408 23:08:22.011982 140397394715840 xla_bridge.py:830] Unable to initialize backend 'tpu': INTERNAL: Failed to open libtpu.so: libtpu.so: cannot open shared object file: No such file or directory
I0408 23:08:22.701908 140397394715840 logger_utils.py:59] Removing existing experiment directory /experiment_runs/submissions_a100/nadamw/study_0/imagenet_vit_jax because --overwrite was set.
I0408 23:08:22.723437 140397394715840 logger_utils.py:84] Creating experiment directory at /experiment_runs/submissions_a100/nadamw/study_0/imagenet_vit_jax.
I0408 23:08:23.287658 140397394715840 submission_runner.py:741] Creating directory at /experiment_runs/submissions_a100/nadamw/study_0/imagenet_vit_jax/trial_1.
I0408 23:08:23.796899 140397394715840 submission_runner.py:242] Initializing dataset.
I0408 23:08:24.023510 140397394715840 dataset_info.py:707] Load dataset info from /data/imagenet/jax/imagenet2012/5.1.0
I0408 23:08:24.048895 140397394715840 dataset_info.py:793] For 'imagenet2012/5.1.0': fields info.[splits, supervised_keys] differ on disk and in the code. Keeping the one from code.
I0408 23:08:24.329869 140397394715840 reader.py:262] Creating a tf.data.Dataset reading 1024 files located in folders: /data/imagenet/jax/imagenet2012/5.1.0.
I0408 23:08:24.408287 140397394715840 logging_logger.py:49] Constructing tf.data.Dataset imagenet2012 for split train, from /data/imagenet/jax/imagenet2012/5.1.0
I0408 23:08:31.230957 140397394715840 submission_runner.py:251] Initializing model.
I0408 23:09:08.430246 140397394715840 submission_runner.py:294] Initializing optimizer.
I0408 23:09:09.023300 140397394715840 submission_runner.py:299] Initializing metrics bundle.
I0408 23:09:09.023526 140397394715840 submission_runner.py:321] Initializing checkpoint and logger.
I0408 23:09:09.034697 140397394715840 checkpoints.py:1098] Found no checkpoint files in /experiment_runs/submissions_a100/nadamw/study_0/imagenet_vit_jax/trial_1 with prefix checkpoint_
I0408 23:09:09.034818 140397394715840 submission_runner.py:344] Saving meta data to /experiment_runs/submissions_a100/nadamw/study_0/imagenet_vit_jax/trial_1/meta_data_0.json.
I0408 23:09:09.224864 140397394715840 submission_runner.py:348] Saving flags to /experiment_runs/submissions_a100/nadamw/study_0/imagenet_vit_jax/trial_1/flags_0.json.
I0408 23:09:09.244057 140397394715840 submission_runner.py:359] Starting training loop.
I0408 23:10:01.122215 140397394715840 spec.py:333] Evaluating on the training split.
I0408 23:10:01.127524 140397394715840 dataset_info.py:707] Load dataset info from /data/imagenet/jax/imagenet2012/5.1.0
I0408 23:10:01.132960 140397394715840 dataset_info.py:793] For 'imagenet2012/5.1.0': fields info.[splits, supervised_keys] differ on disk and in the code. Keeping the one from code.
I0408 23:10:01.150708 140397394715840 reader.py:262] Creating a tf.data.Dataset reading 1024 files located in folders: /data/imagenet/jax/imagenet2012/5.1.0.
I0408 23:10:01.194157 140397394715840 logging_logger.py:49] Constructing tf.data.Dataset imagenet2012 for split train, from /data/imagenet/jax/imagenet2012/5.1.0
I0408 23:10:27.447393 140397394715840 spec.py:346] Evaluating on the validation split.
I0408 23:10:27.451863 140397394715840 dataset_info.py:707] Load dataset info from /data/imagenet/jax/imagenet2012/5.1.0
I0408 23:10:27.487670 140397394715840 dataset_info.py:793] For 'imagenet2012/5.1.0': fields info.[splits, supervised_keys] differ on disk and in the code. Keeping the one from code.
I0408 23:10:27.490406 140397394715840 reader.py:262] Creating a tf.data.Dataset reading 64 files located in folders: /data/imagenet/jax/imagenet2012/5.1.0.
I0408 23:10:27.656704 140397394715840 logging_logger.py:49] Constructing tf.data.Dataset imagenet2012 for split validation, from /data/imagenet/jax/imagenet2012/5.1.0
I0408 23:11:00.875135 140397394715840 spec.py:363] Evaluating on the test split.
I0408 23:11:00.916096 140397394715840 dataset_info.py:707] Load dataset info from /data/imagenet/jax/imagenet_v2/matched-frequency/3.0.0
I0408 23:11:00.966082 140397394715840 reader.py:262] Creating a tf.data.Dataset reading 16 files located in folders: /data/imagenet/jax/imagenet_v2/matched-frequency/3.0.0.
I0408 23:11:01.015507 140397394715840 logging_logger.py:49] Constructing tf.data.Dataset imagenet_v2 for split test, from /data/imagenet/jax/imagenet_v2/matched-frequency/3.0.0
I0408 23:11:05.933164 140397394715840 submission_runner.py:516] Time since start: 116.69s, 	Step: 1, 	{'train/accuracy': Array(0.00095703, dtype=float32), 'train/loss': Array(6.907755, dtype=float32), 'validation/accuracy': Array(0.001, dtype=float32), 'validation/loss': Array(6.907755, dtype=float32), 'validation/num_examples': 50000, 'test/accuracy': Array(0.001, dtype=float32), 'test/loss': Array(6.907755, dtype=float32), 'test/num_examples': 10000, 'score': 51.87806582450867, 'total_duration': 116.68746542930603, 'accumulated_submission_time': 51.87806582450867, 'accumulated_eval_time': 64.80931448936462, 'accumulated_logging_time': 0}
I0408 23:11:05.964323 140165737584384 logging_writer.py:48] [1] accumulated_eval_time=64.8093, accumulated_logging_time=0, accumulated_submission_time=51.8781, global_step=1, preemption_count=0, score=51.8781, test/accuracy=0.0010000000474974513, test/loss=6.907754898071289, test/num_examples=10000, total_duration=116.687, train/accuracy=0.0009570312104187906, train/loss=6.907754898071289, validation/accuracy=0.0009999999310821295, validation/loss=6.907754898071289, validation/num_examples=50000
I0408 23:53:57.249007 140397394715840 spec.py:333] Evaluating on the training split.
I0408 23:54:10.919358 140397394715840 spec.py:346] Evaluating on the validation split.
I0408 23:54:19.650420 140397394715840 spec.py:363] Evaluating on the test split.
I0408 23:54:20.575929 140397394715840 submission_runner.py:516] Time since start: 2711.33s, 	Step: 5728, 	{'train/accuracy': Array(0.23548828, dtype=float32), 'train/loss': Array(3.8490613, dtype=float32), 'validation/accuracy': Array(0.21822, dtype=float32), 'validation/loss': Array(3.9370732, dtype=float32), 'validation/num_examples': 50000, 'test/accuracy': Array(0.16510001, dtype=float32), 'test/loss': Array(4.3734097, dtype=float32), 'test/num_examples': 10000, 'score': 2623.0700676441193, 'total_duration': 2711.3296241760254, 'accumulated_submission_time': 2623.0700676441193, 'accumulated_eval_time': 88.1339979171753, 'accumulated_logging_time': 0.06548643112182617}
I0408 23:54:20.671611 140165745977088 logging_writer.py:48] [5728] accumulated_eval_time=88.134, accumulated_logging_time=0.0654864, accumulated_submission_time=2623.07, global_step=5728, preemption_count=0, score=2623.07, test/accuracy=0.16510000824928284, test/loss=4.373409748077393, test/num_examples=10000, total_duration=2711.33, train/accuracy=0.23548828065395355, train/loss=3.8490612506866455, validation/accuracy=0.21821999549865723, validation/loss=3.937073230743408, validation/num_examples=50000
I0409 00:37:11.677711 140397394715840 spec.py:333] Evaluating on the training split.
I0409 00:37:29.509186 140397394715840 spec.py:346] Evaluating on the validation split.
I0409 00:37:38.489599 140397394715840 spec.py:363] Evaluating on the test split.
I0409 00:37:39.451888 140397394715840 submission_runner.py:516] Time since start: 5310.21s, 	Step: 11632, 	{'train/accuracy': Array(0.44154295, dtype=float32), 'train/loss': Array(2.5573273, dtype=float32), 'validation/accuracy': Array(0.39898, dtype=float32), 'validation/loss': Array(2.767055, dtype=float32), 'validation/num_examples': 50000, 'test/accuracy': Array(0.3086, dtype=float32), 'test/loss': Array(3.3519366, dtype=float32), 'test/num_examples': 10000, 'score': 5194.00696516037, 'total_duration': 5310.205547094345, 'accumulated_submission_time': 5194.00696516037, 'accumulated_eval_time': 115.90590143203735, 'accumulated_logging_time': 0.16943979263305664}
I0409 00:37:39.508211 140165754369792 logging_writer.py:48] [11632] accumulated_eval_time=115.906, accumulated_logging_time=0.16944, accumulated_submission_time=5194.01, global_step=11632, preemption_count=0, score=5194.01, test/accuracy=0.3086000084877014, test/loss=3.3519365787506104, test/num_examples=10000, total_duration=5310.21, train/accuracy=0.44154295325279236, train/loss=2.5573272705078125, validation/accuracy=0.3989799916744232, validation/loss=2.767055034637451, validation/num_examples=50000
I0409 01:20:30.622769 140397394715840 spec.py:333] Evaluating on the training split.
I0409 01:20:45.459671 140397394715840 spec.py:346] Evaluating on the validation split.
I0409 01:20:53.558662 140397394715840 spec.py:363] Evaluating on the test split.
I0409 01:20:54.517457 140397394715840 submission_runner.py:516] Time since start: 7905.27s, 	Step: 17549, 	{'train/accuracy': Array(0.51746094, dtype=float32), 'train/loss': Array(2.0890026, dtype=float32), 'validation/accuracy': Array(0.48093998, dtype=float32), 'validation/loss': Array(2.2614663, dtype=float32), 'validation/num_examples': 50000, 'test/accuracy': Array(0.3727, dtype=float32), 'test/loss': Array(2.910174, dtype=float32), 'test/num_examples': 10000, 'score': 7765.001296520233, 'total_duration': 7905.268050909042, 'accumulated_submission_time': 7765.001296520233, 'accumulated_eval_time': 139.79524564743042, 'accumulated_logging_time': 0.28220605850219727}
I0409 01:20:54.570122 140165745977088 logging_writer.py:48] [17549] accumulated_eval_time=139.795, accumulated_logging_time=0.282206, accumulated_submission_time=7765, global_step=17549, preemption_count=0, score=7765, test/accuracy=0.3727000057697296, test/loss=2.9101738929748535, test/num_examples=10000, total_duration=7905.27, train/accuracy=0.5174609422683716, train/loss=2.0890026092529297, validation/accuracy=0.48093998432159424, validation/loss=2.2614662647247314, validation/num_examples=50000
I0409 02:03:45.832926 140397394715840 spec.py:333] Evaluating on the training split.
I0409 02:03:59.978987 140397394715840 spec.py:346] Evaluating on the validation split.
I0409 02:04:08.055842 140397394715840 spec.py:363] Evaluating on the test split.
I0409 02:04:09.024881 140397394715840 submission_runner.py:516] Time since start: 10499.78s, 	Step: 23457, 	{'train/accuracy': Array(0.5678125, dtype=float32), 'train/loss': Array(1.8463274, dtype=float32), 'validation/accuracy': Array(0.53257996, dtype=float32), 'validation/loss': Array(2.0284884, dtype=float32), 'validation/num_examples': 50000, 'test/accuracy': Array(0.4162, dtype=float32), 'test/loss': Array(2.6879404, dtype=float32), 'test/num_examples': 10000, 'score': 10336.156013727188, 'total_duration': 10499.778591156006, 'accumulated_submission_time': 10336.156013727188, 'accumulated_eval_time': 162.9849774837494, 'accumulated_logging_time': 0.3794519901275635}
I0409 02:04:09.083138 140165754369792 logging_writer.py:48] [23457] accumulated_eval_time=162.985, accumulated_logging_time=0.379452, accumulated_submission_time=10336.2, global_step=23457, preemption_count=0, score=10336.2, test/accuracy=0.41620001196861267, test/loss=2.6879403591156006, test/num_examples=10000, total_duration=10499.8, train/accuracy=0.5678125023841858, train/loss=1.8463274240493774, validation/accuracy=0.5325799584388733, validation/loss=2.0284883975982666, validation/num_examples=50000
I0409 02:47:00.318208 140397394715840 spec.py:333] Evaluating on the training split.
I0409 02:47:14.245208 140397394715840 spec.py:346] Evaluating on the validation split.
I0409 02:47:22.976556 140397394715840 spec.py:363] Evaluating on the test split.
I0409 02:47:23.935363 140397394715840 submission_runner.py:516] Time since start: 13094.69s, 	Step: 29355, 	{'train/accuracy': Array(0.61615235, dtype=float32), 'train/loss': Array(1.6091386, dtype=float32), 'validation/accuracy': Array(0.56332, dtype=float32), 'validation/loss': Array(1.8561164, dtype=float32), 'validation/num_examples': 50000, 'test/accuracy': Array(0.44750002, dtype=float32), 'test/loss': Array(2.5235002, dtype=float32), 'test/num_examples': 10000, 'score': 12907.259733915329, 'total_duration': 13094.689314365387, 'accumulated_submission_time': 12907.259733915329, 'accumulated_eval_time': 186.6001479625702, 'accumulated_logging_time': 0.4970993995666504}
I0409 02:47:23.979778 140165745977088 logging_writer.py:48] [29355] accumulated_eval_time=186.6, accumulated_logging_time=0.497099, accumulated_submission_time=12907.3, global_step=29355, preemption_count=0, score=12907.3, test/accuracy=0.4475000202655792, test/loss=2.5235002040863037, test/num_examples=10000, total_duration=13094.7, train/accuracy=0.6161523461341858, train/loss=1.6091386079788208, validation/accuracy=0.563319981098175, validation/loss=1.8561164140701294, validation/num_examples=50000
I0409 03:30:15.158889 140397394715840 spec.py:333] Evaluating on the training split.
I0409 03:30:28.782671 140397394715840 spec.py:346] Evaluating on the validation split.
I0409 03:30:36.896683 140397394715840 spec.py:363] Evaluating on the test split.
I0409 03:30:37.868179 140397394715840 submission_runner.py:516] Time since start: 15688.62s, 	Step: 35249, 	{'train/accuracy': Array(0.62322265, dtype=float32), 'train/loss': Array(1.5447242, dtype=float32), 'validation/accuracy': Array(0.5836, dtype=float32), 'validation/loss': Array(1.7411251, dtype=float32), 'validation/num_examples': 50000, 'test/accuracy': Array(0.46310002, dtype=float32), 'test/loss': Array(2.4184864, dtype=float32), 'test/num_examples': 10000, 'score': 15478.32861995697, 'total_duration': 15688.621981620789, 'accumulated_submission_time': 15478.32861995697, 'accumulated_eval_time': 209.30730557441711, 'accumulated_logging_time': 0.5912010669708252}
I0409 03:30:37.935204 140165754369792 logging_writer.py:48] [35249] accumulated_eval_time=209.307, accumulated_logging_time=0.591201, accumulated_submission_time=15478.3, global_step=35249, preemption_count=0, score=15478.3, test/accuracy=0.46310001611709595, test/loss=2.4184863567352295, test/num_examples=10000, total_duration=15688.6, train/accuracy=0.6232226490974426, train/loss=1.5447242259979248, validation/accuracy=0.5835999846458435, validation/loss=1.7411251068115234, validation/num_examples=50000
I0409 04:13:29.219162 140397394715840 spec.py:333] Evaluating on the training split.
I0409 04:13:42.482668 140397394715840 spec.py:346] Evaluating on the validation split.
I0409 04:13:50.871191 140397394715840 spec.py:363] Evaluating on the test split.
I0409 04:13:51.874806 140397394715840 submission_runner.py:516] Time since start: 18282.63s, 	Step: 41144, 	{'train/accuracy': Array(0.64240235, dtype=float32), 'train/loss': Array(1.4639965, dtype=float32), 'validation/accuracy': Array(0.59714, dtype=float32), 'validation/loss': Array(1.6729748, dtype=float32), 'validation/num_examples': 50000, 'test/accuracy': Array(0.47980002, dtype=float32), 'test/loss': Array(2.355726, dtype=float32), 'test/num_examples': 10000, 'score': 18049.520111322403, 'total_duration': 18282.628801822662, 'accumulated_submission_time': 18049.520111322403, 'accumulated_eval_time': 231.9610092639923, 'accumulated_logging_time': 0.6796708106994629}
I0409 04:13:51.931741 140165745977088 logging_writer.py:48] [41144] accumulated_eval_time=231.961, accumulated_logging_time=0.679671, accumulated_submission_time=18049.5, global_step=41144, preemption_count=0, score=18049.5, test/accuracy=0.4798000156879425, test/loss=2.3557260036468506, test/num_examples=10000, total_duration=18282.6, train/accuracy=0.6424023509025574, train/loss=1.4639965295791626, validation/accuracy=0.5971400141716003, validation/loss=1.6729748249053955, validation/num_examples=50000
I0409 04:56:43.262188 140397394715840 spec.py:333] Evaluating on the training split.
I0409 04:56:56.192612 140397394715840 spec.py:346] Evaluating on the validation split.
I0409 04:57:04.645421 140397394715840 spec.py:363] Evaluating on the test split.
I0409 04:57:05.612843 140397394715840 submission_runner.py:516] Time since start: 20876.37s, 	Step: 47036, 	{'train/accuracy': Array(0.659707, dtype=float32), 'train/loss': Array(1.3863811, dtype=float32), 'validation/accuracy': Array(0.60543996, dtype=float32), 'validation/loss': Array(1.6373787, dtype=float32), 'validation/num_examples': 50000, 'test/accuracy': Array(0.48350003, dtype=float32), 'test/loss': Array(2.3040907, dtype=float32), 'test/num_examples': 10000, 'score': 20620.762768268585, 'total_duration': 20876.366646528244, 'accumulated_submission_time': 20620.762768268585, 'accumulated_eval_time': 254.30953359603882, 'accumulated_logging_time': 0.764986515045166}
I0409 04:57:05.653290 140165754369792 logging_writer.py:48] [47036] accumulated_eval_time=254.31, accumulated_logging_time=0.764987, accumulated_submission_time=20620.8, global_step=47036, preemption_count=0, score=20620.8, test/accuracy=0.48350003361701965, test/loss=2.304090738296509, test/num_examples=10000, total_duration=20876.4, train/accuracy=0.6597070097923279, train/loss=1.3863811492919922, validation/accuracy=0.6054399609565735, validation/loss=1.6373786926269531, validation/num_examples=50000
I0409 05:39:56.931886 140397394715840 spec.py:333] Evaluating on the training split.
I0409 05:40:09.205353 140397394715840 spec.py:346] Evaluating on the validation split.
I0409 05:40:17.465285 140397394715840 spec.py:363] Evaluating on the test split.
I0409 05:40:18.433335 140397394715840 submission_runner.py:516] Time since start: 23469.19s, 	Step: 52919, 	{'train/accuracy': Array(0.6545117, dtype=float32), 'train/loss': Array(1.4435017, dtype=float32), 'validation/accuracy': Array(0.61417997, dtype=float32), 'validation/loss': Array(1.6408403, dtype=float32), 'validation/num_examples': 50000, 'test/accuracy': Array(0.49460003, dtype=float32), 'test/loss': Array(2.2818248, dtype=float32), 'test/num_examples': 10000, 'score': 23191.90065431595, 'total_duration': 23469.18710589409, 'accumulated_submission_time': 23191.90065431595, 'accumulated_eval_time': 275.8088209629059, 'accumulated_logging_time': 0.8861196041107178}
I0409 05:40:18.507754 140165745977088 logging_writer.py:48] [52919] accumulated_eval_time=275.809, accumulated_logging_time=0.88612, accumulated_submission_time=23191.9, global_step=52919, preemption_count=0, score=23191.9, test/accuracy=0.4946000277996063, test/loss=2.281824827194214, test/num_examples=10000, total_duration=23469.2, train/accuracy=0.6545116901397705, train/loss=1.4435017108917236, validation/accuracy=0.6141799688339233, validation/loss=1.6408402919769287, validation/num_examples=50000
I0409 06:23:09.603757 140397394715840 spec.py:333] Evaluating on the training split.
I0409 06:23:20.886532 140397394715840 spec.py:346] Evaluating on the validation split.
I0409 06:23:31.496958 140397394715840 spec.py:363] Evaluating on the test split.
I0409 06:23:32.464992 140397394715840 submission_runner.py:516] Time since start: 26063.22s, 	Step: 58802, 	{'train/accuracy': Array(0.6781055, dtype=float32), 'train/loss': Array(1.3151737, dtype=float32), 'validation/accuracy': Array(0.6331, dtype=float32), 'validation/loss': Array(1.5324444, dtype=float32), 'validation/num_examples': 50000, 'test/accuracy': Array(0.50210005, dtype=float32), 'test/loss': Array(2.205513, dtype=float32), 'test/num_examples': 10000, 'score': 25762.89148926735, 'total_duration': 26063.217679739, 'accumulated_submission_time': 25762.89148926735, 'accumulated_eval_time': 298.6668059825897, 'accumulated_logging_time': 0.9816856384277344}
I0409 06:23:32.523489 140165754369792 logging_writer.py:48] [58802] accumulated_eval_time=298.667, accumulated_logging_time=0.981686, accumulated_submission_time=25762.9, global_step=58802, preemption_count=0, score=25762.9, test/accuracy=0.5021000504493713, test/loss=2.2055130004882812, test/num_examples=10000, total_duration=26063.2, train/accuracy=0.6781054735183716, train/loss=1.3151737451553345, validation/accuracy=0.6330999732017517, validation/loss=1.5324443578720093, validation/num_examples=50000
I0409 07:06:23.690716 140397394715840 spec.py:333] Evaluating on the training split.
I0409 07:06:34.415289 140397394715840 spec.py:346] Evaluating on the validation split.
I0409 07:06:49.722957 140397394715840 spec.py:363] Evaluating on the test split.
I0409 07:06:50.694312 140397394715840 submission_runner.py:516] Time since start: 28661.45s, 	Step: 64674, 	{'train/accuracy': Array(0.6944726, dtype=float32), 'train/loss': Array(1.2132522, dtype=float32), 'validation/accuracy': Array(0.63692, dtype=float32), 'validation/loss': Array(1.4951528, dtype=float32), 'validation/num_examples': 50000, 'test/accuracy': Array(0.51140004, dtype=float32), 'test/loss': Array(2.1539643, dtype=float32), 'test/num_examples': 10000, 'score': 28333.982154130936, 'total_duration': 28661.447075366974, 'accumulated_submission_time': 28333.982154130936, 'accumulated_eval_time': 325.66722798347473, 'accumulated_logging_time': 1.0565218925476074}
I0409 07:06:50.735498 140165745977088 logging_writer.py:48] [64674] accumulated_eval_time=325.667, accumulated_logging_time=1.05652, accumulated_submission_time=28334, global_step=64674, preemption_count=0, score=28334, test/accuracy=0.511400043964386, test/loss=2.1539642810821533, test/num_examples=10000, total_duration=28661.4, train/accuracy=0.69447261095047, train/loss=1.2132521867752075, validation/accuracy=0.6369199752807617, validation/loss=1.4951528310775757, validation/num_examples=50000
I0409 07:49:41.814270 140397394715840 spec.py:333] Evaluating on the training split.
I0409 07:49:50.228777 140397394715840 spec.py:346] Evaluating on the validation split.
I0409 07:50:08.955884 140397394715840 spec.py:363] Evaluating on the test split.
I0409 07:50:09.929709 140397394715840 submission_runner.py:516] Time since start: 31260.68s, 	Step: 70523, 	{'train/accuracy': Array(0.691875, dtype=float32), 'train/loss': Array(1.2300047, dtype=float32), 'validation/accuracy': Array(0.64436, dtype=float32), 'validation/loss': Array(1.4502703, dtype=float32), 'validation/num_examples': 50000, 'test/accuracy': Array(0.52580005, dtype=float32), 'test/loss': Array(2.1139677, dtype=float32), 'test/num_examples': 10000, 'score': 30904.97888159752, 'total_duration': 31260.6838285923, 'accumulated_submission_time': 30904.97888159752, 'accumulated_eval_time': 353.7808487415314, 'accumulated_logging_time': 1.1207895278930664}
I0409 07:50:09.968153 140165754369792 logging_writer.py:48] [70523] accumulated_eval_time=353.781, accumulated_logging_time=1.12079, accumulated_submission_time=30905, global_step=70523, preemption_count=0, score=30905, test/accuracy=0.5258000493049622, test/loss=2.1139676570892334, test/num_examples=10000, total_duration=31260.7, train/accuracy=0.6918749809265137, train/loss=1.2300046682357788, validation/accuracy=0.6443600058555603, validation/loss=1.4502702951431274, validation/num_examples=50000
I0409 08:33:00.975675 140397394715840 spec.py:333] Evaluating on the training split.
I0409 08:33:09.120521 140397394715840 spec.py:346] Evaluating on the validation split.
I0409 08:33:28.985582 140397394715840 spec.py:363] Evaluating on the test split.
I0409 08:33:29.955601 140397394715840 submission_runner.py:516] Time since start: 33860.71s, 	Step: 76336, 	{'train/accuracy': Array(0.70992184, dtype=float32), 'train/loss': Array(1.1721616, dtype=float32), 'validation/accuracy': Array(0.65264, dtype=float32), 'validation/loss': Array(1.4266452, dtype=float32), 'validation/num_examples': 50000, 'test/accuracy': Array(0.528, dtype=float32), 'test/loss': Array(2.0755494, dtype=float32), 'test/num_examples': 10000, 'score': 33475.899322509766, 'total_duration': 33860.70949220657, 'accumulated_submission_time': 33475.899322509766, 'accumulated_eval_time': 382.7587306499481, 'accumulated_logging_time': 1.1874306201934814}
I0409 08:33:29.999989 140165745977088 logging_writer.py:48] [76336] accumulated_eval_time=382.759, accumulated_logging_time=1.18743, accumulated_submission_time=33475.9, global_step=76336, preemption_count=0, score=33475.9, test/accuracy=0.527999997138977, test/loss=2.075549364089966, test/num_examples=10000, total_duration=33860.7, train/accuracy=0.7099218368530273, train/loss=1.17216157913208, validation/accuracy=0.6526399850845337, validation/loss=1.4266451597213745, validation/num_examples=50000
I0409 09:16:21.197667 140397394715840 spec.py:333] Evaluating on the training split.
I0409 09:16:29.094437 140397394715840 spec.py:346] Evaluating on the validation split.
I0409 09:16:55.540696 140397394715840 spec.py:363] Evaluating on the test split.
I0409 09:16:56.517069 140397394715840 submission_runner.py:516] Time since start: 36467.27s, 	Step: 82128, 	{'train/accuracy': Array(0.7381445, dtype=float32), 'train/loss': Array(1.0716736, dtype=float32), 'validation/accuracy': Array(0.65849996, dtype=float32), 'validation/loss': Array(1.4157895, dtype=float32), 'validation/num_examples': 50000, 'test/accuracy': Array(0.54010004, dtype=float32), 'test/loss': Array(2.0619695, dtype=float32), 'test/num_examples': 10000, 'score': 36047.024696826935, 'total_duration': 36467.27129626274, 'accumulated_submission_time': 36047.024696826935, 'accumulated_eval_time': 418.07642436027527, 'accumulated_logging_time': 1.244323492050171}
I0409 09:16:56.570112 140165754369792 logging_writer.py:48] [82128] accumulated_eval_time=418.076, accumulated_logging_time=1.24432, accumulated_submission_time=36047, global_step=82128, preemption_count=0, score=36047, test/accuracy=0.5401000380516052, test/loss=2.061969518661499, test/num_examples=10000, total_duration=36467.3, train/accuracy=0.7381445169448853, train/loss=1.0716736316680908, validation/accuracy=0.6584999561309814, validation/loss=1.4157894849777222, validation/num_examples=50000
I0409 09:59:47.697588 140397394715840 spec.py:333] Evaluating on the training split.
I0409 09:59:56.420827 140397394715840 spec.py:346] Evaluating on the validation split.
I0409 10:01:52.813490 140397394715840 spec.py:363] Evaluating on the test split.
I0409 10:01:54.221759 140397394715840 submission_runner.py:516] Time since start: 39164.62s, 	Step: 87277, 	{'train/accuracy': Array(0.7397461, dtype=float32), 'train/loss': Array(1.0517862, dtype=float32), 'validation/accuracy': Array(0.66602, dtype=float32), 'validation/loss': Array(1.3702512, dtype=float32), 'validation/num_examples': 50000, 'test/accuracy': Array(0.5386, dtype=float32), 'test/loss': Array(2.0145469, dtype=float32), 'test/num_examples': 10000, 'score': 38617.991010427475, 'total_duration': 39164.6240940094, 'accumulated_submission_time': 38617.991010427475, 'accumulated_eval_time': 544.2882354259491, 'accumulated_logging_time': 1.3139917850494385}
I0409 10:01:55.531896 140165745977088 logging_writer.py:48] [87277] accumulated_eval_time=544.288, accumulated_logging_time=1.31399, accumulated_submission_time=38618, global_step=87277, preemption_count=0, score=38618, test/accuracy=0.5386000275611877, test/loss=2.0145468711853027, test/num_examples=10000, total_duration=39164.6, train/accuracy=0.73974609375, train/loss=1.051786184310913, validation/accuracy=0.6660199761390686, validation/loss=1.370251178741455, validation/num_examples=50000
I0409 10:44:45.445117 140397394715840 spec.py:333] Evaluating on the training split.
I0409 10:44:55.382196 140397394715840 spec.py:346] Evaluating on the validation split.
I0409 10:47:58.206571 140397394715840 spec.py:363] Evaluating on the test split.
I0409 10:47:59.578900 140397394715840 submission_runner.py:516] Time since start: 41930.01s, 	Step: 92207, 	{'train/accuracy': Array(0.75742185, dtype=float32), 'train/loss': Array(0.9637686, dtype=float32), 'validation/accuracy': Array(0.6727, dtype=float32), 'validation/loss': Array(1.3346019, dtype=float32), 'validation/num_examples': 50000, 'test/accuracy': Array(0.546, dtype=float32), 'test/loss': Array(1.9785423, dtype=float32), 'test/num_examples': 10000, 'score': 41186.81677174568, 'total_duration': 41930.01008296013, 'accumulated_submission_time': 41186.81677174568, 'accumulated_eval_time': 738.1203856468201, 'accumulated_logging_time': 3.622143030166626}
I0409 10:48:01.469506 140165754369792 logging_writer.py:48] [92207] accumulated_eval_time=738.12, accumulated_logging_time=3.62214, accumulated_submission_time=41186.8, global_step=92207, preemption_count=0, score=41186.8, test/accuracy=0.5460000038146973, test/loss=1.9785423278808594, test/num_examples=10000, total_duration=41930, train/accuracy=0.7574218511581421, train/loss=0.9637686014175415, validation/accuracy=0.6726999878883362, validation/loss=1.334601879119873, validation/num_examples=50000
I0409 11:30:50.328764 140397394715840 spec.py:333] Evaluating on the training split.
I0409 11:30:58.563079 140397394715840 spec.py:346] Evaluating on the validation split.
I0409 11:34:08.792539 140397394715840 spec.py:363] Evaluating on the test split.
I0409 11:34:10.061586 140397394715840 submission_runner.py:516] Time since start: 44700.63s, 	Step: 97174, 	{'train/accuracy': Array(0.74423826, dtype=float32), 'train/loss': Array(1.0174491, dtype=float32), 'validation/accuracy': Array(0.68524, dtype=float32), 'validation/loss': Array(1.2870109, dtype=float32), 'validation/num_examples': 50000, 'test/accuracy': Array(0.56170005, dtype=float32), 'test/loss': Array(1.9261266, dtype=float32), 'test/num_examples': 10000, 'score': 43754.44093418121, 'total_duration': 44700.62967085838, 'accumulated_submission_time': 43754.44093418121, 'accumulated_eval_time': 937.6949734687805, 'accumulated_logging_time': 6.6532087326049805}
I0409 11:34:11.529551 140165745977088 logging_writer.py:48] [97174] accumulated_eval_time=937.695, accumulated_logging_time=6.65321, accumulated_submission_time=43754.4, global_step=97174, preemption_count=0, score=43754.4, test/accuracy=0.5617000460624695, test/loss=1.9261265993118286, test/num_examples=10000, total_duration=44700.6, train/accuracy=0.7442382574081421, train/loss=1.017449140548706, validation/accuracy=0.6852399706840515, validation/loss=1.287010908126831, validation/num_examples=50000
I0409 12:17:00.908984 140397394715840 spec.py:333] Evaluating on the training split.
I0409 12:17:08.806448 140397394715840 spec.py:346] Evaluating on the validation split.
I0409 12:20:18.119992 140397394715840 spec.py:363] Evaluating on the test split.
I0409 12:20:19.394671 140397394715840 submission_runner.py:516] Time since start: 47469.94s, 	Step: 102152, 	{'train/accuracy': Array(0.7516015, dtype=float32), 'train/loss': Array(1.0354824, dtype=float32), 'validation/accuracy': Array(0.69281995, dtype=float32), 'validation/loss': Array(1.2956945, dtype=float32), 'validation/num_examples': 50000, 'test/accuracy': Array(0.56820005, dtype=float32), 'test/loss': Array(1.930815, dtype=float32), 'test/num_examples': 10000, 'score': 46322.53403759003, 'total_duration': 47469.94230937958, 'accumulated_submission_time': 46322.53403759003, 'accumulated_eval_time': 1135.9723863601685, 'accumulated_logging_time': 9.33203649520874}
I0409 12:20:20.615851 140165754369792 logging_writer.py:48] [102152] accumulated_eval_time=1135.97, accumulated_logging_time=9.33204, accumulated_submission_time=46322.5, global_step=102152, preemption_count=0, score=46322.5, test/accuracy=0.5682000517845154, test/loss=1.9308149814605713, test/num_examples=10000, total_duration=47469.9, train/accuracy=0.75160151720047, train/loss=1.035482406616211, validation/accuracy=0.6928199529647827, validation/loss=1.2956944704055786, validation/num_examples=50000
I0409 13:03:10.347136 140397394715840 spec.py:333] Evaluating on the training split.
I0409 13:03:19.175364 140397394715840 spec.py:346] Evaluating on the validation split.
I0409 13:06:29.101044 140397394715840 spec.py:363] Evaluating on the test split.
I0409 13:06:30.385734 140397394715840 submission_runner.py:516] Time since start: 50240.96s, 	Step: 107372, 	{'train/accuracy': Array(0.79041016, dtype=float32), 'train/loss': Array(0.81538343, dtype=float32), 'validation/accuracy': Array(0.70423996, dtype=float32), 'validation/loss': Array(1.1906899, dtype=float32), 'validation/num_examples': 50000, 'test/accuracy': Array(0.5837, dtype=float32), 'test/loss': Array(1.8153926, dtype=float32), 'test/num_examples': 10000, 'score': 48891.312096595764, 'total_duration': 50240.95506668091, 'accumulated_submission_time': 48891.312096595764, 'accumulated_eval_time': 1335.8389813899994, 'accumulated_logging_time': 11.407817125320435}
I0409 13:06:31.677391 140165745977088 logging_writer.py:48] [107372] accumulated_eval_time=1335.84, accumulated_logging_time=11.4078, accumulated_submission_time=48891.3, global_step=107372, preemption_count=0, score=48891.3, test/accuracy=0.5837000012397766, test/loss=1.8153926134109497, test/num_examples=10000, total_duration=50241, train/accuracy=0.7904101610183716, train/loss=0.8153834342956543, validation/accuracy=0.7042399644851685, validation/loss=1.1906899213790894, validation/num_examples=50000
I0409 13:49:21.688814 140397394715840 spec.py:333] Evaluating on the training split.
I0409 13:49:29.888296 140397394715840 spec.py:346] Evaluating on the validation split.
I0409 13:52:41.705491 140397394715840 spec.py:363] Evaluating on the test split.
I0409 13:52:43.126308 140397394715840 submission_runner.py:516] Time since start: 53013.57s, 	Step: 112330, 	{'train/accuracy': Array(0.7807812, dtype=float32), 'train/loss': Array(0.8641055, dtype=float32), 'validation/accuracy': Array(0.71173996, dtype=float32), 'validation/loss': Array(1.1668382, dtype=float32), 'validation/num_examples': 50000, 'test/accuracy': Array(0.59260005, dtype=float32), 'test/loss': Array(1.7804673, dtype=float32), 'test/num_examples': 10000, 'score': 51460.40239882469, 'total_duration': 53013.57395839691, 'accumulated_submission_time': 51460.40239882469, 'accumulated_eval_time': 1536.9814388751984, 'accumulated_logging_time': 13.513600826263428}
I0409 13:52:44.821679 140165754369792 logging_writer.py:48] [112330] accumulated_eval_time=1536.98, accumulated_logging_time=13.5136, accumulated_submission_time=51460.4, global_step=112330, preemption_count=0, score=51460.4, test/accuracy=0.5926000475883484, test/loss=1.7804672718048096, test/num_examples=10000, total_duration=53013.6, train/accuracy=0.7807812094688416, train/loss=0.8641055226325989, validation/accuracy=0.7117399573326111, validation/loss=1.1668381690979004, validation/num_examples=50000
I0409 14:35:34.019847 140397394715840 spec.py:333] Evaluating on the training split.
I0409 14:35:43.204949 140397394715840 spec.py:346] Evaluating on the validation split.
I0409 14:37:57.866779 140397394715840 spec.py:363] Evaluating on the test split.
I0409 14:37:59.235314 140397394715840 submission_runner.py:516] Time since start: 55729.71s, 	Step: 117111, 	{'train/accuracy': Array(0.7961328, dtype=float32), 'train/loss': Array(0.7794587, dtype=float32), 'validation/accuracy': Array(0.72714, dtype=float32), 'validation/loss': Array(1.0866992, dtype=float32), 'validation/num_examples': 50000, 'test/accuracy': Array(0.6036, dtype=float32), 'test/loss': Array(1.6992903, dtype=float32), 'test/num_examples': 10000, 'score': 54028.59884238243, 'total_duration': 55729.70767951012, 'accumulated_submission_time': 54028.59884238243, 'accumulated_eval_time': 1681.9243381023407, 'accumulated_logging_time': 16.13247585296631}
I0409 14:38:00.617866 140165745977088 logging_writer.py:48] [117111] accumulated_eval_time=1681.92, accumulated_logging_time=16.1325, accumulated_submission_time=54028.6, global_step=117111, preemption_count=0, score=54028.6, test/accuracy=0.603600025177002, test/loss=1.6992902755737305, test/num_examples=10000, total_duration=55729.7, train/accuracy=0.7961328029632568, train/loss=0.7794587016105652, validation/accuracy=0.7271400094032288, validation/loss=1.0866992473602295, validation/num_examples=50000
I0409 15:20:50.158476 140397394715840 spec.py:333] Evaluating on the training split.
I0409 15:20:56.868379 140397394715840 spec.py:346] Evaluating on the validation split.
I0409 15:23:19.172915 140397394715840 spec.py:363] Evaluating on the test split.
I0409 15:23:20.413050 140397394715840 submission_runner.py:516] Time since start: 58450.96s, 	Step: 122154, 	{'train/accuracy': Array(0.80353516, dtype=float32), 'train/loss': Array(0.74819016, dtype=float32), 'validation/accuracy': Array(0.72902, dtype=float32), 'validation/loss': Array(1.066446, dtype=float32), 'validation/num_examples': 50000, 'test/accuracy': Array(0.60690004, dtype=float32), 'test/loss': Array(1.6683902, dtype=float32), 'test/num_examples': 10000, 'score': 56596.88477039337, 'total_duration': 58450.963668346405, 'accumulated_submission_time': 56596.88477039337, 'accumulated_eval_time': 1831.9968626499176, 'accumulated_logging_time': 18.671656847000122}
I0409 15:23:21.752792 140165754369792 logging_writer.py:48] [122154] accumulated_eval_time=1832, accumulated_logging_time=18.6717, accumulated_submission_time=56596.9, global_step=122154, preemption_count=0, score=56596.9, test/accuracy=0.6069000363349915, test/loss=1.668390154838562, test/num_examples=10000, total_duration=58451, train/accuracy=0.8035351634025574, train/loss=0.74819016456604, validation/accuracy=0.7290199995040894, validation/loss=1.0664459466934204, validation/num_examples=50000
I0409 16:06:11.452096 140397394715840 spec.py:333] Evaluating on the training split.
I0409 16:06:16.879729 140397394715840 spec.py:346] Evaluating on the validation split.
I0409 16:07:43.632158 140397394715840 spec.py:363] Evaluating on the test split.
I0409 16:07:44.911939 140397394715840 submission_runner.py:516] Time since start: 61115.47s, 	Step: 127461, 	{'train/accuracy': Array(0.81316406, dtype=float32), 'train/loss': Array(0.71754986, dtype=float32), 'validation/accuracy': Array(0.74, dtype=float32), 'validation/loss': Array(1.0369245, dtype=float32), 'validation/num_examples': 50000, 'test/accuracy': Array(0.61560005, dtype=float32), 'test/loss': Array(1.6431407, dtype=float32), 'test/num_examples': 10000, 'score': 59165.54475545883, 'total_duration': 61115.4667198658, 'accumulated_submission_time': 59165.54475545883, 'accumulated_eval_time': 1925.2555685043335, 'accumulated_logging_time': 20.965801000595093}
I0409 16:07:46.093310 140165745977088 logging_writer.py:48] [127461] accumulated_eval_time=1925.26, accumulated_logging_time=20.9658, accumulated_submission_time=59165.5, global_step=127461, preemption_count=0, score=59165.5, test/accuracy=0.615600049495697, test/loss=1.6431406736373901, test/num_examples=10000, total_duration=61115.5, train/accuracy=0.8131640553474426, train/loss=0.7175498604774475, validation/accuracy=0.7400000095367432, validation/loss=1.0369244813919067, validation/num_examples=50000
I0409 16:50:36.137834 140397394715840 spec.py:333] Evaluating on the training split.
I0409 16:50:41.891902 140397394715840 spec.py:346] Evaluating on the validation split.
I0409 16:53:12.736258 140397394715840 spec.py:363] Evaluating on the test split.
I0409 16:53:13.821743 140397394715840 submission_runner.py:516] Time since start: 63844.46s, 	Step: 132902, 	{'train/accuracy': Array(0.83697265, dtype=float32), 'train/loss': Array(0.61731625, dtype=float32), 'validation/accuracy': Array(0.74983996, dtype=float32), 'validation/loss': Array(0.9834095, dtype=float32), 'validation/num_examples': 50000, 'test/accuracy': Array(0.6229, dtype=float32), 'test/loss': Array(1.5833488, dtype=float32), 'test/num_examples': 10000, 'score': 61734.6875371933, 'total_duration': 63844.46440887451, 'accumulated_submission_time': 61734.6875371933, 'accumulated_eval_time': 2082.8262333869934, 'accumulated_logging_time': 22.96665930747986}
I0409 16:53:14.194911 140165754369792 logging_writer.py:48] [132902] accumulated_eval_time=2082.83, accumulated_logging_time=22.9667, accumulated_submission_time=61734.7, global_step=132902, preemption_count=0, score=61734.7, test/accuracy=0.6229000091552734, test/loss=1.5833487510681152, test/num_examples=10000, total_duration=63844.5, train/accuracy=0.8369726538658142, train/loss=0.6173162460327148, validation/accuracy=0.7498399615287781, validation/loss=0.9834095239639282, validation/num_examples=50000
I0409 17:36:04.860673 140397394715840 spec.py:333] Evaluating on the training split.
I0409 17:36:08.413612 140397394715840 spec.py:346] Evaluating on the validation split.
I0409 17:38:49.939625 140397394715840 spec.py:363] Evaluating on the test split.
I0409 17:38:51.004917 140397394715840 submission_runner.py:516] Time since start: 66581.67s, 	Step: 138229, 	{'train/accuracy': Array(0.8418945, dtype=float32), 'train/loss': Array(0.60118145, dtype=float32), 'validation/accuracy': Array(0.75667995, dtype=float32), 'validation/loss': Array(0.96529835, dtype=float32), 'validation/num_examples': 50000, 'test/accuracy': Array(0.63470006, dtype=float32), 'test/loss': Array(1.5606526, dtype=float32), 'test/num_examples': 10000, 'score': 64304.89638185501, 'total_duration': 66581.67088389397, 'accumulated_submission_time': 64304.89638185501, 'accumulated_eval_time': 2248.880530834198, 'accumulated_logging_time': 23.726232528686523}
I0409 17:38:51.407282 140165745977088 logging_writer.py:48] [138229] accumulated_eval_time=2248.88, accumulated_logging_time=23.7262, accumulated_submission_time=64304.9, global_step=138229, preemption_count=0, score=64304.9, test/accuracy=0.6347000598907471, test/loss=1.5606526136398315, test/num_examples=10000, total_duration=66581.7, train/accuracy=0.8418945074081421, train/loss=0.6011814475059509, validation/accuracy=0.7566799521446228, validation/loss=0.9652983546257019, validation/num_examples=50000
I0409 18:21:42.423728 140397394715840 spec.py:333] Evaluating on the training split.
I0409 18:21:46.116297 140397394715840 spec.py:346] Evaluating on the validation split.
I0409 18:22:56.553751 140397394715840 spec.py:363] Evaluating on the test split.
I0409 18:22:57.621703 140397394715840 submission_runner.py:516] Time since start: 69228.28s, 	Step: 143298, 	{'train/accuracy': Array(0.85660154, dtype=float32), 'train/loss': Array(0.55263656, dtype=float32), 'validation/accuracy': Array(0.76479995, dtype=float32), 'validation/loss': Array(0.93714464, dtype=float32), 'validation/num_examples': 50000, 'test/accuracy': Array(0.6441, dtype=float32), 'test/loss': Array(1.5310109, dtype=float32), 'test/num_examples': 10000, 'score': 66875.45236468315, 'total_duration': 69228.28345632553, 'accumulated_submission_time': 66875.45236468315, 'accumulated_eval_time': 2323.984347343445, 'accumulated_logging_time': 24.510034799575806}
I0409 18:22:58.108865 140165754369792 logging_writer.py:48] [143298] accumulated_eval_time=2323.98, accumulated_logging_time=24.51, accumulated_submission_time=66875.5, global_step=143298, preemption_count=0, score=66875.5, test/accuracy=0.64410001039505, test/loss=1.5310108661651611, test/num_examples=10000, total_duration=69228.3, train/accuracy=0.8566015362739563, train/loss=0.5526365637779236, validation/accuracy=0.764799952507019, validation/loss=0.9371446371078491, validation/num_examples=50000
I0409 19:05:48.542148 140397394715840 spec.py:333] Evaluating on the training split.
I0409 19:05:52.574502 140397394715840 spec.py:346] Evaluating on the validation split.
I0409 19:07:55.265964 140397394715840 spec.py:363] Evaluating on the test split.
I0409 19:07:56.322929 140397394715840 submission_runner.py:516] Time since start: 71926.99s, 	Step: 148389, 	{'train/accuracy': Array(0.86302733, dtype=float32), 'train/loss': Array(0.5034753, dtype=float32), 'validation/accuracy': Array(0.77132, dtype=float32), 'validation/loss': Array(0.8947119, dtype=float32), 'validation/num_examples': 50000, 'test/accuracy': Array(0.64820004, dtype=float32), 'test/loss': Array(1.4770724, dtype=float32), 'test/num_examples': 10000, 'score': 69445.24471068382, 'total_duration': 71926.99265408516, 'accumulated_submission_time': 69445.24471068382, 'accumulated_eval_time': 2451.678940296173, 'accumulated_logging_time': 25.572328329086304}
I0409 19:07:56.756342 140165745977088 logging_writer.py:48] [148389] accumulated_eval_time=2451.68, accumulated_logging_time=25.5723, accumulated_submission_time=69445.2, global_step=148389, preemption_count=0, score=69445.2, test/accuracy=0.6482000350952148, test/loss=1.4770723581314087, test/num_examples=10000, total_duration=71927, train/accuracy=0.8630273342132568, train/loss=0.5034753084182739, validation/accuracy=0.7713199853897095, validation/loss=0.8947119116783142, validation/num_examples=50000
I0409 19:50:47.544320 140397394715840 spec.py:333] Evaluating on the training split.
I0409 19:50:51.469321 140397394715840 spec.py:346] Evaluating on the validation split.
I0409 19:53:18.722412 140397394715840 spec.py:363] Evaluating on the test split.
I0409 19:53:19.780757 140397394715840 submission_runner.py:516] Time since start: 74650.45s, 	Step: 153506, 	{'train/accuracy': Array(0.87310547, dtype=float32), 'train/loss': Array(0.48195943, dtype=float32), 'validation/accuracy': Array(0.77709997, dtype=float32), 'validation/loss': Array(0.8873595, dtype=float32), 'validation/num_examples': 50000, 'test/accuracy': Array(0.6567, dtype=float32), 'test/loss': Array(1.4613221, dtype=float32), 'test/num_examples': 10000, 'score': 72015.5787293911, 'total_duration': 74650.4464507103, 'accumulated_submission_time': 72015.5787293911, 'accumulated_eval_time': 2603.825157403946, 'accumulated_logging_time': 26.363442420959473}
I0409 19:53:20.321017 140165754369792 logging_writer.py:48] [153506] accumulated_eval_time=2603.83, accumulated_logging_time=26.3634, accumulated_submission_time=72015.6, global_step=153506, preemption_count=0, score=72015.6, test/accuracy=0.6567000150680542, test/loss=1.4613220691680908, test/num_examples=10000, total_duration=74650.4, train/accuracy=0.8731054663658142, train/loss=0.48195943236351013, validation/accuracy=0.7770999670028687, validation/loss=0.8873594999313354, validation/num_examples=50000
I0409 19:53:20.984004 140165745977088 logging_writer.py:48] [153506] global_step=153506, preemption_count=0, score=72015.6
I0409 19:53:21.802825 140397394715840 submission_runner.py:857] Final imagenet_vit score: 72015.5787293911
