torchrun --redirects 1:0,2:0,3:0 --standalone --nnodes=1 --nproc_per_node=4 submission_runner.py --framework=pytorch --workload=criteo1tb --submission_path=submissions_algorithms/submissions/self_tuning/muon_torch_replicated_torch_hps/submission.py --data_dir=/data/criteo1tb --experiment_dir=/experiment_runs --experiment_name=submissions_a100/muon_torch_replicated_torch_hps/study_1 --overwrite=True --save_checkpoints=False --rng_seed=1029997954 --torch_compile=true --tuning_ruleset=self 2>&1 | tee -a /logs/criteo1tb_pytorch_06-14-2026-17-51-21.log
W0614 17:51:23.228000 9 site-packages/torch/distributed/run.py:803] 
W0614 17:51:23.228000 9 site-packages/torch/distributed/run.py:803] *****************************************
W0614 17:51:23.228000 9 site-packages/torch/distributed/run.py:803] Setting OMP_NUM_THREADS environment variable for each process to be 1 in default, to avoid your system being overloaded, please further tune the variable for optimal performance in your application as needed. 
W0614 17:51:23.228000 9 site-packages/torch/distributed/run.py:803] *****************************************
2026-06-14 17:51:24.742232: E external/local_xla/xla/stream_executor/cuda/cuda_fft.cc:467] Unable to register cuFFT factory: Attempting to register factory for plugin cuFFT when one has already been registered
2026-06-14 17:51:24.742233: E external/local_xla/xla/stream_executor/cuda/cuda_fft.cc:467] Unable to register cuFFT factory: Attempting to register factory for plugin cuFFT when one has already been registered
2026-06-14 17:51:24.742232: E external/local_xla/xla/stream_executor/cuda/cuda_fft.cc:467] Unable to register cuFFT factory: Attempting to register factory for plugin cuFFT when one has already been registered
2026-06-14 17:51:24.742236: E external/local_xla/xla/stream_executor/cuda/cuda_fft.cc:467] Unable to register cuFFT factory: Attempting to register factory for plugin cuFFT when one has already been registered
WARNING: All log messages before absl::InitializeLog() is called are written to STDERR
WARNING: All log messages before absl::InitializeLog() is called are written to STDERR
WARNING: All log messages before absl::InitializeLog() is called are written to STDERR
WARNING: All log messages before absl::InitializeLog() is called are written to STDERR
E0000 00:00:1781459484.762915      40 cuda_dnn.cc:8579] Unable to register cuDNN factory: Attempting to register factory for plugin cuDNN when one has already been registered
E0000 00:00:1781459484.762914      41 cuda_dnn.cc:8579] Unable to register cuDNN factory: Attempting to register factory for plugin cuDNN when one has already been registered
E0000 00:00:1781459484.762915      38 cuda_dnn.cc:8579] Unable to register cuDNN factory: Attempting to register factory for plugin cuDNN when one has already been registered
E0000 00:00:1781459484.762913      39 cuda_dnn.cc:8579] Unable to register cuDNN factory: Attempting to register factory for plugin cuDNN when one has already been registered
E0000 00:00:1781459484.769875      40 cuda_blas.cc:1407] Unable to register cuBLAS factory: Attempting to register factory for plugin cuBLAS when one has already been registered
E0000 00:00:1781459484.769882      38 cuda_blas.cc:1407] Unable to register cuBLAS factory: Attempting to register factory for plugin cuBLAS when one has already been registered
E0000 00:00:1781459484.769885      41 cuda_blas.cc:1407] Unable to register cuBLAS factory: Attempting to register factory for plugin cuBLAS when one has already been registered
E0000 00:00:1781459484.769885      39 cuda_blas.cc:1407] Unable to register cuBLAS factory: Attempting to register factory for plugin cuBLAS when one has already been registered
W0000 00:00:1781459484.787245      40 computation_placer.cc:177] computation placer already registered. Please check linkage and avoid linking the same target more than once.
W0000 00:00:1781459484.787249      41 computation_placer.cc:177] computation placer already registered. Please check linkage and avoid linking the same target more than once.
W0000 00:00:1781459484.787250      39 computation_placer.cc:177] computation placer already registered. Please check linkage and avoid linking the same target more than once.
W0000 00:00:1781459484.787250      38 computation_placer.cc:177] computation placer already registered. Please check linkage and avoid linking the same target more than once.
W0000 00:00:1781459484.787269      41 computation_placer.cc:177] computation placer already registered. Please check linkage and avoid linking the same target more than once.
W0000 00:00:1781459484.787269      39 computation_placer.cc:177] computation placer already registered. Please check linkage and avoid linking the same target more than once.
W0000 00:00:1781459484.787270      38 computation_placer.cc:177] computation placer already registered. Please check linkage and avoid linking the same target more than once.
W0000 00:00:1781459484.787272      41 computation_placer.cc:177] computation placer already registered. Please check linkage and avoid linking the same target more than once.
W0000 00:00:1781459484.787272      39 computation_placer.cc:177] computation placer already registered. Please check linkage and avoid linking the same target more than once.
W0000 00:00:1781459484.787272      40 computation_placer.cc:177] computation placer already registered. Please check linkage and avoid linking the same target more than once.
W0000 00:00:1781459484.787273      38 computation_placer.cc:177] computation placer already registered. Please check linkage and avoid linking the same target more than once.
W0000 00:00:1781459484.787274      41 computation_placer.cc:177] computation placer already registered. Please check linkage and avoid linking the same target more than once.
W0000 00:00:1781459484.787274      39 computation_placer.cc:177] computation placer already registered. Please check linkage and avoid linking the same target more than once.
W0000 00:00:1781459484.787275      40 computation_placer.cc:177] computation placer already registered. Please check linkage and avoid linking the same target more than once.
W0000 00:00:1781459484.787275      38 computation_placer.cc:177] computation placer already registered. Please check linkage and avoid linking the same target more than once.
W0000 00:00:1781459484.787277      40 computation_placer.cc:177] computation placer already registered. Please check linkage and avoid linking the same target more than once.
W0000 00:00:1781459490.241459      40 gpu_device.cc:2341] Cannot dlopen some GPU libraries. Please make sure the missing libraries mentioned above are installed properly if you would like to use GPU. Follow the guide at https://www.tensorflow.org/install/gpu for how to download and setup the required libraries for your platform.
Skipping registering GPU devices...
W0000 00:00:1781459490.367113      41 gpu_device.cc:2341] Cannot dlopen some GPU libraries. Please make sure the missing libraries mentioned above are installed properly if you would like to use GPU. Follow the guide at https://www.tensorflow.org/install/gpu for how to download and setup the required libraries for your platform.
Skipping registering GPU devices...
W0000 00:00:1781459490.459927      39 gpu_device.cc:2341] Cannot dlopen some GPU libraries. Please make sure the missing libraries mentioned above are installed properly if you would like to use GPU. Follow the guide at https://www.tensorflow.org/install/gpu for how to download and setup the required libraries for your platform.
Skipping registering GPU devices...
/usr/local/lib/python3.11/site-packages/torch/__init__.py:1617: UserWarning: Please use the new API settings to control TF32 behavior, such as torch.backends.cudnn.conv.fp32_precision = 'tf32' or torch.backends.cuda.matmul.fp32_precision = 'ieee'. Old settings, e.g, torch.backends.cuda.matmul.allow_tf32 = True, torch.backends.cudnn.allow_tf32 = True, allowTF32CuDNN() and allowTF32CuBLAS() will be deprecated after Pytorch 2.9. Please see https://pytorch.org/docs/main/notes/cuda.html#tensorfloat-32-tf32-on-ampere-and-later-devices (Triggered internally at /pytorch/aten/src/ATen/Context.cpp:80.)
  _C._set_float32_matmul_precision(precision)
W0000 00:00:1781459490.774200      38 gpu_device.cc:2341] Cannot dlopen some GPU libraries. Please make sure the missing libraries mentioned above are installed properly if you would like to use GPU. Follow the guide at https://www.tensorflow.org/install/gpu for how to download and setup the required libraries for your platform.
Skipping registering GPU devices...
/usr/local/lib/python3.11/site-packages/torch/__init__.py:1617: UserWarning: Please use the new API settings to control TF32 behavior, such as torch.backends.cudnn.conv.fp32_precision = 'tf32' or torch.backends.cuda.matmul.fp32_precision = 'ieee'. Old settings, e.g, torch.backends.cuda.matmul.allow_tf32 = True, torch.backends.cudnn.allow_tf32 = True, allowTF32CuDNN() and allowTF32CuBLAS() will be deprecated after Pytorch 2.9. Please see https://pytorch.org/docs/main/notes/cuda.html#tensorfloat-32-tf32-on-ampere-and-later-devices (Triggered internally at /pytorch/aten/src/ATen/Context.cpp:80.)
  _C._set_float32_matmul_precision(precision)
/usr/local/lib/python3.11/site-packages/torch/__init__.py:1617: UserWarning: Please use the new API settings to control TF32 behavior, such as torch.backends.cudnn.conv.fp32_precision = 'tf32' or torch.backends.cuda.matmul.fp32_precision = 'ieee'. Old settings, e.g, torch.backends.cuda.matmul.allow_tf32 = True, torch.backends.cudnn.allow_tf32 = True, allowTF32CuDNN() and allowTF32CuBLAS() will be deprecated after Pytorch 2.9. Please see https://pytorch.org/docs/main/notes/cuda.html#tensorfloat-32-tf32-on-ampere-and-later-devices (Triggered internally at /pytorch/aten/src/ATen/Context.cpp:80.)
  _C._set_float32_matmul_precision(precision)
/usr/local/lib/python3.11/site-packages/torch/__init__.py:1617: UserWarning: Please use the new API settings to control TF32 behavior, such as torch.backends.cudnn.conv.fp32_precision = 'tf32' or torch.backends.cuda.matmul.fp32_precision = 'ieee'. Old settings, e.g, torch.backends.cuda.matmul.allow_tf32 = True, torch.backends.cudnn.allow_tf32 = True, allowTF32CuDNN() and allowTF32CuBLAS() will be deprecated after Pytorch 2.9. Please see https://pytorch.org/docs/main/notes/cuda.html#tensorfloat-32-tf32-on-ampere-and-later-devices (Triggered internally at /pytorch/aten/src/ATen/Context.cpp:80.)
  _C._set_float32_matmul_precision(precision)
/usr/local/lib/python3.11/site-packages/pydantic/_internal/_generate_schema.py:2249: UnsupportedFieldAttributeWarning: The 'repr' attribute with value False was provided to the `Field()` function, which has no effect in the context it was used. 'repr' is field-specific metadata, and can only be attached to a model field using `Annotated` metadata or by assignment. This may have happened because an `Annotated` type alias using the `type` statement was used, or if the `Field()` function was attached to a single member of a union type.
  warnings.warn(
/usr/local/lib/python3.11/site-packages/pydantic/_internal/_generate_schema.py:2249: UnsupportedFieldAttributeWarning: The 'frozen' attribute with value True was provided to the `Field()` function, which has no effect in the context it was used. 'frozen' is field-specific metadata, and can only be attached to a model field using `Annotated` metadata or by assignment. This may have happened because an `Annotated` type alias using the `type` statement was used, or if the `Field()` function was attached to a single member of a union type.
  warnings.warn(
/usr/local/lib/python3.11/site-packages/pydantic/_internal/_generate_schema.py:2249: UnsupportedFieldAttributeWarning: The 'repr' attribute with value False was provided to the `Field()` function, which has no effect in the context it was used. 'repr' is field-specific metadata, and can only be attached to a model field using `Annotated` metadata or by assignment. This may have happened because an `Annotated` type alias using the `type` statement was used, or if the `Field()` function was attached to a single member of a union type.
  warnings.warn(
/usr/local/lib/python3.11/site-packages/pydantic/_internal/_generate_schema.py:2249: UnsupportedFieldAttributeWarning: The 'frozen' attribute with value True was provided to the `Field()` function, which has no effect in the context it was used. 'frozen' is field-specific metadata, and can only be attached to a model field using `Annotated` metadata or by assignment. This may have happened because an `Annotated` type alias using the `type` statement was used, or if the `Field()` function was attached to a single member of a union type.
  warnings.warn(
/usr/local/lib/python3.11/site-packages/pydantic/_internal/_generate_schema.py:2249: UnsupportedFieldAttributeWarning: The 'repr' attribute with value False was provided to the `Field()` function, which has no effect in the context it was used. 'repr' is field-specific metadata, and can only be attached to a model field using `Annotated` metadata or by assignment. This may have happened because an `Annotated` type alias using the `type` statement was used, or if the `Field()` function was attached to a single member of a union type.
  warnings.warn(
/usr/local/lib/python3.11/site-packages/pydantic/_internal/_generate_schema.py:2249: UnsupportedFieldAttributeWarning: The 'frozen' attribute with value True was provided to the `Field()` function, which has no effect in the context it was used. 'frozen' is field-specific metadata, and can only be attached to a model field using `Annotated` metadata or by assignment. This may have happened because an `Annotated` type alias using the `type` statement was used, or if the `Field()` function was attached to a single member of a union type.
  warnings.warn(
/usr/local/lib/python3.11/site-packages/pydantic/_internal/_generate_schema.py:2249: UnsupportedFieldAttributeWarning: The 'repr' attribute with value False was provided to the `Field()` function, which has no effect in the context it was used. 'repr' is field-specific metadata, and can only be attached to a model field using `Annotated` metadata or by assignment. This may have happened because an `Annotated` type alias using the `type` statement was used, or if the `Field()` function was attached to a single member of a union type.
  warnings.warn(
/usr/local/lib/python3.11/site-packages/pydantic/_internal/_generate_schema.py:2249: UnsupportedFieldAttributeWarning: The 'frozen' attribute with value True was provided to the `Field()` function, which has no effect in the context it was used. 'frozen' is field-specific metadata, and can only be attached to a model field using `Annotated` metadata or by assignment. This may have happened because an `Annotated` type alias using the `type` statement was used, or if the `Field()` function was attached to a single member of a union type.
  warnings.warn(
/usr/local/lib/python3.11/site-packages/torch/distributed/distributed_c10d.py:4876: UserWarning: barrier(): using the device under current context. You can specify `device_id` in `init_process_group` to mute this warning.
  warnings.warn(  # warn only once
[rank0]:[W614 17:51:32.662539134 ProcessGroupNCCL.cpp:5068] Guessing device ID based on global rank. This can cause a hang if rank to GPU mapping is heterogeneous. You can specify device_id in init_process_group()
I0614 17:51:33.099048 139692364256448 logger_utils.py:84] Creating experiment directory at /experiment_runs/submissions_a100/muon_torch_replicated_torch_hps/study_1/criteo1tb_pytorch.
I0614 17:51:33.099050 139743183488192 logger_utils.py:84] Creating experiment directory at /experiment_runs/submissions_a100/muon_torch_replicated_torch_hps/study_1/criteo1tb_pytorch.
I0614 17:51:33.099049 139955340555456 logger_utils.py:84] Creating experiment directory at /experiment_runs/submissions_a100/muon_torch_replicated_torch_hps/study_1/criteo1tb_pytorch.
I0614 17:51:33.099075 140545441125568 logger_utils.py:84] Creating experiment directory at /experiment_runs/submissions_a100/muon_torch_replicated_torch_hps/study_1/criteo1tb_pytorch.
I0614 17:51:35.641944 139692364256448 submission_runner.py:741] Creating directory at /experiment_runs/submissions_a100/muon_torch_replicated_torch_hps/study_1/criteo1tb_pytorch/trial_1.
I0614 17:51:35.972931 139692364256448 submission_runner.py:242] Initializing dataset.
I0614 17:51:35.973099 139692364256448 submission_runner.py:251] Initializing model.
W0614 17:51:40.530603 139692364256448 submission_runner.py:273] These workloads cannot be fully compiled under current PyTorch version. Proceeding without `torch.compile`.
I0614 17:51:40.530778 139692364256448 submission_runner.py:294] Initializing optimizer.
W0614 17:51:40.530795 139955340555456 submission_runner.py:273] These workloads cannot be fully compiled under current PyTorch version. Proceeding without `torch.compile`.
W0614 17:51:40.530839 140545441125568 submission_runner.py:273] These workloads cannot be fully compiled under current PyTorch version. Proceeding without `torch.compile`.
I0614 17:51:40.530942 139692364256448 muon.py:227] Muon params:
	module.bot_mlp.0.weight (ndim=2)
	module.bot_mlp.2.weight (ndim=2)
	module.bot_mlp.4.weight (ndim=2)
	module.top_mlp.0.weight (ndim=2)
	module.top_mlp.2.weight (ndim=2)
	module.top_mlp.4.weight (ndim=2)
	module.top_mlp.6.weight (ndim=2)
	module.top_mlp.9.weight (ndim=2)
W0614 17:51:40.530873 139743183488192 submission_runner.py:273] These workloads cannot be fully compiled under current PyTorch version. Proceeding without `torch.compile`.
I0614 17:51:40.531005 139692364256448 muon.py:228] Adam params:
	module.embedding_chunk_0 (ndim=2)
	module.embedding_chunk_1 (ndim=2)
	module.embedding_chunk_2 (ndim=2)
	module.embedding_chunk_3 (ndim=2)
	module.bot_mlp.0.bias (ndim=1)
	module.bot_mlp.2.bias (ndim=1)
	module.bot_mlp.4.bias (ndim=1)
	module.top_mlp.0.bias (ndim=1)
	module.top_mlp.2.bias (ndim=1)
	module.top_mlp.4.bias (ndim=1)
	module.top_mlp.6.bias (ndim=1)
	module.top_mlp.9.bias (ndim=1)
I0614 17:51:40.531071 139955340555456 muon.py:227] Muon params:
	module.bot_mlp.0.weight (ndim=2)
	module.bot_mlp.2.weight (ndim=2)
	module.bot_mlp.4.weight (ndim=2)
	module.top_mlp.0.weight (ndim=2)
	module.top_mlp.2.weight (ndim=2)
	module.top_mlp.4.weight (ndim=2)
	module.top_mlp.6.weight (ndim=2)
	module.top_mlp.9.weight (ndim=2)
I0614 17:51:40.531112 140545441125568 muon.py:227] Muon params:
	module.bot_mlp.0.weight (ndim=2)
	module.bot_mlp.2.weight (ndim=2)
	module.bot_mlp.4.weight (ndim=2)
	module.top_mlp.0.weight (ndim=2)
	module.top_mlp.2.weight (ndim=2)
	module.top_mlp.4.weight (ndim=2)
	module.top_mlp.6.weight (ndim=2)
	module.top_mlp.9.weight (ndim=2)
I0614 17:51:40.531144 139955340555456 muon.py:228] Adam params:
	module.embedding_chunk_0 (ndim=2)
	module.embedding_chunk_1 (ndim=2)
	module.embedding_chunk_2 (ndim=2)
	module.embedding_chunk_3 (ndim=2)
	module.bot_mlp.0.bias (ndim=1)
	module.bot_mlp.2.bias (ndim=1)
	module.bot_mlp.4.bias (ndim=1)
	module.top_mlp.0.bias (ndim=1)
	module.top_mlp.2.bias (ndim=1)
	module.top_mlp.4.bias (ndim=1)
	module.top_mlp.6.bias (ndim=1)
	module.top_mlp.9.bias (ndim=1)
I0614 17:51:40.531148 139743183488192 muon.py:227] Muon params:
	module.bot_mlp.0.weight (ndim=2)
	module.bot_mlp.2.weight (ndim=2)
	module.bot_mlp.4.weight (ndim=2)
	module.top_mlp.0.weight (ndim=2)
	module.top_mlp.2.weight (ndim=2)
	module.top_mlp.4.weight (ndim=2)
	module.top_mlp.6.weight (ndim=2)
	module.top_mlp.9.weight (ndim=2)
I0614 17:51:40.531183 140545441125568 muon.py:228] Adam params:
	module.embedding_chunk_0 (ndim=2)
	module.embedding_chunk_1 (ndim=2)
	module.embedding_chunk_2 (ndim=2)
	module.embedding_chunk_3 (ndim=2)
	module.bot_mlp.0.bias (ndim=1)
	module.bot_mlp.2.bias (ndim=1)
	module.bot_mlp.4.bias (ndim=1)
	module.top_mlp.0.bias (ndim=1)
	module.top_mlp.2.bias (ndim=1)
	module.top_mlp.4.bias (ndim=1)
	module.top_mlp.6.bias (ndim=1)
	module.top_mlp.9.bias (ndim=1)
I0614 17:51:40.531218 139743183488192 muon.py:228] Adam params:
	module.embedding_chunk_0 (ndim=2)
	module.embedding_chunk_1 (ndim=2)
	module.embedding_chunk_2 (ndim=2)
	module.embedding_chunk_3 (ndim=2)
	module.bot_mlp.0.bias (ndim=1)
	module.bot_mlp.2.bias (ndim=1)
	module.bot_mlp.4.bias (ndim=1)
	module.top_mlp.0.bias (ndim=1)
	module.top_mlp.2.bias (ndim=1)
	module.top_mlp.4.bias (ndim=1)
	module.top_mlp.6.bias (ndim=1)
	module.top_mlp.9.bias (ndim=1)
I0614 17:51:40.531399 139692364256448 submission_runner.py:299] Initializing metrics bundle.
I0614 17:51:40.531554 139692364256448 submission_runner.py:321] Initializing checkpoint and logger.
I0614 17:51:40.537190 139692364256448 submission_runner.py:344] Saving meta data to /experiment_runs/submissions_a100/muon_torch_replicated_torch_hps/study_1/criteo1tb_pytorch/trial_1/meta_data_0.json.
I0614 17:51:40.537300 139955340555456 logger_utils.py:283] Unable to record workload.train_mean information. Continuing without it.
I0614 17:51:40.537316 140545441125568 logger_utils.py:283] Unable to record workload.train_mean information. Continuing without it.
I0614 17:51:40.537322 139743183488192 logger_utils.py:283] Unable to record workload.train_mean information. Continuing without it.
I0614 17:51:40.537392 139692364256448 logger_utils.py:283] Unable to record workload.train_mean information. Continuing without it.
I0614 17:51:40.537416 139955340555456 logger_utils.py:283] Unable to record workload.train_stddev information. Continuing without it.
I0614 17:51:40.537432 140545441125568 logger_utils.py:283] Unable to record workload.train_stddev information. Continuing without it.
I0614 17:51:40.537449 139692364256448 logger_utils.py:283] Unable to record workload.train_stddev information. Continuing without it.
I0614 17:51:40.537445 139743183488192 logger_utils.py:283] Unable to record workload.train_stddev information. Continuing without it.
I0614 17:51:40.780311 139692364256448 submission_runner.py:348] Saving flags to /experiment_runs/submissions_a100/muon_torch_replicated_torch_hps/study_1/criteo1tb_pytorch/trial_1/flags_0.json.
I0614 17:51:40.822276 139692364256448 submission_runner.py:359] Starting training loop.
I0614 17:52:08.893342 139692364256448 spec.py:333] Evaluating on the training split.
I0614 18:01:58.340638 139692364256448 spec.py:346] Evaluating on the validation split.
I0614 18:11:21.964614 139692364256448 spec.py:363] Evaluating on the test split.
I0614 18:22:11.669756 139692364256448 submission_runner.py:516] Time since start: 1830.85s, 	Step: 1, 	{'train/loss': 1.3430206835264065, 'validation/loss': 1.3437655822102865, 'validation/num_examples': 83274637, 'test/loss': 1.3423391738435444, 'test/num_examples': 95000000, 'score': 27.65492606163025, 'total_duration': 1830.8476271629333, 'accumulated_submission_time': 27.65492606163025, 'accumulated_eval_time': 1802.7765378952026, 'accumulated_logging_time': 0}
I0614 18:22:11.701327 139651155162880 logging_writer.py:48] [1] accumulated_eval_time=1802.78, accumulated_logging_time=0, accumulated_submission_time=27.6549, global_step=1, preemption_count=0, score=27.6549, test/loss=1.34234, test/num_examples=95000000, total_duration=1830.85, train/loss=1.34302, validation/loss=1.34377, validation/num_examples=83274637
I0614 18:28:09.101521 139692364256448 spec.py:333] Evaluating on the training split.
I0614 18:37:13.579381 139692364256448 spec.py:346] Evaluating on the validation split.
I0614 18:41:13.007422 139692364256448 spec.py:363] Evaluating on the test split.
I0614 18:45:32.683889 139692364256448 submission_runner.py:516] Time since start: 3231.86s, 	Step: 209, 	{'train/loss': 0.12874835800249793, 'validation/loss': 0.1296375106871763, 'validation/num_examples': 83274637, 'test/loss': 0.13205158748763235, 'test/num_examples': 95000000, 'score': 384.1733236312866, 'total_duration': 3231.861780166626, 'accumulated_submission_time': 384.1733236312866, 'accumulated_eval_time': 2846.3590326309204, 'accumulated_logging_time': 0.06123805046081543}
I0614 18:45:32.722041 139651146770176 logging_writer.py:48] [209] accumulated_eval_time=2846.36, accumulated_logging_time=0.0612381, accumulated_submission_time=384.173, global_step=209, preemption_count=0, score=384.173, test/loss=0.132052, test/num_examples=95000000, total_duration=3231.86, train/loss=0.128748, validation/loss=0.129638, validation/num_examples=83274637
I0614 18:51:30.669560 139692364256448 spec.py:333] Evaluating on the training split.
I0614 19:01:46.720508 139692364256448 spec.py:346] Evaluating on the validation split.
I0614 19:05:45.666010 139692364256448 spec.py:363] Evaluating on the test split.
I0614 19:10:05.567155 139692364256448 submission_runner.py:516] Time since start: 4704.75s, 	Step: 410, 	{'train/loss': 0.12774357334924114, 'validation/loss': 0.12816027913564312, 'validation/num_examples': 83274637, 'test/loss': 0.13087936801581132, 'test/num_examples': 95000000, 'score': 741.2736144065857, 'total_duration': 4704.745048522949, 'accumulated_submission_time': 741.2736144065857, 'accumulated_eval_time': 3961.256729364395, 'accumulated_logging_time': 0.10593128204345703}
I0614 19:10:05.605519 139651155162880 logging_writer.py:48] [410] accumulated_eval_time=3961.26, accumulated_logging_time=0.105931, accumulated_submission_time=741.274, global_step=410, preemption_count=0, score=741.274, test/loss=0.130879, test/num_examples=95000000, total_duration=4704.75, train/loss=0.127744, validation/loss=0.12816, validation/num_examples=83274637
I0614 19:16:03.570287 139692364256448 spec.py:333] Evaluating on the training split.
I0614 19:26:46.725188 139692364256448 spec.py:346] Evaluating on the validation split.
I0614 19:30:46.053416 139692364256448 spec.py:363] Evaluating on the test split.
I0614 19:35:05.127082 139692364256448 submission_runner.py:516] Time since start: 6204.30s, 	Step: 603, 	{'train/loss': 0.12638450154077138, 'validation/loss': 0.12786063303978756, 'validation/num_examples': 83274637, 'test/loss': 0.12998198914473685, 'test/num_examples': 95000000, 'score': 1098.3908421993256, 'total_duration': 6204.304943084717, 'accumulated_submission_time': 1098.3908421993256, 'accumulated_eval_time': 5102.8135986328125, 'accumulated_logging_time': 0.1507577896118164}
I0614 19:35:05.164561 139651146770176 logging_writer.py:48] [603] accumulated_eval_time=5102.81, accumulated_logging_time=0.150758, accumulated_submission_time=1098.39, global_step=603, preemption_count=0, score=1098.39, test/loss=0.129982, test/num_examples=95000000, total_duration=6204.3, train/loss=0.126385, validation/loss=0.127861, validation/num_examples=83274637
I0614 19:41:02.027266 139692364256448 spec.py:333] Evaluating on the training split.
I0614 19:51:40.737292 139692364256448 spec.py:346] Evaluating on the validation split.
I0614 19:55:25.562148 139692364256448 spec.py:363] Evaluating on the test split.
I0614 19:59:31.257458 139692364256448 submission_runner.py:516] Time since start: 7670.44s, 	Step: 798, 	{'train/loss': 0.12445593737659434, 'validation/loss': 0.12751505812744696, 'validation/num_examples': 83274637, 'test/loss': 0.12978858839689555, 'test/num_examples': 95000000, 'score': 1454.410573720932, 'total_duration': 7670.435347795486, 'accumulated_submission_time': 1454.410573720932, 'accumulated_eval_time': 6212.043871879578, 'accumulated_logging_time': 0.19446325302124023}
I0614 19:59:31.311337 139651155162880 logging_writer.py:48] [798] accumulated_eval_time=6212.04, accumulated_logging_time=0.194463, accumulated_submission_time=1454.41, global_step=798, preemption_count=0, score=1454.41, test/loss=0.129789, test/num_examples=95000000, total_duration=7670.44, train/loss=0.124456, validation/loss=0.127515, validation/num_examples=83274637
I0614 20:05:29.786174 139692364256448 spec.py:333] Evaluating on the training split.
I0614 20:16:08.510834 139692364256448 spec.py:346] Evaluating on the validation split.
I0614 20:19:53.457877 139692364256448 spec.py:363] Evaluating on the test split.
I0614 20:23:58.554037 139692364256448 submission_runner.py:516] Time since start: 9137.73s, 	Step: 1001, 	{'train/loss': 0.12491903745334947, 'validation/loss': 0.12643144996912445, 'validation/num_examples': 83274637, 'test/loss': 0.128706007418502, 'test/num_examples': 95000000, 'score': 1812.0461230278015, 'total_duration': 9137.731919050217, 'accumulated_submission_time': 1812.0461230278015, 'accumulated_eval_time': 7320.811818361282, 'accumulated_logging_time': 0.25464820861816406}
I0614 20:23:58.587608 139651146770176 logging_writer.py:48] [1001] accumulated_eval_time=7320.81, accumulated_logging_time=0.254648, accumulated_submission_time=1812.05, global_step=1001, preemption_count=0, score=1812.05, test/loss=0.128706, test/num_examples=95000000, total_duration=9137.73, train/loss=0.124919, validation/loss=0.126431, validation/num_examples=83274637
I0614 20:29:55.449753 139692364256448 spec.py:333] Evaluating on the training split.
I0614 20:38:47.786811 139692364256448 spec.py:346] Evaluating on the validation split.
I0614 20:42:32.117970 139692364256448 spec.py:363] Evaluating on the test split.
I0614 20:46:36.811681 139692364256448 submission_runner.py:516] Time since start: 10495.99s, 	Step: 1214, 	{'train/loss': 0.12383898541411176, 'validation/loss': 0.12665175359143693, 'validation/num_examples': 83274637, 'test/loss': 0.12914703392414295, 'test/num_examples': 95000000, 'score': 2168.0899710655212, 'total_duration': 10495.989566326141, 'accumulated_submission_time': 2168.0899710655212, 'accumulated_eval_time': 8322.173782587051, 'accumulated_logging_time': 0.2942850589752197}
I0614 20:46:36.847393 139651155162880 logging_writer.py:48] [1214] accumulated_eval_time=8322.17, accumulated_logging_time=0.294285, accumulated_submission_time=2168.09, global_step=1214, preemption_count=0, score=2168.09, test/loss=0.129147, test/num_examples=95000000, total_duration=10496, train/loss=0.123839, validation/loss=0.126652, validation/num_examples=83274637
I0614 20:52:34.833373 139692364256448 spec.py:333] Evaluating on the training split.
I0614 21:01:52.144137 139692364256448 spec.py:346] Evaluating on the validation split.
I0614 21:05:35.008000 139692364256448 spec.py:363] Evaluating on the test split.
I0614 21:09:38.151758 139692364256448 submission_runner.py:516] Time since start: 11877.33s, 	Step: 1408, 	{'train/loss': 0.12641220270378833, 'validation/loss': 0.12620528695744784, 'validation/num_examples': 83274637, 'test/loss': 0.12855131572088943, 'test/num_examples': 95000000, 'score': 2525.264180421829, 'total_duration': 11877.329668521881, 'accumulated_submission_time': 2525.264180421829, 'accumulated_eval_time': 9345.492267847061, 'accumulated_logging_time': 0.3361093997955322}
I0614 21:09:38.193445 139651146770176 logging_writer.py:48] [1408] accumulated_eval_time=9345.49, accumulated_logging_time=0.336109, accumulated_submission_time=2525.26, global_step=1408, preemption_count=0, score=2525.26, test/loss=0.128551, test/num_examples=95000000, total_duration=11877.3, train/loss=0.126412, validation/loss=0.126205, validation/num_examples=83274637
I0614 21:15:36.611389 139692364256448 spec.py:333] Evaluating on the training split.
I0614 21:23:30.796281 139692364256448 spec.py:346] Evaluating on the validation split.
I0614 21:27:13.335827 139692364256448 spec.py:363] Evaluating on the test split.
I0614 21:31:15.213934 139692364256448 submission_runner.py:516] Time since start: 13174.39s, 	Step: 1591, 	{'train/loss': 0.1247846402869892, 'validation/loss': 0.12585109319152912, 'validation/num_examples': 83274637, 'test/loss': 0.12824990811719392, 'test/num_examples': 95000000, 'score': 2882.8728432655334, 'total_duration': 13174.391824245453, 'accumulated_submission_time': 2882.8728432655334, 'accumulated_eval_time': 10284.094897031784, 'accumulated_logging_time': 0.38372254371643066}
I0614 21:31:15.249514 139651155162880 logging_writer.py:48] [1591] accumulated_eval_time=10284.1, accumulated_logging_time=0.383723, accumulated_submission_time=2882.87, global_step=1591, preemption_count=0, score=2882.87, test/loss=0.12825, test/num_examples=95000000, total_duration=13174.4, train/loss=0.124785, validation/loss=0.125851, validation/num_examples=83274637
I0614 21:37:12.940753 139692364256448 spec.py:333] Evaluating on the training split.
I0614 21:46:23.476944 139692364256448 spec.py:346] Evaluating on the validation split.
I0614 21:49:57.685484 139692364256448 spec.py:363] Evaluating on the test split.
I0614 21:53:52.919797 139692364256448 submission_runner.py:516] Time since start: 14532.10s, 	Step: 1794, 	{'train/loss': 0.12577690118998905, 'validation/loss': 0.12525324333372767, 'validation/num_examples': 83274637, 'test/loss': 0.12774408026781583, 'test/num_examples': 95000000, 'score': 3239.7346312999725, 'total_duration': 14532.09767484665, 'accumulated_submission_time': 3239.7346312999725, 'accumulated_eval_time': 11284.07401561737, 'accumulated_logging_time': 0.42543601989746094}
I0614 21:53:52.955476 139651146770176 logging_writer.py:48] [1794] accumulated_eval_time=11284.1, accumulated_logging_time=0.425436, accumulated_submission_time=3239.73, global_step=1794, preemption_count=0, score=3239.73, test/loss=0.127744, test/num_examples=95000000, total_duration=14532.1, train/loss=0.125777, validation/loss=0.125253, validation/num_examples=83274637
I0614 21:59:50.252962 139692364256448 spec.py:333] Evaluating on the training split.
I0614 22:06:33.199626 139692364256448 spec.py:346] Evaluating on the validation split.
I0614 22:09:55.681871 139692364256448 spec.py:363] Evaluating on the test split.
I0614 22:13:40.541363 139692364256448 submission_runner.py:516] Time since start: 15719.72s, 	Step: 1979, 	{'train/loss': 0.12546962796842903, 'validation/loss': 0.1254508883787816, 'validation/num_examples': 83274637, 'test/loss': 0.12795575559017783, 'test/num_examples': 95000000, 'score': 3596.2242498397827, 'total_duration': 15719.719262361526, 'accumulated_submission_time': 3596.2242498397827, 'accumulated_eval_time': 12114.362508058548, 'accumulated_logging_time': 0.4691441059112549}
I0614 22:13:40.581603 139651155162880 logging_writer.py:48] [1979] accumulated_eval_time=12114.4, accumulated_logging_time=0.469144, accumulated_submission_time=3596.22, global_step=1979, preemption_count=0, score=3596.22, test/loss=0.127956, test/num_examples=95000000, total_duration=15719.7, train/loss=0.12547, validation/loss=0.125451, validation/num_examples=83274637
I0614 22:19:38.583588 139692364256448 spec.py:333] Evaluating on the training split.
I0614 22:27:43.545172 139692364256448 spec.py:346] Evaluating on the validation split.
I0614 22:30:46.050501 139692364256448 spec.py:363] Evaluating on the test split.
I0614 22:34:12.200736 139692364256448 submission_runner.py:516] Time since start: 16951.38s, 	Step: 2168, 	{'train/loss': 0.12283875261890198, 'validation/loss': 0.12518119618948945, 'validation/num_examples': 83274637, 'test/loss': 0.12758015115260074, 'test/num_examples': 95000000, 'score': 3953.4111754894257, 'total_duration': 16951.378624916077, 'accumulated_submission_time': 3953.4111754894257, 'accumulated_eval_time': 12987.979743719101, 'accumulated_logging_time': 0.5156087875366211}
I0614 22:34:12.236396 139651146770176 logging_writer.py:48] [2168] accumulated_eval_time=12988, accumulated_logging_time=0.515609, accumulated_submission_time=3953.41, global_step=2168, preemption_count=0, score=3953.41, test/loss=0.12758, test/num_examples=95000000, total_duration=16951.4, train/loss=0.122839, validation/loss=0.125181, validation/num_examples=83274637
I0614 22:40:08.814302 139692364256448 spec.py:333] Evaluating on the training split.
I0614 22:44:37.561287 139692364256448 spec.py:346] Evaluating on the validation split.
I0614 22:46:53.878965 139692364256448 spec.py:363] Evaluating on the test split.
I0614 22:49:41.597754 139692364256448 submission_runner.py:516] Time since start: 17880.78s, 	Step: 2359, 	{'train/loss': 0.12334781560970617, 'validation/loss': 0.12556278231743695, 'validation/num_examples': 83274637, 'test/loss': 0.12800970419552452, 'test/num_examples': 95000000, 'score': 4309.174291133881, 'total_duration': 17880.775656938553, 'accumulated_submission_time': 4309.174291133881, 'accumulated_eval_time': 13560.763251781464, 'accumulated_logging_time': 0.5573010444641113}
I0614 22:49:41.634364 139651155162880 logging_writer.py:48] [2359] accumulated_eval_time=13560.8, accumulated_logging_time=0.557301, accumulated_submission_time=4309.17, global_step=2359, preemption_count=0, score=4309.17, test/loss=0.12801, test/num_examples=95000000, total_duration=17880.8, train/loss=0.123348, validation/loss=0.125563, validation/num_examples=83274637
I0614 22:55:38.571191 139692364256448 spec.py:333] Evaluating on the training split.
I0614 22:59:54.019923 139692364256448 spec.py:346] Evaluating on the validation split.
I0614 23:01:24.571396 139692364256448 spec.py:363] Evaluating on the test split.
I0614 23:03:27.166702 139692364256448 submission_runner.py:516] Time since start: 18706.34s, 	Step: 2585, 	{'train/loss': 0.12323309320842138, 'validation/loss': 0.1252004558598291, 'validation/num_examples': 83274637, 'test/loss': 0.12753374146728516, 'test/num_examples': 95000000, 'score': 4665.284812450409, 'total_duration': 18706.344584941864, 'accumulated_submission_time': 4665.284812450409, 'accumulated_eval_time': 14029.35882639885, 'accumulated_logging_time': 0.6000485420227051}
I0614 23:03:27.203587 139651146770176 logging_writer.py:48] [2585] accumulated_eval_time=14029.4, accumulated_logging_time=0.600049, accumulated_submission_time=4665.28, global_step=2585, preemption_count=0, score=4665.28, test/loss=0.127534, test/num_examples=95000000, total_duration=18706.3, train/loss=0.123233, validation/loss=0.1252, validation/num_examples=83274637
I0614 23:09:25.503458 139692364256448 spec.py:333] Evaluating on the training split.
I0614 23:11:14.167215 139692364256448 spec.py:346] Evaluating on the validation split.
I0614 23:12:11.826255 139692364256448 spec.py:363] Evaluating on the test split.
I0614 23:13:28.128735 139692364256448 submission_runner.py:516] Time since start: 19307.31s, 	Step: 2787, 	{'train/loss': 0.12286853162964252, 'validation/loss': 0.12481776020868308, 'validation/num_examples': 83274637, 'test/loss': 0.12715216637749924, 'test/num_examples': 95000000, 'score': 5022.75696516037, 'total_duration': 19307.3066341877, 'accumulated_submission_time': 5022.75696516037, 'accumulated_eval_time': 14271.984202623367, 'accumulated_logging_time': 0.6433110237121582}
I0614 23:13:28.165112 139651155162880 logging_writer.py:48] [2787] accumulated_eval_time=14272, accumulated_logging_time=0.643311, accumulated_submission_time=5022.76, global_step=2787, preemption_count=0, score=5022.76, test/loss=0.127152, test/num_examples=95000000, total_duration=19307.3, train/loss=0.122869, validation/loss=0.124818, validation/num_examples=83274637
I0614 23:19:25.161121 139692364256448 spec.py:333] Evaluating on the training split.
I0614 23:21:35.146626 139692364256448 spec.py:346] Evaluating on the validation split.
I0614 23:22:32.880742 139692364256448 spec.py:363] Evaluating on the test split.
I0614 23:23:38.830747 139692364256448 submission_runner.py:516] Time since start: 19918.01s, 	Step: 2974, 	{'train/loss': 0.12605296558832974, 'validation/loss': 0.12488906951950321, 'validation/num_examples': 83274637, 'test/loss': 0.12724392663349351, 'test/num_examples': 95000000, 'score': 5378.923862457275, 'total_duration': 19918.008628845215, 'accumulated_submission_time': 5378.923862457275, 'accumulated_eval_time': 14525.653891086578, 'accumulated_logging_time': 0.686837911605835}
I0614 23:23:38.867645 139651146770176 logging_writer.py:48] [2974] accumulated_eval_time=14525.7, accumulated_logging_time=0.686838, accumulated_submission_time=5378.92, global_step=2974, preemption_count=0, score=5378.92, test/loss=0.127244, test/num_examples=95000000, total_duration=19918, train/loss=0.126053, validation/loss=0.124889, validation/num_examples=83274637
I0614 23:29:36.636992 139692364256448 spec.py:333] Evaluating on the training split.
I0614 23:31:42.555032 139692364256448 spec.py:346] Evaluating on the validation split.
I0614 23:32:40.148066 139692364256448 spec.py:363] Evaluating on the test split.
I0614 23:33:46.134132 139692364256448 submission_runner.py:516] Time since start: 20525.31s, 	Step: 3184, 	{'train/loss': 0.12404035435893856, 'validation/loss': 0.12510052417736606, 'validation/num_examples': 83274637, 'test/loss': 0.1276163107515034, 'test/num_examples': 95000000, 'score': 5735.862599372864, 'total_duration': 20525.31201505661, 'accumulated_submission_time': 5735.862599372864, 'accumulated_eval_time': 14775.151096343994, 'accumulated_logging_time': 0.7301464080810547}
I0614 23:33:46.171855 139651155162880 logging_writer.py:48] [3184] accumulated_eval_time=14775.2, accumulated_logging_time=0.730146, accumulated_submission_time=5735.86, global_step=3184, preemption_count=0, score=5735.86, test/loss=0.127616, test/num_examples=95000000, total_duration=20525.3, train/loss=0.12404, validation/loss=0.125101, validation/num_examples=83274637
I0614 23:39:42.880329 139692364256448 spec.py:333] Evaluating on the training split.
I0614 23:42:06.477942 139692364256448 spec.py:346] Evaluating on the validation split.
I0614 23:43:04.119694 139692364256448 spec.py:363] Evaluating on the test split.
I0614 23:44:10.060688 139692364256448 submission_runner.py:516] Time since start: 21149.24s, 	Step: 3385, 	{'train/loss': 0.12453361617384019, 'validation/loss': 0.12513804174682902, 'validation/num_examples': 83274637, 'test/loss': 0.12744730679224917, 'test/num_examples': 95000000, 'score': 6091.735936641693, 'total_duration': 21149.23858475685, 'accumulated_submission_time': 6091.735936641693, 'accumulated_eval_time': 15042.331546783447, 'accumulated_logging_time': 0.7741520404815674}
I0614 23:44:10.098935 139651146770176 logging_writer.py:48] [3385] accumulated_eval_time=15042.3, accumulated_logging_time=0.774152, accumulated_submission_time=6091.74, global_step=3385, preemption_count=0, score=6091.74, test/loss=0.127447, test/num_examples=95000000, total_duration=21149.2, train/loss=0.124534, validation/loss=0.125138, validation/num_examples=83274637
I0614 23:50:06.437696 139692364256448 spec.py:333] Evaluating on the training split.
I0614 23:51:50.935605 139692364256448 spec.py:346] Evaluating on the validation split.
I0614 23:52:48.739274 139692364256448 spec.py:363] Evaluating on the test split.
I0614 23:53:54.743506 139692364256448 submission_runner.py:516] Time since start: 21733.92s, 	Step: 3601, 	{'train/loss': 0.12482671806460147, 'validation/loss': 0.12492780269781206, 'validation/num_examples': 83274637, 'test/loss': 0.12720820748114334, 'test/num_examples': 95000000, 'score': 6447.232616186142, 'total_duration': 21733.921383857727, 'accumulated_submission_time': 6447.232616186142, 'accumulated_eval_time': 15270.637425661087, 'accumulated_logging_time': 0.8184940814971924}
I0614 23:53:54.779479 139651155162880 logging_writer.py:48] [3601] accumulated_eval_time=15270.6, accumulated_logging_time=0.818494, accumulated_submission_time=6447.23, global_step=3601, preemption_count=0, score=6447.23, test/loss=0.127208, test/num_examples=95000000, total_duration=21733.9, train/loss=0.124827, validation/loss=0.124928, validation/num_examples=83274637
I0614 23:59:52.732710 139692364256448 spec.py:333] Evaluating on the training split.
I0615 00:02:59.559214 139692364256448 spec.py:346] Evaluating on the validation split.
I0615 00:03:57.302251 139692364256448 spec.py:363] Evaluating on the test split.
I0615 00:05:03.381362 139692364256448 submission_runner.py:516] Time since start: 22402.56s, 	Step: 3802, 	{'train/loss': 0.12295903521750255, 'validation/loss': 0.12470564103832536, 'validation/num_examples': 83274637, 'test/loss': 0.12711542101841977, 'test/num_examples': 95000000, 'score': 6804.349545001984, 'total_duration': 22402.559254407883, 'accumulated_submission_time': 6804.349545001984, 'accumulated_eval_time': 15581.286163806915, 'accumulated_logging_time': 0.8611648082733154}
I0615 00:05:03.420602 139651146770176 logging_writer.py:48] [3802] accumulated_eval_time=15581.3, accumulated_logging_time=0.861165, accumulated_submission_time=6804.35, global_step=3802, preemption_count=0, score=6804.35, test/loss=0.127115, test/num_examples=95000000, total_duration=22402.6, train/loss=0.122959, validation/loss=0.124706, validation/num_examples=83274637
I0615 00:11:00.665604 139692364256448 spec.py:333] Evaluating on the training split.
I0615 00:12:24.435917 139692364256448 spec.py:346] Evaluating on the validation split.
I0615 00:13:22.247408 139692364256448 spec.py:363] Evaluating on the test split.
I0615 00:14:28.316607 139692364256448 submission_runner.py:516] Time since start: 22967.49s, 	Step: 4027, 	{'train/loss': 0.12508892410838057, 'validation/loss': 0.12472448386384938, 'validation/num_examples': 83274637, 'test/loss': 0.127092399889173, 'test/num_examples': 95000000, 'score': 7160.753883123398, 'total_duration': 22967.494485855103, 'accumulated_submission_time': 7160.753883123398, 'accumulated_eval_time': 15788.937238931656, 'accumulated_logging_time': 0.9066710472106934}
I0615 00:14:28.353137 139651155162880 logging_writer.py:48] [4027] accumulated_eval_time=15788.9, accumulated_logging_time=0.906671, accumulated_submission_time=7160.75, global_step=4027, preemption_count=0, score=7160.75, test/loss=0.127092, test/num_examples=95000000, total_duration=22967.5, train/loss=0.125089, validation/loss=0.124724, validation/num_examples=83274637
I0615 00:20:26.109261 139692364256448 spec.py:333] Evaluating on the training split.
I0615 00:22:21.697190 139692364256448 spec.py:346] Evaluating on the validation split.
I0615 00:23:19.390715 139692364256448 spec.py:363] Evaluating on the test split.
I0615 00:24:25.495359 139692364256448 submission_runner.py:516] Time since start: 23564.67s, 	Step: 4246, 	{'train/loss': 0.12292862419125493, 'validation/loss': 0.12446246631015229, 'validation/num_examples': 83274637, 'test/loss': 0.12690178495901008, 'test/num_examples': 95000000, 'score': 7517.665045261383, 'total_duration': 23564.673258781433, 'accumulated_submission_time': 7517.665045261383, 'accumulated_eval_time': 16028.323435306549, 'accumulated_logging_time': 0.949470043182373}
I0615 00:24:25.532140 139651146770176 logging_writer.py:48] [4246] accumulated_eval_time=16028.3, accumulated_logging_time=0.94947, accumulated_submission_time=7517.67, global_step=4246, preemption_count=0, score=7517.67, test/loss=0.126902, test/num_examples=95000000, total_duration=23564.7, train/loss=0.122929, validation/loss=0.124462, validation/num_examples=83274637
I0615 00:30:23.170300 139692364256448 spec.py:333] Evaluating on the training split.
I0615 00:32:24.154203 139692364256448 spec.py:346] Evaluating on the validation split.
I0615 00:33:21.934918 139692364256448 spec.py:363] Evaluating on the test split.
I0615 00:34:27.933296 139692364256448 submission_runner.py:516] Time since start: 24167.11s, 	Step: 4437, 	{'train/loss': 0.1212046560704028, 'validation/loss': 0.12436858953379508, 'validation/num_examples': 83274637, 'test/loss': 0.12667897345918355, 'test/num_examples': 95000000, 'score': 7874.474607229233, 'total_duration': 24167.11119055748, 'accumulated_submission_time': 7874.474607229233, 'accumulated_eval_time': 16273.086529254913, 'accumulated_logging_time': 0.9924221038818359}
I0615 00:34:27.970892 139651155162880 logging_writer.py:48] [4437] accumulated_eval_time=16273.1, accumulated_logging_time=0.992422, accumulated_submission_time=7874.47, global_step=4437, preemption_count=0, score=7874.47, test/loss=0.126679, test/num_examples=95000000, total_duration=24167.1, train/loss=0.121205, validation/loss=0.124369, validation/num_examples=83274637
I0615 00:40:25.836990 139692364256448 spec.py:333] Evaluating on the training split.
I0615 00:42:30.502034 139692364256448 spec.py:346] Evaluating on the validation split.
I0615 00:43:28.164499 139692364256448 spec.py:363] Evaluating on the test split.
I0615 00:44:34.204104 139692364256448 submission_runner.py:516] Time since start: 24773.38s, 	Step: 4651, 	{'train/loss': 0.12305775064643024, 'validation/loss': 0.12457120510593159, 'validation/num_examples': 83274637, 'test/loss': 0.12702903192684775, 'test/num_examples': 95000000, 'score': 8231.503209590912, 'total_duration': 24773.381996631622, 'accumulated_submission_time': 8231.503209590912, 'accumulated_eval_time': 16521.453742027283, 'accumulated_logging_time': 1.036456823348999}
I0615 00:44:34.241514 139651146770176 logging_writer.py:48] [4651] accumulated_eval_time=16521.5, accumulated_logging_time=1.03646, accumulated_submission_time=8231.5, global_step=4651, preemption_count=0, score=8231.5, test/loss=0.127029, test/num_examples=95000000, total_duration=24773.4, train/loss=0.123058, validation/loss=0.124571, validation/num_examples=83274637
I0615 00:50:32.691304 139692364256448 spec.py:333] Evaluating on the training split.
I0615 00:52:13.485852 139692364256448 spec.py:346] Evaluating on the validation split.
I0615 00:53:11.384250 139692364256448 spec.py:363] Evaluating on the test split.
I0615 00:54:17.853102 139692364256448 submission_runner.py:516] Time since start: 25357.03s, 	Step: 4865, 	{'train/loss': 0.12407476272666323, 'validation/loss': 0.12414748221789376, 'validation/num_examples': 83274637, 'test/loss': 0.12647024251644737, 'test/num_examples': 95000000, 'score': 8589.113241195679, 'total_duration': 25357.031018972397, 'accumulated_submission_time': 8589.113241195679, 'accumulated_eval_time': 16746.615664243698, 'accumulated_logging_time': 1.0801808834075928}
I0615 00:54:17.891066 139651155162880 logging_writer.py:48] [4865] accumulated_eval_time=16746.6, accumulated_logging_time=1.08018, accumulated_submission_time=8589.11, global_step=4865, preemption_count=0, score=8589.11, test/loss=0.12647, test/num_examples=95000000, total_duration=25357, train/loss=0.124075, validation/loss=0.124147, validation/num_examples=83274637
I0615 01:00:15.751913 139692364256448 spec.py:333] Evaluating on the training split.
I0615 01:01:52.160418 139692364256448 spec.py:346] Evaluating on the validation split.
I0615 01:02:49.831754 139692364256448 spec.py:363] Evaluating on the test split.
I0615 01:03:55.774565 139692364256448 submission_runner.py:516] Time since start: 25934.95s, 	Step: 5082, 	{'train/loss': 0.1232849858386452, 'validation/loss': 0.12408025075308382, 'validation/num_examples': 83274637, 'test/loss': 0.12648195787690816, 'test/num_examples': 95000000, 'score': 8946.132800579071, 'total_duration': 25934.952478647232, 'accumulated_submission_time': 8946.132800579071, 'accumulated_eval_time': 16966.638417959213, 'accumulated_logging_time': 1.124272346496582}
I0615 01:03:55.811527 139651146770176 logging_writer.py:48] [5082] accumulated_eval_time=16966.6, accumulated_logging_time=1.12427, accumulated_submission_time=8946.13, global_step=5082, preemption_count=0, score=8946.13, test/loss=0.126482, test/num_examples=95000000, total_duration=25935, train/loss=0.123285, validation/loss=0.12408, validation/num_examples=83274637
I0615 01:09:52.795834 139692364256448 spec.py:333] Evaluating on the training split.
I0615 01:11:21.384841 139692364256448 spec.py:346] Evaluating on the validation split.
I0615 01:12:19.097605 139692364256448 spec.py:363] Evaluating on the test split.
I0615 01:13:25.307861 139692364256448 submission_runner.py:516] Time since start: 26504.49s, 	Step: 5308, 	{'train/loss': 0.12339619968834764, 'validation/loss': 0.12402177789372947, 'validation/num_examples': 83274637, 'test/loss': 0.12639432025917455, 'test/num_examples': 95000000, 'score': 9302.271530151367, 'total_duration': 26504.485775232315, 'accumulated_submission_time': 9302.271530151367, 'accumulated_eval_time': 17179.150507450104, 'accumulated_logging_time': 1.1676127910614014}
I0615 01:13:25.353812 139651155162880 logging_writer.py:48] [5308] accumulated_eval_time=17179.2, accumulated_logging_time=1.16761, accumulated_submission_time=9302.27, global_step=5308, preemption_count=0, score=9302.27, test/loss=0.126394, test/num_examples=95000000, total_duration=26504.5, train/loss=0.123396, validation/loss=0.124022, validation/num_examples=83274637
I0615 01:19:24.073884 139692364256448 spec.py:333] Evaluating on the training split.
I0615 01:20:35.330372 139692364256448 spec.py:346] Evaluating on the validation split.
I0615 01:21:33.126919 139692364256448 spec.py:363] Evaluating on the test split.
I0615 01:22:39.194167 139692364256448 submission_runner.py:516] Time since start: 27058.37s, 	Step: 5525, 	{'train/loss': 0.12334602419726702, 'validation/loss': 0.12394357888300093, 'validation/num_examples': 83274637, 'test/loss': 0.12633383611659, 'test/num_examples': 95000000, 'score': 9660.152369737625, 'total_duration': 27058.37208175659, 'accumulated_submission_time': 9660.152369737625, 'accumulated_eval_time': 17374.270895957947, 'accumulated_logging_time': 1.2198481559753418}
I0615 01:22:39.231110 139651146770176 logging_writer.py:48] [5525] accumulated_eval_time=17374.3, accumulated_logging_time=1.21985, accumulated_submission_time=9660.15, global_step=5525, preemption_count=0, score=9660.15, test/loss=0.126334, test/num_examples=95000000, total_duration=27058.4, train/loss=0.123346, validation/loss=0.123944, validation/num_examples=83274637
I0615 01:28:36.321779 139692364256448 spec.py:333] Evaluating on the training split.
I0615 01:31:29.306517 139692364256448 spec.py:346] Evaluating on the validation split.
I0615 01:32:27.055436 139692364256448 spec.py:363] Evaluating on the test split.
I0615 01:33:33.047924 139692364256448 submission_runner.py:516] Time since start: 27712.23s, 	Step: 5710, 	{'train/loss': 0.1235647965149308, 'validation/loss': 0.12395735346723102, 'validation/num_examples': 83274637, 'test/loss': 0.12631309033781352, 'test/num_examples': 95000000, 'score': 10016.414561748505, 'total_duration': 27712.22583436966, 'accumulated_submission_time': 10016.414561748505, 'accumulated_eval_time': 17670.99710559845, 'accumulated_logging_time': 1.263028621673584}
I0615 01:33:33.086016 139651155162880 logging_writer.py:48] [5710] accumulated_eval_time=17671, accumulated_logging_time=1.26303, accumulated_submission_time=10016.4, global_step=5710, preemption_count=0, score=10016.4, test/loss=0.126313, test/num_examples=95000000, total_duration=27712.2, train/loss=0.123565, validation/loss=0.123957, validation/num_examples=83274637
I0615 01:39:30.086757 139692364256448 spec.py:333] Evaluating on the training split.
I0615 01:41:41.264720 139692364256448 spec.py:346] Evaluating on the validation split.
I0615 01:42:38.880761 139692364256448 spec.py:363] Evaluating on the test split.
I0615 01:43:44.814273 139692364256448 submission_runner.py:516] Time since start: 28323.99s, 	Step: 5928, 	{'train/loss': 0.1225278612085899, 'validation/loss': 0.12402001078998952, 'validation/num_examples': 83274637, 'test/loss': 0.1263341111302426, 'test/num_examples': 95000000, 'score': 10372.576225996017, 'total_duration': 28323.992161989212, 'accumulated_submission_time': 10372.576225996017, 'accumulated_eval_time': 17925.724712610245, 'accumulated_logging_time': 1.3072803020477295}
I0615 01:43:44.851217 139651146770176 logging_writer.py:48] [5928] accumulated_eval_time=17925.7, accumulated_logging_time=1.30728, accumulated_submission_time=10372.6, global_step=5928, preemption_count=0, score=10372.6, test/loss=0.126334, test/num_examples=95000000, total_duration=28324, train/loss=0.122528, validation/loss=0.12402, validation/num_examples=83274637
I0615 01:49:41.795120 139692364256448 spec.py:333] Evaluating on the training split.
I0615 01:51:23.721729 139692364256448 spec.py:346] Evaluating on the validation split.
I0615 01:52:21.825594 139692364256448 spec.py:363] Evaluating on the test split.
I0615 01:53:27.981885 139692364256448 submission_runner.py:516] Time since start: 28907.16s, 	Step: 6125, 	{'train/loss': 0.12439591710983582, 'validation/loss': 0.12397782334209732, 'validation/num_examples': 83274637, 'test/loss': 0.12634266063714278, 'test/num_examples': 95000000, 'score': 10728.68689751625, 'total_duration': 28907.15978908539, 'accumulated_submission_time': 10728.68689751625, 'accumulated_eval_time': 18151.91158270836, 'accumulated_logging_time': 1.3508503437042236}
I0615 01:53:28.018108 139651155162880 logging_writer.py:48] [6125] accumulated_eval_time=18151.9, accumulated_logging_time=1.35085, accumulated_submission_time=10728.7, global_step=6125, preemption_count=0, score=10728.7, test/loss=0.126343, test/num_examples=95000000, total_duration=28907.2, train/loss=0.124396, validation/loss=0.123978, validation/num_examples=83274637
I0615 01:59:25.767844 139692364256448 spec.py:333] Evaluating on the training split.
I0615 02:01:01.382051 139692364256448 spec.py:346] Evaluating on the validation split.
I0615 02:01:59.277077 139692364256448 spec.py:363] Evaluating on the test split.
I0615 02:03:05.400307 139692364256448 submission_runner.py:516] Time since start: 29484.58s, 	Step: 6314, 	{'train/loss': 0.12232887034529621, 'validation/loss': 0.12399580777486027, 'validation/num_examples': 83274637, 'test/loss': 0.12639425464606033, 'test/num_examples': 95000000, 'score': 11085.609062194824, 'total_duration': 29484.57821917534, 'accumulated_submission_time': 11085.609062194824, 'accumulated_eval_time': 18371.544148683548, 'accumulated_logging_time': 1.393369436264038}
I0615 02:03:05.436472 139651146770176 logging_writer.py:48] [6314] accumulated_eval_time=18371.5, accumulated_logging_time=1.39337, accumulated_submission_time=11085.6, global_step=6314, preemption_count=0, score=11085.6, test/loss=0.126394, test/num_examples=95000000, total_duration=29484.6, train/loss=0.122329, validation/loss=0.123996, validation/num_examples=83274637
I0615 02:09:03.480586 139692364256448 spec.py:333] Evaluating on the training split.
I0615 02:10:26.331996 139692364256448 spec.py:346] Evaluating on the validation split.
I0615 02:11:24.067739 139692364256448 spec.py:363] Evaluating on the test split.
I0615 02:12:30.029151 139692364256448 submission_runner.py:516] Time since start: 30049.21s, 	Step: 6505, 	{'train/loss': 0.12304755778916909, 'validation/loss': 0.12358291093628761, 'validation/num_examples': 83274637, 'test/loss': 0.1259401109187076, 'test/num_examples': 95000000, 'score': 11442.823273420334, 'total_duration': 30049.207055807114, 'accumulated_submission_time': 11442.823273420334, 'accumulated_eval_time': 18578.09282207489, 'accumulated_logging_time': 1.435821533203125}
I0615 02:12:30.066544 139651155162880 logging_writer.py:48] [6505] accumulated_eval_time=18578.1, accumulated_logging_time=1.43582, accumulated_submission_time=11442.8, global_step=6505, preemption_count=0, score=11442.8, test/loss=0.12594, test/num_examples=95000000, total_duration=30049.2, train/loss=0.123048, validation/loss=0.123583, validation/num_examples=83274637
I0615 02:12:30.475697 139651146770176 logging_writer.py:48] [6505] global_step=6505, preemption_count=0, score=11442.8
I0615 02:12:30.483693 139692364256448 submission_runner.py:857] Final criteo1tb score: 11442.823273420334
