torchrun --redirects 1:0,2:0,3:0 --standalone --nnodes=1 --nproc_per_node=4 submission_runner.py --framework=pytorch --workload=ogbg --submission_path=submissions_algorithms/submissions/self_tuning/schedule_free_adamw/submission.py --data_dir=/data/ogbg --experiment_dir=/experiment_runs --experiment_name=submissions_a100/schedule_free_adamw/study_2 --overwrite=True --save_checkpoints=False --rng_seed=2047780247 --torch_compile=true --tuning_ruleset=self 2>&1 | tee -a /logs/ogbg_pytorch_04-25-2026-21-56-46.log
W0425 21:57:09.892000 9 site-packages/torch/distributed/run.py:803] 
W0425 21:57:09.892000 9 site-packages/torch/distributed/run.py:803] *****************************************
W0425 21:57:09.892000 9 site-packages/torch/distributed/run.py:803] Setting OMP_NUM_THREADS environment variable for each process to be 1 in default, to avoid your system being overloaded, please further tune the variable for optimal performance in your application as needed. 
W0425 21:57:09.892000 9 site-packages/torch/distributed/run.py:803] *****************************************
2026-04-25 21:57:22.302893: E external/local_xla/xla/stream_executor/cuda/cuda_fft.cc:467] Unable to register cuFFT factory: Attempting to register factory for plugin cuFFT when one has already been registered
2026-04-25 21:57:22.302913: E external/local_xla/xla/stream_executor/cuda/cuda_fft.cc:467] Unable to register cuFFT factory: Attempting to register factory for plugin cuFFT when one has already been registered
2026-04-25 21:57:22.302893: E external/local_xla/xla/stream_executor/cuda/cuda_fft.cc:467] Unable to register cuFFT factory: Attempting to register factory for plugin cuFFT when one has already been registered
2026-04-25 21:57:22.302893: E external/local_xla/xla/stream_executor/cuda/cuda_fft.cc:467] Unable to register cuFFT factory: Attempting to register factory for plugin cuFFT when one has already been registered
WARNING: All log messages before absl::InitializeLog() is called are written to STDERR
WARNING: All log messages before absl::InitializeLog() is called are written to STDERR
E0000 00:00:1777154242.964735      40 cuda_dnn.cc:8579] Unable to register cuDNN factory: Attempting to register factory for plugin cuDNN when one has already been registered
WARNING: All log messages before absl::InitializeLog() is called are written to STDERR
E0000 00:00:1777154242.964716      39 cuda_dnn.cc:8579] Unable to register cuDNN factory: Attempting to register factory for plugin cuDNN when one has already been registered
E0000 00:00:1777154242.964734      41 cuda_dnn.cc:8579] Unable to register cuDNN factory: Attempting to register factory for plugin cuDNN when one has already been registered
WARNING: All log messages before absl::InitializeLog() is called are written to STDERR
E0000 00:00:1777154242.964762      38 cuda_dnn.cc:8579] Unable to register cuDNN factory: Attempting to register factory for plugin cuDNN when one has already been registered
E0000 00:00:1777154243.094459      41 cuda_blas.cc:1407] Unable to register cuBLAS factory: Attempting to register factory for plugin cuBLAS when one has already been registered
E0000 00:00:1777154243.094473      39 cuda_blas.cc:1407] Unable to register cuBLAS factory: Attempting to register factory for plugin cuBLAS when one has already been registered
E0000 00:00:1777154243.094471      40 cuda_blas.cc:1407] Unable to register cuBLAS factory: Attempting to register factory for plugin cuBLAS when one has already been registered
E0000 00:00:1777154243.094482      38 cuda_blas.cc:1407] Unable to register cuBLAS factory: Attempting to register factory for plugin cuBLAS when one has already been registered
W0000 00:00:1777154244.560695      38 computation_placer.cc:177] computation placer already registered. Please check linkage and avoid linking the same target more than once.
W0000 00:00:1777154244.560704      39 computation_placer.cc:177] computation placer already registered. Please check linkage and avoid linking the same target more than once.
W0000 00:00:1777154244.560695      40 computation_placer.cc:177] computation placer already registered. Please check linkage and avoid linking the same target more than once.
W0000 00:00:1777154244.560694      41 computation_placer.cc:177] computation placer already registered. Please check linkage and avoid linking the same target more than once.
W0000 00:00:1777154244.560733      40 computation_placer.cc:177] computation placer already registered. Please check linkage and avoid linking the same target more than once.
W0000 00:00:1777154244.560734      41 computation_placer.cc:177] computation placer already registered. Please check linkage and avoid linking the same target more than once.
W0000 00:00:1777154244.560734      39 computation_placer.cc:177] computation placer already registered. Please check linkage and avoid linking the same target more than once.
W0000 00:00:1777154244.560736      40 computation_placer.cc:177] computation placer already registered. Please check linkage and avoid linking the same target more than once.
W0000 00:00:1777154244.560736      38 computation_placer.cc:177] computation placer already registered. Please check linkage and avoid linking the same target more than once.
W0000 00:00:1777154244.560737      41 computation_placer.cc:177] computation placer already registered. Please check linkage and avoid linking the same target more than once.
W0000 00:00:1777154244.560737      39 computation_placer.cc:177] computation placer already registered. Please check linkage and avoid linking the same target more than once.
W0000 00:00:1777154244.560739      40 computation_placer.cc:177] computation placer already registered. Please check linkage and avoid linking the same target more than once.
W0000 00:00:1777154244.560739      38 computation_placer.cc:177] computation placer already registered. Please check linkage and avoid linking the same target more than once.
W0000 00:00:1777154244.560739      41 computation_placer.cc:177] computation placer already registered. Please check linkage and avoid linking the same target more than once.
W0000 00:00:1777154244.560740      39 computation_placer.cc:177] computation placer already registered. Please check linkage and avoid linking the same target more than once.
W0000 00:00:1777154244.560741      38 computation_placer.cc:177] computation placer already registered. Please check linkage and avoid linking the same target more than once.
W0000 00:00:1777154272.781597      40 gpu_device.cc:2341] Cannot dlopen some GPU libraries. Please make sure the missing libraries mentioned above are installed properly if you would like to use GPU. Follow the guide at https://www.tensorflow.org/install/gpu for how to download and setup the required libraries for your platform.
Skipping registering GPU devices...
W0000 00:00:1777154272.789792      39 gpu_device.cc:2341] Cannot dlopen some GPU libraries. Please make sure the missing libraries mentioned above are installed properly if you would like to use GPU. Follow the guide at https://www.tensorflow.org/install/gpu for how to download and setup the required libraries for your platform.
Skipping registering GPU devices...
W0000 00:00:1777154273.013413      38 gpu_device.cc:2341] Cannot dlopen some GPU libraries. Please make sure the missing libraries mentioned above are installed properly if you would like to use GPU. Follow the guide at https://www.tensorflow.org/install/gpu for how to download and setup the required libraries for your platform.
Skipping registering GPU devices...
W0000 00:00:1777154273.025535      41 gpu_device.cc:2341] Cannot dlopen some GPU libraries. Please make sure the missing libraries mentioned above are installed properly if you would like to use GPU. Follow the guide at https://www.tensorflow.org/install/gpu for how to download and setup the required libraries for your platform.
Skipping registering GPU devices...
/usr/local/lib/python3.11/site-packages/torch/__init__.py:1617: UserWarning: Please use the new API settings to control TF32 behavior, such as torch.backends.cudnn.conv.fp32_precision = 'tf32' or torch.backends.cuda.matmul.fp32_precision = 'ieee'. Old settings, e.g, torch.backends.cuda.matmul.allow_tf32 = True, torch.backends.cudnn.allow_tf32 = True, allowTF32CuDNN() and allowTF32CuBLAS() will be deprecated after Pytorch 2.9. Please see https://pytorch.org/docs/main/notes/cuda.html#tensorfloat-32-tf32-on-ampere-and-later-devices (Triggered internally at /pytorch/aten/src/ATen/Context.cpp:80.)
  _C._set_float32_matmul_precision(precision)
/usr/local/lib/python3.11/site-packages/torch/__init__.py:1617: UserWarning: Please use the new API settings to control TF32 behavior, such as torch.backends.cudnn.conv.fp32_precision = 'tf32' or torch.backends.cuda.matmul.fp32_precision = 'ieee'. Old settings, e.g, torch.backends.cuda.matmul.allow_tf32 = True, torch.backends.cudnn.allow_tf32 = True, allowTF32CuDNN() and allowTF32CuBLAS() will be deprecated after Pytorch 2.9. Please see https://pytorch.org/docs/main/notes/cuda.html#tensorfloat-32-tf32-on-ampere-and-later-devices (Triggered internally at /pytorch/aten/src/ATen/Context.cpp:80.)
  _C._set_float32_matmul_precision(precision)
/usr/local/lib/python3.11/site-packages/torch/__init__.py:1617: UserWarning: Please use the new API settings to control TF32 behavior, such as torch.backends.cudnn.conv.fp32_precision = 'tf32' or torch.backends.cuda.matmul.fp32_precision = 'ieee'. Old settings, e.g, torch.backends.cuda.matmul.allow_tf32 = True, torch.backends.cudnn.allow_tf32 = True, allowTF32CuDNN() and allowTF32CuBLAS() will be deprecated after Pytorch 2.9. Please see https://pytorch.org/docs/main/notes/cuda.html#tensorfloat-32-tf32-on-ampere-and-later-devices (Triggered internally at /pytorch/aten/src/ATen/Context.cpp:80.)
  _C._set_float32_matmul_precision(precision)
/usr/local/lib/python3.11/site-packages/torch/__init__.py:1617: UserWarning: Please use the new API settings to control TF32 behavior, such as torch.backends.cudnn.conv.fp32_precision = 'tf32' or torch.backends.cuda.matmul.fp32_precision = 'ieee'. Old settings, e.g, torch.backends.cuda.matmul.allow_tf32 = True, torch.backends.cudnn.allow_tf32 = True, allowTF32CuDNN() and allowTF32CuBLAS() will be deprecated after Pytorch 2.9. Please see https://pytorch.org/docs/main/notes/cuda.html#tensorfloat-32-tf32-on-ampere-and-later-devices (Triggered internally at /pytorch/aten/src/ATen/Context.cpp:80.)
  _C._set_float32_matmul_precision(precision)
/usr/local/lib/python3.11/site-packages/pydantic/_internal/_generate_schema.py:2249: UnsupportedFieldAttributeWarning: The 'repr' attribute with value False was provided to the `Field()` function, which has no effect in the context it was used. 'repr' is field-specific metadata, and can only be attached to a model field using `Annotated` metadata or by assignment. This may have happened because an `Annotated` type alias using the `type` statement was used, or if the `Field()` function was attached to a single member of a union type.
  warnings.warn(
/usr/local/lib/python3.11/site-packages/pydantic/_internal/_generate_schema.py:2249: UnsupportedFieldAttributeWarning: The 'repr' attribute with value False was provided to the `Field()` function, which has no effect in the context it was used. 'repr' is field-specific metadata, and can only be attached to a model field using `Annotated` metadata or by assignment. This may have happened because an `Annotated` type alias using the `type` statement was used, or if the `Field()` function was attached to a single member of a union type.
  warnings.warn(
/usr/local/lib/python3.11/site-packages/pydantic/_internal/_generate_schema.py:2249: UnsupportedFieldAttributeWarning: The 'repr' attribute with value False was provided to the `Field()` function, which has no effect in the context it was used. 'repr' is field-specific metadata, and can only be attached to a model field using `Annotated` metadata or by assignment. This may have happened because an `Annotated` type alias using the `type` statement was used, or if the `Field()` function was attached to a single member of a union type.
  warnings.warn(
/usr/local/lib/python3.11/site-packages/pydantic/_internal/_generate_schema.py:2249: UnsupportedFieldAttributeWarning: The 'repr' attribute with value False was provided to the `Field()` function, which has no effect in the context it was used. 'repr' is field-specific metadata, and can only be attached to a model field using `Annotated` metadata or by assignment. This may have happened because an `Annotated` type alias using the `type` statement was used, or if the `Field()` function was attached to a single member of a union type.
  warnings.warn(
/usr/local/lib/python3.11/site-packages/pydantic/_internal/_generate_schema.py:2249: UnsupportedFieldAttributeWarning: The 'frozen' attribute with value True was provided to the `Field()` function, which has no effect in the context it was used. 'frozen' is field-specific metadata, and can only be attached to a model field using `Annotated` metadata or by assignment. This may have happened because an `Annotated` type alias using the `type` statement was used, or if the `Field()` function was attached to a single member of a union type.
  warnings.warn(
/usr/local/lib/python3.11/site-packages/pydantic/_internal/_generate_schema.py:2249: UnsupportedFieldAttributeWarning: The 'frozen' attribute with value True was provided to the `Field()` function, which has no effect in the context it was used. 'frozen' is field-specific metadata, and can only be attached to a model field using `Annotated` metadata or by assignment. This may have happened because an `Annotated` type alias using the `type` statement was used, or if the `Field()` function was attached to a single member of a union type.
  warnings.warn(
/usr/local/lib/python3.11/site-packages/pydantic/_internal/_generate_schema.py:2249: UnsupportedFieldAttributeWarning: The 'frozen' attribute with value True was provided to the `Field()` function, which has no effect in the context it was used. 'frozen' is field-specific metadata, and can only be attached to a model field using `Annotated` metadata or by assignment. This may have happened because an `Annotated` type alias using the `type` statement was used, or if the `Field()` function was attached to a single member of a union type.
  warnings.warn(
/usr/local/lib/python3.11/site-packages/pydantic/_internal/_generate_schema.py:2249: UnsupportedFieldAttributeWarning: The 'frozen' attribute with value True was provided to the `Field()` function, which has no effect in the context it was used. 'frozen' is field-specific metadata, and can only be attached to a model field using `Annotated` metadata or by assignment. This may have happened because an `Annotated` type alias using the `type` statement was used, or if the `Field()` function was attached to a single member of a union type.
  warnings.warn(
I0425 21:58:02.587945 140265232827584 logger_utils.py:59] Removing existing experiment directory /experiment_runs/submissions_a100/schedule_free_adamw/study_2/ogbg_pytorch because --overwrite was set.
I0425 21:58:02.587946 140297516852416 logger_utils.py:59] Removing existing experiment directory /experiment_runs/submissions_a100/schedule_free_adamw/study_2/ogbg_pytorch because --overwrite was set.
I0425 21:58:02.587944 140697940985024 logger_utils.py:59] Removing existing experiment directory /experiment_runs/submissions_a100/schedule_free_adamw/study_2/ogbg_pytorch because --overwrite was set.
I0425 21:58:02.587984 140541741049024 logger_utils.py:59] Removing existing experiment directory /experiment_runs/submissions_a100/schedule_free_adamw/study_2/ogbg_pytorch because --overwrite was set.
/usr/local/lib/python3.11/site-packages/torch/distributed/distributed_c10d.py:4876: UserWarning: barrier(): using the device under current context. You can specify `device_id` in `init_process_group` to mute this warning.
  warnings.warn(  # warn only once
[rank0]:[W425 21:58:02.980686593 ProcessGroupNCCL.cpp:5068] Guessing device ID based on global rank. This can cause a hang if rank to GPU mapping is heterogeneous. You can specify device_id in init_process_group()
I0425 21:58:04.937528 140697940985024 logger_utils.py:84] Creating experiment directory at /experiment_runs/submissions_a100/schedule_free_adamw/study_2/ogbg_pytorch.
I0425 21:58:04.937528 140297516852416 logger_utils.py:84] Creating experiment directory at /experiment_runs/submissions_a100/schedule_free_adamw/study_2/ogbg_pytorch.
I0425 21:58:04.937528 140541741049024 logger_utils.py:84] Creating experiment directory at /experiment_runs/submissions_a100/schedule_free_adamw/study_2/ogbg_pytorch.
I0425 21:58:04.937561 140265232827584 logger_utils.py:84] Creating experiment directory at /experiment_runs/submissions_a100/schedule_free_adamw/study_2/ogbg_pytorch.
I0425 21:58:05.221780 140297516852416 submission_runner.py:741] Creating directory at /experiment_runs/submissions_a100/schedule_free_adamw/study_2/ogbg_pytorch/trial_1.
I0425 21:58:05.506455 140297516852416 submission_runner.py:242] Initializing dataset.
I0425 21:58:05.506649 140297516852416 submission_runner.py:251] Initializing model.
W0425 21:58:13.310373 140297516852416 submission_runner.py:273] These workloads cannot be fully compiled under current PyTorch version. Proceeding without `torch.compile`.
W0425 21:58:13.310378 140541741049024 submission_runner.py:273] These workloads cannot be fully compiled under current PyTorch version. Proceeding without `torch.compile`.
W0425 21:58:13.310379 140697940985024 submission_runner.py:273] These workloads cannot be fully compiled under current PyTorch version. Proceeding without `torch.compile`.
W0425 21:58:13.310395 140265232827584 submission_runner.py:273] These workloads cannot be fully compiled under current PyTorch version. Proceeding without `torch.compile`.
I0425 21:58:16.462571 140297516852416 submission_runner.py:294] Initializing optimizer.
I0425 21:58:16.463159 140297516852416 submission_runner.py:299] Initializing metrics bundle.
I0425 21:58:16.463332 140297516852416 submission_runner.py:321] Initializing checkpoint and logger.
I0425 21:58:16.467802 140297516852416 submission_runner.py:344] Saving meta data to /experiment_runs/submissions_a100/schedule_free_adamw/study_2/ogbg_pytorch/trial_1/meta_data_0.json.
I0425 21:58:16.467864 140265232827584 logger_utils.py:283] Unable to record workload.train_mean information. Continuing without it.
I0425 21:58:16.467867 140697940985024 logger_utils.py:283] Unable to record workload.train_mean information. Continuing without it.
I0425 21:58:16.467889 140541741049024 logger_utils.py:283] Unable to record workload.train_mean information. Continuing without it.
I0425 21:58:16.467987 140297516852416 logger_utils.py:283] Unable to record workload.train_mean information. Continuing without it.
I0425 21:58:16.468041 140297516852416 logger_utils.py:283] Unable to record workload.train_stddev information. Continuing without it.
I0425 21:58:16.468031 140265232827584 logger_utils.py:283] Unable to record workload.train_stddev information. Continuing without it.
I0425 21:58:16.468036 140697940985024 logger_utils.py:283] Unable to record workload.train_stddev information. Continuing without it.
I0425 21:58:16.468057 140541741049024 logger_utils.py:283] Unable to record workload.train_stddev information. Continuing without it.
I0425 21:58:16.948965 140297516852416 submission_runner.py:348] Saving flags to /experiment_runs/submissions_a100/schedule_free_adamw/study_2/ogbg_pytorch/trial_1/flags_0.json.
I0425 21:58:17.124270 140297516852416 submission_runner.py:359] Starting training loop.
I0425 21:58:21.156230 140297516852416 dataset_info.py:707] Load dataset info from /data/ogbg/ogbg_molpcba/0.1.3
I0425 21:58:21.191216 140297516852416 reader.py:262] Creating a tf.data.Dataset reading 8 files located in folders: /data/ogbg/ogbg_molpcba/0.1.3.
WARNING:tensorflow:From /usr/local/lib/python3.11/site-packages/tensorflow_datasets/core/reader.py:102: CounterV2 (from tensorflow.python.data.experimental.ops.counter) is deprecated and will be removed in a future version.
Instructions for updating:
Use `tf.data.Dataset.counter(...)` instead.
W0425 21:58:21.492022 140297516852416 deprecation.py:50] From /usr/local/lib/python3.11/site-packages/tensorflow_datasets/core/reader.py:102: CounterV2 (from tensorflow.python.data.experimental.ops.counter) is deprecated and will be removed in a future version.
Instructions for updating:
Use `tf.data.Dataset.counter(...)` instead.
I0425 21:58:22.087358 140297516852416 logging_logger.py:49] Constructing tf.data.Dataset ogbg_molpcba for split train, from /data/ogbg/ogbg_molpcba/0.1.3
I0425 21:58:49.340840 140297516852416 spec.py:333] Evaluating on the training split.
I0425 21:58:49.345589 140297516852416 dataset_info.py:707] Load dataset info from /data/ogbg/ogbg_molpcba/0.1.3
I0425 21:58:49.349839 140297516852416 reader.py:262] Creating a tf.data.Dataset reading 8 files located in folders: /data/ogbg/ogbg_molpcba/0.1.3.
I0425 21:58:49.417359 140297516852416 logging_logger.py:49] Constructing tf.data.Dataset ogbg_molpcba for split train, from /data/ogbg/ogbg_molpcba/0.1.3
I0425 21:59:32.428104 140297516852416 spec.py:346] Evaluating on the validation split.
I0425 21:59:32.430890 140297516852416 dataset_info.py:707] Load dataset info from /data/ogbg/ogbg_molpcba/0.1.3
I0425 21:59:32.434402 140297516852416 reader.py:262] Creating a tf.data.Dataset reading 1 files located in folders: /data/ogbg/ogbg_molpcba/0.1.3.
I0425 21:59:32.499742 140297516852416 logging_logger.py:49] Constructing tf.data.Dataset ogbg_molpcba for split validation, from /data/ogbg/ogbg_molpcba/0.1.3
I0425 21:59:51.872356 140297516852416 spec.py:363] Evaluating on the test split.
I0425 21:59:51.874563 140297516852416 dataset_info.py:707] Load dataset info from /data/ogbg/ogbg_molpcba/0.1.3
I0425 21:59:51.877714 140297516852416 reader.py:262] Creating a tf.data.Dataset reading 1 files located in folders: /data/ogbg/ogbg_molpcba/0.1.3.
I0425 21:59:51.937685 140297516852416 logging_logger.py:49] Constructing tf.data.Dataset ogbg_molpcba for split test, from /data/ogbg/ogbg_molpcba/0.1.3
I0425 22:00:11.501528 140297516852416 submission_runner.py:516] Time since start: 114.38s, 	Step: 1, 	{'train/accuracy': 0.5091129643250941, 'train/loss': 0.7211090770049379, 'train/mean_average_precision': 0.022485137697458923, 'validation/accuracy': 0.5037466835964266, 'validation/loss': 0.7290270455349923, 'validation/mean_average_precision': 0.026981693238667673, 'validation/num_examples': 43793, 'test/accuracy': 0.5020598211480587, 'test/loss': 0.7314430792788984, 'test/mean_average_precision': 0.028645449472875607, 'test/num_examples': 43793, 'score': 31.78741478919983, 'total_duration': 114.37739729881287, 'accumulated_submission_time': 31.78741478919983, 'accumulated_eval_time': 82.16063690185547, 'accumulated_logging_time': 0}
I0425 22:00:11.617530 140263858808576 logging_writer.py:48] [1] accumulated_eval_time=82.1606, accumulated_logging_time=0, accumulated_submission_time=31.7874, global_step=1, preemption_count=0, score=31.7874, test/accuracy=0.50206, test/loss=0.731443, test/mean_average_precision=0.0286454, test/num_examples=43793, total_duration=114.377, train/accuracy=0.509113, train/loss=0.721109, train/mean_average_precision=0.0224851, validation/accuracy=0.503747, validation/loss=0.729027, validation/mean_average_precision=0.0269817, validation/num_examples=43793
I0425 22:07:44.083338 140297516852416 spec.py:333] Evaluating on the training split.
I0425 22:08:11.033296 140297516852416 spec.py:346] Evaluating on the validation split.
I0425 22:08:13.355378 140297516852416 spec.py:363] Evaluating on the test split.
I0425 22:08:15.801322 140297516852416 submission_runner.py:516] Time since start: 598.68s, 	Step: 1956, 	{'train/accuracy': 0.9873620739192998, 'train/loss': 0.04517794309287727, 'train/mean_average_precision': 0.12782273988802118, 'validation/accuracy': 0.9847887893381482, 'validation/loss': 0.05404419838425792, 'validation/mean_average_precision': 0.12373128125213272, 'validation/num_examples': 43793, 'test/accuracy': 0.9838099152740097, 'test/loss': 0.05703952352896089, 'test/mean_average_precision': 0.12529312904551748, 'test/num_examples': 43793, 'score': 482.60107922554016, 'total_duration': 598.6771950721741, 'accumulated_submission_time': 482.60107922554016, 'accumulated_eval_time': 113.87860584259033, 'accumulated_logging_time': 0.37553906440734863}
I0425 22:08:15.842298 140263867201280 logging_writer.py:48] [1956] accumulated_eval_time=113.879, accumulated_logging_time=0.375539, accumulated_submission_time=482.601, global_step=1956, preemption_count=0, score=482.601, test/accuracy=0.98381, test/loss=0.0570395, test/mean_average_precision=0.125293, test/num_examples=43793, total_duration=598.677, train/accuracy=0.987362, train/loss=0.0451779, train/mean_average_precision=0.127823, validation/accuracy=0.984789, validation/loss=0.0540442, validation/mean_average_precision=0.123731, validation/num_examples=43793
I0425 22:15:48.307837 140297516852416 spec.py:333] Evaluating on the training split.
I0425 22:16:15.008231 140297516852416 spec.py:346] Evaluating on the validation split.
I0425 22:16:17.002193 140297516852416 spec.py:363] Evaluating on the test split.
I0425 22:16:19.080291 140297516852416 submission_runner.py:516] Time since start: 1081.96s, 	Step: 3900, 	{'train/accuracy': 0.9884218878593733, 'train/loss': 0.04003329654773202, 'train/mean_average_precision': 0.2137825325494067, 'validation/accuracy': 0.9855239186981837, 'validation/loss': 0.04960593986349569, 'validation/mean_average_precision': 0.17830068274027716, 'validation/num_examples': 43793, 'test/accuracy': 0.984631148403986, 'test/loss': 0.05224200197896127, 'test/mean_average_precision': 0.1836876673479845, 'test/num_examples': 43793, 'score': 933.6840302944183, 'total_duration': 1081.9561488628387, 'accumulated_submission_time': 933.6840302944183, 'accumulated_eval_time': 144.65100479125977, 'accumulated_logging_time': 0.427170991897583}
I0425 22:16:19.121474 140263858808576 logging_writer.py:48] [3900] accumulated_eval_time=144.651, accumulated_logging_time=0.427171, accumulated_submission_time=933.684, global_step=3900, preemption_count=0, score=933.684, test/accuracy=0.984631, test/loss=0.052242, test/mean_average_precision=0.183688, test/num_examples=43793, total_duration=1081.96, train/accuracy=0.988422, train/loss=0.0400333, train/mean_average_precision=0.213783, validation/accuracy=0.985524, validation/loss=0.0496059, validation/mean_average_precision=0.178301, validation/num_examples=43793
I0425 22:23:51.655959 140297516852416 spec.py:333] Evaluating on the training split.
I0425 22:24:18.577079 140297516852416 spec.py:346] Evaluating on the validation split.
I0425 22:24:20.948945 140297516852416 spec.py:363] Evaluating on the test split.
I0425 22:24:23.401785 140297516852416 submission_runner.py:516] Time since start: 1566.28s, 	Step: 5846, 	{'train/accuracy': 0.9892628894475721, 'train/loss': 0.03653531514594135, 'train/mean_average_precision': 0.2774010432172608, 'validation/accuracy': 0.9861770512991209, 'validation/loss': 0.046950717613715706, 'validation/mean_average_precision': 0.21923745668586145, 'validation/num_examples': 43793, 'test/accuracy': 0.9851963252554877, 'test/loss': 0.04955343079615814, 'test/mean_average_precision': 0.22450892278371656, 'test/num_examples': 43793, 'score': 1384.8287146091461, 'total_duration': 1566.2776160240173, 'accumulated_submission_time': 1384.8287146091461, 'accumulated_eval_time': 176.39675879478455, 'accumulated_logging_time': 0.479586124420166}
I0425 22:24:23.443165 140263867201280 logging_writer.py:48] [5846] accumulated_eval_time=176.397, accumulated_logging_time=0.479586, accumulated_submission_time=1384.83, global_step=5846, preemption_count=0, score=1384.83, test/accuracy=0.985196, test/loss=0.0495534, test/mean_average_precision=0.224509, test/num_examples=43793, total_duration=1566.28, train/accuracy=0.989263, train/loss=0.0365353, train/mean_average_precision=0.277401, validation/accuracy=0.986177, validation/loss=0.0469507, validation/mean_average_precision=0.219237, validation/num_examples=43793
I0425 22:31:55.858088 140297516852416 spec.py:333] Evaluating on the training split.
I0425 22:32:21.683196 140297516852416 spec.py:346] Evaluating on the validation split.
I0425 22:32:23.668879 140297516852416 spec.py:363] Evaluating on the test split.
I0425 22:32:27.323778 140297516852416 submission_runner.py:516] Time since start: 2050.20s, 	Step: 7836, 	{'train/accuracy': 0.9899162838259155, 'train/loss': 0.034184299317720865, 'train/mean_average_precision': 0.33358243077573785, 'validation/accuracy': 0.986527364185764, 'validation/loss': 0.04541661457301609, 'validation/mean_average_precision': 0.24516460454021907, 'validation/num_examples': 43793, 'test/accuracy': 0.9856490563399619, 'test/loss': 0.0480325175680718, 'test/mean_average_precision': 0.25030087219320285, 'test/num_examples': 43793, 'score': 1835.857743024826, 'total_duration': 2050.1995685100555, 'accumulated_submission_time': 1835.857743024826, 'accumulated_eval_time': 207.86233568191528, 'accumulated_logging_time': 0.5316081047058105}
I0425 22:32:27.365473 140263858808576 logging_writer.py:48] [7836] accumulated_eval_time=207.862, accumulated_logging_time=0.531608, accumulated_submission_time=1835.86, global_step=7836, preemption_count=0, score=1835.86, test/accuracy=0.985649, test/loss=0.0480325, test/mean_average_precision=0.250301, test/num_examples=43793, total_duration=2050.2, train/accuracy=0.989916, train/loss=0.0341843, train/mean_average_precision=0.333582, validation/accuracy=0.986527, validation/loss=0.0454166, validation/mean_average_precision=0.245165, validation/num_examples=43793
I0425 22:39:59.879672 140297516852416 spec.py:333] Evaluating on the training split.
I0425 22:40:25.853690 140297516852416 spec.py:346] Evaluating on the validation split.
I0425 22:40:27.855849 140297516852416 spec.py:363] Evaluating on the test split.
I0425 22:40:29.908899 140297516852416 submission_runner.py:516] Time since start: 2532.78s, 	Step: 9836, 	{'train/accuracy': 0.9904730968144565, 'train/loss': 0.0318446470476483, 'train/mean_average_precision': 0.3934739700048097, 'validation/accuracy': 0.9868029869552086, 'validation/loss': 0.04456267617125469, 'validation/mean_average_precision': 0.2611429587208782, 'validation/num_examples': 43793, 'test/accuracy': 0.9858928994077856, 'test/loss': 0.04728006929312464, 'test/mean_average_precision': 0.2580521106128972, 'test/num_examples': 43793, 'score': 2286.992827653885, 'total_duration': 2532.784742116928, 'accumulated_submission_time': 2286.992827653885, 'accumulated_eval_time': 237.8914315700531, 'accumulated_logging_time': 0.5832576751708984}
I0425 22:40:29.952827 140263867201280 logging_writer.py:48] [9836] accumulated_eval_time=237.891, accumulated_logging_time=0.583258, accumulated_submission_time=2286.99, global_step=9836, preemption_count=0, score=2286.99, test/accuracy=0.985893, test/loss=0.0472801, test/mean_average_precision=0.258052, test/num_examples=43793, total_duration=2532.78, train/accuracy=0.990473, train/loss=0.0318446, train/mean_average_precision=0.393474, validation/accuracy=0.986803, validation/loss=0.0445627, validation/mean_average_precision=0.261143, validation/num_examples=43793
I0425 22:48:02.464513 140297516852416 spec.py:333] Evaluating on the training split.
I0425 22:48:28.333634 140297516852416 spec.py:346] Evaluating on the validation split.
I0425 22:48:30.297283 140297516852416 spec.py:363] Evaluating on the test split.
I0425 22:48:32.329136 140297516852416 submission_runner.py:516] Time since start: 3015.20s, 	Step: 11839, 	{'train/accuracy': 0.9910497673510719, 'train/loss': 0.029960037132435276, 'train/mean_average_precision': 0.4215299810554782, 'validation/accuracy': 0.9869271998675062, 'validation/loss': 0.04409347813203264, 'validation/mean_average_precision': 0.2697959991620379, 'validation/num_examples': 43793, 'test/accuracy': 0.9860963125369029, 'test/loss': 0.046840670086225264, 'test/mean_average_precision': 0.26840982805593944, 'test/num_examples': 43793, 'score': 2738.123290538788, 'total_duration': 3015.204971075058, 'accumulated_submission_time': 2738.123290538788, 'accumulated_eval_time': 267.7559688091278, 'accumulated_logging_time': 0.6382474899291992}
I0425 22:48:32.373425 140263858808576 logging_writer.py:48] [11839] accumulated_eval_time=267.756, accumulated_logging_time=0.638247, accumulated_submission_time=2738.12, global_step=11839, preemption_count=0, score=2738.12, test/accuracy=0.986096, test/loss=0.0468407, test/mean_average_precision=0.26841, test/num_examples=43793, total_duration=3015.2, train/accuracy=0.99105, train/loss=0.02996, train/mean_average_precision=0.42153, validation/accuracy=0.986927, validation/loss=0.0440935, validation/mean_average_precision=0.269796, validation/num_examples=43793
I0425 22:56:04.752216 140297516852416 spec.py:333] Evaluating on the training split.
I0425 22:56:30.612930 140297516852416 spec.py:346] Evaluating on the validation split.
I0425 22:56:32.599579 140297516852416 spec.py:363] Evaluating on the test split.
I0425 22:56:35.317188 140297516852416 submission_runner.py:516] Time since start: 3498.19s, 	Step: 13847, 	{'train/accuracy': 0.9914608147062565, 'train/loss': 0.028463378657590133, 'train/mean_average_precision': 0.46234512541749934, 'validation/accuracy': 0.9869978307392049, 'validation/loss': 0.043911665160348314, 'validation/mean_average_precision': 0.2788023259465573, 'validation/num_examples': 43793, 'test/accuracy': 0.9862087583039304, 'test/loss': 0.04675792163582901, 'test/mean_average_precision': 0.2718944637487536, 'test/num_examples': 43793, 'score': 3189.1223855018616, 'total_duration': 3498.1930615901947, 'accumulated_submission_time': 3189.1223855018616, 'accumulated_eval_time': 298.3208980560303, 'accumulated_logging_time': 0.6931884288787842}
I0425 22:56:35.362700 140263867201280 logging_writer.py:48] [13847] accumulated_eval_time=298.321, accumulated_logging_time=0.693188, accumulated_submission_time=3189.12, global_step=13847, preemption_count=0, score=3189.12, test/accuracy=0.986209, test/loss=0.0467579, test/mean_average_precision=0.271894, test/num_examples=43793, total_duration=3498.19, train/accuracy=0.991461, train/loss=0.0284634, train/mean_average_precision=0.462345, validation/accuracy=0.986998, validation/loss=0.0439117, validation/mean_average_precision=0.278802, validation/num_examples=43793
I0425 23:04:07.760552 140297516852416 spec.py:333] Evaluating on the training split.
I0425 23:04:33.659807 140297516852416 spec.py:346] Evaluating on the validation split.
I0425 23:04:35.653186 140297516852416 spec.py:363] Evaluating on the test split.
I0425 23:04:37.683362 140297516852416 submission_runner.py:516] Time since start: 3980.56s, 	Step: 15853, 	{'train/accuracy': 0.9918052461758307, 'train/loss': 0.02720657102385374, 'train/mean_average_precision': 0.4973136350997185, 'validation/accuracy': 0.9870995148389778, 'validation/loss': 0.043997993895503656, 'validation/mean_average_precision': 0.28535290526426, 'validation/num_examples': 43793, 'test/accuracy': 0.9862405547661423, 'test/loss': 0.04680716930205291, 'test/mean_average_precision': 0.2771380538601526, 'test/num_examples': 43793, 'score': 3640.148542404175, 'total_duration': 3980.5592200756073, 'accumulated_submission_time': 3640.148542404175, 'accumulated_eval_time': 328.24363899230957, 'accumulated_logging_time': 0.7489550113677979}
I0425 23:04:37.725651 140263858808576 logging_writer.py:48] [15853] accumulated_eval_time=328.244, accumulated_logging_time=0.748955, accumulated_submission_time=3640.15, global_step=15853, preemption_count=0, score=3640.15, test/accuracy=0.986241, test/loss=0.0468072, test/mean_average_precision=0.277138, test/num_examples=43793, total_duration=3980.56, train/accuracy=0.991805, train/loss=0.0272066, train/mean_average_precision=0.497314, validation/accuracy=0.9871, validation/loss=0.043998, validation/mean_average_precision=0.285353, validation/num_examples=43793
I0425 23:04:38.174917 140263867201280 logging_writer.py:48] [15853] global_step=15853, preemption_count=0, score=3640.15
I0425 23:04:38.289943 140297516852416 submission_runner.py:857] Final ogbg score: 3640.148542404175
