torchrun --redirects 1:0,2:0,3:0 --standalone --nnodes=1 --nproc_per_node=4 submission_runner.py --framework=pytorch --workload=criteo1tb --submission_path=submissions_algorithms/submissions/self_tuning/lion/submission.py --data_dir=/data/criteo1tb --experiment_dir=/experiment_runs --experiment_name=submissions_a100/lion/study_1 --overwrite=True --save_checkpoints=False --rng_seed=-2010601333 --torch_compile=true --tuning_ruleset=self 2>&1 | tee -a /logs/criteo1tb_pytorch_04-07-2026-10-08-24.log
W0407 10:08:26.443000 9 site-packages/torch/distributed/run.py:803] 
W0407 10:08:26.443000 9 site-packages/torch/distributed/run.py:803] *****************************************
W0407 10:08:26.443000 9 site-packages/torch/distributed/run.py:803] Setting OMP_NUM_THREADS environment variable for each process to be 1 in default, to avoid your system being overloaded, please further tune the variable for optimal performance in your application as needed. 
W0407 10:08:26.443000 9 site-packages/torch/distributed/run.py:803] *****************************************
2026-04-07 10:08:28.188311: E external/local_xla/xla/stream_executor/cuda/cuda_fft.cc:467] Unable to register cuFFT factory: Attempting to register factory for plugin cuFFT when one has already been registered
2026-04-07 10:08:28.188311: E external/local_xla/xla/stream_executor/cuda/cuda_fft.cc:467] Unable to register cuFFT factory: Attempting to register factory for plugin cuFFT when one has already been registered
2026-04-07 10:08:28.188310: E external/local_xla/xla/stream_executor/cuda/cuda_fft.cc:467] Unable to register cuFFT factory: Attempting to register factory for plugin cuFFT when one has already been registered
2026-04-07 10:08:28.188311: E external/local_xla/xla/stream_executor/cuda/cuda_fft.cc:467] Unable to register cuFFT factory: Attempting to register factory for plugin cuFFT when one has already been registered
WARNING: All log messages before absl::InitializeLog() is called are written to STDERR
WARNING: All log messages before absl::InitializeLog() is called are written to STDERR
WARNING: All log messages before absl::InitializeLog() is called are written to STDERR
WARNING: All log messages before absl::InitializeLog() is called are written to STDERR
E0000 00:00:1775556508.213137      38 cuda_dnn.cc:8579] Unable to register cuDNN factory: Attempting to register factory for plugin cuDNN when one has already been registered
E0000 00:00:1775556508.213137      41 cuda_dnn.cc:8579] Unable to register cuDNN factory: Attempting to register factory for plugin cuDNN when one has already been registered
E0000 00:00:1775556508.213137      39 cuda_dnn.cc:8579] Unable to register cuDNN factory: Attempting to register factory for plugin cuDNN when one has already been registered
E0000 00:00:1775556508.213136      40 cuda_dnn.cc:8579] Unable to register cuDNN factory: Attempting to register factory for plugin cuDNN when one has already been registered
E0000 00:00:1775556508.221260      38 cuda_blas.cc:1407] Unable to register cuBLAS factory: Attempting to register factory for plugin cuBLAS when one has already been registered
E0000 00:00:1775556508.221260      39 cuda_blas.cc:1407] Unable to register cuBLAS factory: Attempting to register factory for plugin cuBLAS when one has already been registered
E0000 00:00:1775556508.221261      40 cuda_blas.cc:1407] Unable to register cuBLAS factory: Attempting to register factory for plugin cuBLAS when one has already been registered
E0000 00:00:1775556508.221266      41 cuda_blas.cc:1407] Unable to register cuBLAS factory: Attempting to register factory for plugin cuBLAS when one has already been registered
W0000 00:00:1775556508.248591      39 computation_placer.cc:177] computation placer already registered. Please check linkage and avoid linking the same target more than once.
W0000 00:00:1775556508.248591      40 computation_placer.cc:177] computation placer already registered. Please check linkage and avoid linking the same target more than once.
W0000 00:00:1775556508.248591      38 computation_placer.cc:177] computation placer already registered. Please check linkage and avoid linking the same target more than once.
W0000 00:00:1775556508.248623      40 computation_placer.cc:177] computation placer already registered. Please check linkage and avoid linking the same target more than once.
W0000 00:00:1775556508.248624      38 computation_placer.cc:177] computation placer already registered. Please check linkage and avoid linking the same target more than once.
W0000 00:00:1775556508.248626      40 computation_placer.cc:177] computation placer already registered. Please check linkage and avoid linking the same target more than once.
W0000 00:00:1775556508.248627      38 computation_placer.cc:177] computation placer already registered. Please check linkage and avoid linking the same target more than once.
W0000 00:00:1775556508.248628      40 computation_placer.cc:177] computation placer already registered. Please check linkage and avoid linking the same target more than once.
W0000 00:00:1775556508.248628      39 computation_placer.cc:177] computation placer already registered. Please check linkage and avoid linking the same target more than once.
W0000 00:00:1775556508.248629      38 computation_placer.cc:177] computation placer already registered. Please check linkage and avoid linking the same target more than once.
W0000 00:00:1775556508.248631      39 computation_placer.cc:177] computation placer already registered. Please check linkage and avoid linking the same target more than once.
W0000 00:00:1775556508.248633      39 computation_placer.cc:177] computation placer already registered. Please check linkage and avoid linking the same target more than once.
W0000 00:00:1775556508.248610      41 computation_placer.cc:177] computation placer already registered. Please check linkage and avoid linking the same target more than once.
W0000 00:00:1775556508.248637      41 computation_placer.cc:177] computation placer already registered. Please check linkage and avoid linking the same target more than once.
W0000 00:00:1775556508.248639      41 computation_placer.cc:177] computation placer already registered. Please check linkage and avoid linking the same target more than once.
W0000 00:00:1775556508.248641      41 computation_placer.cc:177] computation placer already registered. Please check linkage and avoid linking the same target more than once.
W0000 00:00:1775556514.003392      38 gpu_device.cc:2341] Cannot dlopen some GPU libraries. Please make sure the missing libraries mentioned above are installed properly if you would like to use GPU. Follow the guide at https://www.tensorflow.org/install/gpu for how to download and setup the required libraries for your platform.
Skipping registering GPU devices...
W0000 00:00:1775556514.283622      41 gpu_device.cc:2341] Cannot dlopen some GPU libraries. Please make sure the missing libraries mentioned above are installed properly if you would like to use GPU. Follow the guide at https://www.tensorflow.org/install/gpu for how to download and setup the required libraries for your platform.
Skipping registering GPU devices...
W0000 00:00:1775556514.366117      39 gpu_device.cc:2341] Cannot dlopen some GPU libraries. Please make sure the missing libraries mentioned above are installed properly if you would like to use GPU. Follow the guide at https://www.tensorflow.org/install/gpu for how to download and setup the required libraries for your platform.
Skipping registering GPU devices...
W0000 00:00:1775556514.436705      40 gpu_device.cc:2341] Cannot dlopen some GPU libraries. Please make sure the missing libraries mentioned above are installed properly if you would like to use GPU. Follow the guide at https://www.tensorflow.org/install/gpu for how to download and setup the required libraries for your platform.
Skipping registering GPU devices...
/usr/local/lib/python3.11/site-packages/torch/__init__.py:1617: UserWarning: Please use the new API settings to control TF32 behavior, such as torch.backends.cudnn.conv.fp32_precision = 'tf32' or torch.backends.cuda.matmul.fp32_precision = 'ieee'. Old settings, e.g, torch.backends.cuda.matmul.allow_tf32 = True, torch.backends.cudnn.allow_tf32 = True, allowTF32CuDNN() and allowTF32CuBLAS() will be deprecated after Pytorch 2.9. Please see https://pytorch.org/docs/main/notes/cuda.html#tensorfloat-32-tf32-on-ampere-and-later-devices (Triggered internally at /pytorch/aten/src/ATen/Context.cpp:80.)
  _C._set_float32_matmul_precision(precision)
/usr/local/lib/python3.11/site-packages/torch/__init__.py:1617: UserWarning: Please use the new API settings to control TF32 behavior, such as torch.backends.cudnn.conv.fp32_precision = 'tf32' or torch.backends.cuda.matmul.fp32_precision = 'ieee'. Old settings, e.g, torch.backends.cuda.matmul.allow_tf32 = True, torch.backends.cudnn.allow_tf32 = True, allowTF32CuDNN() and allowTF32CuBLAS() will be deprecated after Pytorch 2.9. Please see https://pytorch.org/docs/main/notes/cuda.html#tensorfloat-32-tf32-on-ampere-and-later-devices (Triggered internally at /pytorch/aten/src/ATen/Context.cpp:80.)
  _C._set_float32_matmul_precision(precision)
/usr/local/lib/python3.11/site-packages/torch/__init__.py:1617: UserWarning: Please use the new API settings to control TF32 behavior, such as torch.backends.cudnn.conv.fp32_precision = 'tf32' or torch.backends.cuda.matmul.fp32_precision = 'ieee'. Old settings, e.g, torch.backends.cuda.matmul.allow_tf32 = True, torch.backends.cudnn.allow_tf32 = True, allowTF32CuDNN() and allowTF32CuBLAS() will be deprecated after Pytorch 2.9. Please see https://pytorch.org/docs/main/notes/cuda.html#tensorfloat-32-tf32-on-ampere-and-later-devices (Triggered internally at /pytorch/aten/src/ATen/Context.cpp:80.)
  _C._set_float32_matmul_precision(precision)
/usr/local/lib/python3.11/site-packages/torch/__init__.py:1617: UserWarning: Please use the new API settings to control TF32 behavior, such as torch.backends.cudnn.conv.fp32_precision = 'tf32' or torch.backends.cuda.matmul.fp32_precision = 'ieee'. Old settings, e.g, torch.backends.cuda.matmul.allow_tf32 = True, torch.backends.cudnn.allow_tf32 = True, allowTF32CuDNN() and allowTF32CuBLAS() will be deprecated after Pytorch 2.9. Please see https://pytorch.org/docs/main/notes/cuda.html#tensorfloat-32-tf32-on-ampere-and-later-devices (Triggered internally at /pytorch/aten/src/ATen/Context.cpp:80.)
  _C._set_float32_matmul_precision(precision)
/usr/local/lib/python3.11/site-packages/pydantic/_internal/_generate_schema.py:2249: UnsupportedFieldAttributeWarning: The 'repr' attribute with value False was provided to the `Field()` function, which has no effect in the context it was used. 'repr' is field-specific metadata, and can only be attached to a model field using `Annotated` metadata or by assignment. This may have happened because an `Annotated` type alias using the `type` statement was used, or if the `Field()` function was attached to a single member of a union type.
  warnings.warn(
/usr/local/lib/python3.11/site-packages/pydantic/_internal/_generate_schema.py:2249: UnsupportedFieldAttributeWarning: The 'frozen' attribute with value True was provided to the `Field()` function, which has no effect in the context it was used. 'frozen' is field-specific metadata, and can only be attached to a model field using `Annotated` metadata or by assignment. This may have happened because an `Annotated` type alias using the `type` statement was used, or if the `Field()` function was attached to a single member of a union type.
  warnings.warn(
/usr/local/lib/python3.11/site-packages/pydantic/_internal/_generate_schema.py:2249: UnsupportedFieldAttributeWarning: The 'repr' attribute with value False was provided to the `Field()` function, which has no effect in the context it was used. 'repr' is field-specific metadata, and can only be attached to a model field using `Annotated` metadata or by assignment. This may have happened because an `Annotated` type alias using the `type` statement was used, or if the `Field()` function was attached to a single member of a union type.
  warnings.warn(
/usr/local/lib/python3.11/site-packages/pydantic/_internal/_generate_schema.py:2249: UnsupportedFieldAttributeWarning: The 'frozen' attribute with value True was provided to the `Field()` function, which has no effect in the context it was used. 'frozen' is field-specific metadata, and can only be attached to a model field using `Annotated` metadata or by assignment. This may have happened because an `Annotated` type alias using the `type` statement was used, or if the `Field()` function was attached to a single member of a union type.
  warnings.warn(
/usr/local/lib/python3.11/site-packages/pydantic/_internal/_generate_schema.py:2249: UnsupportedFieldAttributeWarning: The 'repr' attribute with value False was provided to the `Field()` function, which has no effect in the context it was used. 'repr' is field-specific metadata, and can only be attached to a model field using `Annotated` metadata or by assignment. This may have happened because an `Annotated` type alias using the `type` statement was used, or if the `Field()` function was attached to a single member of a union type.
  warnings.warn(
/usr/local/lib/python3.11/site-packages/pydantic/_internal/_generate_schema.py:2249: UnsupportedFieldAttributeWarning: The 'frozen' attribute with value True was provided to the `Field()` function, which has no effect in the context it was used. 'frozen' is field-specific metadata, and can only be attached to a model field using `Annotated` metadata or by assignment. This may have happened because an `Annotated` type alias using the `type` statement was used, or if the `Field()` function was attached to a single member of a union type.
  warnings.warn(
/usr/local/lib/python3.11/site-packages/pydantic/_internal/_generate_schema.py:2249: UnsupportedFieldAttributeWarning: The 'repr' attribute with value False was provided to the `Field()` function, which has no effect in the context it was used. 'repr' is field-specific metadata, and can only be attached to a model field using `Annotated` metadata or by assignment. This may have happened because an `Annotated` type alias using the `type` statement was used, or if the `Field()` function was attached to a single member of a union type.
  warnings.warn(
/usr/local/lib/python3.11/site-packages/pydantic/_internal/_generate_schema.py:2249: UnsupportedFieldAttributeWarning: The 'frozen' attribute with value True was provided to the `Field()` function, which has no effect in the context it was used. 'frozen' is field-specific metadata, and can only be attached to a model field using `Annotated` metadata or by assignment. This may have happened because an `Annotated` type alias using the `type` statement was used, or if the `Field()` function was attached to a single member of a union type.
  warnings.warn(
/usr/local/lib/python3.11/site-packages/torch/distributed/distributed_c10d.py:4876: UserWarning: barrier(): using the device under current context. You can specify `device_id` in `init_process_group` to mute this warning.
  warnings.warn(  # warn only once
[rank0]:[W407 10:08:36.444330933 ProcessGroupNCCL.cpp:5068] Guessing device ID based on global rank. This can cause a hang if rank to GPU mapping is heterogeneous. You can specify device_id in init_process_group()
I0407 10:08:36.904381 140336018408640 logger_utils.py:84] Creating experiment directory at /experiment_runs/submissions_a100/lion/study_1/criteo1tb_pytorch.
I0407 10:08:36.904379 140717292520640 logger_utils.py:84] Creating experiment directory at /experiment_runs/submissions_a100/lion/study_1/criteo1tb_pytorch.
I0407 10:08:36.904375 140563443553472 logger_utils.py:84] Creating experiment directory at /experiment_runs/submissions_a100/lion/study_1/criteo1tb_pytorch.
I0407 10:08:36.904416 140491152676032 logger_utils.py:84] Creating experiment directory at /experiment_runs/submissions_a100/lion/study_1/criteo1tb_pytorch.
I0407 10:08:36.938935 140491152676032 submission_runner.py:741] Creating directory at /experiment_runs/submissions_a100/lion/study_1/criteo1tb_pytorch/trial_1.
I0407 10:08:37.214261 140491152676032 submission_runner.py:242] Initializing dataset.
I0407 10:08:37.214435 140491152676032 submission_runner.py:251] Initializing model.
W0407 10:08:42.984277 140563443553472 submission_runner.py:273] These workloads cannot be fully compiled under current PyTorch version. Proceeding without `torch.compile`.
W0407 10:08:42.984281 140491152676032 submission_runner.py:273] These workloads cannot be fully compiled under current PyTorch version. Proceeding without `torch.compile`.
W0407 10:08:42.984292 140336018408640 submission_runner.py:273] These workloads cannot be fully compiled under current PyTorch version. Proceeding without `torch.compile`.
W0407 10:08:42.984319 140717292520640 submission_runner.py:273] These workloads cannot be fully compiled under current PyTorch version. Proceeding without `torch.compile`.
I0407 10:08:42.984464 140491152676032 submission_runner.py:294] Initializing optimizer.
I0407 10:08:42.984851 140491152676032 submission_runner.py:299] Initializing metrics bundle.
I0407 10:08:42.985017 140491152676032 submission_runner.py:321] Initializing checkpoint and logger.
I0407 10:08:42.989216 140491152676032 submission_runner.py:344] Saving meta data to /experiment_runs/submissions_a100/lion/study_1/criteo1tb_pytorch/trial_1/meta_data_0.json.
I0407 10:08:42.989277 140563443553472 logger_utils.py:283] Unable to record workload.train_mean information. Continuing without it.
I0407 10:08:42.989289 140717292520640 logger_utils.py:283] Unable to record workload.train_mean information. Continuing without it.
I0407 10:08:42.989344 140336018408640 logger_utils.py:283] Unable to record workload.train_mean information. Continuing without it.
I0407 10:08:42.989415 140563443553472 logger_utils.py:283] Unable to record workload.train_stddev information. Continuing without it.
I0407 10:08:42.989426 140717292520640 logger_utils.py:283] Unable to record workload.train_stddev information. Continuing without it.
I0407 10:08:42.989435 140491152676032 logger_utils.py:283] Unable to record workload.train_mean information. Continuing without it.
I0407 10:08:42.989491 140491152676032 logger_utils.py:283] Unable to record workload.train_stddev information. Continuing without it.
I0407 10:08:42.989489 140336018408640 logger_utils.py:283] Unable to record workload.train_stddev information. Continuing without it.
I0407 10:08:43.226706 140491152676032 submission_runner.py:348] Saving flags to /experiment_runs/submissions_a100/lion/study_1/criteo1tb_pytorch/trial_1/flags_0.json.
I0407 10:08:43.273912 140491152676032 submission_runner.py:359] Starting training loop.
I0407 10:08:48.772902 140466882045696 logging_writer.py:48] [0] global_step=0, grad_norm=9.44733, loss=1.36008
I0407 10:08:48.802304 140491152676032 submission.py:218] 0) loss = 1.360, grad_norm = 9.447
I0407 10:08:49.141869 140491152676032 spec.py:333] Evaluating on the training split.
I0407 10:14:00.593769 140491152676032 spec.py:346] Evaluating on the validation split.
I0407 10:19:03.777976 140491152676032 spec.py:363] Evaluating on the test split.
I0407 10:24:52.518911 140491152676032 submission_runner.py:516] Time since start: 969.23s, 	Step: 1, 	{'train/loss': 1.3599543968699659, 'validation/loss': 1.3606033111312057, 'validation/num_examples': 83274637, 'test/loss': 1.3594025039961966, 'test/num_examples': 95000000, 'score': 5.52962589263916, 'total_duration': 969.2304148674011, 'accumulated_submission_time': 5.52962589263916, 'accumulated_eval_time': 963.3623187541962, 'accumulated_logging_time': 0}
I0407 10:24:52.568823 140452502087424 logging_writer.py:48] [1] accumulated_eval_time=963.362, accumulated_logging_time=0, accumulated_submission_time=5.52963, global_step=1, preemption_count=0, score=5.52963, test/loss=1.3594, test/num_examples=95000000, total_duration=969.23, train/loss=1.35995, validation/loss=1.3606, validation/num_examples=83274637
I0407 10:24:53.138640 140452493694720 logging_writer.py:48] [1] global_step=1, grad_norm=9.4441, loss=1.35996
I0407 10:24:53.141824 140491152676032 submission.py:218] 1) loss = 1.360, grad_norm = 9.444
I0407 10:24:53.345001 140452502087424 logging_writer.py:48] [2] global_step=2, grad_norm=9.43259, loss=1.35764
I0407 10:24:53.348130 140491152676032 submission.py:218] 2) loss = 1.358, grad_norm = 9.433
I0407 10:24:53.551671 140452493694720 logging_writer.py:48] [3] global_step=3, grad_norm=9.37972, loss=1.3506
I0407 10:24:53.554752 140491152676032 submission.py:218] 3) loss = 1.351, grad_norm = 9.380
I0407 10:24:53.759981 140452502087424 logging_writer.py:48] [4] global_step=4, grad_norm=9.35214, loss=1.34079
I0407 10:24:53.762897 140491152676032 submission.py:218] 4) loss = 1.341, grad_norm = 9.352
I0407 10:24:53.968126 140452493694720 logging_writer.py:48] [5] global_step=5, grad_norm=9.29533, loss=1.3265
I0407 10:24:53.971276 140491152676032 submission.py:218] 5) loss = 1.327, grad_norm = 9.295
I0407 10:24:54.173600 140452502087424 logging_writer.py:48] [6] global_step=6, grad_norm=9.22849, loss=1.30995
I0407 10:24:54.176599 140491152676032 submission.py:218] 6) loss = 1.310, grad_norm = 9.228
I0407 10:24:54.380491 140452493694720 logging_writer.py:48] [7] global_step=7, grad_norm=9.16134, loss=1.28923
I0407 10:24:54.383444 140491152676032 submission.py:218] 7) loss = 1.289, grad_norm = 9.161
I0407 10:24:54.586735 140452502087424 logging_writer.py:48] [8] global_step=8, grad_norm=9.0795, loss=1.26616
I0407 10:24:54.589699 140491152676032 submission.py:218] 8) loss = 1.266, grad_norm = 9.080
I0407 10:24:54.791608 140452493694720 logging_writer.py:48] [9] global_step=9, grad_norm=8.95607, loss=1.23958
I0407 10:24:54.794613 140491152676032 submission.py:218] 9) loss = 1.240, grad_norm = 8.956
I0407 10:24:54.996376 140452502087424 logging_writer.py:48] [10] global_step=10, grad_norm=8.80919, loss=1.21027
I0407 10:24:54.999490 140491152676032 submission.py:218] 10) loss = 1.210, grad_norm = 8.809
I0407 10:24:55.201632 140452493694720 logging_writer.py:48] [11] global_step=11, grad_norm=8.68062, loss=1.17753
I0407 10:24:55.204622 140491152676032 submission.py:218] 11) loss = 1.178, grad_norm = 8.681
I0407 10:24:55.405120 140452502087424 logging_writer.py:48] [12] global_step=12, grad_norm=8.53634, loss=1.14385
I0407 10:24:55.408170 140491152676032 submission.py:218] 12) loss = 1.144, grad_norm = 8.536
I0407 10:24:55.608868 140452493694720 logging_writer.py:48] [13] global_step=13, grad_norm=8.39455, loss=1.10592
I0407 10:24:55.611877 140491152676032 submission.py:218] 13) loss = 1.106, grad_norm = 8.395
I0407 10:24:55.813836 140452502087424 logging_writer.py:48] [14] global_step=14, grad_norm=8.24064, loss=1.06651
I0407 10:24:55.816790 140491152676032 submission.py:218] 14) loss = 1.067, grad_norm = 8.241
I0407 10:24:56.017677 140452493694720 logging_writer.py:48] [15] global_step=15, grad_norm=8.06797, loss=1.02537
I0407 10:24:56.020733 140491152676032 submission.py:218] 15) loss = 1.025, grad_norm = 8.068
I0407 10:24:56.222875 140452502087424 logging_writer.py:48] [16] global_step=16, grad_norm=7.8621, loss=0.981816
I0407 10:24:56.225965 140491152676032 submission.py:218] 16) loss = 0.982, grad_norm = 7.862
I0407 10:24:56.428553 140452493694720 logging_writer.py:48] [17] global_step=17, grad_norm=7.62764, loss=0.937164
I0407 10:24:56.431658 140491152676032 submission.py:218] 17) loss = 0.937, grad_norm = 7.628
I0407 10:24:56.636218 140452502087424 logging_writer.py:48] [18] global_step=18, grad_norm=7.39627, loss=0.890578
I0407 10:24:56.639185 140491152676032 submission.py:218] 18) loss = 0.891, grad_norm = 7.396
I0407 10:24:56.844097 140452493694720 logging_writer.py:48] [19] global_step=19, grad_norm=7.06972, loss=0.848586
I0407 10:24:56.847275 140491152676032 submission.py:218] 19) loss = 0.849, grad_norm = 7.070
I0407 10:24:57.052215 140452502087424 logging_writer.py:48] [20] global_step=20, grad_norm=6.81065, loss=0.80229
I0407 10:24:57.055339 140491152676032 submission.py:218] 20) loss = 0.802, grad_norm = 6.811
I0407 10:24:57.259073 140452493694720 logging_writer.py:48] [21] global_step=21, grad_norm=6.57437, loss=0.755218
I0407 10:24:57.262096 140491152676032 submission.py:218] 21) loss = 0.755, grad_norm = 6.574
I0407 10:24:57.464916 140452502087424 logging_writer.py:48] [22] global_step=22, grad_norm=6.30973, loss=0.709834
I0407 10:24:57.467826 140491152676032 submission.py:218] 22) loss = 0.710, grad_norm = 6.310
I0407 10:24:57.670809 140452493694720 logging_writer.py:48] [23] global_step=23, grad_norm=6.04365, loss=0.664233
I0407 10:24:57.673889 140491152676032 submission.py:218] 23) loss = 0.664, grad_norm = 6.044
I0407 10:24:57.890207 140452502087424 logging_writer.py:48] [24] global_step=24, grad_norm=5.79339, loss=0.617674
I0407 10:24:57.893384 140491152676032 submission.py:218] 24) loss = 0.618, grad_norm = 5.793
I0407 10:24:58.098284 140452493694720 logging_writer.py:48] [25] global_step=25, grad_norm=5.49022, loss=0.572576
I0407 10:24:58.101318 140491152676032 submission.py:218] 25) loss = 0.573, grad_norm = 5.490
I0407 10:24:58.305099 140452502087424 logging_writer.py:48] [26] global_step=26, grad_norm=5.19468, loss=0.530577
I0407 10:24:58.308124 140491152676032 submission.py:218] 26) loss = 0.531, grad_norm = 5.195
I0407 10:24:58.512657 140452493694720 logging_writer.py:48] [27] global_step=27, grad_norm=4.86661, loss=0.488914
I0407 10:24:58.515683 140491152676032 submission.py:218] 27) loss = 0.489, grad_norm = 4.867
I0407 10:24:58.718560 140452502087424 logging_writer.py:48] [28] global_step=28, grad_norm=4.52335, loss=0.447747
I0407 10:24:58.721879 140491152676032 submission.py:218] 28) loss = 0.448, grad_norm = 4.523
I0407 10:24:58.926888 140452493694720 logging_writer.py:48] [29] global_step=29, grad_norm=4.11711, loss=0.411479
I0407 10:24:58.929930 140491152676032 submission.py:218] 29) loss = 0.411, grad_norm = 4.117
I0407 10:24:59.132286 140452502087424 logging_writer.py:48] [30] global_step=30, grad_norm=3.73363, loss=0.375833
I0407 10:24:59.135336 140491152676032 submission.py:218] 30) loss = 0.376, grad_norm = 3.734
I0407 10:24:59.341576 140452493694720 logging_writer.py:48] [31] global_step=31, grad_norm=3.31242, loss=0.344999
I0407 10:24:59.344501 140491152676032 submission.py:218] 31) loss = 0.345, grad_norm = 3.312
I0407 10:24:59.863115 140452502087424 logging_writer.py:48] [32] global_step=32, grad_norm=2.94112, loss=0.317088
I0407 10:24:59.866172 140491152676032 submission.py:218] 32) loss = 0.317, grad_norm = 2.941
I0407 10:25:01.085817 140452493694720 logging_writer.py:48] [33] global_step=33, grad_norm=2.56585, loss=0.29217
I0407 10:25:01.088812 140491152676032 submission.py:218] 33) loss = 0.292, grad_norm = 2.566
I0407 10:25:02.108557 140452502087424 logging_writer.py:48] [34] global_step=34, grad_norm=2.21291, loss=0.270586
I0407 10:25:02.111677 140491152676032 submission.py:218] 34) loss = 0.271, grad_norm = 2.213
I0407 10:25:02.827957 140452493694720 logging_writer.py:48] [35] global_step=35, grad_norm=1.84503, loss=0.252227
I0407 10:25:02.830987 140491152676032 submission.py:218] 35) loss = 0.252, grad_norm = 1.845
I0407 10:25:04.023067 140452502087424 logging_writer.py:48] [36] global_step=36, grad_norm=1.48608, loss=0.23792
I0407 10:25:04.026128 140491152676032 submission.py:218] 36) loss = 0.238, grad_norm = 1.486
I0407 10:25:04.960632 140452493694720 logging_writer.py:48] [37] global_step=37, grad_norm=1.14174, loss=0.224413
I0407 10:25:04.963696 140491152676032 submission.py:218] 37) loss = 0.224, grad_norm = 1.142
I0407 10:25:06.008763 140452502087424 logging_writer.py:48] [38] global_step=38, grad_norm=0.898876, loss=0.207595
I0407 10:25:06.011795 140491152676032 submission.py:218] 38) loss = 0.208, grad_norm = 0.899
I0407 10:25:06.871186 140452493694720 logging_writer.py:48] [39] global_step=39, grad_norm=0.661575, loss=0.197086
I0407 10:25:06.874314 140491152676032 submission.py:218] 39) loss = 0.197, grad_norm = 0.662
I0407 10:25:07.882592 140452502087424 logging_writer.py:48] [40] global_step=40, grad_norm=0.396665, loss=0.194069
I0407 10:25:07.885630 140491152676032 submission.py:218] 40) loss = 0.194, grad_norm = 0.397
I0407 10:25:08.861817 140452493694720 logging_writer.py:48] [41] global_step=41, grad_norm=0.236001, loss=0.191325
I0407 10:25:08.864827 140491152676032 submission.py:218] 41) loss = 0.191, grad_norm = 0.236
I0407 10:25:09.869869 140452502087424 logging_writer.py:48] [42] global_step=42, grad_norm=0.277579, loss=0.189977
I0407 10:25:09.872842 140491152676032 submission.py:218] 42) loss = 0.190, grad_norm = 0.278
I0407 10:25:11.167406 140452493694720 logging_writer.py:48] [43] global_step=43, grad_norm=0.462929, loss=0.194222
I0407 10:25:11.170477 140491152676032 submission.py:218] 43) loss = 0.194, grad_norm = 0.463
I0407 10:25:12.251211 140452502087424 logging_writer.py:48] [44] global_step=44, grad_norm=0.61421, loss=0.195708
I0407 10:25:12.254257 140491152676032 submission.py:218] 44) loss = 0.196, grad_norm = 0.614
I0407 10:25:13.125484 140452493694720 logging_writer.py:48] [45] global_step=45, grad_norm=0.804149, loss=0.204791
I0407 10:25:13.128627 140491152676032 submission.py:218] 45) loss = 0.205, grad_norm = 0.804
I0407 10:25:14.061547 140452502087424 logging_writer.py:48] [46] global_step=46, grad_norm=0.927812, loss=0.207499
I0407 10:25:14.064529 140491152676032 submission.py:218] 46) loss = 0.207, grad_norm = 0.928
I0407 10:25:15.202757 140452493694720 logging_writer.py:48] [47] global_step=47, grad_norm=1.08392, loss=0.218091
I0407 10:25:15.205779 140491152676032 submission.py:218] 47) loss = 0.218, grad_norm = 1.084
I0407 10:25:16.234052 140452502087424 logging_writer.py:48] [48] global_step=48, grad_norm=1.23449, loss=0.230115
I0407 10:25:16.237102 140491152676032 submission.py:218] 48) loss = 0.230, grad_norm = 1.234
I0407 10:25:17.245367 140452493694720 logging_writer.py:48] [49] global_step=49, grad_norm=1.42062, loss=0.24926
I0407 10:25:17.248394 140491152676032 submission.py:218] 49) loss = 0.249, grad_norm = 1.421
I0407 10:25:18.381618 140452502087424 logging_writer.py:48] [50] global_step=50, grad_norm=1.51451, loss=0.258051
I0407 10:25:18.384607 140491152676032 submission.py:218] 50) loss = 0.258, grad_norm = 1.515
I0407 10:25:19.255546 140452493694720 logging_writer.py:48] [51] global_step=51, grad_norm=1.68076, loss=0.278282
I0407 10:25:19.258569 140491152676032 submission.py:218] 51) loss = 0.278, grad_norm = 1.681
I0407 10:25:20.730683 140452502087424 logging_writer.py:48] [52] global_step=52, grad_norm=1.81617, loss=0.296681
I0407 10:25:20.733810 140491152676032 submission.py:218] 52) loss = 0.297, grad_norm = 1.816
I0407 10:25:21.687578 140452493694720 logging_writer.py:48] [53] global_step=53, grad_norm=1.96063, loss=0.318237
I0407 10:25:21.690576 140491152676032 submission.py:218] 53) loss = 0.318, grad_norm = 1.961
I0407 10:25:22.706086 140452502087424 logging_writer.py:48] [54] global_step=54, grad_norm=2.03265, loss=0.328488
I0407 10:25:22.709076 140491152676032 submission.py:218] 54) loss = 0.328, grad_norm = 2.033
I0407 10:25:23.803307 140452493694720 logging_writer.py:48] [55] global_step=55, grad_norm=2.16874, loss=0.350653
I0407 10:25:23.806320 140491152676032 submission.py:218] 55) loss = 0.351, grad_norm = 2.169
I0407 10:25:24.889021 140452502087424 logging_writer.py:48] [56] global_step=56, grad_norm=2.2816, loss=0.36893
I0407 10:25:24.892017 140491152676032 submission.py:218] 56) loss = 0.369, grad_norm = 2.282
I0407 10:25:25.871289 140452493694720 logging_writer.py:48] [57] global_step=57, grad_norm=2.21975, loss=0.363676
I0407 10:25:25.874314 140491152676032 submission.py:218] 57) loss = 0.364, grad_norm = 2.220
I0407 10:25:27.023506 140452502087424 logging_writer.py:48] [58] global_step=58, grad_norm=2.36097, loss=0.387238
I0407 10:25:27.026586 140491152676032 submission.py:218] 58) loss = 0.387, grad_norm = 2.361
I0407 10:25:28.610689 140452493694720 logging_writer.py:48] [59] global_step=59, grad_norm=2.38386, loss=0.395006
I0407 10:25:28.613790 140491152676032 submission.py:218] 59) loss = 0.395, grad_norm = 2.384
I0407 10:25:29.640175 140452502087424 logging_writer.py:48] [60] global_step=60, grad_norm=2.52277, loss=0.41913
I0407 10:25:29.643146 140491152676032 submission.py:218] 60) loss = 0.419, grad_norm = 2.523
I0407 10:25:30.881145 140452493694720 logging_writer.py:48] [61] global_step=61, grad_norm=2.56438, loss=0.427589
I0407 10:25:30.884182 140491152676032 submission.py:218] 61) loss = 0.428, grad_norm = 2.564
I0407 10:25:31.972761 140452502087424 logging_writer.py:48] [62] global_step=62, grad_norm=2.55751, loss=0.430386
I0407 10:25:31.975852 140491152676032 submission.py:218] 62) loss = 0.430, grad_norm = 2.558
I0407 10:25:32.957504 140452493694720 logging_writer.py:48] [63] global_step=63, grad_norm=2.68365, loss=0.451095
I0407 10:25:32.960558 140491152676032 submission.py:218] 63) loss = 0.451, grad_norm = 2.684
I0407 10:25:34.124896 140452502087424 logging_writer.py:48] [64] global_step=64, grad_norm=2.80058, loss=0.471943
I0407 10:25:34.127941 140491152676032 submission.py:218] 64) loss = 0.472, grad_norm = 2.801
I0407 10:25:35.293743 140452493694720 logging_writer.py:48] [65] global_step=65, grad_norm=2.70243, loss=0.455822
I0407 10:25:35.296776 140491152676032 submission.py:218] 65) loss = 0.456, grad_norm = 2.702
I0407 10:25:36.197743 140452502087424 logging_writer.py:48] [66] global_step=66, grad_norm=2.70895, loss=0.456391
I0407 10:25:36.200886 140491152676032 submission.py:218] 66) loss = 0.456, grad_norm = 2.709
I0407 10:25:37.724780 140452493694720 logging_writer.py:48] [67] global_step=67, grad_norm=2.68879, loss=0.452301
I0407 10:25:37.727783 140491152676032 submission.py:218] 67) loss = 0.452, grad_norm = 2.689
I0407 10:25:38.862039 140452502087424 logging_writer.py:48] [68] global_step=68, grad_norm=2.63483, loss=0.442641
I0407 10:25:38.865079 140491152676032 submission.py:218] 68) loss = 0.443, grad_norm = 2.635
I0407 10:25:39.862185 140452493694720 logging_writer.py:48] [69] global_step=69, grad_norm=2.67703, loss=0.447914
I0407 10:25:39.865159 140491152676032 submission.py:218] 69) loss = 0.448, grad_norm = 2.677
I0407 10:25:41.190881 140452502087424 logging_writer.py:48] [70] global_step=70, grad_norm=2.55115, loss=0.425912
I0407 10:25:41.193941 140491152676032 submission.py:218] 70) loss = 0.426, grad_norm = 2.551
I0407 10:25:42.132570 140452493694720 logging_writer.py:48] [71] global_step=71, grad_norm=2.45836, loss=0.407891
I0407 10:25:42.135555 140491152676032 submission.py:218] 71) loss = 0.408, grad_norm = 2.458
I0407 10:25:43.082971 140452502087424 logging_writer.py:48] [72] global_step=72, grad_norm=2.39744, loss=0.395911
I0407 10:25:43.086579 140491152676032 submission.py:218] 72) loss = 0.396, grad_norm = 2.397
I0407 10:25:44.185217 140452493694720 logging_writer.py:48] [73] global_step=73, grad_norm=2.37092, loss=0.390014
I0407 10:25:44.188191 140491152676032 submission.py:218] 73) loss = 0.390, grad_norm = 2.371
I0407 10:25:45.239884 140452502087424 logging_writer.py:48] [74] global_step=74, grad_norm=2.27585, loss=0.372365
I0407 10:25:45.242830 140491152676032 submission.py:218] 74) loss = 0.372, grad_norm = 2.276
I0407 10:25:46.222925 140452493694720 logging_writer.py:48] [75] global_step=75, grad_norm=2.22178, loss=0.3617
I0407 10:25:46.226327 140491152676032 submission.py:218] 75) loss = 0.362, grad_norm = 2.222
I0407 10:25:47.042379 140452502087424 logging_writer.py:48] [76] global_step=76, grad_norm=2.45081, loss=0.393618
I0407 10:25:47.045438 140491152676032 submission.py:218] 76) loss = 0.394, grad_norm = 2.451
I0407 10:25:48.585119 140452493694720 logging_writer.py:48] [77] global_step=77, grad_norm=2.4993, loss=0.397188
I0407 10:25:48.588148 140491152676032 submission.py:218] 77) loss = 0.397, grad_norm = 2.499
I0407 10:25:49.389400 140452502087424 logging_writer.py:48] [78] global_step=78, grad_norm=2.34894, loss=0.37137
I0407 10:25:49.392362 140491152676032 submission.py:218] 78) loss = 0.371, grad_norm = 2.349
I0407 10:25:50.933073 140452493694720 logging_writer.py:48] [79] global_step=79, grad_norm=2.25785, loss=0.354709
I0407 10:25:50.936105 140491152676032 submission.py:218] 79) loss = 0.355, grad_norm = 2.258
I0407 10:25:51.733044 140452502087424 logging_writer.py:48] [80] global_step=80, grad_norm=2.20344, loss=0.343886
I0407 10:25:51.736020 140491152676032 submission.py:218] 80) loss = 0.344, grad_norm = 2.203
I0407 10:25:52.915429 140452493694720 logging_writer.py:48] [81] global_step=81, grad_norm=2.07784, loss=0.323287
I0407 10:25:52.918434 140491152676032 submission.py:218] 81) loss = 0.323, grad_norm = 2.078
I0407 10:25:53.871755 140452502087424 logging_writer.py:48] [82] global_step=82, grad_norm=1.96162, loss=0.304353
I0407 10:25:53.876819 140491152676032 submission.py:218] 82) loss = 0.304, grad_norm = 1.962
I0407 10:25:55.018190 140452493694720 logging_writer.py:48] [83] global_step=83, grad_norm=1.84073, loss=0.287365
I0407 10:25:55.021270 140491152676032 submission.py:218] 83) loss = 0.287, grad_norm = 1.841
I0407 10:25:55.947157 140452502087424 logging_writer.py:48] [84] global_step=84, grad_norm=1.67859, loss=0.264907
I0407 10:25:55.950171 140491152676032 submission.py:218] 84) loss = 0.265, grad_norm = 1.679
I0407 10:25:57.151306 140452493694720 logging_writer.py:48] [85] global_step=85, grad_norm=1.53185, loss=0.246702
I0407 10:25:57.154304 140491152676032 submission.py:218] 85) loss = 0.247, grad_norm = 1.532
I0407 10:25:58.402791 140452502087424 logging_writer.py:48] [86] global_step=86, grad_norm=1.40687, loss=0.23457
I0407 10:25:58.405780 140491152676032 submission.py:218] 86) loss = 0.235, grad_norm = 1.407
I0407 10:25:59.321748 140452493694720 logging_writer.py:48] [87] global_step=87, grad_norm=1.245, loss=0.219793
I0407 10:25:59.325011 140491152676032 submission.py:218] 87) loss = 0.220, grad_norm = 1.245
I0407 10:26:00.209570 140452502087424 logging_writer.py:48] [88] global_step=88, grad_norm=1.09436, loss=0.209478
I0407 10:26:00.212604 140491152676032 submission.py:218] 88) loss = 0.209, grad_norm = 1.094
I0407 10:26:01.719386 140452493694720 logging_writer.py:48] [89] global_step=89, grad_norm=0.823946, loss=0.189811
I0407 10:26:01.722405 140491152676032 submission.py:218] 89) loss = 0.190, grad_norm = 0.824
I0407 10:26:02.643025 140452502087424 logging_writer.py:48] [90] global_step=90, grad_norm=0.615017, loss=0.18237
I0407 10:26:02.645992 140491152676032 submission.py:218] 90) loss = 0.182, grad_norm = 0.615
I0407 10:26:03.782227 140452493694720 logging_writer.py:48] [91] global_step=91, grad_norm=0.382136, loss=0.176355
I0407 10:26:03.785183 140491152676032 submission.py:218] 91) loss = 0.176, grad_norm = 0.382
I0407 10:26:04.772131 140452502087424 logging_writer.py:48] [92] global_step=92, grad_norm=0.204202, loss=0.177764
I0407 10:26:04.775079 140491152676032 submission.py:218] 92) loss = 0.178, grad_norm = 0.204
I0407 10:26:06.194844 140452493694720 logging_writer.py:48] [93] global_step=93, grad_norm=0.252177, loss=0.175811
I0407 10:26:06.197946 140491152676032 submission.py:218] 93) loss = 0.176, grad_norm = 0.252
I0407 10:26:07.290713 140452502087424 logging_writer.py:48] [94] global_step=94, grad_norm=0.490587, loss=0.178812
I0407 10:26:07.293740 140491152676032 submission.py:218] 94) loss = 0.179, grad_norm = 0.491
I0407 10:26:08.182837 140452493694720 logging_writer.py:48] [95] global_step=95, grad_norm=0.786839, loss=0.175709
I0407 10:26:08.185861 140491152676032 submission.py:218] 95) loss = 0.176, grad_norm = 0.787
I0407 10:26:09.244419 140452502087424 logging_writer.py:48] [96] global_step=96, grad_norm=1.04559, loss=0.180063
I0407 10:26:09.247414 140491152676032 submission.py:218] 96) loss = 0.180, grad_norm = 1.046
I0407 10:26:10.277648 140452493694720 logging_writer.py:48] [97] global_step=97, grad_norm=1.29255, loss=0.187011
I0407 10:26:10.280559 140491152676032 submission.py:218] 97) loss = 0.187, grad_norm = 1.293
I0407 10:26:11.173908 140452502087424 logging_writer.py:48] [98] global_step=98, grad_norm=1.5259, loss=0.192346
I0407 10:26:11.176768 140491152676032 submission.py:218] 98) loss = 0.192, grad_norm = 1.526
I0407 10:26:13.005261 140452493694720 logging_writer.py:48] [99] global_step=99, grad_norm=1.67873, loss=0.201615
I0407 10:26:13.008259 140491152676032 submission.py:218] 99) loss = 0.202, grad_norm = 1.679
I0407 10:26:13.982534 140452502087424 logging_writer.py:48] [100] global_step=100, grad_norm=1.78264, loss=0.20404
I0407 10:26:13.985738 140491152676032 submission.py:218] 100) loss = 0.204, grad_norm = 1.783
I0407 10:30:49.242897 140491152676032 spec.py:333] Evaluating on the training split.
I0407 10:35:57.615368 140491152676032 spec.py:346] Evaluating on the validation split.
I0407 10:40:07.359144 140491152676032 spec.py:363] Evaluating on the test split.
I0407 10:44:34.978675 140491152676032 submission_runner.py:516] Time since start: 2151.70s, 	Step: 352, 	{'train/loss': 0.12981400808446605, 'validation/loss': 0.1299890403564077, 'validation/num_examples': 83274637, 'test/loss': 0.13243766660284745, 'test/num_examples': 95000000, 'score': 361.4228310585022, 'total_duration': 2151.7049510478973, 'accumulated_submission_time': 361.4228310585022, 'accumulated_eval_time': 1789.0981223583221, 'accumulated_logging_time': 0.05726170539855957}
I0407 10:44:35.016887 140452493694720 logging_writer.py:48] [352] accumulated_eval_time=1789.1, accumulated_logging_time=0.0572617, accumulated_submission_time=361.423, global_step=352, preemption_count=0, score=361.423, test/loss=0.132438, test/num_examples=95000000, total_duration=2151.7, train/loss=0.129814, validation/loss=0.129989, validation/num_examples=83274637
I0407 10:46:49.693923 140452502087424 logging_writer.py:48] [500] global_step=500, grad_norm=0.0882299, loss=0.132348
I0407 10:46:49.697262 140491152676032 submission.py:218] 500) loss = 0.132, grad_norm = 0.088
I0407 10:50:31.613763 140491152676032 spec.py:333] Evaluating on the training split.
I0407 10:55:22.728478 140491152676032 spec.py:346] Evaluating on the validation split.
I0407 10:59:21.647541 140491152676032 spec.py:363] Evaluating on the test split.
I0407 11:03:49.811912 140491152676032 submission_runner.py:516] Time since start: 3306.54s, 	Step: 704, 	{'train/loss': 0.12754811081498826, 'validation/loss': 0.12787813133118373, 'validation/num_examples': 83274637, 'test/loss': 0.13047250894213225, 'test/num_examples': 95000000, 'score': 717.2312772274017, 'total_duration': 3306.5382101535797, 'accumulated_submission_time': 717.2312772274017, 'accumulated_eval_time': 2587.29634809494, 'accumulated_logging_time': 0.10217046737670898}
I0407 11:03:49.850849 140452493694720 logging_writer.py:48] [704] accumulated_eval_time=2587.3, accumulated_logging_time=0.10217, accumulated_submission_time=717.231, global_step=704, preemption_count=0, score=717.231, test/loss=0.130473, test/num_examples=95000000, total_duration=3306.54, train/loss=0.127548, validation/loss=0.127878, validation/num_examples=83274637
I0407 11:08:47.466982 140452502087424 logging_writer.py:48] [1000] global_step=1000, grad_norm=0.0753917, loss=0.12922
I0407 11:08:47.470428 140491152676032 submission.py:218] 1000) loss = 0.129, grad_norm = 0.075
I0407 11:09:46.506968 140491152676032 spec.py:333] Evaluating on the training split.
I0407 11:14:48.619942 140491152676032 spec.py:346] Evaluating on the validation split.
I0407 11:18:48.396270 140491152676032 spec.py:363] Evaluating on the test split.
I0407 11:23:16.513761 140491152676032 submission_runner.py:516] Time since start: 4473.24s, 	Step: 1053, 	{'train/loss': 0.12722548666700922, 'validation/loss': 0.12692864071638407, 'validation/num_examples': 83274637, 'test/loss': 0.12943619548789576, 'test/num_examples': 95000000, 'score': 1073.0823872089386, 'total_duration': 4473.24004650116, 'accumulated_submission_time': 1073.0823872089386, 'accumulated_eval_time': 3397.303240299225, 'accumulated_logging_time': 0.14813637733459473}
I0407 11:23:16.553717 140452493694720 logging_writer.py:48] [1053] accumulated_eval_time=3397.3, accumulated_logging_time=0.148136, accumulated_submission_time=1073.08, global_step=1053, preemption_count=0, score=1073.08, test/loss=0.129436, test/num_examples=95000000, total_duration=4473.24, train/loss=0.127225, validation/loss=0.126929, validation/num_examples=83274637
I0407 11:29:13.900582 140491152676032 spec.py:333] Evaluating on the training split.
I0407 11:34:09.998737 140491152676032 spec.py:346] Evaluating on the validation split.
I0407 11:38:07.189687 140491152676032 spec.py:363] Evaluating on the test split.
I0407 11:42:32.428271 140491152676032 submission_runner.py:516] Time since start: 5629.15s, 	Step: 1396, 	{'train/loss': 0.12509587120258173, 'validation/loss': 0.12628012442735925, 'validation/num_examples': 83274637, 'test/loss': 0.12867601254272462, 'test/num_examples': 95000000, 'score': 1429.6252765655518, 'total_duration': 5629.154563426971, 'accumulated_submission_time': 1429.6252765655518, 'accumulated_eval_time': 4195.83104300499, 'accumulated_logging_time': 0.19505023956298828}
I0407 11:42:32.468992 140452502087424 logging_writer.py:48] [1396] accumulated_eval_time=4195.83, accumulated_logging_time=0.19505, accumulated_submission_time=1429.63, global_step=1396, preemption_count=0, score=1429.63, test/loss=0.128676, test/num_examples=95000000, total_duration=5629.15, train/loss=0.125096, validation/loss=0.12628, validation/num_examples=83274637
I0407 11:44:00.732639 140452493694720 logging_writer.py:48] [1500] global_step=1500, grad_norm=0.0544471, loss=0.129348
I0407 11:44:00.735803 140491152676032 submission.py:218] 1500) loss = 0.129, grad_norm = 0.054
I0407 11:48:29.732767 140491152676032 spec.py:333] Evaluating on the training split.
I0407 11:53:23.582263 140491152676032 spec.py:346] Evaluating on the validation split.
I0407 11:57:19.198046 140491152676032 spec.py:363] Evaluating on the test split.
I0407 12:01:43.662136 140491152676032 submission_runner.py:516] Time since start: 6780.39s, 	Step: 1751, 	{'train/loss': 0.12595815293325252, 'validation/loss': 0.12600418163070237, 'validation/num_examples': 83274637, 'test/loss': 0.1283581452876041, 'test/num_examples': 95000000, 'score': 1786.1049778461456, 'total_duration': 6780.388432741165, 'accumulated_submission_time': 1786.1049778461456, 'accumulated_eval_time': 4989.7604722976685, 'accumulated_logging_time': 0.24244236946105957}
I0407 12:01:43.700656 140452502087424 logging_writer.py:48] [1751] accumulated_eval_time=4989.76, accumulated_logging_time=0.242442, accumulated_submission_time=1786.1, global_step=1751, preemption_count=0, score=1786.1, test/loss=0.128358, test/num_examples=95000000, total_duration=6780.39, train/loss=0.125958, validation/loss=0.126004, validation/num_examples=83274637
I0407 12:05:39.103290 140452493694720 logging_writer.py:48] [2000] global_step=2000, grad_norm=0.0586531, loss=0.129698
I0407 12:05:39.106450 140491152676032 submission.py:218] 2000) loss = 0.130, grad_norm = 0.059
I0407 12:07:40.133943 140491152676032 spec.py:333] Evaluating on the training split.
I0407 12:12:25.186558 140491152676032 spec.py:346] Evaluating on the validation split.
I0407 12:16:19.235546 140491152676032 spec.py:363] Evaluating on the test split.
I0407 12:20:43.604921 140491152676032 submission_runner.py:516] Time since start: 7920.33s, 	Step: 2113, 	{'train/loss': 0.12645878584697454, 'validation/loss': 0.12630122735187763, 'validation/num_examples': 83274637, 'test/loss': 0.12885374246826173, 'test/num_examples': 95000000, 'score': 2141.757979154587, 'total_duration': 7920.33119225502, 'accumulated_submission_time': 2141.757979154587, 'accumulated_eval_time': 5773.231486320496, 'accumulated_logging_time': 0.28757333755493164}
I0407 12:20:43.645117 140452502087424 logging_writer.py:48] [2113] accumulated_eval_time=5773.23, accumulated_logging_time=0.287573, accumulated_submission_time=2141.76, global_step=2113, preemption_count=0, score=2141.76, test/loss=0.128854, test/num_examples=95000000, total_duration=7920.33, train/loss=0.126459, validation/loss=0.126301, validation/num_examples=83274637
I0407 12:26:40.620275 140491152676032 spec.py:333] Evaluating on the training split.
I0407 12:31:12.690684 140491152676032 spec.py:346] Evaluating on the validation split.
I0407 12:35:03.557119 140491152676032 spec.py:363] Evaluating on the test split.
I0407 12:39:26.479688 140491152676032 submission_runner.py:516] Time since start: 9043.21s, 	Step: 2470, 	{'train/loss': 0.1232808534231476, 'validation/loss': 0.12561652708676707, 'validation/num_examples': 83274637, 'test/loss': 0.12806435950333445, 'test/num_examples': 95000000, 'score': 2497.9548845291138, 'total_duration': 9043.20596075058, 'accumulated_submission_time': 2497.9548845291138, 'accumulated_eval_time': 6539.090937614441, 'accumulated_logging_time': 0.33455944061279297}
I0407 12:39:26.524933 140452493694720 logging_writer.py:48] [2470] accumulated_eval_time=6539.09, accumulated_logging_time=0.334559, accumulated_submission_time=2497.95, global_step=2470, preemption_count=0, score=2497.95, test/loss=0.128064, test/num_examples=95000000, total_duration=9043.21, train/loss=0.123281, validation/loss=0.125617, validation/num_examples=83274637
I0407 12:39:33.088827 140452502087424 logging_writer.py:48] [2500] global_step=2500, grad_norm=0.0433544, loss=0.124725
I0407 12:39:33.091750 140491152676032 submission.py:218] 2500) loss = 0.125, grad_norm = 0.043
I0407 12:45:23.766495 140491152676032 spec.py:333] Evaluating on the training split.
I0407 12:49:33.602179 140491152676032 spec.py:346] Evaluating on the validation split.
I0407 12:53:17.536857 140491152676032 spec.py:363] Evaluating on the test split.
I0407 12:57:36.090164 140491152676032 submission_runner.py:516] Time since start: 10132.82s, 	Step: 2841, 	{'train/loss': 0.12392605294202483, 'validation/loss': 0.1255660759685777, 'validation/num_examples': 83274637, 'test/loss': 0.12807646594029476, 'test/num_examples': 95000000, 'score': 2854.4103920459747, 'total_duration': 10132.81645989418, 'accumulated_submission_time': 2854.4103920459747, 'accumulated_eval_time': 7271.414686918259, 'accumulated_logging_time': 0.387101411819458}
I0407 12:57:36.137577 140452493694720 logging_writer.py:48] [2841] accumulated_eval_time=7271.41, accumulated_logging_time=0.387101, accumulated_submission_time=2854.41, global_step=2841, preemption_count=0, score=2854.41, test/loss=0.128076, test/num_examples=95000000, total_duration=10132.8, train/loss=0.123926, validation/loss=0.125566, validation/num_examples=83274637
I0407 12:59:54.115626 140452502087424 logging_writer.py:48] [3000] global_step=3000, grad_norm=0.0265163, loss=0.13256
I0407 12:59:54.119049 140491152676032 submission.py:218] 3000) loss = 0.133, grad_norm = 0.027
I0407 13:03:33.147146 140491152676032 spec.py:333] Evaluating on the training split.
I0407 13:07:42.887373 140491152676032 spec.py:346] Evaluating on the validation split.
I0407 13:11:19.395629 140491152676032 spec.py:363] Evaluating on the test split.
I0407 13:15:35.589961 140491152676032 submission_runner.py:516] Time since start: 11212.32s, 	Step: 3208, 	{'train/loss': 0.12455177059484682, 'validation/loss': 0.12540812972820536, 'validation/num_examples': 83274637, 'test/loss': 0.12774623737295052, 'test/num_examples': 95000000, 'score': 3210.619560956955, 'total_duration': 11212.316276788712, 'accumulated_submission_time': 3210.619560956955, 'accumulated_eval_time': 7993.857587099075, 'accumulated_logging_time': 0.4409956932067871}
I0407 13:15:35.631824 140452493694720 logging_writer.py:48] [3208] accumulated_eval_time=7993.86, accumulated_logging_time=0.440996, accumulated_submission_time=3210.62, global_step=3208, preemption_count=0, score=3210.62, test/loss=0.127746, test/num_examples=95000000, total_duration=11212.3, train/loss=0.124552, validation/loss=0.125408, validation/num_examples=83274637
I0407 13:20:19.115622 140452502087424 logging_writer.py:48] [3500] global_step=3500, grad_norm=0.0263804, loss=0.118473
I0407 13:20:19.118838 140491152676032 submission.py:218] 3500) loss = 0.118, grad_norm = 0.026
I0407 13:21:32.426332 140491152676032 spec.py:333] Evaluating on the training split.
I0407 13:25:13.739598 140491152676032 spec.py:346] Evaluating on the validation split.
I0407 13:28:26.801002 140491152676032 spec.py:363] Evaluating on the test split.
I0407 13:32:32.066192 140491152676032 submission_runner.py:516] Time since start: 12228.79s, 	Step: 3572, 	{'train/loss': 0.12306502688868137, 'validation/loss': 0.125205291023318, 'validation/num_examples': 83274637, 'test/loss': 0.12761461762550755, 'test/num_examples': 95000000, 'score': 3566.6184475421906, 'total_duration': 12228.792499780655, 'accumulated_submission_time': 3566.6184475421906, 'accumulated_eval_time': 8653.497534275055, 'accumulated_logging_time': 0.4894716739654541}
I0407 13:32:32.103367 140452493694720 logging_writer.py:48] [3572] accumulated_eval_time=8653.5, accumulated_logging_time=0.489472, accumulated_submission_time=3566.62, global_step=3572, preemption_count=0, score=3566.62, test/loss=0.127615, test/num_examples=95000000, total_duration=12228.8, train/loss=0.123065, validation/loss=0.125205, validation/num_examples=83274637
I0407 13:38:28.974471 140491152676032 spec.py:333] Evaluating on the training split.
I0407 13:41:09.139535 140491152676032 spec.py:346] Evaluating on the validation split.
I0407 13:43:37.197578 140491152676032 spec.py:363] Evaluating on the test split.
I0407 13:47:20.089977 140491152676032 submission_runner.py:516] Time since start: 13116.82s, 	Step: 3933, 	{'train/loss': 0.12287036880752585, 'validation/loss': 0.12517540669878513, 'validation/num_examples': 83274637, 'test/loss': 0.12757337286762438, 'test/num_examples': 95000000, 'score': 3922.7091977596283, 'total_duration': 13116.816286563873, 'accumulated_submission_time': 3922.7091977596283, 'accumulated_eval_time': 9184.6131067276, 'accumulated_logging_time': 0.533043622970581}
I0407 13:47:20.143225 140452502087424 logging_writer.py:48] [3933] accumulated_eval_time=9184.61, accumulated_logging_time=0.533044, accumulated_submission_time=3922.71, global_step=3933, preemption_count=0, score=3922.71, test/loss=0.127573, test/num_examples=95000000, total_duration=13116.8, train/loss=0.12287, validation/loss=0.125175, validation/num_examples=83274637
I0407 13:48:03.741584 140452493694720 logging_writer.py:48] [4000] global_step=4000, grad_norm=0.0205087, loss=0.119505
I0407 13:48:03.744710 140491152676032 submission.py:218] 4000) loss = 0.120, grad_norm = 0.021
I0407 13:53:16.663226 140491152676032 spec.py:333] Evaluating on the training split.
I0407 13:55:04.102834 140491152676032 spec.py:346] Evaluating on the validation split.
I0407 13:57:32.707492 140491152676032 spec.py:363] Evaluating on the test split.
I0407 14:00:33.363326 140491152676032 submission_runner.py:516] Time since start: 13910.09s, 	Step: 4303, 	{'train/loss': 0.12351441261848314, 'validation/loss': 0.1251000564246839, 'validation/num_examples': 83274637, 'test/loss': 0.12745672756395843, 'test/num_examples': 95000000, 'score': 4278.440266132355, 'total_duration': 13910.089606046677, 'accumulated_submission_time': 4278.440266132355, 'accumulated_eval_time': 9621.31325507164, 'accumulated_logging_time': 0.5927896499633789}
I0407 14:00:33.415824 140452502087424 logging_writer.py:48] [4303] accumulated_eval_time=9621.31, accumulated_logging_time=0.59279, accumulated_submission_time=4278.44, global_step=4303, preemption_count=0, score=4278.44, test/loss=0.127457, test/num_examples=95000000, total_duration=13910.1, train/loss=0.123514, validation/loss=0.1251, validation/num_examples=83274637
I0407 14:03:38.845163 140452493694720 logging_writer.py:48] [4500] global_step=4500, grad_norm=0.0242357, loss=0.131956
I0407 14:03:38.848337 140491152676032 submission.py:218] 4500) loss = 0.132, grad_norm = 0.024
I0407 14:06:29.951502 140491152676032 spec.py:333] Evaluating on the training split.
I0407 14:07:29.537866 140491152676032 spec.py:346] Evaluating on the validation split.
I0407 14:09:58.416831 140491152676032 spec.py:363] Evaluating on the test split.
I0407 14:12:58.434392 140491152676032 submission_runner.py:516] Time since start: 14655.16s, 	Step: 4669, 	{'train/loss': 0.12460527717521165, 'validation/loss': 0.12517451120799444, 'validation/num_examples': 83274637, 'test/loss': 0.12753281793534127, 'test/num_examples': 95000000, 'score': 4634.185534477234, 'total_duration': 14655.160671949387, 'accumulated_submission_time': 4634.185534477234, 'accumulated_eval_time': 10009.79619884491, 'accumulated_logging_time': 0.6520419120788574}
I0407 14:12:58.474931 140452502087424 logging_writer.py:48] [4669] accumulated_eval_time=10009.8, accumulated_logging_time=0.652042, accumulated_submission_time=4634.19, global_step=4669, preemption_count=0, score=4634.19, test/loss=0.127533, test/num_examples=95000000, total_duration=14655.2, train/loss=0.124605, validation/loss=0.125175, validation/num_examples=83274637
I0407 14:18:11.129646 140452493694720 logging_writer.py:48] [5000] global_step=5000, grad_norm=0.0115911, loss=0.130551
I0407 14:18:11.132881 140491152676032 submission.py:218] 5000) loss = 0.131, grad_norm = 0.012
I0407 14:18:55.360229 140491152676032 spec.py:333] Evaluating on the training split.
I0407 14:19:54.856535 140491152676032 spec.py:346] Evaluating on the validation split.
I0407 14:22:24.120943 140491152676032 spec.py:363] Evaluating on the test split.
I0407 14:25:24.559167 140491152676032 submission_runner.py:516] Time since start: 15401.29s, 	Step: 5043, 	{'train/loss': 0.12284398860071451, 'validation/loss': 0.1248550369365107, 'validation/num_examples': 83274637, 'test/loss': 0.12720489712203176, 'test/num_examples': 95000000, 'score': 4990.282432556152, 'total_duration': 15401.28546833992, 'accumulated_submission_time': 4990.282432556152, 'accumulated_eval_time': 10398.995211362839, 'accumulated_logging_time': 0.6991446018218994}
I0407 14:25:24.598760 140452502087424 logging_writer.py:48] [5043] accumulated_eval_time=10399, accumulated_logging_time=0.699145, accumulated_submission_time=4990.28, global_step=5043, preemption_count=0, score=4990.28, test/loss=0.127205, test/num_examples=95000000, total_duration=15401.3, train/loss=0.122844, validation/loss=0.124855, validation/num_examples=83274637
I0407 14:31:21.393953 140491152676032 spec.py:333] Evaluating on the training split.
I0407 14:32:21.180140 140491152676032 spec.py:346] Evaluating on the validation split.
I0407 14:34:51.125491 140491152676032 spec.py:363] Evaluating on the test split.
I0407 14:37:50.799307 140491152676032 submission_runner.py:516] Time since start: 16147.53s, 	Step: 5415, 	{'train/loss': 0.12122173691283858, 'validation/loss': 0.12485293223908864, 'validation/num_examples': 83274637, 'test/loss': 0.12722960465553684, 'test/num_examples': 95000000, 'score': 5346.279520511627, 'total_duration': 16147.52558541298, 'accumulated_submission_time': 5346.279520511627, 'accumulated_eval_time': 10788.400603294373, 'accumulated_logging_time': 0.745398998260498}
I0407 14:37:50.839951 140452493694720 logging_writer.py:48] [5415] accumulated_eval_time=10788.4, accumulated_logging_time=0.745399, accumulated_submission_time=5346.28, global_step=5415, preemption_count=0, score=5346.28, test/loss=0.12723, test/num_examples=95000000, total_duration=16147.5, train/loss=0.121222, validation/loss=0.124853, validation/num_examples=83274637
I0407 14:38:51.203346 140452502087424 logging_writer.py:48] [5500] global_step=5500, grad_norm=0.0193431, loss=0.126107
I0407 14:38:51.206377 140491152676032 submission.py:218] 5500) loss = 0.126, grad_norm = 0.019
I0407 14:43:47.567302 140491152676032 spec.py:333] Evaluating on the training split.
I0407 14:44:47.555531 140491152676032 spec.py:346] Evaluating on the validation split.
I0407 14:47:16.558991 140491152676032 spec.py:363] Evaluating on the test split.
I0407 14:50:15.321920 140491152676032 submission_runner.py:516] Time since start: 16892.05s, 	Step: 5783, 	{'train/loss': 0.12357814553608382, 'validation/loss': 0.1247358283867808, 'validation/num_examples': 83274637, 'test/loss': 0.12716793200892398, 'test/num_examples': 95000000, 'score': 5702.208999633789, 'total_duration': 16892.048211097717, 'accumulated_submission_time': 5702.208999633789, 'accumulated_eval_time': 11176.155279874802, 'accumulated_logging_time': 0.7926983833312988}
I0407 14:50:15.360384 140452493694720 logging_writer.py:48] [5783] accumulated_eval_time=11176.2, accumulated_logging_time=0.792698, accumulated_submission_time=5702.21, global_step=5783, preemption_count=0, score=5702.21, test/loss=0.127168, test/num_examples=95000000, total_duration=16892, train/loss=0.123578, validation/loss=0.124736, validation/num_examples=83274637
I0407 14:53:32.016333 140452502087424 logging_writer.py:48] [6000] global_step=6000, grad_norm=0.00581314, loss=0.120991
I0407 14:53:32.019553 140491152676032 submission.py:218] 6000) loss = 0.121, grad_norm = 0.006
I0407 14:56:12.045265 140491152676032 spec.py:333] Evaluating on the training split.
I0407 14:57:11.671691 140491152676032 spec.py:346] Evaluating on the validation split.
I0407 14:59:40.701446 140491152676032 spec.py:363] Evaluating on the test split.
I0407 15:02:31.003449 140491152676032 submission_runner.py:516] Time since start: 17627.73s, 	Step: 6156, 	{'train/loss': 0.12392907524813049, 'validation/loss': 0.12469609905394367, 'validation/num_examples': 83274637, 'test/loss': 0.12712146448235762, 'test/num_examples': 95000000, 'score': 6058.1036722660065, 'total_duration': 17627.72972202301, 'accumulated_submission_time': 6058.1036722660065, 'accumulated_eval_time': 11555.113530158997, 'accumulated_logging_time': 0.8377249240875244}
I0407 15:02:31.042959 140452493694720 logging_writer.py:48] [6156] accumulated_eval_time=11555.1, accumulated_logging_time=0.837725, accumulated_submission_time=6058.1, global_step=6156, preemption_count=0, score=6058.1, test/loss=0.127121, test/num_examples=95000000, total_duration=17627.7, train/loss=0.123929, validation/loss=0.124696, validation/num_examples=83274637
I0407 15:07:57.063729 140452502087424 logging_writer.py:48] [6500] global_step=6500, grad_norm=0.0118822, loss=0.128392
I0407 15:07:57.067031 140491152676032 submission.py:218] 6500) loss = 0.128, grad_norm = 0.012
I0407 15:08:27.661084 140491152676032 spec.py:333] Evaluating on the training split.
I0407 15:09:27.166458 140491152676032 spec.py:346] Evaluating on the validation split.
I0407 15:11:55.647581 140491152676032 spec.py:363] Evaluating on the test split.
I0407 15:14:44.717524 140491152676032 submission_runner.py:516] Time since start: 18361.44s, 	Step: 6533, 	{'train/loss': 0.12471735214833965, 'validation/loss': 0.12463782535311735, 'validation/num_examples': 83274637, 'test/loss': 0.12705803904306512, 'test/num_examples': 95000000, 'score': 6413.932170152664, 'total_duration': 18361.443764209747, 'accumulated_submission_time': 6413.932170152664, 'accumulated_eval_time': 11932.169969797134, 'accumulated_logging_time': 0.8838865756988525}
I0407 15:14:44.757635 140452493694720 logging_writer.py:48] [6533] accumulated_eval_time=11932.2, accumulated_logging_time=0.883887, accumulated_submission_time=6413.93, global_step=6533, preemption_count=0, score=6413.93, test/loss=0.127058, test/num_examples=95000000, total_duration=18361.4, train/loss=0.124717, validation/loss=0.124638, validation/num_examples=83274637
I0407 15:20:41.427771 140491152676032 spec.py:333] Evaluating on the training split.
I0407 15:21:41.022764 140491152676032 spec.py:346] Evaluating on the validation split.
I0407 15:24:09.545671 140491152676032 spec.py:363] Evaluating on the test split.
I0407 15:26:59.107674 140491152676032 submission_runner.py:516] Time since start: 19095.83s, 	Step: 6914, 	{'train/loss': 0.12363147275376139, 'validation/loss': 0.12459157422434362, 'validation/num_examples': 83274637, 'test/loss': 0.1269311842741314, 'test/num_examples': 95000000, 'score': 6769.813436031342, 'total_duration': 19095.833971738815, 'accumulated_submission_time': 6769.813436031342, 'accumulated_eval_time': 12309.849944591522, 'accumulated_logging_time': 0.9305567741394043}
I0407 15:26:59.152832 140452502087424 logging_writer.py:48] [6914] accumulated_eval_time=12309.8, accumulated_logging_time=0.930557, accumulated_submission_time=6769.81, global_step=6914, preemption_count=0, score=6769.81, test/loss=0.126931, test/num_examples=95000000, total_duration=19095.8, train/loss=0.123631, validation/loss=0.124592, validation/num_examples=83274637
I0407 15:28:01.384674 140452493694720 logging_writer.py:48] [7000] global_step=7000, grad_norm=0.0097243, loss=0.126609
I0407 15:28:01.387765 140491152676032 submission.py:218] 7000) loss = 0.127, grad_norm = 0.010
I0407 15:32:55.918893 140491152676032 spec.py:333] Evaluating on the training split.
I0407 15:33:55.497955 140491152676032 spec.py:346] Evaluating on the validation split.
I0407 15:36:24.291486 140491152676032 spec.py:363] Evaluating on the test split.
I0407 15:39:14.386624 140491152676032 submission_runner.py:516] Time since start: 19831.11s, 	Step: 7293, 	{'train/loss': 0.12285899869696745, 'validation/loss': 0.1245435856892001, 'validation/num_examples': 83274637, 'test/loss': 0.1269209730383622, 'test/num_examples': 95000000, 'score': 7125.793512582779, 'total_duration': 19831.112916231155, 'accumulated_submission_time': 7125.793512582779, 'accumulated_eval_time': 12688.317732810974, 'accumulated_logging_time': 0.9822368621826172}
I0407 15:39:14.429619 140452502087424 logging_writer.py:48] [7293] accumulated_eval_time=12688.3, accumulated_logging_time=0.982237, accumulated_submission_time=7125.79, global_step=7293, preemption_count=0, score=7125.79, test/loss=0.126921, test/num_examples=95000000, total_duration=19831.1, train/loss=0.122859, validation/loss=0.124544, validation/num_examples=83274637
I0407 15:42:17.394897 140452493694720 logging_writer.py:48] [7500] global_step=7500, grad_norm=0.0125292, loss=0.118288
I0407 15:42:17.398093 140491152676032 submission.py:218] 7500) loss = 0.118, grad_norm = 0.013
I0407 15:45:11.838617 140491152676032 spec.py:333] Evaluating on the training split.
I0407 15:46:11.315761 140491152676032 spec.py:346] Evaluating on the validation split.
I0407 15:48:41.072767 140491152676032 spec.py:363] Evaluating on the test split.
I0407 15:51:30.604547 140491152676032 submission_runner.py:516] Time since start: 20567.33s, 	Step: 7675, 	{'train/loss': 0.12297552333019356, 'validation/loss': 0.12457488296598562, 'validation/num_examples': 83274637, 'test/loss': 0.1269497755909167, 'test/num_examples': 95000000, 'score': 7482.412059307098, 'total_duration': 20567.33081483841, 'accumulated_submission_time': 7482.412059307098, 'accumulated_eval_time': 13067.083708524704, 'accumulated_logging_time': 1.0318198204040527}
I0407 15:51:30.644097 140452502087424 logging_writer.py:48] [7675] accumulated_eval_time=13067.1, accumulated_logging_time=1.03182, accumulated_submission_time=7482.41, global_step=7675, preemption_count=0, score=7482.41, test/loss=0.12695, test/num_examples=95000000, total_duration=20567.3, train/loss=0.122976, validation/loss=0.124575, validation/num_examples=83274637
I0407 15:56:34.217370 140452493694720 logging_writer.py:48] [8000] global_step=8000, grad_norm=0.0141545, loss=0.123582
I0407 15:56:34.220617 140491152676032 submission.py:218] 8000) loss = 0.124, grad_norm = 0.014
I0407 15:57:27.028025 140491152676032 spec.py:333] Evaluating on the training split.
I0407 15:58:26.657079 140491152676032 spec.py:346] Evaluating on the validation split.
I0407 16:00:56.057677 140491152676032 spec.py:363] Evaluating on the test split.
I0407 16:03:46.779081 140491152676032 submission_runner.py:516] Time since start: 21303.51s, 	Step: 8053, 	{'train/loss': 0.1251332349025377, 'validation/loss': 0.12453450133196041, 'validation/num_examples': 83274637, 'test/loss': 0.12687120179652164, 'test/num_examples': 95000000, 'score': 7838.003737688065, 'total_duration': 21303.505376815796, 'accumulated_submission_time': 7838.003737688065, 'accumulated_eval_time': 13446.8348300457, 'accumulated_logging_time': 1.0778987407684326}
I0407 16:03:46.826900 140452502087424 logging_writer.py:48] [8053] accumulated_eval_time=13446.8, accumulated_logging_time=1.0779, accumulated_submission_time=7838, global_step=8053, preemption_count=0, score=7838, test/loss=0.126871, test/num_examples=95000000, total_duration=21303.5, train/loss=0.125133, validation/loss=0.124535, validation/num_examples=83274637
I0407 16:09:43.288067 140491152676032 spec.py:333] Evaluating on the training split.
I0407 16:10:43.076487 140491152676032 spec.py:346] Evaluating on the validation split.
I0407 16:13:12.025148 140491152676032 spec.py:363] Evaluating on the test split.
I0407 16:16:02.259367 140491152676032 submission_runner.py:516] Time since start: 22038.99s, 	Step: 8443, 	{'train/loss': 0.12547949278412396, 'validation/loss': 0.12446364462050998, 'validation/num_examples': 83274637, 'test/loss': 0.1267983326785439, 'test/num_examples': 95000000, 'score': 8193.67554306984, 'total_duration': 22038.985653162003, 'accumulated_submission_time': 8193.67554306984, 'accumulated_eval_time': 13825.806168079376, 'accumulated_logging_time': 1.1321890354156494}
I0407 16:16:02.301195 140452493694720 logging_writer.py:48] [8443] accumulated_eval_time=13825.8, accumulated_logging_time=1.13219, accumulated_submission_time=8193.68, global_step=8443, preemption_count=0, score=8193.68, test/loss=0.126798, test/num_examples=95000000, total_duration=22039, train/loss=0.125479, validation/loss=0.124464, validation/num_examples=83274637
I0407 16:16:31.664792 140452502087424 logging_writer.py:48] [8500] global_step=8500, grad_norm=0.0138916, loss=0.120413
I0407 16:16:31.667836 140491152676032 submission.py:218] 8500) loss = 0.120, grad_norm = 0.014
I0407 16:21:58.959522 140491152676032 spec.py:333] Evaluating on the training split.
I0407 16:22:58.592840 140491152676032 spec.py:346] Evaluating on the validation split.
I0407 16:25:27.604299 140491152676032 spec.py:363] Evaluating on the test split.
I0407 16:28:17.697771 140491152676032 submission_runner.py:516] Time since start: 22774.42s, 	Step: 8836, 	{'train/loss': 0.12299175766765186, 'validation/loss': 0.12445589883787823, 'validation/num_examples': 83274637, 'test/loss': 0.12678080108803197, 'test/num_examples': 95000000, 'score': 8549.53596663475, 'total_duration': 22774.424038648605, 'accumulated_submission_time': 8549.53596663475, 'accumulated_eval_time': 14204.544461011887, 'accumulated_logging_time': 1.180668592453003}
I0407 16:28:17.743524 140452493694720 logging_writer.py:48] [8836] accumulated_eval_time=14204.5, accumulated_logging_time=1.18067, accumulated_submission_time=8549.54, global_step=8836, preemption_count=0, score=8549.54, test/loss=0.126781, test/num_examples=95000000, total_duration=22774.4, train/loss=0.122992, validation/loss=0.124456, validation/num_examples=83274637
I0407 16:30:31.118155 140452502087424 logging_writer.py:48] [9000] global_step=9000, grad_norm=0.00919651, loss=0.126068
I0407 16:30:31.121247 140491152676032 submission.py:218] 9000) loss = 0.126, grad_norm = 0.009
I0407 16:34:14.724132 140491152676032 spec.py:333] Evaluating on the training split.
I0407 16:35:14.467739 140491152676032 spec.py:346] Evaluating on the validation split.
I0407 16:37:43.582589 140491152676032 spec.py:363] Evaluating on the test split.
I0407 16:40:34.718933 140491152676032 submission_runner.py:516] Time since start: 23511.45s, 	Step: 9236, 	{'train/loss': 0.1227260915728877, 'validation/loss': 0.12434260638200338, 'validation/num_examples': 83274637, 'test/loss': 0.12667088840364155, 'test/num_examples': 95000000, 'score': 8905.720586538315, 'total_duration': 23511.445205926895, 'accumulated_submission_time': 8905.720586538315, 'accumulated_eval_time': 14584.539294481277, 'accumulated_logging_time': 1.2330772876739502}
I0407 16:40:34.759302 140452493694720 logging_writer.py:48] [9236] accumulated_eval_time=14584.5, accumulated_logging_time=1.23308, accumulated_submission_time=8905.72, global_step=9236, preemption_count=0, score=8905.72, test/loss=0.126671, test/num_examples=95000000, total_duration=23511.4, train/loss=0.122726, validation/loss=0.124343, validation/num_examples=83274637
I0407 16:44:24.462033 140452502087424 logging_writer.py:48] [9500] global_step=9500, grad_norm=0.0341581, loss=0.120257
I0407 16:44:24.465145 140491152676032 submission.py:218] 9500) loss = 0.120, grad_norm = 0.034
I0407 16:46:32.033350 140491152676032 spec.py:333] Evaluating on the training split.
I0407 16:47:31.256414 140491152676032 spec.py:346] Evaluating on the validation split.
I0407 16:50:00.005134 140491152676032 spec.py:363] Evaluating on the test split.
I0407 16:52:50.682121 140491152676032 submission_runner.py:516] Time since start: 24247.41s, 	Step: 9636, 	{'train/loss': 0.12451659307157181, 'validation/loss': 0.12435480268659399, 'validation/num_examples': 83274637, 'test/loss': 0.1267080178519801, 'test/num_examples': 95000000, 'score': 9262.195807695389, 'total_duration': 24247.408409833908, 'accumulated_submission_time': 9262.195807695389, 'accumulated_eval_time': 14963.188144207, 'accumulated_logging_time': 1.2799458503723145}
I0407 16:52:50.722537 140452493694720 logging_writer.py:48] [9636] accumulated_eval_time=14963.2, accumulated_logging_time=1.27995, accumulated_submission_time=9262.2, global_step=9636, preemption_count=0, score=9262.2, test/loss=0.126708, test/num_examples=95000000, total_duration=24247.4, train/loss=0.124517, validation/loss=0.124355, validation/num_examples=83274637
I0407 16:58:10.146524 140452502087424 logging_writer.py:48] [10000] global_step=10000, grad_norm=0.0152947, loss=0.125691
I0407 16:58:10.149903 140491152676032 submission.py:218] 10000) loss = 0.126, grad_norm = 0.015
I0407 16:58:47.308839 140491152676032 spec.py:333] Evaluating on the training split.
I0407 16:59:46.730306 140491152676032 spec.py:346] Evaluating on the validation split.
I0407 17:02:16.306726 140491152676032 spec.py:363] Evaluating on the test split.
I0407 17:05:06.800957 140491152676032 submission_runner.py:516] Time since start: 24983.53s, 	Step: 10042, 	{'train/loss': 0.12259447508087203, 'validation/loss': 0.12435524123150868, 'validation/num_examples': 83274637, 'test/loss': 0.12672577147281044, 'test/num_examples': 95000000, 'score': 9617.983736038208, 'total_duration': 24983.527250528336, 'accumulated_submission_time': 9617.983736038208, 'accumulated_eval_time': 15342.680344581604, 'accumulated_logging_time': 1.3274431228637695}
I0407 17:05:06.847845 140452493694720 logging_writer.py:48] [10042] accumulated_eval_time=15342.7, accumulated_logging_time=1.32744, accumulated_submission_time=9617.98, global_step=10042, preemption_count=0, score=9617.98, test/loss=0.126726, test/num_examples=95000000, total_duration=24983.5, train/loss=0.122594, validation/loss=0.124355, validation/num_examples=83274637
I0407 17:11:04.002161 140491152676032 spec.py:333] Evaluating on the training split.
I0407 17:12:03.213456 140491152676032 spec.py:346] Evaluating on the validation split.
I0407 17:14:32.006395 140491152676032 spec.py:363] Evaluating on the test split.
I0407 17:17:23.368087 140491152676032 submission_runner.py:516] Time since start: 25720.09s, 	Step: 10448, 	{'train/loss': 0.1258509991554565, 'validation/loss': 0.12432080465668671, 'validation/num_examples': 83274637, 'test/loss': 0.12667555619731702, 'test/num_examples': 95000000, 'score': 9974.343135595322, 'total_duration': 25720.09437251091, 'accumulated_submission_time': 9974.343135595322, 'accumulated_eval_time': 15722.04631948471, 'accumulated_logging_time': 1.381500005722046}
I0407 17:17:23.408946 140452502087424 logging_writer.py:48] [10448] accumulated_eval_time=15722, accumulated_logging_time=1.3815, accumulated_submission_time=9974.34, global_step=10448, preemption_count=0, score=9974.34, test/loss=0.126676, test/num_examples=95000000, total_duration=25720.1, train/loss=0.125851, validation/loss=0.124321, validation/num_examples=83274637
I0407 17:17:48.744447 140452493694720 logging_writer.py:48] [10500] global_step=10500, grad_norm=0.011995, loss=0.13241
I0407 17:17:48.747308 140491152676032 submission.py:218] 10500) loss = 0.132, grad_norm = 0.012
I0407 17:23:20.359138 140491152676032 spec.py:333] Evaluating on the training split.
I0407 17:24:19.720143 140491152676032 spec.py:346] Evaluating on the validation split.
I0407 17:26:48.198495 140491152676032 spec.py:363] Evaluating on the test split.
I0407 17:29:39.016467 140491152676032 submission_runner.py:516] Time since start: 26455.74s, 	Step: 10859, 	{'train/loss': 0.12197161653613554, 'validation/loss': 0.12432475335331912, 'validation/num_examples': 83274637, 'test/loss': 0.1266827353293971, 'test/num_examples': 95000000, 'score': 10330.494830846786, 'total_duration': 26455.742699623108, 'accumulated_submission_time': 10330.494830846786, 'accumulated_eval_time': 16100.703658103943, 'accumulated_logging_time': 1.4285979270935059}
I0407 17:29:39.056555 140452502087424 logging_writer.py:48] [10859] accumulated_eval_time=16100.7, accumulated_logging_time=1.4286, accumulated_submission_time=10330.5, global_step=10859, preemption_count=0, score=10330.5, test/loss=0.126683, test/num_examples=95000000, total_duration=26455.7, train/loss=0.121972, validation/loss=0.124325, validation/num_examples=83274637
I0407 17:31:31.736495 140452493694720 logging_writer.py:48] [11000] global_step=11000, grad_norm=0.00912315, loss=0.120281
I0407 17:31:31.739445 140491152676032 submission.py:218] 11000) loss = 0.120, grad_norm = 0.009
I0407 17:35:36.021372 140491152676032 spec.py:333] Evaluating on the training split.
I0407 17:36:35.285336 140491152676032 spec.py:346] Evaluating on the validation split.
I0407 17:39:04.220740 140491152676032 spec.py:363] Evaluating on the test split.
I0407 17:41:52.752127 140491152676032 submission_runner.py:516] Time since start: 27189.48s, 	Step: 11259, 	{'train/loss': 0.12313151812320493, 'validation/loss': 0.12433374185361269, 'validation/num_examples': 83274637, 'test/loss': 0.12669199815191973, 'test/num_examples': 95000000, 'score': 10686.663276195526, 'total_duration': 27189.47840499878, 'accumulated_submission_time': 10686.663276195526, 'accumulated_eval_time': 16477.434452295303, 'accumulated_logging_time': 1.4750311374664307}
I0407 17:41:52.793071 140452502087424 logging_writer.py:48] [11259] accumulated_eval_time=16477.4, accumulated_logging_time=1.47503, accumulated_submission_time=10686.7, global_step=11259, preemption_count=0, score=10686.7, test/loss=0.126692, test/num_examples=95000000, total_duration=27189.5, train/loss=0.123132, validation/loss=0.124334, validation/num_examples=83274637
I0407 17:45:10.712175 140452493694720 logging_writer.py:48] [11500] global_step=11500, grad_norm=0.00669405, loss=0.120872
I0407 17:45:10.715335 140491152676032 submission.py:218] 11500) loss = 0.121, grad_norm = 0.007
I0407 17:47:49.800910 140491152676032 spec.py:333] Evaluating on the training split.
I0407 17:48:49.103561 140491152676032 spec.py:346] Evaluating on the validation split.
I0407 17:51:18.311036 140491152676032 spec.py:363] Evaluating on the test split.
I0407 17:54:07.473647 140491152676032 submission_runner.py:516] Time since start: 27924.20s, 	Step: 11669, 	{'train/loss': 0.12391813232459183, 'validation/loss': 0.12431010635925281, 'validation/num_examples': 83274637, 'test/loss': 0.12666092579763313, 'test/num_examples': 95000000, 'score': 11042.875839710236, 'total_duration': 27924.199922800064, 'accumulated_submission_time': 11042.875839710236, 'accumulated_eval_time': 16855.107250213623, 'accumulated_logging_time': 1.5222413539886475}
I0407 17:54:07.514326 140452502087424 logging_writer.py:48] [11669] accumulated_eval_time=16855.1, accumulated_logging_time=1.52224, accumulated_submission_time=11042.9, global_step=11669, preemption_count=0, score=11042.9, test/loss=0.126661, test/num_examples=95000000, total_duration=27924.2, train/loss=0.123918, validation/loss=0.12431, validation/num_examples=83274637
I0407 17:58:53.383440 140452493694720 logging_writer.py:48] [12000] global_step=12000, grad_norm=0.00588701, loss=0.127021
I0407 17:58:53.386661 140491152676032 submission.py:218] 12000) loss = 0.127, grad_norm = 0.006
I0407 18:00:03.983807 140491152676032 spec.py:333] Evaluating on the training split.
I0407 18:01:03.029536 140491152676032 spec.py:346] Evaluating on the validation split.
I0407 18:03:32.600281 140491152676032 spec.py:363] Evaluating on the test split.
I0407 18:06:23.131427 140491152676032 submission_runner.py:516] Time since start: 28659.86s, 	Step: 12077, 	{'train/loss': 0.12136635884016711, 'validation/loss': 0.12428973275580915, 'validation/num_examples': 83274637, 'test/loss': 0.1265921920731394, 'test/num_examples': 95000000, 'score': 11398.556076526642, 'total_duration': 28659.857733011246, 'accumulated_submission_time': 11398.556076526642, 'accumulated_eval_time': 17234.254929304123, 'accumulated_logging_time': 1.56929349899292}
I0407 18:06:23.172389 140452502087424 logging_writer.py:48] [12077] accumulated_eval_time=17234.3, accumulated_logging_time=1.56929, accumulated_submission_time=11398.6, global_step=12077, preemption_count=0, score=11398.6, test/loss=0.126592, test/num_examples=95000000, total_duration=28659.9, train/loss=0.121366, validation/loss=0.12429, validation/num_examples=83274637
I0407 18:12:19.855621 140491152676032 spec.py:333] Evaluating on the training split.
I0407 18:13:19.099290 140491152676032 spec.py:346] Evaluating on the validation split.
I0407 18:15:47.309912 140491152676032 spec.py:363] Evaluating on the test split.
I0407 18:18:36.997855 140491152676032 submission_runner.py:516] Time since start: 29393.72s, 	Step: 12487, 	{'train/loss': 0.1237096631129573, 'validation/loss': 0.12447572003410311, 'validation/num_examples': 83274637, 'test/loss': 0.12692401299534847, 'test/num_examples': 95000000, 'score': 11754.436203956604, 'total_duration': 29393.724167108536, 'accumulated_submission_time': 11754.436203956604, 'accumulated_eval_time': 17611.397255182266, 'accumulated_logging_time': 1.616795301437378}
I0407 18:18:37.038391 140452493694720 logging_writer.py:48] [12487] accumulated_eval_time=17611.4, accumulated_logging_time=1.6168, accumulated_submission_time=11754.4, global_step=12487, preemption_count=0, score=11754.4, test/loss=0.126924, test/num_examples=95000000, total_duration=29393.7, train/loss=0.12371, validation/loss=0.124476, validation/num_examples=83274637
I0407 18:18:40.026847 140452502087424 logging_writer.py:48] [12500] global_step=12500, grad_norm=0.0152007, loss=0.121952
I0407 18:18:40.030430 140491152676032 submission.py:218] 12500) loss = 0.122, grad_norm = 0.015
I0407 18:24:33.661485 140491152676032 spec.py:333] Evaluating on the training split.
I0407 18:25:32.835579 140491152676032 spec.py:346] Evaluating on the validation split.
I0407 18:28:01.895287 140491152676032 spec.py:363] Evaluating on the test split.
I0407 18:30:51.223598 140491152676032 submission_runner.py:516] Time since start: 30127.95s, 	Step: 12893, 	{'train/loss': 0.1227948646197257, 'validation/loss': 0.12426377009513506, 'validation/num_examples': 83274637, 'test/loss': 0.1265723034022281, 'test/num_examples': 95000000, 'score': 12110.264577150345, 'total_duration': 30127.949893712997, 'accumulated_submission_time': 12110.264577150345, 'accumulated_eval_time': 17988.959448099136, 'accumulated_logging_time': 1.6637587547302246}
I0407 18:30:51.265579 140452493694720 logging_writer.py:48] [12893] accumulated_eval_time=17989, accumulated_logging_time=1.66376, accumulated_submission_time=12110.3, global_step=12893, preemption_count=0, score=12110.3, test/loss=0.126572, test/num_examples=95000000, total_duration=30127.9, train/loss=0.122795, validation/loss=0.124264, validation/num_examples=83274637
I0407 18:32:11.039571 140452502087424 logging_writer.py:48] [13000] global_step=13000, grad_norm=0.0111232, loss=0.118349
I0407 18:32:11.042711 140491152676032 submission.py:218] 13000) loss = 0.118, grad_norm = 0.011
I0407 18:36:48.251275 140491152676032 spec.py:333] Evaluating on the training split.
I0407 18:37:47.416354 140491152676032 spec.py:346] Evaluating on the validation split.
I0407 18:40:16.562887 140491152676032 spec.py:363] Evaluating on the test split.
I0407 18:43:05.544452 140491152676032 submission_runner.py:516] Time since start: 30862.27s, 	Step: 13293, 	{'train/loss': 0.1219714407061712, 'validation/loss': 0.12426166432395863, 'validation/num_examples': 83274637, 'test/loss': 0.12656001280340898, 'test/num_examples': 95000000, 'score': 12466.455169200897, 'total_duration': 30862.270667791367, 'accumulated_submission_time': 12466.455169200897, 'accumulated_eval_time': 18366.252606630325, 'accumulated_logging_time': 1.7121806144714355}
I0407 18:43:05.590777 140452493694720 logging_writer.py:48] [13293] accumulated_eval_time=18366.3, accumulated_logging_time=1.71218, accumulated_submission_time=12466.5, global_step=13293, preemption_count=0, score=12466.5, test/loss=0.12656, test/num_examples=95000000, total_duration=30862.3, train/loss=0.121971, validation/loss=0.124262, validation/num_examples=83274637
I0407 18:45:57.723530 140452502087424 logging_writer.py:48] [13500] global_step=13500, grad_norm=0.00940421, loss=0.128101
I0407 18:45:57.726534 140491152676032 submission.py:218] 13500) loss = 0.128, grad_norm = 0.009
I0407 18:49:02.009369 140491152676032 spec.py:333] Evaluating on the training split.
I0407 18:50:01.361272 140491152676032 spec.py:346] Evaluating on the validation split.
I0407 18:52:30.825114 140491152676032 spec.py:363] Evaluating on the test split.
I0407 18:55:18.751957 140491152676032 submission_runner.py:516] Time since start: 31595.48s, 	Step: 13696, 	{'train/loss': 0.1231461978117497, 'validation/loss': 0.12431305996100223, 'validation/num_examples': 83274637, 'test/loss': 0.12670907424509148, 'test/num_examples': 95000000, 'score': 12822.084295272827, 'total_duration': 31595.478266239166, 'accumulated_submission_time': 12822.084295272827, 'accumulated_eval_time': 18742.995289325714, 'accumulated_logging_time': 1.7647466659545898}
I0407 18:55:18.794707 140452493694720 logging_writer.py:48] [13696] accumulated_eval_time=18743, accumulated_logging_time=1.76475, accumulated_submission_time=12822.1, global_step=13696, preemption_count=0, score=12822.1, test/loss=0.126709, test/num_examples=95000000, total_duration=31595.5, train/loss=0.123146, validation/loss=0.124313, validation/num_examples=83274637
I0407 18:59:42.154678 140452502087424 logging_writer.py:48] [14000] global_step=14000, grad_norm=0.0183756, loss=0.125756
I0407 18:59:42.157807 140491152676032 submission.py:218] 14000) loss = 0.126, grad_norm = 0.018
I0407 19:01:15.237201 140491152676032 spec.py:333] Evaluating on the training split.
I0407 19:02:14.686348 140491152676032 spec.py:346] Evaluating on the validation split.
I0407 19:04:44.010244 140491152676032 spec.py:363] Evaluating on the test split.
I0407 19:07:31.722944 140491152676032 submission_runner.py:516] Time since start: 32328.45s, 	Step: 14101, 	{'train/loss': 0.12258007140606994, 'validation/loss': 0.1243843215694607, 'validation/num_examples': 83274637, 'test/loss': 0.1267468176473517, 'test/num_examples': 95000000, 'score': 13177.732238292694, 'total_duration': 32328.449240922928, 'accumulated_submission_time': 13177.732238292694, 'accumulated_eval_time': 19119.481090545654, 'accumulated_logging_time': 1.813781976699829}
I0407 19:07:31.764867 140452493694720 logging_writer.py:48] [14101] accumulated_eval_time=19119.5, accumulated_logging_time=1.81378, accumulated_submission_time=13177.7, global_step=14101, preemption_count=0, score=13177.7, test/loss=0.126747, test/num_examples=95000000, total_duration=32328.4, train/loss=0.12258, validation/loss=0.124384, validation/num_examples=83274637
I0407 19:13:26.301970 140452502087424 logging_writer.py:48] [14500] global_step=14500, grad_norm=0.0157715, loss=0.119586
I0407 19:13:26.305052 140491152676032 submission.py:218] 14500) loss = 0.120, grad_norm = 0.016
I0407 19:13:28.169298 140452493694720 logging_writer.py:48] [14503] global_step=14503, preemption_count=0, score=13533.6
I0407 19:13:32.694720 140491152676032 submission_runner.py:857] Final criteo1tb score: 13533.632922410965
