python submission_runner.py --framework=jax --workload=imagenet_resnet --submission_path=submissions_algorithms/submissions/self_tuning/nadamw/submission.py --data_dir=/data/imagenet/jax --experiment_dir=/experiment_runs --experiment_name=submissions_a100/nadamw/study_1 --overwrite=True --save_checkpoints=False --rng_seed=-581019800 --imagenet_v2_data_dir=/data/imagenet/jax --tuning_ruleset=self 2>&1 | tee -a /logs/imagenet_resnet_jax_04-09-2026-21-37-41.log
2026-04-09 21:37:42.100157: E external/local_xla/xla/stream_executor/cuda/cuda_fft.cc:467] Unable to register cuFFT factory: Attempting to register factory for plugin cuFFT when one has already been registered
WARNING: All log messages before absl::InitializeLog() is called are written to STDERR
E0000 00:00:1775770662.125840       9 cuda_dnn.cc:8579] Unable to register cuDNN factory: Attempting to register factory for plugin cuDNN when one has already been registered
E0000 00:00:1775770662.134453       9 cuda_blas.cc:1407] Unable to register cuBLAS factory: Attempting to register factory for plugin cuBLAS when one has already been registered
W0000 00:00:1775770662.160530       9 computation_placer.cc:177] computation placer already registered. Please check linkage and avoid linking the same target more than once.
W0000 00:00:1775770662.160559       9 computation_placer.cc:177] computation placer already registered. Please check linkage and avoid linking the same target more than once.
W0000 00:00:1775770662.160562       9 computation_placer.cc:177] computation placer already registered. Please check linkage and avoid linking the same target more than once.
W0000 00:00:1775770662.160564       9 computation_placer.cc:177] computation placer already registered. Please check linkage and avoid linking the same target more than once.
/usr/local/lib/python3.11/site-packages/torch/__init__.py:1617: UserWarning: Please use the new API settings to control TF32 behavior, such as torch.backends.cudnn.conv.fp32_precision = 'tf32' or torch.backends.cuda.matmul.fp32_precision = 'ieee'. Old settings, e.g, torch.backends.cuda.matmul.allow_tf32 = True, torch.backends.cudnn.allow_tf32 = True, allowTF32CuDNN() and allowTF32CuBLAS() will be deprecated after Pytorch 2.9. Please see https://pytorch.org/docs/main/notes/cuda.html#tensorfloat-32-tf32-on-ampere-and-later-devices (Triggered internally at /pytorch/aten/src/ATen/Context.cpp:80.)
  _C._set_float32_matmul_precision(precision)
/usr/local/lib/python3.11/site-packages/pydantic/_internal/_generate_schema.py:2249: UnsupportedFieldAttributeWarning: The 'repr' attribute with value False was provided to the `Field()` function, which has no effect in the context it was used. 'repr' is field-specific metadata, and can only be attached to a model field using `Annotated` metadata or by assignment. This may have happened because an `Annotated` type alias using the `type` statement was used, or if the `Field()` function was attached to a single member of a union type.
  warnings.warn(
/usr/local/lib/python3.11/site-packages/pydantic/_internal/_generate_schema.py:2249: UnsupportedFieldAttributeWarning: The 'frozen' attribute with value True was provided to the `Field()` function, which has no effect in the context it was used. 'frozen' is field-specific metadata, and can only be attached to a model field using `Annotated` metadata or by assignment. This may have happened because an `Annotated` type alias using the `type` statement was used, or if the `Field()` function was attached to a single member of a union type.
  warnings.warn(
INFO:2026-04-09 21:37:50,538:jax._src.xla_bridge:830: Unable to initialize backend 'tpu': INTERNAL: Failed to open libtpu.so: libtpu.so: cannot open shared object file: No such file or directory
I0409 21:37:50.538748 140264978629824 xla_bridge.py:830] Unable to initialize backend 'tpu': INTERNAL: Failed to open libtpu.so: libtpu.so: cannot open shared object file: No such file or directory
I0409 21:37:51.163379 140264978629824 logger_utils.py:59] Removing existing experiment directory /experiment_runs/submissions_a100/nadamw/study_1/imagenet_resnet_jax because --overwrite was set.
I0409 21:37:51.187040 140264978629824 logger_utils.py:84] Creating experiment directory at /experiment_runs/submissions_a100/nadamw/study_1/imagenet_resnet_jax.
I0409 21:37:51.584335 140264978629824 submission_runner.py:741] Creating directory at /experiment_runs/submissions_a100/nadamw/study_1/imagenet_resnet_jax/trial_1.
I0409 21:37:52.125402 140264978629824 submission_runner.py:242] Initializing dataset.
I0409 21:37:53.089517 140264978629824 dataset_info.py:707] Load dataset info from /data/imagenet/jax/imagenet2012/5.1.0
I0409 21:37:53.143573 140264978629824 dataset_info.py:793] For 'imagenet2012/5.1.0': fields info.[splits, supervised_keys] differ on disk and in the code. Keeping the one from code.
I0409 21:37:53.437653 140264978629824 reader.py:262] Creating a tf.data.Dataset reading 1024 files located in folders: /data/imagenet/jax/imagenet2012/5.1.0.
I0409 21:37:53.526011 140264978629824 logging_logger.py:49] Constructing tf.data.Dataset imagenet2012 for split train, from /data/imagenet/jax/imagenet2012/5.1.0
I0409 21:37:54.475605 140264978629824 submission_runner.py:251] Initializing model.
I0409 21:38:19.130843 140264978629824 submission_runner.py:294] Initializing optimizer.
I0409 21:38:20.358174 140264978629824 submission_runner.py:299] Initializing metrics bundle.
I0409 21:38:20.358422 140264978629824 submission_runner.py:321] Initializing checkpoint and logger.
I0409 21:38:20.365287 140264978629824 checkpoints.py:1098] Found no checkpoint files in /experiment_runs/submissions_a100/nadamw/study_1/imagenet_resnet_jax/trial_1 with prefix checkpoint_
I0409 21:38:20.365415 140264978629824 submission_runner.py:344] Saving meta data to /experiment_runs/submissions_a100/nadamw/study_1/imagenet_resnet_jax/trial_1/meta_data_0.json.
I0409 21:38:20.530354 140264978629824 submission_runner.py:348] Saving flags to /experiment_runs/submissions_a100/nadamw/study_1/imagenet_resnet_jax/trial_1/flags_0.json.
I0409 21:38:20.548449 140264978629824 submission_runner.py:359] Starting training loop.
I0409 21:39:10.806293 140264978629824 spec.py:333] Evaluating on the training split.
I0409 21:39:11.102559 140264978629824 dataset_info.py:707] Load dataset info from /data/imagenet/jax/imagenet2012/5.1.0
I0409 21:39:11.108275 140264978629824 dataset_info.py:793] For 'imagenet2012/5.1.0': fields info.[splits, supervised_keys] differ on disk and in the code. Keeping the one from code.
I0409 21:39:11.126577 140264978629824 reader.py:262] Creating a tf.data.Dataset reading 1024 files located in folders: /data/imagenet/jax/imagenet2012/5.1.0.
I0409 21:39:11.172776 140264978629824 logging_logger.py:49] Constructing tf.data.Dataset imagenet2012 for split train, from /data/imagenet/jax/imagenet2012/5.1.0
I0409 21:39:31.565208 140264978629824 spec.py:346] Evaluating on the validation split.
I0409 21:39:31.570019 140264978629824 dataset_info.py:707] Load dataset info from /data/imagenet/jax/imagenet2012/5.1.0
I0409 21:39:31.595562 140264978629824 dataset_info.py:793] For 'imagenet2012/5.1.0': fields info.[splits, supervised_keys] differ on disk and in the code. Keeping the one from code.
I0409 21:39:31.598513 140264978629824 reader.py:262] Creating a tf.data.Dataset reading 64 files located in folders: /data/imagenet/jax/imagenet2012/5.1.0.
I0409 21:39:31.696528 140264978629824 logging_logger.py:49] Constructing tf.data.Dataset imagenet2012 for split validation, from /data/imagenet/jax/imagenet2012/5.1.0
I0409 21:39:57.147685 140264978629824 spec.py:363] Evaluating on the test split.
I0409 21:39:57.211536 140264978629824 dataset_info.py:707] Load dataset info from /data/imagenet/jax/imagenet_v2/matched-frequency/3.0.0
I0409 21:39:57.248435 140264978629824 reader.py:262] Creating a tf.data.Dataset reading 16 files located in folders: /data/imagenet/jax/imagenet_v2/matched-frequency/3.0.0.
I0409 21:39:57.296790 140264978629824 logging_logger.py:49] Constructing tf.data.Dataset imagenet_v2 for split test, from /data/imagenet/jax/imagenet_v2/matched-frequency/3.0.0
I0409 21:40:01.618727 140264978629824 submission_runner.py:516] Time since start: 101.07s, 	Step: 1, 	{'train/accuracy': Array(0.00083705, dtype=float32), 'train/loss': Array(6.9132133, dtype=float32), 'validation/accuracy': Array(0.00076, dtype=float32), 'validation/loss': Array(6.91361, dtype=float32), 'validation/num_examples': 50000, 'test/accuracy': Array(0.0007, dtype=float32), 'test/loss': Array(6.9143667, dtype=float32), 'test/num_examples': 10000, 'score': 50.25774669647217, 'total_duration': 101.06835985183716, 'accumulated_submission_time': 50.25774669647217, 'accumulated_eval_time': 50.81052589416504, 'accumulated_logging_time': 0}
I0409 21:40:01.659558 140049974793984 logging_writer.py:48] [1] accumulated_eval_time=50.8105, accumulated_logging_time=0, accumulated_submission_time=50.2577, global_step=1, preemption_count=0, score=50.2577, test/accuracy=0.0007000000332482159, test/loss=6.914366722106934, test/num_examples=10000, total_duration=101.068, train/accuracy=0.0008370535797439516, train/loss=6.91321325302124, validation/accuracy=0.0007599999662488699, validation/loss=6.913609981536865, validation/num_examples=50000
I0409 22:13:17.769201 140264978629824 spec.py:333] Evaluating on the training split.
I0409 22:13:29.478916 140264978629824 spec.py:346] Evaluating on the validation split.
I0409 22:13:39.909614 140264978629824 spec.py:363] Evaluating on the test split.
I0409 22:13:40.879920 140264978629824 submission_runner.py:516] Time since start: 2120.33s, 	Step: 7771, 	{'train/accuracy': Array(0.47839603, dtype=float32), 'train/loss': Array(2.2692218, dtype=float32), 'validation/accuracy': Array(0.42589998, dtype=float32), 'validation/loss': Array(2.5514526, dtype=float32), 'validation/num_examples': 50000, 'test/accuracy': Array(0.3255, dtype=float32), 'test/loss': Array(3.259272, dtype=float32), 'test/num_examples': 10000, 'score': 2046.2609922885895, 'total_duration': 2120.3293743133545, 'accumulated_submission_time': 2046.2609922885895, 'accumulated_eval_time': 73.91916966438293, 'accumulated_logging_time': 0.08052277565002441}
I0409 22:13:40.921993 140049983186688 logging_writer.py:48] [7771] accumulated_eval_time=73.9192, accumulated_logging_time=0.0805228, accumulated_submission_time=2046.26, global_step=7771, preemption_count=0, score=2046.26, test/accuracy=0.3255000114440918, test/loss=3.2592720985412598, test/num_examples=10000, total_duration=2120.33, train/accuracy=0.4783960282802582, train/loss=2.269221782684326, validation/accuracy=0.4258999824523926, validation/loss=2.55145263671875, validation/num_examples=50000
I0409 22:46:56.926501 140264978629824 spec.py:333] Evaluating on the training split.
I0409 22:47:10.001632 140264978629824 spec.py:346] Evaluating on the validation split.
I0409 22:47:19.300239 140264978629824 spec.py:363] Evaluating on the test split.
I0409 22:47:20.172916 140264978629824 submission_runner.py:516] Time since start: 4139.62s, 	Step: 15681, 	{'train/accuracy': Array(0.6093351, dtype=float32), 'train/loss': Array(1.6046896, dtype=float32), 'validation/accuracy': Array(0.55522, dtype=float32), 'validation/loss': Array(1.8804822, dtype=float32), 'validation/num_examples': 50000, 'test/accuracy': Array(0.43240002, dtype=float32), 'test/loss': Array(2.64959, dtype=float32), 'test/num_examples': 10000, 'score': 4042.188280582428, 'total_duration': 4139.6216542720795, 'accumulated_submission_time': 4042.188280582428, 'accumulated_eval_time': 97.16279315948486, 'accumulated_logging_time': 0.13152074813842773}
I0409 22:47:20.232081 140049991579392 logging_writer.py:48] [15681] accumulated_eval_time=97.1628, accumulated_logging_time=0.131521, accumulated_submission_time=4042.19, global_step=15681, preemption_count=0, score=4042.19, test/accuracy=0.43240001797676086, test/loss=2.649590015411377, test/num_examples=10000, total_duration=4139.62, train/accuracy=0.6093351244926453, train/loss=1.604689598083496, validation/accuracy=0.5552200078964233, validation/loss=1.8804821968078613, validation/num_examples=50000
I0409 23:20:36.257681 140264978629824 spec.py:333] Evaluating on the training split.
I0409 23:20:49.143680 140264978629824 spec.py:346] Evaluating on the validation split.
I0409 23:20:58.965954 140264978629824 spec.py:363] Evaluating on the test split.
I0409 23:20:59.851126 140264978629824 submission_runner.py:516] Time since start: 6159.30s, 	Step: 23593, 	{'train/accuracy': Array(0.60694355, dtype=float32), 'train/loss': Array(1.613461, dtype=float32), 'validation/accuracy': Array(0.56255996, dtype=float32), 'validation/loss': Array(1.8561989, dtype=float32), 'validation/num_examples': 50000, 'test/accuracy': Array(0.4401, dtype=float32), 'test/loss': Array(2.5953841, dtype=float32), 'test/num_examples': 10000, 'score': 6038.116129875183, 'total_duration': 6159.299901008606, 'accumulated_submission_time': 6038.116129875183, 'accumulated_eval_time': 120.75348925590515, 'accumulated_logging_time': 0.2194221019744873}
I0409 23:20:59.917253 140049983186688 logging_writer.py:48] [23593] accumulated_eval_time=120.753, accumulated_logging_time=0.219422, accumulated_submission_time=6038.12, global_step=23593, preemption_count=0, score=6038.12, test/accuracy=0.4401000142097473, test/loss=2.595384120941162, test/num_examples=10000, total_duration=6159.3, train/accuracy=0.6069435477256775, train/loss=1.6134610176086426, validation/accuracy=0.562559962272644, validation/loss=1.8561989068984985, validation/num_examples=50000
I0409 23:54:16.064515 140264978629824 spec.py:333] Evaluating on the training split.
I0409 23:54:28.894733 140264978629824 spec.py:346] Evaluating on the validation split.
I0409 23:54:38.343608 140264978629824 spec.py:363] Evaluating on the test split.
I0409 23:54:39.231814 140264978629824 submission_runner.py:516] Time since start: 8178.68s, 	Step: 31509, 	{'train/accuracy': Array(0.6800861, dtype=float32), 'train/loss': Array(1.2836494, dtype=float32), 'validation/accuracy': Array(0.58906, dtype=float32), 'validation/loss': Array(1.723015, dtype=float32), 'validation/num_examples': 50000, 'test/accuracy': Array(0.44920003, dtype=float32), 'test/loss': Array(2.534588, dtype=float32), 'test/num_examples': 10000, 'score': 8034.171285390854, 'total_duration': 8178.680437326431, 'accumulated_submission_time': 8034.171285390854, 'accumulated_eval_time': 143.91788268089294, 'accumulated_logging_time': 0.30861425399780273}
I0409 23:54:39.280859 140049991579392 logging_writer.py:48] [31509] accumulated_eval_time=143.918, accumulated_logging_time=0.308614, accumulated_submission_time=8034.17, global_step=31509, preemption_count=0, score=8034.17, test/accuracy=0.4492000341415405, test/loss=2.534588098526001, test/num_examples=10000, total_duration=8178.68, train/accuracy=0.680086076259613, train/loss=1.2836494445800781, validation/accuracy=0.5890600085258484, validation/loss=1.7230149507522583, validation/num_examples=50000
I0410 00:27:55.241225 140264978629824 spec.py:333] Evaluating on the training split.
I0410 00:28:09.004977 140264978629824 spec.py:346] Evaluating on the validation split.
I0410 00:28:19.421270 140264978629824 spec.py:363] Evaluating on the test split.
I0410 00:28:20.312082 140264978629824 submission_runner.py:516] Time since start: 10199.76s, 	Step: 39427, 	{'train/accuracy': Array(0.6594786, dtype=float32), 'train/loss': Array(1.3404597, dtype=float32), 'validation/accuracy': Array(0.59928, dtype=float32), 'validation/loss': Array(1.6776053, dtype=float32), 'validation/num_examples': 50000, 'test/accuracy': Array(0.47990003, dtype=float32), 'test/loss': Array(2.4075854, dtype=float32), 'test/num_examples': 10000, 'score': 10030.048065185547, 'total_duration': 10199.761326789856, 'accumulated_submission_time': 10030.048065185547, 'accumulated_eval_time': 168.98645544052124, 'accumulated_logging_time': 0.37244582176208496}
I0410 00:28:20.364777 140049983186688 logging_writer.py:48] [39427] accumulated_eval_time=168.986, accumulated_logging_time=0.372446, accumulated_submission_time=10030, global_step=39427, preemption_count=0, score=10030, test/accuracy=0.4799000322818756, test/loss=2.407585382461548, test/num_examples=10000, total_duration=10199.8, train/accuracy=0.6594786047935486, train/loss=1.3404597043991089, validation/accuracy=0.5992799997329712, validation/loss=1.6776052713394165, validation/num_examples=50000
I0410 01:01:36.504476 140264978629824 spec.py:333] Evaluating on the training split.
I0410 01:01:48.818648 140264978629824 spec.py:346] Evaluating on the validation split.
I0410 01:01:59.618981 140264978629824 spec.py:363] Evaluating on the test split.
I0410 01:02:00.510811 140264978629824 submission_runner.py:516] Time since start: 12219.96s, 	Step: 47346, 	{'train/accuracy': Array(0.6678492, dtype=float32), 'train/loss': Array(1.305196, dtype=float32), 'validation/accuracy': Array(0.61204, dtype=float32), 'validation/loss': Array(1.6183524, dtype=float32), 'validation/num_examples': 50000, 'test/accuracy': Array(0.4891, dtype=float32), 'test/loss': Array(2.337249, dtype=float32), 'test/num_examples': 10000, 'score': 12026.094198226929, 'total_duration': 12219.958055734634, 'accumulated_submission_time': 12026.094198226929, 'accumulated_eval_time': 192.98850631713867, 'accumulated_logging_time': 0.4488561153411865}
I0410 01:02:00.573569 140049991579392 logging_writer.py:48] [47346] accumulated_eval_time=192.989, accumulated_logging_time=0.448856, accumulated_submission_time=12026.1, global_step=47346, preemption_count=0, score=12026.1, test/accuracy=0.48910000920295715, test/loss=2.3372490406036377, test/num_examples=10000, total_duration=12220, train/accuracy=0.6678491830825806, train/loss=1.3051960468292236, validation/accuracy=0.6120399832725525, validation/loss=1.6183524131774902, validation/num_examples=50000
I0410 01:35:16.564336 140264978629824 spec.py:333] Evaluating on the training split.
I0410 01:35:28.821299 140264978629824 spec.py:346] Evaluating on the validation split.
I0410 01:35:40.300270 140264978629824 spec.py:363] Evaluating on the test split.
I0410 01:35:41.195655 140264978629824 submission_runner.py:516] Time since start: 14240.64s, 	Step: 55265, 	{'train/accuracy': Array(0.6840322, dtype=float32), 'train/loss': Array(1.2292423, dtype=float32), 'validation/accuracy': Array(0.63023996, dtype=float32), 'validation/loss': Array(1.526118, dtype=float32), 'validation/num_examples': 50000, 'test/accuracy': Array(0.5072, dtype=float32), 'test/loss': Array(2.2741594, dtype=float32), 'test/num_examples': 10000, 'score': 14021.988013505936, 'total_duration': 14240.644456624985, 'accumulated_submission_time': 14021.988013505936, 'accumulated_eval_time': 217.61709880828857, 'accumulated_logging_time': 0.5404887199401855}
I0410 01:35:41.262346 140049983186688 logging_writer.py:48] [55265] accumulated_eval_time=217.617, accumulated_logging_time=0.540489, accumulated_submission_time=14022, global_step=55265, preemption_count=0, score=14022, test/accuracy=0.5072000026702881, test/loss=2.2741594314575195, test/num_examples=10000, total_duration=14240.6, train/accuracy=0.6840322017669678, train/loss=1.2292423248291016, validation/accuracy=0.6302399635314941, validation/loss=1.5261180400848389, validation/num_examples=50000
I0410 02:08:57.298498 140264978629824 spec.py:333] Evaluating on the training split.
I0410 02:09:08.917235 140264978629824 spec.py:346] Evaluating on the validation split.
I0410 02:09:19.878101 140264978629824 spec.py:363] Evaluating on the test split.
I0410 02:09:20.769908 140264978629824 submission_runner.py:516] Time since start: 16260.22s, 	Step: 63185, 	{'train/accuracy': Array(0.6854871, dtype=float32), 'train/loss': Array(1.2293518, dtype=float32), 'validation/accuracy': Array(0.61126, dtype=float32), 'validation/loss': Array(1.6235578, dtype=float32), 'validation/num_examples': 50000, 'test/accuracy': Array(0.48400003, dtype=float32), 'test/loss': Array(2.3661757, dtype=float32), 'test/num_examples': 10000, 'score': 16017.922193288803, 'total_duration': 16260.219210863113, 'accumulated_submission_time': 16017.922193288803, 'accumulated_eval_time': 241.08628368377686, 'accumulated_logging_time': 0.6406798362731934}
I0410 02:09:20.826543 140049991579392 logging_writer.py:48] [63185] accumulated_eval_time=241.086, accumulated_logging_time=0.64068, accumulated_submission_time=16017.9, global_step=63185, preemption_count=0, score=16017.9, test/accuracy=0.484000027179718, test/loss=2.366175651550293, test/num_examples=10000, total_duration=16260.2, train/accuracy=0.6854870915412903, train/loss=1.2293517589569092, validation/accuracy=0.6112599968910217, validation/loss=1.6235578060150146, validation/num_examples=50000
I0410 02:42:36.821709 140264978629824 spec.py:333] Evaluating on the training split.
I0410 02:42:48.304255 140264978629824 spec.py:346] Evaluating on the validation split.
I0410 02:43:00.428944 140264978629824 spec.py:363] Evaluating on the test split.
I0410 02:43:01.311985 140264978629824 submission_runner.py:516] Time since start: 18280.76s, 	Step: 71105, 	{'train/accuracy': Array(0.6889748, dtype=float32), 'train/loss': Array(1.2242439, dtype=float32), 'validation/accuracy': Array(0.62799996, dtype=float32), 'validation/loss': Array(1.5518013, dtype=float32), 'validation/num_examples': 50000, 'test/accuracy': Array(0.49390003, dtype=float32), 'test/loss': Array(2.330415, dtype=float32), 'test/num_examples': 10000, 'score': 18013.817272424698, 'total_duration': 18280.760816335678, 'accumulated_submission_time': 18013.817272424698, 'accumulated_eval_time': 265.57386112213135, 'accumulated_logging_time': 0.7285628318786621}
I0410 02:43:01.357431 140049983186688 logging_writer.py:48] [71105] accumulated_eval_time=265.574, accumulated_logging_time=0.728563, accumulated_submission_time=18013.8, global_step=71105, preemption_count=0, score=18013.8, test/accuracy=0.49390003085136414, test/loss=2.3304150104522705, test/num_examples=10000, total_duration=18280.8, train/accuracy=0.6889747977256775, train/loss=1.2242438793182373, validation/accuracy=0.6279999613761902, validation/loss=1.551801323890686, validation/num_examples=50000
I0410 03:16:17.455148 140264978629824 spec.py:333] Evaluating on the training split.
I0410 03:16:28.551189 140264978629824 spec.py:346] Evaluating on the validation split.
I0410 03:16:40.612061 140264978629824 spec.py:363] Evaluating on the test split.
I0410 03:16:41.592555 140264978629824 submission_runner.py:516] Time since start: 20300.96s, 	Step: 79023, 	{'train/accuracy': Array(0.70523757, dtype=float32), 'train/loss': Array(1.145118, dtype=float32), 'validation/accuracy': Array(0.64309996, dtype=float32), 'validation/loss': Array(1.4627168, dtype=float32), 'validation/num_examples': 50000, 'test/accuracy': Array(0.51930004, dtype=float32), 'test/loss': Array(2.2158484, dtype=float32), 'test/num_examples': 10000, 'score': 20009.806787729263, 'total_duration': 20300.96095085144, 'accumulated_submission_time': 20009.806787729263, 'accumulated_eval_time': 289.628134727478, 'accumulated_logging_time': 0.8144221305847168}
I0410 03:16:42.447519 140049991579392 logging_writer.py:48] [79023] accumulated_eval_time=289.628, accumulated_logging_time=0.814422, accumulated_submission_time=20009.8, global_step=79023, preemption_count=0, score=20009.8, test/accuracy=0.5193000435829163, test/loss=2.215848445892334, test/num_examples=10000, total_duration=20301, train/accuracy=0.7052375674247742, train/loss=1.145117998123169, validation/accuracy=0.6430999636650085, validation/loss=1.462716817855835, validation/num_examples=50000
I0410 03:49:57.644456 140264978629824 spec.py:333] Evaluating on the training split.
I0410 03:50:08.687890 140264978629824 spec.py:346] Evaluating on the validation split.
I0410 03:50:20.388237 140264978629824 spec.py:363] Evaluating on the test split.
I0410 03:50:21.270390 140264978629824 submission_runner.py:516] Time since start: 22320.72s, 	Step: 86939, 	{'train/accuracy': Array(0.76259565, dtype=float32), 'train/loss': Array(0.88518894, dtype=float32), 'validation/accuracy': Array(0.65327996, dtype=float32), 'validation/loss': Array(1.4234512, dtype=float32), 'validation/num_examples': 50000, 'test/accuracy': Array(0.52220005, dtype=float32), 'test/loss': Array(2.179261, dtype=float32), 'test/num_examples': 10000, 'score': 22004.290590286255, 'total_duration': 22320.719822883606, 'accumulated_submission_time': 22004.290590286255, 'accumulated_eval_time': 313.25197196006775, 'accumulated_logging_time': 2.31473708152771}
I0410 03:50:21.319658 140049983186688 logging_writer.py:48] [86939] accumulated_eval_time=313.252, accumulated_logging_time=2.31474, accumulated_submission_time=22004.3, global_step=86939, preemption_count=0, score=22004.3, test/accuracy=0.5222000479698181, test/loss=2.1792609691619873, test/num_examples=10000, total_duration=22320.7, train/accuracy=0.7625956535339355, train/loss=0.8851889371871948, validation/accuracy=0.6532799601554871, validation/loss=1.4234511852264404, validation/num_examples=50000
I0410 04:23:37.498295 140264978629824 spec.py:333] Evaluating on the training split.
I0410 04:23:48.480636 140264978629824 spec.py:346] Evaluating on the validation split.
I0410 04:23:59.620810 140264978629824 spec.py:363] Evaluating on the test split.
I0410 04:24:00.513391 140264978629824 submission_runner.py:516] Time since start: 24339.96s, 	Step: 94857, 	{'train/accuracy': Array(0.7367068, dtype=float32), 'train/loss': Array(0.99433243, dtype=float32), 'validation/accuracy': Array(0.65818, dtype=float32), 'validation/loss': Array(1.3894365, dtype=float32), 'validation/num_examples': 50000, 'test/accuracy': Array(0.531, dtype=float32), 'test/loss': Array(2.1176255, dtype=float32), 'test/num_examples': 10000, 'score': 24000.391231298447, 'total_duration': 24339.962404727936, 'accumulated_submission_time': 24000.391231298447, 'accumulated_eval_time': 336.2645547389984, 'accumulated_logging_time': 2.3730838298797607}
I0410 04:24:00.565949 140049991579392 logging_writer.py:48] [94857] accumulated_eval_time=336.265, accumulated_logging_time=2.37308, accumulated_submission_time=24000.4, global_step=94857, preemption_count=0, score=24000.4, test/accuracy=0.531000018119812, test/loss=2.1176254749298096, test/num_examples=10000, total_duration=24340, train/accuracy=0.7367067933082581, train/loss=0.9943324327468872, validation/accuracy=0.6581799983978271, validation/loss=1.3894364833831787, validation/num_examples=50000
I0410 04:57:16.740998 140264978629824 spec.py:333] Evaluating on the training split.
I0410 04:57:27.413859 140264978629824 spec.py:346] Evaluating on the validation split.
I0410 04:57:38.650080 140264978629824 spec.py:363] Evaluating on the test split.
I0410 04:57:39.542808 140264978629824 submission_runner.py:516] Time since start: 26358.99s, 	Step: 102775, 	{'train/accuracy': Array(0.72474885, dtype=float32), 'train/loss': Array(1.0585201, dtype=float32), 'validation/accuracy': Array(0.65393996, dtype=float32), 'validation/loss': Array(1.4284786, dtype=float32), 'validation/num_examples': 50000, 'test/accuracy': Array(0.5209, dtype=float32), 'test/loss': Array(2.1855955, dtype=float32), 'test/num_examples': 10000, 'score': 25996.489329338074, 'total_duration': 26358.992118358612, 'accumulated_submission_time': 25996.489329338074, 'accumulated_eval_time': 359.0641448497772, 'accumulated_logging_time': 2.4350314140319824}
I0410 04:57:39.592157 140049983186688 logging_writer.py:48] [102775] accumulated_eval_time=359.064, accumulated_logging_time=2.43503, accumulated_submission_time=25996.5, global_step=102775, preemption_count=0, score=25996.5, test/accuracy=0.5209000110626221, test/loss=2.1855955123901367, test/num_examples=10000, total_duration=26359, train/accuracy=0.7247488498687744, train/loss=1.0585200786590576, validation/accuracy=0.653939962387085, validation/loss=1.4284785985946655, validation/num_examples=50000
I0410 05:30:55.654526 140264978629824 spec.py:333] Evaluating on the training split.
I0410 05:31:06.002007 140264978629824 spec.py:346] Evaluating on the validation split.
I0410 05:31:16.916161 140264978629824 spec.py:363] Evaluating on the test split.
I0410 05:31:17.797125 140264978629824 submission_runner.py:516] Time since start: 28377.25s, 	Step: 110693, 	{'train/accuracy': Array(0.7543447, dtype=float32), 'train/loss': Array(0.9209967, dtype=float32), 'validation/accuracy': Array(0.67734, dtype=float32), 'validation/loss': Array(1.3016654, dtype=float32), 'validation/num_examples': 50000, 'test/accuracy': Array(0.5496, dtype=float32), 'test/loss': Array(2.0300527, dtype=float32), 'test/num_examples': 10000, 'score': 27992.455238342285, 'total_duration': 28377.24636745453, 'accumulated_submission_time': 27992.455238342285, 'accumulated_eval_time': 381.20445466041565, 'accumulated_logging_time': 2.5125818252563477}
I0410 05:31:17.849942 140049991579392 logging_writer.py:48] [110693] accumulated_eval_time=381.204, accumulated_logging_time=2.51258, accumulated_submission_time=27992.5, global_step=110693, preemption_count=0, score=27992.5, test/accuracy=0.5496000051498413, test/loss=2.030052661895752, test/num_examples=10000, total_duration=28377.2, train/accuracy=0.7543447017669678, train/loss=0.9209967255592346, validation/accuracy=0.6773399710655212, validation/loss=1.3016654253005981, validation/num_examples=50000
I0410 06:04:33.820618 140264978629824 spec.py:333] Evaluating on the training split.
I0410 06:04:44.396580 140264978629824 spec.py:346] Evaluating on the validation split.
I0410 06:04:56.530139 140264978629824 spec.py:363] Evaluating on the test split.
I0410 06:04:57.489779 140264978629824 submission_runner.py:516] Time since start: 30396.94s, 	Step: 118610, 	{'train/accuracy': Array(0.7855548, dtype=float32), 'train/loss': Array(0.7928064, dtype=float32), 'validation/accuracy': Array(0.6843, dtype=float32), 'validation/loss': Array(1.2792536, dtype=float32), 'validation/num_examples': 50000, 'test/accuracy': Array(0.55270004, dtype=float32), 'test/loss': Array(2.021832, dtype=float32), 'test/num_examples': 10000, 'score': 29988.32984638214, 'total_duration': 30396.938920259476, 'accumulated_submission_time': 29988.32984638214, 'accumulated_eval_time': 404.87122869491577, 'accumulated_logging_time': 2.5933454036712646}
I0410 06:04:57.541288 140049983186688 logging_writer.py:48] [118610] accumulated_eval_time=404.871, accumulated_logging_time=2.59335, accumulated_submission_time=29988.3, global_step=118610, preemption_count=0, score=29988.3, test/accuracy=0.5527000427246094, test/loss=2.02183198928833, test/num_examples=10000, total_duration=30396.9, train/accuracy=0.785554826259613, train/loss=0.7928063869476318, validation/accuracy=0.6843000054359436, validation/loss=1.279253602027893, validation/num_examples=50000
I0410 06:38:13.586919 140264978629824 spec.py:333] Evaluating on the training split.
I0410 06:38:24.609650 140264978629824 spec.py:346] Evaluating on the validation split.
I0410 06:38:36.477730 140264978629824 spec.py:363] Evaluating on the test split.
I0410 06:38:37.376091 140264978629824 submission_runner.py:516] Time since start: 32416.83s, 	Step: 126528, 	{'train/accuracy': Array(0.7884048, dtype=float32), 'train/loss': Array(0.77407974, dtype=float32), 'validation/accuracy': Array(0.6907, dtype=float32), 'validation/loss': Array(1.2562306, dtype=float32), 'validation/num_examples': 50000, 'test/accuracy': Array(0.55660003, dtype=float32), 'test/loss': Array(1.9763573, dtype=float32), 'test/num_examples': 10000, 'score': 31984.297168016434, 'total_duration': 32416.82523417473, 'accumulated_submission_time': 31984.297168016434, 'accumulated_eval_time': 428.6580140590668, 'accumulated_logging_time': 2.6551754474639893}
I0410 06:38:37.433599 140049991579392 logging_writer.py:48] [126528] accumulated_eval_time=428.658, accumulated_logging_time=2.65518, accumulated_submission_time=31984.3, global_step=126528, preemption_count=0, score=31984.3, test/accuracy=0.556600034236908, test/loss=1.976357340812683, test/num_examples=10000, total_duration=32416.8, train/accuracy=0.7884048223495483, train/loss=0.7740797400474548, validation/accuracy=0.6906999945640564, validation/loss=1.2562305927276611, validation/num_examples=50000
I0410 07:11:53.480795 140264978629824 spec.py:333] Evaluating on the training split.
I0410 07:12:04.532577 140264978629824 spec.py:346] Evaluating on the validation split.
I0410 07:12:16.383497 140264978629824 spec.py:363] Evaluating on the test split.
I0410 07:12:17.329258 140264978629824 submission_runner.py:516] Time since start: 34436.73s, 	Step: 134445, 	{'train/accuracy': Array(0.80080116, dtype=float32), 'train/loss': Array(0.716577, dtype=float32), 'validation/accuracy': Array(0.69978, dtype=float32), 'validation/loss': Array(1.2170619, dtype=float32), 'validation/num_examples': 50000, 'test/accuracy': Array(0.5705, dtype=float32), 'test/loss': Array(1.9494141, dtype=float32), 'test/num_examples': 10000, 'score': 33980.258030653, 'total_duration': 34436.72903394699, 'accumulated_submission_time': 33980.258030653, 'accumulated_eval_time': 452.45472478866577, 'accumulated_logging_time': 2.7311105728149414}
I0410 07:12:17.882354 140049983186688 logging_writer.py:48] [134445] accumulated_eval_time=452.455, accumulated_logging_time=2.73111, accumulated_submission_time=33980.3, global_step=134445, preemption_count=0, score=33980.3, test/accuracy=0.5705000162124634, test/loss=1.9494141340255737, test/num_examples=10000, total_duration=34436.7, train/accuracy=0.800801157951355, train/loss=0.7165769934654236, validation/accuracy=0.6997799873352051, validation/loss=1.2170618772506714, validation/num_examples=50000
I0410 07:45:33.462132 140264978629824 spec.py:333] Evaluating on the training split.
I0410 07:45:43.889926 140264978629824 spec.py:346] Evaluating on the validation split.
I0410 07:45:56.138822 140264978629824 spec.py:363] Evaluating on the test split.
I0410 07:45:57.344570 140264978629824 submission_runner.py:516] Time since start: 36456.79s, 	Step: 142358, 	{'train/accuracy': Array(0.8700972, dtype=float32), 'train/loss': Array(0.46395487, dtype=float32), 'validation/accuracy': Array(0.71551996, dtype=float32), 'validation/loss': Array(1.1571445, dtype=float32), 'validation/num_examples': 50000, 'test/accuracy': Array(0.58250004, dtype=float32), 'test/loss': Array(1.9058353, dtype=float32), 'test/num_examples': 10000, 'score': 35975.31259036064, 'total_duration': 36456.79373431206, 'accumulated_submission_time': 35975.31259036064, 'accumulated_eval_time': 476.3348000049591, 'accumulated_logging_time': 3.7256884574890137}
I0410 07:45:57.445052 140049991579392 logging_writer.py:48] [142358] accumulated_eval_time=476.335, accumulated_logging_time=3.72569, accumulated_submission_time=35975.3, global_step=142358, preemption_count=0, score=35975.3, test/accuracy=0.5825000405311584, test/loss=1.9058352708816528, test/num_examples=10000, total_duration=36456.8, train/accuracy=0.8700972199440002, train/loss=0.4639548659324646, validation/accuracy=0.7155199646949768, validation/loss=1.157144546508789, validation/num_examples=50000
I0410 08:19:13.506191 140264978629824 spec.py:333] Evaluating on the training split.
I0410 08:19:23.966907 140264978629824 spec.py:346] Evaluating on the validation split.
I0410 08:19:35.060557 140264978629824 spec.py:363] Evaluating on the test split.
I0410 08:19:35.954441 140264978629824 submission_runner.py:516] Time since start: 38475.40s, 	Step: 150275, 	{'train/accuracy': Array(0.8689612, dtype=float32), 'train/loss': Array(0.45192713, dtype=float32), 'validation/accuracy': Array(0.7273, dtype=float32), 'validation/loss': Array(1.1337321, dtype=float32), 'validation/num_examples': 50000, 'test/accuracy': Array(0.60270005, dtype=float32), 'test/loss': Array(1.8863665, dtype=float32), 'test/num_examples': 10000, 'score': 37971.23544669151, 'total_duration': 38475.39901828766, 'accumulated_submission_time': 37971.23544669151, 'accumulated_eval_time': 498.7761023044586, 'accumulated_logging_time': 3.8959357738494873}
I0410 08:19:36.008603 140049983186688 logging_writer.py:48] [150275] accumulated_eval_time=498.776, accumulated_logging_time=3.89594, accumulated_submission_time=37971.2, global_step=150275, preemption_count=0, score=37971.2, test/accuracy=0.6027000546455383, test/loss=1.8863664865493774, test/num_examples=10000, total_duration=38475.4, train/accuracy=0.8689612150192261, train/loss=0.451927125453949, validation/accuracy=0.7272999882698059, validation/loss=1.1337320804595947, validation/num_examples=50000
I0410 08:52:52.015030 140264978629824 spec.py:333] Evaluating on the training split.
I0410 08:53:02.779739 140264978629824 spec.py:346] Evaluating on the validation split.
I0410 08:53:14.378178 140264978629824 spec.py:363] Evaluating on the test split.
I0410 08:53:15.278634 140264978629824 submission_runner.py:516] Time since start: 40494.73s, 	Step: 158195, 	{'train/accuracy': Array(0.8840083, dtype=float32), 'train/loss': Array(0.3997479, dtype=float32), 'validation/accuracy': Array(0.73336, dtype=float32), 'validation/loss': Array(1.1113735, dtype=float32), 'validation/num_examples': 50000, 'test/accuracy': Array(0.6067, dtype=float32), 'test/loss': Array(1.8824618, dtype=float32), 'test/num_examples': 10000, 'score': 39967.15785765648, 'total_duration': 40494.72770142555, 'accumulated_submission_time': 39967.15785765648, 'accumulated_eval_time': 522.0372452735901, 'accumulated_logging_time': 3.9657680988311768}
I0410 08:53:15.339537 140049991579392 logging_writer.py:48] [158195] accumulated_eval_time=522.037, accumulated_logging_time=3.96577, accumulated_submission_time=39967.2, global_step=158195, preemption_count=0, score=39967.2, test/accuracy=0.6067000031471252, test/loss=1.8824617862701416, test/num_examples=10000, total_duration=40494.7, train/accuracy=0.8840082883834839, train/loss=0.39974790811538696, validation/accuracy=0.7333599925041199, validation/loss=1.1113735437393188, validation/num_examples=50000
I0410 09:26:31.505865 140264978629824 spec.py:333] Evaluating on the training split.
I0410 09:26:42.079706 140264978629824 spec.py:346] Evaluating on the validation split.
I0410 09:26:53.245717 140264978629824 spec.py:363] Evaluating on the test split.
I0410 09:26:54.160825 140264978629824 submission_runner.py:516] Time since start: 42513.59s, 	Step: 166111, 	{'train/accuracy': Array(0.91330516, dtype=float32), 'train/loss': Array(0.30126637, dtype=float32), 'validation/accuracy': Array(0.74104, dtype=float32), 'validation/loss': Array(1.0918078, dtype=float32), 'validation/num_examples': 50000, 'test/accuracy': Array(0.61300004, dtype=float32), 'test/loss': Array(1.8639657, dtype=float32), 'test/num_examples': 10000, 'score': 41963.24556517601, 'total_duration': 42513.59116625786, 'accumulated_submission_time': 41963.24556517601, 'accumulated_eval_time': 544.6710178852081, 'accumulated_logging_time': 4.03771710395813}
I0410 09:26:54.714171 140049983186688 logging_writer.py:48] [166111] accumulated_eval_time=544.671, accumulated_logging_time=4.03772, accumulated_submission_time=41963.2, global_step=166111, preemption_count=0, score=41963.2, test/accuracy=0.6130000352859497, test/loss=1.8639657497406006, test/num_examples=10000, total_duration=42513.6, train/accuracy=0.9133051633834839, train/loss=0.3012663722038269, validation/accuracy=0.7410399913787842, validation/loss=1.0918078422546387, validation/num_examples=50000
I0410 10:00:10.381210 140264978629824 spec.py:333] Evaluating on the training split.
I0410 10:00:21.159581 140264978629824 spec.py:346] Evaluating on the validation split.
I0410 10:00:33.307789 140264978629824 spec.py:363] Evaluating on the test split.
I0410 10:00:34.204411 140264978629824 submission_runner.py:516] Time since start: 44533.65s, 	Step: 174023, 	{'train/accuracy': Array(0.9442363, dtype=float32), 'train/loss': Array(0.19890799, dtype=float32), 'validation/accuracy': Array(0.74612, dtype=float32), 'validation/loss': Array(1.0849329, dtype=float32), 'validation/num_examples': 50000, 'test/accuracy': Array(0.61980003, dtype=float32), 'test/loss': Array(1.8764575, dtype=float32), 'test/num_examples': 10000, 'score': 43958.335491895676, 'total_duration': 44533.65327978134, 'accumulated_submission_time': 43958.335491895676, 'accumulated_eval_time': 568.4915583133698, 'accumulated_logging_time': 5.100914478302002}
I0410 10:00:34.257785 140049991579392 logging_writer.py:48] [174023] accumulated_eval_time=568.492, accumulated_logging_time=5.10091, accumulated_submission_time=43958.3, global_step=174023, preemption_count=0, score=43958.3, test/accuracy=0.6198000311851501, test/loss=1.8764574527740479, test/num_examples=10000, total_duration=44533.7, train/accuracy=0.9442362785339355, train/loss=0.1989079862833023, validation/accuracy=0.7461199760437012, validation/loss=1.0849329233169556, validation/num_examples=50000
I0410 10:33:50.424048 140264978629824 spec.py:333] Evaluating on the training split.
I0410 10:34:01.123026 140264978629824 spec.py:346] Evaluating on the validation split.
I0410 10:34:13.790707 140264978629824 spec.py:363] Evaluating on the test split.
I0410 10:34:14.795644 140264978629824 submission_runner.py:516] Time since start: 46554.14s, 	Step: 181937, 	{'train/accuracy': Array(0.9540617, dtype=float32), 'train/loss': Array(0.16906318, dtype=float32), 'validation/accuracy': Array(0.75174, dtype=float32), 'validation/loss': Array(1.0701915, dtype=float32), 'validation/num_examples': 50000, 'test/accuracy': Array(0.62200004, dtype=float32), 'test/loss': Array(1.8678708, dtype=float32), 'test/num_examples': 10000, 'score': 45954.37916469574, 'total_duration': 46554.1380674839, 'accumulated_submission_time': 45954.37916469574, 'accumulated_eval_time': 592.7689626216888, 'accumulated_logging_time': 5.173879861831665}
I0410 10:34:16.163089 140049983186688 logging_writer.py:48] [181937] accumulated_eval_time=592.769, accumulated_logging_time=5.17388, accumulated_submission_time=45954.4, global_step=181937, preemption_count=0, score=45954.4, test/accuracy=0.6220000386238098, test/loss=1.867870807647705, test/num_examples=10000, total_duration=46554.1, train/accuracy=0.9540616869926453, train/loss=0.16906318068504333, validation/accuracy=0.7517399787902832, validation/loss=1.070191502571106, validation/num_examples=50000
I0410 11:07:30.894890 140264978629824 spec.py:333] Evaluating on the training split.
I0410 11:07:41.441524 140264978629824 spec.py:346] Evaluating on the validation split.
I0410 11:07:55.460432 140264978629824 spec.py:363] Evaluating on the test split.
I0410 11:07:56.714058 140264978629824 submission_runner.py:516] Time since start: 48576.00s, 	Step: 189795, 	{'train/accuracy': Array(0.9623525, dtype=float32), 'train/loss': Array(0.1437478, dtype=float32), 'validation/accuracy': Array(0.75536, dtype=float32), 'validation/loss': Array(1.062311, dtype=float32), 'validation/num_examples': 50000, 'test/accuracy': Array(0.6291, dtype=float32), 'test/loss': Array(1.8562347, dtype=float32), 'test/num_examples': 10000, 'score': 47948.21336722374, 'total_duration': 48576.004796266556, 'accumulated_submission_time': 47948.21336722374, 'accumulated_eval_time': 618.4439845085144, 'accumulated_logging_time': 7.335110187530518}
I0410 11:07:58.099539 140049991579392 logging_writer.py:48] [189795] accumulated_eval_time=618.444, accumulated_logging_time=7.33511, accumulated_submission_time=47948.2, global_step=189795, preemption_count=0, score=47948.2, test/accuracy=0.6291000247001648, test/loss=1.8562346696853638, test/num_examples=10000, total_duration=48576, train/accuracy=0.9623525142669678, train/loss=0.14374780654907227, validation/accuracy=0.7553600072860718, validation/loss=1.062311053276062, validation/num_examples=50000
I0410 11:41:12.710618 140264978629824 spec.py:333] Evaluating on the training split.
I0410 11:41:21.862954 140264978629824 spec.py:346] Evaluating on the validation split.
I0410 11:41:54.105257 140264978629824 spec.py:363] Evaluating on the test split.
I0410 11:41:56.100202 140264978629824 submission_runner.py:516] Time since start: 50614.82s, 	Step: 197427, 	{'train/accuracy': Array(0.961077, dtype=float32), 'train/loss': Array(0.14478, dtype=float32), 'validation/accuracy': Array(0.75522, dtype=float32), 'validation/loss': Array(1.0576012, dtype=float32), 'validation/num_examples': 50000, 'test/accuracy': Array(0.62770003, dtype=float32), 'test/loss': Array(1.8527858, dtype=float32), 'test/num_examples': 10000, 'score': 49941.921040058136, 'total_duration': 50614.81897163391, 'accumulated_submission_time': 49941.921040058136, 'accumulated_eval_time': 661.1202051639557, 'accumulated_logging_time': 9.510184526443481}
I0410 11:41:57.539979 140049983186688 logging_writer.py:48] [197427] accumulated_eval_time=661.12, accumulated_logging_time=9.51018, accumulated_submission_time=49941.9, global_step=197427, preemption_count=0, score=49941.9, test/accuracy=0.6277000308036804, test/loss=1.8527858257293701, test/num_examples=10000, total_duration=50614.8, train/accuracy=0.9610769748687744, train/loss=0.1447799950838089, validation/accuracy=0.7552199959754944, validation/loss=1.0576012134552002, validation/num_examples=50000
I0410 12:15:11.644764 140264978629824 spec.py:333] Evaluating on the training split.
I0410 12:15:20.982421 140264978629824 spec.py:346] Evaluating on the validation split.
I0410 12:15:57.388432 140264978629824 spec.py:363] Evaluating on the test split.
I0410 12:15:58.735584 140264978629824 submission_runner.py:516] Time since start: 52658.04s, 	Step: 204429, 	{'train/accuracy': Array(0.9619539, dtype=float32), 'train/loss': Array(0.1427932, dtype=float32), 'validation/accuracy': Array(0.75486, dtype=float32), 'validation/loss': Array(1.0596173, dtype=float32), 'validation/num_examples': 50000, 'test/accuracy': Array(0.62950003, dtype=float32), 'test/loss': Array(1.8553677, dtype=float32), 'test/num_examples': 10000, 'score': 51935.09852313995, 'total_duration': 52658.036447286606, 'accumulated_submission_time': 51935.09852313995, 'accumulated_eval_time': 708.074969291687, 'accumulated_logging_time': 11.77468204498291}
I0410 12:16:00.199146 140049991579392 logging_writer.py:48] [204429] accumulated_eval_time=708.075, accumulated_logging_time=11.7747, accumulated_submission_time=51935.1, global_step=204429, preemption_count=0, score=51935.1, test/accuracy=0.6295000314712524, test/loss=1.855367660522461, test/num_examples=10000, total_duration=52658, train/accuracy=0.96195387840271, train/loss=0.1427931934595108, validation/accuracy=0.754859983921051, validation/loss=1.059617280960083, validation/num_examples=50000
I0410 12:49:14.734085 140264978629824 spec.py:333] Evaluating on the training split.
I0410 12:49:23.712916 140264978629824 spec.py:346] Evaluating on the validation split.
I0410 12:49:57.173797 140264978629824 spec.py:363] Evaluating on the test split.
I0410 12:49:58.704926 140264978629824 submission_runner.py:516] Time since start: 54697.92s, 	Step: 210547, 	{'train/accuracy': Array(0.96307, dtype=float32), 'train/loss': Array(0.14062202, dtype=float32), 'validation/accuracy': Array(0.75509995, dtype=float32), 'validation/loss': Array(1.0595253, dtype=float32), 'validation/num_examples': 50000, 'test/accuracy': Array(0.6286, dtype=float32), 'test/loss': Array(1.8572416, dtype=float32), 'test/num_examples': 10000, 'score': 53928.5645608902, 'total_duration': 54697.92349243164, 'accumulated_submission_time': 53928.5645608902, 'accumulated_eval_time': 751.8562507629395, 'accumulated_logging_time': 14.137553215026855}
I0410 12:50:00.143851 140049983186688 logging_writer.py:48] [210547] accumulated_eval_time=751.856, accumulated_logging_time=14.1376, accumulated_submission_time=53928.6, global_step=210547, preemption_count=0, score=53928.6, test/accuracy=0.628600001335144, test/loss=1.8572416305541992, test/num_examples=10000, total_duration=54697.9, train/accuracy=0.9630699753761292, train/loss=0.14062201976776123, validation/accuracy=0.7550999522209167, validation/loss=1.0595252513885498, validation/num_examples=50000
I0410 13:23:14.615660 140264978629824 spec.py:333] Evaluating on the training split.
I0410 13:23:24.381387 140264978629824 spec.py:346] Evaluating on the validation split.
I0410 13:23:35.804551 140264978629824 spec.py:363] Evaluating on the test split.
I0410 13:23:37.073870 140264978629824 submission_runner.py:516] Time since start: 56716.39s, 	Step: 216649, 	{'train/accuracy': Array(0.9635682, dtype=float32), 'train/loss': Array(0.13920625, dtype=float32), 'validation/accuracy': Array(0.755, dtype=float32), 'validation/loss': Array(1.0604776, dtype=float32), 'validation/num_examples': 50000, 'test/accuracy': Array(0.62750006, dtype=float32), 'test/loss': Array(1.8565642, dtype=float32), 'test/num_examples': 10000, 'score': 55921.98712062836, 'total_duration': 56716.386246204376, 'accumulated_submission_time': 55921.98712062836, 'accumulated_eval_time': 774.2181661128998, 'accumulated_logging_time': 16.492375373840332}
I0410 13:23:38.480612 140049991579392 logging_writer.py:48] [216649] accumulated_eval_time=774.218, accumulated_logging_time=16.4924, accumulated_submission_time=55922, global_step=216649, preemption_count=0, score=55922, test/accuracy=0.627500057220459, test/loss=1.8565641641616821, test/num_examples=10000, total_duration=56716.4, train/accuracy=0.9635682106018066, train/loss=0.13920624554157257, validation/accuracy=0.7549999952316284, validation/loss=1.060477614402771, validation/num_examples=50000
I0410 13:56:53.145472 140264978629824 spec.py:333] Evaluating on the training split.
I0410 13:57:02.258035 140264978629824 spec.py:346] Evaluating on the validation split.
I0410 13:57:34.840508 140264978629824 spec.py:363] Evaluating on the test split.
I0410 13:57:36.247475 140264978629824 submission_runner.py:516] Time since start: 58755.57s, 	Step: 222837, 	{'train/accuracy': Array(0.9633091, dtype=float32), 'train/loss': Array(0.14015204, dtype=float32), 'validation/accuracy': Array(0.75523996, dtype=float32), 'validation/loss': Array(1.0590135, dtype=float32), 'validation/num_examples': 50000, 'test/accuracy': Array(0.62810004, dtype=float32), 'test/loss': Array(1.8558189, dtype=float32), 'test/num_examples': 10000, 'score': 57915.72270679474, 'total_duration': 58755.56581759453, 'accumulated_submission_time': 57915.72270679474, 'accumulated_eval_time': 817.2051019668579, 'accumulated_logging_time': 18.7112238407135}
I0410 13:57:37.570079 140049983186688 logging_writer.py:48] [222837] accumulated_eval_time=817.205, accumulated_logging_time=18.7112, accumulated_submission_time=57915.7, global_step=222837, preemption_count=0, score=57915.7, test/accuracy=0.6281000375747681, test/loss=1.8558188676834106, test/num_examples=10000, total_duration=58755.6, train/accuracy=0.963309109210968, train/loss=0.14015203714370728, validation/accuracy=0.7552399635314941, validation/loss=1.0590134859085083, validation/num_examples=50000
I0410 14:30:52.328112 140264978629824 spec.py:333] Evaluating on the training split.
I0410 14:31:01.896807 140264978629824 spec.py:346] Evaluating on the validation split.
I0410 14:31:33.018801 140264978629824 spec.py:363] Evaluating on the test split.
I0410 14:31:34.520610 140264978629824 submission_runner.py:516] Time since start: 60793.77s, 	Step: 228975, 	{'train/accuracy': Array(0.96402663, dtype=float32), 'train/loss': Array(0.13913503, dtype=float32), 'validation/accuracy': Array(0.75527996, dtype=float32), 'validation/loss': Array(1.0586714, dtype=float32), 'validation/num_examples': 50000, 'test/accuracy': Array(0.628, dtype=float32), 'test/loss': Array(1.8562891, dtype=float32), 'test/num_examples': 10000, 'score': 59909.474811792374, 'total_duration': 60793.767906188965, 'accumulated_submission_time': 59909.474811792374, 'accumulated_eval_time': 859.2113761901855, 'accumulated_logging_time': 20.93871259689331}
I0410 14:31:35.737472 140049991579392 logging_writer.py:48] [228975] accumulated_eval_time=859.211, accumulated_logging_time=20.9387, accumulated_submission_time=59909.5, global_step=228975, preemption_count=0, score=59909.5, test/accuracy=0.628000020980835, test/loss=1.8562891483306885, test/num_examples=10000, total_duration=60793.8, train/accuracy=0.9640266299247742, train/loss=0.13913503289222717, validation/accuracy=0.7552799582481384, validation/loss=1.0586713552474976, validation/num_examples=50000
I0410 15:04:50.725608 140264978629824 spec.py:333] Evaluating on the training split.
I0410 15:04:59.665297 140264978629824 spec.py:346] Evaluating on the validation split.
I0410 15:05:30.344931 140264978629824 spec.py:363] Evaluating on the test split.
I0410 15:05:31.782349 140264978629824 submission_runner.py:516] Time since start: 62831.07s, 	Step: 235180, 	{'train/accuracy': Array(0.9627312, dtype=float32), 'train/loss': Array(0.14288776, dtype=float32), 'validation/accuracy': Array(0.75512, dtype=float32), 'validation/loss': Array(1.0588869, dtype=float32), 'validation/num_examples': 50000, 'test/accuracy': Array(0.62930006, dtype=float32), 'test/loss': Array(1.8553659, dtype=float32), 'test/num_examples': 10000, 'score': 61903.498964071274, 'total_duration': 62831.07086586952, 'accumulated_submission_time': 61903.498964071274, 'accumulated_eval_time': 900.13760638237, 'accumulated_logging_time': 22.986190795898438}
I0410 15:05:33.093973 140049983186688 logging_writer.py:48] [235180] accumulated_eval_time=900.138, accumulated_logging_time=22.9862, accumulated_submission_time=61903.5, global_step=235180, preemption_count=0, score=61903.5, test/accuracy=0.629300057888031, test/loss=1.8553658723831177, test/num_examples=10000, total_duration=62831.1, train/accuracy=0.9627311825752258, train/loss=0.14288775622844696, validation/accuracy=0.7551199793815613, validation/loss=1.0588868856430054, validation/num_examples=50000
I0410 15:38:48.045163 140264978629824 spec.py:333] Evaluating on the training split.
I0410 15:38:56.980056 140264978629824 spec.py:346] Evaluating on the validation split.
I0410 15:39:26.867982 140264978629824 spec.py:363] Evaluating on the test split.
I0410 15:39:28.246239 140264978629824 submission_runner.py:516] Time since start: 64867.55s, 	Step: 241361, 	{'train/accuracy': Array(0.9645448, dtype=float32), 'train/loss': Array(0.13801901, dtype=float32), 'validation/accuracy': Array(0.75519997, dtype=float32), 'validation/loss': Array(1.0577532, dtype=float32), 'validation/num_examples': 50000, 'test/accuracy': Array(0.6294, dtype=float32), 'test/loss': Array(1.856087, dtype=float32), 'test/num_examples': 10000, 'score': 63897.522122621536, 'total_duration': 64867.55021882057, 'accumulated_submission_time': 63897.522122621536, 'accumulated_eval_time': 940.2448418140411, 'accumulated_logging_time': 25.065017223358154}
I0410 15:39:29.537858 140049991579392 logging_writer.py:48] [241361] accumulated_eval_time=940.245, accumulated_logging_time=25.065, accumulated_submission_time=63897.5, global_step=241361, preemption_count=0, score=63897.5, test/accuracy=0.6294000148773193, test/loss=1.8560869693756104, test/num_examples=10000, total_duration=64867.6, train/accuracy=0.9645447731018066, train/loss=0.13801901042461395, validation/accuracy=0.7551999688148499, validation/loss=1.0577532052993774, validation/num_examples=50000
I0410 16:12:44.278247 140264978629824 spec.py:333] Evaluating on the training split.
I0410 16:12:53.227393 140264978629824 spec.py:346] Evaluating on the validation split.
I0410 16:13:25.134932 140264978629824 spec.py:363] Evaluating on the test split.
I0410 16:13:26.647773 140264978629824 submission_runner.py:516] Time since start: 66905.89s, 	Step: 247574, 	{'train/accuracy': Array(0.962771, dtype=float32), 'train/loss': Array(0.14178106, dtype=float32), 'validation/accuracy': Array(0.75522, dtype=float32), 'validation/loss': Array(1.0572546, dtype=float32), 'validation/num_examples': 50000, 'test/accuracy': Array(0.62780005, dtype=float32), 'test/loss': Array(1.8537009, dtype=float32), 'test/num_examples': 10000, 'score': 65891.39202260971, 'total_duration': 66905.88658690453, 'accumulated_submission_time': 65891.39202260971, 'accumulated_eval_time': 982.4278094768524, 'accumulated_logging_time': 27.114047050476074}
I0410 16:13:27.849648 140049983186688 logging_writer.py:48] [247574] accumulated_eval_time=982.428, accumulated_logging_time=27.114, accumulated_submission_time=65891.4, global_step=247574, preemption_count=0, score=65891.4, test/accuracy=0.6278000473976135, test/loss=1.853700876235962, test/num_examples=10000, total_duration=66905.9, train/accuracy=0.9627709984779358, train/loss=0.1417810618877411, validation/accuracy=0.7552199959754944, validation/loss=1.0572545528411865, validation/num_examples=50000
I0410 16:46:42.783199 140264978629824 spec.py:333] Evaluating on the training split.
I0410 16:46:53.345831 140264978629824 spec.py:346] Evaluating on the validation split.
I0410 16:47:25.774408 140264978629824 spec.py:363] Evaluating on the test split.
I0410 16:47:27.293964 140264978629824 submission_runner.py:516] Time since start: 68946.50s, 	Step: 253727, 	{'train/accuracy': Array(0.96179444, dtype=float32), 'train/loss': Array(0.14591089, dtype=float32), 'validation/accuracy': Array(0.75518, dtype=float32), 'validation/loss': Array(1.0574362, dtype=float32), 'validation/num_examples': 50000, 'test/accuracy': Array(0.6279, dtype=float32), 'test/loss': Array(1.851808, dtype=float32), 'test/num_examples': 10000, 'score': 67885.43906474113, 'total_duration': 68946.50021147728, 'accumulated_submission_time': 67885.43906474113, 'accumulated_eval_time': 1026.7056138515472, 'accumulated_logging_time': 29.11200523376465}
I0410 16:47:28.716139 140049991579392 logging_writer.py:48] [253727] accumulated_eval_time=1026.71, accumulated_logging_time=29.112, accumulated_submission_time=67885.4, global_step=253727, preemption_count=0, score=67885.4, test/accuracy=0.6279000043869019, test/loss=1.851807951927185, test/num_examples=10000, total_duration=68946.5, train/accuracy=0.9617944359779358, train/loss=0.14591088891029358, validation/accuracy=0.7551800012588501, validation/loss=1.057436227798462, validation/num_examples=50000
I0410 17:20:43.162879 140264978629824 spec.py:333] Evaluating on the training split.
I0410 17:20:52.296509 140264978629824 spec.py:346] Evaluating on the validation split.
I0410 17:21:26.786986 140264978629824 spec.py:363] Evaluating on the test split.
I0410 17:21:28.183531 140264978629824 submission_runner.py:516] Time since start: 70987.43s, 	Step: 259895, 	{'train/accuracy': Array(0.9634885, dtype=float32), 'train/loss': Array(0.14281867, dtype=float32), 'validation/accuracy': Array(0.75527996, dtype=float32), 'validation/loss': Array(1.0604186, dtype=float32), 'validation/num_examples': 50000, 'test/accuracy': Array(0.62700003, dtype=float32), 'test/loss': Array(1.8556552, dtype=float32), 'test/num_examples': 10000, 'score': 69878.90381360054, 'total_duration': 70987.42638683319, 'accumulated_submission_time': 69878.90381360054, 'accumulated_eval_time': 1071.5423130989075, 'accumulated_logging_time': 31.404438018798828}
I0410 17:21:29.652241 140049983186688 logging_writer.py:48] [259895] accumulated_eval_time=1071.54, accumulated_logging_time=31.4044, accumulated_submission_time=69878.9, global_step=259895, preemption_count=0, score=69878.9, test/accuracy=0.6270000338554382, test/loss=1.8556551933288574, test/num_examples=10000, total_duration=70987.4, train/accuracy=0.9634885191917419, train/loss=0.14281867444515228, validation/accuracy=0.7552799582481384, validation/loss=1.0604186058044434, validation/num_examples=50000
I0410 17:54:44.064034 140264978629824 spec.py:333] Evaluating on the training split.
I0410 17:54:53.036170 140264978629824 spec.py:346] Evaluating on the validation split.
I0410 17:55:25.912826 140264978629824 spec.py:363] Evaluating on the test split.
I0410 17:55:27.265048 140264978629824 submission_runner.py:516] Time since start: 73026.52s, 	Step: 266012, 	{'train/accuracy': Array(0.9641661, dtype=float32), 'train/loss': Array(0.140743, dtype=float32), 'validation/accuracy': Array(0.75523996, dtype=float32), 'validation/loss': Array(1.059411, dtype=float32), 'validation/num_examples': 50000, 'test/accuracy': Array(0.6284, dtype=float32), 'test/loss': Array(1.8549106, dtype=float32), 'test/num_examples': 10000, 'score': 71872.32944822311, 'total_duration': 73026.52196288109, 'accumulated_submission_time': 71872.32944822311, 'accumulated_eval_time': 1114.5611925125122, 'accumulated_logging_time': 33.755791664123535}
I0410 17:55:28.652696 140049991579392 logging_writer.py:48] [266012] accumulated_eval_time=1114.56, accumulated_logging_time=33.7558, accumulated_submission_time=71872.3, global_step=266012, preemption_count=0, score=71872.3, test/accuracy=0.6284000277519226, test/loss=1.8549106121063232, test/num_examples=10000, total_duration=73026.5, train/accuracy=0.9641661047935486, train/loss=0.14074300229549408, validation/accuracy=0.7552399635314941, validation/loss=1.0594110488891602, validation/num_examples=50000
I0410 18:28:43.297419 140264978629824 spec.py:333] Evaluating on the training split.
I0410 18:28:52.422064 140264978629824 spec.py:346] Evaluating on the validation split.
I0410 18:29:25.874420 140264978629824 spec.py:363] Evaluating on the test split.
I0410 18:29:27.294718 140264978629824 submission_runner.py:516] Time since start: 75066.56s, 	Step: 272139, 	{'train/accuracy': Array(0.9641063, dtype=float32), 'train/loss': Array(0.14217034, dtype=float32), 'validation/accuracy': Array(0.75497997, dtype=float32), 'validation/loss': Array(1.0582973, dtype=float32), 'validation/num_examples': 50000, 'test/accuracy': Array(0.6284, dtype=float32), 'test/loss': Array(1.8555663, dtype=float32), 'test/num_examples': 10000, 'score': 73866.0061211586, 'total_duration': 75066.56443881989, 'accumulated_submission_time': 73866.0061211586, 'accumulated_eval_time': 1158.3950848579407, 'accumulated_logging_time': 36.01539206504822}
I0410 18:29:28.724101 140049983186688 logging_writer.py:48] [272139] accumulated_eval_time=1158.4, accumulated_logging_time=36.0154, accumulated_submission_time=73866, global_step=272139, preemption_count=0, score=73866, test/accuracy=0.6284000277519226, test/loss=1.8555662631988525, test/num_examples=10000, total_duration=75066.6, train/accuracy=0.9641063213348389, train/loss=0.14217033982276917, validation/accuracy=0.7549799680709839, validation/loss=1.0582972764968872, validation/num_examples=50000
I0410 19:02:45.480010 140049991579392 logging_writer.py:48] [278192] global_step=278192, preemption_count=0, score=75859.4
I0410 19:02:47.327239 140264978629824 submission_runner.py:857] Final imagenet_resnet score: 75859.35320663452
