python submission_runner.py --framework=jax --workload=librispeech_conformer --submission_path=submissions_algorithms/submissions/self_tuning/nadamw/submission.py --data_dir=/data/librispeech --experiment_dir=/experiment_runs --experiment_name=submissions_a100/nadamw/study_1 --overwrite=True --save_checkpoints=False --rng_seed=1738818125 --librispeech_tokenizer_vocab_path=/data/librispeech/spm_model.vocab --tuning_ruleset=self 2>&1 | tee -a /logs/librispeech_conformer_jax_04-11-2026-18-48-49.log
2026-04-11 18:48:56.978343: E external/local_xla/xla/stream_executor/cuda/cuda_fft.cc:467] Unable to register cuFFT factory: Attempting to register factory for plugin cuFFT when one has already been registered
WARNING: All log messages before absl::InitializeLog() is called are written to STDERR
E0000 00:00:1775933337.026363       9 cuda_dnn.cc:8579] Unable to register cuDNN factory: Attempting to register factory for plugin cuDNN when one has already been registered
E0000 00:00:1775933337.035913       9 cuda_blas.cc:1407] Unable to register cuBLAS factory: Attempting to register factory for plugin cuBLAS when one has already been registered
W0000 00:00:1775933337.064400       9 computation_placer.cc:177] computation placer already registered. Please check linkage and avoid linking the same target more than once.
W0000 00:00:1775933337.064442       9 computation_placer.cc:177] computation placer already registered. Please check linkage and avoid linking the same target more than once.
W0000 00:00:1775933337.064445       9 computation_placer.cc:177] computation placer already registered. Please check linkage and avoid linking the same target more than once.
W0000 00:00:1775933337.064447       9 computation_placer.cc:177] computation placer already registered. Please check linkage and avoid linking the same target more than once.
/usr/local/lib/python3.11/site-packages/torch/__init__.py:1617: UserWarning: Please use the new API settings to control TF32 behavior, such as torch.backends.cudnn.conv.fp32_precision = 'tf32' or torch.backends.cuda.matmul.fp32_precision = 'ieee'. Old settings, e.g, torch.backends.cuda.matmul.allow_tf32 = True, torch.backends.cudnn.allow_tf32 = True, allowTF32CuDNN() and allowTF32CuBLAS() will be deprecated after Pytorch 2.9. Please see https://pytorch.org/docs/main/notes/cuda.html#tensorfloat-32-tf32-on-ampere-and-later-devices (Triggered internally at /pytorch/aten/src/ATen/Context.cpp:80.)
  _C._set_float32_matmul_precision(precision)
/usr/local/lib/python3.11/site-packages/pydantic/_internal/_generate_schema.py:2249: UnsupportedFieldAttributeWarning: The 'repr' attribute with value False was provided to the `Field()` function, which has no effect in the context it was used. 'repr' is field-specific metadata, and can only be attached to a model field using `Annotated` metadata or by assignment. This may have happened because an `Annotated` type alias using the `type` statement was used, or if the `Field()` function was attached to a single member of a union type.
  warnings.warn(
/usr/local/lib/python3.11/site-packages/pydantic/_internal/_generate_schema.py:2249: UnsupportedFieldAttributeWarning: The 'frozen' attribute with value True was provided to the `Field()` function, which has no effect in the context it was used. 'frozen' is field-specific metadata, and can only be attached to a model field using `Annotated` metadata or by assignment. This may have happened because an `Annotated` type alias using the `type` statement was used, or if the `Field()` function was attached to a single member of a union type.
  warnings.warn(
INFO:2026-04-11 18:49:35,208:jax._src.xla_bridge:830: Unable to initialize backend 'tpu': INTERNAL: Failed to open libtpu.so: libtpu.so: cannot open shared object file: No such file or directory
I0411 18:49:35.208208 140413282108608 xla_bridge.py:830] Unable to initialize backend 'tpu': INTERNAL: Failed to open libtpu.so: libtpu.so: cannot open shared object file: No such file or directory
I0411 18:49:36.053751 140413282108608 logger_utils.py:59] Removing existing experiment directory /experiment_runs/submissions_a100/nadamw/study_1/librispeech_conformer_jax because --overwrite was set.
I0411 18:49:36.073987 140413282108608 logger_utils.py:84] Creating experiment directory at /experiment_runs/submissions_a100/nadamw/study_1/librispeech_conformer_jax.
I0411 18:49:37.316154 140413282108608 submission_runner.py:741] Creating directory at /experiment_runs/submissions_a100/nadamw/study_1/librispeech_conformer_jax/trial_1.
I0411 18:49:37.602818 140413282108608 submission_runner.py:242] Initializing dataset.
I0411 18:49:37.603022 140413282108608 submission_runner.py:251] Initializing model.
I0411 18:50:01.227541 140413282108608 submission_runner.py:294] Initializing optimizer.
I0411 18:50:01.981192 140413282108608 submission_runner.py:299] Initializing metrics bundle.
I0411 18:50:01.981453 140413282108608 submission_runner.py:321] Initializing checkpoint and logger.
I0411 18:50:01.988890 140413282108608 checkpoints.py:1098] Found no checkpoint files in /experiment_runs/submissions_a100/nadamw/study_1/librispeech_conformer_jax/trial_1 with prefix checkpoint_
I0411 18:50:01.989018 140413282108608 submission_runner.py:344] Saving meta data to /experiment_runs/submissions_a100/nadamw/study_1/librispeech_conformer_jax/trial_1/meta_data_0.json.
I0411 18:50:01.989200 140413282108608 logger_utils.py:283] Unable to record workload.train_mean information. Continuing without it.
I0411 18:50:01.989262 140413282108608 logger_utils.py:283] Unable to record workload.train_stddev information. Continuing without it.
I0411 18:50:02.485592 140413282108608 submission_runner.py:348] Saving flags to /experiment_runs/submissions_a100/nadamw/study_1/librispeech_conformer_jax/trial_1/flags_0.json.
I0411 18:50:02.507223 140413282108608 submission_runner.py:359] Starting training loop.
I0411 18:50:02.704757 140413282108608 input_pipeline.py:19] Loading split = train-clean-100
I0411 18:50:02.756602 140413282108608 input_pipeline.py:19] Loading split = train-clean-360
I0411 18:50:03.295655 140413282108608 input_pipeline.py:19] Loading split = train-other-500
/usr/local/lib/python3.11/multiprocessing/popen_fork.py:66: RuntimeWarning: os.fork() was called. os.fork() is incompatible with multithreaded code, and JAX is multithreaded, so this will likely lead to a deadlock.
  self.pid = os.fork()
/usr/local/lib/python3.11/site-packages/jax/_src/interpreters/mlir.py:1268: UserWarning: Some donated buffers were not usable: float32[512], float32[512], float32[512], float32[512], float32[512], float32[512], float32[512], float32[512].
See an explanation at https://docs.jax.dev/en/latest/faq.html#buffer-donation.
  warnings.warn("Some donated buffers were not usable:"
2026-04-11 18:50:47.721242: E external/xla/xla/stream_executor/cuda/cuda_timer.cc:86] Delay kernel timed out: measured time has sub-optimal accuracy. There may be a missing warmup execution, please investigate in Nsight Systems.
2026-04-11 18:50:47.881539: E external/xla/xla/stream_executor/cuda/cuda_timer.cc:86] Delay kernel timed out: measured time has sub-optimal accuracy. There may be a missing warmup execution, please investigate in Nsight Systems.
2026-04-11 18:50:57.741756: E external/xla/xla/service/slow_operation_alarm.cc:73] Trying algorithm eng0{} for conv (f32[64,512,999,41]{3,2,1,0}, u8[0]{0}) custom-call(f32[64,512,500,20]{3,2,1,0}, f32[512,512,3,3]{3,2,1,0}), window={size=3x3 stride=2x2 pad=1_1x0_0}, dim_labels=bf01_oi01->bf01, custom_call_target="__cudnn$convBackwardInput", backend_config={"operation_queue_id":"0","wait_on_operation_queues":[],"cudnn_conv_backend_config":{"activation_mode":"kNone","conv_result_scale":1,"side_input_scale":0,"leakyrelu_alpha":0},"force_earliest_schedule":false,"reification_cost":[]} is taking a while...
2026-04-11 18:51:33.359378: E external/xla/xla/service/slow_operation_alarm.cc:140] The operation took 36.617646606s
Trying algorithm eng0{} for conv (f32[64,512,999,41]{3,2,1,0}, u8[0]{0}) custom-call(f32[64,512,500,20]{3,2,1,0}, f32[512,512,3,3]{3,2,1,0}), window={size=3x3 stride=2x2 pad=1_1x0_0}, dim_labels=bf01_oi01->bf01, custom_call_target="__cudnn$convBackwardInput", backend_config={"operation_queue_id":"0","wait_on_operation_queues":[],"cudnn_conv_backend_config":{"activation_mode":"kNone","conv_result_scale":1,"side_input_scale":0,"leakyrelu_alpha":0},"force_earliest_schedule":false,"reification_cost":[]} is taking a while...
2026-04-11 18:51:44.680568: E external/xla/xla/service/slow_operation_alarm.cc:73] Trying algorithm eng0{} for conv (f32[512,512,3,3]{3,2,1,0}, u8[0]{0}) custom-call(f32[64,512,999,41]{3,2,1,0}, f32[64,512,500,20]{3,2,1,0}), window={size=3x3 stride=2x2 pad=1_1x0_0}, dim_labels=bf01_oi01->bf01, custom_call_target="__cudnn$convBackwardFilter", backend_config={"operation_queue_id":"0","wait_on_operation_queues":[],"cudnn_conv_backend_config":{"activation_mode":"kNone","conv_result_scale":1,"side_input_scale":0,"leakyrelu_alpha":0},"force_earliest_schedule":false,"reification_cost":[]} is taking a while...
2026-04-11 18:52:00.344144: E external/xla/xla/service/slow_operation_alarm.cc:140] The operation took 16.663661758s
Trying algorithm eng0{} for conv (f32[512,512,3,3]{3,2,1,0}, u8[0]{0}) custom-call(f32[64,512,999,41]{3,2,1,0}, f32[64,512,500,20]{3,2,1,0}), window={size=3x3 stride=2x2 pad=1_1x0_0}, dim_labels=bf01_oi01->bf01, custom_call_target="__cudnn$convBackwardFilter", backend_config={"operation_queue_id":"0","wait_on_operation_queues":[],"cudnn_conv_backend_config":{"activation_mode":"kNone","conv_result_scale":1,"side_input_scale":0,"leakyrelu_alpha":0},"force_earliest_schedule":false,"reification_cost":[]} is taking a while...
I0411 18:53:18.024858 140413282108608 spec.py:333] Evaluating on the training split.
I0411 18:53:18.025257 140413282108608 input_pipeline.py:19] Loading split = train-clean-100
I0411 18:53:18.055212 140413282108608 input_pipeline.py:19] Loading split = train-clean-360
I0411 18:53:18.465761 140413282108608 input_pipeline.py:19] Loading split = train-other-500
/usr/local/lib/python3.11/site-packages/jax/_src/ops/scatter.py:110: FutureWarning: scatter inputs have incompatible types: cannot safely cast value from dtype=float32 to dtype=int32 with jax_numpy_dtype_promotion='standard'. In future JAX releases this will result in an error.
  warnings.warn(
2026-04-11 18:53:29.192498: E external/xla/xla/service/slow_operation_alarm.cc:73] Constant folding an instruction is taking > 1s:

  %reduce-window.10 = f32[256,500]{1,0} reduce-window(%broadcast.219, %constant.69), window={size=1x500 pad=0_0x499_0}, to_apply=%region_53.2129.clone, metadata={op_name="jit(_eval_step)/jit(cumsum)/LibriSpeechConformerWorkload.sequence_mask/reduce_window_sum" source_file="/algorithmic-efficiency/algoperf/workloads/librispeech_conformer/librispeech_jax/workload.py" source_line=251}

This isn't necessarily a bug; constant-folding is inherently a trade-off between compilation time and speed at runtime. XLA has some guards that attempt to keep constant folding from taking too long, but fundamentally you'll always be able to come up with an input program that takes a long time.

If you'd like to file a bug, run with envvar XLA_FLAGS=--xla_dump_to=/tmp/foo and attach the results.
2026-04-11 18:53:36.809324: E external/xla/xla/service/slow_operation_alarm.cc:140] The operation took 8.618175493s
Constant folding an instruction is taking > 1s:

  %reduce-window.10 = f32[256,500]{1,0} reduce-window(%broadcast.219, %constant.69), window={size=1x500 pad=0_0x499_0}, to_apply=%region_53.2129.clone, metadata={op_name="jit(_eval_step)/jit(cumsum)/LibriSpeechConformerWorkload.sequence_mask/reduce_window_sum" source_file="/algorithmic-efficiency/algoperf/workloads/librispeech_conformer/librispeech_jax/workload.py" source_line=251}

This isn't necessarily a bug; constant-folding is inherently a trade-off between compilation time and speed at runtime. XLA has some guards that attempt to keep constant folding from taking too long, but fundamentally you'll always be able to come up with an input program that takes a long time.

If you'd like to file a bug, run with envvar XLA_FLAGS=--xla_dump_to=/tmp/foo and attach the results.
2026-04-11 18:53:38.809599: E external/xla/xla/service/slow_operation_alarm.cc:73] Constant folding an instruction is taking > 2s:

  %reduce-window.11 = f32[256,500]{1,0} reduce-window(%broadcast.219, %constant.72), window={size=1x500 pad=0_0x499_0}, to_apply=%region_53.2129, metadata={op_name="jit(_eval_step)/jit(cumsum)/LibriSpeechConformerWorkload.sequence_mask/reduce_window_sum" source_file="/algorithmic-efficiency/algoperf/workloads/librispeech_conformer/librispeech_jax/workload.py" source_line=251}

This isn't necessarily a bug; constant-folding is inherently a trade-off between compilation time and speed at runtime. XLA has some guards that attempt to keep constant folding from taking too long, but fundamentally you'll always be able to come up with an input program that takes a long time.

If you'd like to file a bug, run with envvar XLA_FLAGS=--xla_dump_to=/tmp/foo and attach the results.
2026-04-11 18:53:45.157523: E external/xla/xla/service/slow_operation_alarm.cc:140] The operation took 8.347024224s
Constant folding an instruction is taking > 2s:

  %reduce-window.11 = f32[256,500]{1,0} reduce-window(%broadcast.219, %constant.72), window={size=1x500 pad=0_0x499_0}, to_apply=%region_53.2129, metadata={op_name="jit(_eval_step)/jit(cumsum)/LibriSpeechConformerWorkload.sequence_mask/reduce_window_sum" source_file="/algorithmic-efficiency/algoperf/workloads/librispeech_conformer/librispeech_jax/workload.py" source_line=251}

This isn't necessarily a bug; constant-folding is inherently a trade-off between compilation time and speed at runtime. XLA has some guards that attempt to keep constant folding from taking too long, but fundamentally you'll always be able to come up with an input program that takes a long time.

If you'd like to file a bug, run with envvar XLA_FLAGS=--xla_dump_to=/tmp/foo and attach the results.
I0411 18:54:42.095058 140413282108608 spec.py:346] Evaluating on the validation split.
I0411 18:54:42.095571 140413282108608 input_pipeline.py:19] Loading split = dev-clean
I0411 18:54:42.109049 140413282108608 input_pipeline.py:19] Loading split = dev-other
2026-04-11 18:55:21.667764: E external/xla/xla/service/slow_operation_alarm.cc:73] Constant folding an instruction is taking > 4s:

  %reduce-window.10 = f32[228,500]{1,0} reduce-window(%broadcast.216, %constant.69), window={size=1x500 pad=0_0x499_0}, to_apply=%region_53.2126.clone, metadata={op_name="jit(_eval_step)/jit(cumsum)/LibriSpeechConformerWorkload.sequence_mask/reduce_window_sum" source_file="/algorithmic-efficiency/algoperf/workloads/librispeech_conformer/librispeech_jax/workload.py" source_line=251}

This isn't necessarily a bug; constant-folding is inherently a trade-off between compilation time and speed at runtime. XLA has some guards that attempt to keep constant folding from taking too long, but fundamentally you'll always be able to come up with an input program that takes a long time.

If you'd like to file a bug, run with envvar XLA_FLAGS=--xla_dump_to=/tmp/foo and attach the results.
2026-04-11 18:55:24.035961: E external/xla/xla/service/slow_operation_alarm.cc:140] The operation took 6.368386804s
Constant folding an instruction is taking > 4s:

  %reduce-window.10 = f32[228,500]{1,0} reduce-window(%broadcast.216, %constant.69), window={size=1x500 pad=0_0x499_0}, to_apply=%region_53.2126.clone, metadata={op_name="jit(_eval_step)/jit(cumsum)/LibriSpeechConformerWorkload.sequence_mask/reduce_window_sum" source_file="/algorithmic-efficiency/algoperf/workloads/librispeech_conformer/librispeech_jax/workload.py" source_line=251}

This isn't necessarily a bug; constant-folding is inherently a trade-off between compilation time and speed at runtime. XLA has some guards that attempt to keep constant folding from taking too long, but fundamentally you'll always be able to come up with an input program that takes a long time.

If you'd like to file a bug, run with envvar XLA_FLAGS=--xla_dump_to=/tmp/foo and attach the results.
2026-04-11 18:55:38.682533: E external/xla/xla/stream_executor/cuda/cuda_timer.cc:86] Delay kernel timed out: measured time has sub-optimal accuracy. There may be a missing warmup execution, please investigate in Nsight Systems.
2026-04-11 18:55:38.842624: E external/xla/xla/stream_executor/cuda/cuda_timer.cc:86] Delay kernel timed out: measured time has sub-optimal accuracy. There may be a missing warmup execution, please investigate in Nsight Systems.
I0411 18:56:16.202548 140413282108608 spec.py:363] Evaluating on the test split.
I0411 18:56:16.203267 140413282108608 input_pipeline.py:19] Loading split = test-clean
2026-04-11 18:56:43.108015: E external/xla/xla/stream_executor/cuda/cuda_timer.cc:86] Delay kernel timed out: measured time has sub-optimal accuracy. There may be a missing warmup execution, please investigate in Nsight Systems.
2026-04-11 18:56:43.267886: E external/xla/xla/stream_executor/cuda/cuda_timer.cc:86] Delay kernel timed out: measured time has sub-optimal accuracy. There may be a missing warmup execution, please investigate in Nsight Systems.
I0411 18:57:04.417237 140413282108608 submission_runner.py:516] Time since start: 421.91s, 	Step: 1, 	{'train/ctc_loss': Array(7.9380255, dtype=float32), 'train/wer': np.float64(0.9770995148158175), 'validation/ctc_loss': Array(7.68937, dtype=float32), 'validation/wer': np.float64(1.2079273885965336), 'validation/num_examples': 5348, 'test/ctc_loss': Array(7.7254257, dtype=float32), 'test/wer': np.float64(1.2072796701399469), 'test/num_examples': 2472, 'score': 195.51746010780334, 'total_duration': 421.90738701820374, 'accumulated_submission_time': 195.51746010780334, 'accumulated_eval_time': 226.3898389339447, 'accumulated_logging_time': 0}
I0411 18:57:04.501736 140242946270976 logging_writer.py:48] [1] accumulated_eval_time=226.39, accumulated_logging_time=0, accumulated_submission_time=195.517, global_step=1, preemption_count=0, score=195.517, test/ctc_loss=7.725425720214844, test/num_examples=2472, test/wer=1.20728, total_duration=421.907, train/ctc_loss=7.93802547454834, train/wer=0.9771, validation/ctc_loss=7.689370155334473, validation/num_examples=5348, validation/wer=1.20793
I0411 19:26:14.833268 140413282108608 spec.py:333] Evaluating on the training split.
I0411 19:26:48.243257 140413282108608 spec.py:346] Evaluating on the validation split.
/usr/local/lib/python3.11/multiprocessing/popen_fork.py:66: RuntimeWarning: os.fork() was called. os.fork() is incompatible with multithreaded code, and JAX is multithreaded, so this will likely lead to a deadlock.
  self.pid = os.fork()
I0411 19:27:46.178494 140413282108608 spec.py:363] Evaluating on the test split.
I0411 19:28:15.095101 140413282108608 submission_runner.py:516] Time since start: 2292.59s, 	Step: 499, 	{'train/ctc_loss': Array(1.4967417, dtype=float32), 'train/wer': np.float64(0.944635537887994), 'validation/ctc_loss': Array(1.5142854, dtype=float32), 'validation/wer': np.float64(0.8967218654950997), 'validation/num_examples': 5348, 'test/ctc_loss': Array(1.5097554, dtype=float32), 'test/wer': np.float64(0.899579550301627), 'test/num_examples': 2472, 'score': 1945.6045894622803, 'total_duration': 2292.585369348526, 'accumulated_submission_time': 1945.6045894622803, 'accumulated_eval_time': 346.6491906642914, 'accumulated_logging_time': 0.3227369785308838}
I0411 19:28:15.152020 140398011873024 logging_writer.py:48] [499] accumulated_eval_time=346.649, accumulated_logging_time=0.322737, accumulated_submission_time=1945.6, global_step=499, preemption_count=0, score=1945.6, test/ctc_loss=1.5097553730010986, test/num_examples=2472, test/wer=0.89958, total_duration=2292.59, train/ctc_loss=1.4967416524887085, train/wer=0.944636, validation/ctc_loss=1.5142854452133179, validation/num_examples=5348, validation/wer=0.896722
I0411 19:57:31.530612 140413282108608 spec.py:333] Evaluating on the training split.
I0411 19:58:07.125120 140413282108608 spec.py:346] Evaluating on the validation split.
/usr/local/lib/python3.11/multiprocessing/popen_fork.py:66: RuntimeWarning: os.fork() was called. os.fork() is incompatible with multithreaded code, and JAX is multithreaded, so this will likely lead to a deadlock.
  self.pid = os.fork()
I0411 19:59:00.106219 140413282108608 spec.py:363] Evaluating on the test split.
I0411 19:59:25.839136 140413282108608 submission_runner.py:516] Time since start: 4163.33s, 	Step: 1019, 	{'train/ctc_loss': Array(1.5009909, dtype=float32), 'train/wer': np.float64(0.9427216791412514), 'validation/ctc_loss': Array(1.5281829, dtype=float32), 'validation/wer': np.float64(0.8967218654950997), 'validation/num_examples': 5348, 'test/ctc_loss': Array(1.5235134, dtype=float32), 'test/wer': np.float64(0.899579550301627), 'test/num_examples': 2472, 'score': 3701.9661424160004, 'total_duration': 4163.32941365242, 'accumulated_submission_time': 3701.9661424160004, 'accumulated_eval_time': 460.9552483558655, 'accumulated_logging_time': 0.39125943183898926}
I0411 19:59:25.891052 140398011873024 logging_writer.py:48] [1019] accumulated_eval_time=460.955, accumulated_logging_time=0.391259, accumulated_submission_time=3701.97, global_step=1019, preemption_count=0, score=3701.97, test/ctc_loss=1.5235134363174438, test/num_examples=2472, test/wer=0.89958, total_duration=4163.33, train/ctc_loss=1.500990867614746, train/wer=0.942722, validation/ctc_loss=1.528182864189148, validation/num_examples=5348, validation/wer=0.896722
/usr/local/lib/python3.11/multiprocessing/popen_fork.py:66: RuntimeWarning: os.fork() was called. os.fork() is incompatible with multithreaded code, and JAX is multithreaded, so this will likely lead to a deadlock.
  self.pid = os.fork()
I0411 20:28:33.317441 140413282108608 spec.py:333] Evaluating on the training split.
I0411 20:29:08.034437 140413282108608 spec.py:346] Evaluating on the validation split.
I0411 20:30:05.177864 140413282108608 spec.py:363] Evaluating on the test split.
I0411 20:30:33.143534 140413282108608 submission_runner.py:516] Time since start: 6030.63s, 	Step: 1682, 	{'train/ctc_loss': Array(1.5485442, dtype=float32), 'train/wer': np.float64(0.9405147830120552), 'validation/ctc_loss': Array(1.5763985, dtype=float32), 'validation/wer': np.float64(0.8958142229517694), 'validation/num_examples': 5348, 'test/ctc_loss': Array(1.5611156, dtype=float32), 'test/wer': np.float64(0.8976499502366299), 'test/num_examples': 2472, 'score': 5449.373677968979, 'total_duration': 6030.633702278137, 'accumulated_submission_time': 5449.373677968979, 'accumulated_eval_time': 580.7788126468658, 'accumulated_logging_time': 0.4553701877593994}
I0411 20:30:33.199060 140398008727296 logging_writer.py:48] [1682] accumulated_eval_time=580.779, accumulated_logging_time=0.45537, accumulated_submission_time=5449.37, global_step=1682, preemption_count=0, score=5449.37, test/ctc_loss=1.5611156225204468, test/num_examples=2472, test/wer=0.89765, total_duration=6030.63, train/ctc_loss=1.54854416847229, train/wer=0.940515, validation/ctc_loss=1.576398491859436, validation/num_examples=5348, validation/wer=0.895814
/usr/local/lib/python3.11/multiprocessing/popen_fork.py:66: RuntimeWarning: os.fork() was called. os.fork() is incompatible with multithreaded code, and JAX is multithreaded, so this will likely lead to a deadlock.
  self.pid = os.fork()
I0411 20:59:40.177191 140413282108608 spec.py:333] Evaluating on the training split.
I0411 21:00:14.827970 140413282108608 spec.py:346] Evaluating on the validation split.
I0411 21:01:10.919133 140413282108608 spec.py:363] Evaluating on the test split.
I0411 21:01:36.421508 140413282108608 submission_runner.py:516] Time since start: 7893.91s, 	Step: 2405, 	{'train/ctc_loss': Array(1.2866315, dtype=float32), 'train/wer': np.float64(0.9436479594508268), 'validation/ctc_loss': Array(1.3576212, dtype=float32), 'validation/wer': np.float64(0.8967025539516246), 'validation/num_examples': 5348, 'test/ctc_loss': Array(1.316404, dtype=float32), 'test/wer': np.float64(0.8995592387219954), 'test/num_examples': 2472, 'score': 7196.332087278366, 'total_duration': 7893.9118020534515, 'accumulated_submission_time': 7196.332087278366, 'accumulated_eval_time': 697.0208158493042, 'accumulated_logging_time': 0.52311110496521}
I0411 21:01:36.475820 140398008727296 logging_writer.py:48] [2405] accumulated_eval_time=697.021, accumulated_logging_time=0.523111, accumulated_submission_time=7196.33, global_step=2405, preemption_count=0, score=7196.33, test/ctc_loss=1.3164039850234985, test/num_examples=2472, test/wer=0.899559, total_duration=7893.91, train/ctc_loss=1.286631464958191, train/wer=0.943648, validation/ctc_loss=1.357621192932129, validation/num_examples=5348, validation/wer=0.896703
I0411 21:30:45.559043 140413282108608 spec.py:333] Evaluating on the training split.
I0411 21:31:21.231065 140413282108608 spec.py:346] Evaluating on the validation split.
/usr/local/lib/python3.11/multiprocessing/popen_fork.py:66: RuntimeWarning: os.fork() was called. os.fork() is incompatible with multithreaded code, and JAX is multithreaded, so this will likely lead to a deadlock.
  self.pid = os.fork()
I0411 21:32:03.585158 140413282108608 spec.py:363] Evaluating on the test split.
I0411 21:32:25.124648 140413282108608 submission_runner.py:516] Time since start: 9742.61s, 	Step: 3018, 	{'train/ctc_loss': Array(0.9635043, dtype=float32), 'train/wer': np.float64(0.8470829981082433), 'validation/ctc_loss': Array(1.0512996, dtype=float32), 'validation/wer': np.float64(0.855491720175735), 'validation/num_examples': 5348, 'test/ctc_loss': Array(0.98341805, dtype=float32), 'test/wer': np.float64(0.8274328194503686), 'test/num_examples': 2472, 'score': 8945.39850449562, 'total_duration': 9742.614358186722, 'accumulated_submission_time': 8945.39850449562, 'accumulated_eval_time': 796.5833814144135, 'accumulated_logging_time': 0.5878360271453857}
I0411 21:32:25.181070 140398008727296 logging_writer.py:48] [3018] accumulated_eval_time=796.583, accumulated_logging_time=0.587836, accumulated_submission_time=8945.4, global_step=3018, preemption_count=0, score=8945.4, test/ctc_loss=0.9834180474281311, test/num_examples=2472, test/wer=0.827433, total_duration=9742.61, train/ctc_loss=0.9635043144226074, train/wer=0.847083, validation/ctc_loss=1.0512995719909668, validation/num_examples=5348, validation/wer=0.855492
/usr/local/lib/python3.11/multiprocessing/popen_fork.py:66: RuntimeWarning: os.fork() was called. os.fork() is incompatible with multithreaded code, and JAX is multithreaded, so this will likely lead to a deadlock.
  self.pid = os.fork()
I0411 22:01:34.220421 140413282108608 spec.py:333] Evaluating on the training split.
I0411 22:02:18.523118 140413282108608 spec.py:346] Evaluating on the validation split.
I0411 22:03:18.743150 140413282108608 spec.py:363] Evaluating on the test split.
I0411 22:03:46.114385 140413282108608 submission_runner.py:516] Time since start: 11623.60s, 	Step: 3878, 	{'train/ctc_loss': Array(0.3777358, dtype=float32), 'train/wer': np.float64(0.4098884508484884), 'validation/ctc_loss': Array(0.4641604, dtype=float32), 'validation/wer': np.float64(0.44178052430840536), 'validation/num_examples': 5348, 'test/ctc_loss': Array(0.37884524, dtype=float32), 'test/wer': np.float64(0.3930087542908212), 'test/num_examples': 2472, 'score': 10694.418152809143, 'total_duration': 11623.60460138321, 'accumulated_submission_time': 10694.418152809143, 'accumulated_eval_time': 928.4749529361725, 'accumulated_logging_time': 0.6551005840301514}
I0411 22:03:46.171434 140398008727296 logging_writer.py:48] [3878] accumulated_eval_time=928.475, accumulated_logging_time=0.655101, accumulated_submission_time=10694.4, global_step=3878, preemption_count=0, score=10694.4, test/ctc_loss=0.3788452446460724, test/num_examples=2472, test/wer=0.393009, total_duration=11623.6, train/ctc_loss=0.37773579359054565, train/wer=0.409888, validation/ctc_loss=0.46416041254997253, validation/num_examples=5348, validation/wer=0.441781
/usr/local/lib/python3.11/multiprocessing/popen_fork.py:66: RuntimeWarning: os.fork() was called. os.fork() is incompatible with multithreaded code, and JAX is multithreaded, so this will likely lead to a deadlock.
  self.pid = os.fork()
I0411 22:32:56.914355 140413282108608 spec.py:333] Evaluating on the training split.
I0411 22:33:41.262556 140413282108608 spec.py:346] Evaluating on the validation split.
I0411 22:34:22.933361 140413282108608 spec.py:363] Evaluating on the test split.
I0411 22:34:43.280874 140413282108608 submission_runner.py:516] Time since start: 13480.77s, 	Step: 4754, 	{'train/ctc_loss': Array(0.19616061, dtype=float32), 'train/wer': np.float64(0.25857741475762025), 'validation/ctc_loss': Array(0.27964717, dtype=float32), 'validation/wer': np.float64(0.32258967798001253), 'validation/num_examples': 5348, 'test/ctc_loss': Array(0.20484273, dtype=float32), 'test/wer': np.float64(0.2601304003412345), 'test/num_examples': 2472, 'score': 12445.14113020897, 'total_duration': 13480.770640611649, 'accumulated_submission_time': 12445.14113020897, 'accumulated_eval_time': 1034.8385603427887, 'accumulated_logging_time': 0.7229759693145752}
I0411 22:34:43.334595 140398008727296 logging_writer.py:48] [4754] accumulated_eval_time=1034.84, accumulated_logging_time=0.722976, accumulated_submission_time=12445.1, global_step=4754, preemption_count=0, score=12445.1, test/ctc_loss=0.2048427313566208, test/num_examples=2472, test/wer=0.26013, total_duration=13480.8, train/ctc_loss=0.19616061449050903, train/wer=0.258577, validation/ctc_loss=0.27964717149734497, validation/num_examples=5348, validation/wer=0.32259
/usr/local/lib/python3.11/multiprocessing/popen_fork.py:66: RuntimeWarning: os.fork() was called. os.fork() is incompatible with multithreaded code, and JAX is multithreaded, so this will likely lead to a deadlock.
  self.pid = os.fork()
I0411 23:03:56.087764 140413282108608 spec.py:333] Evaluating on the training split.
I0411 23:04:41.280492 140413282108608 spec.py:346] Evaluating on the validation split.
I0411 23:05:35.581983 140413282108608 spec.py:363] Evaluating on the test split.
I0411 23:05:58.087102 140413282108608 submission_runner.py:516] Time since start: 15355.58s, 	Step: 5601, 	{'train/ctc_loss': Array(0.14177829, dtype=float32), 'train/wer': np.float64(0.19773265035492343), 'validation/ctc_loss': Array(0.23040949, dtype=float32), 'validation/wer': np.float64(0.2708830203253995), 'validation/num_examples': 5348, 'test/ctc_loss': Array(0.16098528, dtype=float32), 'test/wer': np.float64(0.20994048707167956), 'test/num_examples': 2472, 'score': 14197.87450504303, 'total_duration': 15355.57746052742, 'accumulated_submission_time': 14197.87450504303, 'accumulated_eval_time': 1156.8356664180756, 'accumulated_logging_time': 0.7876100540161133}
I0411 23:05:58.167247 140398008727296 logging_writer.py:48] [5601] accumulated_eval_time=1156.84, accumulated_logging_time=0.78761, accumulated_submission_time=14197.9, global_step=5601, preemption_count=0, score=14197.9, test/ctc_loss=0.16098527610301971, test/num_examples=2472, test/wer=0.20994, total_duration=15355.6, train/ctc_loss=0.14177829027175903, train/wer=0.197733, validation/ctc_loss=0.23040948808193207, validation/num_examples=5348, validation/wer=0.270883
/usr/local/lib/python3.11/multiprocessing/popen_fork.py:66: RuntimeWarning: os.fork() was called. os.fork() is incompatible with multithreaded code, and JAX is multithreaded, so this will likely lead to a deadlock.
  self.pid = os.fork()
I0411 23:35:05.324432 140413282108608 spec.py:333] Evaluating on the training split.
I0411 23:35:50.236870 140413282108608 spec.py:346] Evaluating on the validation split.
I0411 23:36:48.034276 140413282108608 spec.py:363] Evaluating on the test split.
I0411 23:37:15.950372 140413282108608 submission_runner.py:516] Time since start: 17233.44s, 	Step: 6359, 	{'train/ctc_loss': Array(0.12723425, dtype=float32), 'train/wer': np.float64(0.17653974857556298), 'validation/ctc_loss': Array(0.21191984, dtype=float32), 'validation/wer': np.float64(0.2515521653068121), 'validation/num_examples': 5348, 'test/ctc_loss': Array(0.14471693, dtype=float32), 'test/wer': np.float64(0.18975077691792092), 'test/num_examples': 2472, 'score': 15944.984091758728, 'total_duration': 17233.440333604813, 'accumulated_submission_time': 15944.984091758728, 'accumulated_eval_time': 1287.4589762687683, 'accumulated_logging_time': 0.907407283782959}
I0411 23:37:16.002814 140398008727296 logging_writer.py:48] [6359] accumulated_eval_time=1287.46, accumulated_logging_time=0.907407, accumulated_submission_time=15945, global_step=6359, preemption_count=0, score=15945, test/ctc_loss=0.14471693336963654, test/num_examples=2472, test/wer=0.189751, total_duration=17233.4, train/ctc_loss=0.12723425030708313, train/wer=0.17654, validation/ctc_loss=0.2119198441505432, validation/num_examples=5348, validation/wer=0.251552
I0412 00:06:29.679320 140413282108608 spec.py:333] Evaluating on the training split.
I0412 00:07:13.939534 140413282108608 spec.py:346] Evaluating on the validation split.
/usr/local/lib/python3.11/multiprocessing/popen_fork.py:66: RuntimeWarning: os.fork() was called. os.fork() is incompatible with multithreaded code, and JAX is multithreaded, so this will likely lead to a deadlock.
  self.pid = os.fork()
I0412 00:08:14.964213 140413282108608 spec.py:363] Evaluating on the test split.
I0412 00:08:38.943945 140413282108608 submission_runner.py:516] Time since start: 19116.43s, 	Step: 7074, 	{'train/ctc_loss': Array(0.11949863, dtype=float32), 'train/wer': np.float64(0.17369829514069512), 'validation/ctc_loss': Array(0.20272873, dtype=float32), 'validation/wer': np.float64(0.24193501665620626), 'validation/num_examples': 5348, 'test/ctc_loss': Array(0.13707805, dtype=float32), 'test/wer': np.float64(0.18438851989519225), 'test/num_examples': 2472, 'score': 17698.642232894897, 'total_duration': 19116.434068202972, 'accumulated_submission_time': 17698.642232894897, 'accumulated_eval_time': 1416.7209751605988, 'accumulated_logging_time': 0.9706077575683594}
I0412 00:08:39.002020 140398008727296 logging_writer.py:48] [7074] accumulated_eval_time=1416.72, accumulated_logging_time=0.970608, accumulated_submission_time=17698.6, global_step=7074, preemption_count=0, score=17698.6, test/ctc_loss=0.13707804679870605, test/num_examples=2472, test/wer=0.184389, total_duration=19116.4, train/ctc_loss=0.11949863284826279, train/wer=0.173698, validation/ctc_loss=0.202728733420372, validation/num_examples=5348, validation/wer=0.241935
/usr/local/lib/python3.11/multiprocessing/popen_fork.py:66: RuntimeWarning: os.fork() was called. os.fork() is incompatible with multithreaded code, and JAX is multithreaded, so this will likely lead to a deadlock.
  self.pid = os.fork()
I0412 00:37:49.026869 140413282108608 spec.py:333] Evaluating on the training split.
I0412 00:38:33.810135 140413282108608 spec.py:346] Evaluating on the validation split.
I0412 00:39:21.533546 140413282108608 spec.py:363] Evaluating on the test split.
I0412 00:39:50.117057 140413282108608 submission_runner.py:516] Time since start: 20987.61s, 	Step: 7867, 	{'train/ctc_loss': Array(0.11589604, dtype=float32), 'train/wer': np.float64(0.16297628176313494), 'validation/ctc_loss': Array(0.1965543, dtype=float32), 'validation/wer': np.float64(0.23305170665765462), 'validation/num_examples': 5348, 'test/ctc_loss': Array(0.12835418, dtype=float32), 'test/wer': np.float64(0.17130786261247538), 'test/num_examples': 2472, 'score': 19448.64829850197, 'total_duration': 20987.607115268707, 'accumulated_submission_time': 19448.64829850197, 'accumulated_eval_time': 1537.8085281848907, 'accumulated_logging_time': 1.039431095123291}
I0412 00:39:50.172998 140398008727296 logging_writer.py:48] [7867] accumulated_eval_time=1537.81, accumulated_logging_time=1.03943, accumulated_submission_time=19448.6, global_step=7867, preemption_count=0, score=19448.6, test/ctc_loss=0.12835417687892914, test/num_examples=2472, test/wer=0.171308, total_duration=20987.6, train/ctc_loss=0.11589603871107101, train/wer=0.162976, validation/ctc_loss=0.1965543031692505, validation/num_examples=5348, validation/wer=0.233052
/usr/local/lib/python3.11/multiprocessing/popen_fork.py:66: RuntimeWarning: os.fork() was called. os.fork() is incompatible with multithreaded code, and JAX is multithreaded, so this will likely lead to a deadlock.
  self.pid = os.fork()
I0412 01:08:59.923337 140413282108608 spec.py:333] Evaluating on the training split.
I0412 01:09:45.645636 140413282108608 spec.py:346] Evaluating on the validation split.
I0412 01:10:27.363076 140413282108608 spec.py:363] Evaluating on the test split.
I0412 01:10:47.628627 140413282108608 submission_runner.py:516] Time since start: 22845.06s, 	Step: 8608, 	{'train/ctc_loss': Array(0.10902348, dtype=float32), 'train/wer': np.float64(0.15434088690743133), 'validation/ctc_loss': Array(0.18399677, dtype=float32), 'validation/wer': np.float64(0.2205764495727321), 'validation/num_examples': 5348, 'test/ctc_loss': Array(0.11970174, dtype=float32), 'test/wer': np.float64(0.16127394227449068), 'test/num_examples': 2472, 'score': 21198.3677880764, 'total_duration': 22845.063241958618, 'accumulated_submission_time': 21198.3677880764, 'accumulated_eval_time': 1645.4678308963776, 'accumulated_logging_time': 1.1062984466552734}
I0412 01:10:49.039921 140398008727296 logging_writer.py:48] [8608] accumulated_eval_time=1645.47, accumulated_logging_time=1.1063, accumulated_submission_time=21198.4, global_step=8608, preemption_count=0, score=21198.4, test/ctc_loss=0.11970173567533493, test/num_examples=2472, test/wer=0.161274, total_duration=22845.1, train/ctc_loss=0.10902348160743713, train/wer=0.154341, validation/ctc_loss=0.1839967668056488, validation/num_examples=5348, validation/wer=0.220576
I0412 01:39:55.800257 140413282108608 spec.py:333] Evaluating on the training split.
I0412 01:40:40.867530 140413282108608 spec.py:346] Evaluating on the validation split.
/usr/local/lib/python3.11/multiprocessing/popen_fork.py:66: RuntimeWarning: os.fork() was called. os.fork() is incompatible with multithreaded code, and JAX is multithreaded, so this will likely lead to a deadlock.
  self.pid = os.fork()
I0412 01:41:21.901088 140413282108608 spec.py:363] Evaluating on the test split.
I0412 01:41:42.919604 140413282108608 submission_runner.py:516] Time since start: 24700.41s, 	Step: 9179, 	{'train/ctc_loss': Array(0.10314553, dtype=float32), 'train/wer': np.float64(0.14724251466200228), 'validation/ctc_loss': Array(0.17769246, dtype=float32), 'validation/wer': np.float64(0.21572925216047892), 'validation/num_examples': 5348, 'test/ctc_loss': Array(0.11615741, dtype=float32), 'test/wer': np.float64(0.15926309589096743), 'test/num_examples': 2472, 'score': 22944.421224355698, 'total_duration': 24700.409672498703, 'accumulated_submission_time': 22944.421224355698, 'accumulated_eval_time': 1752.5844910144806, 'accumulated_logging_time': 3.2184839248657227}
I0412 01:41:42.977637 140398008727296 logging_writer.py:48] [9179] accumulated_eval_time=1752.58, accumulated_logging_time=3.21848, accumulated_submission_time=22944.4, global_step=9179, preemption_count=0, score=22944.4, test/ctc_loss=0.1161574050784111, test/num_examples=2472, test/wer=0.159263, total_duration=24700.4, train/ctc_loss=0.103145532310009, train/wer=0.147243, validation/ctc_loss=0.1776924580335617, validation/num_examples=5348, validation/wer=0.215729
/usr/local/lib/python3.11/multiprocessing/popen_fork.py:66: RuntimeWarning: os.fork() was called. os.fork() is incompatible with multithreaded code, and JAX is multithreaded, so this will likely lead to a deadlock.
  self.pid = os.fork()
I0412 02:10:53.889887 140413282108608 spec.py:333] Evaluating on the training split.
I0412 02:11:38.688207 140413282108608 spec.py:346] Evaluating on the validation split.
I0412 02:12:20.577759 140413282108608 spec.py:363] Evaluating on the test split.
I0412 02:12:40.826682 140413282108608 submission_runner.py:516] Time since start: 26558.32s, 	Step: 9929, 	{'train/ctc_loss': Array(0.09709721, dtype=float32), 'train/wer': np.float64(0.14054516278873358), 'validation/ctc_loss': Array(0.17548439, dtype=float32), 'validation/wer': np.float64(0.21193453386761937), 'validation/num_examples': 5348, 'test/ctc_loss': Array(0.11277416, dtype=float32), 'test/wer': np.float64(0.15170718826803162), 'test/num_examples': 2472, 'score': 24695.314173460007, 'total_duration': 26558.316984176636, 'accumulated_submission_time': 24695.314173460007, 'accumulated_eval_time': 1859.5190041065216, 'accumulated_logging_time': 3.287942409515381}
I0412 02:12:40.884069 140398008727296 logging_writer.py:48] [9929] accumulated_eval_time=1859.52, accumulated_logging_time=3.28794, accumulated_submission_time=24695.3, global_step=9929, preemption_count=0, score=24695.3, test/ctc_loss=0.11277415603399277, test/num_examples=2472, test/wer=0.151707, total_duration=26558.3, train/ctc_loss=0.09709721058607101, train/wer=0.140545, validation/ctc_loss=0.17548438906669617, validation/num_examples=5348, validation/wer=0.211935
/usr/local/lib/python3.11/multiprocessing/popen_fork.py:66: RuntimeWarning: os.fork() was called. os.fork() is incompatible with multithreaded code, and JAX is multithreaded, so this will likely lead to a deadlock.
  self.pid = os.fork()
I0412 02:41:47.826101 140413282108608 spec.py:333] Evaluating on the training split.
I0412 02:42:32.771749 140413282108608 spec.py:346] Evaluating on the validation split.
I0412 02:43:32.478426 140413282108608 spec.py:363] Evaluating on the test split.
I0412 02:44:01.158953 140413282108608 submission_runner.py:516] Time since start: 28438.65s, 	Step: 10588, 	{'train/ctc_loss': Array(0.08888574, dtype=float32), 'train/wer': np.float64(0.1301494561673492), 'validation/ctc_loss': Array(0.16749217, dtype=float32), 'validation/wer': np.float64(0.20051175590209047), 'validation/num_examples': 5348, 'test/ctc_loss': Array(0.1076596, dtype=float32), 'test/wer': np.float64(0.1433997521987285), 'test/num_examples': 2472, 'score': 26442.238102912903, 'total_duration': 28438.64930677414, 'accumulated_submission_time': 26442.238102912903, 'accumulated_eval_time': 1992.8496069908142, 'accumulated_logging_time': 3.3564720153808594}
I0412 02:44:01.215787 140398008727296 logging_writer.py:48] [10588] accumulated_eval_time=1992.85, accumulated_logging_time=3.35647, accumulated_submission_time=26442.2, global_step=10588, preemption_count=0, score=26442.2, test/ctc_loss=0.10765960067510605, test/num_examples=2472, test/wer=0.1434, total_duration=28438.6, train/ctc_loss=0.08888573944568634, train/wer=0.130149, validation/ctc_loss=0.16749216616153717, validation/num_examples=5348, validation/wer=0.200512
I0412 03:13:10.176701 140413282108608 spec.py:333] Evaluating on the training split.
I0412 03:13:55.168884 140413282108608 spec.py:346] Evaluating on the validation split.
/usr/local/lib/python3.11/multiprocessing/popen_fork.py:66: RuntimeWarning: os.fork() was called. os.fork() is incompatible with multithreaded code, and JAX is multithreaded, so this will likely lead to a deadlock.
  self.pid = os.fork()
I0412 03:14:35.400569 140413282108608 spec.py:363] Evaluating on the test split.
I0412 03:14:55.532979 140413282108608 submission_runner.py:516] Time since start: 30293.02s, 	Step: 11226, 	{'train/ctc_loss': Array(0.08561897, dtype=float32), 'train/wer': np.float64(0.12444385349438995), 'validation/ctc_loss': Array(0.16388492, dtype=float32), 'validation/wer': np.float64(0.19712258002220828), 'validation/num_examples': 5348, 'test/ctc_loss': Array(0.10595427, dtype=float32), 'test/wer': np.float64(0.14254666585420347), 'test/num_examples': 2472, 'score': 28191.1815199852, 'total_duration': 30293.023178577423, 'accumulated_submission_time': 28191.1815199852, 'accumulated_eval_time': 2098.2033326625824, 'accumulated_logging_time': 3.4242680072784424}
I0412 03:14:55.593035 140398008727296 logging_writer.py:48] [11226] accumulated_eval_time=2098.2, accumulated_logging_time=3.42427, accumulated_submission_time=28191.2, global_step=11226, preemption_count=0, score=28191.2, test/ctc_loss=0.10595427453517914, test/num_examples=2472, test/wer=0.142547, total_duration=30293, train/ctc_loss=0.08561897277832031, train/wer=0.124444, validation/ctc_loss=0.16388492286205292, validation/num_examples=5348, validation/wer=0.197123
/usr/local/lib/python3.11/multiprocessing/popen_fork.py:66: RuntimeWarning: os.fork() was called. os.fork() is incompatible with multithreaded code, and JAX is multithreaded, so this will likely lead to a deadlock.
  self.pid = os.fork()
I0412 03:44:08.219176 140413282108608 spec.py:333] Evaluating on the training split.
I0412 03:44:52.455055 140413282108608 spec.py:346] Evaluating on the validation split.
I0412 03:45:33.040641 140413282108608 spec.py:363] Evaluating on the test split.
I0412 03:45:53.076284 140413282108608 submission_runner.py:516] Time since start: 32150.57s, 	Step: 11983, 	{'train/ctc_loss': Array(0.08750217, dtype=float32), 'train/wer': np.float64(0.1280822066215982), 'validation/ctc_loss': Array(0.15826087, dtype=float32), 'validation/wer': np.float64(0.192342973012118), 'validation/num_examples': 5348, 'test/ctc_loss': Array(0.09988347, dtype=float32), 'test/wer': np.float64(0.1371844088314748), 'test/num_examples': 2472, 'score': 29943.78816628456, 'total_duration': 32150.56656050682, 'accumulated_submission_time': 29943.78816628456, 'accumulated_eval_time': 2203.058032512665, 'accumulated_logging_time': 3.4960687160491943}
I0412 03:45:53.134986 140398008727296 logging_writer.py:48] [11983] accumulated_eval_time=2203.06, accumulated_logging_time=3.49607, accumulated_submission_time=29943.8, global_step=11983, preemption_count=0, score=29943.8, test/ctc_loss=0.09988347440958023, test/num_examples=2472, test/wer=0.137184, total_duration=32150.6, train/ctc_loss=0.08750216662883759, train/wer=0.128082, validation/ctc_loss=0.15826086699962616, validation/num_examples=5348, validation/wer=0.192343
/usr/local/lib/python3.11/multiprocessing/popen_fork.py:66: RuntimeWarning: os.fork() was called. os.fork() is incompatible with multithreaded code, and JAX is multithreaded, so this will likely lead to a deadlock.
  self.pid = os.fork()
I0412 04:15:00.874813 140413282108608 spec.py:333] Evaluating on the training split.
I0412 04:15:45.107345 140413282108608 spec.py:346] Evaluating on the validation split.
I0412 04:16:28.098601 140413282108608 spec.py:363] Evaluating on the test split.
I0412 04:16:48.692179 140413282108608 submission_runner.py:516] Time since start: 34006.18s, 	Step: 12641, 	{'train/ctc_loss': Array(0.08344404, dtype=float32), 'train/wer': np.float64(0.12031535710991378), 'validation/ctc_loss': Array(0.15916753, dtype=float32), 'validation/wer': np.float64(0.19348235407714962), 'validation/num_examples': 5348, 'test/ctc_loss': Array(0.09930304, dtype=float32), 'test/wer': np.float64(0.13490951191274145), 'test/num_examples': 2472, 'score': 31691.509202241898, 'total_duration': 34006.18204188347, 'accumulated_submission_time': 31691.509202241898, 'accumulated_eval_time': 2310.8726921081543, 'accumulated_logging_time': 3.56658935546875}
I0412 04:16:48.746242 140398008727296 logging_writer.py:48] [12641] accumulated_eval_time=2310.87, accumulated_logging_time=3.56659, accumulated_submission_time=31691.5, global_step=12641, preemption_count=0, score=31691.5, test/ctc_loss=0.09930304437875748, test/num_examples=2472, test/wer=0.13491, total_duration=34006.2, train/ctc_loss=0.08344404399394989, train/wer=0.120315, validation/ctc_loss=0.15916752815246582, validation/num_examples=5348, validation/wer=0.193482
I0412 04:45:58.987706 140413282108608 spec.py:333] Evaluating on the training split.
I0412 04:46:43.686023 140413282108608 spec.py:346] Evaluating on the validation split.
/usr/local/lib/python3.11/multiprocessing/popen_fork.py:66: RuntimeWarning: os.fork() was called. os.fork() is incompatible with multithreaded code, and JAX is multithreaded, so this will likely lead to a deadlock.
  self.pid = os.fork()
I0412 04:47:24.630753 140413282108608 spec.py:363] Evaluating on the test split.
I0412 04:47:45.220789 140413282108608 submission_runner.py:516] Time since start: 35862.71s, 	Step: 13294, 	{'train/ctc_loss': Array(0.08339409, dtype=float32), 'train/wer': np.float64(0.1192537075754229), 'validation/ctc_loss': Array(0.15296894, dtype=float32), 'validation/wer': np.float64(0.18514942306763868), 'validation/num_examples': 5348, 'test/ctc_loss': Array(0.09554432, dtype=float32), 'test/wer': np.float64(0.13092844230495806), 'test/num_examples': 2472, 'score': 33441.731152534485, 'total_duration': 35862.71110868454, 'accumulated_submission_time': 33441.731152534485, 'accumulated_eval_time': 2417.103340625763, 'accumulated_logging_time': 3.633277416229248}
I0412 04:47:45.277916 140398008727296 logging_writer.py:48] [13294] accumulated_eval_time=2417.1, accumulated_logging_time=3.63328, accumulated_submission_time=33441.7, global_step=13294, preemption_count=0, score=33441.7, test/ctc_loss=0.09554431587457657, test/num_examples=2472, test/wer=0.130928, total_duration=35862.7, train/ctc_loss=0.08339408785104752, train/wer=0.119254, validation/ctc_loss=0.15296894311904907, validation/num_examples=5348, validation/wer=0.185149
/usr/local/lib/python3.11/multiprocessing/popen_fork.py:66: RuntimeWarning: os.fork() was called. os.fork() is incompatible with multithreaded code, and JAX is multithreaded, so this will likely lead to a deadlock.
  self.pid = os.fork()
I0412 05:16:54.033756 140413282108608 spec.py:333] Evaluating on the training split.
I0412 05:17:38.947702 140413282108608 spec.py:346] Evaluating on the validation split.
I0412 05:18:19.313226 140413282108608 spec.py:363] Evaluating on the test split.
I0412 05:18:40.124932 140413282108608 submission_runner.py:516] Time since start: 37717.62s, 	Step: 14117, 	{'train/ctc_loss': Array(0.08035362, dtype=float32), 'train/wer': np.float64(0.11489604313863401), 'validation/ctc_loss': Array(0.14731824, dtype=float32), 'validation/wer': np.float64(0.1800415198184715), 'validation/num_examples': 5348, 'test/ctc_loss': Array(0.09149405, dtype=float32), 'test/wer': np.float64(0.12515995368959845), 'test/num_examples': 2472, 'score': 35190.46731328964, 'total_duration': 37717.6151843071, 'accumulated_submission_time': 35190.46731328964, 'accumulated_eval_time': 2523.1921520233154, 'accumulated_logging_time': 3.701612710952759}
I0412 05:18:40.187533 140398008727296 logging_writer.py:48] [14117] accumulated_eval_time=2523.19, accumulated_logging_time=3.70161, accumulated_submission_time=35190.5, global_step=14117, preemption_count=0, score=35190.5, test/ctc_loss=0.09149405360221863, test/num_examples=2472, test/wer=0.12516, total_duration=37717.6, train/ctc_loss=0.08035361766815186, train/wer=0.114896, validation/ctc_loss=0.14731824398040771, validation/num_examples=5348, validation/wer=0.180042
/usr/local/lib/python3.11/multiprocessing/popen_fork.py:66: RuntimeWarning: os.fork() was called. os.fork() is incompatible with multithreaded code, and JAX is multithreaded, so this will likely lead to a deadlock.
  self.pid = os.fork()
I0412 05:47:48.407645 140413282108608 spec.py:333] Evaluating on the training split.
I0412 05:48:33.132257 140413282108608 spec.py:346] Evaluating on the validation split.
I0412 05:49:35.768550 140413282108608 spec.py:363] Evaluating on the test split.
I0412 05:50:05.518013 140413282108608 submission_runner.py:516] Time since start: 39603.01s, 	Step: 14849, 	{'train/ctc_loss': Array(0.06593394, dtype=float32), 'train/wer': np.float64(0.0988899480335783), 'validation/ctc_loss': Array(0.1458344, dtype=float32), 'validation/wer': np.float64(0.1763819823299377), 'validation/num_examples': 5348, 'test/ctc_loss': Array(0.09106824, dtype=float32), 'test/wer': np.float64(0.12402250523023176), 'test/num_examples': 2472, 'score': 36938.668744802475, 'total_duration': 39603.008031368256, 'accumulated_submission_time': 36938.668744802475, 'accumulated_eval_time': 2660.2998535633087, 'accumulated_logging_time': 3.775334596633911}
I0412 05:50:05.574210 140398008727296 logging_writer.py:48] [14849] accumulated_eval_time=2660.3, accumulated_logging_time=3.77533, accumulated_submission_time=36938.7, global_step=14849, preemption_count=0, score=36938.7, test/ctc_loss=0.09106823801994324, test/num_examples=2472, test/wer=0.124023, total_duration=39603, train/ctc_loss=0.06593393534421921, train/wer=0.0988899, validation/ctc_loss=0.14583440124988556, validation/num_examples=5348, validation/wer=0.176382
I0412 06:19:14.817573 140413282108608 spec.py:333] Evaluating on the training split.
I0412 06:19:59.016048 140413282108608 spec.py:346] Evaluating on the validation split.
/usr/local/lib/python3.11/multiprocessing/popen_fork.py:66: RuntimeWarning: os.fork() was called. os.fork() is incompatible with multithreaded code, and JAX is multithreaded, so this will likely lead to a deadlock.
  self.pid = os.fork()
I0412 06:20:39.570660 140413282108608 spec.py:363] Evaluating on the test split.
I0412 06:20:59.542872 140413282108608 submission_runner.py:516] Time since start: 41457.03s, 	Step: 15438, 	{'train/ctc_loss': Array(0.07302994, dtype=float32), 'train/wer': np.float64(0.10578446072944606), 'validation/ctc_loss': Array(0.1417053, dtype=float32), 'validation/wer': np.float64(0.17139960411335875), 'validation/num_examples': 5348, 'test/ctc_loss': Array(0.08726973, dtype=float32), 'test/wer': np.float64(0.12044766721507931), 'test/num_examples': 2472, 'score': 38687.89459872246, 'total_duration': 41457.033058166504, 'accumulated_submission_time': 38687.89459872246, 'accumulated_eval_time': 2765.02258849144, 'accumulated_logging_time': 3.8423244953155518}
I0412 06:20:59.600929 140398008727296 logging_writer.py:48] [15438] accumulated_eval_time=2765.02, accumulated_logging_time=3.84232, accumulated_submission_time=38687.9, global_step=15438, preemption_count=0, score=38687.9, test/ctc_loss=0.08726973086595535, test/num_examples=2472, test/wer=0.120448, total_duration=41457, train/ctc_loss=0.07302994281053543, train/wer=0.105784, validation/ctc_loss=0.14170530438423157, validation/num_examples=5348, validation/wer=0.1714
/usr/local/lib/python3.11/multiprocessing/popen_fork.py:66: RuntimeWarning: os.fork() was called. os.fork() is incompatible with multithreaded code, and JAX is multithreaded, so this will likely lead to a deadlock.
  self.pid = os.fork()
I0412 06:50:15.026823 140413282108608 spec.py:333] Evaluating on the training split.
I0412 06:50:59.021150 140413282108608 spec.py:346] Evaluating on the validation split.
I0412 06:51:39.940415 140413282108608 spec.py:363] Evaluating on the test split.
I0412 06:52:00.036141 140413282108608 submission_runner.py:516] Time since start: 43317.53s, 	Step: 16215, 	{'train/ctc_loss': Array(0.09366543, dtype=float32), 'train/wer': np.float64(0.13262422503430732), 'validation/ctc_loss': Array(0.14302838, dtype=float32), 'validation/wer': np.float64(0.17258726403707816), 'validation/num_examples': 5348, 'test/ctc_loss': Array(0.08683776, dtype=float32), 'test/wer': np.float64(0.1201429935206061), 'test/num_examples': 2472, 'score': 40443.30168700218, 'total_duration': 43317.526351213455, 'accumulated_submission_time': 40443.30168700218, 'accumulated_eval_time': 2870.0295102596283, 'accumulated_logging_time': 3.9112117290496826}
I0412 06:52:00.150539 140398008727296 logging_writer.py:48] [16215] accumulated_eval_time=2870.03, accumulated_logging_time=3.91121, accumulated_submission_time=40443.3, global_step=16215, preemption_count=0, score=40443.3, test/ctc_loss=0.0868377611041069, test/num_examples=2472, test/wer=0.120143, total_duration=43317.5, train/ctc_loss=0.09366542845964432, train/wer=0.132624, validation/ctc_loss=0.1430283784866333, validation/num_examples=5348, validation/wer=0.172587
/usr/local/lib/python3.11/multiprocessing/popen_fork.py:66: RuntimeWarning: os.fork() was called. os.fork() is incompatible with multithreaded code, and JAX is multithreaded, so this will likely lead to a deadlock.
  self.pid = os.fork()
I0412 07:21:07.855926 140413282108608 spec.py:333] Evaluating on the training split.
I0412 07:21:51.239948 140413282108608 spec.py:346] Evaluating on the validation split.
I0412 07:22:35.535657 140413282108608 spec.py:363] Evaluating on the test split.
I0412 07:22:57.657272 140413282108608 submission_runner.py:516] Time since start: 45175.15s, 	Step: 16982, 	{'train/ctc_loss': Array(0.09724069, dtype=float32), 'train/wer': np.float64(0.13875550275623552), 'validation/ctc_loss': Array(0.14098349, dtype=float32), 'validation/wer': np.float64(0.17136098102640854), 'validation/num_examples': 5348, 'test/ctc_loss': Array(0.08562973, dtype=float32), 'test/wer': np.float64(0.1185383787297138), 'test/num_examples': 2472, 'score': 42190.987877607346, 'total_duration': 45175.147545576096, 'accumulated_submission_time': 42190.987877607346, 'accumulated_eval_time': 2979.8285274505615, 'accumulated_logging_time': 4.03672456741333}
I0412 07:22:57.716633 140398008727296 logging_writer.py:48] [16982] accumulated_eval_time=2979.83, accumulated_logging_time=4.03672, accumulated_submission_time=42191, global_step=16982, preemption_count=0, score=42191, test/ctc_loss=0.08562973141670227, test/num_examples=2472, test/wer=0.118538, total_duration=45175.1, train/ctc_loss=0.09724068641662598, train/wer=0.138756, validation/ctc_loss=0.1409834921360016, validation/num_examples=5348, validation/wer=0.171361
/usr/local/lib/python3.11/multiprocessing/popen_fork.py:66: RuntimeWarning: os.fork() was called. os.fork() is incompatible with multithreaded code, and JAX is multithreaded, so this will likely lead to a deadlock.
  self.pid = os.fork()
I0412 07:52:04.786270 140413282108608 spec.py:333] Evaluating on the training split.
I0412 07:52:47.385550 140413282108608 spec.py:346] Evaluating on the validation split.
I0412 07:53:42.697177 140413282108608 spec.py:363] Evaluating on the test split.
I0412 07:54:08.248904 140413282108608 submission_runner.py:516] Time since start: 47045.74s, 	Step: 17677, 	{'train/ctc_loss': Array(0.11151931, dtype=float32), 'train/wer': np.float64(0.158992927798024), 'validation/ctc_loss': Array(0.14022312, dtype=float32), 'validation/wer': np.float64(0.16917877661372085), 'validation/num_examples': 5348, 'test/ctc_loss': Array(0.08449609, dtype=float32), 'test/wer': np.float64(0.11449637438303577), 'test/num_examples': 2472, 'score': 43938.03866863251, 'total_duration': 47045.73919939995, 'accumulated_submission_time': 43938.03866863251, 'accumulated_eval_time': 3103.288860797882, 'accumulated_logging_time': 4.107063055038452}
I0412 07:54:08.307240 140398008727296 logging_writer.py:48] [17677] accumulated_eval_time=3103.29, accumulated_logging_time=4.10706, accumulated_submission_time=43938, global_step=17677, preemption_count=0, score=43938, test/ctc_loss=0.08449608832597733, test/num_examples=2472, test/wer=0.114496, total_duration=47045.7, train/ctc_loss=0.11151931434869766, train/wer=0.158993, validation/ctc_loss=0.14022311568260193, validation/num_examples=5348, validation/wer=0.169179
I0412 08:23:26.058690 140413282108608 spec.py:333] Evaluating on the training split.
I0412 08:24:09.185145 140413282108608 spec.py:346] Evaluating on the validation split.
/usr/local/lib/python3.11/multiprocessing/popen_fork.py:66: RuntimeWarning: os.fork() was called. os.fork() is incompatible with multithreaded code, and JAX is multithreaded, so this will likely lead to a deadlock.
  self.pid = os.fork()
I0412 08:24:49.387425 140413282108608 spec.py:363] Evaluating on the test split.
I0412 08:25:09.489512 140413282108608 submission_runner.py:516] Time since start: 48906.98s, 	Step: 18398, 	{'train/ctc_loss': Array(0.10098495, dtype=float32), 'train/wer': np.float64(0.13950626733157098), 'validation/ctc_loss': Array(0.13663234, dtype=float32), 'validation/wer': np.float64(0.1654033698643364), 'validation/num_examples': 5348, 'test/ctc_loss': Array(0.08262358, dtype=float32), 'test/wer': np.float64(0.11274957853472264), 'test/num_examples': 2472, 'score': 45695.77086687088, 'total_duration': 48906.9798181057, 'accumulated_submission_time': 45695.77086687088, 'accumulated_eval_time': 3206.717232942581, 'accumulated_logging_time': 4.176433324813843}
I0412 08:25:09.569390 140398008727296 logging_writer.py:48] [18398] accumulated_eval_time=3206.72, accumulated_logging_time=4.17643, accumulated_submission_time=45695.8, global_step=18398, preemption_count=0, score=45695.8, test/ctc_loss=0.08262357860803604, test/num_examples=2472, test/wer=0.11275, total_duration=48907, train/ctc_loss=0.10098494589328766, train/wer=0.139506, validation/ctc_loss=0.13663233816623688, validation/num_examples=5348, validation/wer=0.165403
/usr/local/lib/python3.11/multiprocessing/popen_fork.py:66: RuntimeWarning: os.fork() was called. os.fork() is incompatible with multithreaded code, and JAX is multithreaded, so this will likely lead to a deadlock.
  self.pid = os.fork()
I0412 08:54:21.419527 140413282108608 spec.py:333] Evaluating on the training split.
I0412 08:55:04.750668 140413282108608 spec.py:346] Evaluating on the validation split.
I0412 08:56:02.273494 140413282108608 spec.py:363] Evaluating on the test split.
I0412 08:56:32.860922 140413282108608 submission_runner.py:516] Time since start: 50790.35s, 	Step: 19151, 	{'train/ctc_loss': Array(0.09356888, dtype=float32), 'train/wer': np.float64(0.13441817999621436), 'validation/ctc_loss': Array(0.13422531, dtype=float32), 'validation/wer': np.float64(0.16165693043016463), 'validation/num_examples': 5348, 'test/ctc_loss': Array(0.07948778, dtype=float32), 'test/wer': np.float64(0.10852476997136068), 'test/num_examples': 2472, 'score': 47447.601536273956, 'total_duration': 50790.35122823715, 'accumulated_submission_time': 47447.601536273956, 'accumulated_eval_time': 3338.1563372612, 'accumulated_logging_time': 4.267563104629517}
I0412 08:56:32.915230 140398008727296 logging_writer.py:48] [19151] accumulated_eval_time=3338.16, accumulated_logging_time=4.26756, accumulated_submission_time=47447.6, global_step=19151, preemption_count=0, score=47447.6, test/ctc_loss=0.07948777824640274, test/num_examples=2472, test/wer=0.108525, total_duration=50790.4, train/ctc_loss=0.09356888383626938, train/wer=0.134418, validation/ctc_loss=0.13422530889511108, validation/num_examples=5348, validation/wer=0.161657
/usr/local/lib/python3.11/multiprocessing/popen_fork.py:66: RuntimeWarning: os.fork() was called. os.fork() is incompatible with multithreaded code, and JAX is multithreaded, so this will likely lead to a deadlock.
  self.pid = os.fork()
I0412 09:25:42.186895 140413282108608 spec.py:333] Evaluating on the training split.
I0412 09:26:26.570570 140413282108608 spec.py:346] Evaluating on the validation split.
I0412 09:27:07.367516 140413282108608 spec.py:363] Evaluating on the test split.
I0412 09:27:27.784659 140413282108608 submission_runner.py:516] Time since start: 52645.27s, 	Step: 19759, 	{'train/ctc_loss': Array(0.08240522, dtype=float32), 'train/wer': np.float64(0.11975660420450467), 'validation/ctc_loss': Array(0.1343344, dtype=float32), 'validation/wer': np.float64(0.16131897841935017), 'validation/num_examples': 5348, 'test/ctc_loss': Array(0.07870669, dtype=float32), 'test/wer': np.float64(0.10832165417504519), 'test/num_examples': 2472, 'score': 49196.85571169853, 'total_duration': 52645.2749376297, 'accumulated_submission_time': 49196.85571169853, 'accumulated_eval_time': 3443.7517800331116, 'accumulated_logging_time': 4.332686424255371}
I0412 09:27:27.866016 140398008727296 logging_writer.py:48] [19759] accumulated_eval_time=3443.75, accumulated_logging_time=4.33269, accumulated_submission_time=49196.9, global_step=19759, preemption_count=0, score=49196.9, test/ctc_loss=0.07870668917894363, test/num_examples=2472, test/wer=0.108322, total_duration=52645.3, train/ctc_loss=0.082405224442482, train/wer=0.119757, validation/ctc_loss=0.13433440029621124, validation/num_examples=5348, validation/wer=0.161319
I0412 09:56:35.123135 140413282108608 spec.py:333] Evaluating on the training split.
I0412 09:57:19.034254 140413282108608 spec.py:346] Evaluating on the validation split.
/usr/local/lib/python3.11/multiprocessing/popen_fork.py:66: RuntimeWarning: os.fork() was called. os.fork() is incompatible with multithreaded code, and JAX is multithreaded, so this will likely lead to a deadlock.
  self.pid = os.fork()
I0412 09:58:00.648571 140413282108608 spec.py:363] Evaluating on the test split.
I0412 09:58:21.496886 140413282108608 submission_runner.py:516] Time since start: 54498.99s, 	Step: 20397, 	{'train/ctc_loss': Array(0.09188792, dtype=float32), 'train/wer': np.float64(0.13230541962884312), 'validation/ctc_loss': Array(0.13303165, dtype=float32), 'validation/wer': np.float64(0.16158934002800174), 'validation/num_examples': 5348, 'test/ctc_loss': Array(0.07893082, dtype=float32), 'test/wer': np.float64(0.11110434058456727), 'test/num_examples': 2472, 'score': 50944.094820261, 'total_duration': 54498.98715353012, 'accumulated_submission_time': 50944.094820261, 'accumulated_eval_time': 3550.123048067093, 'accumulated_logging_time': 4.425203561782837}
I0412 09:58:21.552546 140398008727296 logging_writer.py:48] [20397] accumulated_eval_time=3550.12, accumulated_logging_time=4.4252, accumulated_submission_time=50944.1, global_step=20397, preemption_count=0, score=50944.1, test/ctc_loss=0.0789308249950409, test/num_examples=2472, test/wer=0.111104, total_duration=54499, train/ctc_loss=0.09188792109489441, train/wer=0.132305, validation/ctc_loss=0.13303165137767792, validation/num_examples=5348, validation/wer=0.161589
/usr/local/lib/python3.11/multiprocessing/popen_fork.py:66: RuntimeWarning: os.fork() was called. os.fork() is incompatible with multithreaded code, and JAX is multithreaded, so this will likely lead to a deadlock.
  self.pid = os.fork()
I0412 10:27:33.727812 140413282108608 spec.py:333] Evaluating on the training split.
I0412 10:28:17.927362 140413282108608 spec.py:346] Evaluating on the validation split.
I0412 10:28:58.944813 140413282108608 spec.py:363] Evaluating on the test split.
I0412 10:29:19.097962 140413282108608 submission_runner.py:516] Time since start: 56356.59s, 	Step: 21100, 	{'train/ctc_loss': Array(0.08454173, dtype=float32), 'train/wer': np.float64(0.1218755368493386), 'validation/ctc_loss': Array(0.13136385, dtype=float32), 'validation/wer': np.float64(0.15784290059382997), 'validation/num_examples': 5348, 'test/ctc_loss': Array(0.07853213, dtype=float32), 'test/wer': np.float64(0.10696077833973149), 'test/num_examples': 2472, 'score': 52696.251549482346, 'total_duration': 56356.588330984116, 'accumulated_submission_time': 52696.251549482346, 'accumulated_eval_time': 3655.490880250931, 'accumulated_logging_time': 4.491942405700684}
I0412 10:29:19.157956 140398008727296 logging_writer.py:48] [21100] accumulated_eval_time=3655.49, accumulated_logging_time=4.49194, accumulated_submission_time=52696.3, global_step=21100, preemption_count=0, score=52696.3, test/ctc_loss=0.0785321295261383, test/num_examples=2472, test/wer=0.106961, total_duration=56356.6, train/ctc_loss=0.08454173058271408, train/wer=0.121876, validation/ctc_loss=0.1313638538122177, validation/num_examples=5348, validation/wer=0.157843
/usr/local/lib/python3.11/multiprocessing/popen_fork.py:66: RuntimeWarning: os.fork() was called. os.fork() is incompatible with multithreaded code, and JAX is multithreaded, so this will likely lead to a deadlock.
  self.pid = os.fork()
I0412 10:58:29.997057 140413282108608 spec.py:333] Evaluating on the training split.
I0412 10:59:14.006371 140413282108608 spec.py:346] Evaluating on the validation split.
I0412 10:59:54.372103 140413282108608 spec.py:363] Evaluating on the test split.
I0412 11:00:14.678444 140413282108608 submission_runner.py:516] Time since start: 58212.17s, 	Step: 21639, 	{'train/ctc_loss': Array(0.08447478, dtype=float32), 'train/wer': np.float64(0.12247366536846788), 'validation/ctc_loss': Array(0.12942412, dtype=float32), 'validation/wer': np.float64(0.1554579249746536), 'validation/num_examples': 5348, 'test/ctc_loss': Array(0.07628509, dtype=float32), 'test/wer': np.float64(0.10413746877094632), 'test/num_examples': 2472, 'score': 54447.073437452316, 'total_duration': 58212.168260097504, 'accumulated_submission_time': 54447.073437452316, 'accumulated_eval_time': 3760.16947388649, 'accumulated_logging_time': 4.563141107559204}
I0412 11:00:14.737416 140398008727296 logging_writer.py:48] [21639] accumulated_eval_time=3760.17, accumulated_logging_time=4.56314, accumulated_submission_time=54447.1, global_step=21639, preemption_count=0, score=54447.1, test/ctc_loss=0.07628508657217026, test/num_examples=2472, test/wer=0.104137, total_duration=58212.2, train/ctc_loss=0.08447477966547012, train/wer=0.122474, validation/ctc_loss=0.12942412495613098, validation/num_examples=5348, validation/wer=0.155458
I0412 11:29:27.392633 140413282108608 spec.py:333] Evaluating on the training split.
I0412 11:30:13.100795 140413282108608 spec.py:346] Evaluating on the validation split.
/usr/local/lib/python3.11/multiprocessing/popen_fork.py:66: RuntimeWarning: os.fork() was called. os.fork() is incompatible with multithreaded code, and JAX is multithreaded, so this will likely lead to a deadlock.
  self.pid = os.fork()
I0412 11:30:53.586648 140413282108608 spec.py:363] Evaluating on the test split.
I0412 11:31:14.121291 140413282108608 submission_runner.py:516] Time since start: 60071.61s, 	Step: 22358, 	{'train/ctc_loss': Array(0.08690389, dtype=float32), 'train/wer': np.float64(0.1236328502415459), 'validation/ctc_loss': Array(0.13112982, dtype=float32), 'validation/wer': np.float64(0.15697388113744992), 'validation/num_examples': 5348, 'test/ctc_loss': Array(0.07695756, dtype=float32), 'test/wer': np.float64(0.10515304775252371), 'test/num_examples': 2472, 'score': 56199.709876298904, 'total_duration': 60071.611599206924, 'accumulated_submission_time': 56199.709876298904, 'accumulated_eval_time': 3866.895684480667, 'accumulated_logging_time': 4.633204221725464}
I0412 11:31:14.183138 140398008727296 logging_writer.py:48] [22358] accumulated_eval_time=3866.9, accumulated_logging_time=4.6332, accumulated_submission_time=56199.7, global_step=22358, preemption_count=0, score=56199.7, test/ctc_loss=0.07695756107568741, test/num_examples=2472, test/wer=0.105153, total_duration=60071.6, train/ctc_loss=0.0869038924574852, train/wer=0.123633, validation/ctc_loss=0.13112981617450714, validation/num_examples=5348, validation/wer=0.156974
/usr/local/lib/python3.11/multiprocessing/popen_fork.py:66: RuntimeWarning: os.fork() was called. os.fork() is incompatible with multithreaded code, and JAX is multithreaded, so this will likely lead to a deadlock.
  self.pid = os.fork()
I0412 12:00:21.340643 140413282108608 spec.py:333] Evaluating on the training split.
I0412 12:01:04.726656 140413282108608 spec.py:346] Evaluating on the validation split.
I0412 12:01:46.569381 140413282108608 spec.py:363] Evaluating on the test split.
I0412 12:02:11.078264 140413282108608 submission_runner.py:516] Time since start: 61928.57s, 	Step: 22999, 	{'train/ctc_loss': Array(0.09019899, dtype=float32), 'train/wer': np.float64(0.12822361869441296), 'validation/ctc_loss': Array(0.12839696, dtype=float32), 'validation/wer': np.float64(0.15345918022497948), 'validation/num_examples': 5348, 'test/ctc_loss': Array(0.07560021, dtype=float32), 'test/wer': np.float64(0.10165945605589746), 'test/num_examples': 2472, 'score': 57946.84842681885, 'total_duration': 61928.56864142418, 'accumulated_submission_time': 57946.84842681885, 'accumulated_eval_time': 3976.631084918976, 'accumulated_logging_time': 4.707098007202148}
I0412 12:02:11.138226 140398008727296 logging_writer.py:48] [22999] accumulated_eval_time=3976.63, accumulated_logging_time=4.7071, accumulated_submission_time=57946.8, global_step=22999, preemption_count=0, score=57946.8, test/ctc_loss=0.07560020685195923, test/num_examples=2472, test/wer=0.101659, total_duration=61928.6, train/ctc_loss=0.09019899368286133, train/wer=0.128224, validation/ctc_loss=0.12839695811271667, validation/num_examples=5348, validation/wer=0.153459
I0412 12:31:18.230549 140413282108608 spec.py:333] Evaluating on the training split.
I0412 12:32:02.735448 140413282108608 spec.py:346] Evaluating on the validation split.
/usr/local/lib/python3.11/multiprocessing/popen_fork.py:66: RuntimeWarning: os.fork() was called. os.fork() is incompatible with multithreaded code, and JAX is multithreaded, so this will likely lead to a deadlock.
  self.pid = os.fork()
I0412 12:32:43.127560 140413282108608 spec.py:363] Evaluating on the test split.
I0412 12:33:03.381113 140413282108608 submission_runner.py:516] Time since start: 63780.87s, 	Step: 23569, 	{'train/ctc_loss': Array(0.08651221, dtype=float32), 'train/wer': np.float64(0.1230192008190026), 'validation/ctc_loss': Array(0.12663402, dtype=float32), 'validation/wer': np.float64(0.15249360305122386), 'validation/num_examples': 5348, 'test/ctc_loss': Array(0.07524762, dtype=float32), 'test/wer': np.float64(0.10308126663010582), 'test/num_examples': 2472, 'score': 59693.92273759842, 'total_duration': 63780.87131166458, 'accumulated_submission_time': 59693.92273759842, 'accumulated_eval_time': 4081.7791538238525, 'accumulated_logging_time': 4.778488636016846}
I0412 12:33:03.438984 140398008727296 logging_writer.py:48] [23569] accumulated_eval_time=4081.78, accumulated_logging_time=4.77849, accumulated_submission_time=59693.9, global_step=23569, preemption_count=0, score=59693.9, test/ctc_loss=0.075247623026371, test/num_examples=2472, test/wer=0.103081, total_duration=63780.9, train/ctc_loss=0.08651220798492432, train/wer=0.123019, validation/ctc_loss=0.12663401663303375, validation/num_examples=5348, validation/wer=0.152494
/usr/local/lib/python3.11/multiprocessing/popen_fork.py:66: RuntimeWarning: os.fork() was called. os.fork() is incompatible with multithreaded code, and JAX is multithreaded, so this will likely lead to a deadlock.
  self.pid = os.fork()
I0412 13:02:14.340221 140413282108608 spec.py:333] Evaluating on the training split.
I0412 13:02:57.794359 140413282108608 spec.py:346] Evaluating on the validation split.
I0412 13:03:39.068107 140413282108608 spec.py:363] Evaluating on the test split.
I0412 13:03:59.702204 140413282108608 submission_runner.py:516] Time since start: 65637.19s, 	Step: 24315, 	{'train/ctc_loss': Array(0.08191685, dtype=float32), 'train/wer': np.float64(0.11840630394332728), 'validation/ctc_loss': Array(0.12592897, dtype=float32), 'validation/wer': np.float64(0.1505527929319751), 'validation/num_examples': 5348, 'test/ctc_loss': Array(0.0744468, dtype=float32), 'test/wer': np.float64(0.10056263075579387), 'test/num_examples': 2472, 'score': 61444.80528712273, 'total_duration': 65637.19243693352, 'accumulated_submission_time': 61444.80528712273, 'accumulated_eval_time': 4187.138687133789, 'accumulated_logging_time': 4.847548007965088}
I0412 13:03:59.762687 140398008727296 logging_writer.py:48] [24315] accumulated_eval_time=4187.14, accumulated_logging_time=4.84755, accumulated_submission_time=61444.8, global_step=24315, preemption_count=0, score=61444.8, test/ctc_loss=0.07444679737091064, test/num_examples=2472, test/wer=0.100563, total_duration=65637.2, train/ctc_loss=0.08191684633493423, train/wer=0.118406, validation/ctc_loss=0.12592896819114685, validation/num_examples=5348, validation/wer=0.150553
/usr/local/lib/python3.11/multiprocessing/popen_fork.py:66: RuntimeWarning: os.fork() was called. os.fork() is incompatible with multithreaded code, and JAX is multithreaded, so this will likely lead to a deadlock.
  self.pid = os.fork()
I0412 13:33:07.583273 140413282108608 spec.py:333] Evaluating on the training split.
I0412 13:33:50.846429 140413282108608 spec.py:346] Evaluating on the validation split.
I0412 13:34:38.744945 140413282108608 spec.py:363] Evaluating on the test split.
I0412 13:35:02.996202 140413282108608 submission_runner.py:516] Time since start: 67500.49s, 	Step: 24910, 	{'train/ctc_loss': Array(0.08404117, dtype=float32), 'train/wer': np.float64(0.12221601022317558), 'validation/ctc_loss': Array(0.12363756, dtype=float32), 'validation/wer': np.float64(0.15178873171438229), 'validation/num_examples': 5348, 'test/ctc_loss': Array(0.07313331, dtype=float32), 'test/wer': np.float64(0.10115166656510877), 'test/num_examples': 2472, 'score': 63192.6081802845, 'total_duration': 67500.4866039753, 'accumulated_submission_time': 63192.6081802845, 'accumulated_eval_time': 4302.5494129657745, 'accumulated_logging_time': 4.9192116260528564}
I0412 13:35:03.051665 140398008727296 logging_writer.py:48] [24910] accumulated_eval_time=4302.55, accumulated_logging_time=4.91921, accumulated_submission_time=63192.6, global_step=24910, preemption_count=0, score=63192.6, test/ctc_loss=0.07313331216573715, test/num_examples=2472, test/wer=0.101152, total_duration=67500.5, train/ctc_loss=0.08404117077589035, train/wer=0.122216, validation/ctc_loss=0.12363756448030472, validation/num_examples=5348, validation/wer=0.151789
I0412 14:04:13.805316 140413282108608 spec.py:333] Evaluating on the training split.
I0412 14:04:57.474100 140413282108608 spec.py:346] Evaluating on the validation split.
/usr/local/lib/python3.11/multiprocessing/popen_fork.py:66: RuntimeWarning: os.fork() was called. os.fork() is incompatible with multithreaded code, and JAX is multithreaded, so this will likely lead to a deadlock.
  self.pid = os.fork()
I0412 14:05:39.362359 140413282108608 spec.py:363] Evaluating on the test split.
I0412 14:05:59.948740 140413282108608 submission_runner.py:516] Time since start: 69357.44s, 	Step: 25577, 	{'train/ctc_loss': Array(0.08173258, dtype=float32), 'train/wer': np.float64(0.1181872963442396), 'validation/ctc_loss': Array(0.12356088, dtype=float32), 'validation/wer': np.float64(0.14928788683435523), 'validation/num_examples': 5348, 'test/ctc_loss': Array(0.07311253, dtype=float32), 'test/wer': np.float64(0.0984096033148498), 'test/num_examples': 2472, 'score': 64943.34402728081, 'total_duration': 69357.43912482262, 'accumulated_submission_time': 64943.34402728081, 'accumulated_eval_time': 4408.690469503403, 'accumulated_logging_time': 4.985464811325073}
I0412 14:06:00.010529 140398008727296 logging_writer.py:48] [25577] accumulated_eval_time=4408.69, accumulated_logging_time=4.98546, accumulated_submission_time=64943.3, global_step=25577, preemption_count=0, score=64943.3, test/ctc_loss=0.07311252504587173, test/num_examples=2472, test/wer=0.0984096, total_duration=69357.4, train/ctc_loss=0.08173257857561111, train/wer=0.118187, validation/ctc_loss=0.12356088310480118, validation/num_examples=5348, validation/wer=0.149288
/usr/local/lib/python3.11/multiprocessing/popen_fork.py:66: RuntimeWarning: os.fork() was called. os.fork() is incompatible with multithreaded code, and JAX is multithreaded, so this will likely lead to a deadlock.
  self.pid = os.fork()
I0412 14:35:13.707324 140398008727296 logging_writer.py:48] [26347] global_step=26347, preemption_count=0, score=66697
I0412 14:35:19.304193 140413282108608 submission_runner.py:857] Final librispeech_conformer score: 66696.95842194557
