python submission_runner.py --framework=jax --workload=fastmri --submission_path=submissions_algorithms/submissions/self_tuning/muon/submission.py --data_dir=/data/fastmri --experiment_dir=/experiment_runs --experiment_name=submissions_a100/muon/study_1 --overwrite=True --save_checkpoints=False --rng_seed=-1965456372 --tuning_ruleset=self 2>&1 | tee -a /logs/fastmri_jax_05-10-2026-01-02-19.log
2026-05-10 01:02:20.370483: E external/local_xla/xla/stream_executor/cuda/cuda_fft.cc:467] Unable to register cuFFT factory: Attempting to register factory for plugin cuFFT when one has already been registered
WARNING: All log messages before absl::InitializeLog() is called are written to STDERR
E0000 00:00:1778374940.397719       9 cuda_dnn.cc:8579] Unable to register cuDNN factory: Attempting to register factory for plugin cuDNN when one has already been registered
E0000 00:00:1778374940.406827       9 cuda_blas.cc:1407] Unable to register cuBLAS factory: Attempting to register factory for plugin cuBLAS when one has already been registered
W0000 00:00:1778374940.437444       9 computation_placer.cc:177] computation placer already registered. Please check linkage and avoid linking the same target more than once.
W0000 00:00:1778374940.437476       9 computation_placer.cc:177] computation placer already registered. Please check linkage and avoid linking the same target more than once.
W0000 00:00:1778374940.437478       9 computation_placer.cc:177] computation placer already registered. Please check linkage and avoid linking the same target more than once.
W0000 00:00:1778374940.437481       9 computation_placer.cc:177] computation placer already registered. Please check linkage and avoid linking the same target more than once.
/usr/local/lib/python3.11/site-packages/torch/__init__.py:1617: UserWarning: Please use the new API settings to control TF32 behavior, such as torch.backends.cudnn.conv.fp32_precision = 'tf32' or torch.backends.cuda.matmul.fp32_precision = 'ieee'. Old settings, e.g, torch.backends.cuda.matmul.allow_tf32 = True, torch.backends.cudnn.allow_tf32 = True, allowTF32CuDNN() and allowTF32CuBLAS() will be deprecated after Pytorch 2.9. Please see https://pytorch.org/docs/main/notes/cuda.html#tensorfloat-32-tf32-on-ampere-and-later-devices (Triggered internally at /pytorch/aten/src/ATen/Context.cpp:80.)
  _C._set_float32_matmul_precision(precision)
/usr/local/lib/python3.11/site-packages/pydantic/_internal/_generate_schema.py:2249: UnsupportedFieldAttributeWarning: The 'repr' attribute with value False was provided to the `Field()` function, which has no effect in the context it was used. 'repr' is field-specific metadata, and can only be attached to a model field using `Annotated` metadata or by assignment. This may have happened because an `Annotated` type alias using the `type` statement was used, or if the `Field()` function was attached to a single member of a union type.
  warnings.warn(
/usr/local/lib/python3.11/site-packages/pydantic/_internal/_generate_schema.py:2249: UnsupportedFieldAttributeWarning: The 'frozen' attribute with value True was provided to the `Field()` function, which has no effect in the context it was used. 'frozen' is field-specific metadata, and can only be attached to a model field using `Annotated` metadata or by assignment. This may have happened because an `Annotated` type alias using the `type` statement was used, or if the `Field()` function was attached to a single member of a union type.
  warnings.warn(
INFO:2026-05-10 01:02:28,077:jax._src.xla_bridge:830: Unable to initialize backend 'tpu': INTERNAL: Failed to open libtpu.so: libtpu.so: cannot open shared object file: No such file or directory
I0510 01:02:28.077854 140224888444096 xla_bridge.py:830] Unable to initialize backend 'tpu': INTERNAL: Failed to open libtpu.so: libtpu.so: cannot open shared object file: No such file or directory
I0510 01:02:28.698208 140224888444096 logger_utils.py:84] Creating experiment directory at /experiment_runs/submissions_a100/muon/study_1/fastmri_jax.
I0510 01:02:29.173840 140224888444096 submission_runner.py:741] Creating directory at /experiment_runs/submissions_a100/muon/study_1/fastmri_jax/trial_1.
I0510 01:02:29.451890 140224888444096 submission_runner.py:242] Initializing dataset.
WARNING:tensorflow:AutoGraph could not transform <function array at 0x7f885a2ec680> and will run it as-is.
Please report this to the TensorFlow team. When filing the bug, set the verbosity to 10 (on Linux, `export AUTOGRAPH_VERBOSITY=10`) and attach the full output.
Cause: (<gast.gast.NamedExpr object at 0x7f86307d5d50>, (leaf_jax_array := getattr(leaf, '__jax_array__', None)))
To silence this warning, decorate the function with @tf.autograph.experimental.do_not_convert
W0510 01:02:31.625048 140224888444096 ag_logging.py:142] AutoGraph could not transform <function array at 0x7f885a2ec680> and will run it as-is.
Please report this to the TensorFlow team. When filing the bug, set the verbosity to 10 (on Linux, `export AUTOGRAPH_VERBOSITY=10`) and attach the full output.
Cause: (<gast.gast.NamedExpr object at 0x7f86307d5d50>, (leaf_jax_array := getattr(leaf, '__jax_array__', None)))
To silence this warning, decorate the function with @tf.autograph.experimental.do_not_convert
WARNING:tensorflow:AutoGraph could not transform <function standard_insert_pvary at 0x7f885af71300> and will run it as-is.
Please report this to the TensorFlow team. When filing the bug, set the verbosity to 10 (on Linux, `export AUTOGRAPH_VERBOSITY=10`) and attach the full output.
Cause: (<gast.gast.NamedExpr object at 0x7f86307d5ed0>, (aval := get_aval(a)))
To silence this warning, decorate the function with @tf.autograph.experimental.do_not_convert
W0510 01:02:31.676179 140224888444096 ag_logging.py:142] AutoGraph could not transform <function standard_insert_pvary at 0x7f885af71300> and will run it as-is.
Please report this to the TensorFlow team. When filing the bug, set the verbosity to 10 (on Linux, `export AUTOGRAPH_VERBOSITY=10`) and attach the full output.
Cause: (<gast.gast.NamedExpr object at 0x7f86307d5ed0>, (aval := get_aval(a)))
To silence this warning, decorate the function with @tf.autograph.experimental.do_not_convert
I0510 01:02:32.863223 140224888444096 submission_runner.py:251] Initializing model.
I0510 01:02:43.309251 140224888444096 submission_runner.py:294] Initializing optimizer.
I0510 01:02:44.092266 140224888444096 submission_runner.py:299] Initializing metrics bundle.
I0510 01:02:44.092504 140224888444096 submission_runner.py:321] Initializing checkpoint and logger.
I0510 01:02:44.094480 140224888444096 checkpoints.py:1098] Found no checkpoint files in /experiment_runs/submissions_a100/muon/study_1/fastmri_jax/trial_1 with prefix checkpoint_
I0510 01:02:44.094629 140224888444096 submission_runner.py:344] Saving meta data to /experiment_runs/submissions_a100/muon/study_1/fastmri_jax/trial_1/meta_data_0.json.
I0510 01:02:44.094809 140224888444096 logger_utils.py:283] Unable to record workload.train_mean information. Continuing without it.
I0510 01:02:44.094868 140224888444096 logger_utils.py:283] Unable to record workload.train_stddev information. Continuing without it.
I0510 01:02:44.256251 140224888444096 submission_runner.py:348] Saving flags to /experiment_runs/submissions_a100/muon/study_1/fastmri_jax/trial_1/flags_0.json.
I0510 01:02:44.267705 140224888444096 submission_runner.py:359] Starting training loop.
I0510 01:07:12.574221 140224888444096 spec.py:333] Evaluating on the training split.
I0510 01:14:16.465820 140224888444096 spec.py:346] Evaluating on the validation split.
I0510 01:18:08.662572 140224888444096 spec.py:363] Evaluating on the test split.
I0510 01:22:03.968947 140224888444096 submission_runner.py:516] Time since start: 1159.70s, 	Step: 1, 	{'train/ssim': 0.4189948354448591, 'train/loss': 0.4915952341897147, 'validation/ssim': 0.4075941129822911, 'validation/loss': 0.5145472160000176, 'validation/num_examples': 3554, 'test/ssim': 0.4254568995326899, 'test/loss': 0.5140398585307002, 'test/num_examples': 3581, 'score': 268.306293964386, 'total_duration': 1159.701147556305, 'accumulated_submission_time': 268.306293964386, 'accumulated_eval_time': 891.3946471214294, 'accumulated_logging_time': 0}
I0510 01:22:03.989218 140021292529408 logging_writer.py:48] [1] accumulated_eval_time=891.395, accumulated_logging_time=0, accumulated_submission_time=268.306, global_step=1, preemption_count=0, score=268.306, test/loss=0.51404, test/num_examples=3581, test/ssim=0.425457, total_duration=1159.7, train/loss=0.491595, train/ssim=0.418995, validation/loss=0.514547, validation/num_examples=3554, validation/ssim=0.407594
I0510 01:23:54.174287 140224888444096 spec.py:333] Evaluating on the training split.
I0510 01:23:55.645467 140224888444096 spec.py:346] Evaluating on the validation split.
I0510 01:23:56.783150 140224888444096 spec.py:363] Evaluating on the test split.
I0510 01:23:57.917269 140224888444096 submission_runner.py:516] Time since start: 1273.65s, 	Step: 257, 	{'train/ssim': 0.7155455861772809, 'train/loss': 0.29933490071977886, 'validation/ssim': 0.690202651831563, 'validation/loss': 0.3209161538385446, 'validation/num_examples': 3554, 'test/ssim': 0.708413599989528, 'test/loss': 0.32200440612128245, 'test/num_examples': 3581, 'score': 378.45234298706055, 'total_duration': 1273.649493932724, 'accumulated_submission_time': 378.45234298706055, 'accumulated_eval_time': 895.1375825405121, 'accumulated_logging_time': 0.056679487228393555}
I0510 01:23:57.947491 140022399796992 logging_writer.py:48] [257] accumulated_eval_time=895.138, accumulated_logging_time=0.0566795, accumulated_submission_time=378.452, global_step=257, preemption_count=0, score=378.452, test/loss=0.322004, test/num_examples=3581, test/ssim=0.708414, total_duration=1273.65, train/loss=0.299335, train/ssim=0.715546, validation/loss=0.320916, validation/num_examples=3554, validation/ssim=0.690203
I0510 01:25:50.717739 140224888444096 spec.py:333] Evaluating on the training split.
I0510 01:25:51.990548 140224888444096 spec.py:346] Evaluating on the validation split.
I0510 01:25:53.124508 140224888444096 spec.py:363] Evaluating on the test split.
I0510 01:25:54.259198 140224888444096 submission_runner.py:516] Time since start: 1389.99s, 	Step: 314, 	{'train/ssim': 0.7161996023995536, 'train/loss': 0.2970073563711984, 'validation/ssim': 0.6913442874665869, 'validation/loss': 0.3181105631418824, 'validation/num_examples': 3554, 'test/ssim': 0.7092079262732128, 'test/loss': 0.31907921828094454, 'test/num_examples': 3581, 'score': 491.2130968570709, 'total_duration': 1389.9914178848267, 'accumulated_submission_time': 491.2130968570709, 'accumulated_eval_time': 898.678989648819, 'accumulated_logging_time': 0.09561848640441895}
I0510 01:25:54.284466 140022408189696 logging_writer.py:48] [314] accumulated_eval_time=898.679, accumulated_logging_time=0.0956185, accumulated_submission_time=491.213, global_step=314, preemption_count=0, score=491.213, test/loss=0.319079, test/num_examples=3581, test/ssim=0.709208, total_duration=1389.99, train/loss=0.297007, train/ssim=0.7162, validation/loss=0.318111, validation/num_examples=3554, validation/ssim=0.691344
I0510 01:27:47.706416 140224888444096 spec.py:333] Evaluating on the training split.
I0510 01:27:48.963966 140224888444096 spec.py:346] Evaluating on the validation split.
I0510 01:27:50.098504 140224888444096 spec.py:363] Evaluating on the test split.
I0510 01:27:51.233961 140224888444096 submission_runner.py:516] Time since start: 1506.97s, 	Step: 375, 	{'train/ssim': 0.7077536582946777, 'train/loss': 0.2940387725830078, 'validation/ssim': 0.6888245006726575, 'validation/loss': 0.3136533480651203, 'validation/num_examples': 3554, 'test/ssim': 0.7043558614475706, 'test/loss': 0.3153775664422473, 'test/num_examples': 3581, 'score': 604.6258015632629, 'total_duration': 1506.9661936759949, 'accumulated_submission_time': 604.6258015632629, 'accumulated_eval_time': 902.2064867019653, 'accumulated_logging_time': 0.1293342113494873}
I0510 01:27:51.262416 140022399796992 logging_writer.py:48] [375] accumulated_eval_time=902.206, accumulated_logging_time=0.129334, accumulated_submission_time=604.626, global_step=375, preemption_count=0, score=604.626, test/loss=0.315378, test/num_examples=3581, test/ssim=0.704356, total_duration=1506.97, train/loss=0.294039, train/ssim=0.707754, validation/loss=0.313653, validation/num_examples=3554, validation/ssim=0.688825
I0510 01:29:41.466253 140224888444096 spec.py:333] Evaluating on the training split.
I0510 01:29:42.736050 140224888444096 spec.py:346] Evaluating on the validation split.
I0510 01:29:43.871156 140224888444096 spec.py:363] Evaluating on the test split.
I0510 01:29:45.006775 140224888444096 submission_runner.py:516] Time since start: 1620.74s, 	Step: 434, 	{'train/ssim': 0.7267657688685826, 'train/loss': 0.28669272150312153, 'validation/ssim': 0.701071306098762, 'validation/loss': 0.30779239308921286, 'validation/num_examples': 3554, 'test/ssim': 0.7189190781206367, 'test/loss': 0.3091210283004049, 'test/num_examples': 3581, 'score': 714.8203008174896, 'total_duration': 1620.7389953136444, 'accumulated_submission_time': 714.8203008174896, 'accumulated_eval_time': 905.7469437122345, 'accumulated_logging_time': 0.16637158393859863}
I0510 01:29:45.032800 140022408189696 logging_writer.py:48] [434] accumulated_eval_time=905.747, accumulated_logging_time=0.166372, accumulated_submission_time=714.82, global_step=434, preemption_count=0, score=714.82, test/loss=0.309121, test/num_examples=3581, test/ssim=0.718919, total_duration=1620.74, train/loss=0.286693, train/ssim=0.726766, validation/loss=0.307792, validation/num_examples=3554, validation/ssim=0.701071
I0510 01:31:36.310065 140224888444096 spec.py:333] Evaluating on the training split.
I0510 01:31:37.581229 140224888444096 spec.py:346] Evaluating on the validation split.
I0510 01:31:38.716051 140224888444096 spec.py:363] Evaluating on the test split.
I0510 01:31:39.851568 140224888444096 submission_runner.py:516] Time since start: 1735.58s, 	Step: 493, 	{'train/ssim': 0.7280841554914202, 'train/loss': 0.2850490467888968, 'validation/ssim': 0.7025136867130346, 'validation/loss': 0.30573299753578714, 'validation/num_examples': 3554, 'test/ssim': 0.7202848611814088, 'test/loss': 0.3071046012701585, 'test/num_examples': 3581, 'score': 826.0884079933167, 'total_duration': 1735.5837996006012, 'accumulated_submission_time': 826.0884079933167, 'accumulated_eval_time': 909.288388967514, 'accumulated_logging_time': 0.2007746696472168}
I0510 01:31:39.875175 140022399796992 logging_writer.py:48] [493] accumulated_eval_time=909.288, accumulated_logging_time=0.200775, accumulated_submission_time=826.088, global_step=493, preemption_count=0, score=826.088, test/loss=0.307105, test/num_examples=3581, test/ssim=0.720285, total_duration=1735.58, train/loss=0.285049, train/ssim=0.728084, validation/loss=0.305733, validation/num_examples=3554, validation/ssim=0.702514
I0510 01:33:30.814892 140224888444096 spec.py:333] Evaluating on the training split.
I0510 01:33:32.083103 140224888444096 spec.py:346] Evaluating on the validation split.
I0510 01:33:33.217741 140224888444096 spec.py:363] Evaluating on the test split.
I0510 01:33:34.354188 140224888444096 submission_runner.py:516] Time since start: 1850.09s, 	Step: 554, 	{'train/ssim': 0.729100091116769, 'train/loss': 0.28340976578848703, 'validation/ssim': 0.7032934391706528, 'validation/loss': 0.3045536829101013, 'validation/num_examples': 3554, 'test/ssim': 0.7211570452125803, 'test/loss': 0.30568683350495673, 'test/num_examples': 3581, 'score': 937.019139289856, 'total_duration': 1850.0864255428314, 'accumulated_submission_time': 937.019139289856, 'accumulated_eval_time': 912.8276379108429, 'accumulated_logging_time': 0.23258376121520996}
I0510 01:33:34.387409 140022408189696 logging_writer.py:48] [554] accumulated_eval_time=912.828, accumulated_logging_time=0.232584, accumulated_submission_time=937.019, global_step=554, preemption_count=0, score=937.019, test/loss=0.305687, test/num_examples=3581, test/ssim=0.721157, total_duration=1850.09, train/loss=0.28341, train/ssim=0.7291, validation/loss=0.304554, validation/num_examples=3554, validation/ssim=0.703293
I0510 01:35:25.785436 140224888444096 spec.py:333] Evaluating on the training split.
I0510 01:35:27.051693 140224888444096 spec.py:346] Evaluating on the validation split.
I0510 01:35:28.186553 140224888444096 spec.py:363] Evaluating on the test split.
I0510 01:35:29.322417 140224888444096 submission_runner.py:516] Time since start: 1965.05s, 	Step: 618, 	{'train/ssim': 0.7313206536429269, 'train/loss': 0.28097072669437956, 'validation/ssim': 0.7059994570378447, 'validation/loss': 0.3017303346581317, 'validation/num_examples': 3554, 'test/ssim': 0.7233890809349692, 'test/loss': 0.3032835380087615, 'test/num_examples': 3581, 'score': 1048.4079053401947, 'total_duration': 1965.0546436309814, 'accumulated_submission_time': 1048.4079053401947, 'accumulated_eval_time': 916.3645479679108, 'accumulated_logging_time': 0.2743077278137207}
I0510 01:35:29.348945 140022399796992 logging_writer.py:48] [618] accumulated_eval_time=916.365, accumulated_logging_time=0.274308, accumulated_submission_time=1048.41, global_step=618, preemption_count=0, score=1048.41, test/loss=0.303284, test/num_examples=3581, test/ssim=0.723389, total_duration=1965.05, train/loss=0.280971, train/ssim=0.731321, validation/loss=0.30173, validation/num_examples=3554, validation/ssim=0.705999
I0510 01:37:21.418661 140224888444096 spec.py:333] Evaluating on the training split.
I0510 01:37:22.693701 140224888444096 spec.py:346] Evaluating on the validation split.
I0510 01:37:23.828453 140224888444096 spec.py:363] Evaluating on the test split.
I0510 01:37:24.964365 140224888444096 submission_runner.py:516] Time since start: 2080.70s, 	Step: 680, 	{'train/ssim': 0.7331626755850655, 'train/loss': 0.27979837145124165, 'validation/ssim': 0.707686665223164, 'validation/loss': 0.3006196115952096, 'validation/num_examples': 3554, 'test/ssim': 0.7251467434463139, 'test/loss': 0.3019635014878875, 'test/num_examples': 3581, 'score': 1160.468362569809, 'total_duration': 2080.696517944336, 'accumulated_submission_time': 1160.468362569809, 'accumulated_eval_time': 919.9101328849792, 'accumulated_logging_time': 0.3092970848083496}
I0510 01:37:24.991252 140022408189696 logging_writer.py:48] [680] accumulated_eval_time=919.91, accumulated_logging_time=0.309297, accumulated_submission_time=1160.47, global_step=680, preemption_count=0, score=1160.47, test/loss=0.301964, test/num_examples=3581, test/ssim=0.725147, total_duration=2080.7, train/loss=0.279798, train/ssim=0.733163, validation/loss=0.30062, validation/num_examples=3554, validation/ssim=0.707687
I0510 01:39:15.328408 140224888444096 spec.py:333] Evaluating on the training split.
I0510 01:39:16.603267 140224888444096 spec.py:346] Evaluating on the validation split.
I0510 01:39:17.738012 140224888444096 spec.py:363] Evaluating on the test split.
I0510 01:39:18.873688 140224888444096 submission_runner.py:516] Time since start: 2194.61s, 	Step: 738, 	{'train/ssim': 0.7315511703491211, 'train/loss': 0.2787214517593384, 'validation/ssim': 0.7060085247256612, 'validation/loss': 0.2996577840879115, 'validation/num_examples': 3554, 'test/ssim': 0.723547932556374, 'test/loss': 0.30116078947483244, 'test/num_examples': 3581, 'score': 1270.793846130371, 'total_duration': 2194.605927467346, 'accumulated_submission_time': 1270.793846130371, 'accumulated_eval_time': 923.4553728103638, 'accumulated_logging_time': 0.34711718559265137}
I0510 01:39:18.899707 140022399796992 logging_writer.py:48] [738] accumulated_eval_time=923.455, accumulated_logging_time=0.347117, accumulated_submission_time=1270.79, global_step=738, preemption_count=0, score=1270.79, test/loss=0.301161, test/num_examples=3581, test/ssim=0.723548, total_duration=2194.61, train/loss=0.278721, train/ssim=0.731551, validation/loss=0.299658, validation/num_examples=3554, validation/ssim=0.706009
I0510 01:41:10.101499 140224888444096 spec.py:333] Evaluating on the training split.
I0510 01:41:11.377129 140224888444096 spec.py:346] Evaluating on the validation split.
I0510 01:41:12.511825 140224888444096 spec.py:363] Evaluating on the test split.
I0510 01:41:13.647566 140224888444096 submission_runner.py:516] Time since start: 2309.38s, 	Step: 798, 	{'train/ssim': 0.7287094252450126, 'train/loss': 0.281201890536717, 'validation/ssim': 0.7058657773371553, 'validation/loss': 0.3010942913134848, 'validation/num_examples': 3554, 'test/ssim': 0.7228933002521991, 'test/loss': 0.3027621569895804, 'test/num_examples': 3581, 'score': 1381.9865355491638, 'total_duration': 2309.379789352417, 'accumulated_submission_time': 1381.9865355491638, 'accumulated_eval_time': 927.0013830661774, 'accumulated_logging_time': 0.3814663887023926}
I0510 01:41:13.673233 140022408189696 logging_writer.py:48] [798] accumulated_eval_time=927.001, accumulated_logging_time=0.381466, accumulated_submission_time=1381.99, global_step=798, preemption_count=0, score=1381.99, test/loss=0.302762, test/num_examples=3581, test/ssim=0.722893, total_duration=2309.38, train/loss=0.281202, train/ssim=0.728709, validation/loss=0.301094, validation/num_examples=3554, validation/ssim=0.705866
I0510 01:43:04.698559 140224888444096 spec.py:333] Evaluating on the training split.
I0510 01:43:05.967982 140224888444096 spec.py:346] Evaluating on the validation split.
I0510 01:43:07.110838 140224888444096 spec.py:363] Evaluating on the test split.
I0510 01:43:08.253793 140224888444096 submission_runner.py:516] Time since start: 2423.99s, 	Step: 857, 	{'train/ssim': 0.7349933215550014, 'train/loss': 0.27803116185324533, 'validation/ssim': 0.7086810883203785, 'validation/loss': 0.2997714393113393, 'validation/num_examples': 3554, 'test/ssim': 0.7260127915779461, 'test/loss': 0.30136136521310386, 'test/num_examples': 3581, 'score': 1493.0023369789124, 'total_duration': 2423.9859852790833, 'accumulated_submission_time': 1493.0023369789124, 'accumulated_eval_time': 930.5565745830536, 'accumulated_logging_time': 0.4155855178833008}
I0510 01:43:08.283460 140022399796992 logging_writer.py:48] [857] accumulated_eval_time=930.557, accumulated_logging_time=0.415586, accumulated_submission_time=1493, global_step=857, preemption_count=0, score=1493, test/loss=0.301361, test/num_examples=3581, test/ssim=0.726013, total_duration=2423.99, train/loss=0.278031, train/ssim=0.734993, validation/loss=0.299771, validation/num_examples=3554, validation/ssim=0.708681
I0510 01:44:59.553011 140224888444096 spec.py:333] Evaluating on the training split.
I0510 01:45:00.829962 140224888444096 spec.py:346] Evaluating on the validation split.
I0510 01:45:01.965373 140224888444096 spec.py:363] Evaluating on the test split.
I0510 01:45:03.101202 140224888444096 submission_runner.py:516] Time since start: 2538.83s, 	Step: 916, 	{'train/ssim': 0.7343568801879883, 'train/loss': 0.27834960392543245, 'validation/ssim': 0.7087440125782569, 'validation/loss': 0.29940430099667625, 'validation/num_examples': 3554, 'test/ssim': 0.7260634468374756, 'test/loss': 0.3008686524801033, 'test/num_examples': 3581, 'score': 1604.2618598937988, 'total_duration': 2538.8334271907806, 'accumulated_submission_time': 1604.2618598937988, 'accumulated_eval_time': 934.1047034263611, 'accumulated_logging_time': 0.4544837474822998}
I0510 01:45:03.127968 140022408189696 logging_writer.py:48] [916] accumulated_eval_time=934.105, accumulated_logging_time=0.454484, accumulated_submission_time=1604.26, global_step=916, preemption_count=0, score=1604.26, test/loss=0.300869, test/num_examples=3581, test/ssim=0.726063, total_duration=2538.83, train/loss=0.27835, train/ssim=0.734357, validation/loss=0.299404, validation/num_examples=3554, validation/ssim=0.708744
I0510 01:46:53.124030 140224888444096 spec.py:333] Evaluating on the training split.
I0510 01:46:54.495221 140224888444096 spec.py:346] Evaluating on the validation split.
I0510 01:46:55.630043 140224888444096 spec.py:363] Evaluating on the test split.
I0510 01:46:56.767763 140224888444096 submission_runner.py:516] Time since start: 2652.50s, 	Step: 1055, 	{'train/ssim': 0.7355339186532157, 'train/loss': 0.2750958204269409, 'validation/ssim': 0.7089382122256612, 'validation/loss': 0.2962917484590426, 'validation/num_examples': 3554, 'test/ssim': 0.7263856497399469, 'test/loss': 0.29791356917367706, 'test/num_examples': 3581, 'score': 1714.2431757450104, 'total_duration': 2652.5000064373016, 'accumulated_submission_time': 1714.2431757450104, 'accumulated_eval_time': 937.7483942508698, 'accumulated_logging_time': 0.4944419860839844}
I0510 01:46:56.792931 140022399796992 logging_writer.py:48] [1055] accumulated_eval_time=937.748, accumulated_logging_time=0.494442, accumulated_submission_time=1714.24, global_step=1055, preemption_count=0, score=1714.24, test/loss=0.297914, test/num_examples=3581, test/ssim=0.726386, total_duration=2652.5, train/loss=0.275096, train/ssim=0.735534, validation/loss=0.296292, validation/num_examples=3554, validation/ssim=0.708938
I0510 01:48:46.860741 140224888444096 spec.py:333] Evaluating on the training split.
I0510 01:48:48.214150 140224888444096 spec.py:346] Evaluating on the validation split.
I0510 01:48:49.348201 140224888444096 spec.py:363] Evaluating on the test split.
I0510 01:48:50.482950 140224888444096 submission_runner.py:516] Time since start: 2766.22s, 	Step: 2022, 	{'train/ssim': 0.7438629695347377, 'train/loss': 0.270901015826634, 'validation/ssim': 0.7179843299363393, 'validation/loss': 0.2921677022149339, 'validation/num_examples': 3554, 'test/ssim': 0.735050971599239, 'test/loss': 0.29369592227206087, 'test/num_examples': 3581, 'score': 1824.2931640148163, 'total_duration': 2766.2151556015015, 'accumulated_submission_time': 1824.2931640148163, 'accumulated_eval_time': 941.3705670833588, 'accumulated_logging_time': 0.5276353359222412}
I0510 01:48:50.509469 140022408189696 logging_writer.py:48] [2022] accumulated_eval_time=941.371, accumulated_logging_time=0.527635, accumulated_submission_time=1824.29, global_step=2022, preemption_count=0, score=1824.29, test/loss=0.293696, test/num_examples=3581, test/ssim=0.735051, total_duration=2766.22, train/loss=0.270901, train/ssim=0.743863, validation/loss=0.292168, validation/num_examples=3554, validation/ssim=0.717984
I0510 01:50:40.582679 140224888444096 spec.py:333] Evaluating on the training split.
I0510 01:50:41.932605 140224888444096 spec.py:346] Evaluating on the validation split.
I0510 01:50:43.066882 140224888444096 spec.py:363] Evaluating on the test split.
I0510 01:50:44.202845 140224888444096 submission_runner.py:516] Time since start: 2879.93s, 	Step: 2991, 	{'train/ssim': 0.7470189503261021, 'train/loss': 0.2695730073111398, 'validation/ssim': 0.7207871385015123, 'validation/loss': 0.2914143284855093, 'validation/num_examples': 3554, 'test/ssim': 0.7378809166433957, 'test/loss': 0.29294216110199667, 'test/num_examples': 3581, 'score': 1934.3478648662567, 'total_duration': 2879.9349806308746, 'accumulated_submission_time': 1934.3478648662567, 'accumulated_eval_time': 944.9905972480774, 'accumulated_logging_time': 0.56290602684021}
I0510 01:50:44.230760 140022399796992 logging_writer.py:48] [2991] accumulated_eval_time=944.991, accumulated_logging_time=0.562906, accumulated_submission_time=1934.35, global_step=2991, preemption_count=0, score=1934.35, test/loss=0.292942, test/num_examples=3581, test/ssim=0.737881, total_duration=2879.93, train/loss=0.269573, train/ssim=0.747019, validation/loss=0.291414, validation/num_examples=3554, validation/ssim=0.720787
I0510 01:52:34.238286 140224888444096 spec.py:333] Evaluating on the training split.
I0510 01:52:35.587169 140224888444096 spec.py:346] Evaluating on the validation split.
I0510 01:52:36.723896 140224888444096 spec.py:363] Evaluating on the test split.
I0510 01:52:37.859133 140224888444096 submission_runner.py:516] Time since start: 2993.59s, 	Step: 3960, 	{'train/ssim': 0.7471683365958077, 'train/loss': 0.26857932976314, 'validation/ssim': 0.7204552748663478, 'validation/loss': 0.29067390368906515, 'validation/num_examples': 3554, 'test/ssim': 0.737642911917935, 'test/loss': 0.29211340560423066, 'test/num_examples': 3581, 'score': 2044.337307214737, 'total_duration': 2993.5913383960724, 'accumulated_submission_time': 2044.337307214737, 'accumulated_eval_time': 948.6113793849945, 'accumulated_logging_time': 0.5994985103607178}
I0510 01:52:37.885987 140022408189696 logging_writer.py:48] [3960] accumulated_eval_time=948.611, accumulated_logging_time=0.599499, accumulated_submission_time=2044.34, global_step=3960, preemption_count=0, score=2044.34, test/loss=0.292113, test/num_examples=3581, test/ssim=0.737643, total_duration=2993.59, train/loss=0.268579, train/ssim=0.747168, validation/loss=0.290674, validation/num_examples=3554, validation/ssim=0.720455
I0510 01:54:27.948527 140224888444096 spec.py:333] Evaluating on the training split.
I0510 01:54:29.299921 140224888444096 spec.py:346] Evaluating on the validation split.
I0510 01:54:30.435013 140224888444096 spec.py:363] Evaluating on the test split.
I0510 01:54:31.575341 140224888444096 submission_runner.py:516] Time since start: 3107.31s, 	Step: 4928, 	{'train/ssim': 0.7468313489641462, 'train/loss': 0.26721368517194477, 'validation/ssim': 0.7209977561594331, 'validation/loss': 0.2888822110100415, 'validation/num_examples': 3554, 'test/ssim': 0.7381377381274434, 'test/loss': 0.2903267339233978, 'test/num_examples': 3581, 'score': 2154.3819632530212, 'total_duration': 3107.3075592517853, 'accumulated_submission_time': 2154.3819632530212, 'accumulated_eval_time': 952.2381310462952, 'accumulated_logging_time': 0.6350336074829102}
I0510 01:54:31.600046 140022399796992 logging_writer.py:48] [4928] accumulated_eval_time=952.238, accumulated_logging_time=0.635034, accumulated_submission_time=2154.38, global_step=4928, preemption_count=0, score=2154.38, test/loss=0.290327, test/num_examples=3581, test/ssim=0.738138, total_duration=3107.31, train/loss=0.267214, train/ssim=0.746831, validation/loss=0.288882, validation/num_examples=3554, validation/ssim=0.720998
I0510 01:56:21.609319 140224888444096 spec.py:333] Evaluating on the training split.
I0510 01:56:22.959811 140224888444096 spec.py:346] Evaluating on the validation split.
I0510 01:56:24.095743 140224888444096 spec.py:363] Evaluating on the test split.
I0510 01:56:25.235046 140224888444096 submission_runner.py:516] Time since start: 3220.97s, 	Step: 5897, 	{'train/ssim': 0.7491014344351632, 'train/loss': 0.2661628212247576, 'validation/ssim': 0.7221125322040307, 'validation/loss': 0.28855041606948156, 'validation/num_examples': 3554, 'test/ssim': 0.7394248453207903, 'test/loss': 0.289986225587301, 'test/num_examples': 3581, 'score': 2264.373356103897, 'total_duration': 3220.967248439789, 'accumulated_submission_time': 2264.373356103897, 'accumulated_eval_time': 955.8637907505035, 'accumulated_logging_time': 0.6683368682861328}
I0510 01:56:25.261435 140022408189696 logging_writer.py:48] [5897] accumulated_eval_time=955.864, accumulated_logging_time=0.668337, accumulated_submission_time=2264.37, global_step=5897, preemption_count=0, score=2264.37, test/loss=0.289986, test/num_examples=3581, test/ssim=0.739425, total_duration=3220.97, train/loss=0.266163, train/ssim=0.749101, validation/loss=0.28855, validation/num_examples=3554, validation/ssim=0.722113
I0510 01:58:15.308658 140224888444096 spec.py:333] Evaluating on the training split.
I0510 01:58:16.659095 140224888444096 spec.py:346] Evaluating on the validation split.
I0510 01:58:17.793171 140224888444096 spec.py:363] Evaluating on the test split.
I0510 01:58:18.933082 140224888444096 submission_runner.py:516] Time since start: 3334.67s, 	Step: 6865, 	{'train/ssim': 0.7496241841997419, 'train/loss': 0.26573256083897184, 'validation/ssim': 0.7225600088588562, 'validation/loss': 0.2881127627431239, 'validation/num_examples': 3554, 'test/ssim': 0.7397940219430675, 'test/loss': 0.2895056483000559, 'test/num_examples': 3581, 'score': 2374.402410030365, 'total_duration': 3334.6652998924255, 'accumulated_submission_time': 2374.402410030365, 'accumulated_eval_time': 959.4881615638733, 'accumulated_logging_time': 0.7034518718719482}
I0510 01:58:18.957669 140022399796992 logging_writer.py:48] [6865] accumulated_eval_time=959.488, accumulated_logging_time=0.703452, accumulated_submission_time=2374.4, global_step=6865, preemption_count=0, score=2374.4, test/loss=0.289506, test/num_examples=3581, test/ssim=0.739794, total_duration=3334.67, train/loss=0.265733, train/ssim=0.749624, validation/loss=0.288113, validation/num_examples=3554, validation/ssim=0.72256
I0510 02:00:09.017377 140224888444096 spec.py:333] Evaluating on the training split.
I0510 02:00:10.367112 140224888444096 spec.py:346] Evaluating on the validation split.
I0510 02:00:11.505437 140224888444096 spec.py:363] Evaluating on the test split.
I0510 02:00:12.643684 140224888444096 submission_runner.py:516] Time since start: 3448.38s, 	Step: 7833, 	{'train/ssim': 0.7493479592459542, 'train/loss': 0.2649767739432199, 'validation/ssim': 0.722371854336663, 'validation/loss': 0.28733398918362235, 'validation/num_examples': 3554, 'test/ssim': 0.7396824849247766, 'test/loss': 0.2887220939288956, 'test/num_examples': 3581, 'score': 2484.4443378448486, 'total_duration': 3448.3758883476257, 'accumulated_submission_time': 2484.4443378448486, 'accumulated_eval_time': 963.11439037323, 'accumulated_logging_time': 0.7364499568939209}
I0510 02:00:12.674122 140022408189696 logging_writer.py:48] [7833] accumulated_eval_time=963.114, accumulated_logging_time=0.73645, accumulated_submission_time=2484.44, global_step=7833, preemption_count=0, score=2484.44, test/loss=0.288722, test/num_examples=3581, test/ssim=0.739682, total_duration=3448.38, train/loss=0.264977, train/ssim=0.749348, validation/loss=0.287334, validation/num_examples=3554, validation/ssim=0.722372
I0510 02:02:02.737812 140224888444096 spec.py:333] Evaluating on the training split.
I0510 02:02:04.088394 140224888444096 spec.py:346] Evaluating on the validation split.
I0510 02:02:05.226969 140224888444096 spec.py:363] Evaluating on the test split.
I0510 02:02:06.364959 140224888444096 submission_runner.py:516] Time since start: 3562.10s, 	Step: 8801, 	{'train/ssim': 0.7511826923915318, 'train/loss': 0.26404610701969694, 'validation/ssim': 0.7238764035681626, 'validation/loss': 0.2866382330538654, 'validation/num_examples': 3554, 'test/ssim': 0.7410444500925021, 'test/loss': 0.2880171813368298, 'test/num_examples': 3581, 'score': 2594.490219116211, 'total_duration': 3562.0971801280975, 'accumulated_submission_time': 2594.490219116211, 'accumulated_eval_time': 966.7414906024933, 'accumulated_logging_time': 0.7754015922546387}
I0510 02:02:06.391866 140022399796992 logging_writer.py:48] [8801] accumulated_eval_time=966.741, accumulated_logging_time=0.775402, accumulated_submission_time=2594.49, global_step=8801, preemption_count=0, score=2594.49, test/loss=0.288017, test/num_examples=3581, test/ssim=0.741044, total_duration=3562.1, train/loss=0.264046, train/ssim=0.751183, validation/loss=0.286638, validation/num_examples=3554, validation/ssim=0.723876
I0510 02:02:06.410104 140022408189696 logging_writer.py:48] [8801] global_step=8801, preemption_count=0, score=2594.49
I0510 02:02:06.552398 140224888444096 submission_runner.py:857] Final fastmri score: 2594.490219116211
