python submission_runner.py --framework=jax --workload=imagenet_vit --submission_path=submissions_algorithms/submissions/self_tuning/cautious_nadamw/submission.py --data_dir=/data/imagenet/jax --experiment_dir=/experiment_runs --experiment_name=submissions_a100/cautious_nadamw/study_1 --overwrite=True --save_checkpoints=False --rng_seed=-1113157879 --imagenet_v2_data_dir=/data/imagenet/jax --tuning_ruleset=self 2>&1 | tee -a /logs/imagenet_vit_jax_04-15-2026-00-12-42.log
2026-04-15 00:12:56.426506: E external/local_xla/xla/stream_executor/cuda/cuda_fft.cc:467] Unable to register cuFFT factory: Attempting to register factory for plugin cuFFT when one has already been registered
WARNING: All log messages before absl::InitializeLog() is called are written to STDERR
E0000 00:00:1776211977.116136       9 cuda_dnn.cc:8579] Unable to register cuDNN factory: Attempting to register factory for plugin cuDNN when one has already been registered
E0000 00:00:1776211977.271745       9 cuda_blas.cc:1407] Unable to register cuBLAS factory: Attempting to register factory for plugin cuBLAS when one has already been registered
W0000 00:00:1776211978.630833       9 computation_placer.cc:177] computation placer already registered. Please check linkage and avoid linking the same target more than once.
W0000 00:00:1776211978.630877       9 computation_placer.cc:177] computation placer already registered. Please check linkage and avoid linking the same target more than once.
W0000 00:00:1776211978.630880       9 computation_placer.cc:177] computation placer already registered. Please check linkage and avoid linking the same target more than once.
W0000 00:00:1776211978.630882       9 computation_placer.cc:177] computation placer already registered. Please check linkage and avoid linking the same target more than once.
/usr/local/lib/python3.11/site-packages/torch/__init__.py:1617: UserWarning: Please use the new API settings to control TF32 behavior, such as torch.backends.cudnn.conv.fp32_precision = 'tf32' or torch.backends.cuda.matmul.fp32_precision = 'ieee'. Old settings, e.g, torch.backends.cuda.matmul.allow_tf32 = True, torch.backends.cudnn.allow_tf32 = True, allowTF32CuDNN() and allowTF32CuBLAS() will be deprecated after Pytorch 2.9. Please see https://pytorch.org/docs/main/notes/cuda.html#tensorfloat-32-tf32-on-ampere-and-later-devices (Triggered internally at /pytorch/aten/src/ATen/Context.cpp:80.)
  _C._set_float32_matmul_precision(precision)
/usr/local/lib/python3.11/site-packages/pydantic/_internal/_generate_schema.py:2249: UnsupportedFieldAttributeWarning: The 'repr' attribute with value False was provided to the `Field()` function, which has no effect in the context it was used. 'repr' is field-specific metadata, and can only be attached to a model field using `Annotated` metadata or by assignment. This may have happened because an `Annotated` type alias using the `type` statement was used, or if the `Field()` function was attached to a single member of a union type.
  warnings.warn(
/usr/local/lib/python3.11/site-packages/pydantic/_internal/_generate_schema.py:2249: UnsupportedFieldAttributeWarning: The 'frozen' attribute with value True was provided to the `Field()` function, which has no effect in the context it was used. 'frozen' is field-specific metadata, and can only be attached to a model field using `Annotated` metadata or by assignment. This may have happened because an `Annotated` type alias using the `type` statement was used, or if the `Field()` function was attached to a single member of a union type.
  warnings.warn(
INFO:2026-04-15 00:13:53,262:jax._src.xla_bridge:830: Unable to initialize backend 'tpu': INTERNAL: Failed to open libtpu.so: libtpu.so: cannot open shared object file: No such file or directory
I0415 00:13:53.262156 140107210327232 xla_bridge.py:830] Unable to initialize backend 'tpu': INTERNAL: Failed to open libtpu.so: libtpu.so: cannot open shared object file: No such file or directory
I0415 00:13:54.149956 140107210327232 logger_utils.py:84] Creating experiment directory at /experiment_runs/submissions_a100/cautious_nadamw/study_1/imagenet_vit_jax.
I0415 00:13:57.844037 140107210327232 submission_runner.py:741] Creating directory at /experiment_runs/submissions_a100/cautious_nadamw/study_1/imagenet_vit_jax/trial_1.
I0415 00:13:58.470297 140107210327232 submission_runner.py:242] Initializing dataset.
I0415 00:14:00.026973 140107210327232 dataset_info.py:707] Load dataset info from /data/imagenet/jax/imagenet2012/5.1.0
I0415 00:14:00.109761 140107210327232 dataset_info.py:793] For 'imagenet2012/5.1.0': fields info.[splits, supervised_keys] differ on disk and in the code. Keeping the one from code.
I0415 00:14:00.398416 140107210327232 reader.py:262] Creating a tf.data.Dataset reading 1024 files located in folders: /data/imagenet/jax/imagenet2012/5.1.0.
I0415 00:14:00.657555 140107210327232 logging_logger.py:49] Constructing tf.data.Dataset imagenet2012 for split train, from /data/imagenet/jax/imagenet2012/5.1.0
I0415 00:14:09.217714 140107210327232 submission_runner.py:251] Initializing model.
I0415 00:14:48.702398 140107210327232 submission_runner.py:294] Initializing optimizer.
I0415 00:14:49.314173 140107210327232 submission_runner.py:299] Initializing metrics bundle.
I0415 00:14:49.314401 140107210327232 submission_runner.py:321] Initializing checkpoint and logger.
I0415 00:14:49.317377 140107210327232 checkpoints.py:1098] Found no checkpoint files in /experiment_runs/submissions_a100/cautious_nadamw/study_1/imagenet_vit_jax/trial_1 with prefix checkpoint_
I0415 00:14:49.317517 140107210327232 submission_runner.py:344] Saving meta data to /experiment_runs/submissions_a100/cautious_nadamw/study_1/imagenet_vit_jax/trial_1/meta_data_0.json.
I0415 00:14:49.750316 140107210327232 submission_runner.py:348] Saving flags to /experiment_runs/submissions_a100/cautious_nadamw/study_1/imagenet_vit_jax/trial_1/flags_0.json.
I0415 00:14:49.763422 140107210327232 submission_runner.py:359] Starting training loop.
I0415 00:15:48.546852 140107210327232 spec.py:333] Evaluating on the training split.
I0415 00:15:48.553097 140107210327232 dataset_info.py:707] Load dataset info from /data/imagenet/jax/imagenet2012/5.1.0
I0415 00:15:48.558580 140107210327232 dataset_info.py:793] For 'imagenet2012/5.1.0': fields info.[splits, supervised_keys] differ on disk and in the code. Keeping the one from code.
I0415 00:15:48.576946 140107210327232 reader.py:262] Creating a tf.data.Dataset reading 1024 files located in folders: /data/imagenet/jax/imagenet2012/5.1.0.
I0415 00:15:48.624317 140107210327232 logging_logger.py:49] Constructing tf.data.Dataset imagenet2012 for split train, from /data/imagenet/jax/imagenet2012/5.1.0
I0415 00:16:16.951713 140107210327232 spec.py:346] Evaluating on the validation split.
I0415 00:16:16.956285 140107210327232 dataset_info.py:707] Load dataset info from /data/imagenet/jax/imagenet2012/5.1.0
I0415 00:16:16.977861 140107210327232 dataset_info.py:793] For 'imagenet2012/5.1.0': fields info.[splits, supervised_keys] differ on disk and in the code. Keeping the one from code.
I0415 00:16:16.980834 140107210327232 reader.py:262] Creating a tf.data.Dataset reading 64 files located in folders: /data/imagenet/jax/imagenet2012/5.1.0.
I0415 00:16:17.113420 140107210327232 logging_logger.py:49] Constructing tf.data.Dataset imagenet2012 for split validation, from /data/imagenet/jax/imagenet2012/5.1.0
I0415 00:16:48.872830 140107210327232 spec.py:363] Evaluating on the test split.
I0415 00:16:48.959726 140107210327232 dataset_info.py:707] Load dataset info from /data/imagenet/jax/imagenet_v2/matched-frequency/3.0.0
I0415 00:16:49.032161 140107210327232 reader.py:262] Creating a tf.data.Dataset reading 16 files located in folders: /data/imagenet/jax/imagenet_v2/matched-frequency/3.0.0.
I0415 00:16:49.089726 140107210327232 logging_logger.py:49] Constructing tf.data.Dataset imagenet_v2 for split test, from /data/imagenet/jax/imagenet_v2/matched-frequency/3.0.0
I0415 00:16:54.149720 140107210327232 submission_runner.py:516] Time since start: 124.38s, 	Step: 1, 	{'train/accuracy': Array(0.00099609, dtype=float32), 'train/loss': Array(6.907755, dtype=float32), 'validation/accuracy': Array(0.001, dtype=float32), 'validation/loss': Array(6.907755, dtype=float32), 'validation/num_examples': 50000, 'test/accuracy': Array(0.001, dtype=float32), 'test/loss': Array(6.907755, dtype=float32), 'test/num_examples': 10000, 'score': 58.78333520889282, 'total_duration': 124.38442993164062, 'accumulated_submission_time': 58.78333520889282, 'accumulated_eval_time': 65.60101318359375, 'accumulated_logging_time': 0}
I0415 00:16:54.251671 139876397733632 logging_writer.py:48] [1] accumulated_eval_time=65.601, accumulated_logging_time=0, accumulated_submission_time=58.7833, global_step=1, preemption_count=0, score=58.7833, test/accuracy=0.0010000000474974513, test/loss=6.907754898071289, test/num_examples=10000, total_duration=124.384, train/accuracy=0.0009960937313735485, train/loss=6.907754898071289, validation/accuracy=0.0009999999310821295, validation/loss=6.907754898071289, validation/num_examples=50000
I0415 00:59:45.325162 140107210327232 spec.py:333] Evaluating on the training split.
I0415 00:59:59.557015 140107210327232 spec.py:346] Evaluating on the validation split.
I0415 01:00:08.585711 140107210327232 spec.py:363] Evaluating on the test split.
I0415 01:00:09.572154 140107210327232 submission_runner.py:516] Time since start: 2719.81s, 	Step: 5335, 	{'train/accuracy': Array(0.2683789, dtype=float32), 'train/loss': Array(3.5679717, dtype=float32), 'validation/accuracy': Array(0.24081999, dtype=float32), 'validation/loss': Array(3.7319424, dtype=float32), 'validation/num_examples': 50000, 'test/accuracy': Array(0.1844, dtype=float32), 'test/loss': Array(4.232783, dtype=float32), 'test/num_examples': 10000, 'score': 2629.6014087200165, 'total_duration': 2719.8059089183807, 'accumulated_submission_time': 2629.6014087200165, 'accumulated_eval_time': 89.84521460533142, 'accumulated_logging_time': 0.29050111770629883}
I0415 01:00:09.643110 139876406126336 logging_writer.py:48] [5335] accumulated_eval_time=89.8452, accumulated_logging_time=0.290501, accumulated_submission_time=2629.6, global_step=5335, preemption_count=0, score=2629.6, test/accuracy=0.18440000712871552, test/loss=4.23278284072876, test/num_examples=10000, total_duration=2719.81, train/accuracy=0.2683789134025574, train/loss=3.567971706390381, validation/accuracy=0.2408199906349182, validation/loss=3.7319424152374268, validation/num_examples=50000
I0415 01:43:00.809780 140107210327232 spec.py:333] Evaluating on the training split.
I0415 01:43:16.323671 140107210327232 spec.py:346] Evaluating on the validation split.
I0415 01:43:25.182368 140107210327232 spec.py:363] Evaluating on the test split.
I0415 01:43:26.144253 140107210327232 submission_runner.py:516] Time since start: 5316.38s, 	Step: 10864, 	{'train/accuracy': Array(0.41447264, dtype=float32), 'train/loss': Array(2.666906, dtype=float32), 'validation/accuracy': Array(0.38558, dtype=float32), 'validation/loss': Array(2.8253956, dtype=float32), 'validation/num_examples': 50000, 'test/accuracy': Array(0.29920003, dtype=float32), 'test/loss': Array(3.4526901, dtype=float32), 'test/num_examples': 10000, 'score': 5200.634969472885, 'total_duration': 5316.377884149551, 'accumulated_submission_time': 5200.634969472885, 'accumulated_eval_time': 115.17677283287048, 'accumulated_logging_time': 0.4212462902069092}
I0415 01:43:26.197974 139876414519040 logging_writer.py:48] [10864] accumulated_eval_time=115.177, accumulated_logging_time=0.421246, accumulated_submission_time=5200.63, global_step=10864, preemption_count=0, score=5200.63, test/accuracy=0.29920002818107605, test/loss=3.4526901245117188, test/num_examples=10000, total_duration=5316.38, train/accuracy=0.41447263956069946, train/loss=2.6669061183929443, validation/accuracy=0.38558000326156616, validation/loss=2.8253955841064453, validation/num_examples=50000
I0415 02:26:17.596534 140107210327232 spec.py:333] Evaluating on the training split.
I0415 02:26:33.498197 140107210327232 spec.py:346] Evaluating on the validation split.
I0415 02:26:43.062268 140107210327232 spec.py:363] Evaluating on the test split.
I0415 02:26:44.033884 140107210327232 submission_runner.py:516] Time since start: 7914.26s, 	Step: 16377, 	{'train/accuracy': Array(0.48917967, dtype=float32), 'train/loss': Array(2.2433777, dtype=float32), 'validation/accuracy': Array(0.45345998, dtype=float32), 'validation/loss': Array(2.4446037, dtype=float32), 'validation/num_examples': 50000, 'test/accuracy': Array(0.34820002, dtype=float32), 'test/loss': Array(3.103557, dtype=float32), 'test/num_examples': 10000, 'score': 7771.915184497833, 'total_duration': 7914.264516115189, 'accumulated_submission_time': 7771.915184497833, 'accumulated_eval_time': 141.60821270942688, 'accumulated_logging_time': 0.5247409343719482}
I0415 02:26:44.061706 139876406126336 logging_writer.py:48] [16377] accumulated_eval_time=141.608, accumulated_logging_time=0.524741, accumulated_submission_time=7771.92, global_step=16377, preemption_count=0, score=7771.92, test/accuracy=0.3482000231742859, test/loss=3.1035571098327637, test/num_examples=10000, total_duration=7914.26, train/accuracy=0.48917967081069946, train/loss=2.243377685546875, validation/accuracy=0.4534599781036377, validation/loss=2.444603681564331, validation/num_examples=50000
I0415 03:09:35.305601 140107210327232 spec.py:333] Evaluating on the training split.
I0415 03:09:50.624285 140107210327232 spec.py:346] Evaluating on the validation split.
I0415 03:09:59.365327 140107210327232 spec.py:363] Evaluating on the test split.
I0415 03:10:00.337525 140107210327232 submission_runner.py:516] Time since start: 10510.56s, 	Step: 21908, 	{'train/accuracy': Array(0.53027344, dtype=float32), 'train/loss': Array(2.0309122, dtype=float32), 'validation/accuracy': Array(0.48736, dtype=float32), 'validation/loss': Array(2.245583, dtype=float32), 'validation/num_examples': 50000, 'test/accuracy': Array(0.38120002, dtype=float32), 'test/loss': Array(2.8849757, dtype=float32), 'test/num_examples': 10000, 'score': 10343.044111728668, 'total_duration': 10510.563989639282, 'accumulated_submission_time': 10343.044111728668, 'accumulated_eval_time': 166.63006401062012, 'accumulated_logging_time': 0.5903985500335693}
I0415 03:10:00.372005 139876414519040 logging_writer.py:48] [21908] accumulated_eval_time=166.63, accumulated_logging_time=0.590399, accumulated_submission_time=10343, global_step=21908, preemption_count=0, score=10343, test/accuracy=0.38120001554489136, test/loss=2.8849756717681885, test/num_examples=10000, total_duration=10510.6, train/accuracy=0.5302734375, train/loss=2.030912160873413, validation/accuracy=0.48736000061035156, validation/loss=2.2455830574035645, validation/num_examples=50000
I0415 03:52:51.348750 140107210327232 spec.py:333] Evaluating on the training split.
I0415 03:53:06.454205 140107210327232 spec.py:346] Evaluating on the validation split.
I0415 03:53:15.646131 140107210327232 spec.py:363] Evaluating on the test split.
I0415 03:53:16.613285 140107210327232 submission_runner.py:516] Time since start: 13106.85s, 	Step: 27417, 	{'train/accuracy': Array(0.5615039, dtype=float32), 'train/loss': Array(1.891361, dtype=float32), 'validation/accuracy': Array(0.52238, dtype=float32), 'validation/loss': Array(2.094164, dtype=float32), 'validation/num_examples': 50000, 'test/accuracy': Array(0.4128, dtype=float32), 'test/loss': Array(2.7429068, dtype=float32), 'test/num_examples': 10000, 'score': 12913.909240484238, 'total_duration': 13106.847710371017, 'accumulated_submission_time': 12913.909240484238, 'accumulated_eval_time': 191.89247870445251, 'accumulated_logging_time': 0.6633553504943848}
I0415 03:53:16.643892 139876406126336 logging_writer.py:48] [27417] accumulated_eval_time=191.892, accumulated_logging_time=0.663355, accumulated_submission_time=12913.9, global_step=27417, preemption_count=0, score=12913.9, test/accuracy=0.41280001401901245, test/loss=2.7429068088531494, test/num_examples=10000, total_duration=13106.8, train/accuracy=0.5615038871765137, train/loss=1.8913609981536865, validation/accuracy=0.522379994392395, validation/loss=2.0941638946533203, validation/num_examples=50000
I0415 04:36:08.081074 140107210327232 spec.py:333] Evaluating on the training split.
I0415 04:36:22.741055 140107210327232 spec.py:346] Evaluating on the validation split.
I0415 04:36:32.209522 140107210327232 spec.py:363] Evaluating on the test split.
I0415 04:36:33.175310 140107210327232 submission_runner.py:516] Time since start: 15703.41s, 	Step: 32918, 	{'train/accuracy': Array(0.61248046, dtype=float32), 'train/loss': Array(1.6504465, dtype=float32), 'validation/accuracy': Array(0.5401, dtype=float32), 'validation/loss': Array(2.0017111, dtype=float32), 'validation/num_examples': 50000, 'test/accuracy': Array(0.42520002, dtype=float32), 'test/loss': Array(2.668707, dtype=float32), 'test/num_examples': 10000, 'score': 15485.216602563858, 'total_duration': 15703.408013820648, 'accumulated_submission_time': 15485.216602563858, 'accumulated_eval_time': 216.98287296295166, 'accumulated_logging_time': 0.7461833953857422}
I0415 04:36:33.221959 139876414519040 logging_writer.py:48] [32918] accumulated_eval_time=216.983, accumulated_logging_time=0.746183, accumulated_submission_time=15485.2, global_step=32918, preemption_count=0, score=15485.2, test/accuracy=0.4252000153064728, test/loss=2.6687068939208984, test/num_examples=10000, total_duration=15703.4, train/accuracy=0.6124804615974426, train/loss=1.6504465341567993, validation/accuracy=0.5400999784469604, validation/loss=2.001711130142212, validation/num_examples=50000
I0415 05:19:24.496577 140107210327232 spec.py:333] Evaluating on the training split.
I0415 05:19:38.820242 140107210327232 spec.py:346] Evaluating on the validation split.
I0415 05:19:47.639603 140107210327232 spec.py:363] Evaluating on the test split.
I0415 05:19:48.617513 140107210327232 submission_runner.py:516] Time since start: 18298.85s, 	Step: 38435, 	{'train/accuracy': Array(0.6071289, dtype=float32), 'train/loss': Array(1.6397932, dtype=float32), 'validation/accuracy': Array(0.55895996, dtype=float32), 'validation/loss': Array(1.8784498, dtype=float32), 'validation/num_examples': 50000, 'test/accuracy': Array(0.44340003, dtype=float32), 'test/loss': Array(2.5349512, dtype=float32), 'test/num_examples': 10000, 'score': 18056.391788482666, 'total_duration': 18298.85093164444, 'accumulated_submission_time': 18056.391788482666, 'accumulated_eval_time': 241.1006829738617, 'accumulated_logging_time': 0.8242208957672119}
I0415 05:19:48.666507 139876406126336 logging_writer.py:48] [38435] accumulated_eval_time=241.101, accumulated_logging_time=0.824221, accumulated_submission_time=18056.4, global_step=38435, preemption_count=0, score=18056.4, test/accuracy=0.4434000253677368, test/loss=2.5349512100219727, test/num_examples=10000, total_duration=18298.9, train/accuracy=0.607128918170929, train/loss=1.6397931575775146, validation/accuracy=0.5589599609375, validation/loss=1.87844979763031, validation/num_examples=50000
I0415 06:02:39.759838 140107210327232 spec.py:333] Evaluating on the training split.
I0415 06:02:54.364461 140107210327232 spec.py:346] Evaluating on the validation split.
I0415 06:03:03.620877 140107210327232 spec.py:363] Evaluating on the test split.
I0415 06:03:04.590015 140107210327232 submission_runner.py:516] Time since start: 20894.82s, 	Step: 43935, 	{'train/accuracy': Array(0.615332, dtype=float32), 'train/loss': Array(1.6103232, dtype=float32), 'validation/accuracy': Array(0.5724, dtype=float32), 'validation/loss': Array(1.8208623, dtype=float32), 'validation/num_examples': 50000, 'test/accuracy': Array(0.45560002, dtype=float32), 'test/loss': Array(2.4829667, dtype=float32), 'test/num_examples': 10000, 'score': 20627.38749742508, 'total_duration': 20894.824017763138, 'accumulated_submission_time': 20627.38749742508, 'accumulated_eval_time': 265.9283301830292, 'accumulated_logging_time': 0.9016091823577881}
I0415 06:03:04.654270 139876414519040 logging_writer.py:48] [43935] accumulated_eval_time=265.928, accumulated_logging_time=0.901609, accumulated_submission_time=20627.4, global_step=43935, preemption_count=0, score=20627.4, test/accuracy=0.4556000232696533, test/loss=2.482966661453247, test/num_examples=10000, total_duration=20894.8, train/accuracy=0.6153320074081421, train/loss=1.610323190689087, validation/accuracy=0.5723999738693237, validation/loss=1.8208622932434082, validation/num_examples=50000
I0415 06:45:55.648107 140107210327232 spec.py:333] Evaluating on the training split.
I0415 06:46:09.372072 140107210327232 spec.py:346] Evaluating on the validation split.
I0415 06:46:18.611514 140107210327232 spec.py:363] Evaluating on the test split.
I0415 06:46:19.580111 140107210327232 submission_runner.py:516] Time since start: 23489.81s, 	Step: 49429, 	{'train/accuracy': Array(0.6504687, dtype=float32), 'train/loss': Array(1.43699, dtype=float32), 'validation/accuracy': Array(0.58904, dtype=float32), 'validation/loss': Array(1.7388448, dtype=float32), 'validation/num_examples': 50000, 'test/accuracy': Array(0.46890002, dtype=float32), 'test/loss': Array(2.4082983, dtype=float32), 'test/num_examples': 10000, 'score': 23198.294412612915, 'total_duration': 23489.814083099365, 'accumulated_submission_time': 23198.294412612915, 'accumulated_eval_time': 289.85775876045227, 'accumulated_logging_time': 0.9839961528778076}
I0415 06:46:19.632052 139876406126336 logging_writer.py:48] [49429] accumulated_eval_time=289.858, accumulated_logging_time=0.983996, accumulated_submission_time=23198.3, global_step=49429, preemption_count=0, score=23198.3, test/accuracy=0.46890002489089966, test/loss=2.4082982540130615, test/num_examples=10000, total_duration=23489.8, train/accuracy=0.6504687070846558, train/loss=1.4369900226593018, validation/accuracy=0.5890399813652039, validation/loss=1.7388447523117065, validation/num_examples=50000
I0415 07:29:10.811793 140107210327232 spec.py:333] Evaluating on the training split.
I0415 07:29:24.374093 140107210327232 spec.py:346] Evaluating on the validation split.
I0415 07:29:33.129994 140107210327232 spec.py:363] Evaluating on the test split.
I0415 07:29:34.093160 140107210327232 submission_runner.py:516] Time since start: 26084.33s, 	Step: 54937, 	{'train/accuracy': Array(0.63417965, dtype=float32), 'train/loss': Array(1.5177947, dtype=float32), 'validation/accuracy': Array(0.58796, dtype=float32), 'validation/loss': Array(1.750054, dtype=float32), 'validation/num_examples': 50000, 'test/accuracy': Array(0.46320003, dtype=float32), 'test/loss': Array(2.4379532, dtype=float32), 'test/num_examples': 10000, 'score': 25769.374841690063, 'total_duration': 26084.327199220657, 'accumulated_submission_time': 25769.374841690063, 'accumulated_eval_time': 313.13662481307983, 'accumulated_logging_time': 1.064420223236084}
I0415 07:29:34.140942 139876414519040 logging_writer.py:48] [54937] accumulated_eval_time=313.137, accumulated_logging_time=1.06442, accumulated_submission_time=25769.4, global_step=54937, preemption_count=0, score=25769.4, test/accuracy=0.46320003271102905, test/loss=2.437953233718872, test/num_examples=10000, total_duration=26084.3, train/accuracy=0.6341796517372131, train/loss=1.5177947282791138, validation/accuracy=0.5879600048065186, validation/loss=1.7500540018081665, validation/num_examples=50000
I0415 08:12:25.320710 140107210327232 spec.py:333] Evaluating on the training split.
I0415 08:12:38.541220 140107210327232 spec.py:346] Evaluating on the validation split.
I0415 08:12:48.016234 140107210327232 spec.py:363] Evaluating on the test split.
I0415 08:12:48.998672 140107210327232 submission_runner.py:516] Time since start: 28679.22s, 	Step: 60428, 	{'train/accuracy': Array(0.6523242, dtype=float32), 'train/loss': Array(1.4839607, dtype=float32), 'validation/accuracy': Array(0.60214, dtype=float32), 'validation/loss': Array(1.7034189, dtype=float32), 'validation/num_examples': 50000, 'test/accuracy': Array(0.4902, dtype=float32), 'test/loss': Array(2.3495743, dtype=float32), 'test/num_examples': 10000, 'score': 28340.446363925934, 'total_duration': 28679.216370105743, 'accumulated_submission_time': 28340.446363925934, 'accumulated_eval_time': 336.7957377433777, 'accumulated_logging_time': 1.1365454196929932}
I0415 08:12:49.049110 139876406126336 logging_writer.py:48] [60428] accumulated_eval_time=336.796, accumulated_logging_time=1.13655, accumulated_submission_time=28340.4, global_step=60428, preemption_count=0, score=28340.4, test/accuracy=0.490200012922287, test/loss=2.349574327468872, test/num_examples=10000, total_duration=28679.2, train/accuracy=0.6523241996765137, train/loss=1.483960747718811, validation/accuracy=0.6021400094032288, validation/loss=1.7034188508987427, validation/num_examples=50000
I0415 08:55:40.113314 140107210327232 spec.py:333] Evaluating on the training split.
I0415 08:55:52.558669 140107210327232 spec.py:346] Evaluating on the validation split.
I0415 08:56:01.938234 140107210327232 spec.py:363] Evaluating on the test split.
I0415 08:56:02.897904 140107210327232 submission_runner.py:516] Time since start: 31273.13s, 	Step: 65926, 	{'train/accuracy': Array(0.6805078, dtype=float32), 'train/loss': Array(1.307237, dtype=float32), 'validation/accuracy': Array(0.61494, dtype=float32), 'validation/loss': Array(1.6131088, dtype=float32), 'validation/num_examples': 50000, 'test/accuracy': Array(0.49130002, dtype=float32), 'test/loss': Array(2.2717085, dtype=float32), 'test/num_examples': 10000, 'score': 30911.412477970123, 'total_duration': 31273.132073879242, 'accumulated_submission_time': 30911.412477970123, 'accumulated_eval_time': 359.57795095443726, 'accumulated_logging_time': 1.2140438556671143}
I0415 08:56:02.932384 139876414519040 logging_writer.py:48] [65926] accumulated_eval_time=359.578, accumulated_logging_time=1.21404, accumulated_submission_time=30911.4, global_step=65926, preemption_count=0, score=30911.4, test/accuracy=0.4913000166416168, test/loss=2.2717084884643555, test/num_examples=10000, total_duration=31273.1, train/accuracy=0.6805077791213989, train/loss=1.3072370290756226, validation/accuracy=0.6149399876594543, validation/loss=1.61310875415802, validation/num_examples=50000
I0415 09:38:54.192419 140107210327232 spec.py:333] Evaluating on the training split.
I0415 09:39:05.133522 140107210327232 spec.py:346] Evaluating on the validation split.
I0415 09:39:16.028822 140107210327232 spec.py:363] Evaluating on the test split.
I0415 09:39:16.995414 140107210327232 submission_runner.py:516] Time since start: 33867.23s, 	Step: 71409, 	{'train/accuracy': Array(0.67488277, dtype=float32), 'train/loss': Array(1.3428591, dtype=float32), 'validation/accuracy': Array(0.62236, dtype=float32), 'validation/loss': Array(1.588643, dtype=float32), 'validation/num_examples': 50000, 'test/accuracy': Array(0.5012, dtype=float32), 'test/loss': Array(2.269029, dtype=float32), 'test/num_examples': 10000, 'score': 33482.564836502075, 'total_duration': 33867.22903466225, 'accumulated_submission_time': 33482.564836502075, 'accumulated_eval_time': 382.37802290916443, 'accumulated_logging_time': 1.2808966636657715}
I0415 09:39:17.050555 139876406126336 logging_writer.py:48] [71409] accumulated_eval_time=382.378, accumulated_logging_time=1.2809, accumulated_submission_time=33482.6, global_step=71409, preemption_count=0, score=33482.6, test/accuracy=0.5012000203132629, test/loss=2.269028902053833, test/num_examples=10000, total_duration=33867.2, train/accuracy=0.6748827695846558, train/loss=1.342859148979187, validation/accuracy=0.6223599910736084, validation/loss=1.588642954826355, validation/num_examples=50000
I0415 10:22:08.133436 140107210327232 spec.py:333] Evaluating on the training split.
I0415 10:22:17.761795 140107210327232 spec.py:346] Evaluating on the validation split.
I0415 10:22:29.539943 140107210327232 spec.py:363] Evaluating on the test split.
I0415 10:22:30.493389 140107210327232 submission_runner.py:516] Time since start: 36460.73s, 	Step: 76903, 	{'train/accuracy': Array(0.6753906, dtype=float32), 'train/loss': Array(1.3159002, dtype=float32), 'validation/accuracy': Array(0.62674, dtype=float32), 'validation/loss': Array(1.5522825, dtype=float32), 'validation/num_examples': 50000, 'test/accuracy': Array(0.5065, dtype=float32), 'test/loss': Array(2.2104676, dtype=float32), 'test/num_examples': 10000, 'score': 36053.56412434578, 'total_duration': 36460.72733950615, 'accumulated_submission_time': 36053.56412434578, 'accumulated_eval_time': 404.7353980541229, 'accumulated_logging_time': 1.348459243774414}
I0415 10:22:30.534893 139876414519040 logging_writer.py:48] [76903] accumulated_eval_time=404.735, accumulated_logging_time=1.34846, accumulated_submission_time=36053.6, global_step=76903, preemption_count=0, score=36053.6, test/accuracy=0.5065000057220459, test/loss=2.210467576980591, test/num_examples=10000, total_duration=36460.7, train/accuracy=0.6753906011581421, train/loss=1.315900206565857, validation/accuracy=0.6267399787902832, validation/loss=1.552282452583313, validation/num_examples=50000
I0415 11:05:21.553529 140107210327232 spec.py:333] Evaluating on the training split.
I0415 11:05:31.778929 140107210327232 spec.py:346] Evaluating on the validation split.
I0415 11:05:50.692553 140107210327232 spec.py:363] Evaluating on the test split.
I0415 11:05:51.662572 140107210327232 submission_runner.py:516] Time since start: 39061.90s, 	Step: 82371, 	{'train/accuracy': Array(0.70527345, dtype=float32), 'train/loss': Array(1.2331681, dtype=float32), 'validation/accuracy': Array(0.63844, dtype=float32), 'validation/loss': Array(1.5350434, dtype=float32), 'validation/num_examples': 50000, 'test/accuracy': Array(0.51640004, dtype=float32), 'test/loss': Array(2.1803951, dtype=float32), 'test/num_examples': 10000, 'score': 38624.48606801033, 'total_duration': 39061.897015571594, 'accumulated_submission_time': 38624.48606801033, 'accumulated_eval_time': 434.8423376083374, 'accumulated_logging_time': 1.4163920879364014}
I0415 11:05:51.691082 139876406126336 logging_writer.py:48] [82371] accumulated_eval_time=434.842, accumulated_logging_time=1.41639, accumulated_submission_time=38624.5, global_step=82371, preemption_count=0, score=38624.5, test/accuracy=0.5164000391960144, test/loss=2.1803951263427734, test/num_examples=10000, total_duration=39061.9, train/accuracy=0.705273449420929, train/loss=1.233168125152588, validation/accuracy=0.6384400129318237, validation/loss=1.5350433588027954, validation/num_examples=50000
I0415 11:48:43.249052 140107210327232 spec.py:333] Evaluating on the training split.
I0415 11:49:06.391721 140107210327232 spec.py:346] Evaluating on the validation split.
I0415 11:49:49.269671 140107210327232 spec.py:363] Evaluating on the test split.
I0415 11:49:50.303409 140107210327232 submission_runner.py:516] Time since start: 41700.49s, 	Step: 87861, 	{'train/accuracy': Array(0.70490235, dtype=float32), 'train/loss': Array(1.2008373, dtype=float32), 'validation/accuracy': Array(0.64412, dtype=float32), 'validation/loss': Array(1.4744829, dtype=float32), 'validation/num_examples': 50000, 'test/accuracy': Array(0.5209, dtype=float32), 'test/loss': Array(2.1343093, dtype=float32), 'test/num_examples': 10000, 'score': 41195.954587221146, 'total_duration': 41700.488488435745, 'accumulated_submission_time': 41195.954587221146, 'accumulated_eval_time': 501.8452293872833, 'accumulated_logging_time': 1.4674537181854248}
I0415 11:49:50.338170 139876414519040 logging_writer.py:48] [87861] accumulated_eval_time=501.845, accumulated_logging_time=1.46745, accumulated_submission_time=41196, global_step=87861, preemption_count=0, score=41196, test/accuracy=0.5209000110626221, test/loss=2.1343092918395996, test/num_examples=10000, total_duration=41700.5, train/accuracy=0.7049023509025574, train/loss=1.200837254524231, validation/accuracy=0.6441199779510498, validation/loss=1.4744828939437866, validation/num_examples=50000
I0415 12:32:41.351957 140107210327232 spec.py:333] Evaluating on the training split.
I0415 12:32:51.651749 140107210327232 spec.py:346] Evaluating on the validation split.
I0415 12:33:15.036229 140107210327232 spec.py:363] Evaluating on the test split.
I0415 12:33:16.359416 140107210327232 submission_runner.py:516] Time since start: 44306.34s, 	Step: 93187, 	{'train/accuracy': Array(0.7107226, dtype=float32), 'train/loss': Array(1.1791853, dtype=float32), 'validation/accuracy': Array(0.65591997, dtype=float32), 'validation/loss': Array(1.4380121, dtype=float32), 'validation/num_examples': 50000, 'test/accuracy': Array(0.5317, dtype=float32), 'test/loss': Array(2.1015697, dtype=float32), 'test/num_examples': 10000, 'score': 43766.84253501892, 'total_duration': 44306.340351104736, 'accumulated_submission_time': 43766.84253501892, 'accumulated_eval_time': 536.6090977191925, 'accumulated_logging_time': 1.53489089012146}
I0415 12:33:18.075157 139876406126336 logging_writer.py:48] [93187] accumulated_eval_time=536.609, accumulated_logging_time=1.53489, accumulated_submission_time=43766.8, global_step=93187, preemption_count=0, score=43766.8, test/accuracy=0.5317000150680542, test/loss=2.101569652557373, test/num_examples=10000, total_duration=44306.3, train/accuracy=0.7107226252555847, train/loss=1.1791852712631226, validation/accuracy=0.6559199690818787, validation/loss=1.4380121231079102, validation/num_examples=50000
I0415 13:16:07.360356 140107210327232 spec.py:333] Evaluating on the training split.
I0415 13:16:20.010166 140107210327232 spec.py:346] Evaluating on the validation split.
I0415 13:16:53.284906 140107210327232 spec.py:363] Evaluating on the test split.
I0415 13:16:54.689625 140107210327232 submission_runner.py:516] Time since start: 46924.63s, 	Step: 98568, 	{'train/accuracy': Array(0.75566405, dtype=float32), 'train/loss': Array(0.98509, dtype=float32), 'validation/accuracy': Array(0.67252, dtype=float32), 'validation/loss': Array(1.353721, dtype=float32), 'validation/num_examples': 50000, 'test/accuracy': Array(0.5468, dtype=float32), 'test/loss': Array(2.003564, dtype=float32), 'test/num_examples': 10000, 'score': 46335.11635041237, 'total_duration': 46924.626440286636, 'accumulated_submission_time': 46335.11635041237, 'accumulated_eval_time': 583.6534066200256, 'accumulated_logging_time': 4.154853582382202}
I0415 13:16:56.376703 139876414519040 logging_writer.py:48] [98568] accumulated_eval_time=583.653, accumulated_logging_time=4.15485, accumulated_submission_time=46335.1, global_step=98568, preemption_count=0, score=46335.1, test/accuracy=0.5468000173568726, test/loss=2.00356388092041, test/num_examples=10000, total_duration=46924.6, train/accuracy=0.755664050579071, train/loss=0.9850900173187256, validation/accuracy=0.6725199818611145, validation/loss=1.353721022605896, validation/num_examples=50000
I0415 13:59:45.576320 140107210327232 spec.py:333] Evaluating on the training split.
I0415 13:59:55.974445 140107210327232 spec.py:346] Evaluating on the validation split.
I0415 14:00:19.312219 140107210327232 spec.py:363] Evaluating on the test split.
I0415 14:00:20.599271 140107210327232 submission_runner.py:516] Time since start: 49530.60s, 	Step: 103950, 	{'train/accuracy': Array(0.74312496, dtype=float32), 'train/loss': Array(1.0229548, dtype=float32), 'validation/accuracy': Array(0.67638, dtype=float32), 'validation/loss': Array(1.3295926, dtype=float32), 'validation/num_examples': 50000, 'test/accuracy': Array(0.5467, dtype=float32), 'test/loss': Array(1.999713, dtype=float32), 'test/num_examples': 10000, 'score': 48903.10975313187, 'total_duration': 49530.59719634056, 'accumulated_submission_time': 48903.10975313187, 'accumulated_eval_time': 618.4565870761871, 'accumulated_logging_time': 6.944012880325317}
I0415 14:00:22.403697 139876406126336 logging_writer.py:48] [103950] accumulated_eval_time=618.457, accumulated_logging_time=6.94401, accumulated_submission_time=48903.1, global_step=103950, preemption_count=0, score=48903.1, test/accuracy=0.5467000007629395, test/loss=1.9997129440307617, test/num_examples=10000, total_duration=49530.6, train/accuracy=0.7431249618530273, train/loss=1.0229548215866089, validation/accuracy=0.6763799786567688, validation/loss=1.3295925855636597, validation/num_examples=50000
I0415 14:43:11.775131 140107210327232 spec.py:333] Evaluating on the training split.
I0415 14:43:22.342762 140107210327232 spec.py:346] Evaluating on the validation split.
I0415 14:43:56.174572 140107210327232 spec.py:363] Evaluating on the test split.
I0415 14:43:57.469372 140107210327232 submission_runner.py:516] Time since start: 52147.45s, 	Step: 109243, 	{'train/accuracy': Array(0.7501367, dtype=float32), 'train/loss': Array(0.99595875, dtype=float32), 'validation/accuracy': Array(0.68666, dtype=float32), 'validation/loss': Array(1.2922026, dtype=float32), 'validation/num_examples': 50000, 'test/accuracy': Array(0.5572, dtype=float32), 'test/loss': Array(1.9350888, dtype=float32), 'test/num_examples': 10000, 'score': 51471.22849726677, 'total_duration': 52147.452896595, 'accumulated_submission_time': 51471.22849726677, 'accumulated_eval_time': 663.9305925369263, 'accumulated_logging_time': 9.879831790924072}
I0415 14:43:58.911414 139876414519040 logging_writer.py:48] [109243] accumulated_eval_time=663.931, accumulated_logging_time=9.87983, accumulated_submission_time=51471.2, global_step=109243, preemption_count=0, score=51471.2, test/accuracy=0.557200014591217, test/loss=1.9350887537002563, test/num_examples=10000, total_duration=52147.5, train/accuracy=0.75013667345047, train/loss=0.9959587454795837, validation/accuracy=0.6866599917411804, validation/loss=1.2922025918960571, validation/num_examples=50000
I0415 15:26:48.349820 140107210327232 spec.py:333] Evaluating on the training split.
I0415 15:26:58.883596 140107210327232 spec.py:346] Evaluating on the validation split.
I0415 15:27:26.346187 140107210327232 spec.py:363] Evaluating on the test split.
I0415 15:27:27.391884 140107210327232 submission_runner.py:516] Time since start: 54757.55s, 	Step: 114358, 	{'train/accuracy': Array(0.76560545, dtype=float32), 'train/loss': Array(0.926022, dtype=float32), 'validation/accuracy': Array(0.69772, dtype=float32), 'validation/loss': Array(1.2408898, dtype=float32), 'validation/num_examples': 50000, 'test/accuracy': Array(0.57610005, dtype=float32), 'test/loss': Array(1.8635997, dtype=float32), 'test/num_examples': 10000, 'score': 54039.552631378174, 'total_duration': 54757.54626274109, 'accumulated_submission_time': 54039.552631378174, 'accumulated_eval_time': 702.8905019760132, 'accumulated_logging_time': 12.329239845275879}
I0415 15:27:28.175365 139876406126336 logging_writer.py:48] [114358] accumulated_eval_time=702.891, accumulated_logging_time=12.3292, accumulated_submission_time=54039.6, global_step=114358, preemption_count=0, score=54039.6, test/accuracy=0.5761000514030457, test/loss=1.8635996580123901, test/num_examples=10000, total_duration=54757.5, train/accuracy=0.7656054496765137, train/loss=0.9260219931602478, validation/accuracy=0.6977199912071228, validation/loss=1.2408897876739502, validation/num_examples=50000
I0415 16:10:18.568053 140107210327232 spec.py:333] Evaluating on the training split.
I0415 16:10:31.062848 140107210327232 spec.py:346] Evaluating on the validation split.
I0415 16:10:53.342257 140107210327232 spec.py:363] Evaluating on the test split.
I0415 16:10:54.702868 140107210327232 submission_runner.py:516] Time since start: 57364.66s, 	Step: 119551, 	{'train/accuracy': Array(0.7736133, dtype=float32), 'train/loss': Array(0.90071905, dtype=float32), 'validation/accuracy': Array(0.70475996, dtype=float32), 'validation/loss': Array(1.212658, dtype=float32), 'validation/num_examples': 50000, 'test/accuracy': Array(0.58040005, dtype=float32), 'test/loss': Array(1.8435212, dtype=float32), 'test/num_examples': 10000, 'score': 56609.33280301094, 'total_duration': 57364.660474300385, 'accumulated_submission_time': 56609.33280301094, 'accumulated_eval_time': 738.776581287384, 'accumulated_logging_time': 13.609209537506104}
I0415 16:10:56.179693 139876414519040 logging_writer.py:48] [119551] accumulated_eval_time=738.777, accumulated_logging_time=13.6092, accumulated_submission_time=56609.3, global_step=119551, preemption_count=0, score=56609.3, test/accuracy=0.5804000496864319, test/loss=1.843521237373352, test/num_examples=10000, total_duration=57364.7, train/accuracy=0.7736132740974426, train/loss=0.9007190465927124, validation/accuracy=0.704759955406189, validation/loss=1.2126580476760864, validation/num_examples=50000
I0415 16:53:45.478087 140107210327232 spec.py:333] Evaluating on the training split.
I0415 16:53:54.534291 140107210327232 spec.py:346] Evaluating on the validation split.
I0415 16:54:29.895199 140107210327232 spec.py:363] Evaluating on the test split.
I0415 16:54:30.911145 140107210327232 submission_runner.py:516] Time since start: 59981.10s, 	Step: 124747, 	{'train/accuracy': Array(0.78255856, dtype=float32), 'train/loss': Array(0.8770761, dtype=float32), 'validation/accuracy': Array(0.71184, dtype=float32), 'validation/loss': Array(1.1987928, dtype=float32), 'validation/num_examples': 50000, 'test/accuracy': Array(0.58460003, dtype=float32), 'test/loss': Array(1.8360258, dtype=float32), 'test/num_examples': 10000, 'score': 59177.56685757637, 'total_duration': 59981.10091137886, 'accumulated_submission_time': 59177.56685757637, 'accumulated_eval_time': 784.1628694534302, 'accumulated_logging_time': 16.04619812965393}
I0415 16:54:31.326519 139876406126336 logging_writer.py:48] [124747] accumulated_eval_time=784.163, accumulated_logging_time=16.0462, accumulated_submission_time=59177.6, global_step=124747, preemption_count=0, score=59177.6, test/accuracy=0.584600031375885, test/loss=1.8360258340835571, test/num_examples=10000, total_duration=59981.1, train/accuracy=0.7825585603713989, train/loss=0.8770760893821716, validation/accuracy=0.7118399739265442, validation/loss=1.198792815208435, validation/num_examples=50000
I0415 17:37:21.883583 140107210327232 spec.py:333] Evaluating on the training split.
I0415 17:37:29.102720 140107210327232 spec.py:346] Evaluating on the validation split.
I0415 17:38:20.137248 140107210327232 spec.py:363] Evaluating on the test split.
I0415 17:38:21.165699 140107210327232 submission_runner.py:516] Time since start: 62611.35s, 	Step: 129906, 	{'train/accuracy': Array(0.7861914, dtype=float32), 'train/loss': Array(0.8402512, dtype=float32), 'validation/accuracy': Array(0.71709996, dtype=float32), 'validation/loss': Array(1.1575938, dtype=float32), 'validation/num_examples': 50000, 'test/accuracy': Array(0.5873, dtype=float32), 'test/loss': Array(1.8143483, dtype=float32), 'test/num_examples': 10000, 'score': 61747.62885570526, 'total_duration': 62611.34592103958, 'accumulated_submission_time': 61747.62885570526, 'accumulated_eval_time': 843.3886575698853, 'accumulated_logging_time': 16.868196725845337}
I0415 17:38:21.584197 139876414519040 logging_writer.py:48] [129906] accumulated_eval_time=843.389, accumulated_logging_time=16.8682, accumulated_submission_time=61747.6, global_step=129906, preemption_count=0, score=61747.6, test/accuracy=0.5873000025749207, test/loss=1.8143483400344849, test/num_examples=10000, total_duration=62611.3, train/accuracy=0.7861914038658142, train/loss=0.8402512073516846, validation/accuracy=0.7170999646186829, validation/loss=1.157593846321106, validation/num_examples=50000
I0415 18:21:12.255205 140107210327232 spec.py:333] Evaluating on the training split.
I0415 18:21:19.358764 140107210327232 spec.py:346] Evaluating on the validation split.
I0415 18:21:45.191360 140107210327232 spec.py:363] Evaluating on the test split.
I0415 18:21:46.213673 140107210327232 submission_runner.py:516] Time since start: 65216.40s, 	Step: 135114, 	{'train/accuracy': Array(0.80205077, dtype=float32), 'train/loss': Array(0.77573884, dtype=float32), 'validation/accuracy': Array(0.72748, dtype=float32), 'validation/loss': Array(1.1021465, dtype=float32), 'validation/num_examples': 50000, 'test/accuracy': Array(0.6057, dtype=float32), 'test/loss': Array(1.7485491, dtype=float32), 'test/num_examples': 10000, 'score': 64317.76467132568, 'total_duration': 65216.39715003967, 'accumulated_submission_time': 64317.76467132568, 'accumulated_eval_time': 877.2940635681152, 'accumulated_logging_time': 17.739234685897827}
I0415 18:21:46.621707 139876406126336 logging_writer.py:48] [135114] accumulated_eval_time=877.294, accumulated_logging_time=17.7392, accumulated_submission_time=64317.8, global_step=135114, preemption_count=0, score=64317.8, test/accuracy=0.6057000160217285, test/loss=1.7485491037368774, test/num_examples=10000, total_duration=65216.4, train/accuracy=0.802050769329071, train/loss=0.7757388353347778, validation/accuracy=0.7274799942970276, validation/loss=1.1021465063095093, validation/num_examples=50000
I0415 19:04:37.345073 140107210327232 spec.py:333] Evaluating on the training split.
I0415 19:04:44.680934 140107210327232 spec.py:346] Evaluating on the validation split.
I0415 19:05:37.046152 140107210327232 spec.py:363] Evaluating on the test split.
I0415 19:05:38.064518 140107210327232 submission_runner.py:516] Time since start: 67848.25s, 	Step: 140267, 	{'train/accuracy': Array(0.8198242, dtype=float32), 'train/loss': Array(0.7098457, dtype=float32), 'validation/accuracy': Array(0.73266, dtype=float32), 'validation/loss': Array(1.0881661, dtype=float32), 'validation/num_examples': 50000, 'test/accuracy': Array(0.6061, dtype=float32), 'test/loss': Array(1.7298384, dtype=float32), 'test/num_examples': 10000, 'score': 66888.03593420982, 'total_duration': 67848.25324559212, 'accumulated_submission_time': 66888.03593420982, 'accumulated_eval_time': 937.9656934738159, 'accumulated_logging_time': 18.506646156311035}
I0415 19:05:38.551446 139876414519040 logging_writer.py:48] [140267] accumulated_eval_time=937.966, accumulated_logging_time=18.5066, accumulated_submission_time=66888, global_step=140267, preemption_count=0, score=66888, test/accuracy=0.6061000227928162, test/loss=1.7298383712768555, test/num_examples=10000, total_duration=67848.3, train/accuracy=0.81982421875, train/loss=0.7098457217216492, validation/accuracy=0.7326599955558777, validation/loss=1.0881661176681519, validation/num_examples=50000
I0415 19:48:29.329443 140107210327232 spec.py:333] Evaluating on the training split.
I0415 19:48:36.795263 140107210327232 spec.py:346] Evaluating on the validation split.
I0415 19:49:07.929721 140107210327232 spec.py:363] Evaluating on the test split.
I0415 19:49:08.948236 140107210327232 submission_runner.py:516] Time since start: 70459.14s, 	Step: 145424, 	{'train/accuracy': Array(0.8269141, dtype=float32), 'train/loss': Array(0.70316434, dtype=float32), 'validation/accuracy': Array(0.73826, dtype=float32), 'validation/loss': Array(1.0799056, dtype=float32), 'validation/num_examples': 50000, 'test/accuracy': Array(0.61630005, dtype=float32), 'test/loss': Array(1.7124004, dtype=float32), 'test/num_examples': 10000, 'score': 69458.34028315544, 'total_duration': 70459.13761544228, 'accumulated_submission_time': 69458.34028315544, 'accumulated_eval_time': 977.5373394489288, 'accumulated_logging_time': 19.356828212738037}
I0415 19:49:09.353938 139876406126336 logging_writer.py:48] [145424] accumulated_eval_time=977.537, accumulated_logging_time=19.3568, accumulated_submission_time=69458.3, global_step=145424, preemption_count=0, score=69458.3, test/accuracy=0.6163000464439392, test/loss=1.7124004364013672, test/num_examples=10000, total_duration=70459.1, train/accuracy=0.8269140720367432, train/loss=0.7031643390655518, validation/accuracy=0.7382599711418152, validation/loss=1.07990562915802, validation/num_examples=50000
I0415 20:32:00.110415 140107210327232 spec.py:333] Evaluating on the training split.
I0415 20:32:07.604897 140107210327232 spec.py:346] Evaluating on the validation split.
I0415 20:32:34.650325 140107210327232 spec.py:363] Evaluating on the test split.
I0415 20:32:35.735335 140107210327232 submission_runner.py:516] Time since start: 73065.86s, 	Step: 150643, 	{'train/accuracy': Array(0.827207, dtype=float32), 'train/loss': Array(0.6850707, dtype=float32), 'validation/accuracy': Array(0.74244, dtype=float32), 'validation/loss': Array(1.0557963, dtype=float32), 'validation/num_examples': 50000, 'test/accuracy': Array(0.6164, dtype=float32), 'test/loss': Array(1.6969757, dtype=float32), 'test/num_examples': 10000, 'score': 72028.55369400978, 'total_duration': 73065.85687160492, 'accumulated_submission_time': 72028.55369400978, 'accumulated_eval_time': 1013.0472538471222, 'accumulated_logging_time': 20.20515203475952}
I0415 20:32:36.440043 139876414519040 logging_writer.py:48] [150643] accumulated_eval_time=1013.05, accumulated_logging_time=20.2052, accumulated_submission_time=72028.6, global_step=150643, preemption_count=0, score=72028.6, test/accuracy=0.6164000034332275, test/loss=1.6969757080078125, test/num_examples=10000, total_duration=73065.9, train/accuracy=0.8272070288658142, train/loss=0.6850706934928894, validation/accuracy=0.7424399852752686, validation/loss=1.0557962656021118, validation/num_examples=50000
I0415 21:15:26.861626 140107210327232 spec.py:333] Evaluating on the training split.
I0415 21:15:34.219409 140107210327232 spec.py:346] Evaluating on the validation split.
I0415 21:16:46.720356 140107210327232 spec.py:363] Evaluating on the test split.
I0415 21:16:47.738281 140107210327232 submission_runner.py:516] Time since start: 75717.93s, 	Step: 155858, 	{'train/accuracy': Array(0.83150387, dtype=float32), 'train/loss': Array(0.65456903, dtype=float32), 'validation/accuracy': Array(0.74718, dtype=float32), 'validation/loss': Array(1.0256854, dtype=float32), 'validation/num_examples': 50000, 'test/accuracy': Array(0.62380004, dtype=float32), 'test/loss': Array(1.6543516, dtype=float32), 'test/num_examples': 10000, 'score': 74598.39596366882, 'total_duration': 75717.92625498772, 'accumulated_submission_time': 74598.39596366882, 'accumulated_eval_time': 1093.8753409385681, 'accumulated_logging_time': 21.40833830833435}
I0415 21:16:48.255202 139876406126336 logging_writer.py:48] [155858] accumulated_eval_time=1093.88, accumulated_logging_time=21.4083, accumulated_submission_time=74598.4, global_step=155858, preemption_count=0, score=74598.4, test/accuracy=0.6238000392913818, test/loss=1.6543515920639038, test/num_examples=10000, total_duration=75717.9, train/accuracy=0.8315038681030273, train/loss=0.6545690298080444, validation/accuracy=0.7471799850463867, validation/loss=1.025685429573059, validation/num_examples=50000
I0415 21:59:38.796763 140107210327232 spec.py:333] Evaluating on the training split.
I0415 21:59:46.178793 140107210327232 spec.py:346] Evaluating on the validation split.
I0415 22:01:46.057587 140107210327232 spec.py:363] Evaluating on the test split.
I0415 22:01:47.102997 140107210327232 submission_runner.py:516] Time since start: 78417.27s, 	Step: 160949, 	{'train/accuracy': Array(0.8343945, dtype=float32), 'train/loss': Array(0.65227765, dtype=float32), 'validation/accuracy': Array(0.75092, dtype=float32), 'validation/loss': Array(1.0198677, dtype=float32), 'validation/num_examples': 50000, 'test/accuracy': Array(0.6284, dtype=float32), 'test/loss': Array(1.6442071, dtype=float32), 'test/num_examples': 10000, 'score': 77168.44335889816, 'total_duration': 78417.26566338539, 'accumulated_submission_time': 77168.44335889816, 'accumulated_eval_time': 1222.1077036857605, 'accumulated_logging_time': 22.32261371612549}
I0415 22:01:47.515312 139876414519040 logging_writer.py:48] [160949] accumulated_eval_time=1222.11, accumulated_logging_time=22.3226, accumulated_submission_time=77168.4, global_step=160949, preemption_count=0, score=77168.4, test/accuracy=0.6284000277519226, test/loss=1.6442071199417114, test/num_examples=10000, total_duration=78417.3, train/accuracy=0.8343945145606995, train/loss=0.6522776484489441, validation/accuracy=0.7509199976921082, validation/loss=1.0198676586151123, validation/num_examples=50000
I0415 22:44:38.444881 140107210327232 spec.py:333] Evaluating on the training split.
I0415 22:44:45.908965 140107210327232 spec.py:346] Evaluating on the validation split.
I0415 22:45:59.989968 140107210327232 spec.py:363] Evaluating on the test split.
I0415 22:46:01.105974 140107210327232 submission_runner.py:516] Time since start: 81071.19s, 	Step: 166080, 	{'train/accuracy': Array(0.8372656, dtype=float32), 'train/loss': Array(0.63096565, dtype=float32), 'validation/accuracy': Array(0.75154, dtype=float32), 'validation/loss': Array(1.0142157, dtype=float32), 'validation/num_examples': 50000, 'test/accuracy': Array(0.63000005, dtype=float32), 'test/loss': Array(1.640002, dtype=float32), 'test/num_examples': 10000, 'score': 79738.89110898972, 'total_duration': 81071.19391345978, 'accumulated_submission_time': 79738.89110898972, 'accumulated_eval_time': 1304.620199918747, 'accumulated_logging_time': 23.125805377960205}
I0415 22:46:01.753160 139876406126336 logging_writer.py:48] [166080] accumulated_eval_time=1304.62, accumulated_logging_time=23.1258, accumulated_submission_time=79738.9, global_step=166080, preemption_count=0, score=79738.9, test/accuracy=0.6300000548362732, test/loss=1.6400020122528076, test/num_examples=10000, total_duration=81071.2, train/accuracy=0.8372656106948853, train/loss=0.6309656500816345, validation/accuracy=0.7515400052070618, validation/loss=1.0142157077789307, validation/num_examples=50000
I0415 23:28:51.995667 140107210327232 spec.py:333] Evaluating on the training split.
I0415 23:28:59.391995 140107210327232 spec.py:346] Evaluating on the validation split.
I0415 23:29:36.466434 140107210327232 spec.py:363] Evaluating on the test split.
I0415 23:29:37.477416 140107210327232 submission_runner.py:516] Time since start: 83687.68s, 	Step: 171201, 	{'train/accuracy': Array(0.8347266, dtype=float32), 'train/loss': Array(0.64538604, dtype=float32), 'validation/accuracy': Array(0.75158, dtype=float32), 'validation/loss': Array(1.0138435, dtype=float32), 'validation/num_examples': 50000, 'test/accuracy': Array(0.6302, dtype=float32), 'test/loss': Array(1.6398063, dtype=float32), 'test/num_examples': 10000, 'score': 82308.66560220718, 'total_duration': 83687.6750471592, 'accumulated_submission_time': 82308.66560220718, 'accumulated_eval_time': 1350.0630331039429, 'accumulated_logging_time': 24.128642797470093}
I0415 23:29:37.928435 139876414519040 logging_writer.py:48] [171201] accumulated_eval_time=1350.06, accumulated_logging_time=24.1286, accumulated_submission_time=82308.7, global_step=171201, preemption_count=0, score=82308.7, test/accuracy=0.6302000284194946, test/loss=1.6398062705993652, test/num_examples=10000, total_duration=83687.7, train/accuracy=0.8347265720367432, train/loss=0.6453860402107239, validation/accuracy=0.751579999923706, validation/loss=1.0138435363769531, validation/num_examples=50000
I0416 00:12:30.007219 140107210327232 spec.py:333] Evaluating on the training split.
I0416 00:12:37.404653 140107210327232 spec.py:346] Evaluating on the validation split.
I0416 00:13:58.466022 140107210327232 spec.py:363] Evaluating on the test split.
I0416 00:13:59.485528 140107210327232 submission_runner.py:516] Time since start: 86349.67s, 	Step: 176395, 	{'train/accuracy': Array(0.8370117, dtype=float32), 'train/loss': Array(0.6373631, dtype=float32), 'validation/accuracy': Array(0.75158, dtype=float32), 'validation/loss': Array(1.0138435, dtype=float32), 'validation/num_examples': 50000, 'test/accuracy': Array(0.6302, dtype=float32), 'test/loss': Array(1.6398063, dtype=float32), 'test/num_examples': 10000, 'score': 84880.31491613388, 'total_duration': 86349.67373132706, 'accumulated_submission_time': 84880.31491613388, 'accumulated_eval_time': 1439.49298453331, 'accumulated_logging_time': 24.921999216079712}
I0416 00:13:59.967983 139876406126336 logging_writer.py:48] [176395] accumulated_eval_time=1439.49, accumulated_logging_time=24.922, accumulated_submission_time=84880.3, global_step=176395, preemption_count=0, score=84880.3, test/accuracy=0.6302000284194946, test/loss=1.6398062705993652, test/num_examples=10000, total_duration=86349.7, train/accuracy=0.8370116949081421, train/loss=0.637363076210022, validation/accuracy=0.751579999923706, validation/loss=1.0138435363769531, validation/num_examples=50000
I0416 00:56:50.908282 140107210327232 spec.py:333] Evaluating on the training split.
I0416 00:56:58.464362 140107210327232 spec.py:346] Evaluating on the validation split.
I0416 00:57:46.531212 140107210327232 spec.py:363] Evaluating on the test split.
I0416 00:57:47.586723 140107210327232 submission_runner.py:516] Time since start: 88977.73s, 	Step: 181594, 	{'train/accuracy': Array(0.8338086, dtype=float32), 'train/loss': Array(0.6497879, dtype=float32), 'validation/accuracy': Array(0.75158, dtype=float32), 'validation/loss': Array(1.0138435, dtype=float32), 'validation/num_examples': 50000, 'test/accuracy': Array(0.6302, dtype=float32), 'test/loss': Array(1.6398063, dtype=float32), 'test/num_examples': 10000, 'score': 87450.80497908592, 'total_duration': 88977.73358726501, 'accumulated_submission_time': 87450.80497908592, 'accumulated_eval_time': 1496.0817430019379, 'accumulated_logging_time': 25.77655792236328}
I0416 00:57:48.035547 139876414519040 logging_writer.py:48] [181594] accumulated_eval_time=1496.08, accumulated_logging_time=25.7766, accumulated_submission_time=87450.8, global_step=181594, preemption_count=0, score=87450.8, test/accuracy=0.6302000284194946, test/loss=1.6398062705993652, test/num_examples=10000, total_duration=88977.7, train/accuracy=0.8338086009025574, train/loss=0.6497879028320312, validation/accuracy=0.751579999923706, validation/loss=1.0138435363769531, validation/num_examples=50000
I0416 01:40:38.662011 140107210327232 spec.py:333] Evaluating on the training split.
I0416 01:40:45.659385 140107210327232 spec.py:346] Evaluating on the validation split.
I0416 01:42:24.789285 140107210327232 spec.py:363] Evaluating on the test split.
I0416 01:42:25.813017 140107210327232 submission_runner.py:516] Time since start: 91655.99s, 	Step: 186401, 	{'train/accuracy': Array(0.8379492, dtype=float32), 'train/loss': Array(0.6354656, dtype=float32), 'validation/accuracy': Array(0.75158, dtype=float32), 'validation/loss': Array(1.0138435, dtype=float32), 'validation/num_examples': 50000, 'test/accuracy': Array(0.6302, dtype=float32), 'test/loss': Array(1.6398063, dtype=float32), 'test/num_examples': 10000, 'score': 90020.92981648445, 'total_duration': 91655.99421215057, 'accumulated_submission_time': 90020.92981648445, 'accumulated_eval_time': 1603.1773962974548, 'accumulated_logging_time': 26.610005855560303}
I0416 01:42:26.229366 139876406126336 logging_writer.py:48] [186401] accumulated_eval_time=1603.18, accumulated_logging_time=26.61, accumulated_submission_time=90020.9, global_step=186401, preemption_count=0, score=90020.9, test/accuracy=0.6302000284194946, test/loss=1.6398062705993652, test/num_examples=10000, total_duration=91656, train/accuracy=0.8379492163658142, train/loss=0.6354656219482422, validation/accuracy=0.751579999923706, validation/loss=1.0138435363769531, validation/num_examples=50000
I0416 02:25:16.932752 140107210327232 spec.py:333] Evaluating on the training split.
I0416 02:25:24.460418 140107210327232 spec.py:346] Evaluating on the validation split.
I0416 02:27:20.850291 140107210327232 spec.py:363] Evaluating on the test split.
I0416 02:27:21.873364 140107210327232 submission_runner.py:516] Time since start: 94352.06s, 	Step: 191525, 	{'train/accuracy': Array(0.83603513, dtype=float32), 'train/loss': Array(0.6330449, dtype=float32), 'validation/accuracy': Array(0.75158, dtype=float32), 'validation/loss': Array(1.0138435, dtype=float32), 'validation/num_examples': 50000, 'test/accuracy': Array(0.6302, dtype=float32), 'test/loss': Array(1.6398063, dtype=float32), 'test/num_examples': 10000, 'score': 92591.1817946434, 'total_duration': 94352.05517840385, 'accumulated_submission_time': 92591.1817946434, 'accumulated_eval_time': 1728.0632803440094, 'accumulated_logging_time': 27.3755464553833}
I0416 02:27:22.314920 139876414519040 logging_writer.py:48] [191525] accumulated_eval_time=1728.06, accumulated_logging_time=27.3755, accumulated_submission_time=92591.2, global_step=191525, preemption_count=0, score=92591.2, test/accuracy=0.6302000284194946, test/loss=1.6398062705993652, test/num_examples=10000, total_duration=94352.1, train/accuracy=0.8360351324081421, train/loss=0.6330448985099792, validation/accuracy=0.751579999923706, validation/loss=1.0138435363769531, validation/num_examples=50000
I0416 03:10:12.962409 140107210327232 spec.py:333] Evaluating on the training split.
I0416 03:10:20.450953 140107210327232 spec.py:346] Evaluating on the validation split.
I0416 03:11:33.939328 140107210327232 spec.py:363] Evaluating on the test split.
I0416 03:11:34.983819 140107210327232 submission_runner.py:516] Time since start: 97005.15s, 	Step: 196695, 	{'train/accuracy': Array(0.8375195, dtype=float32), 'train/loss': Array(0.6387323, dtype=float32), 'validation/accuracy': Array(0.75158, dtype=float32), 'validation/loss': Array(1.0138435, dtype=float32), 'validation/num_examples': 50000, 'test/accuracy': Array(0.6302, dtype=float32), 'test/loss': Array(1.6398063, dtype=float32), 'test/num_examples': 10000, 'score': 95161.30410218239, 'total_duration': 97005.14942860603, 'accumulated_submission_time': 95161.30410218239, 'accumulated_eval_time': 1810.013766527176, 'accumulated_logging_time': 28.256734132766724}
I0416 03:11:35.487969 139876406126336 logging_writer.py:48] [196695] accumulated_eval_time=1810.01, accumulated_logging_time=28.2567, accumulated_submission_time=95161.3, global_step=196695, preemption_count=0, score=95161.3, test/accuracy=0.6302000284194946, test/loss=1.6398062705993652, test/num_examples=10000, total_duration=97005.1, train/accuracy=0.8375195264816284, train/loss=0.6387323141098022, validation/accuracy=0.751579999923706, validation/loss=1.0138435363769531, validation/num_examples=50000
I0416 03:54:26.942759 139876414519040 logging_writer.py:48] [201867] global_step=201867, preemption_count=0, score=97731.7
I0416 03:54:28.260159 140107210327232 submission_runner.py:857] Final imagenet_vit score: 97731.70146417618
