python submission_runner.py --framework=jax --workload=librispeech_deepspeech --submission_path=submissions_algorithms/submissions/self_tuning/nadamw_baselinev05/submission.py --data_dir=/data/librispeech --experiment_dir=/experiment_runs --experiment_name=submissions_a100/nadamw_baselinev05/study_0 --overwrite=True --save_checkpoints=False --rng_seed=804108333 --librispeech_tokenizer_vocab_path=/data/librispeech/spm_model.vocab --tuning_ruleset=self 2>&1 | tee -a /logs/librispeech_deepspeech_jax_04-11-2026-01-17-06.log
2026-04-11 01:17:20.060835: E external/local_xla/xla/stream_executor/cuda/cuda_fft.cc:467] Unable to register cuFFT factory: Attempting to register factory for plugin cuFFT when one has already been registered
WARNING: All log messages before absl::InitializeLog() is called are written to STDERR
E0000 00:00:1775870240.528786       9 cuda_dnn.cc:8579] Unable to register cuDNN factory: Attempting to register factory for plugin cuDNN when one has already been registered
E0000 00:00:1775870240.643896       9 cuda_blas.cc:1407] Unable to register cuBLAS factory: Attempting to register factory for plugin cuBLAS when one has already been registered
W0000 00:00:1775870242.034014       9 computation_placer.cc:177] computation placer already registered. Please check linkage and avoid linking the same target more than once.
W0000 00:00:1775870242.034065       9 computation_placer.cc:177] computation placer already registered. Please check linkage and avoid linking the same target more than once.
W0000 00:00:1775870242.034068       9 computation_placer.cc:177] computation placer already registered. Please check linkage and avoid linking the same target more than once.
W0000 00:00:1775870242.034071       9 computation_placer.cc:177] computation placer already registered. Please check linkage and avoid linking the same target more than once.
/usr/local/lib/python3.11/site-packages/torch/__init__.py:1617: UserWarning: Please use the new API settings to control TF32 behavior, such as torch.backends.cudnn.conv.fp32_precision = 'tf32' or torch.backends.cuda.matmul.fp32_precision = 'ieee'. Old settings, e.g, torch.backends.cuda.matmul.allow_tf32 = True, torch.backends.cudnn.allow_tf32 = True, allowTF32CuDNN() and allowTF32CuBLAS() will be deprecated after Pytorch 2.9. Please see https://pytorch.org/docs/main/notes/cuda.html#tensorfloat-32-tf32-on-ampere-and-later-devices (Triggered internally at /pytorch/aten/src/ATen/Context.cpp:80.)
  _C._set_float32_matmul_precision(precision)
/usr/local/lib/python3.11/site-packages/pydantic/_internal/_generate_schema.py:2249: UnsupportedFieldAttributeWarning: The 'repr' attribute with value False was provided to the `Field()` function, which has no effect in the context it was used. 'repr' is field-specific metadata, and can only be attached to a model field using `Annotated` metadata or by assignment. This may have happened because an `Annotated` type alias using the `type` statement was used, or if the `Field()` function was attached to a single member of a union type.
  warnings.warn(
/usr/local/lib/python3.11/site-packages/pydantic/_internal/_generate_schema.py:2249: UnsupportedFieldAttributeWarning: The 'frozen' attribute with value True was provided to the `Field()` function, which has no effect in the context it was used. 'frozen' is field-specific metadata, and can only be attached to a model field using `Annotated` metadata or by assignment. This may have happened because an `Annotated` type alias using the `type` statement was used, or if the `Field()` function was attached to a single member of a union type.
  warnings.warn(
INFO:2026-04-11 01:18:16,840:jax._src.xla_bridge:830: Unable to initialize backend 'tpu': INTERNAL: Failed to open libtpu.so: libtpu.so: cannot open shared object file: No such file or directory
I0411 01:18:16.840810 140438437790912 xla_bridge.py:830] Unable to initialize backend 'tpu': INTERNAL: Failed to open libtpu.so: libtpu.so: cannot open shared object file: No such file or directory
I0411 01:18:18.132506 140438437790912 logger_utils.py:59] Removing existing experiment directory /experiment_runs/submissions_a100/nadamw_baselinev05/study_0/librispeech_deepspeech_jax because --overwrite was set.
I0411 01:18:18.143619 140438437790912 logger_utils.py:84] Creating experiment directory at /experiment_runs/submissions_a100/nadamw_baselinev05/study_0/librispeech_deepspeech_jax.
I0411 01:18:22.583043 140438437790912 submission_runner.py:741] Creating directory at /experiment_runs/submissions_a100/nadamw_baselinev05/study_0/librispeech_deepspeech_jax/trial_1.
I0411 01:18:23.022009 140438437790912 submission_runner.py:242] Initializing dataset.
I0411 01:18:23.022229 140438437790912 submission_runner.py:251] Initializing model.
I0411 01:19:18.761765 140438437790912 submission_runner.py:294] Initializing optimizer.
I0411 01:19:19.510525 140438437790912 submission_runner.py:299] Initializing metrics bundle.
I0411 01:19:19.510800 140438437790912 submission_runner.py:321] Initializing checkpoint and logger.
I0411 01:19:19.515425 140438437790912 checkpoints.py:1098] Found no checkpoint files in /experiment_runs/submissions_a100/nadamw_baselinev05/study_0/librispeech_deepspeech_jax/trial_1 with prefix checkpoint_
I0411 01:19:19.515559 140438437790912 submission_runner.py:344] Saving meta data to /experiment_runs/submissions_a100/nadamw_baselinev05/study_0/librispeech_deepspeech_jax/trial_1/meta_data_0.json.
I0411 01:19:19.515758 140438437790912 logger_utils.py:283] Unable to record workload.train_mean information. Continuing without it.
I0411 01:19:19.515821 140438437790912 logger_utils.py:283] Unable to record workload.train_stddev information. Continuing without it.
I0411 01:19:20.013224 140438437790912 submission_runner.py:348] Saving flags to /experiment_runs/submissions_a100/nadamw_baselinev05/study_0/librispeech_deepspeech_jax/trial_1/flags_0.json.
I0411 01:19:20.111573 140438437790912 submission_runner.py:359] Starting training loop.
I0411 01:19:20.323552 140438437790912 input_pipeline.py:19] Loading split = train-clean-100
I0411 01:19:20.433581 140438437790912 input_pipeline.py:19] Loading split = train-clean-360
I0411 01:19:20.892225 140438437790912 input_pipeline.py:19] Loading split = train-other-500
/usr/local/lib/python3.11/multiprocessing/popen_fork.py:66: RuntimeWarning: os.fork() was called. os.fork() is incompatible with multithreaded code, and JAX is multithreaded, so this will likely lead to a deadlock.
  self.pid = os.fork()
/usr/local/lib/python3.11/site-packages/jax/_src/interpreters/mlir.py:1268: UserWarning: Some donated buffers were not usable: float32[512], float32[512], float32[512], float32[512], float32[512], float32[512], float32[512], float32[512], float32[512], float32[512], float32[512], float32[512], float32[512], float32[512], float32[512], float32[512], float32[512], float32[512].
See an explanation at https://docs.jax.dev/en/latest/faq.html#buffer-donation.
  warnings.warn("Some donated buffers were not usable:"
2026-04-11 01:20:18.698423: E external/xla/xla/service/slow_operation_alarm.cc:73] Trying algorithm eng0{} for conv (f32[64,512,999,41]{3,2,1,0}, u8[0]{0}) custom-call(f32[64,512,500,20]{3,2,1,0}, f32[512,512,3,3]{3,2,1,0}), window={size=3x3 stride=2x2 pad=1_1x0_0}, dim_labels=bf01_oi01->bf01, custom_call_target="__cudnn$convBackwardInput", backend_config={"operation_queue_id":"0","wait_on_operation_queues":[],"cudnn_conv_backend_config":{"activation_mode":"kNone","conv_result_scale":1,"side_input_scale":0,"leakyrelu_alpha":0},"force_earliest_schedule":false,"reification_cost":[]} is taking a while...
2026-04-11 01:20:54.607772: E external/xla/xla/service/slow_operation_alarm.cc:140] The operation took 36.909623417s
Trying algorithm eng0{} for conv (f32[64,512,999,41]{3,2,1,0}, u8[0]{0}) custom-call(f32[64,512,500,20]{3,2,1,0}, f32[512,512,3,3]{3,2,1,0}), window={size=3x3 stride=2x2 pad=1_1x0_0}, dim_labels=bf01_oi01->bf01, custom_call_target="__cudnn$convBackwardInput", backend_config={"operation_queue_id":"0","wait_on_operation_queues":[],"cudnn_conv_backend_config":{"activation_mode":"kNone","conv_result_scale":1,"side_input_scale":0,"leakyrelu_alpha":0},"force_earliest_schedule":false,"reification_cost":[]} is taking a while...
2026-04-11 01:21:06.085353: E external/xla/xla/service/slow_operation_alarm.cc:73] Trying algorithm eng0{} for conv (f32[512,512,3,3]{3,2,1,0}, u8[0]{0}) custom-call(f32[64,512,999,41]{3,2,1,0}, f32[64,512,500,20]{3,2,1,0}), window={size=3x3 stride=2x2 pad=1_1x0_0}, dim_labels=bf01_oi01->bf01, custom_call_target="__cudnn$convBackwardFilter", backend_config={"operation_queue_id":"0","wait_on_operation_queues":[],"cudnn_conv_backend_config":{"activation_mode":"kNone","conv_result_scale":1,"side_input_scale":0,"leakyrelu_alpha":0},"force_earliest_schedule":false,"reification_cost":[]} is taking a while...
2026-04-11 01:21:21.791778: E external/xla/xla/service/slow_operation_alarm.cc:140] The operation took 16.70650392s
Trying algorithm eng0{} for conv (f32[512,512,3,3]{3,2,1,0}, u8[0]{0}) custom-call(f32[64,512,999,41]{3,2,1,0}, f32[64,512,500,20]{3,2,1,0}), window={size=3x3 stride=2x2 pad=1_1x0_0}, dim_labels=bf01_oi01->bf01, custom_call_target="__cudnn$convBackwardFilter", backend_config={"operation_queue_id":"0","wait_on_operation_queues":[],"cudnn_conv_backend_config":{"activation_mode":"kNone","conv_result_scale":1,"side_input_scale":0,"leakyrelu_alpha":0},"force_earliest_schedule":false,"reification_cost":[]} is taking a while...
I0411 01:21:57.158867 140438437790912 spec.py:333] Evaluating on the training split.
I0411 01:21:57.159322 140438437790912 input_pipeline.py:19] Loading split = train-clean-100
I0411 01:21:57.542719 140438437790912 input_pipeline.py:19] Loading split = train-clean-360
I0411 01:21:57.643212 140438437790912 input_pipeline.py:19] Loading split = train-other-500
/usr/local/lib/python3.11/site-packages/jax/_src/ops/scatter.py:110: FutureWarning: scatter inputs have incompatible types: cannot safely cast value from dtype=float32 to dtype=int32 with jax_numpy_dtype_promotion='standard'. In future JAX releases this will result in an error.
  warnings.warn(
2026-04-11 01:22:09.417218: E external/xla/xla/service/slow_operation_alarm.cc:73] Constant folding an instruction is taking > 1s:

  %reduce-window.10 = f32[256,500]{1,0} reduce-window(%broadcast.248, %constant.119), window={size=1x500 pad=0_0x499_0}, to_apply=%region_35.2517.clone, metadata={op_name="jit(_eval_step)/jit(cumsum)/LibriSpeechConformerWorkload.sequence_mask/reduce_window_sum" source_file="/algorithmic-efficiency/algoperf/workloads/librispeech_conformer/librispeech_jax/workload.py" source_line=251}

This isn't necessarily a bug; constant-folding is inherently a trade-off between compilation time and speed at runtime. XLA has some guards that attempt to keep constant folding from taking too long, but fundamentally you'll always be able to come up with an input program that takes a long time.

If you'd like to file a bug, run with envvar XLA_FLAGS=--xla_dump_to=/tmp/foo and attach the results.
2026-04-11 01:22:16.271834: E external/xla/xla/service/slow_operation_alarm.cc:140] The operation took 7.855033065s
Constant folding an instruction is taking > 1s:

  %reduce-window.10 = f32[256,500]{1,0} reduce-window(%broadcast.248, %constant.119), window={size=1x500 pad=0_0x499_0}, to_apply=%region_35.2517.clone, metadata={op_name="jit(_eval_step)/jit(cumsum)/LibriSpeechConformerWorkload.sequence_mask/reduce_window_sum" source_file="/algorithmic-efficiency/algoperf/workloads/librispeech_conformer/librispeech_jax/workload.py" source_line=251}

This isn't necessarily a bug; constant-folding is inherently a trade-off between compilation time and speed at runtime. XLA has some guards that attempt to keep constant folding from taking too long, but fundamentally you'll always be able to come up with an input program that takes a long time.

If you'd like to file a bug, run with envvar XLA_FLAGS=--xla_dump_to=/tmp/foo and attach the results.
2026-04-11 01:22:18.272384: E external/xla/xla/service/slow_operation_alarm.cc:73] Constant folding an instruction is taking > 2s:

  %reduce-window.11 = f32[256,500]{1,0} reduce-window(%broadcast.248, %constant.122), window={size=1x500 pad=0_0x499_0}, to_apply=%region_35.2517, metadata={op_name="jit(_eval_step)/jit(cumsum)/LibriSpeechConformerWorkload.sequence_mask/reduce_window_sum" source_file="/algorithmic-efficiency/algoperf/workloads/librispeech_conformer/librispeech_jax/workload.py" source_line=251}

This isn't necessarily a bug; constant-folding is inherently a trade-off between compilation time and speed at runtime. XLA has some guards that attempt to keep constant folding from taking too long, but fundamentally you'll always be able to come up with an input program that takes a long time.

If you'd like to file a bug, run with envvar XLA_FLAGS=--xla_dump_to=/tmp/foo and attach the results.
2026-04-11 01:22:24.798510: E external/xla/xla/service/slow_operation_alarm.cc:140] The operation took 8.526621596s
Constant folding an instruction is taking > 2s:

  %reduce-window.11 = f32[256,500]{1,0} reduce-window(%broadcast.248, %constant.122), window={size=1x500 pad=0_0x499_0}, to_apply=%region_35.2517, metadata={op_name="jit(_eval_step)/jit(cumsum)/LibriSpeechConformerWorkload.sequence_mask/reduce_window_sum" source_file="/algorithmic-efficiency/algoperf/workloads/librispeech_conformer/librispeech_jax/workload.py" source_line=251}

This isn't necessarily a bug; constant-folding is inherently a trade-off between compilation time and speed at runtime. XLA has some guards that attempt to keep constant folding from taking too long, but fundamentally you'll always be able to come up with an input program that takes a long time.

If you'd like to file a bug, run with envvar XLA_FLAGS=--xla_dump_to=/tmp/foo and attach the results.
I0411 01:23:57.667301 140438437790912 spec.py:346] Evaluating on the validation split.
I0411 01:23:57.667982 140438437790912 input_pipeline.py:19] Loading split = dev-clean
I0411 01:23:57.673341 140438437790912 input_pipeline.py:19] Loading split = dev-other
2026-04-11 01:24:36.193186: E external/xla/xla/service/slow_operation_alarm.cc:73] Constant folding an instruction is taking > 4s:

  %reduce-window.10 = f32[228,500]{1,0} reduce-window(%broadcast.245, %constant.119), window={size=1x500 pad=0_0x499_0}, to_apply=%region_35.2514.clone, metadata={op_name="jit(_eval_step)/jit(cumsum)/LibriSpeechConformerWorkload.sequence_mask/reduce_window_sum" source_file="/algorithmic-efficiency/algoperf/workloads/librispeech_conformer/librispeech_jax/workload.py" source_line=251}

This isn't necessarily a bug; constant-folding is inherently a trade-off between compilation time and speed at runtime. XLA has some guards that attempt to keep constant folding from taking too long, but fundamentally you'll always be able to come up with an input program that takes a long time.

If you'd like to file a bug, run with envvar XLA_FLAGS=--xla_dump_to=/tmp/foo and attach the results.
2026-04-11 01:24:38.932772: E external/xla/xla/service/slow_operation_alarm.cc:140] The operation took 6.73976337s
Constant folding an instruction is taking > 4s:

  %reduce-window.10 = f32[228,500]{1,0} reduce-window(%broadcast.245, %constant.119), window={size=1x500 pad=0_0x499_0}, to_apply=%region_35.2514.clone, metadata={op_name="jit(_eval_step)/jit(cumsum)/LibriSpeechConformerWorkload.sequence_mask/reduce_window_sum" source_file="/algorithmic-efficiency/algoperf/workloads/librispeech_conformer/librispeech_jax/workload.py" source_line=251}

This isn't necessarily a bug; constant-folding is inherently a trade-off between compilation time and speed at runtime. XLA has some guards that attempt to keep constant folding from taking too long, but fundamentally you'll always be able to come up with an input program that takes a long time.

If you'd like to file a bug, run with envvar XLA_FLAGS=--xla_dump_to=/tmp/foo and attach the results.
I0411 01:25:37.242309 140438437790912 spec.py:363] Evaluating on the test split.
I0411 01:25:37.243118 140438437790912 input_pipeline.py:19] Loading split = test-clean
I0411 01:26:29.603533 140438437790912 submission_runner.py:516] Time since start: 429.49s, 	Step: 1, 	{'train/ctc_loss': Array(7.7852664, dtype=float32), 'train/wer': np.float64(4.115569622889033), 'validation/ctc_loss': Array(7.5553584, dtype=float32), 'validation/wer': np.float64(3.802336696760489), 'validation/num_examples': 5348, 'test/ctc_loss': Array(7.557977, dtype=float32), 'test/wer': np.float64(3.96404850405216), 'test/num_examples': 2472, 'score': 157.0471408367157, 'total_duration': 429.48759961128235, 'accumulated_submission_time': 157.0471408367157, 'accumulated_eval_time': 272.44037342071533, 'accumulated_logging_time': 0}
I0411 01:26:29.697147 140377440904960 logging_writer.py:48] [1] accumulated_eval_time=272.44, accumulated_logging_time=0, accumulated_submission_time=157.047, global_step=1, preemption_count=0, score=157.047, test/ctc_loss=7.557977199554443, test/num_examples=2472, test/wer=3.96405, total_duration=429.488, train/ctc_loss=7.785266399383545, train/wer=4.11557, validation/ctc_loss=7.555358409881592, validation/num_examples=5348, validation/wer=3.80234
I0411 01:50:49.046771 140438437790912 spec.py:333] Evaluating on the training split.
I0411 01:51:44.241988 140438437790912 spec.py:346] Evaluating on the validation split.
/usr/local/lib/python3.11/multiprocessing/popen_fork.py:66: RuntimeWarning: os.fork() was called. os.fork() is incompatible with multithreaded code, and JAX is multithreaded, so this will likely lead to a deadlock.
  self.pid = os.fork()
I0411 01:52:45.235921 140438437790912 spec.py:363] Evaluating on the test split.
I0411 01:53:17.824275 140438437790912 submission_runner.py:516] Time since start: 2037.71s, 	Step: 391, 	{'train/ctc_loss': Array(2.7112598, dtype=float32), 'train/wer': np.float64(1.475525735824185), 'validation/ctc_loss': Array(2.5397453, dtype=float32), 'validation/wer': np.float64(1.3315598899242023), 'validation/num_examples': 5348, 'test/ctc_loss': Array(2.6499298, dtype=float32), 'test/wer': np.float64(1.4803891698657405), 'test/num_examples': 2472, 'score': 1616.1431684494019, 'total_duration': 2037.7100756168365, 'accumulated_submission_time': 1616.1431684494019, 'accumulated_eval_time': 421.21527004241943, 'accumulated_logging_time': 0.34266018867492676}
I0411 01:53:17.863397 140423625045760 logging_writer.py:48] [391] accumulated_eval_time=421.215, accumulated_logging_time=0.34266, accumulated_submission_time=1616.14, global_step=391, preemption_count=0, score=1616.14, test/ctc_loss=2.6499297618865967, test/num_examples=2472, test/wer=1.48039, total_duration=2037.71, train/ctc_loss=2.7112598419189453, train/wer=1.47553, validation/ctc_loss=2.539745330810547, validation/num_examples=5348, validation/wer=1.33156
I0411 02:17:33.461923 140438437790912 spec.py:333] Evaluating on the training split.
I0411 02:18:21.863181 140438437790912 spec.py:346] Evaluating on the validation split.
/usr/local/lib/python3.11/multiprocessing/popen_fork.py:66: RuntimeWarning: os.fork() was called. os.fork() is incompatible with multithreaded code, and JAX is multithreaded, so this will likely lead to a deadlock.
  self.pid = os.fork()
I0411 02:19:05.919616 140438437790912 spec.py:363] Evaluating on the test split.
I0411 02:19:28.010011 140438437790912 submission_runner.py:516] Time since start: 3607.90s, 	Step: 775, 	{'train/ctc_loss': Array(1.655505, dtype=float32), 'train/wer': np.float64(0.9350771115787231), 'validation/ctc_loss': Array(1.5961149, dtype=float32), 'validation/wer': np.float64(0.8789359339545213), 'validation/num_examples': 5348, 'test/ctc_loss': Array(1.5801556, dtype=float32), 'test/wer': np.float64(0.8921455121564804), 'test/num_examples': 2472, 'score': 3071.72602558136, 'total_duration': 3607.8961288928986, 'accumulated_submission_time': 3071.72602558136, 'accumulated_eval_time': 535.7610719203949, 'accumulated_logging_time': 0.39310383796691895}
I0411 02:19:28.059532 140423625045760 logging_writer.py:48] [775] accumulated_eval_time=535.761, accumulated_logging_time=0.393104, accumulated_submission_time=3071.73, global_step=775, preemption_count=0, score=3071.73, test/ctc_loss=1.580155611038208, test/num_examples=2472, test/wer=0.892146, total_duration=3607.9, train/ctc_loss=1.6555049419403076, train/wer=0.935077, validation/ctc_loss=1.5961148738861084, validation/num_examples=5348, validation/wer=0.878936
/usr/local/lib/python3.11/multiprocessing/popen_fork.py:66: RuntimeWarning: os.fork() was called. os.fork() is incompatible with multithreaded code, and JAX is multithreaded, so this will likely lead to a deadlock.
  self.pid = os.fork()
I0411 02:43:37.243021 140438437790912 spec.py:333] Evaluating on the training split.
I0411 02:44:20.909178 140438437790912 spec.py:346] Evaluating on the validation split.
I0411 02:45:03.710258 140438437790912 spec.py:363] Evaluating on the test split.
I0411 02:45:24.671524 140438437790912 submission_runner.py:516] Time since start: 5164.56s, 	Step: 1233, 	{'train/ctc_loss': Array(1.1919456, dtype=float32), 'train/wer': np.float64(0.8409001059506301), 'validation/ctc_loss': Array(1.2081991, dtype=float32), 'validation/wer': np.float64(0.8264857818761164), 'validation/num_examples': 5348, 'test/ctc_loss': Array(1.1599587, dtype=float32), 'test/wer': np.float64(0.8078524566855564), 'test/num_examples': 2472, 'score': 4520.892679929733, 'total_duration': 5164.557249546051, 'accumulated_submission_time': 4520.892679929733, 'accumulated_eval_time': 643.1870379447937, 'accumulated_logging_time': 0.45430731773376465}
I0411 02:45:24.708347 140423625045760 logging_writer.py:48] [1233] accumulated_eval_time=643.187, accumulated_logging_time=0.454307, accumulated_submission_time=4520.89, global_step=1233, preemption_count=0, score=4520.89, test/ctc_loss=1.1599587202072144, test/num_examples=2472, test/wer=0.807852, total_duration=5164.56, train/ctc_loss=1.1919455528259277, train/wer=0.8409, validation/ctc_loss=1.208199143409729, validation/num_examples=5348, validation/wer=0.826486
I0411 03:09:38.169300 140438437790912 spec.py:333] Evaluating on the training split.
I0411 03:10:22.860158 140438437790912 spec.py:346] Evaluating on the validation split.
/usr/local/lib/python3.11/multiprocessing/popen_fork.py:66: RuntimeWarning: os.fork() was called. os.fork() is incompatible with multithreaded code, and JAX is multithreaded, so this will likely lead to a deadlock.
  self.pid = os.fork()
I0411 03:11:06.068023 140438437790912 spec.py:363] Evaluating on the test split.
I0411 03:11:27.366675 140438437790912 submission_runner.py:516] Time since start: 6727.25s, 	Step: 1683, 	{'train/ctc_loss': Array(0.9019089, dtype=float32), 'train/wer': np.float64(0.7403837091183277), 'validation/ctc_loss': Array(0.9749346, dtype=float32), 'validation/wer': np.float64(0.7591657413218752), 'validation/num_examples': 5348, 'test/ctc_loss': Array(0.88338065, dtype=float32), 'test/wer': np.float64(0.7146629293360145), 'test/num_examples': 2472, 'score': 5974.337509155273, 'total_duration': 6727.252662658691, 'accumulated_submission_time': 5974.337509155273, 'accumulated_eval_time': 752.3819952011108, 'accumulated_logging_time': 0.5022153854370117}
I0411 03:11:27.404232 140423625045760 logging_writer.py:48] [1683] accumulated_eval_time=752.382, accumulated_logging_time=0.502215, accumulated_submission_time=5974.34, global_step=1683, preemption_count=0, score=5974.34, test/ctc_loss=0.883380651473999, test/num_examples=2472, test/wer=0.714663, total_duration=6727.25, train/ctc_loss=0.9019088745117188, train/wer=0.740384, validation/ctc_loss=0.9749345779418945, validation/num_examples=5348, validation/wer=0.759166
/usr/local/lib/python3.11/multiprocessing/popen_fork.py:66: RuntimeWarning: os.fork() was called. os.fork() is incompatible with multithreaded code, and JAX is multithreaded, so this will likely lead to a deadlock.
  self.pid = os.fork()
I0411 03:35:41.671208 140438437790912 spec.py:333] Evaluating on the training split.
I0411 03:36:29.017611 140438437790912 spec.py:346] Evaluating on the validation split.
I0411 03:37:13.322398 140438437790912 spec.py:363] Evaluating on the test split.
I0411 03:37:35.128781 140438437790912 submission_runner.py:516] Time since start: 8295.01s, 	Step: 2061, 	{'train/ctc_loss': Array(0.49606115, dtype=float32), 'train/wer': np.float64(0.48722520602752833), 'validation/ctc_loss': Array(0.60571927, dtype=float32), 'validation/wer': np.float64(0.5431275044657944), 'validation/num_examples': 5348, 'test/ctc_loss': Array(0.47211835, dtype=float32), 'test/wer': np.float64(0.45786362805435377), 'test/num_examples': 2472, 'score': 7428.588924407959, 'total_duration': 8295.01456451416, 'accumulated_submission_time': 7428.588924407959, 'accumulated_eval_time': 865.8370850086212, 'accumulated_logging_time': 0.550886869430542}
I0411 03:37:35.164407 140423623997184 logging_writer.py:48] [2061] accumulated_eval_time=865.837, accumulated_logging_time=0.550887, accumulated_submission_time=7428.59, global_step=2061, preemption_count=0, score=7428.59, test/ctc_loss=0.4721183478832245, test/num_examples=2472, test/wer=0.457864, total_duration=8295.01, train/ctc_loss=0.49606114625930786, train/wer=0.487225, validation/ctc_loss=0.605719268321991, validation/num_examples=5348, validation/wer=0.543128
I0411 04:01:46.310392 140438437790912 spec.py:333] Evaluating on the training split.
I0411 04:02:35.917429 140438437790912 spec.py:346] Evaluating on the validation split.
/usr/local/lib/python3.11/multiprocessing/popen_fork.py:66: RuntimeWarning: os.fork() was called. os.fork() is incompatible with multithreaded code, and JAX is multithreaded, so this will likely lead to a deadlock.
  self.pid = os.fork()
I0411 04:03:20.881133 140438437790912 spec.py:363] Evaluating on the test split.
I0411 04:03:43.244620 140438437790912 submission_runner.py:516] Time since start: 9863.13s, 	Step: 2659, 	{'train/ctc_loss': Array(0.19747832, dtype=float32), 'train/wer': np.float64(0.24295949341427894), 'validation/ctc_loss': Array(0.28478596, dtype=float32), 'validation/wer': np.float64(0.30746873943899966), 'validation/num_examples': 5348, 'test/ctc_loss': Array(0.19326961, dtype=float32), 'test/wer': np.float64(0.23323786890906506), 'test/num_examples': 2472, 'score': 8879.717829704285, 'total_duration': 9863.130797624588, 'accumulated_submission_time': 8879.717829704285, 'accumulated_eval_time': 982.7690782546997, 'accumulated_logging_time': 0.5973641872406006}
I0411 04:03:43.279397 140423623997184 logging_writer.py:48] [2659] accumulated_eval_time=982.769, accumulated_logging_time=0.597364, accumulated_submission_time=8879.72, global_step=2659, preemption_count=0, score=8879.72, test/ctc_loss=0.19326961040496826, test/num_examples=2472, test/wer=0.233238, total_duration=9863.13, train/ctc_loss=0.19747832417488098, train/wer=0.242959, validation/ctc_loss=0.2847859561443329, validation/num_examples=5348, validation/wer=0.307469
I0411 04:27:52.249324 140438437790912 spec.py:333] Evaluating on the training split.
I0411 04:28:41.967821 140438437790912 spec.py:346] Evaluating on the validation split.
/usr/local/lib/python3.11/multiprocessing/popen_fork.py:66: RuntimeWarning: os.fork() was called. os.fork() is incompatible with multithreaded code, and JAX is multithreaded, so this will likely lead to a deadlock.
  self.pid = os.fork()
I0411 04:29:26.361530 140438437790912 spec.py:363] Evaluating on the test split.
I0411 04:29:48.584801 140438437790912 submission_runner.py:516] Time since start: 11428.47s, 	Step: 3055, 	{'train/ctc_loss': Array(0.1519007, dtype=float32), 'train/wer': np.float64(0.19531831621040988), 'validation/ctc_loss': Array(0.23723419, dtype=float32), 'validation/wer': np.float64(0.2658523632501328), 'validation/num_examples': 5348, 'test/ctc_loss': Array(0.15706043, dtype=float32), 'test/wer': np.float64(0.19464586760912397), 'test/num_examples': 2472, 'score': 10328.672038316727, 'total_duration': 11428.470211744308, 'accumulated_submission_time': 10328.672038316727, 'accumulated_eval_time': 1099.1015660762787, 'accumulated_logging_time': 0.643425464630127}
I0411 04:29:48.620116 140423623997184 logging_writer.py:48] [3055] accumulated_eval_time=1099.1, accumulated_logging_time=0.643425, accumulated_submission_time=10328.7, global_step=3055, preemption_count=0, score=10328.7, test/ctc_loss=0.1570604294538498, test/num_examples=2472, test/wer=0.194646, total_duration=11428.5, train/ctc_loss=0.15190069377422333, train/wer=0.195318, validation/ctc_loss=0.2372341901063919, validation/num_examples=5348, validation/wer=0.265852
/usr/local/lib/python3.11/multiprocessing/popen_fork.py:66: RuntimeWarning: os.fork() was called. os.fork() is incompatible with multithreaded code, and JAX is multithreaded, so this will likely lead to a deadlock.
  self.pid = os.fork()
I0411 04:53:59.908440 140438437790912 spec.py:333] Evaluating on the training split.
I0411 04:54:49.848203 140438437790912 spec.py:346] Evaluating on the validation split.
I0411 04:55:34.757547 140438437790912 spec.py:363] Evaluating on the test split.
I0411 04:55:57.319998 140438437790912 submission_runner.py:516] Time since start: 12997.21s, 	Step: 3712, 	{'train/ctc_loss': Array(0.12416722, dtype=float32), 'train/wer': np.float64(0.1653709144803557), 'validation/ctc_loss': Array(0.21631852, dtype=float32), 'validation/wer': np.float64(0.2442620576449573), 'validation/num_examples': 5348, 'test/ctc_loss': Array(0.13806932, dtype=float32), 'test/wer': np.float64(0.17309528162005158), 'test/num_examples': 2472, 'score': 11779.942403316498, 'total_duration': 12997.20602965355, 'accumulated_submission_time': 11779.942403316498, 'accumulated_eval_time': 1216.5107953548431, 'accumulated_logging_time': 0.6897115707397461}
I0411 04:55:57.356292 140423622948608 logging_writer.py:48] [3712] accumulated_eval_time=1216.51, accumulated_logging_time=0.689712, accumulated_submission_time=11779.9, global_step=3712, preemption_count=0, score=11779.9, test/ctc_loss=0.13806931674480438, test/num_examples=2472, test/wer=0.173095, total_duration=12997.2, train/ctc_loss=0.12416721880435944, train/wer=0.165371, validation/ctc_loss=0.2163185179233551, validation/num_examples=5348, validation/wer=0.244262
/usr/local/lib/python3.11/multiprocessing/popen_fork.py:66: RuntimeWarning: os.fork() was called. os.fork() is incompatible with multithreaded code, and JAX is multithreaded, so this will likely lead to a deadlock.
  self.pid = os.fork()
I0411 05:20:05.378050 140438437790912 spec.py:333] Evaluating on the training split.
I0411 05:20:55.500782 140438437790912 spec.py:346] Evaluating on the validation split.
I0411 05:21:40.409180 140438437790912 spec.py:363] Evaluating on the test split.
I0411 05:22:02.524410 140438437790912 submission_runner.py:516] Time since start: 14562.41s, 	Step: 4173, 	{'train/ctc_loss': Array(0.11752056, dtype=float32), 'train/wer': np.float64(0.15819097829961323), 'validation/ctc_loss': Array(0.21171296, dtype=float32), 'validation/wer': np.float64(0.239656254526143), 'validation/num_examples': 5348, 'test/ctc_loss': Array(0.13426408, dtype=float32), 'test/wer': np.float64(0.17017041415310868), 'test/num_examples': 2472, 'score': 13227.948097467422, 'total_duration': 14562.41030883789, 'accumulated_submission_time': 13227.948097467422, 'accumulated_eval_time': 1333.6548073291779, 'accumulated_logging_time': 0.7370288372039795}
I0411 05:22:02.562006 140423622948608 logging_writer.py:48] [4173] accumulated_eval_time=1333.65, accumulated_logging_time=0.737029, accumulated_submission_time=13227.9, global_step=4173, preemption_count=0, score=13227.9, test/ctc_loss=0.13426408171653748, test/num_examples=2472, test/wer=0.17017, total_duration=14562.4, train/ctc_loss=0.11752055585384369, train/wer=0.158191, validation/ctc_loss=0.21171295642852783, validation/num_examples=5348, validation/wer=0.239656
I0411 05:46:11.715582 140438437790912 spec.py:333] Evaluating on the training split.
I0411 05:47:01.207009 140438437790912 spec.py:346] Evaluating on the validation split.
/usr/local/lib/python3.11/multiprocessing/popen_fork.py:66: RuntimeWarning: os.fork() was called. os.fork() is incompatible with multithreaded code, and JAX is multithreaded, so this will likely lead to a deadlock.
  self.pid = os.fork()
I0411 05:47:46.705995 140438437790912 spec.py:363] Evaluating on the test split.
I0411 05:48:09.091989 140438437790912 submission_runner.py:516] Time since start: 16128.98s, 	Step: 4810, 	{'train/ctc_loss': Array(0.11092692, dtype=float32), 'train/wer': np.float64(0.15223068961263925), 'validation/ctc_loss': Array(0.19706447, dtype=float32), 'validation/wer': np.float64(0.22590643557186307), 'validation/num_examples': 5348, 'test/ctc_loss': Array(0.12369347, dtype=float32), 'test/wer': np.float64(0.1575975463611805), 'test/num_examples': 2472, 'score': 14677.08429479599, 'total_duration': 16128.977964639664, 'accumulated_submission_time': 14677.08429479599, 'accumulated_eval_time': 1451.0287826061249, 'accumulated_logging_time': 0.7854263782501221}
I0411 05:48:09.131727 140423622948608 logging_writer.py:48] [4810] accumulated_eval_time=1451.03, accumulated_logging_time=0.785426, accumulated_submission_time=14677.1, global_step=4810, preemption_count=0, score=14677.1, test/ctc_loss=0.12369347363710403, test/num_examples=2472, test/wer=0.157598, total_duration=16129, train/ctc_loss=0.11092691868543625, train/wer=0.152231, validation/ctc_loss=0.19706447422504425, validation/num_examples=5348, validation/wer=0.225906
/usr/local/lib/python3.11/multiprocessing/popen_fork.py:66: RuntimeWarning: os.fork() was called. os.fork() is incompatible with multithreaded code, and JAX is multithreaded, so this will likely lead to a deadlock.
  self.pid = os.fork()
I0411 06:12:18.099186 140438437790912 spec.py:333] Evaluating on the training split.
I0411 06:13:07.512690 140438437790912 spec.py:346] Evaluating on the validation split.
I0411 06:13:52.665840 140438437790912 spec.py:363] Evaluating on the test split.
I0411 06:14:14.585885 140438437790912 submission_runner.py:516] Time since start: 17694.47s, 	Step: 5282, 	{'train/ctc_loss': Array(0.1089693, dtype=float32), 'train/wer': np.float64(0.14475263756312964), 'validation/ctc_loss': Array(0.19287163, dtype=float32), 'validation/wer': np.float64(0.22052817071404432), 'validation/num_examples': 5348, 'test/ctc_loss': Array(0.1181341, dtype=float32), 'test/wer': np.float64(0.15093534824203278), 'test/num_examples': 2472, 'score': 16126.035151720047, 'total_duration': 17694.471513986588, 'accumulated_submission_time': 16126.035151720047, 'accumulated_eval_time': 1567.5128602981567, 'accumulated_logging_time': 0.8364076614379883}
I0411 06:14:14.621985 140423622948608 logging_writer.py:48] [5282] accumulated_eval_time=1567.51, accumulated_logging_time=0.836408, accumulated_submission_time=16126, global_step=5282, preemption_count=0, score=16126, test/ctc_loss=0.11813410371541977, test/num_examples=2472, test/wer=0.150935, total_duration=17694.5, train/ctc_loss=0.1089693009853363, train/wer=0.144753, validation/ctc_loss=0.19287163019180298, validation/num_examples=5348, validation/wer=0.220528
I0411 06:38:30.183833 140438437790912 spec.py:333] Evaluating on the training split.
I0411 06:39:19.917504 140438437790912 spec.py:346] Evaluating on the validation split.
/usr/local/lib/python3.11/multiprocessing/popen_fork.py:66: RuntimeWarning: os.fork() was called. os.fork() is incompatible with multithreaded code, and JAX is multithreaded, so this will likely lead to a deadlock.
  self.pid = os.fork()
I0411 06:40:05.492545 140438437790912 spec.py:363] Evaluating on the test split.
I0411 06:40:27.666175 140438437790912 submission_runner.py:516] Time since start: 19267.55s, 	Step: 5859, 	{'train/ctc_loss': Array(0.1106751, dtype=float32), 'train/wer': np.float64(0.14754530825441212), 'validation/ctc_loss': Array(0.19088069, dtype=float32), 'validation/wer': np.float64(0.2209530246704968), 'validation/num_examples': 5348, 'test/ctc_loss': Array(0.11649242, dtype=float32), 'test/wer': np.float64(0.14955416082708753), 'test/num_examples': 2472, 'score': 17581.579814195633, 'total_duration': 19267.55229663849, 'accumulated_submission_time': 17581.579814195633, 'accumulated_eval_time': 1684.992916584015, 'accumulated_logging_time': 0.8834893703460693}
I0411 06:40:27.704456 140423622948608 logging_writer.py:48] [5859] accumulated_eval_time=1684.99, accumulated_logging_time=0.883489, accumulated_submission_time=17581.6, global_step=5859, preemption_count=0, score=17581.6, test/ctc_loss=0.11649242043495178, test/num_examples=2472, test/wer=0.149554, total_duration=19267.6, train/ctc_loss=0.11067510396242142, train/wer=0.147545, validation/ctc_loss=0.190880686044693, validation/num_examples=5348, validation/wer=0.220953
/usr/local/lib/python3.11/multiprocessing/popen_fork.py:66: RuntimeWarning: os.fork() was called. os.fork() is incompatible with multithreaded code, and JAX is multithreaded, so this will likely lead to a deadlock.
  self.pid = os.fork()
I0411 07:04:35.495148 140438437790912 spec.py:333] Evaluating on the training split.
I0411 07:05:25.964180 140438437790912 spec.py:346] Evaluating on the validation split.
I0411 07:06:10.998173 140438437790912 spec.py:363] Evaluating on the test split.
I0411 07:06:33.286972 140438437790912 submission_runner.py:516] Time since start: 20833.17s, 	Step: 6359, 	{'train/ctc_loss': Array(0.10290225, dtype=float32), 'train/wer': np.float64(0.13871797510031897), 'validation/ctc_loss': Array(0.1802576, dtype=float32), 'validation/wer': np.float64(0.20678800753150195), 'validation/num_examples': 5348, 'test/ctc_loss': Array(0.11097534, dtype=float32), 'test/wer': np.float64(0.14350131009688624), 'test/num_examples': 2472, 'score': 19029.353721141815, 'total_duration': 20833.172624111176, 'accumulated_submission_time': 19029.353721141815, 'accumulated_eval_time': 1802.7821447849274, 'accumulated_logging_time': 0.9329855442047119}
I0411 07:06:33.323776 140423622948608 logging_writer.py:48] [6359] accumulated_eval_time=1802.78, accumulated_logging_time=0.932986, accumulated_submission_time=19029.4, global_step=6359, preemption_count=0, score=19029.4, test/ctc_loss=0.11097534000873566, test/num_examples=2472, test/wer=0.143501, total_duration=20833.2, train/ctc_loss=0.10290224850177765, train/wer=0.138718, validation/ctc_loss=0.18025760352611542, validation/num_examples=5348, validation/wer=0.206788
I0411 07:30:41.073743 140438437790912 spec.py:333] Evaluating on the training split.
I0411 07:31:30.517150 140438437790912 spec.py:346] Evaluating on the validation split.
/usr/local/lib/python3.11/multiprocessing/popen_fork.py:66: RuntimeWarning: os.fork() was called. os.fork() is incompatible with multithreaded code, and JAX is multithreaded, so this will likely lead to a deadlock.
  self.pid = os.fork()
I0411 07:32:14.886381 140438437790912 spec.py:363] Evaluating on the test split.
I0411 07:32:37.108343 140438437790912 submission_runner.py:516] Time since start: 22396.99s, 	Step: 6921, 	{'train/ctc_loss': Array(0.09775931, dtype=float32), 'train/wer': np.float64(0.13121806511549344), 'validation/ctc_loss': Array(0.18120156, dtype=float32), 'validation/wer': np.float64(0.20799497899869648), 'validation/num_examples': 5348, 'test/ctc_loss': Array(0.10813022, dtype=float32), 'test/wer': np.float64(0.13939837101131355), 'test/num_examples': 2472, 'score': 20477.086661100388, 'total_duration': 22396.99432206154, 'accumulated_submission_time': 20477.086661100388, 'accumulated_eval_time': 1918.8143093585968, 'accumulated_logging_time': 0.9808800220489502}
I0411 07:32:37.146038 140423622948608 logging_writer.py:48] [6921] accumulated_eval_time=1918.81, accumulated_logging_time=0.98088, accumulated_submission_time=20477.1, global_step=6921, preemption_count=0, score=20477.1, test/ctc_loss=0.10813022404909134, test/num_examples=2472, test/wer=0.139398, total_duration=22397, train/ctc_loss=0.09775930643081665, train/wer=0.131218, validation/ctc_loss=0.18120156228542328, validation/num_examples=5348, validation/wer=0.207995
/usr/local/lib/python3.11/multiprocessing/popen_fork.py:66: RuntimeWarning: os.fork() was called. os.fork() is incompatible with multithreaded code, and JAX is multithreaded, so this will likely lead to a deadlock.
  self.pid = os.fork()
I0411 07:56:44.791297 140438437790912 spec.py:333] Evaluating on the training split.
I0411 07:57:35.375872 140438437790912 spec.py:346] Evaluating on the validation split.
I0411 07:58:19.833112 140438437790912 spec.py:363] Evaluating on the test split.
I0411 07:58:41.841519 140438437790912 submission_runner.py:516] Time since start: 23961.73s, 	Step: 7441, 	{'train/ctc_loss': Array(0.0902798, dtype=float32), 'train/wer': np.float64(0.12333655024909361), 'validation/ctc_loss': Array(0.1758739, dtype=float32), 'validation/wer': np.float64(0.20256843528218993), 'validation/num_examples': 5348, 'test/ctc_loss': Array(0.10596009, dtype=float32), 'test/wer': np.float64(0.13669693092031768), 'test/num_examples': 2472, 'score': 21924.714863538742, 'total_duration': 23961.727190732956, 'accumulated_submission_time': 21924.714863538742, 'accumulated_eval_time': 2035.861955165863, 'accumulated_logging_time': 1.0299806594848633}
I0411 07:58:41.879412 140423622948608 logging_writer.py:48] [7441] accumulated_eval_time=2035.86, accumulated_logging_time=1.02998, accumulated_submission_time=21924.7, global_step=7441, preemption_count=0, score=21924.7, test/ctc_loss=0.10596008598804474, test/num_examples=2472, test/wer=0.136697, total_duration=23961.7, train/ctc_loss=0.09027979522943497, train/wer=0.123337, validation/ctc_loss=0.17587390542030334, validation/num_examples=5348, validation/wer=0.202568
I0411 08:22:48.878998 140438437790912 spec.py:333] Evaluating on the training split.
I0411 08:23:38.893133 140438437790912 spec.py:346] Evaluating on the validation split.
/usr/local/lib/python3.11/multiprocessing/popen_fork.py:66: RuntimeWarning: os.fork() was called. os.fork() is incompatible with multithreaded code, and JAX is multithreaded, so this will likely lead to a deadlock.
  self.pid = os.fork()
I0411 08:24:23.720861 140438437790912 spec.py:363] Evaluating on the test split.
I0411 08:24:45.919443 140438437790912 submission_runner.py:516] Time since start: 25525.81s, 	Step: 7979, 	{'train/ctc_loss': Array(0.08832993, dtype=float32), 'train/wer': np.float64(0.12060836035225168), 'validation/ctc_loss': Array(0.17431471, dtype=float32), 'validation/wer': np.float64(0.20102351180418096), 'validation/num_examples': 5348, 'test/ctc_loss': Array(0.10425117, dtype=float32), 'test/wer': np.float64(0.13490951191274145), 'test/num_examples': 2472, 'score': 23371.69822883606, 'total_duration': 25525.805399656296, 'accumulated_submission_time': 23371.69822883606, 'accumulated_eval_time': 2152.89994764328, 'accumulated_logging_time': 1.0784332752227783}
I0411 08:24:45.957519 140423622948608 logging_writer.py:48] [7979] accumulated_eval_time=2152.9, accumulated_logging_time=1.07843, accumulated_submission_time=23371.7, global_step=7979, preemption_count=0, score=23371.7, test/ctc_loss=0.10425116866827011, test/num_examples=2472, test/wer=0.13491, total_duration=25525.8, train/ctc_loss=0.08832992613315582, train/wer=0.120608, validation/ctc_loss=0.1743147075176239, validation/num_examples=5348, validation/wer=0.201024
/usr/local/lib/python3.11/multiprocessing/popen_fork.py:66: RuntimeWarning: os.fork() was called. os.fork() is incompatible with multithreaded code, and JAX is multithreaded, so this will likely lead to a deadlock.
  self.pid = os.fork()
I0411 08:48:56.447275 140438437790912 spec.py:333] Evaluating on the training split.
I0411 08:49:45.807828 140438437790912 spec.py:346] Evaluating on the validation split.
I0411 08:50:31.176709 140438437790912 spec.py:363] Evaluating on the test split.
I0411 08:50:53.224314 140438437790912 submission_runner.py:516] Time since start: 27093.11s, 	Step: 8557, 	{'train/ctc_loss': Array(0.09230611, dtype=float32), 'train/wer': np.float64(0.12552002080083202), 'validation/ctc_loss': Array(0.16840316, dtype=float32), 'validation/wer': np.float64(0.19263264616424466), 'validation/num_examples': 5348, 'test/ctc_loss': Array(0.10003302, dtype=float32), 'test/wer': np.float64(0.1294253854122235), 'test/num_examples': 2472, 'score': 24822.170390605927, 'total_duration': 27093.109852075577, 'accumulated_submission_time': 24822.170390605927, 'accumulated_eval_time': 2269.6742758750916, 'accumulated_logging_time': 1.127708911895752}
I0411 08:50:53.261742 140423622948608 logging_writer.py:48] [8557] accumulated_eval_time=2269.67, accumulated_logging_time=1.12771, accumulated_submission_time=24822.2, global_step=8557, preemption_count=0, score=24822.2, test/ctc_loss=0.10003301501274109, test/num_examples=2472, test/wer=0.129425, total_duration=27093.1, train/ctc_loss=0.09230610728263855, train/wer=0.12552, validation/ctc_loss=0.16840316355228424, validation/num_examples=5348, validation/wer=0.192633
I0411 09:15:02.192189 140438437790912 spec.py:333] Evaluating on the training split.
I0411 09:15:52.385594 140438437790912 spec.py:346] Evaluating on the validation split.
/usr/local/lib/python3.11/multiprocessing/popen_fork.py:66: RuntimeWarning: os.fork() was called. os.fork() is incompatible with multithreaded code, and JAX is multithreaded, so this will likely lead to a deadlock.
  self.pid = os.fork()
I0411 09:16:37.888860 140438437790912 spec.py:363] Evaluating on the test split.
I0411 09:17:00.534661 140438437790912 submission_runner.py:516] Time since start: 28660.42s, 	Step: 9073, 	{'train/ctc_loss': Array(0.08508803, dtype=float32), 'train/wer': np.float64(0.11376079088871888), 'validation/ctc_loss': Array(0.16408858, dtype=float32), 'validation/wer': np.float64(0.18848066431709554), 'validation/num_examples': 5348, 'test/ctc_loss': Array(0.09775534, dtype=float32), 'test/wer': np.float64(0.12623646741007047), 'test/num_examples': 2472, 'score': 26271.08417081833, 'total_duration': 28660.420715093613, 'accumulated_submission_time': 26271.08417081833, 'accumulated_eval_time': 2388.014390230179, 'accumulated_logging_time': 1.1761796474456787}
I0411 09:17:00.573160 140423622948608 logging_writer.py:48] [9073] accumulated_eval_time=2388.01, accumulated_logging_time=1.17618, accumulated_submission_time=26271.1, global_step=9073, preemption_count=0, score=26271.1, test/ctc_loss=0.09775534272193909, test/num_examples=2472, test/wer=0.126236, total_duration=28660.4, train/ctc_loss=0.08508802950382233, train/wer=0.113761, validation/ctc_loss=0.16408857703208923, validation/num_examples=5348, validation/wer=0.188481
/usr/local/lib/python3.11/multiprocessing/popen_fork.py:66: RuntimeWarning: os.fork() was called. os.fork() is incompatible with multithreaded code, and JAX is multithreaded, so this will likely lead to a deadlock.
  self.pid = os.fork()
I0411 09:41:07.705021 140438437790912 spec.py:333] Evaluating on the training split.
I0411 09:41:58.139568 140438437790912 spec.py:346] Evaluating on the validation split.
I0411 09:42:42.846358 140438437790912 spec.py:363] Evaluating on the test split.
I0411 09:43:05.030882 140438437790912 submission_runner.py:516] Time since start: 30224.92s, 	Step: 9678, 	{'train/ctc_loss': Array(0.09151711, dtype=float32), 'train/wer': np.float64(0.12095402966060338), 'validation/ctc_loss': Array(0.1663549, dtype=float32), 'validation/wer': np.float64(0.1902090474581181), 'validation/num_examples': 5348, 'test/ctc_loss': Array(0.09889448, dtype=float32), 'test/wer': np.float64(0.12609428635264966), 'test/num_examples': 2472, 'score': 27718.198122262955, 'total_duration': 30224.916399240494, 'accumulated_submission_time': 27718.198122262955, 'accumulated_eval_time': 2505.3374993801117, 'accumulated_logging_time': 1.2261145114898682}
I0411 09:43:05.067600 140423622948608 logging_writer.py:48] [9678] accumulated_eval_time=2505.34, accumulated_logging_time=1.22611, accumulated_submission_time=27718.2, global_step=9678, preemption_count=0, score=27718.2, test/ctc_loss=0.09889448434114456, test/num_examples=2472, test/wer=0.126094, total_duration=30224.9, train/ctc_loss=0.09151710569858551, train/wer=0.120954, validation/ctc_loss=0.16635489463806152, validation/num_examples=5348, validation/wer=0.190209
I0411 10:07:23.088142 140438437790912 spec.py:333] Evaluating on the training split.
I0411 10:08:12.812501 140438437790912 spec.py:346] Evaluating on the validation split.
/usr/local/lib/python3.11/multiprocessing/popen_fork.py:66: RuntimeWarning: os.fork() was called. os.fork() is incompatible with multithreaded code, and JAX is multithreaded, so this will likely lead to a deadlock.
  self.pid = os.fork()
I0411 10:08:58.443145 140438437790912 spec.py:363] Evaluating on the test split.
I0411 10:09:20.887399 140438437790912 submission_runner.py:516] Time since start: 31800.77s, 	Step: 10156, 	{'train/ctc_loss': Array(0.08911751, dtype=float32), 'train/wer': np.float64(0.1167449939789209), 'validation/ctc_loss': Array(0.16341157, dtype=float32), 'validation/wer': np.float64(0.18814271230628107), 'validation/num_examples': 5348, 'test/ctc_loss': Array(0.09679493, dtype=float32), 'test/wer': np.float64(0.12566774318038715), 'test/num_examples': 2472, 'score': 29176.201135873795, 'total_duration': 31800.77350640297, 'accumulated_submission_time': 29176.201135873795, 'accumulated_eval_time': 2623.1344516277313, 'accumulated_logging_time': 1.275141716003418}
I0411 10:09:21.438882 140423622948608 logging_writer.py:48] [10156] accumulated_eval_time=2623.13, accumulated_logging_time=1.27514, accumulated_submission_time=29176.2, global_step=10156, preemption_count=0, score=29176.2, test/ctc_loss=0.09679492563009262, test/num_examples=2472, test/wer=0.125668, total_duration=31800.8, train/ctc_loss=0.08911751210689545, train/wer=0.116745, validation/ctc_loss=0.16341157257556915, validation/num_examples=5348, validation/wer=0.188143
/usr/local/lib/python3.11/multiprocessing/popen_fork.py:66: RuntimeWarning: os.fork() was called. os.fork() is incompatible with multithreaded code, and JAX is multithreaded, so this will likely lead to a deadlock.
  self.pid = os.fork()
I0411 10:33:29.252570 140438437790912 spec.py:333] Evaluating on the training split.
I0411 10:34:21.062604 140438437790912 spec.py:346] Evaluating on the validation split.
I0411 10:35:06.926051 140438437790912 spec.py:363] Evaluating on the test split.
I0411 10:35:29.228086 140438437790912 submission_runner.py:516] Time since start: 33368.97s, 	Step: 10773, 	{'train/ctc_loss': Array(0.07202805, dtype=float32), 'train/wer': np.float64(0.09859782909504627), 'validation/ctc_loss': Array(0.16148421, dtype=float32), 'validation/wer': np.float64(0.18632742721962053), 'validation/num_examples': 5348, 'test/ctc_loss': Array(0.09481105, dtype=float32), 'test/wer': np.float64(0.12290536835049662), 'test/num_examples': 2472, 'score': 30623.709801197052, 'total_duration': 33368.971137046814, 'accumulated_submission_time': 30623.709801197052, 'accumulated_eval_time': 2742.964667081833, 'accumulated_logging_time': 2.1248698234558105}
I0411 10:35:30.517053 140423622948608 logging_writer.py:48] [10773] accumulated_eval_time=2742.96, accumulated_logging_time=2.12487, accumulated_submission_time=30623.7, global_step=10773, preemption_count=0, score=30623.7, test/ctc_loss=0.09481105208396912, test/num_examples=2472, test/wer=0.122905, total_duration=33369, train/ctc_loss=0.07202804833650589, train/wer=0.0985978, validation/ctc_loss=0.16148421168327332, validation/num_examples=5348, validation/wer=0.186327
I0411 10:59:44.397359 140438437790912 spec.py:333] Evaluating on the training split.
I0411 11:00:35.046505 140438437790912 spec.py:346] Evaluating on the validation split.
/usr/local/lib/python3.11/multiprocessing/popen_fork.py:66: RuntimeWarning: os.fork() was called. os.fork() is incompatible with multithreaded code, and JAX is multithreaded, so this will likely lead to a deadlock.
  self.pid = os.fork()
I0411 11:01:22.566043 140438437790912 spec.py:363] Evaluating on the test split.
I0411 11:01:45.156938 140438437790912 submission_runner.py:516] Time since start: 34945.04s, 	Step: 11230, 	{'train/ctc_loss': Array(0.08189719, dtype=float32), 'train/wer': np.float64(0.11091106840404638), 'validation/ctc_loss': Array(0.15860808, dtype=float32), 'validation/wer': np.float64(0.1835562207309419), 'validation/num_examples': 5348, 'test/ctc_loss': Array(0.09338663, dtype=float32), 'test/wer': np.float64(0.12050860195397396), 'test/num_examples': 2472, 'score': 32077.214740991592, 'total_duration': 34945.042635679245, 'accumulated_submission_time': 32077.214740991592, 'accumulated_eval_time': 2863.7392840385437, 'accumulated_logging_time': 3.766453266143799}
I0411 11:01:45.309781 140423622948608 logging_writer.py:48] [11230] accumulated_eval_time=2863.74, accumulated_logging_time=3.76645, accumulated_submission_time=32077.2, global_step=11230, preemption_count=0, score=32077.2, test/ctc_loss=0.09338662773370743, test/num_examples=2472, test/wer=0.120509, total_duration=34945, train/ctc_loss=0.08189719170331955, train/wer=0.110911, validation/ctc_loss=0.158608078956604, validation/num_examples=5348, validation/wer=0.183556
/usr/local/lib/python3.11/multiprocessing/popen_fork.py:66: RuntimeWarning: os.fork() was called. os.fork() is incompatible with multithreaded code, and JAX is multithreaded, so this will likely lead to a deadlock.
  self.pid = os.fork()
I0411 11:25:56.114212 140438437790912 spec.py:333] Evaluating on the training split.
I0411 11:26:45.827502 140438437790912 spec.py:346] Evaluating on the validation split.
I0411 11:27:31.165357 140438437790912 spec.py:363] Evaluating on the test split.
I0411 11:27:53.433139 140438437790912 submission_runner.py:516] Time since start: 36513.32s, 	Step: 11883, 	{'train/ctc_loss': Array(0.10731985, dtype=float32), 'train/wer': np.float64(0.14220315356118093), 'validation/ctc_loss': Array(0.15655418, dtype=float32), 'validation/wer': np.float64(0.18123883551392844), 'validation/num_examples': 5348, 'test/ctc_loss': Array(0.09055518, dtype=float32), 'test/wer': np.float64(0.1182337050352406), 'test/num_examples': 2472, 'score': 33527.97391605377, 'total_duration': 36513.318969488144, 'accumulated_submission_time': 33527.97391605377, 'accumulated_eval_time': 2981.055771589279, 'accumulated_logging_time': 3.957611083984375}
I0411 11:27:53.472235 140423622948608 logging_writer.py:48] [11883] accumulated_eval_time=2981.06, accumulated_logging_time=3.95761, accumulated_submission_time=33528, global_step=11883, preemption_count=0, score=33528, test/ctc_loss=0.09055518358945847, test/num_examples=2472, test/wer=0.118234, total_duration=36513.3, train/ctc_loss=0.10731984674930573, train/wer=0.142203, validation/ctc_loss=0.15655417740345, validation/num_examples=5348, validation/wer=0.181239
I0411 11:52:05.671916 140438437790912 spec.py:333] Evaluating on the training split.
I0411 11:52:54.668582 140438437790912 spec.py:346] Evaluating on the validation split.
/usr/local/lib/python3.11/multiprocessing/popen_fork.py:66: RuntimeWarning: os.fork() was called. os.fork() is incompatible with multithreaded code, and JAX is multithreaded, so this will likely lead to a deadlock.
  self.pid = os.fork()
I0411 11:53:39.177987 140438437790912 spec.py:363] Evaluating on the test split.
I0411 11:54:01.637144 140438437790912 submission_runner.py:516] Time since start: 38081.52s, 	Step: 12317, 	{'train/ctc_loss': Array(0.11311454, dtype=float32), 'train/wer': np.float64(0.14757656672421546), 'validation/ctc_loss': Array(0.15323552, dtype=float32), 'validation/wer': np.float64(0.17697098440592865), 'validation/num_examples': 5348, 'test/ctc_loss': Array(0.08965477, dtype=float32), 'test/wer': np.float64(0.11583693863871793), 'test/num_examples': 2472, 'score': 34980.156672000885, 'total_duration': 38081.52291679382, 'accumulated_submission_time': 34980.156672000885, 'accumulated_eval_time': 3097.018357515335, 'accumulated_logging_time': 4.0088114738464355}
I0411 11:54:01.676591 140423622948608 logging_writer.py:48] [12317] accumulated_eval_time=3097.02, accumulated_logging_time=4.00881, accumulated_submission_time=34980.2, global_step=12317, preemption_count=0, score=34980.2, test/ctc_loss=0.08965476602315903, test/num_examples=2472, test/wer=0.115837, total_duration=38081.5, train/ctc_loss=0.11311453580856323, train/wer=0.147577, validation/ctc_loss=0.153235524892807, validation/num_examples=5348, validation/wer=0.176971
/usr/local/lib/python3.11/multiprocessing/popen_fork.py:66: RuntimeWarning: os.fork() was called. os.fork() is incompatible with multithreaded code, and JAX is multithreaded, so this will likely lead to a deadlock.
  self.pid = os.fork()
I0411 12:18:11.981761 140438437790912 spec.py:333] Evaluating on the training split.
I0411 12:19:00.203995 140438437790912 spec.py:346] Evaluating on the validation split.
I0411 12:19:45.573928 140438437790912 spec.py:363] Evaluating on the test split.
I0411 12:20:07.943392 140438437790912 submission_runner.py:516] Time since start: 39647.83s, 	Step: 12983, 	{'train/ctc_loss': Array(0.13105597, dtype=float32), 'train/wer': np.float64(0.1699960807482846), 'validation/ctc_loss': Array(0.15442201, dtype=float32), 'validation/wer': np.float64(0.17786897117752137), 'validation/num_examples': 5348, 'test/ctc_loss': Array(0.08926501, dtype=float32), 'test/wer': np.float64(0.11486198281640363), 'test/num_examples': 2472, 'score': 36430.44287061691, 'total_duration': 39647.82930588722, 'accumulated_submission_time': 36430.44287061691, 'accumulated_eval_time': 3212.977632522583, 'accumulated_logging_time': 4.0601630210876465}
I0411 12:20:07.982671 140423622948608 logging_writer.py:48] [12983] accumulated_eval_time=3212.98, accumulated_logging_time=4.06016, accumulated_submission_time=36430.4, global_step=12983, preemption_count=0, score=36430.4, test/ctc_loss=0.08926501125097275, test/num_examples=2472, test/wer=0.114862, total_duration=39647.8, train/ctc_loss=0.13105596601963043, train/wer=0.169996, validation/ctc_loss=0.15442201495170593, validation/num_examples=5348, validation/wer=0.177869
/usr/local/lib/python3.11/multiprocessing/popen_fork.py:66: RuntimeWarning: os.fork() was called. os.fork() is incompatible with multithreaded code, and JAX is multithreaded, so this will likely lead to a deadlock.
  self.pid = os.fork()
I0411 12:44:16.397671 140438437790912 spec.py:333] Evaluating on the training split.
I0411 12:45:04.903611 140438437790912 spec.py:346] Evaluating on the validation split.
I0411 12:45:49.639595 140438437790912 spec.py:363] Evaluating on the test split.
I0411 12:46:11.704985 140438437790912 submission_runner.py:516] Time since start: 41211.59s, 	Step: 13427, 	{'train/ctc_loss': Array(0.1174262, dtype=float32), 'train/wer': np.float64(0.14886163592367338), 'validation/ctc_loss': Array(0.15245242, dtype=float32), 'validation/wer': np.float64(0.17551296287355767), 'validation/num_examples': 5348, 'test/ctc_loss': Array(0.08826499, dtype=float32), 'test/wer': np.float64(0.11321674486624825), 'test/num_examples': 2472, 'score': 37878.84155869484, 'total_duration': 41211.590931892395, 'accumulated_submission_time': 37878.84155869484, 'accumulated_eval_time': 3328.2826273441315, 'accumulated_logging_time': 4.11081075668335}
I0411 12:46:11.743995 140423622948608 logging_writer.py:48] [13427] accumulated_eval_time=3328.28, accumulated_logging_time=4.11081, accumulated_submission_time=37878.8, global_step=13427, preemption_count=0, score=37878.8, test/ctc_loss=0.08826498687267303, test/num_examples=2472, test/wer=0.113217, total_duration=41211.6, train/ctc_loss=0.11742620170116425, train/wer=0.148862, validation/ctc_loss=0.15245242416858673, validation/num_examples=5348, validation/wer=0.175513
I0411 13:10:19.049517 140438437790912 spec.py:333] Evaluating on the training split.
I0411 13:11:07.987617 140438437790912 spec.py:346] Evaluating on the validation split.
/usr/local/lib/python3.11/multiprocessing/popen_fork.py:66: RuntimeWarning: os.fork() was called. os.fork() is incompatible with multithreaded code, and JAX is multithreaded, so this will likely lead to a deadlock.
  self.pid = os.fork()
I0411 13:11:54.057038 140438437790912 spec.py:363] Evaluating on the test split.
I0411 13:12:16.626358 140438437790912 submission_runner.py:516] Time since start: 42776.51s, 	Step: 14067, 	{'train/ctc_loss': Array(0.10816295, dtype=float32), 'train/wer': np.float64(0.14201173549486154), 'validation/ctc_loss': Array(0.14970095, dtype=float32), 'validation/wer': np.float64(0.1729348718196302), 'validation/num_examples': 5348, 'test/ctc_loss': Array(0.08399118, dtype=float32), 'test/wer': np.float64(0.10795604574167733), 'test/num_examples': 2472, 'score': 39326.127581357956, 'total_duration': 42776.51220822334, 'accumulated_submission_time': 39326.127581357956, 'accumulated_eval_time': 3445.856908798218, 'accumulated_logging_time': 4.162482500076294}
I0411 13:12:16.666097 140423622948608 logging_writer.py:48] [14067] accumulated_eval_time=3445.86, accumulated_logging_time=4.16248, accumulated_submission_time=39326.1, global_step=14067, preemption_count=0, score=39326.1, test/ctc_loss=0.08399117738008499, test/num_examples=2472, test/wer=0.107956, total_duration=42776.5, train/ctc_loss=0.10816294699907303, train/wer=0.142012, validation/ctc_loss=0.14970095455646515, validation/num_examples=5348, validation/wer=0.172935
/usr/local/lib/python3.11/multiprocessing/popen_fork.py:66: RuntimeWarning: os.fork() was called. os.fork() is incompatible with multithreaded code, and JAX is multithreaded, so this will likely lead to a deadlock.
  self.pid = os.fork()
I0411 13:36:24.173567 140438437790912 spec.py:333] Evaluating on the training split.
I0411 13:37:13.537290 140438437790912 spec.py:346] Evaluating on the validation split.
I0411 13:37:58.907726 140438437790912 spec.py:363] Evaluating on the test split.
I0411 13:38:21.011470 140438437790912 submission_runner.py:516] Time since start: 44340.90s, 	Step: 14620, 	{'train/ctc_loss': Array(0.09830864, dtype=float32), 'train/wer': np.float64(0.13254086504475307), 'validation/ctc_loss': Array(0.148823, dtype=float32), 'validation/wer': np.float64(0.17069473277651717), 'validation/num_examples': 5348, 'test/ctc_loss': Array(0.08398915, dtype=float32), 'test/wer': np.float64(0.10858570471025532), 'test/num_examples': 2472, 'score': 40773.617260456085, 'total_duration': 44340.89719724655, 'accumulated_submission_time': 40773.617260456085, 'accumulated_eval_time': 3562.692273378372, 'accumulated_logging_time': 4.213801145553589}
I0411 13:38:21.078172 140423622948608 logging_writer.py:48] [14620] accumulated_eval_time=3562.69, accumulated_logging_time=4.2138, accumulated_submission_time=40773.6, global_step=14620, preemption_count=0, score=40773.6, test/ctc_loss=0.08398915082216263, test/num_examples=2472, test/wer=0.108586, total_duration=44340.9, train/ctc_loss=0.09830863773822784, train/wer=0.132541, validation/ctc_loss=0.14882299304008484, validation/num_examples=5348, validation/wer=0.170695
I0411 14:02:31.620102 140438437790912 spec.py:333] Evaluating on the training split.
I0411 14:03:21.432796 140438437790912 spec.py:346] Evaluating on the validation split.
/usr/local/lib/python3.11/multiprocessing/popen_fork.py:66: RuntimeWarning: os.fork() was called. os.fork() is incompatible with multithreaded code, and JAX is multithreaded, so this will likely lead to a deadlock.
  self.pid = os.fork()
I0411 14:04:06.300912 140438437790912 spec.py:363] Evaluating on the test split.
I0411 14:04:28.747586 140438437790912 submission_runner.py:516] Time since start: 45908.63s, 	Step: 15210, 	{'train/ctc_loss': Array(0.10786231, dtype=float32), 'train/wer': np.float64(0.14151102228353257), 'validation/ctc_loss': Array(0.14747672, dtype=float32), 'validation/wer': np.float64(0.169980205667938), 'validation/num_examples': 5348, 'test/ctc_loss': Array(0.08366974, dtype=float32), 'test/wer': np.float64(0.10964190685109582), 'test/num_examples': 2472, 'score': 42224.141909599304, 'total_duration': 45908.63339853287, 'accumulated_submission_time': 42224.141909599304, 'accumulated_eval_time': 3679.8171577453613, 'accumulated_logging_time': 4.29169225692749}
I0411 14:04:28.791508 140423622948608 logging_writer.py:48] [15210] accumulated_eval_time=3679.82, accumulated_logging_time=4.29169, accumulated_submission_time=42224.1, global_step=15210, preemption_count=0, score=42224.1, test/ctc_loss=0.0836697369813919, test/num_examples=2472, test/wer=0.109642, total_duration=45908.6, train/ctc_loss=0.10786230862140656, train/wer=0.141511, validation/ctc_loss=0.14747671782970428, validation/num_examples=5348, validation/wer=0.16998
/usr/local/lib/python3.11/multiprocessing/popen_fork.py:66: RuntimeWarning: os.fork() was called. os.fork() is incompatible with multithreaded code, and JAX is multithreaded, so this will likely lead to a deadlock.
  self.pid = os.fork()
I0411 14:28:38.417723 140438437790912 spec.py:333] Evaluating on the training split.
I0411 14:29:27.986522 140438437790912 spec.py:346] Evaluating on the validation split.
I0411 14:30:12.979418 140438437790912 spec.py:363] Evaluating on the test split.
I0411 14:30:35.137685 140438437790912 submission_runner.py:516] Time since start: 47475.02s, 	Step: 15816, 	{'train/ctc_loss': Array(0.10209375, dtype=float32), 'train/wer': np.float64(0.13446465383954648), 'validation/ctc_loss': Array(0.1452116, dtype=float32), 'validation/wer': np.float64(0.16659102978805582), 'validation/num_examples': 5348, 'test/ctc_loss': Array(0.08268064, dtype=float32), 'test/wer': np.float64(0.10620924989336421), 'test/num_examples': 2472, 'score': 43673.750522851944, 'total_duration': 47475.02368307114, 'accumulated_submission_time': 43673.750522851944, 'accumulated_eval_time': 3796.534852027893, 'accumulated_logging_time': 4.3465800285339355}
I0411 14:30:35.177040 140423622948608 logging_writer.py:48] [15816] accumulated_eval_time=3796.53, accumulated_logging_time=4.34658, accumulated_submission_time=43673.8, global_step=15816, preemption_count=0, score=43673.8, test/ctc_loss=0.08268064260482788, test/num_examples=2472, test/wer=0.106209, total_duration=47475, train/ctc_loss=0.10209374874830246, train/wer=0.134465, validation/ctc_loss=0.1452116072177887, validation/num_examples=5348, validation/wer=0.166591
I0411 14:54:53.925114 140438437790912 spec.py:333] Evaluating on the training split.
I0411 14:55:44.044025 140438437790912 spec.py:346] Evaluating on the validation split.
/usr/local/lib/python3.11/multiprocessing/popen_fork.py:66: RuntimeWarning: os.fork() was called. os.fork() is incompatible with multithreaded code, and JAX is multithreaded, so this will likely lead to a deadlock.
  self.pid = os.fork()
I0411 14:56:29.462029 140438437790912 spec.py:363] Evaluating on the test split.
I0411 14:56:51.946124 140438437790912 submission_runner.py:516] Time since start: 49051.83s, 	Step: 16324, 	{'train/ctc_loss': Array(0.10251653, dtype=float32), 'train/wer': np.float64(0.13761268835635015), 'validation/ctc_loss': Array(0.14556068, dtype=float32), 'validation/wer': np.float64(0.16953604016801044), 'validation/num_examples': 5348, 'test/ctc_loss': Array(0.08301324, dtype=float32), 'test/wer': np.float64(0.10622956147299575), 'test/num_examples': 2472, 'score': 45132.48204064369, 'total_duration': 49051.832027196884, 'accumulated_submission_time': 45132.48204064369, 'accumulated_eval_time': 3914.5533566474915, 'accumulated_logging_time': 4.3970842361450195}
I0411 14:56:51.984839 140423622948608 logging_writer.py:48] [16324] accumulated_eval_time=3914.55, accumulated_logging_time=4.39708, accumulated_submission_time=45132.5, global_step=16324, preemption_count=0, score=45132.5, test/ctc_loss=0.08301324397325516, test/num_examples=2472, test/wer=0.10623, total_duration=49051.8, train/ctc_loss=0.1025165319442749, train/wer=0.137613, validation/ctc_loss=0.14556068181991577, validation/num_examples=5348, validation/wer=0.169536
/usr/local/lib/python3.11/multiprocessing/popen_fork.py:66: RuntimeWarning: os.fork() was called. os.fork() is incompatible with multithreaded code, and JAX is multithreaded, so this will likely lead to a deadlock.
  self.pid = os.fork()
I0411 15:21:03.479602 140438437790912 spec.py:333] Evaluating on the training split.
I0411 15:21:53.431574 140438437790912 spec.py:346] Evaluating on the validation split.
I0411 15:22:38.281355 140438437790912 spec.py:363] Evaluating on the test split.
I0411 15:23:00.488366 140438437790912 submission_runner.py:516] Time since start: 50620.37s, 	Step: 16949, 	{'train/ctc_loss': Array(0.09939596, dtype=float32), 'train/wer': np.float64(0.13099792960662526), 'validation/ctc_loss': Array(0.14115082, dtype=float32), 'validation/wer': np.float64(0.16214937478878), 'validation/num_examples': 5348, 'test/ctc_loss': Array(0.07821387, dtype=float32), 'test/wer': np.float64(0.10048138443726769), 'test/num_examples': 2472, 'score': 46583.95872068405, 'total_duration': 50620.37349152565, 'accumulated_submission_time': 46583.95872068405, 'accumulated_eval_time': 4031.5589702129364, 'accumulated_logging_time': 4.447022199630737}
I0411 15:23:00.527386 140423622948608 logging_writer.py:48] [16949] accumulated_eval_time=4031.56, accumulated_logging_time=4.44702, accumulated_submission_time=46584, global_step=16949, preemption_count=0, score=46584, test/ctc_loss=0.07821387052536011, test/num_examples=2472, test/wer=0.100481, total_duration=50620.4, train/ctc_loss=0.09939596056938171, train/wer=0.130998, validation/ctc_loss=0.1411508172750473, validation/num_examples=5348, validation/wer=0.162149
I0411 15:47:09.200460 140438437790912 spec.py:333] Evaluating on the training split.
I0411 15:47:58.021503 140438437790912 spec.py:346] Evaluating on the validation split.
/usr/local/lib/python3.11/multiprocessing/popen_fork.py:66: RuntimeWarning: os.fork() was called. os.fork() is incompatible with multithreaded code, and JAX is multithreaded, so this will likely lead to a deadlock.
  self.pid = os.fork()
I0411 15:48:43.701109 140438437790912 spec.py:363] Evaluating on the test split.
I0411 15:49:06.432831 140438437790912 submission_runner.py:516] Time since start: 52186.32s, 	Step: 17414, 	{'train/ctc_loss': Array(0.10268474, dtype=float32), 'train/wer': np.float64(0.1356523928894383), 'validation/ctc_loss': Array(0.13933587, dtype=float32), 'validation/wer': np.float64(0.1619948824409791), 'validation/num_examples': 5348, 'test/ctc_loss': Array(0.07828388, dtype=float32), 'test/wer': np.float64(0.10084699287063555), 'test/num_examples': 2472, 'score': 48032.61541604996, 'total_duration': 52186.318707466125, 'accumulated_submission_time': 48032.61541604996, 'accumulated_eval_time': 4148.788809299469, 'accumulated_logging_time': 4.497190713882446}
I0411 15:49:06.475679 140423622948608 logging_writer.py:48] [17414] accumulated_eval_time=4148.79, accumulated_logging_time=4.49719, accumulated_submission_time=48032.6, global_step=17414, preemption_count=0, score=48032.6, test/ctc_loss=0.0782838761806488, test/num_examples=2472, test/wer=0.100847, total_duration=52186.3, train/ctc_loss=0.10268474370241165, train/wer=0.135652, validation/ctc_loss=0.13933587074279785, validation/num_examples=5348, validation/wer=0.161995
/usr/local/lib/python3.11/multiprocessing/popen_fork.py:66: RuntimeWarning: os.fork() was called. os.fork() is incompatible with multithreaded code, and JAX is multithreaded, so this will likely lead to a deadlock.
  self.pid = os.fork()
I0411 16:13:14.920490 140438437790912 spec.py:333] Evaluating on the training split.
I0411 16:14:04.560733 140438437790912 spec.py:346] Evaluating on the validation split.
I0411 16:14:49.116434 140438437790912 spec.py:363] Evaluating on the test split.
I0411 16:15:11.392583 140438437790912 submission_runner.py:516] Time since start: 53751.28s, 	Step: 18077, 	{'train/ctc_loss': Array(0.10127129, dtype=float32), 'train/wer': np.float64(0.13160674805868067), 'validation/ctc_loss': Array(0.13898905, dtype=float32), 'validation/wer': np.float64(0.15980302225655385), 'validation/num_examples': 5348, 'test/ctc_loss': Array(0.07700379, dtype=float32), 'test/wer': np.float64(0.10072512339284626), 'test/num_examples': 2472, 'score': 49481.04211473465, 'total_duration': 53751.278435468674, 'accumulated_submission_time': 49481.04211473465, 'accumulated_eval_time': 4265.25849199295, 'accumulated_logging_time': 4.551179885864258}
I0411 16:15:11.432459 140423622948608 logging_writer.py:48] [18077] accumulated_eval_time=4265.26, accumulated_logging_time=4.55118, accumulated_submission_time=49481, global_step=18077, preemption_count=0, score=49481, test/ctc_loss=0.07700379192829132, test/num_examples=2472, test/wer=0.100725, total_duration=53751.3, train/ctc_loss=0.10127128660678864, train/wer=0.131607, validation/ctc_loss=0.13898904621601105, validation/num_examples=5348, validation/wer=0.159803
I0411 16:39:24.921611 140438437790912 spec.py:333] Evaluating on the training split.
I0411 16:40:13.939656 140438437790912 spec.py:346] Evaluating on the validation split.
/usr/local/lib/python3.11/multiprocessing/popen_fork.py:66: RuntimeWarning: os.fork() was called. os.fork() is incompatible with multithreaded code, and JAX is multithreaded, so this will likely lead to a deadlock.
  self.pid = os.fork()
I0411 16:40:58.785179 140438437790912 spec.py:363] Evaluating on the test split.
I0411 16:41:20.948245 140438437790912 submission_runner.py:516] Time since start: 55320.83s, 	Step: 18521, 	{'train/ctc_loss': Array(0.09491413, dtype=float32), 'train/wer': np.float64(0.12747999192951778), 'validation/ctc_loss': Array(0.13861755, dtype=float32), 'validation/wer': np.float64(0.15986095688697918), 'validation/num_examples': 5348, 'test/ctc_loss': Array(0.07769989, dtype=float32), 'test/wer': np.float64(0.10172039079479211), 'test/num_examples': 2472, 'score': 50934.51508784294, 'total_duration': 55320.83424663544, 'accumulated_submission_time': 50934.51508784294, 'accumulated_eval_time': 4381.282714366913, 'accumulated_logging_time': 4.602431774139404}
I0411 16:41:20.987755 140423622948608 logging_writer.py:48] [18521] accumulated_eval_time=4381.28, accumulated_logging_time=4.60243, accumulated_submission_time=50934.5, global_step=18521, preemption_count=0, score=50934.5, test/ctc_loss=0.07769989222288132, test/num_examples=2472, test/wer=0.10172, total_duration=55320.8, train/ctc_loss=0.09491413086652756, train/wer=0.12748, validation/ctc_loss=0.13861754536628723, validation/num_examples=5348, validation/wer=0.159861
/usr/local/lib/python3.11/multiprocessing/popen_fork.py:66: RuntimeWarning: os.fork() was called. os.fork() is incompatible with multithreaded code, and JAX is multithreaded, so this will likely lead to a deadlock.
  self.pid = os.fork()
I0411 17:05:28.891165 140438437790912 spec.py:333] Evaluating on the training split.
I0411 17:06:17.603534 140438437790912 spec.py:346] Evaluating on the validation split.
I0411 17:07:02.729554 140438437790912 spec.py:363] Evaluating on the test split.
I0411 17:07:25.264537 140438437790912 submission_runner.py:516] Time since start: 56885.15s, 	Step: 19173, 	{'train/ctc_loss': Array(0.09544133, dtype=float32), 'train/wer': np.float64(0.12840011866185935), 'validation/ctc_loss': Array(0.13597614, dtype=float32), 'validation/wer': np.float64(0.15693525805049968), 'validation/num_examples': 5348, 'test/ctc_loss': Array(0.0753996, dtype=float32), 'test/wer': np.float64(0.0982877338370605), 'test/num_examples': 2472, 'score': 52382.40085673332, 'total_duration': 56885.15058994293, 'accumulated_submission_time': 52382.40085673332, 'accumulated_eval_time': 4497.653777837753, 'accumulated_logging_time': 4.652740240097046}
I0411 17:07:25.307568 140423622948608 logging_writer.py:48] [19173] accumulated_eval_time=4497.65, accumulated_logging_time=4.65274, accumulated_submission_time=52382.4, global_step=19173, preemption_count=0, score=52382.4, test/ctc_loss=0.07539959996938705, test/num_examples=2472, test/wer=0.0982877, total_duration=56885.2, train/ctc_loss=0.09544132649898529, train/wer=0.1284, validation/ctc_loss=0.1359761357307434, validation/num_examples=5348, validation/wer=0.156935
/usr/local/lib/python3.11/multiprocessing/popen_fork.py:66: RuntimeWarning: os.fork() was called. os.fork() is incompatible with multithreaded code, and JAX is multithreaded, so this will likely lead to a deadlock.
  self.pid = os.fork()
I0411 17:31:32.628635 140438437790912 spec.py:333] Evaluating on the training split.
I0411 17:32:22.337481 140438437790912 spec.py:346] Evaluating on the validation split.
I0411 17:33:07.198414 140438437790912 spec.py:363] Evaluating on the test split.
I0411 17:33:29.366182 140438437790912 submission_runner.py:516] Time since start: 58449.25s, 	Step: 19622, 	{'train/ctc_loss': Array(0.09087559, dtype=float32), 'train/wer': np.float64(0.12194795339909834), 'validation/ctc_loss': Array(0.13488603, dtype=float32), 'validation/wer': np.float64(0.15555448269202915), 'validation/num_examples': 5348, 'test/ctc_loss': Array(0.07604332, dtype=float32), 'test/wer': np.float64(0.09838929173521825), 'test/num_examples': 2472, 'score': 53829.70526885986, 'total_duration': 58449.252247810364, 'accumulated_submission_time': 53829.70526885986, 'accumulated_eval_time': 4614.389129161835, 'accumulated_logging_time': 4.707318305969238}
I0411 17:33:29.406743 140423622948608 logging_writer.py:48] [19622] accumulated_eval_time=4614.39, accumulated_logging_time=4.70732, accumulated_submission_time=53829.7, global_step=19622, preemption_count=0, score=53829.7, test/ctc_loss=0.07604331523180008, test/num_examples=2472, test/wer=0.0983893, total_duration=58449.3, train/ctc_loss=0.09087558835744858, train/wer=0.121948, validation/ctc_loss=0.1348860263824463, validation/num_examples=5348, validation/wer=0.155554
I0411 17:57:36.635075 140438437790912 spec.py:333] Evaluating on the training split.
I0411 17:58:26.116645 140438437790912 spec.py:346] Evaluating on the validation split.
/usr/local/lib/python3.11/multiprocessing/popen_fork.py:66: RuntimeWarning: os.fork() was called. os.fork() is incompatible with multithreaded code, and JAX is multithreaded, so this will likely lead to a deadlock.
  self.pid = os.fork()
I0411 17:59:11.836455 140438437790912 spec.py:363] Evaluating on the test split.
I0411 17:59:34.411257 140438437790912 submission_runner.py:516] Time since start: 60014.30s, 	Step: 20245, 	{'train/ctc_loss': Array(0.09397946, dtype=float32), 'train/wer': np.float64(0.12322005044495181), 'validation/ctc_loss': Array(0.13313237, dtype=float32), 'validation/wer': np.float64(0.15405783807270795), 'validation/num_examples': 5348, 'test/ctc_loss': Array(0.07428862, dtype=float32), 'test/wer': np.float64(0.09712997379806228), 'test/num_examples': 2472, 'score': 55276.91480922699, 'total_duration': 60014.29736351967, 'accumulated_submission_time': 55276.91480922699, 'accumulated_eval_time': 4732.1630091667175, 'accumulated_logging_time': 4.760317802429199}
I0411 17:59:34.449688 140423622948608 logging_writer.py:48] [20245] accumulated_eval_time=4732.16, accumulated_logging_time=4.76032, accumulated_submission_time=55276.9, global_step=20245, preemption_count=0, score=55276.9, test/ctc_loss=0.07428862154483795, test/num_examples=2472, test/wer=0.09713, total_duration=60014.3, train/ctc_loss=0.09397945553064346, train/wer=0.12322, validation/ctc_loss=0.13313236832618713, validation/num_examples=5348, validation/wer=0.154058
/usr/local/lib/python3.11/multiprocessing/popen_fork.py:66: RuntimeWarning: os.fork() was called. os.fork() is incompatible with multithreaded code, and JAX is multithreaded, so this will likely lead to a deadlock.
  self.pid = os.fork()
I0411 18:23:42.243554 140423622948608 logging_writer.py:48] [20759] global_step=20759, preemption_count=0, score=56724.7
I0411 18:23:47.425664 140438437790912 submission_runner.py:857] Final librispeech_deepspeech score: 56724.66244482994
