python submission_runner.py --framework=jax --workload=librispeech_deepspeech --submission_path=submissions_algorithms/submissions/self_tuning/nadamw/submission.py --data_dir=/data/librispeech --experiment_dir=/experiment_runs --experiment_name=submissions_a100/nadamw/study_1 --overwrite=True --save_checkpoints=False --rng_seed=1411834309 --librispeech_tokenizer_vocab_path=/data/librispeech/spm_model.vocab --tuning_ruleset=self 2>&1 | tee -a /logs/librispeech_deepspeech_jax_04-11-2026-04-39-29.log
2026-04-11 04:39:30.276813: E external/local_xla/xla/stream_executor/cuda/cuda_fft.cc:467] Unable to register cuFFT factory: Attempting to register factory for plugin cuFFT when one has already been registered
WARNING: All log messages before absl::InitializeLog() is called are written to STDERR
E0000 00:00:1775882370.306288       9 cuda_dnn.cc:8579] Unable to register cuDNN factory: Attempting to register factory for plugin cuDNN when one has already been registered
E0000 00:00:1775882370.315820       9 cuda_blas.cc:1407] Unable to register cuBLAS factory: Attempting to register factory for plugin cuBLAS when one has already been registered
W0000 00:00:1775882370.347658       9 computation_placer.cc:177] computation placer already registered. Please check linkage and avoid linking the same target more than once.
W0000 00:00:1775882370.347694       9 computation_placer.cc:177] computation placer already registered. Please check linkage and avoid linking the same target more than once.
W0000 00:00:1775882370.347697       9 computation_placer.cc:177] computation placer already registered. Please check linkage and avoid linking the same target more than once.
W0000 00:00:1775882370.347699       9 computation_placer.cc:177] computation placer already registered. Please check linkage and avoid linking the same target more than once.
/usr/local/lib/python3.11/site-packages/torch/__init__.py:1617: UserWarning: Please use the new API settings to control TF32 behavior, such as torch.backends.cudnn.conv.fp32_precision = 'tf32' or torch.backends.cuda.matmul.fp32_precision = 'ieee'. Old settings, e.g, torch.backends.cuda.matmul.allow_tf32 = True, torch.backends.cudnn.allow_tf32 = True, allowTF32CuDNN() and allowTF32CuBLAS() will be deprecated after Pytorch 2.9. Please see https://pytorch.org/docs/main/notes/cuda.html#tensorfloat-32-tf32-on-ampere-and-later-devices (Triggered internally at /pytorch/aten/src/ATen/Context.cpp:80.)
  _C._set_float32_matmul_precision(precision)
/usr/local/lib/python3.11/site-packages/pydantic/_internal/_generate_schema.py:2249: UnsupportedFieldAttributeWarning: The 'repr' attribute with value False was provided to the `Field()` function, which has no effect in the context it was used. 'repr' is field-specific metadata, and can only be attached to a model field using `Annotated` metadata or by assignment. This may have happened because an `Annotated` type alias using the `type` statement was used, or if the `Field()` function was attached to a single member of a union type.
  warnings.warn(
/usr/local/lib/python3.11/site-packages/pydantic/_internal/_generate_schema.py:2249: UnsupportedFieldAttributeWarning: The 'frozen' attribute with value True was provided to the `Field()` function, which has no effect in the context it was used. 'frozen' is field-specific metadata, and can only be attached to a model field using `Annotated` metadata or by assignment. This may have happened because an `Annotated` type alias using the `type` statement was used, or if the `Field()` function was attached to a single member of a union type.
  warnings.warn(
INFO:2026-04-11 04:39:38,987:jax._src.xla_bridge:830: Unable to initialize backend 'tpu': INTERNAL: Failed to open libtpu.so: libtpu.so: cannot open shared object file: No such file or directory
I0411 04:39:38.987099 140627339084992 xla_bridge.py:830] Unable to initialize backend 'tpu': INTERNAL: Failed to open libtpu.so: libtpu.so: cannot open shared object file: No such file or directory
I0411 04:39:39.744921 140627339084992 logger_utils.py:59] Removing existing experiment directory /experiment_runs/submissions_a100/nadamw/study_1/librispeech_deepspeech_jax because --overwrite was set.
I0411 04:39:39.766836 140627339084992 logger_utils.py:84] Creating experiment directory at /experiment_runs/submissions_a100/nadamw/study_1/librispeech_deepspeech_jax.
I0411 04:39:40.218826 140627339084992 submission_runner.py:741] Creating directory at /experiment_runs/submissions_a100/nadamw/study_1/librispeech_deepspeech_jax/trial_1.
I0411 04:39:40.504211 140627339084992 submission_runner.py:242] Initializing dataset.
I0411 04:39:40.504431 140627339084992 submission_runner.py:251] Initializing model.
I0411 04:40:34.591741 140627339084992 submission_runner.py:294] Initializing optimizer.
I0411 04:40:35.307584 140627339084992 submission_runner.py:299] Initializing metrics bundle.
I0411 04:40:35.307859 140627339084992 submission_runner.py:321] Initializing checkpoint and logger.
I0411 04:40:35.317087 140627339084992 checkpoints.py:1098] Found no checkpoint files in /experiment_runs/submissions_a100/nadamw/study_1/librispeech_deepspeech_jax/trial_1 with prefix checkpoint_
I0411 04:40:35.317224 140627339084992 submission_runner.py:344] Saving meta data to /experiment_runs/submissions_a100/nadamw/study_1/librispeech_deepspeech_jax/trial_1/meta_data_0.json.
I0411 04:40:35.317452 140627339084992 logger_utils.py:283] Unable to record workload.train_mean information. Continuing without it.
I0411 04:40:35.317517 140627339084992 logger_utils.py:283] Unable to record workload.train_stddev information. Continuing without it.
I0411 04:40:35.482977 140627339084992 submission_runner.py:348] Saving flags to /experiment_runs/submissions_a100/nadamw/study_1/librispeech_deepspeech_jax/trial_1/flags_0.json.
I0411 04:40:35.508875 140627339084992 submission_runner.py:359] Starting training loop.
I0411 04:40:35.720208 140627339084992 input_pipeline.py:19] Loading split = train-clean-100
I0411 04:40:35.763485 140627339084992 input_pipeline.py:19] Loading split = train-clean-360
I0411 04:40:36.219878 140627339084992 input_pipeline.py:19] Loading split = train-other-500
/usr/local/lib/python3.11/multiprocessing/popen_fork.py:66: RuntimeWarning: os.fork() was called. os.fork() is incompatible with multithreaded code, and JAX is multithreaded, so this will likely lead to a deadlock.
  self.pid = os.fork()
/usr/local/lib/python3.11/site-packages/jax/_src/interpreters/mlir.py:1268: UserWarning: Some donated buffers were not usable: float32[512], float32[512], float32[512], float32[512], float32[512], float32[512], float32[512], float32[512], float32[512], float32[512], float32[512], float32[512], float32[512], float32[512], float32[512], float32[512], float32[512], float32[512].
See an explanation at https://docs.jax.dev/en/latest/faq.html#buffer-donation.
  warnings.warn("Some donated buffers were not usable:"
2026-04-11 04:41:15.956678: E external/xla/xla/service/slow_operation_alarm.cc:73] Trying algorithm eng0{} for conv (f32[64,512,999,41]{3,2,1,0}, u8[0]{0}) custom-call(f32[64,512,500,20]{3,2,1,0}, f32[512,512,3,3]{3,2,1,0}), window={size=3x3 stride=2x2 pad=1_1x0_0}, dim_labels=bf01_oi01->bf01, custom_call_target="__cudnn$convBackwardInput", backend_config={"operation_queue_id":"0","wait_on_operation_queues":[],"cudnn_conv_backend_config":{"activation_mode":"kNone","conv_result_scale":1,"side_input_scale":0,"leakyrelu_alpha":0},"force_earliest_schedule":false,"reification_cost":[]} is taking a while...
2026-04-11 04:41:51.617676: E external/xla/xla/service/slow_operation_alarm.cc:140] The operation took 36.66114665s
Trying algorithm eng0{} for conv (f32[64,512,999,41]{3,2,1,0}, u8[0]{0}) custom-call(f32[64,512,500,20]{3,2,1,0}, f32[512,512,3,3]{3,2,1,0}), window={size=3x3 stride=2x2 pad=1_1x0_0}, dim_labels=bf01_oi01->bf01, custom_call_target="__cudnn$convBackwardInput", backend_config={"operation_queue_id":"0","wait_on_operation_queues":[],"cudnn_conv_backend_config":{"activation_mode":"kNone","conv_result_scale":1,"side_input_scale":0,"leakyrelu_alpha":0},"force_earliest_schedule":false,"reification_cost":[]} is taking a while...
2026-04-11 04:42:02.734872: E external/xla/xla/service/slow_operation_alarm.cc:73] Trying algorithm eng0{} for conv (f32[512,512,3,3]{3,2,1,0}, u8[0]{0}) custom-call(f32[64,512,999,41]{3,2,1,0}, f32[64,512,500,20]{3,2,1,0}), window={size=3x3 stride=2x2 pad=1_1x0_0}, dim_labels=bf01_oi01->bf01, custom_call_target="__cudnn$convBackwardFilter", backend_config={"operation_queue_id":"0","wait_on_operation_queues":[],"cudnn_conv_backend_config":{"activation_mode":"kNone","conv_result_scale":1,"side_input_scale":0,"leakyrelu_alpha":0},"force_earliest_schedule":false,"reification_cost":[]} is taking a while...
2026-04-11 04:42:18.390065: E external/xla/xla/service/slow_operation_alarm.cc:140] The operation took 16.655265079s
Trying algorithm eng0{} for conv (f32[512,512,3,3]{3,2,1,0}, u8[0]{0}) custom-call(f32[64,512,999,41]{3,2,1,0}, f32[64,512,500,20]{3,2,1,0}), window={size=3x3 stride=2x2 pad=1_1x0_0}, dim_labels=bf01_oi01->bf01, custom_call_target="__cudnn$convBackwardFilter", backend_config={"operation_queue_id":"0","wait_on_operation_queues":[],"cudnn_conv_backend_config":{"activation_mode":"kNone","conv_result_scale":1,"side_input_scale":0,"leakyrelu_alpha":0},"force_earliest_schedule":false,"reification_cost":[]} is taking a while...
I0411 04:42:52.872127 140627339084992 spec.py:333] Evaluating on the training split.
I0411 04:42:52.872598 140627339084992 input_pipeline.py:19] Loading split = train-clean-100
I0411 04:42:53.235730 140627339084992 input_pipeline.py:19] Loading split = train-clean-360
I0411 04:42:53.382916 140627339084992 input_pipeline.py:19] Loading split = train-other-500
/usr/local/lib/python3.11/site-packages/jax/_src/ops/scatter.py:110: FutureWarning: scatter inputs have incompatible types: cannot safely cast value from dtype=float32 to dtype=int32 with jax_numpy_dtype_promotion='standard'. In future JAX releases this will result in an error.
  warnings.warn(
2026-04-11 04:43:06.122665: E external/xla/xla/service/slow_operation_alarm.cc:73] Constant folding an instruction is taking > 1s:

  %reduce-window.10 = f32[256,500]{1,0} reduce-window(%broadcast.248, %constant.119), window={size=1x500 pad=0_0x499_0}, to_apply=%region_35.2517.clone, metadata={op_name="jit(_eval_step)/jit(cumsum)/LibriSpeechConformerWorkload.sequence_mask/reduce_window_sum" source_file="/algorithmic-efficiency/algoperf/workloads/librispeech_conformer/librispeech_jax/workload.py" source_line=251}

This isn't necessarily a bug; constant-folding is inherently a trade-off between compilation time and speed at runtime. XLA has some guards that attempt to keep constant folding from taking too long, but fundamentally you'll always be able to come up with an input program that takes a long time.

If you'd like to file a bug, run with envvar XLA_FLAGS=--xla_dump_to=/tmp/foo and attach the results.
2026-04-11 04:43:12.664809: E external/xla/xla/service/slow_operation_alarm.cc:140] The operation took 7.542568157s
Constant folding an instruction is taking > 1s:

  %reduce-window.10 = f32[256,500]{1,0} reduce-window(%broadcast.248, %constant.119), window={size=1x500 pad=0_0x499_0}, to_apply=%region_35.2517.clone, metadata={op_name="jit(_eval_step)/jit(cumsum)/LibriSpeechConformerWorkload.sequence_mask/reduce_window_sum" source_file="/algorithmic-efficiency/algoperf/workloads/librispeech_conformer/librispeech_jax/workload.py" source_line=251}

This isn't necessarily a bug; constant-folding is inherently a trade-off between compilation time and speed at runtime. XLA has some guards that attempt to keep constant folding from taking too long, but fundamentally you'll always be able to come up with an input program that takes a long time.

If you'd like to file a bug, run with envvar XLA_FLAGS=--xla_dump_to=/tmp/foo and attach the results.
2026-04-11 04:43:14.664951: E external/xla/xla/service/slow_operation_alarm.cc:73] Constant folding an instruction is taking > 2s:

  %reduce-window.11 = f32[256,500]{1,0} reduce-window(%broadcast.248, %constant.122), window={size=1x500 pad=0_0x499_0}, to_apply=%region_35.2517, metadata={op_name="jit(_eval_step)/jit(cumsum)/LibriSpeechConformerWorkload.sequence_mask/reduce_window_sum" source_file="/algorithmic-efficiency/algoperf/workloads/librispeech_conformer/librispeech_jax/workload.py" source_line=251}

This isn't necessarily a bug; constant-folding is inherently a trade-off between compilation time and speed at runtime. XLA has some guards that attempt to keep constant folding from taking too long, but fundamentally you'll always be able to come up with an input program that takes a long time.

If you'd like to file a bug, run with envvar XLA_FLAGS=--xla_dump_to=/tmp/foo and attach the results.
2026-04-11 04:43:20.539784: E external/xla/xla/service/slow_operation_alarm.cc:140] The operation took 7.874822295s
Constant folding an instruction is taking > 2s:

  %reduce-window.11 = f32[256,500]{1,0} reduce-window(%broadcast.248, %constant.122), window={size=1x500 pad=0_0x499_0}, to_apply=%region_35.2517, metadata={op_name="jit(_eval_step)/jit(cumsum)/LibriSpeechConformerWorkload.sequence_mask/reduce_window_sum" source_file="/algorithmic-efficiency/algoperf/workloads/librispeech_conformer/librispeech_jax/workload.py" source_line=251}

This isn't necessarily a bug; constant-folding is inherently a trade-off between compilation time and speed at runtime. XLA has some guards that attempt to keep constant folding from taking too long, but fundamentally you'll always be able to come up with an input program that takes a long time.

If you'd like to file a bug, run with envvar XLA_FLAGS=--xla_dump_to=/tmp/foo and attach the results.
I0411 04:45:00.520675 140627339084992 spec.py:346] Evaluating on the validation split.
I0411 04:45:00.521261 140627339084992 input_pipeline.py:19] Loading split = dev-clean
I0411 04:45:00.565526 140627339084992 input_pipeline.py:19] Loading split = dev-other
2026-04-11 04:45:26.879063: E external/xla/xla/service/slow_operation_alarm.cc:73] Constant folding an instruction is taking > 4s:

  %reduce-window.10 = f32[228,500]{1,0} reduce-window(%broadcast.245, %constant.119), window={size=1x500 pad=0_0x499_0}, to_apply=%region_35.2514.clone, metadata={op_name="jit(_eval_step)/jit(cumsum)/LibriSpeechConformerWorkload.sequence_mask/reduce_window_sum" source_file="/algorithmic-efficiency/algoperf/workloads/librispeech_conformer/librispeech_jax/workload.py" source_line=251}

This isn't necessarily a bug; constant-folding is inherently a trade-off between compilation time and speed at runtime. XLA has some guards that attempt to keep constant folding from taking too long, but fundamentally you'll always be able to come up with an input program that takes a long time.

If you'd like to file a bug, run with envvar XLA_FLAGS=--xla_dump_to=/tmp/foo and attach the results.
2026-04-11 04:45:29.486819: E external/xla/xla/service/slow_operation_alarm.cc:140] The operation took 6.607998146s
Constant folding an instruction is taking > 4s:

  %reduce-window.10 = f32[228,500]{1,0} reduce-window(%broadcast.245, %constant.119), window={size=1x500 pad=0_0x499_0}, to_apply=%region_35.2514.clone, metadata={op_name="jit(_eval_step)/jit(cumsum)/LibriSpeechConformerWorkload.sequence_mask/reduce_window_sum" source_file="/algorithmic-efficiency/algoperf/workloads/librispeech_conformer/librispeech_jax/workload.py" source_line=251}

This isn't necessarily a bug; constant-folding is inherently a trade-off between compilation time and speed at runtime. XLA has some guards that attempt to keep constant folding from taking too long, but fundamentally you'll always be able to come up with an input program that takes a long time.

If you'd like to file a bug, run with envvar XLA_FLAGS=--xla_dump_to=/tmp/foo and attach the results.
I0411 04:46:28.119260 140627339084992 spec.py:363] Evaluating on the test split.
I0411 04:46:28.120199 140627339084992 input_pipeline.py:19] Loading split = test-clean
I0411 04:47:12.921178 140627339084992 submission_runner.py:516] Time since start: 397.41s, 	Step: 1, 	{'train/ctc_loss': Array(8.233555, dtype=float32), 'train/wer': np.float64(4.364689836120192), 'validation/ctc_loss': Array(7.949968, dtype=float32), 'validation/wer': np.float64(3.8022691063583256), 'validation/num_examples': 5348, 'test/ctc_loss': Array(7.9693704, dtype=float32), 'test/wer': np.float64(4.181544898746775), 'test/num_examples': 2472, 'score': 137.36308789253235, 'total_duration': 397.40987753868103, 'accumulated_submission_time': 137.36308789253235, 'accumulated_eval_time': 260.0466949939728, 'accumulated_logging_time': 0}
I0411 04:47:13.090976 140567023445760 logging_writer.py:48] [1] accumulated_eval_time=260.047, accumulated_logging_time=0, accumulated_submission_time=137.363, global_step=1, preemption_count=0, score=137.363, test/ctc_loss=7.969370365142822, test/num_examples=2472, test/wer=4.18154, total_duration=397.41, train/ctc_loss=8.23355484008789, train/wer=4.36469, validation/ctc_loss=7.949967861175537, validation/num_examples=5348, validation/wer=3.80227
I0411 05:11:22.127679 140627339084992 spec.py:333] Evaluating on the training split.
I0411 05:12:07.717625 140627339084992 spec.py:346] Evaluating on the validation split.
/usr/local/lib/python3.11/multiprocessing/popen_fork.py:66: RuntimeWarning: os.fork() was called. os.fork() is incompatible with multithreaded code, and JAX is multithreaded, so this will likely lead to a deadlock.
  self.pid = os.fork()
I0411 05:12:48.721243 140627339084992 spec.py:363] Evaluating on the test split.
I0411 05:13:09.140283 140627339084992 submission_runner.py:516] Time since start: 1953.63s, 	Step: 626, 	{'train/ctc_loss': Array(1.4928513, dtype=float32), 'train/wer': np.float64(0.944635537887994), 'validation/ctc_loss': Array(1.4857459, dtype=float32), 'validation/wer': np.float64(0.8967218654950997), 'validation/num_examples': 5348, 'test/ctc_loss': Array(1.4721419, dtype=float32), 'test/wer': np.float64(0.899579550301627), 'test/num_examples': 2472, 'score': 1586.2535910606384, 'total_duration': 1953.6285545825958, 'accumulated_submission_time': 1586.2535910606384, 'accumulated_eval_time': 367.05646300315857, 'accumulated_logging_time': 0.30948448181152344}
I0411 05:13:09.200959 140612552853248 logging_writer.py:48] [626] accumulated_eval_time=367.056, accumulated_logging_time=0.309484, accumulated_submission_time=1586.25, global_step=626, preemption_count=0, score=1586.25, test/ctc_loss=1.4721418619155884, test/num_examples=2472, test/wer=0.89958, total_duration=1953.63, train/ctc_loss=1.4928512573242188, train/wer=0.944636, validation/ctc_loss=1.485745906829834, validation/num_examples=5348, validation/wer=0.896722
/usr/local/lib/python3.11/multiprocessing/popen_fork.py:66: RuntimeWarning: os.fork() was called. os.fork() is incompatible with multithreaded code, and JAX is multithreaded, so this will likely lead to a deadlock.
  self.pid = os.fork()
I0411 05:37:20.059901 140627339084992 spec.py:333] Evaluating on the training split.
I0411 05:38:02.950436 140627339084992 spec.py:346] Evaluating on the validation split.
I0411 05:38:44.617334 140627339084992 spec.py:363] Evaluating on the test split.
I0411 05:39:10.532759 140627339084992 submission_runner.py:516] Time since start: 3515.02s, 	Step: 1075, 	{'train/ctc_loss': Array(1.5939622, dtype=float32), 'train/wer': np.float64(0.8961350984204779), 'validation/ctc_loss': Array(1.5876447, dtype=float32), 'validation/wer': np.float64(0.8697436392603679), 'validation/num_examples': 5348, 'test/ctc_loss': Array(1.5703008, dtype=float32), 'test/wer': np.float64(0.863810858570471), 'test/num_examples': 2472, 'score': 3037.095487356186, 'total_duration': 3515.0212755203247, 'accumulated_submission_time': 3037.095487356186, 'accumulated_eval_time': 477.52688360214233, 'accumulated_logging_time': 0.38199496269226074}
I0411 05:39:10.582574 140612552853248 logging_writer.py:48] [1075] accumulated_eval_time=477.527, accumulated_logging_time=0.381995, accumulated_submission_time=3037.1, global_step=1075, preemption_count=0, score=3037.1, test/ctc_loss=1.570300817489624, test/num_examples=2472, test/wer=0.863811, total_duration=3515.02, train/ctc_loss=1.5939621925354004, train/wer=0.896135, validation/ctc_loss=1.5876446962356567, validation/num_examples=5348, validation/wer=0.869744
I0411 06:03:18.345728 140627339084992 spec.py:333] Evaluating on the training split.
I0411 06:04:12.060084 140627339084992 spec.py:346] Evaluating on the validation split.
/usr/local/lib/python3.11/multiprocessing/popen_fork.py:66: RuntimeWarning: os.fork() was called. os.fork() is incompatible with multithreaded code, and JAX is multithreaded, so this will likely lead to a deadlock.
  self.pid = os.fork()
I0411 06:05:00.037006 140627339084992 spec.py:363] Evaluating on the test split.
I0411 06:05:21.797169 140627339084992 submission_runner.py:516] Time since start: 5086.29s, 	Step: 1673, 	{'train/ctc_loss': Array(1.5210807, dtype=float32), 'train/wer': np.float64(0.868969116181982), 'validation/ctc_loss': Array(1.4987065, dtype=float32), 'validation/wer': np.float64(0.8382561676241974), 'validation/num_examples': 5348, 'test/ctc_loss': Array(1.4840963, dtype=float32), 'test/wer': np.float64(0.832226352243414), 'test/num_examples': 2472, 'score': 4484.841233491898, 'total_duration': 5086.285357952118, 'accumulated_submission_time': 4484.841233491898, 'accumulated_eval_time': 600.9753911495209, 'accumulated_logging_time': 0.4429924488067627}
I0411 06:05:21.848647 140612551804672 logging_writer.py:48] [1673] accumulated_eval_time=600.975, accumulated_logging_time=0.442992, accumulated_submission_time=4484.84, global_step=1673, preemption_count=0, score=4484.84, test/ctc_loss=1.4840962886810303, test/num_examples=2472, test/wer=0.832226, total_duration=5086.29, train/ctc_loss=1.521080732345581, train/wer=0.868969, validation/ctc_loss=1.4987064599990845, validation/num_examples=5348, validation/wer=0.838256
/usr/local/lib/python3.11/multiprocessing/popen_fork.py:66: RuntimeWarning: os.fork() was called. os.fork() is incompatible with multithreaded code, and JAX is multithreaded, so this will likely lead to a deadlock.
  self.pid = os.fork()
I0411 06:29:31.871037 140627339084992 spec.py:333] Evaluating on the training split.
I0411 06:30:16.806686 140627339084992 spec.py:346] Evaluating on the validation split.
I0411 06:30:59.129287 140627339084992 spec.py:363] Evaluating on the test split.
I0411 06:31:25.273552 140627339084992 submission_runner.py:516] Time since start: 6649.76s, 	Step: 2122, 	{'train/ctc_loss': Array(1.3584406, dtype=float32), 'train/wer': np.float64(0.8609420980427065), 'validation/ctc_loss': Array(1.3556924, dtype=float32), 'validation/wer': np.float64(0.8387968908415006), 'validation/num_examples': 5348, 'test/ctc_loss': Array(1.3220193, dtype=float32), 'test/wer': np.float64(0.8287733837060508), 'test/num_examples': 2472, 'score': 5934.846808433533, 'total_duration': 6649.7621438503265, 'accumulated_submission_time': 5934.846808433533, 'accumulated_eval_time': 714.3755612373352, 'accumulated_logging_time': 0.5060367584228516}
I0411 06:31:25.325874 140612550756096 logging_writer.py:48] [2122] accumulated_eval_time=714.376, accumulated_logging_time=0.506037, accumulated_submission_time=5934.85, global_step=2122, preemption_count=0, score=5934.85, test/ctc_loss=1.322019338607788, test/num_examples=2472, test/wer=0.828773, total_duration=6649.76, train/ctc_loss=1.358440637588501, train/wer=0.860942, validation/ctc_loss=1.3556923866271973, validation/num_examples=5348, validation/wer=0.838797
I0411 06:55:40.236626 140627339084992 spec.py:333] Evaluating on the training split.
I0411 06:56:30.435236 140627339084992 spec.py:346] Evaluating on the validation split.
/usr/local/lib/python3.11/multiprocessing/popen_fork.py:66: RuntimeWarning: os.fork() was called. os.fork() is incompatible with multithreaded code, and JAX is multithreaded, so this will likely lead to a deadlock.
  self.pid = os.fork()
I0411 06:57:13.401084 140627339084992 spec.py:363] Evaluating on the test split.
I0411 06:57:35.094302 140627339084992 submission_runner.py:516] Time since start: 8219.58s, 	Step: 2729, 	{'train/ctc_loss': Array(0.7799842, dtype=float32), 'train/wer': np.float64(0.6770695166235404), 'validation/ctc_loss': Array(0.85761195, dtype=float32), 'validation/wer': np.float64(0.7015594071356153), 'validation/num_examples': 5348, 'test/ctc_loss': Array(0.7366063, dtype=float32), 'test/wer': np.float64(0.6394491499603924), 'test/num_examples': 2472, 'score': 7389.740305423737, 'total_duration': 8219.582763433456, 'accumulated_submission_time': 7389.740305423737, 'accumulated_eval_time': 829.2305850982666, 'accumulated_logging_time': 0.5694599151611328}
I0411 06:57:35.150248 140612550756096 logging_writer.py:48] [2729] accumulated_eval_time=829.231, accumulated_logging_time=0.56946, accumulated_submission_time=7389.74, global_step=2729, preemption_count=0, score=7389.74, test/ctc_loss=0.7366062998771667, test/num_examples=2472, test/wer=0.639449, total_duration=8219.58, train/ctc_loss=0.779984176158905, train/wer=0.67707, validation/ctc_loss=0.8576119542121887, validation/num_examples=5348, validation/wer=0.701559
/usr/local/lib/python3.11/multiprocessing/popen_fork.py:66: RuntimeWarning: os.fork() was called. os.fork() is incompatible with multithreaded code, and JAX is multithreaded, so this will likely lead to a deadlock.
  self.pid = os.fork()
I0411 07:21:42.763684 140627339084992 spec.py:333] Evaluating on the training split.
I0411 07:22:33.621113 140627339084992 spec.py:346] Evaluating on the validation split.
I0411 07:23:18.200699 140627339084992 spec.py:363] Evaluating on the test split.
I0411 07:23:40.691301 140627339084992 submission_runner.py:516] Time since start: 9785.18s, 	Step: 3142, 	{'train/ctc_loss': Array(0.29367277, dtype=float32), 'train/wer': np.float64(0.3370320777163099), 'validation/ctc_loss': Array(0.38194802, dtype=float32), 'validation/wer': np.float64(0.38762130063245304), 'validation/num_examples': 5348, 'test/ctc_loss': Array(0.27813983, dtype=float32), 'test/wer': np.float64(0.31671846119472713), 'test/num_examples': 2472, 'score': 8837.33771944046, 'total_duration': 9785.17993068695, 'accumulated_submission_time': 8837.33771944046, 'accumulated_eval_time': 947.1558833122253, 'accumulated_logging_time': 0.636624813079834}
I0411 07:23:40.744828 140612549707520 logging_writer.py:48] [3142] accumulated_eval_time=947.156, accumulated_logging_time=0.636625, accumulated_submission_time=8837.34, global_step=3142, preemption_count=0, score=8837.34, test/ctc_loss=0.2781398296356201, test/num_examples=2472, test/wer=0.316718, total_duration=9785.18, train/ctc_loss=0.2936727702617645, train/wer=0.337032, validation/ctc_loss=0.3819480240345001, validation/num_examples=5348, validation/wer=0.387621
I0411 07:47:51.073447 140627339084992 spec.py:333] Evaluating on the training split.
I0411 07:48:41.606586 140627339084992 spec.py:346] Evaluating on the validation split.
/usr/local/lib/python3.11/multiprocessing/popen_fork.py:66: RuntimeWarning: os.fork() was called. os.fork() is incompatible with multithreaded code, and JAX is multithreaded, so this will likely lead to a deadlock.
  self.pid = os.fork()
I0411 07:49:26.284497 140627339084992 spec.py:363] Evaluating on the test split.
I0411 07:49:48.944579 140627339084992 submission_runner.py:516] Time since start: 11353.43s, 	Step: 3745, 	{'train/ctc_loss': Array(0.19803771, dtype=float32), 'train/wer': np.float64(0.2524567672771361), 'validation/ctc_loss': Array(0.287293, dtype=float32), 'validation/wer': np.float64(0.31610099937237485), 'validation/num_examples': 5348, 'test/ctc_loss': Array(0.19905563, dtype=float32), 'test/wer': np.float64(0.2470700546381492), 'test/num_examples': 2472, 'score': 10287.64880824089, 'total_duration': 11353.432970046997, 'accumulated_submission_time': 10287.64880824089, 'accumulated_eval_time': 1065.024291753769, 'accumulated_logging_time': 0.7012572288513184}
I0411 07:49:48.996263 140612549707520 logging_writer.py:48] [3745] accumulated_eval_time=1065.02, accumulated_logging_time=0.701257, accumulated_submission_time=10287.6, global_step=3745, preemption_count=0, score=10287.6, test/ctc_loss=0.19905562698841095, test/num_examples=2472, test/wer=0.24707, total_duration=11353.4, train/ctc_loss=0.19803771376609802, train/wer=0.252457, validation/ctc_loss=0.2872929871082306, validation/num_examples=5348, validation/wer=0.316101
/usr/local/lib/python3.11/multiprocessing/popen_fork.py:66: RuntimeWarning: os.fork() was called. os.fork() is incompatible with multithreaded code, and JAX is multithreaded, so this will likely lead to a deadlock.
  self.pid = os.fork()
I0411 08:13:56.046178 140627339084992 spec.py:333] Evaluating on the training split.
I0411 08:14:46.393925 140627339084992 spec.py:346] Evaluating on the validation split.
I0411 08:15:35.573369 140627339084992 spec.py:363] Evaluating on the test split.
I0411 08:15:57.534372 140627339084992 submission_runner.py:516] Time since start: 12922.02s, 	Step: 4179, 	{'train/ctc_loss': Array(0.16666745, dtype=float32), 'train/wer': np.float64(0.21936607816115863), 'validation/ctc_loss': Array(0.2675413, dtype=float32), 'validation/wer': np.float64(0.2975715734080046), 'validation/num_examples': 5348, 'test/ctc_loss': Array(0.18064876, dtype=float32), 'test/wer': np.float64(0.22771311924928403), 'test/num_examples': 2472, 'score': 11734.682430505753, 'total_duration': 12922.022928714752, 'accumulated_submission_time': 11734.682430505753, 'accumulated_eval_time': 1186.5101029872894, 'accumulated_logging_time': 0.7640912532806396}
I0411 08:15:57.590942 140612549707520 logging_writer.py:48] [4179] accumulated_eval_time=1186.51, accumulated_logging_time=0.764091, accumulated_submission_time=11734.7, global_step=4179, preemption_count=0, score=11734.7, test/ctc_loss=0.18064875900745392, test/num_examples=2472, test/wer=0.227713, total_duration=12922, train/ctc_loss=0.16666744649410248, train/wer=0.219366, validation/ctc_loss=0.2675412893295288, validation/num_examples=5348, validation/wer=0.297572
I0411 08:40:05.737137 140627339084992 spec.py:333] Evaluating on the training split.
I0411 08:40:57.791376 140627339084992 spec.py:346] Evaluating on the validation split.
/usr/local/lib/python3.11/multiprocessing/popen_fork.py:66: RuntimeWarning: os.fork() was called. os.fork() is incompatible with multithreaded code, and JAX is multithreaded, so this will likely lead to a deadlock.
  self.pid = os.fork()
I0411 08:41:42.378228 140627339084992 spec.py:363] Evaluating on the test split.
I0411 08:42:10.389117 140627339084992 submission_runner.py:516] Time since start: 14494.88s, 	Step: 4796, 	{'train/ctc_loss': Array(0.14538844, dtype=float32), 'train/wer': np.float64(0.1925689874394182), 'validation/ctc_loss': Array(0.24428762, dtype=float32), 'validation/wer': np.float64(0.2744266885530826), 'validation/num_examples': 5348, 'test/ctc_loss': Array(0.16337253, dtype=float32), 'test/wer': np.float64(0.20642658379542178), 'test/num_examples': 2472, 'score': 13182.811348199844, 'total_duration': 14494.877697467804, 'accumulated_submission_time': 13182.811348199844, 'accumulated_eval_time': 1311.159541606903, 'accumulated_logging_time': 0.8317573070526123}
I0411 08:42:10.443297 140612549707520 logging_writer.py:48] [4796] accumulated_eval_time=1311.16, accumulated_logging_time=0.831757, accumulated_submission_time=13182.8, global_step=4796, preemption_count=0, score=13182.8, test/ctc_loss=0.16337253153324127, test/num_examples=2472, test/wer=0.206427, total_duration=14494.9, train/ctc_loss=0.1453884392976761, train/wer=0.192569, validation/ctc_loss=0.2442876249551773, validation/num_examples=5348, validation/wer=0.274427
/usr/local/lib/python3.11/multiprocessing/popen_fork.py:66: RuntimeWarning: os.fork() was called. os.fork() is incompatible with multithreaded code, and JAX is multithreaded, so this will likely lead to a deadlock.
  self.pid = os.fork()
I0411 09:06:18.226383 140627339084992 spec.py:333] Evaluating on the training split.
I0411 09:07:08.537658 140627339084992 spec.py:346] Evaluating on the validation split.
I0411 09:07:53.431404 140627339084992 spec.py:363] Evaluating on the test split.
I0411 09:08:16.045056 140627339084992 submission_runner.py:516] Time since start: 16060.53s, 	Step: 5272, 	{'train/ctc_loss': Array(0.14355873, dtype=float32), 'train/wer': np.float64(0.1932567156655065), 'validation/ctc_loss': Array(0.23548797, dtype=float32), 'validation/wer': np.float64(0.2660165113696712), 'validation/num_examples': 5348, 'test/ctc_loss': Array(0.15335171, dtype=float32), 'test/wer': np.float64(0.1943208823350192), 'test/num_examples': 2472, 'score': 14630.577944755554, 'total_duration': 16060.533656358719, 'accumulated_submission_time': 14630.577944755554, 'accumulated_eval_time': 1428.9758560657501, 'accumulated_logging_time': 0.896904706954956}
I0411 09:08:16.105223 140612549707520 logging_writer.py:48] [5272] accumulated_eval_time=1428.98, accumulated_logging_time=0.896905, accumulated_submission_time=14630.6, global_step=5272, preemption_count=0, score=14630.6, test/ctc_loss=0.15335170924663544, test/num_examples=2472, test/wer=0.194321, total_duration=16060.5, train/ctc_loss=0.14355872571468353, train/wer=0.193257, validation/ctc_loss=0.23548796772956848, validation/num_examples=5348, validation/wer=0.266017
I0411 09:32:23.122177 140627339084992 spec.py:333] Evaluating on the training split.
I0411 09:33:16.376679 140627339084992 spec.py:346] Evaluating on the validation split.
/usr/local/lib/python3.11/multiprocessing/popen_fork.py:66: RuntimeWarning: os.fork() was called. os.fork() is incompatible with multithreaded code, and JAX is multithreaded, so this will likely lead to a deadlock.
  self.pid = os.fork()
I0411 09:34:00.834236 140627339084992 spec.py:363] Evaluating on the test split.
I0411 09:34:28.809346 140627339084992 submission_runner.py:516] Time since start: 17633.30s, 	Step: 5868, 	{'train/ctc_loss': Array(0.1298467, dtype=float32), 'train/wer': np.float64(0.17284433750231365), 'validation/ctc_loss': Array(0.21973406, dtype=float32), 'validation/wer': np.float64(0.24899338579635977), 'validation/num_examples': 5348, 'test/ctc_loss': Array(0.13924475, dtype=float32), 'test/wer': np.float64(0.17748258282046595), 'test/num_examples': 2472, 'score': 16077.577705144882, 'total_duration': 17633.29801750183, 'accumulated_submission_time': 16077.577705144882, 'accumulated_eval_time': 1554.6605803966522, 'accumulated_logging_time': 0.9680478572845459}
I0411 09:34:28.867031 140612549707520 logging_writer.py:48] [5868] accumulated_eval_time=1554.66, accumulated_logging_time=0.968048, accumulated_submission_time=16077.6, global_step=5868, preemption_count=0, score=16077.6, test/ctc_loss=0.13924475014209747, test/num_examples=2472, test/wer=0.177483, total_duration=17633.3, train/ctc_loss=0.1298467069864273, train/wer=0.172844, validation/ctc_loss=0.2197340577840805, validation/num_examples=5348, validation/wer=0.248993
/usr/local/lib/python3.11/multiprocessing/popen_fork.py:66: RuntimeWarning: os.fork() was called. os.fork() is incompatible with multithreaded code, and JAX is multithreaded, so this will likely lead to a deadlock.
  self.pid = os.fork()
I0411 09:58:36.689838 140627339084992 spec.py:333] Evaluating on the training split.
I0411 09:59:27.462353 140627339084992 spec.py:346] Evaluating on the validation split.
I0411 10:00:12.568593 140627339084992 spec.py:363] Evaluating on the test split.
I0411 10:00:40.607790 140627339084992 submission_runner.py:516] Time since start: 19205.10s, 	Step: 6415, 	{'train/ctc_loss': Array(0.1309158, dtype=float32), 'train/wer': np.float64(0.1738676233940961), 'validation/ctc_loss': Array(0.2145053, dtype=float32), 'validation/wer': np.float64(0.2446289769709844), 'validation/num_examples': 5348, 'test/ctc_loss': Array(0.13496815, dtype=float32), 'test/wer': np.float64(0.17431397639794446), 'test/num_examples': 2472, 'score': 17525.38305258751, 'total_duration': 19205.096556186676, 'accumulated_submission_time': 17525.38305258751, 'accumulated_eval_time': 1678.576334953308, 'accumulated_logging_time': 1.0370430946350098}
I0411 10:00:40.662553 140612549707520 logging_writer.py:48] [6415] accumulated_eval_time=1678.58, accumulated_logging_time=1.03704, accumulated_submission_time=17525.4, global_step=6415, preemption_count=0, score=17525.4, test/ctc_loss=0.13496814668178558, test/num_examples=2472, test/wer=0.174314, total_duration=19205.1, train/ctc_loss=0.1309158056974411, train/wer=0.173868, validation/ctc_loss=0.21450529992580414, validation/num_examples=5348, validation/wer=0.244629
I0411 10:24:54.444841 140627339084992 spec.py:333] Evaluating on the training split.
I0411 10:25:45.397869 140627339084992 spec.py:346] Evaluating on the validation split.
/usr/local/lib/python3.11/multiprocessing/popen_fork.py:66: RuntimeWarning: os.fork() was called. os.fork() is incompatible with multithreaded code, and JAX is multithreaded, so this will likely lead to a deadlock.
  self.pid = os.fork()
I0411 10:26:32.562599 140627339084992 spec.py:363] Evaluating on the test split.
I0411 10:26:54.731785 140627339084992 submission_runner.py:516] Time since start: 20779.22s, 	Step: 6972, 	{'train/ctc_loss': Array(0.12275644, dtype=float32), 'train/wer': np.float64(0.1636073670130672), 'validation/ctc_loss': Array(0.20877236, dtype=float32), 'validation/wer': np.float64(0.23750301742866797), 'validation/num_examples': 5348, 'test/ctc_loss': Array(0.12897788, dtype=float32), 'test/wer': np.float64(0.1666565108768509), 'test/num_examples': 2472, 'score': 18979.148394584656, 'total_duration': 20779.22041130066, 'accumulated_submission_time': 18979.148394584656, 'accumulated_eval_time': 1798.860791683197, 'accumulated_logging_time': 1.1029715538024902}
I0411 10:26:54.789979 140612549707520 logging_writer.py:48] [6972] accumulated_eval_time=1798.86, accumulated_logging_time=1.10297, accumulated_submission_time=18979.1, global_step=6972, preemption_count=0, score=18979.1, test/ctc_loss=0.12897787988185883, test/num_examples=2472, test/wer=0.166657, total_duration=20779.2, train/ctc_loss=0.12275643646717072, train/wer=0.163607, validation/ctc_loss=0.20877236127853394, validation/num_examples=5348, validation/wer=0.237503
/usr/local/lib/python3.11/multiprocessing/popen_fork.py:66: RuntimeWarning: os.fork() was called. os.fork() is incompatible with multithreaded code, and JAX is multithreaded, so this will likely lead to a deadlock.
  self.pid = os.fork()
I0411 10:51:06.183885 140627339084992 spec.py:333] Evaluating on the training split.
I0411 10:51:56.400799 140627339084992 spec.py:346] Evaluating on the validation split.
I0411 10:52:44.031309 140627339084992 spec.py:363] Evaluating on the test split.
I0411 10:53:06.507622 140627339084992 submission_runner.py:516] Time since start: 22351.00s, 	Step: 7646, 	{'train/ctc_loss': Array(0.11232565, dtype=float32), 'train/wer': np.float64(0.1522053545036105), 'validation/ctc_loss': Array(0.20040698, dtype=float32), 'validation/wer': np.float64(0.22796311495196253), 'validation/num_examples': 5348, 'test/ctc_loss': Array(0.12468974, dtype=float32), 'test/wer': np.float64(0.1602583632929133), 'test/num_examples': 2472, 'score': 20430.52410340309, 'total_duration': 22350.995681762695, 'accumulated_submission_time': 20430.52410340309, 'accumulated_eval_time': 1919.181634426117, 'accumulated_logging_time': 1.1722218990325928}
I0411 10:53:06.572389 140612549707520 logging_writer.py:48] [7646] accumulated_eval_time=1919.18, accumulated_logging_time=1.17222, accumulated_submission_time=20430.5, global_step=7646, preemption_count=0, score=20430.5, test/ctc_loss=0.1246897429227829, test/num_examples=2472, test/wer=0.160258, total_duration=22351, train/ctc_loss=0.11232564598321915, train/wer=0.152205, validation/ctc_loss=0.2004069834947586, validation/num_examples=5348, validation/wer=0.227963
I0411 11:17:17.979046 140627339084992 spec.py:333] Evaluating on the training split.
I0411 11:18:08.863274 140627339084992 spec.py:346] Evaluating on the validation split.
/usr/local/lib/python3.11/multiprocessing/popen_fork.py:66: RuntimeWarning: os.fork() was called. os.fork() is incompatible with multithreaded code, and JAX is multithreaded, so this will likely lead to a deadlock.
  self.pid = os.fork()
I0411 11:18:59.269011 140627339084992 spec.py:363] Evaluating on the test split.
I0411 11:19:25.641808 140627339084992 submission_runner.py:516] Time since start: 23930.07s, 	Step: 8170, 	{'train/ctc_loss': Array(0.1027181, dtype=float32), 'train/wer': np.float64(0.14209029969482773), 'validation/ctc_loss': Array(0.19415763, dtype=float32), 'validation/wer': np.float64(0.22275865398541977), 'validation/num_examples': 5348, 'test/ctc_loss': Array(0.11899763, dtype=float32), 'test/wer': np.float64(0.15503828732760547), 'test/num_examples': 2472, 'score': 21881.913986682892, 'total_duration': 23930.070361852646, 'accumulated_submission_time': 21881.913986682892, 'accumulated_eval_time': 2046.781840801239, 'accumulated_logging_time': 1.2481153011322021}
I0411 11:19:25.703972 140612549707520 logging_writer.py:48] [8170] accumulated_eval_time=2046.78, accumulated_logging_time=1.24812, accumulated_submission_time=21881.9, global_step=8170, preemption_count=0, score=21881.9, test/ctc_loss=0.11899763345718384, test/num_examples=2472, test/wer=0.155038, total_duration=23930.1, train/ctc_loss=0.10271809995174408, train/wer=0.14209, validation/ctc_loss=0.19415763020515442, validation/num_examples=5348, validation/wer=0.222759
/usr/local/lib/python3.11/multiprocessing/popen_fork.py:66: RuntimeWarning: os.fork() was called. os.fork() is incompatible with multithreaded code, and JAX is multithreaded, so this will likely lead to a deadlock.
  self.pid = os.fork()
I0411 11:43:33.170116 140627339084992 spec.py:333] Evaluating on the training split.
I0411 11:44:26.670044 140627339084992 spec.py:346] Evaluating on the validation split.
I0411 11:45:18.966474 140627339084992 spec.py:363] Evaluating on the test split.
I0411 11:45:44.473557 140627339084992 submission_runner.py:516] Time since start: 25508.96s, 	Step: 8906, 	{'train/ctc_loss': Array(0.09797074, dtype=float32), 'train/wer': np.float64(0.1321046117969541), 'validation/ctc_loss': Array(0.18523626, dtype=float32), 'validation/wer': np.float64(0.21213730507410805), 'validation/num_examples': 5348, 'test/ctc_loss': Array(0.11352754, dtype=float32), 'test/wer': np.float64(0.1488635671196149), 'test/num_examples': 2472, 'score': 23329.36098575592, 'total_duration': 25508.96201324463, 'accumulated_submission_time': 23329.36098575592, 'accumulated_eval_time': 2178.0827894210815, 'accumulated_logging_time': 1.3213586807250977}
I0411 11:45:45.004555 140612549707520 logging_writer.py:48] [8906] accumulated_eval_time=2178.08, accumulated_logging_time=1.32136, accumulated_submission_time=23329.4, global_step=8906, preemption_count=0, score=23329.4, test/ctc_loss=0.11352754384279251, test/num_examples=2472, test/wer=0.148864, total_duration=25509, train/ctc_loss=0.09797073900699615, train/wer=0.132105, validation/ctc_loss=0.18523626029491425, validation/num_examples=5348, validation/wer=0.212137
/usr/local/lib/python3.11/multiprocessing/popen_fork.py:66: RuntimeWarning: os.fork() was called. os.fork() is incompatible with multithreaded code, and JAX is multithreaded, so this will likely lead to a deadlock.
  self.pid = os.fork()
I0411 12:09:52.142875 140627339084992 spec.py:333] Evaluating on the training split.
I0411 12:10:41.582615 140627339084992 spec.py:346] Evaluating on the validation split.
I0411 12:11:36.085403 140627339084992 spec.py:363] Evaluating on the test split.
I0411 12:12:00.988783 140627339084992 submission_runner.py:516] Time since start: 27085.48s, 	Step: 9484, 	{'train/ctc_loss': Array(0.10522161, dtype=float32), 'train/wer': np.float64(0.14277821112844513), 'validation/ctc_loss': Array(0.18365669, dtype=float32), 'validation/wer': np.float64(0.2088253753681263), 'validation/num_examples': 5348, 'test/ctc_loss': Array(0.11158927, dtype=float32), 'test/wer': np.float64(0.1455121564804095), 'test/num_examples': 2472, 'score': 24776.1710395813, 'total_duration': 27085.47701692581, 'accumulated_submission_time': 24776.1710395813, 'accumulated_eval_time': 2306.925976753235, 'accumulated_logging_time': 2.173799514770508}
I0411 12:12:01.048063 140612549707520 logging_writer.py:48] [9484] accumulated_eval_time=2306.93, accumulated_logging_time=2.1738, accumulated_submission_time=24776.2, global_step=9484, preemption_count=0, score=24776.2, test/ctc_loss=0.11158926784992218, test/num_examples=2472, test/wer=0.145512, total_duration=27085.5, train/ctc_loss=0.10522161424160004, train/wer=0.142778, validation/ctc_loss=0.1836566925048828, validation/num_examples=5348, validation/wer=0.208825
I0411 12:36:11.333373 140627339084992 spec.py:333] Evaluating on the training split.
I0411 12:37:02.961452 140627339084992 spec.py:346] Evaluating on the validation split.
/usr/local/lib/python3.11/multiprocessing/popen_fork.py:66: RuntimeWarning: os.fork() was called. os.fork() is incompatible with multithreaded code, and JAX is multithreaded, so this will likely lead to a deadlock.
  self.pid = os.fork()
I0411 12:38:01.958859 140627339084992 spec.py:363] Evaluating on the test split.
I0411 12:38:26.983130 140627339084992 submission_runner.py:516] Time since start: 28671.47s, 	Step: 10097, 	{'train/ctc_loss': Array(0.09656531, dtype=float32), 'train/wer': np.float64(0.1303968008507914), 'validation/ctc_loss': Array(0.18244381, dtype=float32), 'validation/wer': np.float64(0.20967508328103124), 'validation/num_examples': 5348, 'test/ctc_loss': Array(0.11005238, dtype=float32), 'test/wer': np.float64(0.1412467247577844), 'test/num_examples': 2472, 'score': 26226.439017772675, 'total_duration': 28671.47124004364, 'accumulated_submission_time': 26226.439017772675, 'accumulated_eval_time': 2442.572718143463, 'accumulated_logging_time': 2.244041681289673}
I0411 12:38:27.039062 140612549707520 logging_writer.py:48] [10097] accumulated_eval_time=2442.57, accumulated_logging_time=2.24404, accumulated_submission_time=26226.4, global_step=10097, preemption_count=0, score=26226.4, test/ctc_loss=0.11005237698554993, test/num_examples=2472, test/wer=0.141247, total_duration=28671.5, train/ctc_loss=0.09656530618667603, train/wer=0.130397, validation/ctc_loss=0.18244381248950958, validation/num_examples=5348, validation/wer=0.209675
/usr/local/lib/python3.11/multiprocessing/popen_fork.py:66: RuntimeWarning: os.fork() was called. os.fork() is incompatible with multithreaded code, and JAX is multithreaded, so this will likely lead to a deadlock.
  self.pid = os.fork()
I0411 13:02:34.748170 140627339084992 spec.py:333] Evaluating on the training split.
I0411 13:03:26.901526 140627339084992 spec.py:346] Evaluating on the validation split.
I0411 13:04:15.575428 140627339084992 spec.py:363] Evaluating on the test split.
I0411 13:04:40.633791 140627339084992 submission_runner.py:516] Time since start: 30245.12s, 	Step: 10831, 	{'train/ctc_loss': Array(0.09919023, dtype=float32), 'train/wer': np.float64(0.13264567034299246), 'validation/ctc_loss': Array(0.17671417, dtype=float32), 'validation/wer': np.float64(0.20352435668420799), 'validation/num_examples': 5348, 'test/ctc_loss': Array(0.10664113, dtype=float32), 'test/wer': np.float64(0.13773282148152663), 'test/num_examples': 2472, 'score': 27674.12928533554, 'total_duration': 30245.122517108917, 'accumulated_submission_time': 27674.12928533554, 'accumulated_eval_time': 2568.4560158252716, 'accumulated_logging_time': 2.31099009513855}
I0411 13:04:40.692870 140612549707520 logging_writer.py:48] [10831] accumulated_eval_time=2568.46, accumulated_logging_time=2.31099, accumulated_submission_time=27674.1, global_step=10831, preemption_count=0, score=27674.1, test/ctc_loss=0.10664112865924835, test/num_examples=2472, test/wer=0.137733, total_duration=30245.1, train/ctc_loss=0.09919022768735886, train/wer=0.132646, validation/ctc_loss=0.17671416699886322, validation/num_examples=5348, validation/wer=0.203524
/usr/local/lib/python3.11/multiprocessing/popen_fork.py:66: RuntimeWarning: os.fork() was called. os.fork() is incompatible with multithreaded code, and JAX is multithreaded, so this will likely lead to a deadlock.
  self.pid = os.fork()
I0411 13:28:49.489198 140627339084992 spec.py:333] Evaluating on the training split.
I0411 13:29:38.816378 140627339084992 spec.py:346] Evaluating on the validation split.
I0411 13:30:43.029289 140627339084992 spec.py:363] Evaluating on the test split.
I0411 13:31:04.957813 140627339084992 submission_runner.py:516] Time since start: 31829.45s, 	Step: 11335, 	{'train/ctc_loss': Array(0.09599185, dtype=float32), 'train/wer': np.float64(0.12497202595990921), 'validation/ctc_loss': Array(0.17169695, dtype=float32), 'validation/wer': np.float64(0.1973156954569594), 'validation/num_examples': 5348, 'test/ctc_loss': Array(0.10238298, dtype=float32), 'test/wer': np.float64(0.132817419210692), 'test/num_examples': 2472, 'score': 29122.908672332764, 'total_duration': 31829.44654941559, 'accumulated_submission_time': 29122.908672332764, 'accumulated_eval_time': 2703.922418832779, 'accumulated_logging_time': 2.3814170360565186}
I0411 13:31:05.017576 140612549707520 logging_writer.py:48] [11335] accumulated_eval_time=2703.92, accumulated_logging_time=2.38142, accumulated_submission_time=29122.9, global_step=11335, preemption_count=0, score=29122.9, test/ctc_loss=0.10238298028707504, test/num_examples=2472, test/wer=0.132817, total_duration=31829.4, train/ctc_loss=0.09599184989929199, train/wer=0.124972, validation/ctc_loss=0.17169694602489471, validation/num_examples=5348, validation/wer=0.197316
I0411 13:55:19.688287 140627339084992 spec.py:333] Evaluating on the training split.
I0411 13:56:10.470836 140627339084992 spec.py:346] Evaluating on the validation split.
/usr/local/lib/python3.11/multiprocessing/popen_fork.py:66: RuntimeWarning: os.fork() was called. os.fork() is incompatible with multithreaded code, and JAX is multithreaded, so this will likely lead to a deadlock.
  self.pid = os.fork()
I0411 13:56:57.567049 140627339084992 spec.py:363] Evaluating on the test split.
I0411 13:57:21.381943 140627339084992 submission_runner.py:516] Time since start: 33405.87s, 	Step: 12056, 	{'train/ctc_loss': Array(0.07886592, dtype=float32), 'train/wer': np.float64(0.10821212959831084), 'validation/ctc_loss': Array(0.17063801, dtype=float32), 'validation/wer': np.float64(0.19686187418529427), 'validation/num_examples': 5348, 'test/ctc_loss': Array(0.10078205, dtype=float32), 'test/wer': np.float64(0.13027847175674853), 'test/num_examples': 2472, 'score': 30577.56053829193, 'total_duration': 33405.870337963104, 'accumulated_submission_time': 30577.56053829193, 'accumulated_eval_time': 2825.6133494377136, 'accumulated_logging_time': 2.4526829719543457}
I0411 13:57:21.439491 140612549707520 logging_writer.py:48] [12056] accumulated_eval_time=2825.61, accumulated_logging_time=2.45268, accumulated_submission_time=30577.6, global_step=12056, preemption_count=0, score=30577.6, test/ctc_loss=0.10078205168247223, test/num_examples=2472, test/wer=0.130278, total_duration=33405.9, train/ctc_loss=0.07886592298746109, train/wer=0.108212, validation/ctc_loss=0.17063800990581512, validation/num_examples=5348, validation/wer=0.196862
/usr/local/lib/python3.11/multiprocessing/popen_fork.py:66: RuntimeWarning: os.fork() was called. os.fork() is incompatible with multithreaded code, and JAX is multithreaded, so this will likely lead to a deadlock.
  self.pid = os.fork()
I0411 14:21:32.391171 140627339084992 spec.py:333] Evaluating on the training split.
I0411 14:22:21.934587 140627339084992 spec.py:346] Evaluating on the validation split.
I0411 14:23:19.578943 140627339084992 spec.py:363] Evaluating on the test split.
I0411 14:23:48.531059 140627339084992 submission_runner.py:516] Time since start: 34993.02s, 	Step: 12765, 	{'train/ctc_loss': Array(0.08777461, dtype=float32), 'train/wer': np.float64(0.11848218622626766), 'validation/ctc_loss': Array(0.16694981, dtype=float32), 'validation/wer': np.float64(0.1915318881861633), 'validation/num_examples': 5348, 'test/ctc_loss': Array(0.09820471, dtype=float32), 'test/wer': np.float64(0.12686612637864847), 'test/num_examples': 2472, 'score': 32028.49252152443, 'total_duration': 34993.01968097687, 'accumulated_submission_time': 32028.49252152443, 'accumulated_eval_time': 2961.750907897949, 'accumulated_logging_time': 2.5221030712127686}
I0411 14:23:48.589978 140612549707520 logging_writer.py:48] [12765] accumulated_eval_time=2961.75, accumulated_logging_time=2.5221, accumulated_submission_time=32028.5, global_step=12765, preemption_count=0, score=32028.5, test/ctc_loss=0.09820470958948135, test/num_examples=2472, test/wer=0.126866, total_duration=34993, train/ctc_loss=0.0877746120095253, train/wer=0.118482, validation/ctc_loss=0.1669498085975647, validation/num_examples=5348, validation/wer=0.191532
I0411 14:48:02.761698 140627339084992 spec.py:333] Evaluating on the training split.
I0411 14:48:51.929584 140627339084992 spec.py:346] Evaluating on the validation split.
/usr/local/lib/python3.11/multiprocessing/popen_fork.py:66: RuntimeWarning: os.fork() was called. os.fork() is incompatible with multithreaded code, and JAX is multithreaded, so this will likely lead to a deadlock.
  self.pid = os.fork()
I0411 14:49:46.511863 140627339084992 spec.py:363] Evaluating on the test split.
I0411 14:50:11.561033 140627339084992 submission_runner.py:516] Time since start: 36576.05s, 	Step: 13365, 	{'train/ctc_loss': Array(0.11597812, dtype=float32), 'train/wer': np.float64(0.15176038576070036), 'validation/ctc_loss': Array(0.16608988, dtype=float32), 'validation/wer': np.float64(0.18966832424081495), 'validation/num_examples': 5348, 'test/ctc_loss': Array(0.09817182, dtype=float32), 'test/wer': np.float64(0.12572867791928177), 'test/num_examples': 2472, 'score': 33482.64695715904, 'total_duration': 36576.04975414276, 'accumulated_submission_time': 33482.64695715904, 'accumulated_eval_time': 3090.547839641571, 'accumulated_logging_time': 2.592050790786743}
I0411 14:50:11.669269 140612549707520 logging_writer.py:48] [13365] accumulated_eval_time=3090.55, accumulated_logging_time=2.59205, accumulated_submission_time=33482.6, global_step=13365, preemption_count=0, score=33482.6, test/ctc_loss=0.09817181527614594, test/num_examples=2472, test/wer=0.125729, total_duration=36576, train/ctc_loss=0.11597812175750732, train/wer=0.15176, validation/ctc_loss=0.16608987748622894, validation/num_examples=5348, validation/wer=0.189668
/usr/local/lib/python3.11/multiprocessing/popen_fork.py:66: RuntimeWarning: os.fork() was called. os.fork() is incompatible with multithreaded code, and JAX is multithreaded, so this will likely lead to a deadlock.
  self.pid = os.fork()
I0411 15:14:19.346637 140627339084992 spec.py:333] Evaluating on the training split.
I0411 15:15:08.593308 140627339084992 spec.py:346] Evaluating on the validation split.
I0411 15:15:55.031597 140627339084992 spec.py:363] Evaluating on the test split.
I0411 15:16:20.560022 140627339084992 submission_runner.py:516] Time since start: 38145.05s, 	Step: 14143, 	{'train/ctc_loss': Array(0.12284099, dtype=float32), 'train/wer': np.float64(0.15877360009326236), 'validation/ctc_loss': Array(0.16236268, dtype=float32), 'validation/wer': np.float64(0.18540047313281513), 'validation/num_examples': 5348, 'test/ctc_loss': Array(0.09492603, dtype=float32), 'test/wer': np.float64(0.12355533889870615), 'test/num_examples': 2472, 'score': 34930.30536007881, 'total_duration': 38145.04845023155, 'accumulated_submission_time': 34930.30536007881, 'accumulated_eval_time': 3211.758712053299, 'accumulated_logging_time': 2.7114367485046387}
I0411 15:16:20.616940 140612549707520 logging_writer.py:48] [14143] accumulated_eval_time=3211.76, accumulated_logging_time=2.71144, accumulated_submission_time=34930.3, global_step=14143, preemption_count=0, score=34930.3, test/ctc_loss=0.09492602944374084, test/num_examples=2472, test/wer=0.123555, total_duration=38145, train/ctc_loss=0.1228409856557846, train/wer=0.158774, validation/ctc_loss=0.16236267983913422, validation/num_examples=5348, validation/wer=0.1854
/usr/local/lib/python3.11/multiprocessing/popen_fork.py:66: RuntimeWarning: os.fork() was called. os.fork() is incompatible with multithreaded code, and JAX is multithreaded, so this will likely lead to a deadlock.
  self.pid = os.fork()
I0411 15:40:28.271377 140627339084992 spec.py:333] Evaluating on the training split.
I0411 15:41:15.976773 140627339084992 spec.py:346] Evaluating on the validation split.
I0411 15:42:15.643891 140627339084992 spec.py:363] Evaluating on the test split.
I0411 15:42:41.758854 140627339084992 submission_runner.py:516] Time since start: 39726.25s, 	Step: 14883, 	{'train/ctc_loss': Array(0.13732402, dtype=float32), 'train/wer': np.float64(0.1787237278518406), 'validation/ctc_loss': Array(0.16143991, dtype=float32), 'validation/wer': np.float64(0.18464732293728575), 'validation/num_examples': 5348, 'test/ctc_loss': Array(0.09492518, dtype=float32), 'test/wer': np.float64(0.12227570938191863), 'test/num_examples': 2472, 'score': 36377.94042134285, 'total_duration': 39726.247562885284, 'accumulated_submission_time': 36377.94042134285, 'accumulated_eval_time': 3345.2438435554504, 'accumulated_logging_time': 2.77933669090271}
I0411 15:42:41.816121 140612549707520 logging_writer.py:48] [14883] accumulated_eval_time=3345.24, accumulated_logging_time=2.77934, accumulated_submission_time=36377.9, global_step=14883, preemption_count=0, score=36377.9, test/ctc_loss=0.0949251800775528, test/num_examples=2472, test/wer=0.122276, total_duration=39726.2, train/ctc_loss=0.1373240202665329, train/wer=0.178724, validation/ctc_loss=0.161439910531044, validation/num_examples=5348, validation/wer=0.184647
/usr/local/lib/python3.11/multiprocessing/popen_fork.py:66: RuntimeWarning: os.fork() was called. os.fork() is incompatible with multithreaded code, and JAX is multithreaded, so this will likely lead to a deadlock.
  self.pid = os.fork()
I0411 16:06:49.651384 140627339084992 spec.py:333] Evaluating on the training split.
I0411 16:07:37.852080 140627339084992 spec.py:346] Evaluating on the validation split.
I0411 16:08:29.760325 140627339084992 spec.py:363] Evaluating on the test split.
I0411 16:08:53.113121 140627339084992 submission_runner.py:516] Time since start: 41297.60s, 	Step: 15471, 	{'train/ctc_loss': Array(0.12054578, dtype=float32), 'train/wer': np.float64(0.1535599267584737), 'validation/ctc_loss': Array(0.15548703, dtype=float32), 'validation/wer': np.float64(0.17840003862308695), 'validation/num_examples': 5348, 'test/ctc_loss': Array(0.09017876, dtype=float32), 'test/wer': np.float64(0.11695407551845308), 'test/num_examples': 2472, 'score': 37825.75790476799, 'total_duration': 41297.60123157501, 'accumulated_submission_time': 37825.75790476799, 'accumulated_eval_time': 3468.7027323246, 'accumulated_logging_time': 2.847684621810913}
I0411 16:08:53.174513 140612549707520 logging_writer.py:48] [15471] accumulated_eval_time=3468.7, accumulated_logging_time=2.84768, accumulated_submission_time=37825.8, global_step=15471, preemption_count=0, score=37825.8, test/ctc_loss=0.09017875790596008, test/num_examples=2472, test/wer=0.116954, total_duration=41297.6, train/ctc_loss=0.12054578214883804, train/wer=0.15356, validation/ctc_loss=0.1554870307445526, validation/num_examples=5348, validation/wer=0.1784
I0411 16:33:06.406795 140627339084992 spec.py:333] Evaluating on the training split.
I0411 16:33:55.624274 140627339084992 spec.py:346] Evaluating on the validation split.
/usr/local/lib/python3.11/multiprocessing/popen_fork.py:66: RuntimeWarning: os.fork() was called. os.fork() is incompatible with multithreaded code, and JAX is multithreaded, so this will likely lead to a deadlock.
  self.pid = os.fork()
I0411 16:34:41.759046 140627339084992 spec.py:363] Evaluating on the test split.
I0411 16:35:05.398134 140627339084992 submission_runner.py:516] Time since start: 42869.89s, 	Step: 16230, 	{'train/ctc_loss': Array(0.11445525, dtype=float32), 'train/wer': np.float64(0.1520715263937292), 'validation/ctc_loss': Array(0.15479001, dtype=float32), 'validation/wer': np.float64(0.17783034809057113), 'validation/num_examples': 5348, 'test/ctc_loss': Array(0.09087002, dtype=float32), 'test/wer': np.float64(0.11788840818150427), 'test/num_examples': 2472, 'score': 39278.97168946266, 'total_duration': 42869.88675427437, 'accumulated_submission_time': 39278.97168946266, 'accumulated_eval_time': 3587.691565990448, 'accumulated_logging_time': 2.920009136199951}
I0411 16:35:05.453868 140612549707520 logging_writer.py:48] [16230] accumulated_eval_time=3587.69, accumulated_logging_time=2.92001, accumulated_submission_time=39279, global_step=16230, preemption_count=0, score=39279, test/ctc_loss=0.09087001532316208, test/num_examples=2472, test/wer=0.117888, total_duration=42869.9, train/ctc_loss=0.11445524543523788, train/wer=0.152072, validation/ctc_loss=0.1547900140285492, validation/num_examples=5348, validation/wer=0.17783
/usr/local/lib/python3.11/multiprocessing/popen_fork.py:66: RuntimeWarning: os.fork() was called. os.fork() is incompatible with multithreaded code, and JAX is multithreaded, so this will likely lead to a deadlock.
  self.pid = os.fork()
I0411 16:59:14.773634 140627339084992 spec.py:333] Evaluating on the training split.
I0411 17:00:04.191836 140627339084992 spec.py:346] Evaluating on the validation split.
I0411 17:01:04.268139 140627339084992 spec.py:363] Evaluating on the test split.
I0411 17:01:35.000516 140627339084992 submission_runner.py:516] Time since start: 44459.49s, 	Step: 16955, 	{'train/ctc_loss': Array(0.10404434, dtype=float32), 'train/wer': np.float64(0.13908797268050768), 'validation/ctc_loss': Array(0.15415737, dtype=float32), 'validation/wer': np.float64(0.17721237869936754), 'validation/num_examples': 5348, 'test/ctc_loss': Array(0.09124553, dtype=float32), 'test/wer': np.float64(0.11705563341661081), 'test/num_examples': 2472, 'score': 40728.27301263809, 'total_duration': 44459.489154577255, 'accumulated_submission_time': 40728.27301263809, 'accumulated_eval_time': 3727.9161291122437, 'accumulated_logging_time': 2.9866082668304443}
I0411 17:01:35.058309 140612549707520 logging_writer.py:48] [16955] accumulated_eval_time=3727.92, accumulated_logging_time=2.98661, accumulated_submission_time=40728.3, global_step=16955, preemption_count=0, score=40728.3, test/ctc_loss=0.09124553203582764, test/num_examples=2472, test/wer=0.117056, total_duration=44459.5, train/ctc_loss=0.1040443405508995, train/wer=0.139088, validation/ctc_loss=0.1541573703289032, validation/num_examples=5348, validation/wer=0.177212
I0411 17:25:42.299787 140627339084992 spec.py:333] Evaluating on the training split.
I0411 17:26:37.542531 140627339084992 spec.py:346] Evaluating on the validation split.
/usr/local/lib/python3.11/multiprocessing/popen_fork.py:66: RuntimeWarning: os.fork() was called. os.fork() is incompatible with multithreaded code, and JAX is multithreaded, so this will likely lead to a deadlock.
  self.pid = os.fork()
I0411 17:27:27.358352 140627339084992 spec.py:363] Evaluating on the test split.
I0411 17:27:49.337357 140627339084992 submission_runner.py:516] Time since start: 46033.83s, 	Step: 17491, 	{'train/ctc_loss': Array(0.11395722, dtype=float32), 'train/wer': np.float64(0.14984222846187686), 'validation/ctc_loss': Array(0.15248919, dtype=float32), 'validation/wer': np.float64(0.17537778206923188), 'validation/num_examples': 5348, 'test/ctc_loss': Array(0.08680377, dtype=float32), 'test/wer': np.float64(0.11246521641988097), 'test/num_examples': 2472, 'score': 42175.49770593643, 'total_duration': 46033.82603597641, 'accumulated_submission_time': 42175.49770593643, 'accumulated_eval_time': 3854.951262950897, 'accumulated_logging_time': 3.0553956031799316}
I0411 17:27:49.393424 140612549707520 logging_writer.py:48] [17491] accumulated_eval_time=3854.95, accumulated_logging_time=3.0554, accumulated_submission_time=42175.5, global_step=17491, preemption_count=0, score=42175.5, test/ctc_loss=0.08680377155542374, test/num_examples=2472, test/wer=0.112465, total_duration=46033.8, train/ctc_loss=0.11395721882581711, train/wer=0.149842, validation/ctc_loss=0.15248918533325195, validation/num_examples=5348, validation/wer=0.175378
/usr/local/lib/python3.11/multiprocessing/popen_fork.py:66: RuntimeWarning: os.fork() was called. os.fork() is incompatible with multithreaded code, and JAX is multithreaded, so this will likely lead to a deadlock.
  self.pid = os.fork()
I0411 17:52:00.600956 140627339084992 spec.py:333] Evaluating on the training split.
I0411 17:52:50.400808 140627339084992 spec.py:346] Evaluating on the validation split.
I0411 17:53:34.934018 140627339084992 spec.py:363] Evaluating on the test split.
I0411 17:53:57.209594 140627339084992 submission_runner.py:516] Time since start: 47601.70s, 	Step: 18212, 	{'train/ctc_loss': Array(0.10418426, dtype=float32), 'train/wer': np.float64(0.1385930252533929), 'validation/ctc_loss': Array(0.14791574, dtype=float32), 'validation/wer': np.float64(0.17072370009172982), 'validation/num_examples': 5348, 'test/ctc_loss': Array(0.08520425, dtype=float32), 'test/wer': np.float64(0.1093372331566226), 'test/num_examples': 2472, 'score': 43626.68698000908, 'total_duration': 47601.69812655449, 'accumulated_submission_time': 43626.68698000908, 'accumulated_eval_time': 3971.5573813915253, 'accumulated_logging_time': 3.1224007606506348}
I0411 17:53:57.263699 140612549707520 logging_writer.py:48] [18212] accumulated_eval_time=3971.56, accumulated_logging_time=3.1224, accumulated_submission_time=43626.7, global_step=18212, preemption_count=0, score=43626.7, test/ctc_loss=0.08520425111055374, test/num_examples=2472, test/wer=0.109337, total_duration=47601.7, train/ctc_loss=0.10418425500392914, train/wer=0.138593, validation/ctc_loss=0.14791573584079742, validation/num_examples=5348, validation/wer=0.170724
/usr/local/lib/python3.11/multiprocessing/popen_fork.py:66: RuntimeWarning: os.fork() was called. os.fork() is incompatible with multithreaded code, and JAX is multithreaded, so this will likely lead to a deadlock.
  self.pid = os.fork()
I0411 18:18:05.673238 140627339084992 spec.py:333] Evaluating on the training split.
I0411 18:18:55.522239 140627339084992 spec.py:346] Evaluating on the validation split.
I0411 18:20:00.254485 140627339084992 spec.py:363] Evaluating on the test split.
I0411 18:20:29.816132 140627339084992 submission_runner.py:516] Time since start: 49194.30s, 	Step: 18829, 	{'train/ctc_loss': Array(0.10249837, dtype=float32), 'train/wer': np.float64(0.13669599366450058), 'validation/ctc_loss': Array(0.14493208, dtype=float32), 'validation/wer': np.float64(0.16756626273354897), 'validation/num_examples': 5348, 'test/ctc_loss': Array(0.08420823, dtype=float32), 'test/wer': np.float64(0.10834196575467674), 'test/num_examples': 2472, 'score': 45075.07902789116, 'total_duration': 49194.30473303795, 'accumulated_submission_time': 45075.07902789116, 'accumulated_eval_time': 4115.697923898697, 'accumulated_logging_time': 3.1873016357421875}
I0411 18:20:29.868092 140612549707520 logging_writer.py:48] [18829] accumulated_eval_time=4115.7, accumulated_logging_time=3.1873, accumulated_submission_time=45075.1, global_step=18829, preemption_count=0, score=45075.1, test/ctc_loss=0.08420822769403458, test/num_examples=2472, test/wer=0.108342, total_duration=49194.3, train/ctc_loss=0.1024983674287796, train/wer=0.136696, validation/ctc_loss=0.1449320763349533, validation/num_examples=5348, validation/wer=0.167566
I0411 18:44:37.493975 140627339084992 spec.py:333] Evaluating on the training split.
I0411 18:45:28.003366 140627339084992 spec.py:346] Evaluating on the validation split.
/usr/local/lib/python3.11/multiprocessing/popen_fork.py:66: RuntimeWarning: os.fork() was called. os.fork() is incompatible with multithreaded code, and JAX is multithreaded, so this will likely lead to a deadlock.
  self.pid = os.fork()
I0411 18:46:12.717204 140627339084992 spec.py:363] Evaluating on the test split.
I0411 18:46:36.506069 140627339084992 submission_runner.py:516] Time since start: 50760.99s, 	Step: 19378, 	{'train/ctc_loss': Array(0.10520649, dtype=float32), 'train/wer': np.float64(0.13825258799171844), 'validation/ctc_loss': Array(0.14460316, dtype=float32), 'validation/wer': np.float64(0.16801042823347656), 'validation/num_examples': 5348, 'test/ctc_loss': Array(0.08242807, dtype=float32), 'test/wer': np.float64(0.10602644567668028), 'test/num_examples': 2472, 'score': 46522.68702316284, 'total_duration': 50760.99439930916, 'accumulated_submission_time': 46522.68702316284, 'accumulated_eval_time': 4234.707229375839, 'accumulated_logging_time': 3.2512452602386475}
I0411 18:46:36.563285 140612549707520 logging_writer.py:48] [19378] accumulated_eval_time=4234.71, accumulated_logging_time=3.25125, accumulated_submission_time=46522.7, global_step=19378, preemption_count=0, score=46522.7, test/ctc_loss=0.08242806792259216, test/num_examples=2472, test/wer=0.106026, total_duration=50761, train/ctc_loss=0.10520648956298828, train/wer=0.138253, validation/ctc_loss=0.1446031630039215, validation/num_examples=5348, validation/wer=0.16801
/usr/local/lib/python3.11/multiprocessing/popen_fork.py:66: RuntimeWarning: os.fork() was called. os.fork() is incompatible with multithreaded code, and JAX is multithreaded, so this will likely lead to a deadlock.
  self.pid = os.fork()
I0411 19:10:44.425662 140627339084992 spec.py:333] Evaluating on the training split.
I0411 19:11:33.433006 140627339084992 spec.py:346] Evaluating on the validation split.
I0411 19:12:17.882174 140627339084992 spec.py:363] Evaluating on the test split.
I0411 19:12:39.924077 140627339084992 submission_runner.py:516] Time since start: 52324.41s, 	Step: 20078, 	{'train/ctc_loss': Array(0.10489896, dtype=float32), 'train/wer': np.float64(0.13866854389157882), 'validation/ctc_loss': Array(0.14051631, dtype=float32), 'validation/wer': np.float64(0.16203350552792933), 'validation/num_examples': 5348, 'test/ctc_loss': Array(0.08144797, dtype=float32), 'test/wer': np.float64(0.1047671277395243), 'test/num_examples': 2472, 'score': 47970.53098869324, 'total_duration': 52324.41274666786, 'accumulated_submission_time': 47970.53098869324, 'accumulated_eval_time': 4350.203351736069, 'accumulated_logging_time': 3.3194329738616943}
I0411 19:12:39.978631 140612549707520 logging_writer.py:48] [20078] accumulated_eval_time=4350.2, accumulated_logging_time=3.31943, accumulated_submission_time=47970.5, global_step=20078, preemption_count=0, score=47970.5, test/ctc_loss=0.08144797384738922, test/num_examples=2472, test/wer=0.104767, total_duration=52324.4, train/ctc_loss=0.10489895939826965, train/wer=0.138669, validation/ctc_loss=0.14051631093025208, validation/num_examples=5348, validation/wer=0.162034
I0411 19:36:50.078680 140627339084992 spec.py:333] Evaluating on the training split.
I0411 19:37:40.603857 140627339084992 spec.py:346] Evaluating on the validation split.
/usr/local/lib/python3.11/multiprocessing/popen_fork.py:66: RuntimeWarning: os.fork() was called. os.fork() is incompatible with multithreaded code, and JAX is multithreaded, so this will likely lead to a deadlock.
  self.pid = os.fork()
I0411 19:38:30.039123 140627339084992 spec.py:363] Evaluating on the test split.
I0411 19:38:52.065222 140627339084992 submission_runner.py:516] Time since start: 53896.55s, 	Step: 20587, 	{'train/ctc_loss': Array(0.10488038, dtype=float32), 'train/wer': np.float64(0.13670917783900935), 'validation/ctc_loss': Array(0.14235117, dtype=float32), 'validation/wer': np.float64(0.16479505624487037), 'validation/num_examples': 5348, 'test/ctc_loss': Array(0.08241408, dtype=float32), 'test/wer': np.float64(0.10608738041557492), 'test/num_examples': 2472, 'score': 49420.614488363266, 'total_duration': 53896.553883075714, 'accumulated_submission_time': 49420.614488363266, 'accumulated_eval_time': 4472.187438726425, 'accumulated_logging_time': 3.384908676147461}
I0411 19:38:52.122866 140612549707520 logging_writer.py:48] [20587] accumulated_eval_time=4472.19, accumulated_logging_time=3.38491, accumulated_submission_time=49420.6, global_step=20587, preemption_count=0, score=49420.6, test/ctc_loss=0.08241407573223114, test/num_examples=2472, test/wer=0.106087, total_duration=53896.6, train/ctc_loss=0.10488037765026093, train/wer=0.136709, validation/ctc_loss=0.1423511654138565, validation/num_examples=5348, validation/wer=0.164795
/usr/local/lib/python3.11/multiprocessing/popen_fork.py:66: RuntimeWarning: os.fork() was called. os.fork() is incompatible with multithreaded code, and JAX is multithreaded, so this will likely lead to a deadlock.
  self.pid = os.fork()
I0411 20:02:59.511483 140627339084992 spec.py:333] Evaluating on the training split.
I0411 20:03:50.126436 140627339084992 spec.py:346] Evaluating on the validation split.
I0411 20:04:36.352735 140627339084992 spec.py:363] Evaluating on the test split.
I0411 20:04:58.823946 140627339084992 submission_runner.py:516] Time since start: 55463.31s, 	Step: 21329, 	{'train/ctc_loss': Array(0.09453396, dtype=float32), 'train/wer': np.float64(0.12656645817920953), 'validation/ctc_loss': Array(0.13680755, dtype=float32), 'validation/wer': np.float64(0.15879882199584802), 'validation/num_examples': 5348, 'test/ctc_loss': Array(0.07730426, dtype=float32), 'test/wer': np.float64(0.10027826864095221), 'test/num_examples': 2472, 'score': 50867.984994888306, 'total_duration': 55463.31258869171, 'accumulated_submission_time': 50867.984994888306, 'accumulated_eval_time': 4591.4975752830505, 'accumulated_logging_time': 3.4532997608184814}
I0411 20:04:58.883212 140612549707520 logging_writer.py:48] [21329] accumulated_eval_time=4591.5, accumulated_logging_time=3.4533, accumulated_submission_time=50868, global_step=21329, preemption_count=0, score=50868, test/ctc_loss=0.07730425894260406, test/num_examples=2472, test/wer=0.100278, total_duration=55463.3, train/ctc_loss=0.09453395754098892, train/wer=0.126566, validation/ctc_loss=0.13680754601955414, validation/num_examples=5348, validation/wer=0.158799
/usr/local/lib/python3.11/multiprocessing/popen_fork.py:66: RuntimeWarning: os.fork() was called. os.fork() is incompatible with multithreaded code, and JAX is multithreaded, so this will likely lead to a deadlock.
  self.pid = os.fork()
I0411 20:29:06.249727 140627339084992 spec.py:333] Evaluating on the training split.
I0411 20:29:55.177750 140627339084992 spec.py:346] Evaluating on the validation split.
I0411 20:30:58.918673 140627339084992 spec.py:363] Evaluating on the test split.
I0411 20:31:31.539757 140627339084992 submission_runner.py:516] Time since start: 57056.03s, 	Step: 22022, 	{'train/ctc_loss': Array(0.09394646, dtype=float32), 'train/wer': np.float64(0.12674569850759893), 'validation/ctc_loss': Array(0.13414894, dtype=float32), 'validation/wer': np.float64(0.15626900980060832), 'validation/num_examples': 5348, 'test/ctc_loss': Array(0.07675885, dtype=float32), 'test/wer': np.float64(0.09920175492048017), 'test/num_examples': 2472, 'score': 52315.33177924156, 'total_duration': 57056.0282804966, 'accumulated_submission_time': 52315.33177924156, 'accumulated_eval_time': 4736.78508067131, 'accumulated_logging_time': 3.5245816707611084}
I0411 20:31:31.598130 140612549707520 logging_writer.py:48] [22022] accumulated_eval_time=4736.79, accumulated_logging_time=3.52458, accumulated_submission_time=52315.3, global_step=22022, preemption_count=0, score=52315.3, test/ctc_loss=0.07675885409116745, test/num_examples=2472, test/wer=0.0992018, total_duration=57056, train/ctc_loss=0.09394646435976028, train/wer=0.126746, validation/ctc_loss=0.13414894044399261, validation/num_examples=5348, validation/wer=0.156269
I0411 20:55:39.214473 140627339084992 spec.py:333] Evaluating on the training split.
I0411 20:56:28.376349 140627339084992 spec.py:346] Evaluating on the validation split.
/usr/local/lib/python3.11/multiprocessing/popen_fork.py:66: RuntimeWarning: os.fork() was called. os.fork() is incompatible with multithreaded code, and JAX is multithreaded, so this will likely lead to a deadlock.
  self.pid = os.fork()
I0411 20:57:12.901845 140627339084992 spec.py:363] Evaluating on the test split.
I0411 20:57:35.207656 140627339084992 submission_runner.py:516] Time since start: 58619.70s, 	Step: 22606, 	{'train/ctc_loss': Array(0.09024229, dtype=float32), 'train/wer': np.float64(0.12286300941838146), 'validation/ctc_loss': Array(0.1334508, dtype=float32), 'validation/wer': np.float64(0.15529377685511514), 'validation/num_examples': 5348, 'test/ctc_loss': Array(0.07692748, dtype=float32), 'test/wer': np.float64(0.09912050860195397), 'test/num_examples': 2472, 'score': 53762.93091630936, 'total_duration': 58619.69616365433, 'accumulated_submission_time': 53762.93091630936, 'accumulated_eval_time': 4852.775659561157, 'accumulated_logging_time': 3.594031810760498}
I0411 20:57:35.266000 140612549707520 logging_writer.py:48] [22606] accumulated_eval_time=4852.78, accumulated_logging_time=3.59403, accumulated_submission_time=53762.9, global_step=22606, preemption_count=0, score=53762.9, test/ctc_loss=0.07692748308181763, test/num_examples=2472, test/wer=0.0991205, total_duration=58619.7, train/ctc_loss=0.09024228900671005, train/wer=0.122863, validation/ctc_loss=0.13345080614089966, validation/num_examples=5348, validation/wer=0.155294
/usr/local/lib/python3.11/multiprocessing/popen_fork.py:66: RuntimeWarning: os.fork() was called. os.fork() is incompatible with multithreaded code, and JAX is multithreaded, so this will likely lead to a deadlock.
  self.pid = os.fork()
I0411 21:21:48.778563 140627339084992 spec.py:333] Evaluating on the training split.
I0411 21:22:38.283385 140627339084992 spec.py:346] Evaluating on the validation split.
I0411 21:23:22.719664 140627339084992 spec.py:363] Evaluating on the test split.
I0411 21:23:45.064846 140627339084992 submission_runner.py:516] Time since start: 60189.55s, 	Step: 23377, 	{'train/ctc_loss': Array(0.09211943, dtype=float32), 'train/wer': np.float64(0.12286135609239511), 'validation/ctc_loss': Array(0.13321266, dtype=float32), 'validation/wer': np.float64(0.15433785545309708), 'validation/num_examples': 5348, 'test/ctc_loss': Array(0.07542713, dtype=float32), 'test/wer': np.float64(0.0973534011740093), 'test/num_examples': 2472, 'score': 55216.424380779266, 'total_duration': 60189.55333042145, 'accumulated_submission_time': 55216.424380779266, 'accumulated_eval_time': 4969.059359550476, 'accumulated_logging_time': 3.6633753776550293}
I0411 21:23:45.127480 140612549707520 logging_writer.py:48] [23377] accumulated_eval_time=4969.06, accumulated_logging_time=3.66338, accumulated_submission_time=55216.4, global_step=23377, preemption_count=0, score=55216.4, test/ctc_loss=0.07542712986469269, test/num_examples=2472, test/wer=0.0973534, total_duration=60189.6, train/ctc_loss=0.09211943298578262, train/wer=0.122861, validation/ctc_loss=0.13321265578269958, validation/num_examples=5348, validation/wer=0.154338
/usr/local/lib/python3.11/multiprocessing/popen_fork.py:66: RuntimeWarning: os.fork() was called. os.fork() is incompatible with multithreaded code, and JAX is multithreaded, so this will likely lead to a deadlock.
  self.pid = os.fork()
I0411 21:47:52.664099 140612549707520 logging_writer.py:48] [24051] global_step=24051, preemption_count=0, score=56663.9
I0411 21:48:00.563072 140627339084992 submission_runner.py:857] Final librispeech_deepspeech score: 56663.90212345123
