python submission_runner.py --framework=jax --workload=librispeech_conformer --submission_path=submissions_algorithms/submissions/self_tuning/single_worker_diloco/submission.py --data_dir=/data/librispeech --experiment_dir=/experiment_runs --experiment_name=submissions_a100/single_worker_diloco/study_2 --overwrite=True --save_checkpoints=False --rng_seed=366559260 --librispeech_tokenizer_vocab_path=/data/librispeech/spm_model.vocab --tuning_ruleset=self 2>&1 | tee -a /logs/librispeech_conformer_jax_06-10-2026-02-00-33.log
2026-06-10 02:00:34.496486: E external/local_xla/xla/stream_executor/cuda/cuda_fft.cc:467] Unable to register cuFFT factory: Attempting to register factory for plugin cuFFT when one has already been registered
WARNING: All log messages before absl::InitializeLog() is called are written to STDERR
E0000 00:00:1781056834.519391       9 cuda_dnn.cc:8579] Unable to register cuDNN factory: Attempting to register factory for plugin cuDNN when one has already been registered
E0000 00:00:1781056834.527213       9 cuda_blas.cc:1407] Unable to register cuBLAS factory: Attempting to register factory for plugin cuBLAS when one has already been registered
W0000 00:00:1781056834.546017       9 computation_placer.cc:177] computation placer already registered. Please check linkage and avoid linking the same target more than once.
W0000 00:00:1781056834.546041       9 computation_placer.cc:177] computation placer already registered. Please check linkage and avoid linking the same target more than once.
W0000 00:00:1781056834.546044       9 computation_placer.cc:177] computation placer already registered. Please check linkage and avoid linking the same target more than once.
W0000 00:00:1781056834.546046       9 computation_placer.cc:177] computation placer already registered. Please check linkage and avoid linking the same target more than once.
/usr/local/lib/python3.11/site-packages/torch/__init__.py:1617: UserWarning: Please use the new API settings to control TF32 behavior, such as torch.backends.cudnn.conv.fp32_precision = 'tf32' or torch.backends.cuda.matmul.fp32_precision = 'ieee'. Old settings, e.g, torch.backends.cuda.matmul.allow_tf32 = True, torch.backends.cudnn.allow_tf32 = True, allowTF32CuDNN() and allowTF32CuBLAS() will be deprecated after Pytorch 2.9. Please see https://pytorch.org/docs/main/notes/cuda.html#tensorfloat-32-tf32-on-ampere-and-later-devices (Triggered internally at /pytorch/aten/src/ATen/Context.cpp:80.)
  _C._set_float32_matmul_precision(precision)
/usr/local/lib/python3.11/site-packages/pydantic/_internal/_generate_schema.py:2249: UnsupportedFieldAttributeWarning: The 'repr' attribute with value False was provided to the `Field()` function, which has no effect in the context it was used. 'repr' is field-specific metadata, and can only be attached to a model field using `Annotated` metadata or by assignment. This may have happened because an `Annotated` type alias using the `type` statement was used, or if the `Field()` function was attached to a single member of a union type.
  warnings.warn(
/usr/local/lib/python3.11/site-packages/pydantic/_internal/_generate_schema.py:2249: UnsupportedFieldAttributeWarning: The 'frozen' attribute with value True was provided to the `Field()` function, which has no effect in the context it was used. 'frozen' is field-specific metadata, and can only be attached to a model field using `Annotated` metadata or by assignment. This may have happened because an `Annotated` type alias using the `type` statement was used, or if the `Field()` function was attached to a single member of a union type.
  warnings.warn(
INFO:2026-06-10 02:00:42,685:jax._src.xla_bridge:830: Unable to initialize backend 'tpu': INTERNAL: Failed to open libtpu.so: libtpu.so: cannot open shared object file: No such file or directory
I0610 02:00:42.685791 140632491185344 xla_bridge.py:830] Unable to initialize backend 'tpu': INTERNAL: Failed to open libtpu.so: libtpu.so: cannot open shared object file: No such file or directory
I0610 02:00:43.428900 140632491185344 logger_utils.py:84] Creating experiment directory at /experiment_runs/submissions_a100/single_worker_diloco/study_2/librispeech_conformer_jax.
I0610 02:00:43.832311 140632491185344 submission_runner.py:741] Creating directory at /experiment_runs/submissions_a100/single_worker_diloco/study_2/librispeech_conformer_jax/trial_1.
I0610 02:00:44.100071 140632491185344 submission_runner.py:242] Initializing dataset.
I0610 02:00:44.100284 140632491185344 submission_runner.py:251] Initializing model.
I0610 02:01:06.180251 140632491185344 submission_runner.py:294] Initializing optimizer.
I0610 02:01:07.146157 140632491185344 submission_runner.py:299] Initializing metrics bundle.
I0610 02:01:07.146439 140632491185344 submission_runner.py:321] Initializing checkpoint and logger.
I0610 02:01:07.153106 140632491185344 checkpoints.py:1098] Found no checkpoint files in /experiment_runs/submissions_a100/single_worker_diloco/study_2/librispeech_conformer_jax/trial_1 with prefix checkpoint_
I0610 02:01:07.153252 140632491185344 submission_runner.py:344] Saving meta data to /experiment_runs/submissions_a100/single_worker_diloco/study_2/librispeech_conformer_jax/trial_1/meta_data_0.json.
I0610 02:01:07.153433 140632491185344 logger_utils.py:283] Unable to record workload.train_mean information. Continuing without it.
I0610 02:01:07.153492 140632491185344 logger_utils.py:283] Unable to record workload.train_stddev information. Continuing without it.
I0610 02:01:07.318210 140632491185344 submission_runner.py:348] Saving flags to /experiment_runs/submissions_a100/single_worker_diloco/study_2/librispeech_conformer_jax/trial_1/flags_0.json.
I0610 02:01:07.337165 140632491185344 submission_runner.py:359] Starting training loop.
I0610 02:01:07.526481 140632491185344 input_pipeline.py:19] Loading split = train-clean-100
I0610 02:01:07.602691 140632491185344 input_pipeline.py:19] Loading split = train-clean-360
I0610 02:01:07.786355 140632491185344 input_pipeline.py:19] Loading split = train-other-500
/usr/local/lib/python3.11/multiprocessing/popen_fork.py:66: RuntimeWarning: os.fork() was called. os.fork() is incompatible with multithreaded code, and JAX is multithreaded, so this will likely lead to a deadlock.
  self.pid = os.fork()
/usr/local/lib/python3.11/site-packages/jax/_src/interpreters/mlir.py:1268: UserWarning: Some donated buffers were not usable: float32[512], float32[512], float32[512], float32[512], float32[512], float32[512], float32[512], float32[512].
See an explanation at https://docs.jax.dev/en/latest/faq.html#buffer-donation.
  warnings.warn("Some donated buffers were not usable:"
2026-06-10 02:01:47.350727: E external/xla/xla/stream_executor/cuda/cuda_timer.cc:86] Delay kernel timed out: measured time has sub-optimal accuracy. There may be a missing warmup execution, please investigate in Nsight Systems.
2026-06-10 02:01:47.511266: E external/xla/xla/stream_executor/cuda/cuda_timer.cc:86] Delay kernel timed out: measured time has sub-optimal accuracy. There may be a missing warmup execution, please investigate in Nsight Systems.
2026-06-10 02:01:56.166481: E external/xla/xla/service/slow_operation_alarm.cc:73] Trying algorithm eng0{} for conv (f32[64,512,999,41]{3,2,1,0}, u8[0]{0}) custom-call(f32[64,512,500,20]{3,2,1,0}, f32[512,512,3,3]{3,2,1,0}), window={size=3x3 stride=2x2 pad=1_1x0_0}, dim_labels=bf01_oi01->bf01, custom_call_target="__cudnn$convBackwardInput", backend_config={"operation_queue_id":"0","wait_on_operation_queues":[],"cudnn_conv_backend_config":{"activation_mode":"kNone","conv_result_scale":1,"side_input_scale":0,"leakyrelu_alpha":0},"force_earliest_schedule":false,"reification_cost":[]} is taking a while...
2026-06-10 02:02:31.663004: E external/xla/xla/service/slow_operation_alarm.cc:140] The operation took 36.496646321s
Trying algorithm eng0{} for conv (f32[64,512,999,41]{3,2,1,0}, u8[0]{0}) custom-call(f32[64,512,500,20]{3,2,1,0}, f32[512,512,3,3]{3,2,1,0}), window={size=3x3 stride=2x2 pad=1_1x0_0}, dim_labels=bf01_oi01->bf01, custom_call_target="__cudnn$convBackwardInput", backend_config={"operation_queue_id":"0","wait_on_operation_queues":[],"cudnn_conv_backend_config":{"activation_mode":"kNone","conv_result_scale":1,"side_input_scale":0,"leakyrelu_alpha":0},"force_earliest_schedule":false,"reification_cost":[]} is taking a while...
2026-06-10 02:02:41.676037: E external/xla/xla/service/slow_operation_alarm.cc:73] Trying algorithm eng0{} for conv (f32[512,512,3,3]{3,2,1,0}, u8[0]{0}) custom-call(f32[64,512,999,41]{3,2,1,0}, f32[64,512,500,20]{3,2,1,0}), window={size=3x3 stride=2x2 pad=1_1x0_0}, dim_labels=bf01_oi01->bf01, custom_call_target="__cudnn$convBackwardFilter", backend_config={"operation_queue_id":"0","wait_on_operation_queues":[],"cudnn_conv_backend_config":{"activation_mode":"kNone","conv_result_scale":1,"side_input_scale":0,"leakyrelu_alpha":0},"force_earliest_schedule":false,"reification_cost":[]} is taking a while...
2026-06-10 02:02:57.329383: E external/xla/xla/service/slow_operation_alarm.cc:140] The operation took 16.65353021s
Trying algorithm eng0{} for conv (f32[512,512,3,3]{3,2,1,0}, u8[0]{0}) custom-call(f32[64,512,999,41]{3,2,1,0}, f32[64,512,500,20]{3,2,1,0}), window={size=3x3 stride=2x2 pad=1_1x0_0}, dim_labels=bf01_oi01->bf01, custom_call_target="__cudnn$convBackwardFilter", backend_config={"operation_queue_id":"0","wait_on_operation_queues":[],"cudnn_conv_backend_config":{"activation_mode":"kNone","conv_result_scale":1,"side_input_scale":0,"leakyrelu_alpha":0},"force_earliest_schedule":false,"reification_cost":[]} is taking a while...
I0610 02:04:12.025695 140632491185344 spec.py:333] Evaluating on the training split.
I0610 02:04:12.026040 140632491185344 input_pipeline.py:19] Loading split = train-clean-100
I0610 02:04:12.053407 140632491185344 input_pipeline.py:19] Loading split = train-clean-360
I0610 02:04:12.450868 140632491185344 input_pipeline.py:19] Loading split = train-other-500
/usr/local/lib/python3.11/site-packages/jax/_src/ops/scatter.py:110: FutureWarning: scatter inputs have incompatible types: cannot safely cast value from dtype=float32 to dtype=int32 with jax_numpy_dtype_promotion='standard'. In future JAX releases this will result in an error.
  warnings.warn(
2026-06-10 02:04:28.281648: E external/xla/xla/service/slow_operation_alarm.cc:73] Constant folding an instruction is taking > 1s:

  %reduce-window.10 = f32[256,500]{1,0} reduce-window(%broadcast.219, %constant.69), window={size=1x500 pad=0_0x499_0}, to_apply=%region_53.2129.clone, metadata={op_name="jit(_eval_step)/jit(cumsum)/LibriSpeechConformerWorkload.sequence_mask/reduce_window_sum" source_file="/algorithmic-efficiency/algoperf/workloads/librispeech_conformer/librispeech_jax/workload.py" source_line=251}

This isn't necessarily a bug; constant-folding is inherently a trade-off between compilation time and speed at runtime. XLA has some guards that attempt to keep constant folding from taking too long, but fundamentally you'll always be able to come up with an input program that takes a long time.

If you'd like to file a bug, run with envvar XLA_FLAGS=--xla_dump_to=/tmp/foo and attach the results.
2026-06-10 02:04:34.780794: E external/xla/xla/service/slow_operation_alarm.cc:140] The operation took 7.499367687s
Constant folding an instruction is taking > 1s:

  %reduce-window.10 = f32[256,500]{1,0} reduce-window(%broadcast.219, %constant.69), window={size=1x500 pad=0_0x499_0}, to_apply=%region_53.2129.clone, metadata={op_name="jit(_eval_step)/jit(cumsum)/LibriSpeechConformerWorkload.sequence_mask/reduce_window_sum" source_file="/algorithmic-efficiency/algoperf/workloads/librispeech_conformer/librispeech_jax/workload.py" source_line=251}

This isn't necessarily a bug; constant-folding is inherently a trade-off between compilation time and speed at runtime. XLA has some guards that attempt to keep constant folding from taking too long, but fundamentally you'll always be able to come up with an input program that takes a long time.

If you'd like to file a bug, run with envvar XLA_FLAGS=--xla_dump_to=/tmp/foo and attach the results.
2026-06-10 02:04:36.780934: E external/xla/xla/service/slow_operation_alarm.cc:73] Constant folding an instruction is taking > 2s:

  %reduce-window.11 = f32[256,500]{1,0} reduce-window(%broadcast.219, %constant.72), window={size=1x500 pad=0_0x499_0}, to_apply=%region_53.2129, metadata={op_name="jit(_eval_step)/jit(cumsum)/LibriSpeechConformerWorkload.sequence_mask/reduce_window_sum" source_file="/algorithmic-efficiency/algoperf/workloads/librispeech_conformer/librispeech_jax/workload.py" source_line=251}

This isn't necessarily a bug; constant-folding is inherently a trade-off between compilation time and speed at runtime. XLA has some guards that attempt to keep constant folding from taking too long, but fundamentally you'll always be able to come up with an input program that takes a long time.

If you'd like to file a bug, run with envvar XLA_FLAGS=--xla_dump_to=/tmp/foo and attach the results.
2026-06-10 02:04:42.238027: E external/xla/xla/service/slow_operation_alarm.cc:140] The operation took 7.457186154s
Constant folding an instruction is taking > 2s:

  %reduce-window.11 = f32[256,500]{1,0} reduce-window(%broadcast.219, %constant.72), window={size=1x500 pad=0_0x499_0}, to_apply=%region_53.2129, metadata={op_name="jit(_eval_step)/jit(cumsum)/LibriSpeechConformerWorkload.sequence_mask/reduce_window_sum" source_file="/algorithmic-efficiency/algoperf/workloads/librispeech_conformer/librispeech_jax/workload.py" source_line=251}

This isn't necessarily a bug; constant-folding is inherently a trade-off between compilation time and speed at runtime. XLA has some guards that attempt to keep constant folding from taking too long, but fundamentally you'll always be able to come up with an input program that takes a long time.

If you'd like to file a bug, run with envvar XLA_FLAGS=--xla_dump_to=/tmp/foo and attach the results.
I0610 02:05:58.839239 140632491185344 spec.py:346] Evaluating on the validation split.
I0610 02:05:58.839669 140632491185344 input_pipeline.py:19] Loading split = dev-clean
I0610 02:05:58.843970 140632491185344 input_pipeline.py:19] Loading split = dev-other
2026-06-10 02:06:54.330006: E external/xla/xla/service/slow_operation_alarm.cc:73] Constant folding an instruction is taking > 4s:

  %reduce-window.10 = f32[228,500]{1,0} reduce-window(%broadcast.216, %constant.69), window={size=1x500 pad=0_0x499_0}, to_apply=%region_53.2126.clone, metadata={op_name="jit(_eval_step)/jit(cumsum)/LibriSpeechConformerWorkload.sequence_mask/reduce_window_sum" source_file="/algorithmic-efficiency/algoperf/workloads/librispeech_conformer/librispeech_jax/workload.py" source_line=251}

This isn't necessarily a bug; constant-folding is inherently a trade-off between compilation time and speed at runtime. XLA has some guards that attempt to keep constant folding from taking too long, but fundamentally you'll always be able to come up with an input program that takes a long time.

If you'd like to file a bug, run with envvar XLA_FLAGS=--xla_dump_to=/tmp/foo and attach the results.
2026-06-10 02:06:56.620446: E external/xla/xla/service/slow_operation_alarm.cc:140] The operation took 6.290625668s
Constant folding an instruction is taking > 4s:

  %reduce-window.10 = f32[228,500]{1,0} reduce-window(%broadcast.216, %constant.69), window={size=1x500 pad=0_0x499_0}, to_apply=%region_53.2126.clone, metadata={op_name="jit(_eval_step)/jit(cumsum)/LibriSpeechConformerWorkload.sequence_mask/reduce_window_sum" source_file="/algorithmic-efficiency/algoperf/workloads/librispeech_conformer/librispeech_jax/workload.py" source_line=251}

This isn't necessarily a bug; constant-folding is inherently a trade-off between compilation time and speed at runtime. XLA has some guards that attempt to keep constant folding from taking too long, but fundamentally you'll always be able to come up with an input program that takes a long time.

If you'd like to file a bug, run with envvar XLA_FLAGS=--xla_dump_to=/tmp/foo and attach the results.
2026-06-10 02:07:11.126991: E external/xla/xla/stream_executor/cuda/cuda_timer.cc:86] Delay kernel timed out: measured time has sub-optimal accuracy. There may be a missing warmup execution, please investigate in Nsight Systems.
2026-06-10 02:07:11.287318: E external/xla/xla/stream_executor/cuda/cuda_timer.cc:86] Delay kernel timed out: measured time has sub-optimal accuracy. There may be a missing warmup execution, please investigate in Nsight Systems.
I0610 02:07:45.139252 140632491185344 spec.py:363] Evaluating on the test split.
I0610 02:07:45.139827 140632491185344 input_pipeline.py:19] Loading split = test-clean
2026-06-10 02:08:22.331173: E external/xla/xla/stream_executor/cuda/cuda_timer.cc:86] Delay kernel timed out: measured time has sub-optimal accuracy. There may be a missing warmup execution, please investigate in Nsight Systems.
2026-06-10 02:08:22.491298: E external/xla/xla/stream_executor/cuda/cuda_timer.cc:86] Delay kernel timed out: measured time has sub-optimal accuracy. There may be a missing warmup execution, please investigate in Nsight Systems.
I0610 02:08:41.667879 140632491185344 submission_runner.py:516] Time since start: 454.33s, 	Step: 1, 	{'train/ctc_loss': Array(7.5945024, dtype=float32), 'train/wer': np.float64(0.9491389542510881), 'validation/ctc_loss': Array(7.4885645, dtype=float32), 'validation/wer': np.float64(0.9571766523439386), 'validation/num_examples': 5348, 'test/ctc_loss': Array(7.49836, dtype=float32), 'test/wer': np.float64(0.957000385920013), 'test/num_examples': 2472, 'score': 184.6883807182312, 'total_duration': 454.328408241272, 'accumulated_submission_time': 184.6883807182312, 'accumulated_eval_time': 269.6399447917938, 'accumulated_logging_time': 0}
I0610 02:08:41.706100 140571771389696 logging_writer.py:48] [1] accumulated_eval_time=269.64, accumulated_logging_time=0, accumulated_submission_time=184.688, global_step=1, preemption_count=0, score=184.688, test/ctc_loss=7.4983601570129395, test/num_examples=2472, test/wer=0.957, total_duration=454.328, train/ctc_loss=7.5945024490356445, train/wer=0.949139, validation/ctc_loss=7.488564491271973, validation/num_examples=5348, validation/wer=0.957177
I0610 02:37:56.525701 140632491185344 spec.py:333] Evaluating on the training split.
I0610 02:38:27.952518 140632491185344 spec.py:346] Evaluating on the validation split.
/usr/local/lib/python3.11/multiprocessing/popen_fork.py:66: RuntimeWarning: os.fork() was called. os.fork() is incompatible with multithreaded code, and JAX is multithreaded, so this will likely lead to a deadlock.
  self.pid = os.fork()
I0610 02:39:02.540308 140632491185344 spec.py:363] Evaluating on the test split.
I0610 02:39:19.863988 140632491185344 submission_runner.py:516] Time since start: 2292.52s, 	Step: 399, 	{'train/ctc_loss': Array(1.5498501, dtype=float32), 'train/wer': np.float64(0.944635537887994), 'validation/ctc_loss': Array(1.5872782, dtype=float32), 'validation/wer': np.float64(0.8967218654950997), 'validation/num_examples': 5348, 'test/ctc_loss': Array(1.5693011, dtype=float32), 'test/wer': np.float64(0.899579550301627), 'test/num_examples': 2472, 'score': 1939.4339129924774, 'total_duration': 2292.5244677066803, 'accumulated_submission_time': 1939.4339129924774, 'accumulated_eval_time': 352.97594594955444, 'accumulated_logging_time': 0.10836386680603027}
I0610 02:39:19.913299 140617366599424 logging_writer.py:48] [399] accumulated_eval_time=352.976, accumulated_logging_time=0.108364, accumulated_submission_time=1939.43, global_step=399, preemption_count=0, score=1939.43, test/ctc_loss=1.5693011283874512, test/num_examples=2472, test/wer=0.89958, total_duration=2292.52, train/ctc_loss=1.5498501062393188, train/wer=0.944636, validation/ctc_loss=1.5872782468795776, validation/num_examples=5348, validation/wer=0.896722
I0610 03:08:36.018160 140632491185344 spec.py:333] Evaluating on the training split.
I0610 03:09:08.516018 140632491185344 spec.py:346] Evaluating on the validation split.
/usr/local/lib/python3.11/multiprocessing/popen_fork.py:66: RuntimeWarning: os.fork() was called. os.fork() is incompatible with multithreaded code, and JAX is multithreaded, so this will likely lead to a deadlock.
  self.pid = os.fork()
I0610 03:09:43.384660 140632491185344 spec.py:363] Evaluating on the test split.
I0610 03:10:01.239846 140632491185344 submission_runner.py:516] Time since start: 4133.90s, 	Step: 807, 	{'train/ctc_loss': Array(1.4638834, dtype=float32), 'train/wer': np.float64(0.9427216791412514), 'validation/ctc_loss': Array(1.4632089, dtype=float32), 'validation/wer': np.float64(0.8967218654950997), 'validation/num_examples': 5348, 'test/ctc_loss': Array(1.4578109, dtype=float32), 'test/wer': np.float64(0.899579550301627), 'test/num_examples': 2472, 'score': 3695.5245966911316, 'total_duration': 4133.900396347046, 'accumulated_submission_time': 3695.5245966911316, 'accumulated_eval_time': 438.1953637599945, 'accumulated_logging_time': 0.16768503189086914}
I0610 03:10:01.286199 140617366599424 logging_writer.py:48] [807] accumulated_eval_time=438.195, accumulated_logging_time=0.167685, accumulated_submission_time=3695.52, global_step=807, preemption_count=0, score=3695.52, test/ctc_loss=1.457810878753662, test/num_examples=2472, test/wer=0.89958, total_duration=4133.9, train/ctc_loss=1.463883399963379, train/wer=0.942722, validation/ctc_loss=1.4632089138031006, validation/num_examples=5348, validation/wer=0.896722
/usr/local/lib/python3.11/multiprocessing/popen_fork.py:66: RuntimeWarning: os.fork() was called. os.fork() is incompatible with multithreaded code, and JAX is multithreaded, so this will likely lead to a deadlock.
  self.pid = os.fork()
I0610 03:39:11.704746 140632491185344 spec.py:333] Evaluating on the training split.
I0610 03:39:44.735965 140632491185344 spec.py:346] Evaluating on the validation split.
I0610 03:40:19.886579 140632491185344 spec.py:363] Evaluating on the test split.
I0610 03:40:37.700562 140632491185344 submission_runner.py:516] Time since start: 5970.36s, 	Step: 1323, 	{'train/ctc_loss': Array(1.5136615, dtype=float32), 'train/wer': np.float64(0.9433243196230056), 'validation/ctc_loss': Array(1.4703661, dtype=float32), 'validation/wer': np.float64(0.8967218654950997), 'validation/num_examples': 5348, 'test/ctc_loss': Array(1.4745129, dtype=float32), 'test/wer': np.float64(0.899579550301627), 'test/num_examples': 2472, 'score': 5445.927606105804, 'total_duration': 5970.361027002335, 'accumulated_submission_time': 5445.927606105804, 'accumulated_eval_time': 524.1889703273773, 'accumulated_logging_time': 0.22447800636291504}
I0610 03:40:37.753430 140617365550848 logging_writer.py:48] [1323] accumulated_eval_time=524.189, accumulated_logging_time=0.224478, accumulated_submission_time=5445.93, global_step=1323, preemption_count=0, score=5445.93, test/ctc_loss=1.4745129346847534, test/num_examples=2472, test/wer=0.89958, total_duration=5970.36, train/ctc_loss=1.513661503791809, train/wer=0.943324, validation/ctc_loss=1.47036612033844, validation/num_examples=5348, validation/wer=0.896722
I0610 04:09:46.183452 140632491185344 spec.py:333] Evaluating on the training split.
I0610 04:10:19.658223 140632491185344 spec.py:346] Evaluating on the validation split.
/usr/local/lib/python3.11/multiprocessing/popen_fork.py:66: RuntimeWarning: os.fork() was called. os.fork() is incompatible with multithreaded code, and JAX is multithreaded, so this will likely lead to a deadlock.
  self.pid = os.fork()
I0610 04:10:54.981201 140632491185344 spec.py:363] Evaluating on the test split.
I0610 04:11:12.963957 140632491185344 submission_runner.py:516] Time since start: 7805.62s, 	Step: 1787, 	{'train/ctc_loss': Array(1.5354962, dtype=float32), 'train/wer': np.float64(0.9437003215030003), 'validation/ctc_loss': Array(1.5048537, dtype=float32), 'validation/wer': np.float64(0.8967218654950997), 'validation/num_examples': 5348, 'test/ctc_loss': Array(1.5077513, dtype=float32), 'test/wer': np.float64(0.899579550301627), 'test/num_examples': 2472, 'score': 7194.341957092285, 'total_duration': 7805.624373912811, 'accumulated_submission_time': 7194.341957092285, 'accumulated_eval_time': 610.9670639038086, 'accumulated_logging_time': 0.28835201263427734}
I0610 04:11:13.015527 140617365550848 logging_writer.py:48] [1787] accumulated_eval_time=610.967, accumulated_logging_time=0.288352, accumulated_submission_time=7194.34, global_step=1787, preemption_count=0, score=7194.34, test/ctc_loss=1.5077513456344604, test/num_examples=2472, test/wer=0.89958, total_duration=7805.62, train/ctc_loss=1.5354962348937988, train/wer=0.9437, validation/ctc_loss=1.5048537254333496, validation/num_examples=5348, validation/wer=0.896722
/usr/local/lib/python3.11/multiprocessing/popen_fork.py:66: RuntimeWarning: os.fork() was called. os.fork() is incompatible with multithreaded code, and JAX is multithreaded, so this will likely lead to a deadlock.
  self.pid = os.fork()
I0610 04:40:21.264544 140632491185344 spec.py:333] Evaluating on the training split.
I0610 04:40:54.531999 140632491185344 spec.py:346] Evaluating on the validation split.
I0610 04:41:29.656834 140632491185344 spec.py:363] Evaluating on the test split.
I0610 04:41:47.723483 140632491185344 submission_runner.py:516] Time since start: 9640.38s, 	Step: 2346, 	{'train/ctc_loss': Array(1.4951724, dtype=float32), 'train/wer': np.float64(0.9415512405140359), 'validation/ctc_loss': Array(1.509809, dtype=float32), 'validation/wer': np.float64(0.8967218654950997), 'validation/num_examples': 5348, 'test/ctc_loss': Array(1.5066785, dtype=float32), 'test/wer': np.float64(0.899579550301627), 'test/num_examples': 2472, 'score': 8942.574475765228, 'total_duration': 9640.383959531784, 'accumulated_submission_time': 8942.574475765228, 'accumulated_eval_time': 697.4237163066864, 'accumulated_logging_time': 0.3504776954650879}
I0610 04:41:47.769017 140617365550848 logging_writer.py:48] [2346] accumulated_eval_time=697.424, accumulated_logging_time=0.350478, accumulated_submission_time=8942.57, global_step=2346, preemption_count=0, score=8942.57, test/ctc_loss=1.5066784620285034, test/num_examples=2472, test/wer=0.89958, total_duration=9640.38, train/ctc_loss=1.495172381401062, train/wer=0.941551, validation/ctc_loss=1.5098090171813965, validation/num_examples=5348, validation/wer=0.896722
I0610 05:10:59.361861 140632491185344 spec.py:333] Evaluating on the training split.
I0610 05:11:32.469299 140632491185344 spec.py:346] Evaluating on the validation split.
/usr/local/lib/python3.11/multiprocessing/popen_fork.py:66: RuntimeWarning: os.fork() was called. os.fork() is incompatible with multithreaded code, and JAX is multithreaded, so this will likely lead to a deadlock.
  self.pid = os.fork()
I0610 05:12:07.945806 140632491185344 spec.py:363] Evaluating on the test split.
I0610 05:12:25.934006 140632491185344 submission_runner.py:516] Time since start: 11478.59s, 	Step: 2895, 	{'train/ctc_loss': Array(1.5361649, dtype=float32), 'train/wer': np.float64(0.9426410101839947), 'validation/ctc_loss': Array(1.5103177, dtype=float32), 'validation/wer': np.float64(0.8967218654950997), 'validation/num_examples': 5348, 'test/ctc_loss': Array(1.5123906, dtype=float32), 'test/wer': np.float64(0.899579550301627), 'test/num_examples': 2472, 'score': 10694.151517391205, 'total_duration': 11478.594777107239, 'accumulated_submission_time': 10694.151517391205, 'accumulated_eval_time': 783.9938049316406, 'accumulated_logging_time': 0.40607142448425293}
I0610 05:12:25.980353 140617365550848 logging_writer.py:48] [2895] accumulated_eval_time=783.994, accumulated_logging_time=0.406071, accumulated_submission_time=10694.2, global_step=2895, preemption_count=0, score=10694.2, test/ctc_loss=1.5123906135559082, test/num_examples=2472, test/wer=0.89958, total_duration=11478.6, train/ctc_loss=1.5361648797988892, train/wer=0.942641, validation/ctc_loss=1.5103176832199097, validation/num_examples=5348, validation/wer=0.896722
/usr/local/lib/python3.11/multiprocessing/popen_fork.py:66: RuntimeWarning: os.fork() was called. os.fork() is incompatible with multithreaded code, and JAX is multithreaded, so this will likely lead to a deadlock.
  self.pid = os.fork()
I0610 05:41:33.208966 140632491185344 spec.py:333] Evaluating on the training split.
I0610 05:42:06.483874 140632491185344 spec.py:346] Evaluating on the validation split.
I0610 05:42:42.040158 140632491185344 spec.py:363] Evaluating on the test split.
I0610 05:43:00.080537 140632491185344 submission_runner.py:516] Time since start: 13312.74s, 	Step: 3565, 	{'train/ctc_loss': Array(1.51867, dtype=float32), 'train/wer': np.float64(0.9428243251866505), 'validation/ctc_loss': Array(1.5350819, dtype=float32), 'validation/wer': np.float64(0.8967218654950997), 'validation/num_examples': 5348, 'test/ctc_loss': Array(1.5347531, dtype=float32), 'test/wer': np.float64(0.899579550301627), 'test/num_examples': 2472, 'score': 12441.363428115845, 'total_duration': 13312.741040229797, 'accumulated_submission_time': 12441.363428115845, 'accumulated_eval_time': 870.8631100654602, 'accumulated_logging_time': 0.46248722076416016}
I0610 05:43:00.127309 140617365550848 logging_writer.py:48] [3565] accumulated_eval_time=870.863, accumulated_logging_time=0.462487, accumulated_submission_time=12441.4, global_step=3565, preemption_count=0, score=12441.4, test/ctc_loss=1.5347530841827393, test/num_examples=2472, test/wer=0.89958, total_duration=13312.7, train/ctc_loss=1.5186699628829956, train/wer=0.942824, validation/ctc_loss=1.5350818634033203, validation/num_examples=5348, validation/wer=0.896722
I0610 06:12:09.881443 140632491185344 spec.py:333] Evaluating on the training split.
I0610 06:12:43.582255 140632491185344 spec.py:346] Evaluating on the validation split.
/usr/local/lib/python3.11/multiprocessing/popen_fork.py:66: RuntimeWarning: os.fork() was called. os.fork() is incompatible with multithreaded code, and JAX is multithreaded, so this will likely lead to a deadlock.
  self.pid = os.fork()
I0610 06:13:19.006469 140632491185344 spec.py:363] Evaluating on the test split.
I0610 06:13:37.219114 140632491185344 submission_runner.py:516] Time since start: 15149.88s, 	Step: 4069, 	{'train/ctc_loss': Array(1.6828653, dtype=float32), 'train/wer': np.float64(0.9440859096700382), 'validation/ctc_loss': Array(1.6587994, dtype=float32), 'validation/wer': np.float64(0.8967218654950997), 'validation/num_examples': 5348, 'test/ctc_loss': Array(1.6648561, dtype=float32), 'test/wer': np.float64(0.899579550301627), 'test/num_examples': 2472, 'score': 14191.102325677872, 'total_duration': 15149.879656076431, 'accumulated_submission_time': 14191.102325677872, 'accumulated_eval_time': 958.1984946727753, 'accumulated_logging_time': 0.5195269584655762}
I0610 06:13:37.267007 140617365550848 logging_writer.py:48] [4069] accumulated_eval_time=958.198, accumulated_logging_time=0.519527, accumulated_submission_time=14191.1, global_step=4069, preemption_count=0, score=14191.1, test/ctc_loss=1.6648560762405396, test/num_examples=2472, test/wer=0.89958, total_duration=15149.9, train/ctc_loss=1.6828652620315552, train/wer=0.944086, validation/ctc_loss=1.658799409866333, validation/num_examples=5348, validation/wer=0.896722
/usr/local/lib/python3.11/multiprocessing/popen_fork.py:66: RuntimeWarning: os.fork() was called. os.fork() is incompatible with multithreaded code, and JAX is multithreaded, so this will likely lead to a deadlock.
  self.pid = os.fork()
I0610 06:42:44.661228 140632491185344 spec.py:333] Evaluating on the training split.
I0610 06:43:18.757246 140632491185344 spec.py:346] Evaluating on the validation split.
I0610 06:43:54.450986 140632491185344 spec.py:363] Evaluating on the test split.
I0610 06:44:12.500335 140632491185344 submission_runner.py:516] Time since start: 16985.16s, 	Step: 4808, 	{'train/ctc_loss': Array(1.6667862, dtype=float32), 'train/wer': np.float64(0.9409157893056834), 'validation/ctc_loss': Array(1.5882971, dtype=float32), 'validation/wer': np.float64(0.896190798049534), 'validation/num_examples': 5348, 'test/ctc_loss': Array(1.5897435, dtype=float32), 'test/wer': np.float64(0.8987873986959966), 'test/num_examples': 2472, 'score': 15938.47878575325, 'total_duration': 16985.160706996918, 'accumulated_submission_time': 15938.47878575325, 'accumulated_eval_time': 1046.035202741623, 'accumulated_logging_time': 0.577791690826416}
I0610 06:44:12.553413 140617365550848 logging_writer.py:48] [4808] accumulated_eval_time=1046.04, accumulated_logging_time=0.577792, accumulated_submission_time=15938.5, global_step=4808, preemption_count=0, score=15938.5, test/ctc_loss=1.5897434949874878, test/num_examples=2472, test/wer=0.898787, total_duration=16985.2, train/ctc_loss=1.6667861938476562, train/wer=0.940916, validation/ctc_loss=1.5882971286773682, validation/num_examples=5348, validation/wer=0.896191
/usr/local/lib/python3.11/multiprocessing/popen_fork.py:66: RuntimeWarning: os.fork() was called. os.fork() is incompatible with multithreaded code, and JAX is multithreaded, so this will likely lead to a deadlock.
  self.pid = os.fork()
I0610 07:13:19.976528 140632491185344 spec.py:333] Evaluating on the training split.
I0610 07:13:53.488963 140632491185344 spec.py:346] Evaluating on the validation split.
I0610 07:14:29.038619 140632491185344 spec.py:363] Evaluating on the test split.
I0610 07:14:47.052736 140632491185344 submission_runner.py:516] Time since start: 18819.71s, 	Step: 5408, 	{'train/ctc_loss': Array(1.5007124, dtype=float32), 'train/wer': np.float64(0.9423383225986367), 'validation/ctc_loss': Array(1.4723846, dtype=float32), 'validation/wer': np.float64(0.8967218654950997), 'validation/num_examples': 5348, 'test/ctc_loss': Array(1.4719422, dtype=float32), 'test/wer': np.float64(0.899579550301627), 'test/num_examples': 2472, 'score': 17685.884957313538, 'total_duration': 18819.713321208954, 'accumulated_submission_time': 17685.884957313538, 'accumulated_eval_time': 1133.109318971634, 'accumulated_logging_time': 0.6415884494781494}
I0610 07:14:47.099455 140617365550848 logging_writer.py:48] [5408] accumulated_eval_time=1133.11, accumulated_logging_time=0.641588, accumulated_submission_time=17685.9, global_step=5408, preemption_count=0, score=17685.9, test/ctc_loss=1.4719421863555908, test/num_examples=2472, test/wer=0.89958, total_duration=18819.7, train/ctc_loss=1.5007123947143555, train/wer=0.942338, validation/ctc_loss=1.4723845720291138, validation/num_examples=5348, validation/wer=0.896722
I0610 07:43:54.505928 140632491185344 spec.py:333] Evaluating on the training split.
I0610 07:44:27.934456 140632491185344 spec.py:346] Evaluating on the validation split.
/usr/local/lib/python3.11/multiprocessing/popen_fork.py:66: RuntimeWarning: os.fork() was called. os.fork() is incompatible with multithreaded code, and JAX is multithreaded, so this will likely lead to a deadlock.
  self.pid = os.fork()
I0610 07:45:03.830145 140632491185344 spec.py:363] Evaluating on the test split.
I0610 07:45:22.231788 140632491185344 submission_runner.py:516] Time since start: 20654.89s, 	Step: 5991, 	{'train/ctc_loss': Array(1.6485202, dtype=float32), 'train/wer': np.float64(0.9431396916893625), 'validation/ctc_loss': Array(1.624423, dtype=float32), 'validation/wer': np.float64(0.8967218654950997), 'validation/num_examples': 5348, 'test/ctc_loss': Array(1.6277257, dtype=float32), 'test/wer': np.float64(0.899579550301627), 'test/num_examples': 2472, 'score': 19433.27535700798, 'total_duration': 20654.89207959175, 'accumulated_submission_time': 19433.27535700798, 'accumulated_eval_time': 1220.8326513767242, 'accumulated_logging_time': 0.6986603736877441}
I0610 07:45:22.283400 140617365550848 logging_writer.py:48] [5991] accumulated_eval_time=1220.83, accumulated_logging_time=0.69866, accumulated_submission_time=19433.3, global_step=5991, preemption_count=0, score=19433.3, test/ctc_loss=1.6277257204055786, test/num_examples=2472, test/wer=0.89958, total_duration=20654.9, train/ctc_loss=1.6485202312469482, train/wer=0.94314, validation/ctc_loss=1.6244230270385742, validation/num_examples=5348, validation/wer=0.896722
/usr/local/lib/python3.11/multiprocessing/popen_fork.py:66: RuntimeWarning: os.fork() was called. os.fork() is incompatible with multithreaded code, and JAX is multithreaded, so this will likely lead to a deadlock.
  self.pid = os.fork()
I0610 08:14:35.975868 140632491185344 spec.py:333] Evaluating on the training split.
I0610 08:15:09.844328 140632491185344 spec.py:346] Evaluating on the validation split.
I0610 08:15:45.353863 140632491185344 spec.py:363] Evaluating on the test split.
I0610 08:16:03.416858 140632491185344 submission_runner.py:516] Time since start: 22496.08s, 	Step: 6682, 	{'train/ctc_loss': Array(1.5400562, dtype=float32), 'train/wer': np.float64(0.9432716912443612), 'validation/ctc_loss': Array(1.5265149, dtype=float32), 'validation/wer': np.float64(0.8967218654950997), 'validation/num_examples': 5348, 'test/ctc_loss': Array(1.526892, dtype=float32), 'test/wer': np.float64(0.899579550301627), 'test/num_examples': 2472, 'score': 21186.95020055771, 'total_duration': 22496.077416419983, 'accumulated_submission_time': 21186.95020055771, 'accumulated_eval_time': 1308.2715167999268, 'accumulated_logging_time': 0.7605667114257812}
I0610 08:16:03.463325 140617365550848 logging_writer.py:48] [6682] accumulated_eval_time=1308.27, accumulated_logging_time=0.760567, accumulated_submission_time=21187, global_step=6682, preemption_count=0, score=21187, test/ctc_loss=1.5268919467926025, test/num_examples=2472, test/wer=0.89958, total_duration=22496.1, train/ctc_loss=1.5400562286376953, train/wer=0.943272, validation/ctc_loss=1.5265148878097534, validation/num_examples=5348, validation/wer=0.896722
I0610 08:45:24.488858 140632491185344 spec.py:333] Evaluating on the training split.
I0610 08:45:57.848691 140632491185344 spec.py:346] Evaluating on the validation split.
/usr/local/lib/python3.11/multiprocessing/popen_fork.py:66: RuntimeWarning: os.fork() was called. os.fork() is incompatible with multithreaded code, and JAX is multithreaded, so this will likely lead to a deadlock.
  self.pid = os.fork()
I0610 08:46:33.428761 140632491185344 spec.py:363] Evaluating on the test split.
I0610 08:46:51.902703 140632491185344 submission_runner.py:516] Time since start: 24344.56s, 	Step: 7186, 	{'train/ctc_loss': Array(1.4514284, dtype=float32), 'train/wer': np.float64(0.944685667249717), 'validation/ctc_loss': Array(1.4411782, dtype=float32), 'validation/wer': np.float64(0.8967218654950997), 'validation/num_examples': 5348, 'test/ctc_loss': Array(1.4386255, dtype=float32), 'test/wer': np.float64(0.899579550301627), 'test/num_examples': 2472, 'score': 22947.96053647995, 'total_duration': 24344.563317775726, 'accumulated_submission_time': 22947.96053647995, 'accumulated_eval_time': 1395.6831529140472, 'accumulated_logging_time': 0.8171045780181885}
I0610 08:46:51.953013 140617365550848 logging_writer.py:48] [7186] accumulated_eval_time=1395.68, accumulated_logging_time=0.817105, accumulated_submission_time=22948, global_step=7186, preemption_count=0, score=22948, test/ctc_loss=1.438625454902649, test/num_examples=2472, test/wer=0.89958, total_duration=24344.6, train/ctc_loss=1.4514284133911133, train/wer=0.944686, validation/ctc_loss=1.4411782026290894, validation/num_examples=5348, validation/wer=0.896722
/usr/local/lib/python3.11/multiprocessing/popen_fork.py:66: RuntimeWarning: os.fork() was called. os.fork() is incompatible with multithreaded code, and JAX is multithreaded, so this will likely lead to a deadlock.
  self.pid = os.fork()
I0610 09:16:01.554061 140632491185344 spec.py:333] Evaluating on the training split.
I0610 09:16:35.264362 140632491185344 spec.py:346] Evaluating on the validation split.
I0610 09:17:10.762769 140632491185344 spec.py:363] Evaluating on the test split.
I0610 09:17:29.036118 140632491185344 submission_runner.py:516] Time since start: 26181.70s, 	Step: 7941, 	{'train/ctc_loss': Array(1.5009664, dtype=float32), 'train/wer': np.float64(0.9432456399645285), 'validation/ctc_loss': Array(1.4930235, dtype=float32), 'validation/wer': np.float64(0.8967218654950997), 'validation/num_examples': 5348, 'test/ctc_loss': Array(1.4938176, dtype=float32), 'test/wer': np.float64(0.899579550301627), 'test/num_examples': 2472, 'score': 24697.543761491776, 'total_duration': 26181.696634054184, 'accumulated_submission_time': 24697.543761491776, 'accumulated_eval_time': 1483.163045167923, 'accumulated_logging_time': 0.8774769306182861}
I0610 09:17:29.084007 140617365550848 logging_writer.py:48] [7941] accumulated_eval_time=1483.16, accumulated_logging_time=0.877477, accumulated_submission_time=24697.5, global_step=7941, preemption_count=0, score=24697.5, test/ctc_loss=1.4938175678253174, test/num_examples=2472, test/wer=0.89958, total_duration=26181.7, train/ctc_loss=1.5009664297103882, train/wer=0.943246, validation/ctc_loss=1.4930235147476196, validation/num_examples=5348, validation/wer=0.896722
/usr/local/lib/python3.11/multiprocessing/popen_fork.py:66: RuntimeWarning: os.fork() was called. os.fork() is incompatible with multithreaded code, and JAX is multithreaded, so this will likely lead to a deadlock.
  self.pid = os.fork()
I0610 09:46:37.322817 140632491185344 spec.py:333] Evaluating on the training split.
I0610 09:47:11.144366 140632491185344 spec.py:346] Evaluating on the validation split.
I0610 09:48:16.878429 140632491185344 spec.py:363] Evaluating on the test split.
I0610 09:48:49.610771 140632491185344 submission_runner.py:516] Time since start: 28062.27s, 	Step: 8627, 	{'train/ctc_loss': Array(1.4582483, dtype=float32), 'train/wer': np.float64(0.9439109001278072), 'validation/ctc_loss': Array(1.4666226, dtype=float32), 'validation/wer': np.float64(0.8967218654950997), 'validation/num_examples': 5348, 'test/ctc_loss': Array(1.4632417, dtype=float32), 'test/wer': np.float64(0.899579550301627), 'test/num_examples': 2472, 'score': 26445.765209436417, 'total_duration': 28062.271234750748, 'accumulated_submission_time': 26445.765209436417, 'accumulated_eval_time': 1615.4487011432648, 'accumulated_logging_time': 0.9358987808227539}
I0610 09:48:49.660967 140617365550848 logging_writer.py:48] [8627] accumulated_eval_time=1615.45, accumulated_logging_time=0.935899, accumulated_submission_time=26445.8, global_step=8627, preemption_count=0, score=26445.8, test/ctc_loss=1.463241696357727, test/num_examples=2472, test/wer=0.89958, total_duration=28062.3, train/ctc_loss=1.458248257637024, train/wer=0.943911, validation/ctc_loss=1.4666225910186768, validation/num_examples=5348, validation/wer=0.896722
I0610 10:18:04.214824 140632491185344 spec.py:333] Evaluating on the training split.
I0610 10:18:37.748869 140632491185344 spec.py:346] Evaluating on the validation split.
/usr/local/lib/python3.11/multiprocessing/popen_fork.py:66: RuntimeWarning: os.fork() was called. os.fork() is incompatible with multithreaded code, and JAX is multithreaded, so this will likely lead to a deadlock.
  self.pid = os.fork()
I0610 10:19:13.287177 140632491185344 spec.py:363] Evaluating on the test split.
I0610 10:19:31.408631 140632491185344 submission_runner.py:516] Time since start: 29904.07s, 	Step: 9212, 	{'train/ctc_loss': Array(1.4078019, dtype=float32), 'train/wer': np.float64(0.9450143703143059), 'validation/ctc_loss': Array(1.4026632, dtype=float32), 'validation/wer': np.float64(0.8967218654950997), 'validation/num_examples': 5348, 'test/ctc_loss': Array(1.4012703, dtype=float32), 'test/wer': np.float64(0.899579550301627), 'test/num_examples': 2472, 'score': 28200.30290913582, 'total_duration': 29904.068682432175, 'accumulated_submission_time': 28200.30290913582, 'accumulated_eval_time': 1702.6397426128387, 'accumulated_logging_time': 0.9959900379180908}
I0610 10:19:31.458025 140617365550848 logging_writer.py:48] [9212] accumulated_eval_time=1702.64, accumulated_logging_time=0.99599, accumulated_submission_time=28200.3, global_step=9212, preemption_count=0, score=28200.3, test/ctc_loss=1.4012702703475952, test/num_examples=2472, test/wer=0.89958, total_duration=29904.1, train/ctc_loss=1.407801866531372, train/wer=0.945014, validation/ctc_loss=1.402663230895996, validation/num_examples=5348, validation/wer=0.896722
/usr/local/lib/python3.11/multiprocessing/popen_fork.py:66: RuntimeWarning: os.fork() was called. os.fork() is incompatible with multithreaded code, and JAX is multithreaded, so this will likely lead to a deadlock.
  self.pid = os.fork()
I0610 10:48:47.707736 140632491185344 spec.py:333] Evaluating on the training split.
I0610 10:49:21.595103 140632491185344 spec.py:346] Evaluating on the validation split.
I0610 10:49:58.050973 140632491185344 spec.py:363] Evaluating on the test split.
I0610 10:50:16.235260 140632491185344 submission_runner.py:516] Time since start: 31748.90s, 	Step: 10029, 	{'train/ctc_loss': Array(1.7174894, dtype=float32), 'train/wer': np.float64(0.9417576703068122), 'validation/ctc_loss': Array(1.72062, dtype=float32), 'validation/wer': np.float64(0.8967218654950997), 'validation/num_examples': 5348, 'test/ctc_loss': Array(1.7298975, dtype=float32), 'test/wer': np.float64(0.899579550301627), 'test/num_examples': 2472, 'score': 29956.5343003273, 'total_duration': 31748.89555478096, 'accumulated_submission_time': 29956.5343003273, 'accumulated_eval_time': 1791.164805173874, 'accumulated_logging_time': 1.0557398796081543}
I0610 10:50:16.288002 140617365550848 logging_writer.py:48] [10029] accumulated_eval_time=1791.16, accumulated_logging_time=1.05574, accumulated_submission_time=29956.5, global_step=10029, preemption_count=0, score=29956.5, test/ctc_loss=1.7298974990844727, test/num_examples=2472, test/wer=0.89958, total_duration=31748.9, train/ctc_loss=1.7174893617630005, train/wer=0.941758, validation/ctc_loss=1.720620036125183, validation/num_examples=5348, validation/wer=0.896722
/usr/local/lib/python3.11/multiprocessing/popen_fork.py:66: RuntimeWarning: os.fork() was called. os.fork() is incompatible with multithreaded code, and JAX is multithreaded, so this will likely lead to a deadlock.
  self.pid = os.fork()
I0610 11:19:24.975335 140632491185344 spec.py:333] Evaluating on the training split.
I0610 11:19:58.722045 140632491185344 spec.py:346] Evaluating on the validation split.
I0610 11:20:34.363076 140632491185344 spec.py:363] Evaluating on the test split.
I0610 11:20:52.526119 140632491185344 submission_runner.py:516] Time since start: 33585.19s, 	Step: 10790, 	{'train/ctc_loss': Array(1.3668531, dtype=float32), 'train/wer': np.float64(0.9416600198590335), 'validation/ctc_loss': Array(1.3605433, dtype=float32), 'validation/wer': np.float64(0.8967218654950997), 'validation/num_examples': 5348, 'test/ctc_loss': Array(1.3573158, dtype=float32), 'test/wer': np.float64(0.899579550301627), 'test/num_examples': 2472, 'score': 31705.203058958054, 'total_duration': 33585.186542749405, 'accumulated_submission_time': 31705.203058958054, 'accumulated_eval_time': 1878.7133419513702, 'accumulated_logging_time': 1.1192457675933838}
I0610 11:20:52.576245 140617365550848 logging_writer.py:48] [10790] accumulated_eval_time=1878.71, accumulated_logging_time=1.11925, accumulated_submission_time=31705.2, global_step=10790, preemption_count=0, score=31705.2, test/ctc_loss=1.3573157787322998, test/num_examples=2472, test/wer=0.89958, total_duration=33585.2, train/ctc_loss=1.36685311794281, train/wer=0.94166, validation/ctc_loss=1.3605432510375977, validation/num_examples=5348, validation/wer=0.896722
/usr/local/lib/python3.11/multiprocessing/popen_fork.py:66: RuntimeWarning: os.fork() was called. os.fork() is incompatible with multithreaded code, and JAX is multithreaded, so this will likely lead to a deadlock.
  self.pid = os.fork()
I0610 11:50:00.873007 140632491185344 spec.py:333] Evaluating on the training split.
I0610 11:50:34.948722 140632491185344 spec.py:346] Evaluating on the validation split.
I0610 11:51:10.534120 140632491185344 spec.py:363] Evaluating on the test split.
I0610 11:51:28.606736 140632491185344 submission_runner.py:516] Time since start: 35421.27s, 	Step: 11407, 	{'train/ctc_loss': Array(1.4205606, dtype=float32), 'train/wer': np.float64(0.9447677853176417), 'validation/ctc_loss': Array(1.4502088, dtype=float32), 'validation/wer': np.float64(0.8967218654950997), 'validation/num_examples': 5348, 'test/ctc_loss': Array(1.4420849, dtype=float32), 'test/wer': np.float64(0.899579550301627), 'test/num_examples': 2472, 'score': 33453.48307442665, 'total_duration': 35421.26709628105, 'accumulated_submission_time': 33453.48307442665, 'accumulated_eval_time': 1966.4447696208954, 'accumulated_logging_time': 1.179725170135498}
I0610 11:51:28.656867 140617365550848 logging_writer.py:48] [11407] accumulated_eval_time=1966.44, accumulated_logging_time=1.17973, accumulated_submission_time=33453.5, global_step=11407, preemption_count=0, score=33453.5, test/ctc_loss=1.4420849084854126, test/num_examples=2472, test/wer=0.89958, total_duration=35421.3, train/ctc_loss=1.420560598373413, train/wer=0.944768, validation/ctc_loss=1.4502087831497192, validation/num_examples=5348, validation/wer=0.896722
I0610 12:20:42.833517 140632491185344 spec.py:333] Evaluating on the training split.
I0610 12:21:16.556669 140632491185344 spec.py:346] Evaluating on the validation split.
/usr/local/lib/python3.11/multiprocessing/popen_fork.py:66: RuntimeWarning: os.fork() was called. os.fork() is incompatible with multithreaded code, and JAX is multithreaded, so this will likely lead to a deadlock.
  self.pid = os.fork()
I0610 12:21:52.221256 140632491185344 spec.py:363] Evaluating on the test split.
I0610 12:22:10.463347 140632491185344 submission_runner.py:516] Time since start: 37263.12s, 	Step: 12115, 	{'train/ctc_loss': Array(1.3660759, dtype=float32), 'train/wer': np.float64(0.9427091658940503), 'validation/ctc_loss': Array(1.3665359, dtype=float32), 'validation/wer': np.float64(0.8967218654950997), 'validation/num_examples': 5348, 'test/ctc_loss': Array(1.3610065, dtype=float32), 'test/wer': np.float64(0.899579550301627), 'test/num_examples': 2472, 'score': 35207.64153313637, 'total_duration': 37263.12395453453, 'accumulated_submission_time': 35207.64153313637, 'accumulated_eval_time': 2054.072373867035, 'accumulated_logging_time': 1.2408299446105957}
I0610 12:22:10.515349 140617365550848 logging_writer.py:48] [12115] accumulated_eval_time=2054.07, accumulated_logging_time=1.24083, accumulated_submission_time=35207.6, global_step=12115, preemption_count=0, score=35207.6, test/ctc_loss=1.361006498336792, test/num_examples=2472, test/wer=0.89958, total_duration=37263.1, train/ctc_loss=1.366075873374939, train/wer=0.942709, validation/ctc_loss=1.3665359020233154, validation/num_examples=5348, validation/wer=0.896722
/usr/local/lib/python3.11/multiprocessing/popen_fork.py:66: RuntimeWarning: os.fork() was called. os.fork() is incompatible with multithreaded code, and JAX is multithreaded, so this will likely lead to a deadlock.
  self.pid = os.fork()
I0610 12:51:21.631890 140632491185344 spec.py:333] Evaluating on the training split.
I0610 12:51:55.838648 140632491185344 spec.py:346] Evaluating on the validation split.
I0610 12:52:50.511645 140632491185344 spec.py:363] Evaluating on the test split.
I0610 12:53:08.637648 140632491185344 submission_runner.py:516] Time since start: 39121.30s, 	Step: 12806, 	{'train/ctc_loss': Array(1.3821654, dtype=float32), 'train/wer': np.float64(0.9448971433842748), 'validation/ctc_loss': Array(1.3910971, dtype=float32), 'validation/wer': np.float64(0.8967218654950997), 'validation/num_examples': 5348, 'test/ctc_loss': Array(1.3856894, dtype=float32), 'test/wer': np.float64(0.899579550301627), 'test/num_examples': 2472, 'score': 36958.740387916565, 'total_duration': 39121.29802823067, 'accumulated_submission_time': 36958.740387916565, 'accumulated_eval_time': 2161.075829267502, 'accumulated_logging_time': 1.3033168315887451}
I0610 12:53:08.687740 140617365550848 logging_writer.py:48] [12806] accumulated_eval_time=2161.08, accumulated_logging_time=1.30332, accumulated_submission_time=36958.7, global_step=12806, preemption_count=0, score=36958.7, test/ctc_loss=1.385689377784729, test/num_examples=2472, test/wer=0.89958, total_duration=39121.3, train/ctc_loss=1.3821654319763184, train/wer=0.944897, validation/ctc_loss=1.391097068786621, validation/num_examples=5348, validation/wer=0.896722
I0610 13:22:27.919861 140632491185344 spec.py:333] Evaluating on the training split.
I0610 13:23:01.683462 140632491185344 spec.py:346] Evaluating on the validation split.
/usr/local/lib/python3.11/multiprocessing/popen_fork.py:66: RuntimeWarning: os.fork() was called. os.fork() is incompatible with multithreaded code, and JAX is multithreaded, so this will likely lead to a deadlock.
  self.pid = os.fork()
I0610 13:23:37.343483 140632491185344 spec.py:363] Evaluating on the test split.
I0610 13:23:55.700034 140632491185344 submission_runner.py:516] Time since start: 40968.36s, 	Step: 13335, 	{'train/ctc_loss': Array(1.3618932, dtype=float32), 'train/wer': np.float64(0.9432324554919642), 'validation/ctc_loss': Array(1.356934, dtype=float32), 'validation/wer': np.float64(0.8967218654950997), 'validation/num_examples': 5348, 'test/ctc_loss': Array(1.3543947, dtype=float32), 'test/wer': np.float64(0.899579550301627), 'test/num_examples': 2472, 'score': 38717.95630025864, 'total_duration': 40968.360431432724, 'accumulated_submission_time': 38717.95630025864, 'accumulated_eval_time': 2248.853568792343, 'accumulated_logging_time': 1.3639492988586426}
I0610 13:23:55.758060 140617365550848 logging_writer.py:48] [13335] accumulated_eval_time=2248.85, accumulated_logging_time=1.36395, accumulated_submission_time=38718, global_step=13335, preemption_count=0, score=38718, test/ctc_loss=1.3543946743011475, test/num_examples=2472, test/wer=0.89958, total_duration=40968.4, train/ctc_loss=1.3618931770324707, train/wer=0.943232, validation/ctc_loss=1.3569339513778687, validation/num_examples=5348, validation/wer=0.896722
/usr/local/lib/python3.11/multiprocessing/popen_fork.py:66: RuntimeWarning: os.fork() was called. os.fork() is incompatible with multithreaded code, and JAX is multithreaded, so this will likely lead to a deadlock.
  self.pid = os.fork()
I0610 13:53:08.446819 140632491185344 spec.py:333] Evaluating on the training split.
I0610 13:53:41.800259 140632491185344 spec.py:346] Evaluating on the validation split.
I0610 13:54:17.698670 140632491185344 spec.py:363] Evaluating on the test split.
I0610 13:54:36.037046 140632491185344 submission_runner.py:516] Time since start: 42808.70s, 	Step: 14094, 	{'train/ctc_loss': Array(1.3675355, dtype=float32), 'train/wer': np.float64(0.941680272071945), 'validation/ctc_loss': Array(1.3681664, dtype=float32), 'validation/wer': np.float64(0.8967218654950997), 'validation/num_examples': 5348, 'test/ctc_loss': Array(1.3640414, dtype=float32), 'test/wer': np.float64(0.899579550301627), 'test/num_examples': 2472, 'score': 40470.627193927765, 'total_duration': 42808.697348594666, 'accumulated_submission_time': 40470.627193927765, 'accumulated_eval_time': 2336.441421508789, 'accumulated_logging_time': 1.4321482181549072}
I0610 13:54:36.087771 140617365550848 logging_writer.py:48] [14094] accumulated_eval_time=2336.44, accumulated_logging_time=1.43215, accumulated_submission_time=40470.6, global_step=14094, preemption_count=0, score=40470.6, test/ctc_loss=1.3640414476394653, test/num_examples=2472, test/wer=0.89958, total_duration=42808.7, train/ctc_loss=1.3675354719161987, train/wer=0.94168, validation/ctc_loss=1.368166446685791, validation/num_examples=5348, validation/wer=0.896722
/usr/local/lib/python3.11/multiprocessing/popen_fork.py:66: RuntimeWarning: os.fork() was called. os.fork() is incompatible with multithreaded code, and JAX is multithreaded, so this will likely lead to a deadlock.
  self.pid = os.fork()
I0610 14:23:45.010028 140632491185344 spec.py:333] Evaluating on the training split.
I0610 14:24:18.846411 140632491185344 spec.py:346] Evaluating on the validation split.
I0610 14:24:54.541857 140632491185344 spec.py:363] Evaluating on the test split.
I0610 14:25:12.706770 140632491185344 submission_runner.py:516] Time since start: 44645.37s, 	Step: 14786, 	{'train/ctc_loss': Array(1.3631989, dtype=float32), 'train/wer': np.float64(0.940312095793757), 'validation/ctc_loss': Array(1.3613157, dtype=float32), 'validation/wer': np.float64(0.8967218654950997), 'validation/num_examples': 5348, 'test/ctc_loss': Array(1.3573163, dtype=float32), 'test/wer': np.float64(0.899579550301627), 'test/num_examples': 2472, 'score': 42219.53230881691, 'total_duration': 44645.367028951645, 'accumulated_submission_time': 42219.53230881691, 'accumulated_eval_time': 2424.135674715042, 'accumulated_logging_time': 1.4931440353393555}
I0610 14:25:12.758624 140617365550848 logging_writer.py:48] [14786] accumulated_eval_time=2424.14, accumulated_logging_time=1.49314, accumulated_submission_time=42219.5, global_step=14786, preemption_count=0, score=42219.5, test/ctc_loss=1.357316255569458, test/num_examples=2472, test/wer=0.89958, total_duration=44645.4, train/ctc_loss=1.3631988763809204, train/wer=0.940312, validation/ctc_loss=1.3613157272338867, validation/num_examples=5348, validation/wer=0.896722
I0610 14:54:23.280957 140632491185344 spec.py:333] Evaluating on the training split.
I0610 14:54:56.740295 140632491185344 spec.py:346] Evaluating on the validation split.
/usr/local/lib/python3.11/multiprocessing/popen_fork.py:66: RuntimeWarning: os.fork() was called. os.fork() is incompatible with multithreaded code, and JAX is multithreaded, so this will likely lead to a deadlock.
  self.pid = os.fork()
I0610 14:55:32.525356 140632491185344 spec.py:363] Evaluating on the test split.
I0610 14:55:50.749939 140632491185344 submission_runner.py:516] Time since start: 46483.41s, 	Step: 15372, 	{'train/ctc_loss': Array(1.3526405, dtype=float32), 'train/wer': np.float64(0.9371047844119075), 'validation/ctc_loss': Array(1.346207, dtype=float32), 'validation/wer': np.float64(0.8967218654950997), 'validation/num_examples': 5348, 'test/ctc_loss': Array(1.3419282, dtype=float32), 'test/wer': np.float64(0.899579550301627), 'test/num_examples': 2472, 'score': 43970.03832101822, 'total_duration': 46483.410323143005, 'accumulated_submission_time': 43970.03832101822, 'accumulated_eval_time': 2511.602221250534, 'accumulated_logging_time': 1.5553717613220215}
I0610 14:55:50.800875 140617365550848 logging_writer.py:48] [15372] accumulated_eval_time=2511.6, accumulated_logging_time=1.55537, accumulated_submission_time=43970, global_step=15372, preemption_count=0, score=43970, test/ctc_loss=1.341928243637085, test/num_examples=2472, test/wer=0.89958, total_duration=46483.4, train/ctc_loss=1.3526405096054077, train/wer=0.937105, validation/ctc_loss=1.3462070226669312, validation/num_examples=5348, validation/wer=0.896722
/usr/local/lib/python3.11/multiprocessing/popen_fork.py:66: RuntimeWarning: os.fork() was called. os.fork() is incompatible with multithreaded code, and JAX is multithreaded, so this will likely lead to a deadlock.
  self.pid = os.fork()
I0610 15:25:05.912749 140632491185344 spec.py:333] Evaluating on the training split.
I0610 15:25:39.465076 140632491185344 spec.py:346] Evaluating on the validation split.
I0610 15:26:15.185890 140632491185344 spec.py:363] Evaluating on the test split.
I0610 15:26:33.243147 140632491185344 submission_runner.py:516] Time since start: 48325.90s, 	Step: 16117, 	{'train/ctc_loss': Array(1.359677, dtype=float32), 'train/wer': np.float64(0.9366967129626904), 'validation/ctc_loss': Array(1.3569335, dtype=float32), 'validation/wer': np.float64(0.8967218654950997), 'validation/num_examples': 5348, 'test/ctc_loss': Array(1.3527099, dtype=float32), 'test/wer': np.float64(0.899579550301627), 'test/num_examples': 2472, 'score': 45725.13267636299, 'total_duration': 48325.903568029404, 'accumulated_submission_time': 45725.13267636299, 'accumulated_eval_time': 2598.930282831192, 'accumulated_logging_time': 1.6166257858276367}
I0610 15:26:33.294102 140617365550848 logging_writer.py:48] [16117] accumulated_eval_time=2598.93, accumulated_logging_time=1.61663, accumulated_submission_time=45725.1, global_step=16117, preemption_count=0, score=45725.1, test/ctc_loss=1.3527098894119263, test/num_examples=2472, test/wer=0.89958, total_duration=48325.9, train/ctc_loss=1.3596769571304321, train/wer=0.936697, validation/ctc_loss=1.3569334745407104, validation/num_examples=5348, validation/wer=0.896722
/usr/local/lib/python3.11/multiprocessing/popen_fork.py:66: RuntimeWarning: os.fork() was called. os.fork() is incompatible with multithreaded code, and JAX is multithreaded, so this will likely lead to a deadlock.
  self.pid = os.fork()
I0610 15:55:40.522933 140632491185344 spec.py:333] Evaluating on the training split.
I0610 15:56:14.459325 140632491185344 spec.py:346] Evaluating on the validation split.
I0610 15:57:21.748516 140632491185344 spec.py:363] Evaluating on the test split.
I0610 15:57:54.361869 140632491185344 submission_runner.py:516] Time since start: 50207.02s, 	Step: 16746, 	{'train/ctc_loss': Array(1.3550613, dtype=float32), 'train/wer': np.float64(0.9401422956587576), 'validation/ctc_loss': Array(1.3479362, dtype=float32), 'validation/wer': np.float64(0.8967218654950997), 'validation/num_examples': 5348, 'test/ctc_loss': Array(1.3447886, dtype=float32), 'test/wer': np.float64(0.899579550301627), 'test/num_examples': 2472, 'score': 47472.34459233284, 'total_duration': 50207.02239775658, 'accumulated_submission_time': 47472.34459233284, 'accumulated_eval_time': 2732.7670714855194, 'accumulated_logging_time': 1.677901268005371}
I0610 15:57:54.414288 140617365550848 logging_writer.py:48] [16746] accumulated_eval_time=2732.77, accumulated_logging_time=1.6779, accumulated_submission_time=47472.3, global_step=16746, preemption_count=0, score=47472.3, test/ctc_loss=1.3447885513305664, test/num_examples=2472, test/wer=0.89958, total_duration=50207, train/ctc_loss=1.3550612926483154, train/wer=0.940142, validation/ctc_loss=1.3479361534118652, validation/num_examples=5348, validation/wer=0.896722
I0610 16:27:01.623238 140632491185344 spec.py:333] Evaluating on the training split.
I0610 16:27:35.292042 140632491185344 spec.py:346] Evaluating on the validation split.
/usr/local/lib/python3.11/multiprocessing/popen_fork.py:66: RuntimeWarning: os.fork() was called. os.fork() is incompatible with multithreaded code, and JAX is multithreaded, so this will likely lead to a deadlock.
  self.pid = os.fork()
I0610 16:28:10.909763 140632491185344 spec.py:363] Evaluating on the test split.
I0610 16:28:29.215098 140632491185344 submission_runner.py:516] Time since start: 52041.88s, 	Step: 17384, 	{'train/ctc_loss': Array(1.3670957, dtype=float32), 'train/wer': np.float64(0.9415328062295403), 'validation/ctc_loss': Array(1.3647951, dtype=float32), 'validation/wer': np.float64(0.8967218654950997), 'validation/num_examples': 5348, 'test/ctc_loss': Array(1.361311, dtype=float32), 'test/wer': np.float64(0.899579550301627), 'test/num_examples': 2472, 'score': 49219.53692173958, 'total_duration': 52041.87553143501, 'accumulated_submission_time': 49219.53692173958, 'accumulated_eval_time': 2820.3565311431885, 'accumulated_logging_time': 1.7403993606567383}
I0610 16:28:29.267821 140617365550848 logging_writer.py:48] [17384] accumulated_eval_time=2820.36, accumulated_logging_time=1.7404, accumulated_submission_time=49219.5, global_step=17384, preemption_count=0, score=49219.5, test/ctc_loss=1.3613109588623047, test/num_examples=2472, test/wer=0.89958, total_duration=52041.9, train/ctc_loss=1.367095708847046, train/wer=0.941533, validation/ctc_loss=1.3647950887680054, validation/num_examples=5348, validation/wer=0.896722
/usr/local/lib/python3.11/multiprocessing/popen_fork.py:66: RuntimeWarning: os.fork() was called. os.fork() is incompatible with multithreaded code, and JAX is multithreaded, so this will likely lead to a deadlock.
  self.pid = os.fork()
I0610 16:57:39.496988 140632491185344 spec.py:333] Evaluating on the training split.
I0610 16:58:13.293689 140632491185344 spec.py:346] Evaluating on the validation split.
I0610 16:58:49.105695 140632491185344 spec.py:363] Evaluating on the test split.
I0610 16:59:07.375614 140632491185344 submission_runner.py:516] Time since start: 53880.04s, 	Step: 18183, 	{'train/ctc_loss': Array(1.351575, dtype=float32), 'train/wer': np.float64(0.941605522275386), 'validation/ctc_loss': Array(1.3437233, dtype=float32), 'validation/wer': np.float64(0.8967218654950997), 'validation/num_examples': 5348, 'test/ctc_loss': Array(1.3398736, dtype=float32), 'test/wer': np.float64(0.899579550301627), 'test/num_examples': 2472, 'score': 50969.74699521065, 'total_duration': 53880.03576540947, 'accumulated_submission_time': 50969.74699521065, 'accumulated_eval_time': 2908.2326316833496, 'accumulated_logging_time': 1.8037364482879639}
I0610 16:59:07.427237 140617365550848 logging_writer.py:48] [18183] accumulated_eval_time=2908.23, accumulated_logging_time=1.80374, accumulated_submission_time=50969.7, global_step=18183, preemption_count=0, score=50969.7, test/ctc_loss=1.3398735523223877, test/num_examples=2472, test/wer=0.89958, total_duration=53880, train/ctc_loss=1.3515750169754028, train/wer=0.941606, validation/ctc_loss=1.3437232971191406, validation/num_examples=5348, validation/wer=0.896722
/usr/local/lib/python3.11/multiprocessing/popen_fork.py:66: RuntimeWarning: os.fork() was called. os.fork() is incompatible with multithreaded code, and JAX is multithreaded, so this will likely lead to a deadlock.
  self.pid = os.fork()
I0610 17:28:18.286087 140632491185344 spec.py:333] Evaluating on the training split.
I0610 17:28:51.977440 140632491185344 spec.py:346] Evaluating on the validation split.
I0610 17:29:27.724279 140632491185344 spec.py:363] Evaluating on the test split.
I0610 17:29:46.181870 140632491185344 submission_runner.py:516] Time since start: 55718.84s, 	Step: 18820, 	{'train/ctc_loss': Array(1.3542912, dtype=float32), 'train/wer': np.float64(0.9422779591135544), 'validation/ctc_loss': Array(1.3462716, dtype=float32), 'validation/wer': np.float64(0.8967218654950997), 'validation/num_examples': 5348, 'test/ctc_loss': Array(1.3421751, dtype=float32), 'test/wer': np.float64(0.899579550301627), 'test/num_examples': 2472, 'score': 52720.58890557289, 'total_duration': 55718.842263937, 'accumulated_submission_time': 52720.58890557289, 'accumulated_eval_time': 2996.126132965088, 'accumulated_logging_time': 1.8657991886138916}
I0610 17:29:46.233994 140617365550848 logging_writer.py:48] [18820] accumulated_eval_time=2996.13, accumulated_logging_time=1.8658, accumulated_submission_time=52720.6, global_step=18820, preemption_count=0, score=52720.6, test/ctc_loss=1.3421751260757446, test/num_examples=2472, test/wer=0.89958, total_duration=55718.8, train/ctc_loss=1.3542912006378174, train/wer=0.942278, validation/ctc_loss=1.3462716341018677, validation/num_examples=5348, validation/wer=0.896722
I0610 17:58:54.327591 140632491185344 spec.py:333] Evaluating on the training split.
I0610 17:59:27.955081 140632491185344 spec.py:346] Evaluating on the validation split.
/usr/local/lib/python3.11/multiprocessing/popen_fork.py:66: RuntimeWarning: os.fork() was called. os.fork() is incompatible with multithreaded code, and JAX is multithreaded, so this will likely lead to a deadlock.
  self.pid = os.fork()
I0610 18:00:03.778879 140632491185344 spec.py:363] Evaluating on the test split.
I0610 18:00:21.941399 140632491185344 submission_runner.py:516] Time since start: 57554.60s, 	Step: 19409, 	{'train/ctc_loss': Array(1.3617116, dtype=float32), 'train/wer': np.float64(0.9416786903741633), 'validation/ctc_loss': Array(1.3518102, dtype=float32), 'validation/wer': np.float64(0.8967218654950997), 'validation/num_examples': 5348, 'test/ctc_loss': Array(1.3482556, dtype=float32), 'test/wer': np.float64(0.899579550301627), 'test/num_examples': 2472, 'score': 54468.666466236115, 'total_duration': 57554.60148239136, 'accumulated_submission_time': 54468.666466236115, 'accumulated_eval_time': 3083.737194299698, 'accumulated_logging_time': 1.9279835224151611}
I0610 18:00:21.991590 140617365550848 logging_writer.py:48] [19409] accumulated_eval_time=3083.74, accumulated_logging_time=1.92798, accumulated_submission_time=54468.7, global_step=19409, preemption_count=0, score=54468.7, test/ctc_loss=1.3482556343078613, test/num_examples=2472, test/wer=0.89958, total_duration=57554.6, train/ctc_loss=1.3617116212844849, train/wer=0.941679, validation/ctc_loss=1.3518102169036865, validation/num_examples=5348, validation/wer=0.896722
/usr/local/lib/python3.11/multiprocessing/popen_fork.py:66: RuntimeWarning: os.fork() was called. os.fork() is incompatible with multithreaded code, and JAX is multithreaded, so this will likely lead to a deadlock.
  self.pid = os.fork()
I0610 18:29:29.555831 140632491185344 spec.py:333] Evaluating on the training split.
I0610 18:30:03.125957 140632491185344 spec.py:346] Evaluating on the validation split.
I0610 18:30:38.863158 140632491185344 spec.py:363] Evaluating on the test split.
I0610 18:30:57.033520 140632491185344 submission_runner.py:516] Time since start: 59389.69s, 	Step: 20100, 	{'train/ctc_loss': Array(1.3625909, dtype=float32), 'train/wer': np.float64(0.9406376811594203), 'validation/ctc_loss': Array(1.351771, dtype=float32), 'validation/wer': np.float64(0.8967218654950997), 'validation/num_examples': 5348, 'test/ctc_loss': Array(1.3473331, dtype=float32), 'test/wer': np.float64(0.899579550301627), 'test/num_examples': 2472, 'score': 56216.21292710304, 'total_duration': 59389.69388270378, 'accumulated_submission_time': 56216.21292710304, 'accumulated_eval_time': 3171.212568759918, 'accumulated_logging_time': 1.9885687828063965}
I0610 18:30:57.085243 140617365550848 logging_writer.py:48] [20100] accumulated_eval_time=3171.21, accumulated_logging_time=1.98857, accumulated_submission_time=56216.2, global_step=20100, preemption_count=0, score=56216.2, test/ctc_loss=1.3473330736160278, test/num_examples=2472, test/wer=0.89958, total_duration=59389.7, train/ctc_loss=1.3625909090042114, train/wer=0.940638, validation/ctc_loss=1.3517709970474243, validation/num_examples=5348, validation/wer=0.896722
I0610 19:00:17.583005 140632491185344 spec.py:333] Evaluating on the training split.
I0610 19:00:51.185141 140632491185344 spec.py:346] Evaluating on the validation split.
/usr/local/lib/python3.11/multiprocessing/popen_fork.py:66: RuntimeWarning: os.fork() was called. os.fork() is incompatible with multithreaded code, and JAX is multithreaded, so this will likely lead to a deadlock.
  self.pid = os.fork()
I0610 19:01:26.566685 140632491185344 spec.py:363] Evaluating on the test split.
I0610 19:01:44.759703 140632491185344 submission_runner.py:516] Time since start: 61237.42s, 	Step: 20587, 	{'train/ctc_loss': Array(1.3592917, dtype=float32), 'train/wer': np.float64(0.9384636516603139), 'validation/ctc_loss': Array(1.346675, dtype=float32), 'validation/wer': np.float64(0.8967218654950997), 'validation/num_examples': 5348, 'test/ctc_loss': Array(1.3419255, dtype=float32), 'test/wer': np.float64(0.899579550301627), 'test/num_examples': 2472, 'score': 57976.69511055946, 'total_duration': 61237.41980981827, 'accumulated_submission_time': 57976.69511055946, 'accumulated_eval_time': 3258.386543035507, 'accumulated_logging_time': 2.0508415699005127}
I0610 19:01:44.810109 140617365550848 logging_writer.py:48] [20587] accumulated_eval_time=3258.39, accumulated_logging_time=2.05084, accumulated_submission_time=57976.7, global_step=20587, preemption_count=0, score=57976.7, test/ctc_loss=1.3419255018234253, test/num_examples=2472, test/wer=0.89958, total_duration=61237.4, train/ctc_loss=1.359291672706604, train/wer=0.938464, validation/ctc_loss=1.3466750383377075, validation/num_examples=5348, validation/wer=0.896722
/usr/local/lib/python3.11/multiprocessing/popen_fork.py:66: RuntimeWarning: os.fork() was called. os.fork() is incompatible with multithreaded code, and JAX is multithreaded, so this will likely lead to a deadlock.
  self.pid = os.fork()
I0610 19:30:53.296724 140632491185344 spec.py:333] Evaluating on the training split.
I0610 19:31:27.008115 140632491185344 spec.py:346] Evaluating on the validation split.
I0610 19:32:02.566769 140632491185344 spec.py:363] Evaluating on the test split.
I0610 19:32:20.967684 140632491185344 submission_runner.py:516] Time since start: 63073.63s, 	Step: 21293, 	{'train/ctc_loss': Array(1.353458, dtype=float32), 'train/wer': np.float64(0.9414500266829305), 'validation/ctc_loss': Array(1.3448342, dtype=float32), 'validation/wer': np.float64(0.8967218654950997), 'validation/num_examples': 5348, 'test/ctc_loss': Array(1.3404778, dtype=float32), 'test/wer': np.float64(0.899579550301627), 'test/num_examples': 2472, 'score': 59725.16414833069, 'total_duration': 63073.628103494644, 'accumulated_submission_time': 59725.16414833069, 'accumulated_eval_time': 3346.055153131485, 'accumulated_logging_time': 2.1113405227661133}
I0610 19:32:21.023463 140617365550848 logging_writer.py:48] [21293] accumulated_eval_time=3346.06, accumulated_logging_time=2.11134, accumulated_submission_time=59725.2, global_step=21293, preemption_count=0, score=59725.2, test/ctc_loss=1.3404778242111206, test/num_examples=2472, test/wer=0.89958, total_duration=63073.6, train/ctc_loss=1.353458046913147, train/wer=0.94145, validation/ctc_loss=1.3448342084884644, validation/num_examples=5348, validation/wer=0.896722
/usr/local/lib/python3.11/multiprocessing/popen_fork.py:66: RuntimeWarning: os.fork() was called. os.fork() is incompatible with multithreaded code, and JAX is multithreaded, so this will likely lead to a deadlock.
  self.pid = os.fork()
I0610 20:01:33.830931 140632491185344 spec.py:333] Evaluating on the training split.
I0610 20:02:07.509440 140632491185344 spec.py:346] Evaluating on the validation split.
I0610 20:03:13.265265 140632491185344 spec.py:363] Evaluating on the test split.
I0610 20:03:48.560513 140632491185344 submission_runner.py:516] Time since start: 64961.22s, 	Step: 21879, 	{'train/ctc_loss': Array(1.4164025, dtype=float32), 'train/wer': np.float64(0.9397403994888694), 'validation/ctc_loss': Array(1.4247859, dtype=float32), 'validation/wer': np.float64(0.8967218654950997), 'validation/num_examples': 5348, 'test/ctc_loss': Array(1.420834, dtype=float32), 'test/wer': np.float64(0.899579550301627), 'test/num_examples': 2472, 'score': 61477.955057621, 'total_duration': 64961.22083520889, 'accumulated_submission_time': 61477.955057621, 'accumulated_eval_time': 3480.782392978668, 'accumulated_logging_time': 2.17746639251709}
I0610 20:03:48.611578 140617365550848 logging_writer.py:48] [21879] accumulated_eval_time=3480.78, accumulated_logging_time=2.17747, accumulated_submission_time=61478, global_step=21879, preemption_count=0, score=61478, test/ctc_loss=1.420833945274353, test/num_examples=2472, test/wer=0.89958, total_duration=64961.2, train/ctc_loss=1.4164024591445923, train/wer=0.93974, validation/ctc_loss=1.424785852432251, validation/num_examples=5348, validation/wer=0.896722
I0610 20:33:03.108739 140632491185344 spec.py:333] Evaluating on the training split.
I0610 20:33:36.675375 140632491185344 spec.py:346] Evaluating on the validation split.
/usr/local/lib/python3.11/multiprocessing/popen_fork.py:66: RuntimeWarning: os.fork() was called. os.fork() is incompatible with multithreaded code, and JAX is multithreaded, so this will likely lead to a deadlock.
  self.pid = os.fork()
I0610 20:34:12.267518 140632491185344 spec.py:363] Evaluating on the test split.
I0610 20:34:30.818588 140632491185344 submission_runner.py:516] Time since start: 66803.48s, 	Step: 22469, 	{'train/ctc_loss': Array(1.3702922, dtype=float32), 'train/wer': np.float64(0.9386609465565241), 'validation/ctc_loss': Array(1.3530834, dtype=float32), 'validation/wer': np.float64(0.8967218654950997), 'validation/num_examples': 5348, 'test/ctc_loss': Array(1.3501904, dtype=float32), 'test/wer': np.float64(0.899579550301627), 'test/num_examples': 2472, 'score': 63232.43568825722, 'total_duration': 66803.47885346413, 'accumulated_submission_time': 63232.43568825722, 'accumulated_eval_time': 3568.4896743297577, 'accumulated_logging_time': 2.239150285720825}
I0610 20:34:30.871351 140617365550848 logging_writer.py:48] [22469] accumulated_eval_time=3568.49, accumulated_logging_time=2.23915, accumulated_submission_time=63232.4, global_step=22469, preemption_count=0, score=63232.4, test/ctc_loss=1.3501904010772705, test/num_examples=2472, test/wer=0.89958, total_duration=66803.5, train/ctc_loss=1.3702921867370605, train/wer=0.938661, validation/ctc_loss=1.3530833721160889, validation/num_examples=5348, validation/wer=0.896722
/usr/local/lib/python3.11/multiprocessing/popen_fork.py:66: RuntimeWarning: os.fork() was called. os.fork() is incompatible with multithreaded code, and JAX is multithreaded, so this will likely lead to a deadlock.
  self.pid = os.fork()
I0610 21:03:39.779347 140632491185344 spec.py:333] Evaluating on the training split.
I0610 21:04:13.669152 140632491185344 spec.py:346] Evaluating on the validation split.
I0610 21:04:49.560065 140632491185344 spec.py:363] Evaluating on the test split.
I0610 21:05:08.022811 140632491185344 submission_runner.py:516] Time since start: 68640.68s, 	Step: 23163, 	{'train/ctc_loss': Array(1.3594003, dtype=float32), 'train/wer': np.float64(0.9400080346382181), 'validation/ctc_loss': Array(1.3492023, dtype=float32), 'validation/wer': np.float64(0.8967218654950997), 'validation/num_examples': 5348, 'test/ctc_loss': Array(1.3439586, dtype=float32), 'test/wer': np.float64(0.899579550301627), 'test/num_examples': 2472, 'score': 64981.32534837723, 'total_duration': 68640.68335485458, 'accumulated_submission_time': 64981.32534837723, 'accumulated_eval_time': 3656.7309160232544, 'accumulated_logging_time': 2.3030872344970703}
I0610 21:05:08.075658 140617365550848 logging_writer.py:48] [23163] accumulated_eval_time=3656.73, accumulated_logging_time=2.30309, accumulated_submission_time=64981.3, global_step=23163, preemption_count=0, score=64981.3, test/ctc_loss=1.3439586162567139, test/num_examples=2472, test/wer=0.89958, total_duration=68640.7, train/ctc_loss=1.3594002723693848, train/wer=0.940008, validation/ctc_loss=1.349202275276184, validation/num_examples=5348, validation/wer=0.896722
I0610 21:34:16.605479 140617346680576 logging_writer.py:48] [23655] global_step=23655, preemption_count=0, score=66729.8
I0610 21:34:31.528129 140632491185344 submission_runner.py:857] Final librispeech_conformer score: 66729.81305646896
