torchrun --redirects 1:0,2:0,3:0 --standalone --nnodes=1 --nproc_per_node=4 submission_runner.py --framework=pytorch --workload=librispeech_conformer --submission_path=submissions_algorithms/submissions/self_tuning/schedule_free_adamw_v2/submission.py --data_dir=/data/librispeech --experiment_dir=/experiment_runs --experiment_name=submissions_a100/schedule_free_adamw_v2/study_1 --overwrite=True --save_checkpoints=False --rng_seed=1285192152 --librispeech_tokenizer_vocab_path=/data/librispeech/spm_model.vocab --torch_compile=true --tuning_ruleset=self 2>&1 | tee -a /logs/librispeech_conformer_pytorch_03-13-2026-15-03-09.log
W0313 15:03:11.184000 46 site-packages/torch/distributed/run.py:803] 
W0313 15:03:11.184000 46 site-packages/torch/distributed/run.py:803] *****************************************
W0313 15:03:11.184000 46 site-packages/torch/distributed/run.py:803] Setting OMP_NUM_THREADS environment variable for each process to be 1 in default, to avoid your system being overloaded, please further tune the variable for optimal performance in your application as needed. 
W0313 15:03:11.184000 46 site-packages/torch/distributed/run.py:803] *****************************************
2026-03-13 15:03:12.872583: E external/local_xla/xla/stream_executor/cuda/cuda_fft.cc:467] Unable to register cuFFT factory: Attempting to register factory for plugin cuFFT when one has already been registered
2026-03-13 15:03:12.872583: E external/local_xla/xla/stream_executor/cuda/cuda_fft.cc:467] Unable to register cuFFT factory: Attempting to register factory for plugin cuFFT when one has already been registered
2026-03-13 15:03:12.872589: E external/local_xla/xla/stream_executor/cuda/cuda_fft.cc:467] Unable to register cuFFT factory: Attempting to register factory for plugin cuFFT when one has already been registered
2026-03-13 15:03:12.872582: E external/local_xla/xla/stream_executor/cuda/cuda_fft.cc:467] Unable to register cuFFT factory: Attempting to register factory for plugin cuFFT when one has already been registered
WARNING: All log messages before absl::InitializeLog() is called are written to STDERR
WARNING: All log messages before absl::InitializeLog() is called are written to STDERR
WARNING: All log messages before absl::InitializeLog() is called are written to STDERR
WARNING: All log messages before absl::InitializeLog() is called are written to STDERR
E0000 00:00:1773414192.896316      77 cuda_dnn.cc:8579] Unable to register cuDNN factory: Attempting to register factory for plugin cuDNN when one has already been registered
E0000 00:00:1773414192.896312      78 cuda_dnn.cc:8579] Unable to register cuDNN factory: Attempting to register factory for plugin cuDNN when one has already been registered
E0000 00:00:1773414192.896316      75 cuda_dnn.cc:8579] Unable to register cuDNN factory: Attempting to register factory for plugin cuDNN when one has already been registered
E0000 00:00:1773414192.896312      76 cuda_dnn.cc:8579] Unable to register cuDNN factory: Attempting to register factory for plugin cuDNN when one has already been registered
E0000 00:00:1773414192.903998      77 cuda_blas.cc:1407] Unable to register cuBLAS factory: Attempting to register factory for plugin cuBLAS when one has already been registered
E0000 00:00:1773414192.903996      76 cuda_blas.cc:1407] Unable to register cuBLAS factory: Attempting to register factory for plugin cuBLAS when one has already been registered
E0000 00:00:1773414192.903999      75 cuda_blas.cc:1407] Unable to register cuBLAS factory: Attempting to register factory for plugin cuBLAS when one has already been registered
E0000 00:00:1773414192.904040      78 cuda_blas.cc:1407] Unable to register cuBLAS factory: Attempting to register factory for plugin cuBLAS when one has already been registered
W0000 00:00:1773414192.928054      77 computation_placer.cc:177] computation placer already registered. Please check linkage and avoid linking the same target more than once.
W0000 00:00:1773414192.928056      76 computation_placer.cc:177] computation placer already registered. Please check linkage and avoid linking the same target more than once.
W0000 00:00:1773414192.928056      78 computation_placer.cc:177] computation placer already registered. Please check linkage and avoid linking the same target more than once.
W0000 00:00:1773414192.928053      75 computation_placer.cc:177] computation placer already registered. Please check linkage and avoid linking the same target more than once.
W0000 00:00:1773414192.928082      76 computation_placer.cc:177] computation placer already registered. Please check linkage and avoid linking the same target more than once.
W0000 00:00:1773414192.928082      78 computation_placer.cc:177] computation placer already registered. Please check linkage and avoid linking the same target more than once.
W0000 00:00:1773414192.928084      78 computation_placer.cc:177] computation placer already registered. Please check linkage and avoid linking the same target more than once.
W0000 00:00:1773414192.928085      75 computation_placer.cc:177] computation placer already registered. Please check linkage and avoid linking the same target more than once.
W0000 00:00:1773414192.928087      78 computation_placer.cc:177] computation placer already registered. Please check linkage and avoid linking the same target more than once.
W0000 00:00:1773414192.928086      77 computation_placer.cc:177] computation placer already registered. Please check linkage and avoid linking the same target more than once.
W0000 00:00:1773414192.928088      75 computation_placer.cc:177] computation placer already registered. Please check linkage and avoid linking the same target more than once.
W0000 00:00:1773414192.928089      77 computation_placer.cc:177] computation placer already registered. Please check linkage and avoid linking the same target more than once.
W0000 00:00:1773414192.928090      75 computation_placer.cc:177] computation placer already registered. Please check linkage and avoid linking the same target more than once.
W0000 00:00:1773414192.928090      76 computation_placer.cc:177] computation placer already registered. Please check linkage and avoid linking the same target more than once.
W0000 00:00:1773414192.928091      77 computation_placer.cc:177] computation placer already registered. Please check linkage and avoid linking the same target more than once.
W0000 00:00:1773414192.928093      76 computation_placer.cc:177] computation placer already registered. Please check linkage and avoid linking the same target more than once.
W0000 00:00:1773414198.603953      76 gpu_device.cc:2341] Cannot dlopen some GPU libraries. Please make sure the missing libraries mentioned above are installed properly if you would like to use GPU. Follow the guide at https://www.tensorflow.org/install/gpu for how to download and setup the required libraries for your platform.
Skipping registering GPU devices...
W0000 00:00:1773414198.686540      77 gpu_device.cc:2341] Cannot dlopen some GPU libraries. Please make sure the missing libraries mentioned above are installed properly if you would like to use GPU. Follow the guide at https://www.tensorflow.org/install/gpu for how to download and setup the required libraries for your platform.
Skipping registering GPU devices...
W0000 00:00:1773414198.864624      75 gpu_device.cc:2341] Cannot dlopen some GPU libraries. Please make sure the missing libraries mentioned above are installed properly if you would like to use GPU. Follow the guide at https://www.tensorflow.org/install/gpu for how to download and setup the required libraries for your platform.
Skipping registering GPU devices...
W0000 00:00:1773414198.993003      78 gpu_device.cc:2341] Cannot dlopen some GPU libraries. Please make sure the missing libraries mentioned above are installed properly if you would like to use GPU. Follow the guide at https://www.tensorflow.org/install/gpu for how to download and setup the required libraries for your platform.
Skipping registering GPU devices...
/usr/local/lib/python3.11/site-packages/torch/__init__.py:1617: UserWarning: Please use the new API settings to control TF32 behavior, such as torch.backends.cudnn.conv.fp32_precision = 'tf32' or torch.backends.cuda.matmul.fp32_precision = 'ieee'. Old settings, e.g, torch.backends.cuda.matmul.allow_tf32 = True, torch.backends.cudnn.allow_tf32 = True, allowTF32CuDNN() and allowTF32CuBLAS() will be deprecated after Pytorch 2.9. Please see https://pytorch.org/docs/main/notes/cuda.html#tensorfloat-32-tf32-on-ampere-and-later-devices (Triggered internally at /pytorch/aten/src/ATen/Context.cpp:80.)
  _C._set_float32_matmul_precision(precision)
/usr/local/lib/python3.11/site-packages/torch/__init__.py:1617: UserWarning: Please use the new API settings to control TF32 behavior, such as torch.backends.cudnn.conv.fp32_precision = 'tf32' or torch.backends.cuda.matmul.fp32_precision = 'ieee'. Old settings, e.g, torch.backends.cuda.matmul.allow_tf32 = True, torch.backends.cudnn.allow_tf32 = True, allowTF32CuDNN() and allowTF32CuBLAS() will be deprecated after Pytorch 2.9. Please see https://pytorch.org/docs/main/notes/cuda.html#tensorfloat-32-tf32-on-ampere-and-later-devices (Triggered internally at /pytorch/aten/src/ATen/Context.cpp:80.)
  _C._set_float32_matmul_precision(precision)
/usr/local/lib/python3.11/site-packages/torch/__init__.py:1617: UserWarning: Please use the new API settings to control TF32 behavior, such as torch.backends.cudnn.conv.fp32_precision = 'tf32' or torch.backends.cuda.matmul.fp32_precision = 'ieee'. Old settings, e.g, torch.backends.cuda.matmul.allow_tf32 = True, torch.backends.cudnn.allow_tf32 = True, allowTF32CuDNN() and allowTF32CuBLAS() will be deprecated after Pytorch 2.9. Please see https://pytorch.org/docs/main/notes/cuda.html#tensorfloat-32-tf32-on-ampere-and-later-devices (Triggered internally at /pytorch/aten/src/ATen/Context.cpp:80.)
  _C._set_float32_matmul_precision(precision)
/usr/local/lib/python3.11/site-packages/torch/__init__.py:1617: UserWarning: Please use the new API settings to control TF32 behavior, such as torch.backends.cudnn.conv.fp32_precision = 'tf32' or torch.backends.cuda.matmul.fp32_precision = 'ieee'. Old settings, e.g, torch.backends.cuda.matmul.allow_tf32 = True, torch.backends.cudnn.allow_tf32 = True, allowTF32CuDNN() and allowTF32CuBLAS() will be deprecated after Pytorch 2.9. Please see https://pytorch.org/docs/main/notes/cuda.html#tensorfloat-32-tf32-on-ampere-and-later-devices (Triggered internally at /pytorch/aten/src/ATen/Context.cpp:80.)
  _C._set_float32_matmul_precision(precision)
/usr/local/lib/python3.11/site-packages/pydantic/_internal/_generate_schema.py:2249: UnsupportedFieldAttributeWarning: The 'repr' attribute with value False was provided to the `Field()` function, which has no effect in the context it was used. 'repr' is field-specific metadata, and can only be attached to a model field using `Annotated` metadata or by assignment. This may have happened because an `Annotated` type alias using the `type` statement was used, or if the `Field()` function was attached to a single member of a union type.
  warnings.warn(
/usr/local/lib/python3.11/site-packages/pydantic/_internal/_generate_schema.py:2249: UnsupportedFieldAttributeWarning: The 'frozen' attribute with value True was provided to the `Field()` function, which has no effect in the context it was used. 'frozen' is field-specific metadata, and can only be attached to a model field using `Annotated` metadata or by assignment. This may have happened because an `Annotated` type alias using the `type` statement was used, or if the `Field()` function was attached to a single member of a union type.
  warnings.warn(
/usr/local/lib/python3.11/site-packages/pydantic/_internal/_generate_schema.py:2249: UnsupportedFieldAttributeWarning: The 'repr' attribute with value False was provided to the `Field()` function, which has no effect in the context it was used. 'repr' is field-specific metadata, and can only be attached to a model field using `Annotated` metadata or by assignment. This may have happened because an `Annotated` type alias using the `type` statement was used, or if the `Field()` function was attached to a single member of a union type.
  warnings.warn(
/usr/local/lib/python3.11/site-packages/pydantic/_internal/_generate_schema.py:2249: UnsupportedFieldAttributeWarning: The 'frozen' attribute with value True was provided to the `Field()` function, which has no effect in the context it was used. 'frozen' is field-specific metadata, and can only be attached to a model field using `Annotated` metadata or by assignment. This may have happened because an `Annotated` type alias using the `type` statement was used, or if the `Field()` function was attached to a single member of a union type.
  warnings.warn(
/usr/local/lib/python3.11/site-packages/pydantic/_internal/_generate_schema.py:2249: UnsupportedFieldAttributeWarning: The 'repr' attribute with value False was provided to the `Field()` function, which has no effect in the context it was used. 'repr' is field-specific metadata, and can only be attached to a model field using `Annotated` metadata or by assignment. This may have happened because an `Annotated` type alias using the `type` statement was used, or if the `Field()` function was attached to a single member of a union type.
  warnings.warn(
/usr/local/lib/python3.11/site-packages/pydantic/_internal/_generate_schema.py:2249: UnsupportedFieldAttributeWarning: The 'frozen' attribute with value True was provided to the `Field()` function, which has no effect in the context it was used. 'frozen' is field-specific metadata, and can only be attached to a model field using `Annotated` metadata or by assignment. This may have happened because an `Annotated` type alias using the `type` statement was used, or if the `Field()` function was attached to a single member of a union type.
  warnings.warn(
/usr/local/lib/python3.11/site-packages/pydantic/_internal/_generate_schema.py:2249: UnsupportedFieldAttributeWarning: The 'repr' attribute with value False was provided to the `Field()` function, which has no effect in the context it was used. 'repr' is field-specific metadata, and can only be attached to a model field using `Annotated` metadata or by assignment. This may have happened because an `Annotated` type alias using the `type` statement was used, or if the `Field()` function was attached to a single member of a union type.
  warnings.warn(
/usr/local/lib/python3.11/site-packages/pydantic/_internal/_generate_schema.py:2249: UnsupportedFieldAttributeWarning: The 'frozen' attribute with value True was provided to the `Field()` function, which has no effect in the context it was used. 'frozen' is field-specific metadata, and can only be attached to a model field using `Annotated` metadata or by assignment. This may have happened because an `Annotated` type alias using the `type` statement was used, or if the `Field()` function was attached to a single member of a union type.
  warnings.warn(
/usr/local/lib/python3.11/site-packages/torch/distributed/distributed_c10d.py:4876: UserWarning: barrier(): using the device under current context. You can specify `device_id` in `init_process_group` to mute this warning.
  warnings.warn(  # warn only once
[rank0]:[W313 15:03:20.591033953 ProcessGroupNCCL.cpp:5068] Guessing device ID based on global rank. This can cause a hang if rank to GPU mapping is heterogeneous. You can specify device_id in init_process_group()
I0313 15:03:21.614834 139917810894016 logger_utils.py:84] Creating experiment directory at /experiment_runs/submissions_a100/schedule_free_adamw_v2/study_1/librispeech_conformer_pytorch.
I0313 15:03:21.614832 140173279352000 logger_utils.py:84] Creating experiment directory at /experiment_runs/submissions_a100/schedule_free_adamw_v2/study_1/librispeech_conformer_pytorch.
I0313 15:03:21.614832 140624958444736 logger_utils.py:84] Creating experiment directory at /experiment_runs/submissions_a100/schedule_free_adamw_v2/study_1/librispeech_conformer_pytorch.
I0313 15:03:21.614860 140702863692992 logger_utils.py:84] Creating experiment directory at /experiment_runs/submissions_a100/schedule_free_adamw_v2/study_1/librispeech_conformer_pytorch.
I0313 15:03:21.637524 140624958444736 submission_runner.py:741] Creating directory at /experiment_runs/submissions_a100/schedule_free_adamw_v2/study_1/librispeech_conformer_pytorch/trial_1.
I0313 15:03:21.911614 140624958444736 submission_runner.py:242] Initializing dataset.
I0313 15:03:21.911811 140624958444736 input_pipeline.py:19] Loading split = train-clean-100
I0313 15:03:21.951986 140624958444736 input_pipeline.py:19] Loading split = train-clean-360
I0313 15:03:22.078176 140624958444736 input_pipeline.py:19] Loading split = train-other-500
I0313 15:03:22.691157 140624958444736 submission_runner.py:251] Initializing model.
W0313 15:03:24.077323 140173279352000 submission_runner.py:273] These workloads cannot be fully compiled under current PyTorch version. Proceeding without `torch.compile`.
W0313 15:03:24.077523 140624958444736 submission_runner.py:273] These workloads cannot be fully compiled under current PyTorch version. Proceeding without `torch.compile`.
W0313 15:03:24.077610 140702863692992 submission_runner.py:273] These workloads cannot be fully compiled under current PyTorch version. Proceeding without `torch.compile`.
I0313 15:03:24.077706 140624958444736 submission_runner.py:294] Initializing optimizer.
W0313 15:03:24.077789 139917810894016 submission_runner.py:273] These workloads cannot be fully compiled under current PyTorch version. Proceeding without `torch.compile`.
I0313 15:03:24.078269 140624958444736 submission_runner.py:299] Initializing metrics bundle.
I0313 15:03:24.078404 140624958444736 submission_runner.py:321] Initializing checkpoint and logger.
I0313 15:03:24.079222 140624958444736 submission_runner.py:344] Saving meta data to /experiment_runs/submissions_a100/schedule_free_adamw_v2/study_1/librispeech_conformer_pytorch/trial_1/meta_data_0.json.
I0313 15:03:24.079312 140173279352000 logger_utils.py:283] Unable to record workload.train_mean information. Continuing without it.
I0313 15:03:24.079325 140702863692992 logger_utils.py:283] Unable to record workload.train_mean information. Continuing without it.
I0313 15:03:24.079432 140624958444736 logger_utils.py:283] Unable to record workload.train_mean information. Continuing without it.
I0313 15:03:24.079439 140173279352000 logger_utils.py:283] Unable to record workload.train_stddev information. Continuing without it.
I0313 15:03:24.079442 140702863692992 logger_utils.py:283] Unable to record workload.train_stddev information. Continuing without it.
I0313 15:03:24.079491 140624958444736 logger_utils.py:283] Unable to record workload.train_stddev information. Continuing without it.
I0313 15:03:24.079494 139917810894016 logger_utils.py:283] Unable to record workload.train_mean information. Continuing without it.
I0313 15:03:24.079615 139917810894016 logger_utils.py:283] Unable to record workload.train_stddev information. Continuing without it.
I0313 15:03:24.336502 140624958444736 submission_runner.py:348] Saving flags to /experiment_runs/submissions_a100/schedule_free_adamw_v2/study_1/librispeech_conformer_pytorch/trial_1/flags_0.json.
I0313 15:03:24.354431 140624958444736 submission_runner.py:359] Starting training loop.
/usr/local/lib/python3.11/multiprocessing/popen_fork.py:66: RuntimeWarning: os.fork() was called. os.fork() is incompatible with multithreaded code, and JAX is multithreaded, so this will likely lead to a deadlock.
  self.pid = os.fork()
/usr/local/lib/python3.11/multiprocessing/popen_fork.py:66: RuntimeWarning: os.fork() was called. os.fork() is incompatible with multithreaded code, and JAX is multithreaded, so this will likely lead to a deadlock.
  self.pid = os.fork()
/usr/local/lib/python3.11/multiprocessing/popen_fork.py:66: RuntimeWarning: os.fork() was called. os.fork() is incompatible with multithreaded code, and JAX is multithreaded, so this will likely lead to a deadlock.
  self.pid = os.fork()
/usr/local/lib/python3.11/multiprocessing/popen_fork.py:66: RuntimeWarning: os.fork() was called. os.fork() is incompatible with multithreaded code, and JAX is multithreaded, so this will likely lead to a deadlock.
  self.pid = os.fork()
/algorithmic-efficiency/algoperf/workloads/librispeech_conformer/librispeech_pytorch/preprocessor.py:516: UserWarning: Specified kernel cache directory could not be created! This disables kernel caching. Specified directory is /root/.cache/torch/kernels. This warning will appear only once per process. (Triggered internally at /pytorch/aten/src/ATen/native/cuda/jit_utils.cpp:1487.)
  spectrum = torch.abs(spectrum)
I0313 15:03:42.164136 140624958444736 spec.py:333] Evaluating on the training split.
I0313 15:03:42.165829 140624958444736 input_pipeline.py:19] Loading split = train-clean-100
I0313 15:03:42.191419 140624958444736 input_pipeline.py:19] Loading split = train-clean-360
I0313 15:03:42.284936 140624958444736 input_pipeline.py:19] Loading split = train-other-500
/usr/local/lib/python3.11/site-packages/torch/distributed/distributed_c10d.py:4876: UserWarning: barrier(): using the device under current context. You can specify `device_id` in `init_process_group` to mute this warning.
  warnings.warn(  # warn only once
I0313 15:04:16.993817 140624958444736 spec.py:346] Evaluating on the validation split.
I0313 15:04:16.995174 140624958444736 input_pipeline.py:19] Loading split = dev-clean
I0313 15:04:16.998299 140624958444736 input_pipeline.py:19] Loading split = dev-other
I0313 15:04:37.365408 140624958444736 spec.py:363] Evaluating on the test split.
I0313 15:04:37.366666 140624958444736 input_pipeline.py:19] Loading split = test-clean
I0313 15:04:47.821862 140624958444736 submission_runner.py:516] Time since start: 83.47s, 	Step: 1, 	{'train/ctc_loss': 30.713983901722887, 'train/wer': 0.9814464485686639, 'validation/ctc_loss': 30.178595313544967, 'validation/wer': 0.9206488678607637, 'validation/num_examples': 5348, 'test/ctc_loss': 30.199160753012436, 'test/wer': 0.9345154672678895, 'test/num_examples': 2472, 'score': 17.005546808242798, 'total_duration': 83.46730899810791, 'accumulated_submission_time': 17.005546808242798, 'accumulated_eval_time': 65.65768480300903, 'accumulated_logging_time': 0}
I0313 15:04:47.851993 140605619435264 logging_writer.py:48] [1] accumulated_eval_time=65.6577, accumulated_logging_time=0, accumulated_submission_time=17.0055, global_step=1, preemption_count=0, score=17.0055, test/ctc_loss=30.1992, test/num_examples=2472, test/wer=0.934515, total_duration=83.4673, train/ctc_loss=30.714, train/wer=0.981446, validation/ctc_loss=30.1786, validation/num_examples=5348, validation/wer=0.920649
/usr/local/lib/python3.11/multiprocessing/popen_fork.py:66: RuntimeWarning: os.fork() was called. os.fork() is incompatible with multithreaded code, and JAX is multithreaded, so this will likely lead to a deadlock.
  self.pid = os.fork()
I0313 15:33:55.962445 140624958444736 spec.py:333] Evaluating on the training split.
/usr/local/lib/python3.11/site-packages/torch/distributed/distributed_c10d.py:4876: UserWarning: barrier(): using the device under current context. You can specify `device_id` in `init_process_group` to mute this warning.
  warnings.warn(  # warn only once
I0313 15:34:11.873215 140624958444736 spec.py:346] Evaluating on the validation split.
I0313 15:34:32.571279 140624958444736 spec.py:363] Evaluating on the test split.
I0313 15:34:43.291697 140624958444736 submission_runner.py:516] Time since start: 1878.94s, 	Step: 1674, 	{'train/ctc_loss': 3.4941255631865813, 'train/wer': 0.6955325787968731, 'validation/ctc_loss': 3.6525074534510886, 'validation/wer': 0.6727079611837976, 'validation/num_examples': 5348, 'test/ctc_loss': 3.4090186167823733, 'test/wer': 0.6592529401011517, 'test/num_examples': 2472, 'score': 1762.7828562259674, 'total_duration': 1878.9371092319489, 'accumulated_submission_time': 1762.7828562259674, 'accumulated_eval_time': 112.98680996894836, 'accumulated_logging_time': 0.07696866989135742}
I0313 15:34:43.327404 140605619435264 logging_writer.py:48] [1674] accumulated_eval_time=112.987, accumulated_logging_time=0.0769687, accumulated_submission_time=1762.78, global_step=1674, preemption_count=0, score=1762.78, test/ctc_loss=3.40902, test/num_examples=2472, test/wer=0.659253, total_duration=1878.94, train/ctc_loss=3.49413, train/wer=0.695533, validation/ctc_loss=3.65251, validation/num_examples=5348, validation/wer=0.672708
/usr/local/lib/python3.11/multiprocessing/popen_fork.py:66: RuntimeWarning: os.fork() was called. os.fork() is incompatible with multithreaded code, and JAX is multithreaded, so this will likely lead to a deadlock.
  self.pid = os.fork()
I0313 16:03:51.392970 140624958444736 spec.py:333] Evaluating on the training split.
/usr/local/lib/python3.11/site-packages/torch/distributed/distributed_c10d.py:4876: UserWarning: barrier(): using the device under current context. You can specify `device_id` in `init_process_group` to mute this warning.
  warnings.warn(  # warn only once
I0313 16:04:06.961657 140624958444736 spec.py:346] Evaluating on the validation split.
I0313 16:04:27.849354 140624958444736 spec.py:363] Evaluating on the test split.
I0313 16:04:38.682804 140624958444736 submission_runner.py:516] Time since start: 3674.33s, 	Step: 3742, 	{'train/ctc_loss': 1.7664239550463205, 'train/wer': 0.45665764267153747, 'validation/ctc_loss': 1.98504368159857, 'validation/wer': 0.4565441992951287, 'validation/num_examples': 5348, 'test/ctc_loss': 1.648738061743683, 'test/wer': 0.4148640139743668, 'test/num_examples': 2472, 'score': 3508.2815675735474, 'total_duration': 3674.3281660079956, 'accumulated_submission_time': 3508.2815675735474, 'accumulated_eval_time': 160.2767391204834, 'accumulated_logging_time': 0.12309956550598145}
I0313 16:04:38.718092 140605619435264 logging_writer.py:48] [3742] accumulated_eval_time=160.277, accumulated_logging_time=0.1231, accumulated_submission_time=3508.28, global_step=3742, preemption_count=0, score=3508.28, test/ctc_loss=1.64874, test/num_examples=2472, test/wer=0.414864, total_duration=3674.33, train/ctc_loss=1.76642, train/wer=0.456658, validation/ctc_loss=1.98504, validation/num_examples=5348, validation/wer=0.456544
/usr/local/lib/python3.11/multiprocessing/popen_fork.py:66: RuntimeWarning: os.fork() was called. os.fork() is incompatible with multithreaded code, and JAX is multithreaded, so this will likely lead to a deadlock.
  self.pid = os.fork()
I0313 16:33:46.863712 140624958444736 spec.py:333] Evaluating on the training split.
/usr/local/lib/python3.11/site-packages/torch/distributed/distributed_c10d.py:4876: UserWarning: barrier(): using the device under current context. You can specify `device_id` in `init_process_group` to mute this warning.
  warnings.warn(  # warn only once
I0313 16:34:01.781865 140624958444736 spec.py:346] Evaluating on the validation split.
I0313 16:34:22.870158 140624958444736 spec.py:363] Evaluating on the test split.
I0313 16:34:33.800624 140624958444736 submission_runner.py:516] Time since start: 5469.45s, 	Step: 6391, 	{'train/ctc_loss': 0.7831132089401124, 'train/wer': 0.26073366167628864, 'validation/ctc_loss': 0.9731667947972724, 'validation/wer': 0.29294645874571523, 'validation/num_examples': 5348, 'test/ctc_loss': 0.701197915998306, 'test/wer': 0.2337253468202222, 'test/num_examples': 2472, 'score': 5253.742768764496, 'total_duration': 5469.44589471817, 'accumulated_submission_time': 5253.742768764496, 'accumulated_eval_time': 207.2133629322052, 'accumulated_logging_time': 0.17049098014831543}
I0313 16:34:33.837339 140605619435264 logging_writer.py:48] [6391] accumulated_eval_time=207.213, accumulated_logging_time=0.170491, accumulated_submission_time=5253.74, global_step=6391, preemption_count=0, score=5253.74, test/ctc_loss=0.701198, test/num_examples=2472, test/wer=0.233725, total_duration=5469.45, train/ctc_loss=0.783113, train/wer=0.260734, validation/ctc_loss=0.973167, validation/num_examples=5348, validation/wer=0.292946
/usr/local/lib/python3.11/multiprocessing/popen_fork.py:66: RuntimeWarning: os.fork() was called. os.fork() is incompatible with multithreaded code, and JAX is multithreaded, so this will likely lead to a deadlock.
  self.pid = os.fork()
I0313 17:03:42.072422 140624958444736 spec.py:333] Evaluating on the training split.
/usr/local/lib/python3.11/site-packages/torch/distributed/distributed_c10d.py:4876: UserWarning: barrier(): using the device under current context. You can specify `device_id` in `init_process_group` to mute this warning.
  warnings.warn(  # warn only once
I0313 17:03:57.798637 140624958444736 spec.py:346] Evaluating on the validation split.
I0313 17:04:18.951687 140624958444736 spec.py:363] Evaluating on the test split.
I0313 17:04:29.829078 140624958444736 submission_runner.py:516] Time since start: 7265.47s, 	Step: 9036, 	{'train/ctc_loss': 0.5111727147702536, 'train/wer': 0.18100177218217597, 'validation/ctc_loss': 0.7099743719256467, 'validation/wer': 0.22302901559407134, 'validation/num_examples': 5348, 'test/ctc_loss': 0.4718653455317156, 'test/wer': 0.16543781609895802, 'test/num_examples': 2472, 'score': 6999.194639205933, 'total_duration': 7265.474403142929, 'accumulated_submission_time': 6999.194639205933, 'accumulated_eval_time': 254.96985936164856, 'accumulated_logging_time': 0.21785998344421387}
I0313 17:04:30.178973 140605619435264 logging_writer.py:48] [9036] accumulated_eval_time=254.97, accumulated_logging_time=0.21786, accumulated_submission_time=6999.19, global_step=9036, preemption_count=0, score=6999.19, test/ctc_loss=0.471865, test/num_examples=2472, test/wer=0.165438, total_duration=7265.47, train/ctc_loss=0.511173, train/wer=0.181002, validation/ctc_loss=0.709974, validation/num_examples=5348, validation/wer=0.223029
/usr/local/lib/python3.11/multiprocessing/popen_fork.py:66: RuntimeWarning: os.fork() was called. os.fork() is incompatible with multithreaded code, and JAX is multithreaded, so this will likely lead to a deadlock.
  self.pid = os.fork()
I0313 17:33:38.361147 140624958444736 spec.py:333] Evaluating on the training split.
/usr/local/lib/python3.11/site-packages/torch/distributed/distributed_c10d.py:4876: UserWarning: barrier(): using the device under current context. You can specify `device_id` in `init_process_group` to mute this warning.
  warnings.warn(  # warn only once
I0313 17:33:54.784350 140624958444736 spec.py:346] Evaluating on the validation split.
I0313 17:34:15.324837 140624958444736 spec.py:363] Evaluating on the test split.
I0313 17:34:26.094068 140624958444736 submission_runner.py:516] Time since start: 9061.74s, 	Step: 11604, 	{'train/ctc_loss': 0.38117659590624525, 'train/wer': 0.13743109690466096, 'validation/ctc_loss': 0.5889617534048365, 'validation/wer': 0.18452179790469753, 'validation/num_examples': 5348, 'test/ctc_loss': 0.37253610550579386, 'test/wer': 0.13109093494201043, 'test/num_examples': 2472, 'score': 8744.505866289139, 'total_duration': 9061.739397764206, 'accumulated_submission_time': 8744.505866289139, 'accumulated_eval_time': 302.7025954723358, 'accumulated_logging_time': 0.717848539352417}
I0313 17:34:26.462747 140605619435264 logging_writer.py:48] [11604] accumulated_eval_time=302.703, accumulated_logging_time=0.717849, accumulated_submission_time=8744.51, global_step=11604, preemption_count=0, score=8744.51, test/ctc_loss=0.372536, test/num_examples=2472, test/wer=0.131091, total_duration=9061.74, train/ctc_loss=0.381177, train/wer=0.137431, validation/ctc_loss=0.588962, validation/num_examples=5348, validation/wer=0.184522
/usr/local/lib/python3.11/multiprocessing/popen_fork.py:66: RuntimeWarning: os.fork() was called. os.fork() is incompatible with multithreaded code, and JAX is multithreaded, so this will likely lead to a deadlock.
  self.pid = os.fork()
I0313 18:03:34.205883 140624958444736 spec.py:333] Evaluating on the training split.
/usr/local/lib/python3.11/site-packages/torch/distributed/distributed_c10d.py:4876: UserWarning: barrier(): using the device under current context. You can specify `device_id` in `init_process_group` to mute this warning.
  warnings.warn(  # warn only once
I0313 18:03:51.452391 140624958444736 spec.py:346] Evaluating on the validation split.
I0313 18:04:12.049157 140624958444736 spec.py:363] Evaluating on the test split.
I0313 18:04:22.835563 140624958444736 submission_runner.py:516] Time since start: 10858.48s, 	Step: 14170, 	{'train/ctc_loss': 0.30520243604562863, 'train/wer': 0.11044065364167129, 'validation/ctc_loss': 0.5166369583356771, 'validation/wer': 0.15909815091971224, 'validation/num_examples': 5348, 'test/ctc_loss': 0.3141833161965686, 'test/wer': 0.10793573416204578, 'test/num_examples': 2472, 'score': 10489.26429772377, 'total_duration': 10858.479204177856, 'accumulated_submission_time': 10489.26429772377, 'accumulated_eval_time': 351.3303642272949, 'accumulated_logging_time': 1.2151012420654297}
I0313 18:04:23.620367 140605619435264 logging_writer.py:48] [14170] accumulated_eval_time=351.33, accumulated_logging_time=1.2151, accumulated_submission_time=10489.3, global_step=14170, preemption_count=0, score=10489.3, test/ctc_loss=0.314183, test/num_examples=2472, test/wer=0.107936, total_duration=10858.5, train/ctc_loss=0.305202, train/wer=0.110441, validation/ctc_loss=0.516637, validation/num_examples=5348, validation/wer=0.159098
/usr/local/lib/python3.11/multiprocessing/popen_fork.py:66: RuntimeWarning: os.fork() was called. os.fork() is incompatible with multithreaded code, and JAX is multithreaded, so this will likely lead to a deadlock.
  self.pid = os.fork()
I0313 18:33:30.919708 140624958444736 spec.py:333] Evaluating on the training split.
/usr/local/lib/python3.11/site-packages/torch/distributed/distributed_c10d.py:4876: UserWarning: barrier(): using the device under current context. You can specify `device_id` in `init_process_group` to mute this warning.
  warnings.warn(  # warn only once
I0313 18:33:45.776541 140624958444736 spec.py:346] Evaluating on the validation split.
I0313 18:34:06.335240 140624958444736 spec.py:363] Evaluating on the test split.
I0313 18:34:17.152725 140624958444736 submission_runner.py:516] Time since start: 12652.80s, 	Step: 16932, 	{'train/ctc_loss': 0.25575937378714503, 'train/wer': 0.09328962675451472, 'validation/ctc_loss': 0.470682506422156, 'validation/wer': 0.14305991406363153, 'validation/num_examples': 5348, 'test/ctc_loss': 0.2778477022164975, 'test/wer': 0.09394105579590925, 'test/num_examples': 2472, 'score': 12233.443920373917, 'total_duration': 12652.798074007034, 'accumulated_submission_time': 12233.443920373917, 'accumulated_eval_time': 397.5633170604706, 'accumulated_logging_time': 2.3480305671691895}
I0313 18:34:17.592734 140605619435264 logging_writer.py:48] [16932] accumulated_eval_time=397.563, accumulated_logging_time=2.34803, accumulated_submission_time=12233.4, global_step=16932, preemption_count=0, score=12233.4, test/ctc_loss=0.277848, test/num_examples=2472, test/wer=0.0939411, total_duration=12652.8, train/ctc_loss=0.255759, train/wer=0.0932896, validation/ctc_loss=0.470683, validation/num_examples=5348, validation/wer=0.14306
/usr/local/lib/python3.11/multiprocessing/popen_fork.py:66: RuntimeWarning: os.fork() was called. os.fork() is incompatible with multithreaded code, and JAX is multithreaded, so this will likely lead to a deadlock.
  self.pid = os.fork()
I0313 19:03:25.523700 140624958444736 spec.py:333] Evaluating on the training split.
/usr/local/lib/python3.11/site-packages/torch/distributed/distributed_c10d.py:4876: UserWarning: barrier(): using the device under current context. You can specify `device_id` in `init_process_group` to mute this warning.
  warnings.warn(  # warn only once
I0313 19:03:44.583656 140624958444736 spec.py:346] Evaluating on the validation split.
I0313 19:04:05.099427 140624958444736 spec.py:363] Evaluating on the test split.
I0313 19:04:15.905481 140624958444736 submission_runner.py:516] Time since start: 14451.55s, 	Step: 19602, 	{'train/ctc_loss': 0.22411704156190412, 'train/wer': 0.0823684181915044, 'validation/ctc_loss': 0.43874077694024116, 'validation/wer': 0.1329213537391976, 'validation/num_examples': 5348, 'test/ctc_loss': 0.2555842527301192, 'test/wer': 0.08577580078402697, 'test/num_examples': 2472, 'score': 13978.373326063156, 'total_duration': 14451.550782442093, 'accumulated_submission_time': 13978.373326063156, 'accumulated_eval_time': 447.94487023353577, 'accumulated_logging_time': 2.92740535736084}
I0313 19:04:16.808011 140605619435264 logging_writer.py:48] [19602] accumulated_eval_time=447.945, accumulated_logging_time=2.92741, accumulated_submission_time=13978.4, global_step=19602, preemption_count=0, score=13978.4, test/ctc_loss=0.255584, test/num_examples=2472, test/wer=0.0857758, total_duration=14451.6, train/ctc_loss=0.224117, train/wer=0.0823684, validation/ctc_loss=0.438741, validation/num_examples=5348, validation/wer=0.132921
/usr/local/lib/python3.11/multiprocessing/popen_fork.py:66: RuntimeWarning: os.fork() was called. os.fork() is incompatible with multithreaded code, and JAX is multithreaded, so this will likely lead to a deadlock.
  self.pid = os.fork()
I0313 19:33:24.852746 140624958444736 spec.py:333] Evaluating on the training split.
/usr/local/lib/python3.11/site-packages/torch/distributed/distributed_c10d.py:4876: UserWarning: barrier(): using the device under current context. You can specify `device_id` in `init_process_group` to mute this warning.
  warnings.warn(  # warn only once
I0313 19:33:39.989193 140624958444736 spec.py:346] Evaluating on the validation split.
I0313 19:34:00.581192 140624958444736 spec.py:363] Evaluating on the test split.
I0313 19:34:11.396651 140624958444736 submission_runner.py:516] Time since start: 16247.04s, 	Step: 22181, 	{'train/ctc_loss': 0.20366118737449587, 'train/wer': 0.07474694760646683, 'validation/ctc_loss': 0.42025227275568305, 'validation/wer': 0.12496499782745137, 'validation/num_examples': 5348, 'test/ctc_loss': 0.2425589163175151, 'test/wer': 0.0805760363983507, 'test/num_examples': 2472, 'score': 15723.343266248703, 'total_duration': 16247.041977882385, 'accumulated_submission_time': 15723.343266248703, 'accumulated_eval_time': 494.4886791706085, 'accumulated_logging_time': 4.1765525341033936}
I0313 19:34:11.653711 140605619435264 logging_writer.py:48] [22181] accumulated_eval_time=494.489, accumulated_logging_time=4.17655, accumulated_submission_time=15723.3, global_step=22181, preemption_count=0, score=15723.3, test/ctc_loss=0.242559, test/num_examples=2472, test/wer=0.080576, total_duration=16247, train/ctc_loss=0.203661, train/wer=0.0747469, validation/ctc_loss=0.420252, validation/num_examples=5348, validation/wer=0.124965
/usr/local/lib/python3.11/multiprocessing/popen_fork.py:66: RuntimeWarning: os.fork() was called. os.fork() is incompatible with multithreaded code, and JAX is multithreaded, so this will likely lead to a deadlock.
  self.pid = os.fork()
I0313 20:03:19.549706 140624958444736 spec.py:333] Evaluating on the training split.
/usr/local/lib/python3.11/site-packages/torch/distributed/distributed_c10d.py:4876: UserWarning: barrier(): using the device under current context. You can specify `device_id` in `init_process_group` to mute this warning.
  warnings.warn(  # warn only once
I0313 20:03:36.834827 140624958444736 spec.py:346] Evaluating on the validation split.
I0313 20:03:57.316030 140624958444736 spec.py:363] Evaluating on the test split.
I0313 20:04:08.142859 140624958444736 submission_runner.py:516] Time since start: 18043.79s, 	Step: 24744, 	{'train/ctc_loss': 0.18854160514503637, 'train/wer': 0.06962066603607424, 'validation/ctc_loss': 0.407593711131112, 'validation/wer': 0.12002124269782262, 'validation/num_examples': 5348, 'test/ctc_loss': 0.23231934013563976, 'test/wer': 0.07661527837019885, 'test/num_examples': 2472, 'score': 17468.230127573013, 'total_duration': 18043.788234233856, 'accumulated_submission_time': 17468.230127573013, 'accumulated_eval_time': 543.0816962718964, 'accumulated_logging_time': 4.655288457870483}
I0313 20:04:09.247209 140605619435264 logging_writer.py:48] [24744] accumulated_eval_time=543.082, accumulated_logging_time=4.65529, accumulated_submission_time=17468.2, global_step=24744, preemption_count=0, score=17468.2, test/ctc_loss=0.232319, test/num_examples=2472, test/wer=0.0766153, total_duration=18043.8, train/ctc_loss=0.188542, train/wer=0.0696207, validation/ctc_loss=0.407594, validation/num_examples=5348, validation/wer=0.120021
/usr/local/lib/python3.11/multiprocessing/popen_fork.py:66: RuntimeWarning: os.fork() was called. os.fork() is incompatible with multithreaded code, and JAX is multithreaded, so this will likely lead to a deadlock.
  self.pid = os.fork()
I0313 20:33:16.313339 140624958444736 spec.py:333] Evaluating on the training split.
/usr/local/lib/python3.11/site-packages/torch/distributed/distributed_c10d.py:4876: UserWarning: barrier(): using the device under current context. You can specify `device_id` in `init_process_group` to mute this warning.
  warnings.warn(  # warn only once
I0313 20:33:33.176373 140624958444736 spec.py:346] Evaluating on the validation split.
I0313 20:33:53.654502 140624958444736 spec.py:363] Evaluating on the test split.
I0313 20:34:04.411652 140624958444736 submission_runner.py:516] Time since start: 19840.06s, 	Step: 27530, 	{'train/ctc_loss': 0.17555159854288654, 'train/wer': 0.06523913587092425, 'validation/ctc_loss': 0.3942254260733282, 'validation/wer': 0.11570511273113504, 'validation/num_examples': 5348, 'test/ctc_loss': 0.22338126247160806, 'test/wer': 0.07149676030304877, 'test/num_examples': 2472, 'score': 19211.941057682037, 'total_duration': 19840.056983470917, 'accumulated_submission_time': 19211.941057682037, 'accumulated_eval_time': 591.1798620223999, 'accumulated_logging_time': 6.274301052093506}
I0313 20:34:04.726624 140605619435264 logging_writer.py:48] [27530] accumulated_eval_time=591.18, accumulated_logging_time=6.2743, accumulated_submission_time=19211.9, global_step=27530, preemption_count=0, score=19211.9, test/ctc_loss=0.223381, test/num_examples=2472, test/wer=0.0714968, total_duration=19840.1, train/ctc_loss=0.175552, train/wer=0.0652391, validation/ctc_loss=0.394225, validation/num_examples=5348, validation/wer=0.115705
/usr/local/lib/python3.11/multiprocessing/popen_fork.py:66: RuntimeWarning: os.fork() was called. os.fork() is incompatible with multithreaded code, and JAX is multithreaded, so this will likely lead to a deadlock.
  self.pid = os.fork()
I0313 21:03:13.242015 140624958444736 spec.py:333] Evaluating on the training split.
/usr/local/lib/python3.11/site-packages/torch/distributed/distributed_c10d.py:4876: UserWarning: barrier(): using the device under current context. You can specify `device_id` in `init_process_group` to mute this warning.
  warnings.warn(  # warn only once
I0313 21:03:30.122094 140624958444736 spec.py:346] Evaluating on the validation split.
I0313 21:03:51.879301 140624958444736 spec.py:363] Evaluating on the test split.
I0313 21:04:02.697631 140624958444736 submission_runner.py:516] Time since start: 21638.34s, 	Step: 30207, 	{'train/ctc_loss': 0.16556593923490998, 'train/wer': 0.0612055187709971, 'validation/ctc_loss': 0.38397700407205315, 'validation/wer': 0.11236421570994062, 'validation/num_examples': 5348, 'test/ctc_loss': 0.21663478920977325, 'test/wer': 0.06936404444173623, 'test/num_examples': 2472, 'score': 20957.299928426743, 'total_duration': 21638.343057870865, 'accumulated_submission_time': 20957.299928426743, 'accumulated_eval_time': 640.6353452205658, 'accumulated_logging_time': 6.85330057144165}
I0313 21:04:03.697076 140605619435264 logging_writer.py:48] [30207] accumulated_eval_time=640.635, accumulated_logging_time=6.8533, accumulated_submission_time=20957.3, global_step=30207, preemption_count=0, score=20957.3, test/ctc_loss=0.216635, test/num_examples=2472, test/wer=0.069364, total_duration=21638.3, train/ctc_loss=0.165566, train/wer=0.0612055, validation/ctc_loss=0.383977, validation/num_examples=5348, validation/wer=0.112364
/usr/local/lib/python3.11/multiprocessing/popen_fork.py:66: RuntimeWarning: os.fork() was called. os.fork() is incompatible with multithreaded code, and JAX is multithreaded, so this will likely lead to a deadlock.
  self.pid = os.fork()
I0313 21:33:10.890642 140624958444736 spec.py:333] Evaluating on the training split.
/usr/local/lib/python3.11/site-packages/torch/distributed/distributed_c10d.py:4876: UserWarning: barrier(): using the device under current context. You can specify `device_id` in `init_process_group` to mute this warning.
  warnings.warn(  # warn only once
I0313 21:33:27.049883 140624958444736 spec.py:346] Evaluating on the validation split.
I0313 21:33:47.948656 140624958444736 spec.py:363] Evaluating on the test split.
I0313 21:33:58.867736 140624958444736 submission_runner.py:516] Time since start: 23434.51s, 	Step: 32778, 	{'train/ctc_loss': 0.1575138212736876, 'train/wer': 0.05829718299140002, 'validation/ctc_loss': 0.37624646566568537, 'validation/wer': 0.10953507459083667, 'validation/num_examples': 5348, 'test/ctc_loss': 0.21122162007391534, 'test/wer': 0.06688603172668739, 'test/num_examples': 2472, 'score': 22701.380720615387, 'total_duration': 23434.513050556183, 'accumulated_submission_time': 22701.380720615387, 'accumulated_eval_time': 688.6122136116028, 'accumulated_logging_time': 8.234232425689697}
I0313 21:33:59.135107 140605619435264 logging_writer.py:48] [32778] accumulated_eval_time=688.612, accumulated_logging_time=8.23423, accumulated_submission_time=22701.4, global_step=32778, preemption_count=0, score=22701.4, test/ctc_loss=0.211222, test/num_examples=2472, test/wer=0.066886, total_duration=23434.5, train/ctc_loss=0.157514, train/wer=0.0582972, validation/ctc_loss=0.376246, validation/num_examples=5348, validation/wer=0.109535
/usr/local/lib/python3.11/multiprocessing/popen_fork.py:66: RuntimeWarning: os.fork() was called. os.fork() is incompatible with multithreaded code, and JAX is multithreaded, so this will likely lead to a deadlock.
  self.pid = os.fork()
I0313 22:03:06.948764 140624958444736 spec.py:333] Evaluating on the training split.
/usr/local/lib/python3.11/site-packages/torch/distributed/distributed_c10d.py:4876: UserWarning: barrier(): using the device under current context. You can specify `device_id` in `init_process_group` to mute this warning.
  warnings.warn(  # warn only once
I0313 22:03:25.041822 140624958444736 spec.py:346] Evaluating on the validation split.
I0313 22:03:45.750594 140624958444736 spec.py:363] Evaluating on the test split.
I0313 22:03:56.575437 140624958444736 submission_runner.py:516] Time since start: 25232.22s, 	Step: 35337, 	{'train/ctc_loss': 0.15090531715630853, 'train/wer': 0.0560792372006045, 'validation/ctc_loss': 0.3696872675679561, 'validation/wer': 0.10742046058031188, 'validation/num_examples': 5348, 'test/ctc_loss': 0.2061403420829751, 'test/wer': 0.06566733694879451, 'test/num_examples': 2472, 'score': 24446.051486730576, 'total_duration': 25232.22081398964, 'accumulated_submission_time': 24446.051486730576, 'accumulated_eval_time': 738.2387819290161, 'accumulated_logging_time': 8.81091046333313}
I0313 22:03:57.512838 140605619435264 logging_writer.py:48] [35337] accumulated_eval_time=738.239, accumulated_logging_time=8.81091, accumulated_submission_time=24446.1, global_step=35337, preemption_count=0, score=24446.1, test/ctc_loss=0.20614, test/num_examples=2472, test/wer=0.0656673, total_duration=25232.2, train/ctc_loss=0.150905, train/wer=0.0560792, validation/ctc_loss=0.369687, validation/num_examples=5348, validation/wer=0.10742
/usr/local/lib/python3.11/multiprocessing/popen_fork.py:66: RuntimeWarning: os.fork() was called. os.fork() is incompatible with multithreaded code, and JAX is multithreaded, so this will likely lead to a deadlock.
  self.pid = os.fork()
I0313 22:33:04.823321 140624958444736 spec.py:333] Evaluating on the training split.
/usr/local/lib/python3.11/site-packages/torch/distributed/distributed_c10d.py:4876: UserWarning: barrier(): using the device under current context. You can specify `device_id` in `init_process_group` to mute this warning.
  warnings.warn(  # warn only once
I0313 22:33:21.852636 140624958444736 spec.py:346] Evaluating on the validation split.
I0313 22:33:42.727772 140624958444736 spec.py:363] Evaluating on the test split.
I0313 22:33:53.479561 140624958444736 submission_runner.py:516] Time since start: 27029.12s, 	Step: 38115, 	{'train/ctc_loss': 0.1446145942314507, 'train/wer': 0.05375256857692684, 'validation/ctc_loss': 0.36345120372453793, 'validation/wer': 0.10552792931975088, 'validation/num_examples': 5348, 'test/ctc_loss': 0.2021710823912123, 'test/wer': 0.06483456218390105, 'test/num_examples': 2472, 'score': 26190.266891002655, 'total_duration': 27029.115137577057, 'accumulated_submission_time': 26190.266891002655, 'accumulated_eval_time': 786.8851354122162, 'accumulated_logging_time': 10.022319555282593}
I0313 22:33:53.783101 140605619435264 logging_writer.py:48] [38115] accumulated_eval_time=786.885, accumulated_logging_time=10.0223, accumulated_submission_time=26190.3, global_step=38115, preemption_count=0, score=26190.3, test/ctc_loss=0.202171, test/num_examples=2472, test/wer=0.0648346, total_duration=27029.1, train/ctc_loss=0.144615, train/wer=0.0537526, validation/ctc_loss=0.363451, validation/num_examples=5348, validation/wer=0.105528
/usr/local/lib/python3.11/multiprocessing/popen_fork.py:66: RuntimeWarning: os.fork() was called. os.fork() is incompatible with multithreaded code, and JAX is multithreaded, so this will likely lead to a deadlock.
  self.pid = os.fork()
I0313 23:03:01.590343 140624958444736 spec.py:333] Evaluating on the training split.
/usr/local/lib/python3.11/site-packages/torch/distributed/distributed_c10d.py:4876: UserWarning: barrier(): using the device under current context. You can specify `device_id` in `init_process_group` to mute this warning.
  warnings.warn(  # warn only once
I0313 23:03:18.992924 140624958444736 spec.py:346] Evaluating on the validation split.
I0313 23:03:40.560290 140624958444736 spec.py:363] Evaluating on the test split.
I0313 23:03:51.460111 140624958444736 submission_runner.py:516] Time since start: 28827.11s, 	Step: 40791, 	{'train/ctc_loss': 0.13968904507180102, 'train/wer': 0.05216521521684769, 'validation/ctc_loss': 0.35969874463257767, 'validation/wer': 0.10351952879833921, 'validation/num_examples': 5348, 'test/ctc_loss': 0.19881086625944794, 'test/wer': 0.06373773688379746, 'test/num_examples': 2472, 'score': 27935.000098466873, 'total_duration': 28827.10539650917, 'accumulated_submission_time': 27935.000098466873, 'accumulated_eval_time': 836.7546474933624, 'accumulated_logging_time': 10.557229280471802}
I0313 23:03:52.428659 140605619435264 logging_writer.py:48] [40791] accumulated_eval_time=836.755, accumulated_logging_time=10.5572, accumulated_submission_time=27935, global_step=40791, preemption_count=0, score=27935, test/ctc_loss=0.198811, test/num_examples=2472, test/wer=0.0637377, total_duration=28827.1, train/ctc_loss=0.139689, train/wer=0.0521652, validation/ctc_loss=0.359699, validation/num_examples=5348, validation/wer=0.10352
/usr/local/lib/python3.11/multiprocessing/popen_fork.py:66: RuntimeWarning: os.fork() was called. os.fork() is incompatible with multithreaded code, and JAX is multithreaded, so this will likely lead to a deadlock.
  self.pid = os.fork()
I0313 23:32:59.636595 140624958444736 spec.py:333] Evaluating on the training split.
/usr/local/lib/python3.11/site-packages/torch/distributed/distributed_c10d.py:4876: UserWarning: barrier(): using the device under current context. You can specify `device_id` in `init_process_group` to mute this warning.
  warnings.warn(  # warn only once
I0313 23:33:14.872468 140624958444736 spec.py:346] Evaluating on the validation split.
I0313 23:33:35.427226 140624958444736 spec.py:363] Evaluating on the test split.
I0313 23:33:46.438761 140624958444736 submission_runner.py:516] Time since start: 30622.08s, 	Step: 43367, 	{'train/ctc_loss': 0.1346333644808559, 'train/wer': 0.050344107766071955, 'validation/ctc_loss': 0.3544434365878507, 'validation/wer': 0.10135663592912664, 'validation/num_examples': 5348, 'test/ctc_loss': 0.19530051963696793, 'test/wer': 0.06213312209290517, 'test/num_examples': 2472, 'score': 29679.2389626503, 'total_duration': 30622.084145069122, 'accumulated_submission_time': 29679.2389626503, 'accumulated_eval_time': 883.5567088127136, 'accumulated_logging_time': 11.736001968383789}
I0313 23:33:46.698657 140605619435264 logging_writer.py:48] [43367] accumulated_eval_time=883.557, accumulated_logging_time=11.736, accumulated_submission_time=29679.2, global_step=43367, preemption_count=0, score=29679.2, test/ctc_loss=0.195301, test/num_examples=2472, test/wer=0.0621331, total_duration=30622.1, train/ctc_loss=0.134633, train/wer=0.0503441, validation/ctc_loss=0.354443, validation/num_examples=5348, validation/wer=0.101357
/usr/local/lib/python3.11/multiprocessing/popen_fork.py:66: RuntimeWarning: os.fork() was called. os.fork() is incompatible with multithreaded code, and JAX is multithreaded, so this will likely lead to a deadlock.
  self.pid = os.fork()
I0314 00:02:54.494225 140624958444736 spec.py:333] Evaluating on the training split.
/usr/local/lib/python3.11/site-packages/torch/distributed/distributed_c10d.py:4876: UserWarning: barrier(): using the device under current context. You can specify `device_id` in `init_process_group` to mute this warning.
  warnings.warn(  # warn only once
I0314 00:03:11.754491 140624958444736 spec.py:346] Evaluating on the validation split.
I0314 00:03:32.413784 140624958444736 spec.py:363] Evaluating on the test split.
I0314 00:03:43.273796 140624958444736 submission_runner.py:516] Time since start: 32418.91s, 	Step: 45919, 	{'train/ctc_loss': 0.12973377305479153, 'train/wer': 0.047979386150885546, 'validation/ctc_loss': 0.3506435388970142, 'validation/wer': 0.10062279727707236, 'validation/num_examples': 5348, 'test/ctc_loss': 0.1915409538935478, 'test/wer': 0.06103629679280158, 'test/num_examples': 2472, 'score': 31423.90184879303, 'total_duration': 32418.906566381454, 'accumulated_submission_time': 31423.90184879303, 'accumulated_eval_time': 932.3235607147217, 'accumulated_logging_time': 12.284134149551392}
I0314 00:03:44.018975 140605619435264 logging_writer.py:48] [45919] accumulated_eval_time=932.324, accumulated_logging_time=12.2841, accumulated_submission_time=31423.9, global_step=45919, preemption_count=0, score=31423.9, test/ctc_loss=0.191541, test/num_examples=2472, test/wer=0.0610363, total_duration=32418.9, train/ctc_loss=0.129734, train/wer=0.0479794, validation/ctc_loss=0.350644, validation/num_examples=5348, validation/wer=0.100623
/usr/local/lib/python3.11/multiprocessing/popen_fork.py:66: RuntimeWarning: os.fork() was called. os.fork() is incompatible with multithreaded code, and JAX is multithreaded, so this will likely lead to a deadlock.
  self.pid = os.fork()
I0314 00:32:51.677925 140624958444736 spec.py:333] Evaluating on the training split.
/usr/local/lib/python3.11/site-packages/torch/distributed/distributed_c10d.py:4876: UserWarning: barrier(): using the device under current context. You can specify `device_id` in `init_process_group` to mute this warning.
  warnings.warn(  # warn only once
I0314 00:33:06.229537 140624958444736 spec.py:346] Evaluating on the validation split.
I0314 00:33:26.844674 140624958444736 spec.py:363] Evaluating on the test split.
I0314 00:33:37.709248 140624958444736 submission_runner.py:516] Time since start: 34213.35s, 	Step: 48697, 	{'train/ctc_loss': 0.12485035742309444, 'train/wer': 0.04632136294943301, 'validation/ctc_loss': 0.3477889950654091, 'validation/wer': 0.09922271037512673, 'validation/num_examples': 5348, 'test/ctc_loss': 0.1888187296885226, 'test/wer': 0.060305079926065853, 'test/num_examples': 2472, 'score': 33168.45597934723, 'total_duration': 34213.35457277298, 'accumulated_submission_time': 33168.45597934723, 'accumulated_eval_time': 978.3547294139862, 'accumulated_logging_time': 13.343034267425537}
I0314 00:33:38.006284 140605619435264 logging_writer.py:48] [48697] accumulated_eval_time=978.355, accumulated_logging_time=13.343, accumulated_submission_time=33168.5, global_step=48697, preemption_count=0, score=33168.5, test/ctc_loss=0.188819, test/num_examples=2472, test/wer=0.0603051, total_duration=34213.4, train/ctc_loss=0.12485, train/wer=0.0463214, validation/ctc_loss=0.347789, validation/num_examples=5348, validation/wer=0.0992227
/usr/local/lib/python3.11/multiprocessing/popen_fork.py:66: RuntimeWarning: os.fork() was called. os.fork() is incompatible with multithreaded code, and JAX is multithreaded, so this will likely lead to a deadlock.
  self.pid = os.fork()
I0314 01:02:45.864823 140624958444736 spec.py:333] Evaluating on the training split.
/usr/local/lib/python3.11/site-packages/torch/distributed/distributed_c10d.py:4876: UserWarning: barrier(): using the device under current context. You can specify `device_id` in `init_process_group` to mute this warning.
  warnings.warn(  # warn only once
I0314 01:03:03.039739 140624958444736 spec.py:346] Evaluating on the validation split.
I0314 01:03:24.635339 140624958444736 spec.py:363] Evaluating on the test split.
I0314 01:03:35.458921 140624958444736 submission_runner.py:516] Time since start: 36011.10s, 	Step: 51378, 	{'train/ctc_loss': 0.12096876001923694, 'train/wer': 0.04490252998032117, 'validation/ctc_loss': 0.343614935497178, 'validation/wer': 0.09806401776661999, 'validation/num_examples': 5348, 'test/ctc_loss': 0.18524098725810695, 'test/wer': 0.05890358093148904, 'test/num_examples': 2472, 'score': 34913.0673058033, 'total_duration': 36011.10429430008, 'accumulated_submission_time': 34913.0673058033, 'accumulated_eval_time': 1027.9486734867096, 'accumulated_logging_time': 13.915590047836304}
I0314 01:03:36.382146 140605619435264 logging_writer.py:48] [51378] accumulated_eval_time=1027.95, accumulated_logging_time=13.9156, accumulated_submission_time=34913.1, global_step=51378, preemption_count=0, score=34913.1, test/ctc_loss=0.185241, test/num_examples=2472, test/wer=0.0589036, total_duration=36011.1, train/ctc_loss=0.120969, train/wer=0.0449025, validation/ctc_loss=0.343615, validation/num_examples=5348, validation/wer=0.098064
/usr/local/lib/python3.11/multiprocessing/popen_fork.py:66: RuntimeWarning: os.fork() was called. os.fork() is incompatible with multithreaded code, and JAX is multithreaded, so this will likely lead to a deadlock.
  self.pid = os.fork()
I0314 01:32:43.627463 140624958444736 spec.py:333] Evaluating on the training split.
/usr/local/lib/python3.11/site-packages/torch/distributed/distributed_c10d.py:4876: UserWarning: barrier(): using the device under current context. You can specify `device_id` in `init_process_group` to mute this warning.
  warnings.warn(  # warn only once
I0314 01:33:00.623515 140624958444736 spec.py:346] Evaluating on the validation split.
I0314 01:33:21.113389 140624958444736 spec.py:363] Evaluating on the test split.
I0314 01:33:31.945926 140624958444736 submission_runner.py:516] Time since start: 37807.59s, 	Step: 53958, 	{'train/ctc_loss': 0.11754036170499992, 'train/wer': 0.04344020787805647, 'validation/ctc_loss': 0.3403420384016801, 'validation/wer': 0.09620045382127167, 'validation/num_examples': 5348, 'test/ctc_loss': 0.18321493994379354, 'test/wer': 0.0583348567018057, 'test/num_examples': 2472, 'score': 36657.282760858536, 'total_duration': 37807.59129905701, 'accumulated_submission_time': 36657.282760858536, 'accumulated_eval_time': 1076.2669911384583, 'accumulated_logging_time': 15.146551370620728}
I0314 01:33:32.337829 140605619435264 logging_writer.py:48] [53958] accumulated_eval_time=1076.27, accumulated_logging_time=15.1466, accumulated_submission_time=36657.3, global_step=53958, preemption_count=0, score=36657.3, test/ctc_loss=0.183215, test/num_examples=2472, test/wer=0.0583349, total_duration=37807.6, train/ctc_loss=0.11754, train/wer=0.0434402, validation/ctc_loss=0.340342, validation/num_examples=5348, validation/wer=0.0962005
/usr/local/lib/python3.11/multiprocessing/popen_fork.py:66: RuntimeWarning: os.fork() was called. os.fork() is incompatible with multithreaded code, and JAX is multithreaded, so this will likely lead to a deadlock.
  self.pid = os.fork()
I0314 02:02:39.931032 140624958444736 spec.py:333] Evaluating on the training split.
/usr/local/lib/python3.11/site-packages/torch/distributed/distributed_c10d.py:4876: UserWarning: barrier(): using the device under current context. You can specify `device_id` in `init_process_group` to mute this warning.
  warnings.warn(  # warn only once
I0314 02:02:57.290501 140624958444736 spec.py:346] Evaluating on the validation split.
I0314 02:03:17.820832 140624958444736 spec.py:363] Evaluating on the test split.
I0314 02:03:28.602682 140624958444736 submission_runner.py:516] Time since start: 39604.24s, 	Step: 56525, 	{'train/ctc_loss': 0.11447713821062756, 'train/wer': 0.042418213248964415, 'validation/ctc_loss': 0.3379269669219903, 'validation/wer': 0.09480036691932603, 'validation/num_examples': 5348, 'test/ctc_loss': 0.18110059384504087, 'test/wer': 0.05756301667580688, 'test/num_examples': 2472, 'score': 38401.834555625916, 'total_duration': 39604.23756122589, 'accumulated_submission_time': 38401.834555625916, 'accumulated_eval_time': 1124.9279522895813, 'accumulated_logging_time': 15.807149410247803}
I0314 02:03:29.910267 140605619435264 logging_writer.py:48] [56525] accumulated_eval_time=1124.93, accumulated_logging_time=15.8071, accumulated_submission_time=38401.8, global_step=56525, preemption_count=0, score=38401.8, test/ctc_loss=0.181101, test/num_examples=2472, test/wer=0.057563, total_duration=39604.2, train/ctc_loss=0.114477, train/wer=0.0424182, validation/ctc_loss=0.337927, validation/num_examples=5348, validation/wer=0.0948004
/usr/local/lib/python3.11/multiprocessing/popen_fork.py:66: RuntimeWarning: os.fork() was called. os.fork() is incompatible with multithreaded code, and JAX is multithreaded, so this will likely lead to a deadlock.
  self.pid = os.fork()
I0314 02:32:36.624709 140624958444736 spec.py:333] Evaluating on the training split.
/usr/local/lib/python3.11/site-packages/torch/distributed/distributed_c10d.py:4876: UserWarning: barrier(): using the device under current context. You can specify `device_id` in `init_process_group` to mute this warning.
  warnings.warn(  # warn only once
I0314 02:32:53.810012 140624958444736 spec.py:346] Evaluating on the validation split.
I0314 02:33:14.225248 140624958444736 spec.py:363] Evaluating on the test split.
I0314 02:33:25.070013 140624958444736 submission_runner.py:516] Time since start: 41400.72s, 	Step: 59318, 	{'train/ctc_loss': 0.11167454670862793, 'train/wer': 0.04142339932809289, 'validation/ctc_loss': 0.3349949538807948, 'validation/wer': 0.09359339545213151, 'validation/num_examples': 5348, 'test/ctc_loss': 0.17846762083825246, 'test/wer': 0.05664899559238722, 'test/num_examples': 2472, 'score': 40145.10081958771, 'total_duration': 41400.71534395218, 'accumulated_submission_time': 40145.10081958771, 'accumulated_eval_time': 1173.3730969429016, 'accumulated_logging_time': 17.658639430999756}
I0314 02:33:26.187201 140605619435264 logging_writer.py:48] [59318] accumulated_eval_time=1173.37, accumulated_logging_time=17.6586, accumulated_submission_time=40145.1, global_step=59318, preemption_count=0, score=40145.1, test/ctc_loss=0.178468, test/num_examples=2472, test/wer=0.056649, total_duration=41400.7, train/ctc_loss=0.111675, train/wer=0.0414234, validation/ctc_loss=0.334995, validation/num_examples=5348, validation/wer=0.0935934
/usr/local/lib/python3.11/multiprocessing/popen_fork.py:66: RuntimeWarning: os.fork() was called. os.fork() is incompatible with multithreaded code, and JAX is multithreaded, so this will likely lead to a deadlock.
  self.pid = os.fork()
I0314 03:02:34.238757 140624958444736 spec.py:333] Evaluating on the training split.
/usr/local/lib/python3.11/site-packages/torch/distributed/distributed_c10d.py:4876: UserWarning: barrier(): using the device under current context. You can specify `device_id` in `init_process_group` to mute this warning.
  warnings.warn(  # warn only once
I0314 03:02:49.855897 140624958444736 spec.py:346] Evaluating on the validation split.
I0314 03:03:10.421937 140624958444736 spec.py:363] Evaluating on the test split.
I0314 03:03:21.344572 140624958444736 submission_runner.py:516] Time since start: 43196.99s, 	Step: 61993, 	{'train/ctc_loss': 0.10886246988955636, 'train/wer': 0.0402872457244746, 'validation/ctc_loss': 0.33084152509797304, 'validation/wer': 0.09176845459373341, 'validation/num_examples': 5348, 'test/ctc_loss': 0.176320491654048, 'test/wer': 0.05569435134970447, 'test/num_examples': 2472, 'score': 41889.504074811935, 'total_duration': 43196.98987364769, 'accumulated_submission_time': 41889.504074811935, 'accumulated_eval_time': 1220.4786658287048, 'accumulated_logging_time': 19.52816128730774}
I0314 03:03:22.307975 140605619435264 logging_writer.py:48] [61993] accumulated_eval_time=1220.48, accumulated_logging_time=19.5282, accumulated_submission_time=41889.5, global_step=61993, preemption_count=0, score=41889.5, test/ctc_loss=0.17632, test/num_examples=2472, test/wer=0.0556944, total_duration=43197, train/ctc_loss=0.108862, train/wer=0.0402872, validation/ctc_loss=0.330842, validation/num_examples=5348, validation/wer=0.0917685
/usr/local/lib/python3.11/multiprocessing/popen_fork.py:66: RuntimeWarning: os.fork() was called. os.fork() is incompatible with multithreaded code, and JAX is multithreaded, so this will likely lead to a deadlock.
  self.pid = os.fork()
I0314 03:32:29.777328 140624958444736 spec.py:333] Evaluating on the training split.
/usr/local/lib/python3.11/site-packages/torch/distributed/distributed_c10d.py:4876: UserWarning: barrier(): using the device under current context. You can specify `device_id` in `init_process_group` to mute this warning.
  warnings.warn(  # warn only once
I0314 03:32:45.560487 140624958444736 spec.py:346] Evaluating on the validation split.
I0314 03:33:06.096600 140624958444736 spec.py:363] Evaluating on the test split.
I0314 03:33:16.909537 140624958444736 submission_runner.py:516] Time since start: 44992.55s, 	Step: 64568, 	{'train/ctc_loss': 0.10632791275037545, 'train/wer': 0.03921632582058558, 'validation/ctc_loss': 0.3277242988755758, 'validation/wer': 0.09074494278955246, 'validation/num_examples': 5348, 'test/ctc_loss': 0.17476113963228407, 'test/wer': 0.05524749659781041, 'test/num_examples': 2472, 'score': 43633.814541339874, 'total_duration': 44992.55489706993, 'accumulated_submission_time': 43633.814541339874, 'accumulated_eval_time': 1267.6108498573303, 'accumulated_logging_time': 20.848503351211548}
I0314 03:33:17.244260 140605619435264 logging_writer.py:48] [64568] accumulated_eval_time=1267.61, accumulated_logging_time=20.8485, accumulated_submission_time=43633.8, global_step=64568, preemption_count=0, score=43633.8, test/ctc_loss=0.174761, test/num_examples=2472, test/wer=0.0552475, total_duration=44992.6, train/ctc_loss=0.106328, train/wer=0.0392163, validation/ctc_loss=0.327724, validation/num_examples=5348, validation/wer=0.0907449
/usr/local/lib/python3.11/multiprocessing/popen_fork.py:66: RuntimeWarning: os.fork() was called. os.fork() is incompatible with multithreaded code, and JAX is multithreaded, so this will likely lead to a deadlock.
  self.pid = os.fork()
I0314 04:02:25.203950 140624958444736 spec.py:333] Evaluating on the training split.
/usr/local/lib/python3.11/site-packages/torch/distributed/distributed_c10d.py:4876: UserWarning: barrier(): using the device under current context. You can specify `device_id` in `init_process_group` to mute this warning.
  warnings.warn(  # warn only once
I0314 04:02:42.056339 140624958444736 spec.py:346] Evaluating on the validation split.
I0314 04:03:02.587218 140624958444736 spec.py:363] Evaluating on the test split.
I0314 04:03:13.387038 140624958444736 submission_runner.py:516] Time since start: 46789.03s, 	Step: 67150, 	{'train/ctc_loss': 0.1038430958492938, 'train/wer': 0.0384987551235635, 'validation/ctc_loss': 0.32589616713699976, 'validation/wer': 0.09004972722444841, 'validation/num_examples': 5348, 'test/ctc_loss': 0.17362101259431903, 'test/wer': 0.054231917616233014, 'test/num_examples': 2472, 'score': 45378.7729613781, 'total_duration': 46789.03240323067, 'accumulated_submission_time': 45378.7729613781, 'accumulated_eval_time': 1315.7938044071198, 'accumulated_logging_time': 21.332430601119995}
I0314 04:03:14.340549 140605619435264 logging_writer.py:48] [67150] accumulated_eval_time=1315.79, accumulated_logging_time=21.3324, accumulated_submission_time=45378.8, global_step=67150, preemption_count=0, score=45378.8, test/ctc_loss=0.173621, test/num_examples=2472, test/wer=0.0542319, total_duration=46789, train/ctc_loss=0.103843, train/wer=0.0384988, validation/ctc_loss=0.325896, validation/num_examples=5348, validation/wer=0.0900497
/usr/local/lib/python3.11/multiprocessing/popen_fork.py:66: RuntimeWarning: os.fork() was called. os.fork() is incompatible with multithreaded code, and JAX is multithreaded, so this will likely lead to a deadlock.
  self.pid = os.fork()
I0314 04:32:21.736912 140624958444736 spec.py:333] Evaluating on the training split.
/usr/local/lib/python3.11/site-packages/torch/distributed/distributed_c10d.py:4876: UserWarning: barrier(): using the device under current context. You can specify `device_id` in `init_process_group` to mute this warning.
  warnings.warn(  # warn only once
I0314 04:32:39.633940 140624958444736 spec.py:346] Evaluating on the validation split.
I0314 04:33:00.258959 140624958444736 spec.py:363] Evaluating on the test split.
I0314 04:33:11.008749 140624958444736 submission_runner.py:516] Time since start: 48586.63s, 	Step: 69931, 	{'train/ctc_loss': 0.10155594135476959, 'train/wer': 0.037868162692847124, 'validation/ctc_loss': 0.32403031402155097, 'validation/wer': 0.08882344421377879, 'validation/num_examples': 5348, 'test/ctc_loss': 0.1725086058105663, 'test/wer': 0.053561635488391934, 'test/num_examples': 2472, 'score': 47123.02601647377, 'total_duration': 48586.63264584541, 'accumulated_submission_time': 47123.02601647377, 'accumulated_eval_time': 1365.044047832489, 'accumulated_logging_time': 22.62077832221985}
I0314 04:33:11.810241 140605619435264 logging_writer.py:48] [69931] accumulated_eval_time=1365.04, accumulated_logging_time=22.6208, accumulated_submission_time=47123, global_step=69931, preemption_count=0, score=47123, test/ctc_loss=0.172509, test/num_examples=2472, test/wer=0.0535616, total_duration=48586.6, train/ctc_loss=0.101556, train/wer=0.0378682, validation/ctc_loss=0.32403, validation/num_examples=5348, validation/wer=0.0888234
/usr/local/lib/python3.11/multiprocessing/popen_fork.py:66: RuntimeWarning: os.fork() was called. os.fork() is incompatible with multithreaded code, and JAX is multithreaded, so this will likely lead to a deadlock.
  self.pid = os.fork()
I0314 05:02:19.759491 140624958444736 spec.py:333] Evaluating on the training split.
/usr/local/lib/python3.11/site-packages/torch/distributed/distributed_c10d.py:4876: UserWarning: barrier(): using the device under current context. You can specify `device_id` in `init_process_group` to mute this warning.
  warnings.warn(  # warn only once
I0314 05:02:36.608256 140624958444736 spec.py:346] Evaluating on the validation split.
I0314 05:02:58.159664 140624958444736 spec.py:363] Evaluating on the test split.
I0314 05:03:08.857128 140624958444736 submission_runner.py:516] Time since start: 50384.50s, 	Step: 72591, 	{'train/ctc_loss': 0.09964600453924166, 'train/wer': 0.03718320884568968, 'validation/ctc_loss': 0.3224708219656485, 'validation/wer': 0.08861101723555255, 'validation/num_examples': 5348, 'test/ctc_loss': 0.17042716811487033, 'test/wer': 0.05313509231612942, 'test/num_examples': 2472, 'score': 48867.75178909302, 'total_duration': 50384.502512931824, 'accumulated_submission_time': 48867.75178909302, 'accumulated_eval_time': 1414.1415276527405, 'accumulated_logging_time': 23.815263271331787}
I0314 05:03:09.164805 140605619435264 logging_writer.py:48] [72591] accumulated_eval_time=1414.14, accumulated_logging_time=23.8153, accumulated_submission_time=48867.8, global_step=72591, preemption_count=0, score=48867.8, test/ctc_loss=0.170427, test/num_examples=2472, test/wer=0.0531351, total_duration=50384.5, train/ctc_loss=0.099646, train/wer=0.0371832, validation/ctc_loss=0.322471, validation/num_examples=5348, validation/wer=0.088611
/usr/local/lib/python3.11/multiprocessing/popen_fork.py:66: RuntimeWarning: os.fork() was called. os.fork() is incompatible with multithreaded code, and JAX is multithreaded, so this will likely lead to a deadlock.
  self.pid = os.fork()
I0314 05:32:18.494839 140624958444736 spec.py:333] Evaluating on the training split.
/usr/local/lib/python3.11/site-packages/torch/distributed/distributed_c10d.py:4876: UserWarning: barrier(): using the device under current context. You can specify `device_id` in `init_process_group` to mute this warning.
  warnings.warn(  # warn only once
I0314 05:32:35.584036 140624958444736 spec.py:346] Evaluating on the validation split.
I0314 05:32:56.245288 140624958444736 spec.py:363] Evaluating on the test split.
I0314 05:33:07.069466 140624958444736 submission_runner.py:516] Time since start: 52182.71s, 	Step: 75162, 	{'train/ctc_loss': 0.09779189201160966, 'train/wer': 0.036498254998532244, 'validation/ctc_loss': 0.3200405154444257, 'validation/wer': 0.08800270361608652, 'validation/num_examples': 5348, 'test/ctc_loss': 0.16904817319013307, 'test/wer': 0.05264761440497227, 'test/num_examples': 2472, 'score': 50614.13014340401, 'total_duration': 52182.71481728554, 'accumulated_submission_time': 50614.13014340401, 'accumulated_eval_time': 1462.7159485816956, 'accumulated_logging_time': 24.28817653656006}
I0314 05:33:07.918340 140605619435264 logging_writer.py:48] [75162] accumulated_eval_time=1462.72, accumulated_logging_time=24.2882, accumulated_submission_time=50614.1, global_step=75162, preemption_count=0, score=50614.1, test/ctc_loss=0.169048, test/num_examples=2472, test/wer=0.0526476, total_duration=52182.7, train/ctc_loss=0.0977919, train/wer=0.0364983, validation/ctc_loss=0.320041, validation/num_examples=5348, validation/wer=0.0880027
/usr/local/lib/python3.11/multiprocessing/popen_fork.py:66: RuntimeWarning: os.fork() was called. os.fork() is incompatible with multithreaded code, and JAX is multithreaded, so this will likely lead to a deadlock.
  self.pid = os.fork()
I0314 06:02:15.225535 140624958444736 spec.py:333] Evaluating on the training split.
/usr/local/lib/python3.11/site-packages/torch/distributed/distributed_c10d.py:4876: UserWarning: barrier(): using the device under current context. You can specify `device_id` in `init_process_group` to mute this warning.
  warnings.warn(  # warn only once
I0314 06:02:32.572110 140624958444736 spec.py:346] Evaluating on the validation split.
I0314 06:02:53.176843 140624958444736 spec.py:363] Evaluating on the test split.
I0314 06:03:03.977713 140624958444736 submission_runner.py:516] Time since start: 53979.60s, 	Step: 77739, 	{'train/ctc_loss': 0.09606012623183882, 'train/wer': 0.03578068430151016, 'validation/ctc_loss': 0.317379437108186, 'validation/wer': 0.086708830203254, 'validation/num_examples': 5348, 'test/ctc_loss': 0.16778730263981034, 'test/wer': 0.052160136493815124, 'test/num_examples': 2472, 'score': 52358.23204731941, 'total_duration': 53979.59960770607, 'accumulated_submission_time': 52358.23204731941, 'accumulated_eval_time': 1511.4445216655731, 'accumulated_logging_time': 25.585484743118286}
I0314 06:03:04.380598 140605619435264 logging_writer.py:48] [77739] accumulated_eval_time=1511.44, accumulated_logging_time=25.5855, accumulated_submission_time=52358.2, global_step=77739, preemption_count=0, score=52358.2, test/ctc_loss=0.167787, test/num_examples=2472, test/wer=0.0521601, total_duration=53979.6, train/ctc_loss=0.0960601, train/wer=0.0357807, validation/ctc_loss=0.317379, validation/num_examples=5348, validation/wer=0.0867088
/usr/local/lib/python3.11/multiprocessing/popen_fork.py:66: RuntimeWarning: os.fork() was called. os.fork() is incompatible with multithreaded code, and JAX is multithreaded, so this will likely lead to a deadlock.
  self.pid = os.fork()
I0314 06:32:11.896055 140624958444736 spec.py:333] Evaluating on the training split.
/usr/local/lib/python3.11/site-packages/torch/distributed/distributed_c10d.py:4876: UserWarning: barrier(): using the device under current context. You can specify `device_id` in `init_process_group` to mute this warning.
  warnings.warn(  # warn only once
I0314 06:32:26.312244 140624958444736 spec.py:346] Evaluating on the validation split.
I0314 06:32:46.915828 140624958444736 spec.py:363] Evaluating on the test split.
I0314 06:32:57.734523 140624958444736 submission_runner.py:516] Time since start: 55773.38s, 	Step: 80519, 	{'train/ctc_loss': 0.09413098148445015, 'train/wer': 0.03495982691325005, 'validation/ctc_loss': 0.3147706803969549, 'validation/wer': 0.08589774537729929, 'validation/num_examples': 5348, 'test/ctc_loss': 0.16677368372403018, 'test/wer': 0.05173359332155262, 'test/num_examples': 2472, 'score': 54102.70417523384, 'total_duration': 55773.3798160553, 'accumulated_submission_time': 54102.70417523384, 'accumulated_eval_time': 1557.2827622890472, 'accumulated_logging_time': 26.217396020889282}
I0314 06:32:58.719362 140605619435264 logging_writer.py:48] [80519] accumulated_eval_time=1557.28, accumulated_logging_time=26.2174, accumulated_submission_time=54102.7, global_step=80519, preemption_count=0, score=54102.7, test/ctc_loss=0.166774, test/num_examples=2472, test/wer=0.0517336, total_duration=55773.4, train/ctc_loss=0.094131, train/wer=0.0349598, validation/ctc_loss=0.314771, validation/num_examples=5348, validation/wer=0.0858977
/usr/local/lib/python3.11/multiprocessing/popen_fork.py:66: RuntimeWarning: os.fork() was called. os.fork() is incompatible with multithreaded code, and JAX is multithreaded, so this will likely lead to a deadlock.
  self.pid = os.fork()
I0314 07:02:06.187980 140624958444736 spec.py:333] Evaluating on the training split.
/usr/local/lib/python3.11/site-packages/torch/distributed/distributed_c10d.py:4876: UserWarning: barrier(): using the device under current context. You can specify `device_id` in `init_process_group` to mute this warning.
  warnings.warn(  # warn only once
I0314 07:02:24.713932 140624958444736 spec.py:346] Evaluating on the validation split.
I0314 07:02:45.243402 140624958444736 spec.py:363] Evaluating on the test split.
I0314 07:02:56.081516 140624958444736 submission_runner.py:516] Time since start: 57571.73s, 	Step: 83184, 	{'train/ctc_loss': 0.09260565812676128, 'train/wer': 0.03448688259021277, 'validation/ctc_loss': 0.3126085252557924, 'validation/wer': 0.08549220296432192, 'validation/num_examples': 5348, 'test/ctc_loss': 0.16525791716526364, 'test/wer': 0.050961753295553795, 'test/num_examples': 2472, 'score': 55846.440814971924, 'total_duration': 57571.726840019226, 'accumulated_submission_time': 55846.440814971924, 'accumulated_eval_time': 1607.1760849952698, 'accumulated_logging_time': 27.960733652114868}
I0314 07:02:57.242043 140605619435264 logging_writer.py:48] [83184] accumulated_eval_time=1607.18, accumulated_logging_time=27.9607, accumulated_submission_time=55846.4, global_step=83184, preemption_count=0, score=55846.4, test/ctc_loss=0.165258, test/num_examples=2472, test/wer=0.0509618, total_duration=57571.7, train/ctc_loss=0.0926057, train/wer=0.0344869, validation/ctc_loss=0.312609, validation/num_examples=5348, validation/wer=0.0854922
I0314 07:02:58.599684 140605611042560 logging_writer.py:48] [83184] global_step=83184, preemption_count=0, score=55846.4
I0314 07:02:58.766948 140624958444736 submission_runner.py:857] Final librispeech_conformer score: 55846.440814971924
[W314 07:03:08.120306820 AllocatorConfig.cpp:28] Warning: PYTORCH_CUDA_ALLOC_CONF is deprecated, use PYTORCH_ALLOC_CONF instead (function operator())
[W314 07:03:08.120313950 AllocatorConfig.cpp:28] Warning: PYTORCH_CUDA_ALLOC_CONF is deprecated, use PYTORCH_ALLOC_CONF instead (function operator())
[W314 07:03:08.120306730 AllocatorConfig.cpp:28] Warning: PYTORCH_CUDA_ALLOC_CONF is deprecated, use PYTORCH_ALLOC_CONF instead (function operator())
[W314 07:03:08.120306521 AllocatorConfig.cpp:28] Warning: PYTORCH_CUDA_ALLOC_CONF is deprecated, use PYTORCH_ALLOC_CONF instead (function operator())
