torchrun --redirects 1:0,2:0,3:0 --standalone --nnodes=1 --nproc_per_node=4 submission_runner.py --framework=pytorch --workload=ogbg --submission_path=submissions_algorithms/submissions/self_tuning/lion/submission.py --data_dir=/data/ogbg --experiment_dir=/experiment_runs --experiment_name=submissions_a100/lion/study_1 --overwrite=True --save_checkpoints=False --rng_seed=1660231108 --torch_compile=true --tuning_ruleset=self 2>&1 | tee -a /logs/ogbg_pytorch_04-05-2026-17-04-46.log
W0405 17:04:57.578000 9 site-packages/torch/distributed/run.py:803] 
W0405 17:04:57.578000 9 site-packages/torch/distributed/run.py:803] *****************************************
W0405 17:04:57.578000 9 site-packages/torch/distributed/run.py:803] Setting OMP_NUM_THREADS environment variable for each process to be 1 in default, to avoid your system being overloaded, please further tune the variable for optimal performance in your application as needed. 
W0405 17:04:57.578000 9 site-packages/torch/distributed/run.py:803] *****************************************
2026-04-05 17:05:01.557902: E external/local_xla/xla/stream_executor/cuda/cuda_fft.cc:467] Unable to register cuFFT factory: Attempting to register factory for plugin cuFFT when one has already been registered
2026-04-05 17:05:01.557901: E external/local_xla/xla/stream_executor/cuda/cuda_fft.cc:467] Unable to register cuFFT factory: Attempting to register factory for plugin cuFFT when one has already been registered
2026-04-05 17:05:01.557901: E external/local_xla/xla/stream_executor/cuda/cuda_fft.cc:467] Unable to register cuFFT factory: Attempting to register factory for plugin cuFFT when one has already been registered
2026-04-05 17:05:01.557902: E external/local_xla/xla/stream_executor/cuda/cuda_fft.cc:467] Unable to register cuFFT factory: Attempting to register factory for plugin cuFFT when one has already been registered
WARNING: All log messages before absl::InitializeLog() is called are written to STDERR
WARNING: All log messages before absl::InitializeLog() is called are written to STDERR
WARNING: All log messages before absl::InitializeLog() is called are written to STDERR
WARNING: All log messages before absl::InitializeLog() is called are written to STDERR
E0000 00:00:1775408701.582096      40 cuda_dnn.cc:8579] Unable to register cuDNN factory: Attempting to register factory for plugin cuDNN when one has already been registered
E0000 00:00:1775408701.582094      39 cuda_dnn.cc:8579] Unable to register cuDNN factory: Attempting to register factory for plugin cuDNN when one has already been registered
E0000 00:00:1775408701.582093      38 cuda_dnn.cc:8579] Unable to register cuDNN factory: Attempting to register factory for plugin cuDNN when one has already been registered
E0000 00:00:1775408701.582095      41 cuda_dnn.cc:8579] Unable to register cuDNN factory: Attempting to register factory for plugin cuDNN when one has already been registered
E0000 00:00:1775408701.589975      41 cuda_blas.cc:1407] Unable to register cuBLAS factory: Attempting to register factory for plugin cuBLAS when one has already been registered
E0000 00:00:1775408701.589972      40 cuda_blas.cc:1407] Unable to register cuBLAS factory: Attempting to register factory for plugin cuBLAS when one has already been registered
E0000 00:00:1775408701.589975      39 cuda_blas.cc:1407] Unable to register cuBLAS factory: Attempting to register factory for plugin cuBLAS when one has already been registered
E0000 00:00:1775408701.589972      38 cuda_blas.cc:1407] Unable to register cuBLAS factory: Attempting to register factory for plugin cuBLAS when one has already been registered
W0000 00:00:1775408701.616203      38 computation_placer.cc:177] computation placer already registered. Please check linkage and avoid linking the same target more than once.
W0000 00:00:1775408701.616201      41 computation_placer.cc:177] computation placer already registered. Please check linkage and avoid linking the same target more than once.
W0000 00:00:1775408701.616201      40 computation_placer.cc:177] computation placer already registered. Please check linkage and avoid linking the same target more than once.
W0000 00:00:1775408701.616205      39 computation_placer.cc:177] computation placer already registered. Please check linkage and avoid linking the same target more than once.
W0000 00:00:1775408701.616230      40 computation_placer.cc:177] computation placer already registered. Please check linkage and avoid linking the same target more than once.
W0000 00:00:1775408701.616230      41 computation_placer.cc:177] computation placer already registered. Please check linkage and avoid linking the same target more than once.
W0000 00:00:1775408701.616231      39 computation_placer.cc:177] computation placer already registered. Please check linkage and avoid linking the same target more than once.
W0000 00:00:1775408701.616233      40 computation_placer.cc:177] computation placer already registered. Please check linkage and avoid linking the same target more than once.
W0000 00:00:1775408701.616233      41 computation_placer.cc:177] computation placer already registered. Please check linkage and avoid linking the same target more than once.
W0000 00:00:1775408701.616233      38 computation_placer.cc:177] computation placer already registered. Please check linkage and avoid linking the same target more than once.
W0000 00:00:1775408701.616233      39 computation_placer.cc:177] computation placer already registered. Please check linkage and avoid linking the same target more than once.
W0000 00:00:1775408701.616235      40 computation_placer.cc:177] computation placer already registered. Please check linkage and avoid linking the same target more than once.
W0000 00:00:1775408701.616236      41 computation_placer.cc:177] computation placer already registered. Please check linkage and avoid linking the same target more than once.
W0000 00:00:1775408701.616236      38 computation_placer.cc:177] computation placer already registered. Please check linkage and avoid linking the same target more than once.
W0000 00:00:1775408701.616236      39 computation_placer.cc:177] computation placer already registered. Please check linkage and avoid linking the same target more than once.
W0000 00:00:1775408701.616238      38 computation_placer.cc:177] computation placer already registered. Please check linkage and avoid linking the same target more than once.
W0000 00:00:1775408721.172806      39 gpu_device.cc:2341] Cannot dlopen some GPU libraries. Please make sure the missing libraries mentioned above are installed properly if you would like to use GPU. Follow the guide at https://www.tensorflow.org/install/gpu for how to download and setup the required libraries for your platform.
Skipping registering GPU devices...
W0000 00:00:1775408721.172813      41 gpu_device.cc:2341] Cannot dlopen some GPU libraries. Please make sure the missing libraries mentioned above are installed properly if you would like to use GPU. Follow the guide at https://www.tensorflow.org/install/gpu for how to download and setup the required libraries for your platform.
Skipping registering GPU devices...
W0000 00:00:1775408721.172811      38 gpu_device.cc:2341] Cannot dlopen some GPU libraries. Please make sure the missing libraries mentioned above are installed properly if you would like to use GPU. Follow the guide at https://www.tensorflow.org/install/gpu for how to download and setup the required libraries for your platform.
Skipping registering GPU devices...
W0000 00:00:1775408721.172819      40 gpu_device.cc:2341] Cannot dlopen some GPU libraries. Please make sure the missing libraries mentioned above are installed properly if you would like to use GPU. Follow the guide at https://www.tensorflow.org/install/gpu for how to download and setup the required libraries for your platform.
Skipping registering GPU devices...
/usr/local/lib/python3.11/site-packages/torch/__init__.py:1617: UserWarning: Please use the new API settings to control TF32 behavior, such as torch.backends.cudnn.conv.fp32_precision = 'tf32' or torch.backends.cuda.matmul.fp32_precision = 'ieee'. Old settings, e.g, torch.backends.cuda.matmul.allow_tf32 = True, torch.backends.cudnn.allow_tf32 = True, allowTF32CuDNN() and allowTF32CuBLAS() will be deprecated after Pytorch 2.9. Please see https://pytorch.org/docs/main/notes/cuda.html#tensorfloat-32-tf32-on-ampere-and-later-devices (Triggered internally at /pytorch/aten/src/ATen/Context.cpp:80.)
  _C._set_float32_matmul_precision(precision)
/usr/local/lib/python3.11/site-packages/torch/__init__.py:1617: UserWarning: Please use the new API settings to control TF32 behavior, such as torch.backends.cudnn.conv.fp32_precision = 'tf32' or torch.backends.cuda.matmul.fp32_precision = 'ieee'. Old settings, e.g, torch.backends.cuda.matmul.allow_tf32 = True, torch.backends.cudnn.allow_tf32 = True, allowTF32CuDNN() and allowTF32CuBLAS() will be deprecated after Pytorch 2.9. Please see https://pytorch.org/docs/main/notes/cuda.html#tensorfloat-32-tf32-on-ampere-and-later-devices (Triggered internally at /pytorch/aten/src/ATen/Context.cpp:80.)
  _C._set_float32_matmul_precision(precision)
/usr/local/lib/python3.11/site-packages/torch/__init__.py:1617: UserWarning: Please use the new API settings to control TF32 behavior, such as torch.backends.cudnn.conv.fp32_precision = 'tf32' or torch.backends.cuda.matmul.fp32_precision = 'ieee'. Old settings, e.g, torch.backends.cuda.matmul.allow_tf32 = True, torch.backends.cudnn.allow_tf32 = True, allowTF32CuDNN() and allowTF32CuBLAS() will be deprecated after Pytorch 2.9. Please see https://pytorch.org/docs/main/notes/cuda.html#tensorfloat-32-tf32-on-ampere-and-later-devices (Triggered internally at /pytorch/aten/src/ATen/Context.cpp:80.)
  _C._set_float32_matmul_precision(precision)
/usr/local/lib/python3.11/site-packages/torch/__init__.py:1617: UserWarning: Please use the new API settings to control TF32 behavior, such as torch.backends.cudnn.conv.fp32_precision = 'tf32' or torch.backends.cuda.matmul.fp32_precision = 'ieee'. Old settings, e.g, torch.backends.cuda.matmul.allow_tf32 = True, torch.backends.cudnn.allow_tf32 = True, allowTF32CuDNN() and allowTF32CuBLAS() will be deprecated after Pytorch 2.9. Please see https://pytorch.org/docs/main/notes/cuda.html#tensorfloat-32-tf32-on-ampere-and-later-devices (Triggered internally at /pytorch/aten/src/ATen/Context.cpp:80.)
  _C._set_float32_matmul_precision(precision)
/usr/local/lib/python3.11/site-packages/pydantic/_internal/_generate_schema.py:2249: UnsupportedFieldAttributeWarning: The 'repr' attribute with value False was provided to the `Field()` function, which has no effect in the context it was used. 'repr' is field-specific metadata, and can only be attached to a model field using `Annotated` metadata or by assignment. This may have happened because an `Annotated` type alias using the `type` statement was used, or if the `Field()` function was attached to a single member of a union type.
  warnings.warn(
/usr/local/lib/python3.11/site-packages/pydantic/_internal/_generate_schema.py:2249: UnsupportedFieldAttributeWarning: The 'repr' attribute with value False was provided to the `Field()` function, which has no effect in the context it was used. 'repr' is field-specific metadata, and can only be attached to a model field using `Annotated` metadata or by assignment. This may have happened because an `Annotated` type alias using the `type` statement was used, or if the `Field()` function was attached to a single member of a union type.
  warnings.warn(
/usr/local/lib/python3.11/site-packages/pydantic/_internal/_generate_schema.py:2249: UnsupportedFieldAttributeWarning: The 'repr' attribute with value False was provided to the `Field()` function, which has no effect in the context it was used. 'repr' is field-specific metadata, and can only be attached to a model field using `Annotated` metadata or by assignment. This may have happened because an `Annotated` type alias using the `type` statement was used, or if the `Field()` function was attached to a single member of a union type.
  warnings.warn(
/usr/local/lib/python3.11/site-packages/pydantic/_internal/_generate_schema.py:2249: UnsupportedFieldAttributeWarning: The 'repr' attribute with value False was provided to the `Field()` function, which has no effect in the context it was used. 'repr' is field-specific metadata, and can only be attached to a model field using `Annotated` metadata or by assignment. This may have happened because an `Annotated` type alias using the `type` statement was used, or if the `Field()` function was attached to a single member of a union type.
  warnings.warn(
/usr/local/lib/python3.11/site-packages/pydantic/_internal/_generate_schema.py:2249: UnsupportedFieldAttributeWarning: The 'frozen' attribute with value True was provided to the `Field()` function, which has no effect in the context it was used. 'frozen' is field-specific metadata, and can only be attached to a model field using `Annotated` metadata or by assignment. This may have happened because an `Annotated` type alias using the `type` statement was used, or if the `Field()` function was attached to a single member of a union type.
  warnings.warn(
/usr/local/lib/python3.11/site-packages/pydantic/_internal/_generate_schema.py:2249: UnsupportedFieldAttributeWarning: The 'frozen' attribute with value True was provided to the `Field()` function, which has no effect in the context it was used. 'frozen' is field-specific metadata, and can only be attached to a model field using `Annotated` metadata or by assignment. This may have happened because an `Annotated` type alias using the `type` statement was used, or if the `Field()` function was attached to a single member of a union type.
  warnings.warn(
/usr/local/lib/python3.11/site-packages/pydantic/_internal/_generate_schema.py:2249: UnsupportedFieldAttributeWarning: The 'frozen' attribute with value True was provided to the `Field()` function, which has no effect in the context it was used. 'frozen' is field-specific metadata, and can only be attached to a model field using `Annotated` metadata or by assignment. This may have happened because an `Annotated` type alias using the `type` statement was used, or if the `Field()` function was attached to a single member of a union type.
  warnings.warn(
/usr/local/lib/python3.11/site-packages/pydantic/_internal/_generate_schema.py:2249: UnsupportedFieldAttributeWarning: The 'frozen' attribute with value True was provided to the `Field()` function, which has no effect in the context it was used. 'frozen' is field-specific metadata, and can only be attached to a model field using `Annotated` metadata or by assignment. This may have happened because an `Annotated` type alias using the `type` statement was used, or if the `Field()` function was attached to a single member of a union type.
  warnings.warn(
/usr/local/lib/python3.11/site-packages/torch/distributed/distributed_c10d.py:4876: UserWarning: barrier(): using the device under current context. You can specify `device_id` in `init_process_group` to mute this warning.
  warnings.warn(  # warn only once
[rank0]:[W405 17:05:29.705716826 ProcessGroupNCCL.cpp:5068] Guessing device ID based on global rank. This can cause a hang if rank to GPU mapping is heterogeneous. You can specify device_id in init_process_group()
I0405 17:05:30.189901 140080683672768 logger_utils.py:84] Creating experiment directory at /experiment_runs/submissions_a100/lion/study_1/ogbg_pytorch.
I0405 17:05:30.189902 140580100125888 logger_utils.py:84] Creating experiment directory at /experiment_runs/submissions_a100/lion/study_1/ogbg_pytorch.
I0405 17:05:30.189901 139970213975232 logger_utils.py:84] Creating experiment directory at /experiment_runs/submissions_a100/lion/study_1/ogbg_pytorch.
I0405 17:05:30.189920 139699139007680 logger_utils.py:84] Creating experiment directory at /experiment_runs/submissions_a100/lion/study_1/ogbg_pytorch.
I0405 17:05:30.224982 140080683672768 submission_runner.py:741] Creating directory at /experiment_runs/submissions_a100/lion/study_1/ogbg_pytorch/trial_1.
I0405 17:05:30.501257 140080683672768 submission_runner.py:242] Initializing dataset.
I0405 17:05:30.501436 140080683672768 submission_runner.py:251] Initializing model.
W0405 17:05:35.666039 139699139007680 submission_runner.py:273] These workloads cannot be fully compiled under current PyTorch version. Proceeding without `torch.compile`.
W0405 17:05:35.666042 140080683672768 submission_runner.py:273] These workloads cannot be fully compiled under current PyTorch version. Proceeding without `torch.compile`.
W0405 17:05:35.666031 139970213975232 submission_runner.py:273] These workloads cannot be fully compiled under current PyTorch version. Proceeding without `torch.compile`.
W0405 17:05:35.666129 140580100125888 submission_runner.py:273] These workloads cannot be fully compiled under current PyTorch version. Proceeding without `torch.compile`.
I0405 17:05:38.159712 140080683672768 submission_runner.py:294] Initializing optimizer.
I0405 17:05:38.160361 140080683672768 submission_runner.py:299] Initializing metrics bundle.
I0405 17:05:38.160515 140080683672768 submission_runner.py:321] Initializing checkpoint and logger.
I0405 17:05:38.163458 140080683672768 submission_runner.py:344] Saving meta data to /experiment_runs/submissions_a100/lion/study_1/ogbg_pytorch/trial_1/meta_data_0.json.
I0405 17:05:38.163516 139699139007680 logger_utils.py:283] Unable to record workload.train_mean information. Continuing without it.
I0405 17:05:38.163534 140580100125888 logger_utils.py:283] Unable to record workload.train_mean information. Continuing without it.
I0405 17:05:38.163539 139970213975232 logger_utils.py:283] Unable to record workload.train_mean information. Continuing without it.
I0405 17:05:38.163640 140080683672768 logger_utils.py:283] Unable to record workload.train_mean information. Continuing without it.
I0405 17:05:38.163673 139699139007680 logger_utils.py:283] Unable to record workload.train_stddev information. Continuing without it.
I0405 17:05:38.163687 140580100125888 logger_utils.py:283] Unable to record workload.train_stddev information. Continuing without it.
I0405 17:05:38.163699 140080683672768 logger_utils.py:283] Unable to record workload.train_stddev information. Continuing without it.
I0405 17:05:38.163692 139970213975232 logger_utils.py:283] Unable to record workload.train_stddev information. Continuing without it.
I0405 17:05:38.568572 140080683672768 submission_runner.py:348] Saving flags to /experiment_runs/submissions_a100/lion/study_1/ogbg_pytorch/trial_1/flags_0.json.
I0405 17:05:38.617213 140080683672768 submission_runner.py:359] Starting training loop.
I0405 17:05:40.013237 140080683672768 dataset_info.py:707] Load dataset info from /data/ogbg/ogbg_molpcba/0.1.3
I0405 17:05:40.078691 140080683672768 reader.py:262] Creating a tf.data.Dataset reading 8 files located in folders: /data/ogbg/ogbg_molpcba/0.1.3.
WARNING:tensorflow:From /usr/local/lib/python3.11/site-packages/tensorflow_datasets/core/reader.py:102: CounterV2 (from tensorflow.python.data.experimental.ops.counter) is deprecated and will be removed in a future version.
Instructions for updating:
Use `tf.data.Dataset.counter(...)` instead.
W0405 17:05:40.192244 140080683672768 deprecation.py:50] From /usr/local/lib/python3.11/site-packages/tensorflow_datasets/core/reader.py:102: CounterV2 (from tensorflow.python.data.experimental.ops.counter) is deprecated and will be removed in a future version.
Instructions for updating:
Use `tf.data.Dataset.counter(...)` instead.
I0405 17:05:40.629125 140080683672768 logging_logger.py:49] Constructing tf.data.Dataset ogbg_molpcba for split train, from /data/ogbg/ogbg_molpcba/0.1.3
I0405 17:05:54.766769 140055433574144 logging_writer.py:48] [0] global_step=0, grad_norm=1.75255, loss=0.687871
I0405 17:05:54.883894 140080683672768 submission.py:218] 0) loss = 0.688, grad_norm = 1.753
I0405 17:05:55.287918 140080683672768 spec.py:333] Evaluating on the training split.
I0405 17:05:55.291113 140080683672768 dataset_info.py:707] Load dataset info from /data/ogbg/ogbg_molpcba/0.1.3
I0405 17:05:55.294463 140080683672768 reader.py:262] Creating a tf.data.Dataset reading 8 files located in folders: /data/ogbg/ogbg_molpcba/0.1.3.
I0405 17:05:55.355979 140080683672768 logging_logger.py:49] Constructing tf.data.Dataset ogbg_molpcba for split train, from /data/ogbg/ogbg_molpcba/0.1.3
I0405 17:06:32.190992 140080683672768 spec.py:346] Evaluating on the validation split.
I0405 17:06:32.193280 140080683672768 dataset_info.py:707] Load dataset info from /data/ogbg/ogbg_molpcba/0.1.3
I0405 17:06:32.196588 140080683672768 reader.py:262] Creating a tf.data.Dataset reading 1 files located in folders: /data/ogbg/ogbg_molpcba/0.1.3.
I0405 17:06:32.255656 140080683672768 logging_logger.py:49] Constructing tf.data.Dataset ogbg_molpcba for split validation, from /data/ogbg/ogbg_molpcba/0.1.3
I0405 17:06:50.811468 140080683672768 spec.py:363] Evaluating on the test split.
I0405 17:06:50.813951 140080683672768 dataset_info.py:707] Load dataset info from /data/ogbg/ogbg_molpcba/0.1.3
I0405 17:06:50.817197 140080683672768 reader.py:262] Creating a tf.data.Dataset reading 1 files located in folders: /data/ogbg/ogbg_molpcba/0.1.3.
I0405 17:06:50.880566 140080683672768 logging_logger.py:49] Constructing tf.data.Dataset ogbg_molpcba for split test, from /data/ogbg/ogbg_molpcba/0.1.3
I0405 17:07:09.064212 140080683672768 submission_runner.py:516] Time since start: 90.45s, 	Step: 1, 	{'train/accuracy': 0.5736259721516378, 'train/loss': 0.6728585962866355, 'train/mean_average_precision': 0.021906920206885856, 'validation/accuracy': 0.5799732252166825, 'validation/loss': 0.6710997855906526, 'validation/mean_average_precision': 0.02584840499696403, 'validation/num_examples': 43793, 'test/accuracy': 0.580627826410689, 'test/loss': 0.6712342670683831, 'test/mean_average_precision': 0.028692220580231454, 'test/num_examples': 43793, 'score': 16.26790189743042, 'total_duration': 90.44696760177612, 'accumulated_submission_time': 16.26790189743042, 'accumulated_eval_time': 73.7761640548706, 'accumulated_logging_time': 0}
I0405 17:07:09.100844 140046040221440 logging_writer.py:48] [1] accumulated_eval_time=73.7762, accumulated_logging_time=0, accumulated_submission_time=16.2679, global_step=1, preemption_count=0, score=16.2679, test/accuracy=0.580628, test/loss=0.671234, test/mean_average_precision=0.0286922, test/num_examples=43793, total_duration=90.447, train/accuracy=0.573626, train/loss=0.672859, train/mean_average_precision=0.0219069, validation/accuracy=0.579973, validation/loss=0.6711, validation/mean_average_precision=0.0258484, validation/num_examples=43793
I0405 17:07:09.782538 140046048614144 logging_writer.py:48] [1] global_step=1, grad_norm=1.77729, loss=0.687211
I0405 17:07:09.785517 140080683672768 submission.py:218] 1) loss = 0.687, grad_norm = 1.777
I0405 17:07:10.024413 140046040221440 logging_writer.py:48] [2] global_step=2, grad_norm=1.74826, loss=0.686925
I0405 17:07:10.027405 140080683672768 submission.py:218] 2) loss = 0.687, grad_norm = 1.748
I0405 17:07:10.265376 140046048614144 logging_writer.py:48] [3] global_step=3, grad_norm=1.80991, loss=0.687019
I0405 17:07:10.268279 140080683672768 submission.py:218] 3) loss = 0.687, grad_norm = 1.810
I0405 17:07:10.499977 140046040221440 logging_writer.py:48] [4] global_step=4, grad_norm=1.78922, loss=0.685458
I0405 17:07:10.502943 140080683672768 submission.py:218] 4) loss = 0.685, grad_norm = 1.789
I0405 17:07:10.736850 140046048614144 logging_writer.py:48] [5] global_step=5, grad_norm=1.76401, loss=0.683813
I0405 17:07:10.739752 140080683672768 submission.py:218] 5) loss = 0.684, grad_norm = 1.764
I0405 17:07:10.973099 140046040221440 logging_writer.py:48] [6] global_step=6, grad_norm=1.74208, loss=0.682223
I0405 17:07:10.976090 140080683672768 submission.py:218] 6) loss = 0.682, grad_norm = 1.742
I0405 17:07:11.209280 140046048614144 logging_writer.py:48] [7] global_step=7, grad_norm=1.77603, loss=0.683443
I0405 17:07:11.212165 140080683672768 submission.py:218] 7) loss = 0.683, grad_norm = 1.776
I0405 17:07:11.442786 140046040221440 logging_writer.py:48] [8] global_step=8, grad_norm=1.73648, loss=0.683717
I0405 17:07:11.445686 140080683672768 submission.py:218] 8) loss = 0.684, grad_norm = 1.736
I0405 17:07:11.679698 140046048614144 logging_writer.py:48] [9] global_step=9, grad_norm=1.74428, loss=0.677108
I0405 17:07:11.682618 140080683672768 submission.py:218] 9) loss = 0.677, grad_norm = 1.744
I0405 17:07:11.917104 140046040221440 logging_writer.py:48] [10] global_step=10, grad_norm=1.7693, loss=0.67759
I0405 17:07:11.919996 140080683672768 submission.py:218] 10) loss = 0.678, grad_norm = 1.769
I0405 17:07:12.152732 140046048614144 logging_writer.py:48] [11] global_step=11, grad_norm=1.75001, loss=0.674739
I0405 17:07:12.155625 140080683672768 submission.py:218] 11) loss = 0.675, grad_norm = 1.750
I0405 17:07:12.387353 140046040221440 logging_writer.py:48] [12] global_step=12, grad_norm=1.73023, loss=0.674228
I0405 17:07:12.390273 140080683672768 submission.py:218] 12) loss = 0.674, grad_norm = 1.730
I0405 17:07:12.622516 140046048614144 logging_writer.py:48] [13] global_step=13, grad_norm=1.72212, loss=0.669576
I0405 17:07:12.625449 140080683672768 submission.py:218] 13) loss = 0.670, grad_norm = 1.722
I0405 17:07:12.858324 140046040221440 logging_writer.py:48] [14] global_step=14, grad_norm=1.71358, loss=0.667775
I0405 17:07:12.861198 140080683672768 submission.py:218] 14) loss = 0.668, grad_norm = 1.714
I0405 17:07:13.095425 140046048614144 logging_writer.py:48] [15] global_step=15, grad_norm=1.72768, loss=0.666051
I0405 17:07:13.098304 140080683672768 submission.py:218] 15) loss = 0.666, grad_norm = 1.728
I0405 17:07:13.330773 140046040221440 logging_writer.py:48] [16] global_step=16, grad_norm=1.67722, loss=0.659022
I0405 17:07:13.333659 140080683672768 submission.py:218] 16) loss = 0.659, grad_norm = 1.677
I0405 17:07:13.565703 140046048614144 logging_writer.py:48] [17] global_step=17, grad_norm=1.70626, loss=0.657868
I0405 17:07:13.568703 140080683672768 submission.py:218] 17) loss = 0.658, grad_norm = 1.706
I0405 17:07:13.802029 140046040221440 logging_writer.py:48] [18] global_step=18, grad_norm=1.64354, loss=0.654882
I0405 17:07:13.805158 140080683672768 submission.py:218] 18) loss = 0.655, grad_norm = 1.644
I0405 17:07:14.037543 140046048614144 logging_writer.py:48] [19] global_step=19, grad_norm=1.65948, loss=0.650989
I0405 17:07:14.040394 140080683672768 submission.py:218] 19) loss = 0.651, grad_norm = 1.659
I0405 17:07:14.273868 140046040221440 logging_writer.py:48] [20] global_step=20, grad_norm=1.61682, loss=0.649205
I0405 17:07:14.276809 140080683672768 submission.py:218] 20) loss = 0.649, grad_norm = 1.617
I0405 17:07:14.510122 140046048614144 logging_writer.py:48] [21] global_step=21, grad_norm=1.61848, loss=0.643976
I0405 17:07:14.513041 140080683672768 submission.py:218] 21) loss = 0.644, grad_norm = 1.618
I0405 17:07:14.745970 140046040221440 logging_writer.py:48] [22] global_step=22, grad_norm=1.56518, loss=0.640772
I0405 17:07:14.748828 140080683672768 submission.py:218] 22) loss = 0.641, grad_norm = 1.565
I0405 17:07:14.982876 140046048614144 logging_writer.py:48] [23] global_step=23, grad_norm=1.54319, loss=0.637589
I0405 17:07:14.985964 140080683672768 submission.py:218] 23) loss = 0.638, grad_norm = 1.543
I0405 17:07:15.219535 140046040221440 logging_writer.py:48] [24] global_step=24, grad_norm=1.51827, loss=0.632084
I0405 17:07:15.222585 140080683672768 submission.py:218] 24) loss = 0.632, grad_norm = 1.518
I0405 17:07:15.455457 140046048614144 logging_writer.py:48] [25] global_step=25, grad_norm=1.52172, loss=0.628695
I0405 17:07:15.458440 140080683672768 submission.py:218] 25) loss = 0.629, grad_norm = 1.522
I0405 17:07:15.692776 140046040221440 logging_writer.py:48] [26] global_step=26, grad_norm=1.47706, loss=0.622571
I0405 17:07:15.695808 140080683672768 submission.py:218] 26) loss = 0.623, grad_norm = 1.477
I0405 17:07:15.930649 140046048614144 logging_writer.py:48] [27] global_step=27, grad_norm=1.44099, loss=0.619454
I0405 17:07:15.934105 140080683672768 submission.py:218] 27) loss = 0.619, grad_norm = 1.441
I0405 17:07:16.169361 140046040221440 logging_writer.py:48] [28] global_step=28, grad_norm=1.42002, loss=0.615801
I0405 17:07:16.172837 140080683672768 submission.py:218] 28) loss = 0.616, grad_norm = 1.420
I0405 17:07:16.406409 140046048614144 logging_writer.py:48] [29] global_step=29, grad_norm=1.38006, loss=0.612311
I0405 17:07:16.409680 140080683672768 submission.py:218] 29) loss = 0.612, grad_norm = 1.380
I0405 17:07:16.642737 140046040221440 logging_writer.py:48] [30] global_step=30, grad_norm=1.36143, loss=0.606802
I0405 17:07:16.645701 140080683672768 submission.py:218] 30) loss = 0.607, grad_norm = 1.361
I0405 17:07:16.877732 140046048614144 logging_writer.py:48] [31] global_step=31, grad_norm=1.35357, loss=0.601652
I0405 17:07:16.880656 140080683672768 submission.py:218] 31) loss = 0.602, grad_norm = 1.354
I0405 17:07:17.115072 140046040221440 logging_writer.py:48] [32] global_step=32, grad_norm=1.32052, loss=0.598328
I0405 17:07:17.117937 140080683672768 submission.py:218] 32) loss = 0.598, grad_norm = 1.321
I0405 17:07:17.350459 140046048614144 logging_writer.py:48] [33] global_step=33, grad_norm=1.29055, loss=0.594354
I0405 17:07:17.353417 140080683672768 submission.py:218] 33) loss = 0.594, grad_norm = 1.291
I0405 17:07:17.586210 140046040221440 logging_writer.py:48] [34] global_step=34, grad_norm=1.2579, loss=0.591875
I0405 17:07:17.589210 140080683672768 submission.py:218] 34) loss = 0.592, grad_norm = 1.258
I0405 17:07:17.821675 140046048614144 logging_writer.py:48] [35] global_step=35, grad_norm=1.20794, loss=0.589014
I0405 17:07:17.824525 140080683672768 submission.py:218] 35) loss = 0.589, grad_norm = 1.208
I0405 17:07:18.056084 140046040221440 logging_writer.py:48] [36] global_step=36, grad_norm=1.21651, loss=0.581072
I0405 17:07:18.059160 140080683672768 submission.py:218] 36) loss = 0.581, grad_norm = 1.217
I0405 17:07:18.291750 140046048614144 logging_writer.py:48] [37] global_step=37, grad_norm=1.19927, loss=0.579884
I0405 17:07:18.294726 140080683672768 submission.py:218] 37) loss = 0.580, grad_norm = 1.199
I0405 17:07:18.526169 140046040221440 logging_writer.py:48] [38] global_step=38, grad_norm=1.16507, loss=0.572887
I0405 17:07:18.529549 140080683672768 submission.py:218] 38) loss = 0.573, grad_norm = 1.165
I0405 17:07:18.761398 140046048614144 logging_writer.py:48] [39] global_step=39, grad_norm=1.1384, loss=0.568758
I0405 17:07:18.764598 140080683672768 submission.py:218] 39) loss = 0.569, grad_norm = 1.138
I0405 17:07:18.998506 140046040221440 logging_writer.py:48] [40] global_step=40, grad_norm=1.1062, loss=0.566256
I0405 17:07:19.001434 140080683672768 submission.py:218] 40) loss = 0.566, grad_norm = 1.106
I0405 17:07:19.232311 140046048614144 logging_writer.py:48] [41] global_step=41, grad_norm=1.1079, loss=0.56228
I0405 17:07:19.235703 140080683672768 submission.py:218] 41) loss = 0.562, grad_norm = 1.108
I0405 17:07:19.470785 140046040221440 logging_writer.py:48] [42] global_step=42, grad_norm=1.07346, loss=0.559104
I0405 17:07:19.473955 140080683672768 submission.py:218] 42) loss = 0.559, grad_norm = 1.073
I0405 17:07:19.708954 140046048614144 logging_writer.py:48] [43] global_step=43, grad_norm=1.06363, loss=0.55399
I0405 17:07:19.711958 140080683672768 submission.py:218] 43) loss = 0.554, grad_norm = 1.064
I0405 17:07:19.946107 140046040221440 logging_writer.py:48] [44] global_step=44, grad_norm=1.04705, loss=0.5499
I0405 17:07:19.949458 140080683672768 submission.py:218] 44) loss = 0.550, grad_norm = 1.047
I0405 17:07:20.183785 140046048614144 logging_writer.py:48] [45] global_step=45, grad_norm=1.02044, loss=0.546202
I0405 17:07:20.186680 140080683672768 submission.py:218] 45) loss = 0.546, grad_norm = 1.020
I0405 17:07:20.421599 140046040221440 logging_writer.py:48] [46] global_step=46, grad_norm=1.00838, loss=0.54369
I0405 17:07:20.424639 140080683672768 submission.py:218] 46) loss = 0.544, grad_norm = 1.008
I0405 17:07:20.659506 140046048614144 logging_writer.py:48] [47] global_step=47, grad_norm=0.973577, loss=0.543481
I0405 17:07:20.662432 140080683672768 submission.py:218] 47) loss = 0.543, grad_norm = 0.974
I0405 17:07:20.898381 140046040221440 logging_writer.py:48] [48] global_step=48, grad_norm=0.971693, loss=0.536134
I0405 17:07:20.901265 140080683672768 submission.py:218] 48) loss = 0.536, grad_norm = 0.972
I0405 17:07:21.137733 140046048614144 logging_writer.py:48] [49] global_step=49, grad_norm=0.951057, loss=0.535452
I0405 17:07:21.140682 140080683672768 submission.py:218] 49) loss = 0.535, grad_norm = 0.951
I0405 17:07:21.376003 140046040221440 logging_writer.py:48] [50] global_step=50, grad_norm=0.929615, loss=0.533841
I0405 17:07:21.378868 140080683672768 submission.py:218] 50) loss = 0.534, grad_norm = 0.930
I0405 17:07:21.616657 140046048614144 logging_writer.py:48] [51] global_step=51, grad_norm=0.940008, loss=0.528312
I0405 17:07:21.619575 140080683672768 submission.py:218] 51) loss = 0.528, grad_norm = 0.940
I0405 17:07:21.858914 140046040221440 logging_writer.py:48] [52] global_step=52, grad_norm=0.923356, loss=0.525498
I0405 17:07:21.861862 140080683672768 submission.py:218] 52) loss = 0.525, grad_norm = 0.923
I0405 17:07:22.099875 140046048614144 logging_writer.py:48] [53] global_step=53, grad_norm=0.912596, loss=0.525923
I0405 17:07:22.102767 140080683672768 submission.py:218] 53) loss = 0.526, grad_norm = 0.913
I0405 17:07:22.338571 140046040221440 logging_writer.py:48] [54] global_step=54, grad_norm=0.90447, loss=0.519405
I0405 17:07:22.341409 140080683672768 submission.py:218] 54) loss = 0.519, grad_norm = 0.904
I0405 17:07:22.576394 140046048614144 logging_writer.py:48] [55] global_step=55, grad_norm=0.891646, loss=0.516997
I0405 17:07:22.579300 140080683672768 submission.py:218] 55) loss = 0.517, grad_norm = 0.892
I0405 17:07:22.814892 140046040221440 logging_writer.py:48] [56] global_step=56, grad_norm=0.876155, loss=0.514071
I0405 17:07:22.817924 140080683672768 submission.py:218] 56) loss = 0.514, grad_norm = 0.876
I0405 17:07:23.053654 140046048614144 logging_writer.py:48] [57] global_step=57, grad_norm=0.876127, loss=0.510679
I0405 17:07:23.056478 140080683672768 submission.py:218] 57) loss = 0.511, grad_norm = 0.876
I0405 17:07:23.292015 140046040221440 logging_writer.py:48] [58] global_step=58, grad_norm=0.853257, loss=0.510998
I0405 17:07:23.294884 140080683672768 submission.py:218] 58) loss = 0.511, grad_norm = 0.853
I0405 17:07:23.532602 140046048614144 logging_writer.py:48] [59] global_step=59, grad_norm=0.85191, loss=0.506842
I0405 17:07:23.535475 140080683672768 submission.py:218] 59) loss = 0.507, grad_norm = 0.852
I0405 17:07:23.771600 140046040221440 logging_writer.py:48] [60] global_step=60, grad_norm=0.832573, loss=0.50617
I0405 17:07:23.774456 140080683672768 submission.py:218] 60) loss = 0.506, grad_norm = 0.833
I0405 17:07:24.006545 140046048614144 logging_writer.py:48] [61] global_step=61, grad_norm=0.828818, loss=0.501233
I0405 17:07:24.009447 140080683672768 submission.py:218] 61) loss = 0.501, grad_norm = 0.829
I0405 17:07:24.244079 140046040221440 logging_writer.py:48] [62] global_step=62, grad_norm=0.818983, loss=0.498713
I0405 17:07:24.246917 140080683672768 submission.py:218] 62) loss = 0.499, grad_norm = 0.819
I0405 17:07:24.481632 140046048614144 logging_writer.py:48] [63] global_step=63, grad_norm=0.813322, loss=0.49219
I0405 17:07:24.484518 140080683672768 submission.py:218] 63) loss = 0.492, grad_norm = 0.813
I0405 17:07:24.718315 140046040221440 logging_writer.py:48] [64] global_step=64, grad_norm=0.801027, loss=0.492356
I0405 17:07:24.721250 140080683672768 submission.py:218] 64) loss = 0.492, grad_norm = 0.801
I0405 17:07:24.954366 140046048614144 logging_writer.py:48] [65] global_step=65, grad_norm=0.784379, loss=0.489154
I0405 17:07:24.957268 140080683672768 submission.py:218] 65) loss = 0.489, grad_norm = 0.784
I0405 17:07:25.192683 140046040221440 logging_writer.py:48] [66] global_step=66, grad_norm=0.774655, loss=0.484726
I0405 17:07:25.195499 140080683672768 submission.py:218] 66) loss = 0.485, grad_norm = 0.775
I0405 17:07:25.429013 140046048614144 logging_writer.py:48] [67] global_step=67, grad_norm=0.759607, loss=0.480552
I0405 17:07:25.431942 140080683672768 submission.py:218] 67) loss = 0.481, grad_norm = 0.760
I0405 17:07:25.667995 140046040221440 logging_writer.py:48] [68] global_step=68, grad_norm=0.751077, loss=0.480281
I0405 17:07:25.670871 140080683672768 submission.py:218] 68) loss = 0.480, grad_norm = 0.751
I0405 17:07:25.905102 140046048614144 logging_writer.py:48] [69] global_step=69, grad_norm=0.73393, loss=0.47935
I0405 17:07:25.907946 140080683672768 submission.py:218] 69) loss = 0.479, grad_norm = 0.734
I0405 17:07:26.141325 140046040221440 logging_writer.py:48] [70] global_step=70, grad_norm=0.721778, loss=0.472679
I0405 17:07:26.144204 140080683672768 submission.py:218] 70) loss = 0.473, grad_norm = 0.722
I0405 17:07:26.378271 140046048614144 logging_writer.py:48] [71] global_step=71, grad_norm=0.710078, loss=0.471887
I0405 17:07:26.381138 140080683672768 submission.py:218] 71) loss = 0.472, grad_norm = 0.710
I0405 17:07:26.614385 140046040221440 logging_writer.py:48] [72] global_step=72, grad_norm=0.69402, loss=0.471102
I0405 17:07:26.617251 140080683672768 submission.py:218] 72) loss = 0.471, grad_norm = 0.694
I0405 17:07:26.850080 140046048614144 logging_writer.py:48] [73] global_step=73, grad_norm=0.680862, loss=0.466931
I0405 17:07:26.852984 140080683672768 submission.py:218] 73) loss = 0.467, grad_norm = 0.681
I0405 17:07:27.086644 140046040221440 logging_writer.py:48] [74] global_step=74, grad_norm=0.658037, loss=0.466111
I0405 17:07:27.089503 140080683672768 submission.py:218] 74) loss = 0.466, grad_norm = 0.658
I0405 17:07:27.324259 140046048614144 logging_writer.py:48] [75] global_step=75, grad_norm=0.647495, loss=0.463156
I0405 17:07:27.327054 140080683672768 submission.py:218] 75) loss = 0.463, grad_norm = 0.647
I0405 17:07:27.559797 140046040221440 logging_writer.py:48] [76] global_step=76, grad_norm=0.638525, loss=0.463165
I0405 17:07:27.562711 140080683672768 submission.py:218] 76) loss = 0.463, grad_norm = 0.639
I0405 17:07:27.796859 140046048614144 logging_writer.py:48] [77] global_step=77, grad_norm=0.631479, loss=0.459385
I0405 17:07:27.799711 140080683672768 submission.py:218] 77) loss = 0.459, grad_norm = 0.631
I0405 17:07:28.033921 140046040221440 logging_writer.py:48] [78] global_step=78, grad_norm=0.618489, loss=0.453459
I0405 17:07:28.036830 140080683672768 submission.py:218] 78) loss = 0.453, grad_norm = 0.618
I0405 17:07:28.271475 140046048614144 logging_writer.py:48] [79] global_step=79, grad_norm=0.608076, loss=0.45546
I0405 17:07:28.274401 140080683672768 submission.py:218] 79) loss = 0.455, grad_norm = 0.608
I0405 17:07:28.507205 140046040221440 logging_writer.py:48] [80] global_step=80, grad_norm=0.597166, loss=0.449888
I0405 17:07:28.510091 140080683672768 submission.py:218] 80) loss = 0.450, grad_norm = 0.597
I0405 17:07:28.744709 140046048614144 logging_writer.py:48] [81] global_step=81, grad_norm=0.588658, loss=0.449346
I0405 17:07:28.747558 140080683672768 submission.py:218] 81) loss = 0.449, grad_norm = 0.589
I0405 17:07:28.979068 140046040221440 logging_writer.py:48] [82] global_step=82, grad_norm=0.582819, loss=0.445574
I0405 17:07:28.981925 140080683672768 submission.py:218] 82) loss = 0.446, grad_norm = 0.583
I0405 17:07:29.215429 140046048614144 logging_writer.py:48] [83] global_step=83, grad_norm=0.568557, loss=0.447222
I0405 17:07:29.218354 140080683672768 submission.py:218] 83) loss = 0.447, grad_norm = 0.569
I0405 17:07:29.451649 140046040221440 logging_writer.py:48] [84] global_step=84, grad_norm=0.558784, loss=0.443706
I0405 17:07:29.454538 140080683672768 submission.py:218] 84) loss = 0.444, grad_norm = 0.559
I0405 17:07:29.688496 140046048614144 logging_writer.py:48] [85] global_step=85, grad_norm=0.550232, loss=0.442416
I0405 17:07:29.691338 140080683672768 submission.py:218] 85) loss = 0.442, grad_norm = 0.550
I0405 17:07:29.924970 140046040221440 logging_writer.py:48] [86] global_step=86, grad_norm=0.549019, loss=0.440499
I0405 17:07:29.927845 140080683672768 submission.py:218] 86) loss = 0.440, grad_norm = 0.549
I0405 17:07:30.162469 140046048614144 logging_writer.py:48] [87] global_step=87, grad_norm=0.552599, loss=0.437597
I0405 17:07:30.165329 140080683672768 submission.py:218] 87) loss = 0.438, grad_norm = 0.553
I0405 17:07:30.396866 140046040221440 logging_writer.py:48] [88] global_step=88, grad_norm=0.542797, loss=0.43628
I0405 17:07:30.399723 140080683672768 submission.py:218] 88) loss = 0.436, grad_norm = 0.543
I0405 17:07:30.632577 140046048614144 logging_writer.py:48] [89] global_step=89, grad_norm=0.534112, loss=0.434015
I0405 17:07:30.635450 140080683672768 submission.py:218] 89) loss = 0.434, grad_norm = 0.534
I0405 17:07:30.866472 140046040221440 logging_writer.py:48] [90] global_step=90, grad_norm=0.53219, loss=0.43292
I0405 17:07:30.869313 140080683672768 submission.py:218] 90) loss = 0.433, grad_norm = 0.532
I0405 17:07:31.103120 140046048614144 logging_writer.py:48] [91] global_step=91, grad_norm=0.524783, loss=0.429477
I0405 17:07:31.105979 140080683672768 submission.py:218] 91) loss = 0.429, grad_norm = 0.525
I0405 17:07:31.338388 140046040221440 logging_writer.py:48] [92] global_step=92, grad_norm=0.523301, loss=0.43053
I0405 17:07:31.341273 140080683672768 submission.py:218] 92) loss = 0.431, grad_norm = 0.523
I0405 17:07:31.576045 140046048614144 logging_writer.py:48] [93] global_step=93, grad_norm=0.517266, loss=0.428743
I0405 17:07:31.578913 140080683672768 submission.py:218] 93) loss = 0.429, grad_norm = 0.517
I0405 17:07:31.812084 140046040221440 logging_writer.py:48] [94] global_step=94, grad_norm=0.514468, loss=0.426439
I0405 17:07:31.814945 140080683672768 submission.py:218] 94) loss = 0.426, grad_norm = 0.514
I0405 17:07:32.048764 140046048614144 logging_writer.py:48] [95] global_step=95, grad_norm=0.512457, loss=0.42489
I0405 17:07:32.051656 140080683672768 submission.py:218] 95) loss = 0.425, grad_norm = 0.512
I0405 17:07:32.286037 140046040221440 logging_writer.py:48] [96] global_step=96, grad_norm=0.507182, loss=0.420326
I0405 17:07:32.289041 140080683672768 submission.py:218] 96) loss = 0.420, grad_norm = 0.507
I0405 17:07:32.520947 140046048614144 logging_writer.py:48] [97] global_step=97, grad_norm=0.497779, loss=0.422444
I0405 17:07:32.523803 140080683672768 submission.py:218] 97) loss = 0.422, grad_norm = 0.498
I0405 17:07:32.756551 140046040221440 logging_writer.py:48] [98] global_step=98, grad_norm=0.493034, loss=0.422472
I0405 17:07:32.759436 140080683672768 submission.py:218] 98) loss = 0.422, grad_norm = 0.493
I0405 17:07:32.994696 140046048614144 logging_writer.py:48] [99] global_step=99, grad_norm=0.491027, loss=0.417538
I0405 17:07:32.997559 140080683672768 submission.py:218] 99) loss = 0.418, grad_norm = 0.491
I0405 17:07:33.229589 140046040221440 logging_writer.py:48] [100] global_step=100, grad_norm=0.480271, loss=0.422691
I0405 17:07:33.232427 140080683672768 submission.py:218] 100) loss = 0.423, grad_norm = 0.480
I0405 17:09:01.109237 140046048614144 logging_writer.py:48] [500] global_step=500, grad_norm=0.0436406, loss=0.0739072
I0405 17:09:01.112717 140080683672768 submission.py:218] 500) loss = 0.074, grad_norm = 0.044
I0405 17:10:52.434497 140046040221440 logging_writer.py:48] [1000] global_step=1000, grad_norm=0.0060682, loss=0.0538621
I0405 17:10:52.437934 140080683672768 submission.py:218] 1000) loss = 0.054, grad_norm = 0.006
I0405 17:12:43.402496 140046048614144 logging_writer.py:48] [1500] global_step=1500, grad_norm=0.00794887, loss=0.053931
I0405 17:12:43.405582 140080683672768 submission.py:218] 1500) loss = 0.054, grad_norm = 0.008
I0405 17:14:34.015401 140046040221440 logging_writer.py:48] [2000] global_step=2000, grad_norm=0.0266379, loss=0.0553427
I0405 17:14:34.018554 140080683672768 submission.py:218] 2000) loss = 0.055, grad_norm = 0.027
I0405 17:14:41.575922 140080683672768 spec.py:333] Evaluating on the training split.
I0405 17:15:08.416773 140080683672768 spec.py:346] Evaluating on the validation split.
I0405 17:15:10.431235 140080683672768 spec.py:363] Evaluating on the test split.
I0405 17:15:12.402928 140080683672768 submission_runner.py:516] Time since start: 573.79s, 	Step: 2033, 	{'train/accuracy': 0.9867094667667785, 'train/loss': 0.051641844543922094, 'train/mean_average_precision': 0.05511657665207479, 'validation/accuracy': 0.9841807143622601, 'validation/loss': 0.06092049683541221, 'validation/mean_average_precision': 0.05444410763794829, 'validation/num_examples': 43793, 'test/accuracy': 0.9832005181770478, 'test/loss': 0.06406544275204908, 'test/mean_average_precision': 0.058430242481284034, 'test/num_examples': 43793, 'score': 467.39672803878784, 'total_duration': 573.7857639789581, 'accumulated_submission_time': 467.39672803878784, 'accumulated_eval_time': 104.6031801700592, 'accumulated_logging_time': 0.04635167121887207}
I0405 17:15:12.435770 140046048614144 logging_writer.py:48] [2033] accumulated_eval_time=104.603, accumulated_logging_time=0.0463517, accumulated_submission_time=467.397, global_step=2033, preemption_count=0, score=467.397, test/accuracy=0.983201, test/loss=0.0640654, test/mean_average_precision=0.0584302, test/num_examples=43793, total_duration=573.786, train/accuracy=0.986709, train/loss=0.0516418, train/mean_average_precision=0.0551166, validation/accuracy=0.984181, validation/loss=0.0609205, validation/mean_average_precision=0.0544441, validation/num_examples=43793
I0405 17:16:57.249190 140046040221440 logging_writer.py:48] [2500] global_step=2500, grad_norm=0.00615613, loss=0.0479177
I0405 17:16:57.252458 140080683672768 submission.py:218] 2500) loss = 0.048, grad_norm = 0.006
I0405 17:18:49.597952 140046048614144 logging_writer.py:48] [3000] global_step=3000, grad_norm=0.0125755, loss=0.0499257
I0405 17:18:49.601288 140080683672768 submission.py:218] 3000) loss = 0.050, grad_norm = 0.013
I0405 17:20:41.634062 140046040221440 logging_writer.py:48] [3500] global_step=3500, grad_norm=0.0196264, loss=0.0494155
I0405 17:20:41.637199 140080683672768 submission.py:218] 3500) loss = 0.049, grad_norm = 0.020
I0405 17:22:32.775794 140046048614144 logging_writer.py:48] [4000] global_step=4000, grad_norm=0.0164762, loss=0.0428812
I0405 17:22:32.779266 140080683672768 submission.py:218] 4000) loss = 0.043, grad_norm = 0.016
I0405 17:22:44.947920 140080683672768 spec.py:333] Evaluating on the training split.
I0405 17:23:10.848093 140080683672768 spec.py:346] Evaluating on the validation split.
I0405 17:23:12.808365 140080683672768 spec.py:363] Evaluating on the test split.
I0405 17:23:14.787698 140080683672768 submission_runner.py:516] Time since start: 1056.17s, 	Step: 4054, 	{'train/accuracy': 0.9876232245683269, 'train/loss': 0.04505429463489545, 'train/mean_average_precision': 0.12561954975695877, 'validation/accuracy': 0.9848001552255479, 'validation/loss': 0.054206650657678955, 'validation/mean_average_precision': 0.11805957687275324, 'validation/num_examples': 43793, 'test/accuracy': 0.9838537143742752, 'test/loss': 0.057081559083722824, 'test/mean_average_precision': 0.12013838031007065, 'test/num_examples': 43793, 'score': 918.5736863613129, 'total_duration': 1056.170536994934, 'accumulated_submission_time': 918.5736863613129, 'accumulated_eval_time': 134.44292402267456, 'accumulated_logging_time': 0.08889579772949219}
I0405 17:23:14.821369 140046040221440 logging_writer.py:48] [4054] accumulated_eval_time=134.443, accumulated_logging_time=0.0888958, accumulated_submission_time=918.574, global_step=4054, preemption_count=0, score=918.574, test/accuracy=0.983854, test/loss=0.0570816, test/mean_average_precision=0.120138, test/num_examples=43793, total_duration=1056.17, train/accuracy=0.987623, train/loss=0.0450543, train/mean_average_precision=0.12562, validation/accuracy=0.9848, validation/loss=0.0542067, validation/mean_average_precision=0.11806, validation/num_examples=43793
I0405 17:24:54.820081 140046048614144 logging_writer.py:48] [4500] global_step=4500, grad_norm=0.00938964, loss=0.0431845
I0405 17:24:54.823297 140080683672768 submission.py:218] 4500) loss = 0.043, grad_norm = 0.009
I0405 17:26:45.967859 140046040221440 logging_writer.py:48] [5000] global_step=5000, grad_norm=0.0146908, loss=0.0449107
I0405 17:26:45.971474 140080683672768 submission.py:218] 5000) loss = 0.045, grad_norm = 0.015
I0405 17:28:37.138317 140046048614144 logging_writer.py:48] [5500] global_step=5500, grad_norm=0.0103216, loss=0.0402659
I0405 17:28:37.141589 140080683672768 submission.py:218] 5500) loss = 0.040, grad_norm = 0.010
I0405 17:30:28.337237 140046040221440 logging_writer.py:48] [6000] global_step=6000, grad_norm=0.0111577, loss=0.0450382
I0405 17:30:28.340561 140080683672768 submission.py:218] 6000) loss = 0.045, grad_norm = 0.011
I0405 17:30:47.244272 140080683672768 spec.py:333] Evaluating on the training split.
I0405 17:31:12.992756 140080683672768 spec.py:346] Evaluating on the validation split.
I0405 17:31:15.012161 140080683672768 spec.py:363] Evaluating on the test split.
I0405 17:31:17.039781 140080683672768 submission_runner.py:516] Time since start: 1538.42s, 	Step: 6084, 	{'train/accuracy': 0.9881276036173153, 'train/loss': 0.0415829383343158, 'train/mean_average_precision': 0.18345027530732252, 'validation/accuracy': 0.9852803639681885, 'validation/loss': 0.05106573968383349, 'validation/mean_average_precision': 0.1557504211167502, 'validation/num_examples': 43793, 'test/accuracy': 0.9843725652543422, 'test/loss': 0.053912382268860776, 'test/mean_average_precision': 0.15692229729183507, 'test/num_examples': 43793, 'score': 1369.663865327835, 'total_duration': 1538.4226031303406, 'accumulated_submission_time': 1369.663865327835, 'accumulated_eval_time': 164.23840165138245, 'accumulated_logging_time': 0.13196754455566406}
I0405 17:31:17.073370 140046048614144 logging_writer.py:48] [6084] accumulated_eval_time=164.238, accumulated_logging_time=0.131968, accumulated_submission_time=1369.66, global_step=6084, preemption_count=0, score=1369.66, test/accuracy=0.984373, test/loss=0.0539124, test/mean_average_precision=0.156922, test/num_examples=43793, total_duration=1538.42, train/accuracy=0.988128, train/loss=0.0415829, train/mean_average_precision=0.18345, validation/accuracy=0.98528, validation/loss=0.0510657, validation/mean_average_precision=0.15575, validation/num_examples=43793
I0405 17:32:50.202480 140046040221440 logging_writer.py:48] [6500] global_step=6500, grad_norm=0.0120006, loss=0.0498024
I0405 17:32:50.205642 140080683672768 submission.py:218] 6500) loss = 0.050, grad_norm = 0.012
I0405 17:34:41.582323 140046048614144 logging_writer.py:48] [7000] global_step=7000, grad_norm=0.0122226, loss=0.0428631
I0405 17:34:41.585715 140080683672768 submission.py:218] 7000) loss = 0.043, grad_norm = 0.012
I0405 17:36:30.431261 140046040221440 logging_writer.py:48] [7500] global_step=7500, grad_norm=0.0144251, loss=0.037938
I0405 17:36:30.434757 140080683672768 submission.py:218] 7500) loss = 0.038, grad_norm = 0.014
I0405 17:38:17.746101 140046048614144 logging_writer.py:48] [8000] global_step=8000, grad_norm=0.0116069, loss=0.0394377
I0405 17:38:17.749107 140080683672768 submission.py:218] 8000) loss = 0.039, grad_norm = 0.012
I0405 17:38:49.585238 140080683672768 spec.py:333] Evaluating on the training split.
I0405 17:39:14.687381 140080683672768 spec.py:346] Evaluating on the validation split.
I0405 17:39:16.685009 140080683672768 spec.py:363] Evaluating on the test split.
I0405 17:39:18.728045 140080683672768 submission_runner.py:516] Time since start: 2020.11s, 	Step: 8149, 	{'train/accuracy': 0.9887449108654203, 'train/loss': 0.038541062807157196, 'train/mean_average_precision': 0.2247952688400846, 'validation/accuracy': 0.9857512364461792, 'validation/loss': 0.04833077545897889, 'validation/mean_average_precision': 0.187566673839949, 'validation/num_examples': 43793, 'test/accuracy': 0.9847793915125767, 'test/loss': 0.051103185889698706, 'test/mean_average_precision': 0.18414574132207595, 'test/num_examples': 43793, 'score': 1820.8492255210876, 'total_duration': 2020.110868692398, 'accumulated_submission_time': 1820.8492255210876, 'accumulated_eval_time': 193.3811330795288, 'accumulated_logging_time': 0.17496848106384277}
I0405 17:39:18.767323 140046040221440 logging_writer.py:48] [8149] accumulated_eval_time=193.381, accumulated_logging_time=0.174968, accumulated_submission_time=1820.85, global_step=8149, preemption_count=0, score=1820.85, test/accuracy=0.984779, test/loss=0.0511032, test/mean_average_precision=0.184146, test/num_examples=43793, total_duration=2020.11, train/accuracy=0.988745, train/loss=0.0385411, train/mean_average_precision=0.224795, validation/accuracy=0.985751, validation/loss=0.0483308, validation/mean_average_precision=0.187567, validation/num_examples=43793
I0405 17:40:34.439391 140046048614144 logging_writer.py:48] [8500] global_step=8500, grad_norm=0.0125097, loss=0.0396856
I0405 17:40:34.442842 140080683672768 submission.py:218] 8500) loss = 0.040, grad_norm = 0.013
I0405 17:42:20.643408 140046040221440 logging_writer.py:48] [9000] global_step=9000, grad_norm=0.0206214, loss=0.0412249
I0405 17:42:20.646397 140080683672768 submission.py:218] 9000) loss = 0.041, grad_norm = 0.021
I0405 17:44:06.966623 140046048614144 logging_writer.py:48] [9500] global_step=9500, grad_norm=0.0137875, loss=0.0385169
I0405 17:44:06.969800 140080683672768 submission.py:218] 9500) loss = 0.039, grad_norm = 0.014
I0405 17:45:52.953940 140046040221440 logging_writer.py:48] [10000] global_step=10000, grad_norm=0.0254049, loss=0.0405422
I0405 17:45:52.957202 140080683672768 submission.py:218] 10000) loss = 0.041, grad_norm = 0.025
I0405 17:46:51.143803 140080683672768 spec.py:333] Evaluating on the training split.
I0405 17:47:15.809378 140080683672768 spec.py:346] Evaluating on the validation split.
I0405 17:47:17.725027 140080683672768 spec.py:363] Evaluating on the test split.
I0405 17:47:19.683964 140080683672768 submission_runner.py:516] Time since start: 2501.07s, 	Step: 10276, 	{'train/accuracy': 0.9891897547526158, 'train/loss': 0.03663994818886206, 'train/mean_average_precision': 0.26275006796302164, 'validation/accuracy': 0.9861104796729222, 'validation/loss': 0.04729507482610192, 'validation/mean_average_precision': 0.20968352509546573, 'validation/num_examples': 43793, 'test/accuracy': 0.9851603173413273, 'test/loss': 0.05035941386380501, 'test/mean_average_precision': 0.20339300754210696, 'test/num_examples': 43793, 'score': 2271.878748893738, 'total_duration': 2501.0667827129364, 'accumulated_submission_time': 2271.878748893738, 'accumulated_eval_time': 221.9212212562561, 'accumulated_logging_time': 0.22341275215148926}
I0405 17:47:19.721835 140046048614144 logging_writer.py:48] [10276] accumulated_eval_time=221.921, accumulated_logging_time=0.223413, accumulated_submission_time=2271.88, global_step=10276, preemption_count=0, score=2271.88, test/accuracy=0.98516, test/loss=0.0503594, test/mean_average_precision=0.203393, test/num_examples=43793, total_duration=2501.07, train/accuracy=0.98919, train/loss=0.0366399, train/mean_average_precision=0.26275, validation/accuracy=0.98611, validation/loss=0.0472951, validation/mean_average_precision=0.209684, validation/num_examples=43793
I0405 17:48:07.985021 140046040221440 logging_writer.py:48] [10500] global_step=10500, grad_norm=0.0218603, loss=0.0410301
I0405 17:48:07.988123 140080683672768 submission.py:218] 10500) loss = 0.041, grad_norm = 0.022
I0405 17:49:53.414843 140046048614144 logging_writer.py:48] [11000] global_step=11000, grad_norm=0.0208992, loss=0.0385081
I0405 17:49:53.417869 140080683672768 submission.py:218] 11000) loss = 0.039, grad_norm = 0.021
I0405 17:51:39.473882 140046040221440 logging_writer.py:48] [11500] global_step=11500, grad_norm=0.0253067, loss=0.0392781
I0405 17:51:39.477724 140080683672768 submission.py:218] 11500) loss = 0.039, grad_norm = 0.025
I0405 17:53:25.824024 140046048614144 logging_writer.py:48] [12000] global_step=12000, grad_norm=0.022069, loss=0.0359323
I0405 17:53:25.826970 140080683672768 submission.py:218] 12000) loss = 0.036, grad_norm = 0.022
I0405 17:54:52.139200 140080683672768 spec.py:333] Evaluating on the training split.
I0405 17:55:16.640441 140080683672768 spec.py:346] Evaluating on the validation split.
I0405 17:55:18.652539 140080683672768 spec.py:363] Evaluating on the test split.
I0405 17:55:20.666486 140080683672768 submission_runner.py:516] Time since start: 2982.05s, 	Step: 12407, 	{'train/accuracy': 0.9894418901813856, 'train/loss': 0.03540892272545465, 'train/mean_average_precision': 0.2919473390700682, 'validation/accuracy': 0.9862850272294188, 'validation/loss': 0.04602860291526893, 'validation/mean_average_precision': 0.23025644048852512, 'validation/num_examples': 43793, 'test/accuracy': 0.9854073189981124, 'test/loss': 0.04872600880593545, 'test/mean_average_precision': 0.22804898631235743, 'test/num_examples': 43793, 'score': 2722.952040195465, 'total_duration': 2982.0492644309998, 'accumulated_submission_time': 2722.952040195465, 'accumulated_eval_time': 250.44834637641907, 'accumulated_logging_time': 0.2703988552093506}
I0405 17:55:20.712601 140046040221440 logging_writer.py:48] [12407] accumulated_eval_time=250.448, accumulated_logging_time=0.270399, accumulated_submission_time=2722.95, global_step=12407, preemption_count=0, score=2722.95, test/accuracy=0.985407, test/loss=0.048726, test/mean_average_precision=0.228049, test/num_examples=43793, total_duration=2982.05, train/accuracy=0.989442, train/loss=0.0354089, train/mean_average_precision=0.291947, validation/accuracy=0.986285, validation/loss=0.0460286, validation/mean_average_precision=0.230256, validation/num_examples=43793
I0405 17:55:41.078621 140046048614144 logging_writer.py:48] [12500] global_step=12500, grad_norm=0.0233729, loss=0.0370934
I0405 17:55:41.081501 140080683672768 submission.py:218] 12500) loss = 0.037, grad_norm = 0.023
I0405 17:57:26.337352 140046040221440 logging_writer.py:48] [13000] global_step=13000, grad_norm=0.020489, loss=0.0340513
I0405 17:57:26.340874 140080683672768 submission.py:218] 13000) loss = 0.034, grad_norm = 0.020
I0405 17:59:12.069464 140046048614144 logging_writer.py:48] [13500] global_step=13500, grad_norm=0.018459, loss=0.030416
I0405 17:59:12.073792 140080683672768 submission.py:218] 13500) loss = 0.030, grad_norm = 0.018
I0405 18:00:57.698566 140046040221440 logging_writer.py:48] [14000] global_step=14000, grad_norm=0.0190007, loss=0.0342622
I0405 18:00:57.704115 140080683672768 submission.py:218] 14000) loss = 0.034, grad_norm = 0.019
I0405 18:02:42.661314 140046048614144 logging_writer.py:48] [14500] global_step=14500, grad_norm=0.0231042, loss=0.0348277
I0405 18:02:42.664667 140080683672768 submission.py:218] 14500) loss = 0.035, grad_norm = 0.023
I0405 18:02:53.154312 140080683672768 spec.py:333] Evaluating on the training split.
I0405 18:03:17.699928 140080683672768 spec.py:346] Evaluating on the validation split.
I0405 18:03:19.724735 140080683672768 spec.py:363] Evaluating on the test split.
I0405 18:03:21.708954 140080683672768 submission_runner.py:516] Time since start: 3463.09s, 	Step: 14549, 	{'train/accuracy': 0.9897507628703612, 'train/loss': 0.034330178290186045, 'train/mean_average_precision': 0.3168018313093405, 'validation/accuracy': 0.986480276937965, 'validation/loss': 0.04540413239310383, 'validation/mean_average_precision': 0.23958926493577912, 'validation/num_examples': 43793, 'test/accuracy': 0.985567775317354, 'test/loss': 0.04825666551764219, 'test/mean_average_precision': 0.23274000447257434, 'test/num_examples': 43793, 'score': 3174.0471365451813, 'total_duration': 3463.091789484024, 'accumulated_submission_time': 3174.0471365451813, 'accumulated_eval_time': 279.0029559135437, 'accumulated_logging_time': 0.3256533145904541}
I0405 18:03:21.743631 140046040221440 logging_writer.py:48] [14549] accumulated_eval_time=279.003, accumulated_logging_time=0.325653, accumulated_submission_time=3174.05, global_step=14549, preemption_count=0, score=3174.05, test/accuracy=0.985568, test/loss=0.0482567, test/mean_average_precision=0.23274, test/num_examples=43793, total_duration=3463.09, train/accuracy=0.989751, train/loss=0.0343302, train/mean_average_precision=0.316802, validation/accuracy=0.98648, validation/loss=0.0454041, validation/mean_average_precision=0.239589, validation/num_examples=43793
I0405 18:04:57.161857 140046048614144 logging_writer.py:48] [15000] global_step=15000, grad_norm=0.0219914, loss=0.0328823
I0405 18:04:57.165065 140080683672768 submission.py:218] 15000) loss = 0.033, grad_norm = 0.022
I0405 18:06:42.668718 140046040221440 logging_writer.py:48] [15500] global_step=15500, grad_norm=0.0238052, loss=0.0349298
I0405 18:06:42.671988 140080683672768 submission.py:218] 15500) loss = 0.035, grad_norm = 0.024
I0405 18:08:28.688029 140046048614144 logging_writer.py:48] [16000] global_step=16000, grad_norm=0.0241797, loss=0.0367519
I0405 18:08:28.694993 140080683672768 submission.py:218] 16000) loss = 0.037, grad_norm = 0.024
I0405 18:10:13.672639 140046040221440 logging_writer.py:48] [16500] global_step=16500, grad_norm=0.0232582, loss=0.0353619
I0405 18:10:13.676364 140080683672768 submission.py:218] 16500) loss = 0.035, grad_norm = 0.023
I0405 18:10:54.237004 140080683672768 spec.py:333] Evaluating on the training split.
I0405 18:11:18.711491 140080683672768 spec.py:346] Evaluating on the validation split.
I0405 18:11:20.722090 140080683672768 spec.py:363] Evaluating on the test split.
I0405 18:11:22.769294 140080683672768 submission_runner.py:516] Time since start: 3944.15s, 	Step: 16692, 	{'train/accuracy': 0.9901760532959785, 'train/loss': 0.032843283779988776, 'train/mean_average_precision': 0.34135763715552714, 'validation/accuracy': 0.9866503593244117, 'validation/loss': 0.04484604956257571, 'validation/mean_average_precision': 0.2528357935795142, 'validation/num_examples': 43793, 'test/accuracy': 0.9857535003482871, 'test/loss': 0.047761767270532725, 'test/mean_average_precision': 0.24138505484368186, 'test/num_examples': 43793, 'score': 3625.192697763443, 'total_duration': 3944.152075767517, 'accumulated_submission_time': 3625.192697763443, 'accumulated_eval_time': 307.53513073921204, 'accumulated_logging_time': 0.36966943740844727}
I0405 18:11:22.808740 140046048614144 logging_writer.py:48] [16692] accumulated_eval_time=307.535, accumulated_logging_time=0.369669, accumulated_submission_time=3625.19, global_step=16692, preemption_count=0, score=3625.19, test/accuracy=0.985754, test/loss=0.0477618, test/mean_average_precision=0.241385, test/num_examples=43793, total_duration=3944.15, train/accuracy=0.990176, train/loss=0.0328433, train/mean_average_precision=0.341358, validation/accuracy=0.98665, validation/loss=0.044846, validation/mean_average_precision=0.252836, validation/num_examples=43793
I0405 18:12:28.646585 140046040221440 logging_writer.py:48] [17000] global_step=17000, grad_norm=0.0261031, loss=0.0387333
I0405 18:12:28.649635 140080683672768 submission.py:218] 17000) loss = 0.039, grad_norm = 0.026
I0405 18:14:14.712754 140046048614144 logging_writer.py:48] [17500] global_step=17500, grad_norm=0.029162, loss=0.0302848
I0405 18:14:14.716109 140080683672768 submission.py:218] 17500) loss = 0.030, grad_norm = 0.029
I0405 18:16:00.848859 140046040221440 logging_writer.py:48] [18000] global_step=18000, grad_norm=0.0306435, loss=0.033314
I0405 18:16:00.851870 140080683672768 submission.py:218] 18000) loss = 0.033, grad_norm = 0.031
I0405 18:17:45.982956 140046048614144 logging_writer.py:48] [18500] global_step=18500, grad_norm=0.0295424, loss=0.0316054
I0405 18:17:45.986281 140080683672768 submission.py:218] 18500) loss = 0.032, grad_norm = 0.030
I0405 18:18:55.218092 140080683672768 spec.py:333] Evaluating on the training split.
I0405 18:19:20.672353 140080683672768 spec.py:346] Evaluating on the validation split.
I0405 18:19:22.776597 140080683672768 spec.py:363] Evaluating on the test split.
I0405 18:19:24.859748 140080683672768 submission_runner.py:516] Time since start: 4426.24s, 	Step: 18829, 	{'train/accuracy': 0.9902538044325405, 'train/loss': 0.03231383101575435, 'train/mean_average_precision': 0.3647416962396042, 'validation/accuracy': 0.9868070462007086, 'validation/loss': 0.04431998720221375, 'validation/mean_average_precision': 0.2596826141797121, 'validation/num_examples': 43793, 'test/accuracy': 0.9858280430477773, 'test/loss': 0.04727341651512459, 'test/mean_average_precision': 0.24964097675696012, 'test/num_examples': 43793, 'score': 4076.254989862442, 'total_duration': 4426.2425837516785, 'accumulated_submission_time': 4076.254989862442, 'accumulated_eval_time': 337.17674231529236, 'accumulated_logging_time': 0.41834068298339844}
I0405 18:19:24.898757 140046040221440 logging_writer.py:48] [18829] accumulated_eval_time=337.177, accumulated_logging_time=0.418341, accumulated_submission_time=4076.25, global_step=18829, preemption_count=0, score=4076.25, test/accuracy=0.985828, test/loss=0.0472734, test/mean_average_precision=0.249641, test/num_examples=43793, total_duration=4426.24, train/accuracy=0.990254, train/loss=0.0323138, train/mean_average_precision=0.364742, validation/accuracy=0.986807, validation/loss=0.04432, validation/mean_average_precision=0.259683, validation/num_examples=43793
I0405 18:20:01.644300 140046048614144 logging_writer.py:48] [19000] global_step=19000, grad_norm=0.0233538, loss=0.0293212
I0405 18:20:01.651155 140080683672768 submission.py:218] 19000) loss = 0.029, grad_norm = 0.023
I0405 18:21:46.797660 140046040221440 logging_writer.py:48] [19500] global_step=19500, grad_norm=0.0255996, loss=0.0318439
I0405 18:21:46.801013 140080683672768 submission.py:218] 19500) loss = 0.032, grad_norm = 0.026
I0405 18:23:32.201107 140046048614144 logging_writer.py:48] [20000] global_step=20000, grad_norm=0.0293793, loss=0.0299171
I0405 18:23:32.204054 140080683672768 submission.py:218] 20000) loss = 0.030, grad_norm = 0.029
I0405 18:25:17.160012 140046040221440 logging_writer.py:48] [20500] global_step=20500, grad_norm=0.0315549, loss=0.0374558
I0405 18:25:17.163136 140080683672768 submission.py:218] 20500) loss = 0.037, grad_norm = 0.032
I0405 18:26:57.279039 140080683672768 spec.py:333] Evaluating on the training split.
I0405 18:27:21.854554 140080683672768 spec.py:346] Evaluating on the validation split.
I0405 18:27:23.825171 140080683672768 spec.py:363] Evaluating on the test split.
I0405 18:27:25.844099 140080683672768 submission_runner.py:516] Time since start: 4907.23s, 	Step: 20976, 	{'train/accuracy': 0.9906350874522052, 'train/loss': 0.03132843269157197, 'train/mean_average_precision': 0.39526998240151745, 'validation/accuracy': 0.9866937932512608, 'validation/loss': 0.044165485341658574, 'validation/mean_average_precision': 0.26403560421557026, 'validation/num_examples': 43793, 'test/accuracy': 0.985840677403623, 'test/loss': 0.046928462408369336, 'test/mean_average_precision': 0.25378798580033285, 'test/num_examples': 43793, 'score': 4527.288378715515, 'total_duration': 4907.226933717728, 'accumulated_submission_time': 4527.288378715515, 'accumulated_eval_time': 365.7417469024658, 'accumulated_logging_time': 0.4663100242614746}
I0405 18:27:25.883025 140046048614144 logging_writer.py:48] [20976] accumulated_eval_time=365.742, accumulated_logging_time=0.46631, accumulated_submission_time=4527.29, global_step=20976, preemption_count=0, score=4527.29, test/accuracy=0.985841, test/loss=0.0469285, test/mean_average_precision=0.253788, test/num_examples=43793, total_duration=4907.23, train/accuracy=0.990635, train/loss=0.0313284, train/mean_average_precision=0.39527, validation/accuracy=0.986694, validation/loss=0.0441655, validation/mean_average_precision=0.264036, validation/num_examples=43793
I0405 18:27:31.611025 140046040221440 logging_writer.py:48] [21000] global_step=21000, grad_norm=0.031889, loss=0.0323882
I0405 18:27:31.614192 140080683672768 submission.py:218] 21000) loss = 0.032, grad_norm = 0.032
I0405 18:29:17.100071 140046048614144 logging_writer.py:48] [21500] global_step=21500, grad_norm=0.0313488, loss=0.0319737
I0405 18:29:17.103287 140080683672768 submission.py:218] 21500) loss = 0.032, grad_norm = 0.031
I0405 18:31:02.953936 140046040221440 logging_writer.py:48] [22000] global_step=22000, grad_norm=0.032441, loss=0.0319706
I0405 18:31:02.957010 140080683672768 submission.py:218] 22000) loss = 0.032, grad_norm = 0.032
I0405 18:32:48.161088 140046048614144 logging_writer.py:48] [22500] global_step=22500, grad_norm=0.0318807, loss=0.0341194
I0405 18:32:48.164366 140080683672768 submission.py:218] 22500) loss = 0.034, grad_norm = 0.032
I0405 18:34:32.599408 140046040221440 logging_writer.py:48] [23000] global_step=23000, grad_norm=0.042493, loss=0.0370934
I0405 18:34:32.602426 140080683672768 submission.py:218] 23000) loss = 0.037, grad_norm = 0.042
I0405 18:34:58.288942 140080683672768 spec.py:333] Evaluating on the training split.
I0405 18:35:22.891566 140080683672768 spec.py:346] Evaluating on the validation split.
I0405 18:35:24.837235 140080683672768 spec.py:363] Evaluating on the test split.
I0405 18:35:26.886498 140080683672768 submission_runner.py:516] Time since start: 5388.27s, 	Step: 23122, 	{'train/accuracy': 0.9906949382567489, 'train/loss': 0.030538262209262364, 'train/mean_average_precision': 0.4091099374306174, 'validation/accuracy': 0.9868488564293577, 'validation/loss': 0.04418433546294883, 'validation/mean_average_precision': 0.268690010507204, 'validation/num_examples': 43793, 'test/accuracy': 0.985921537281036, 'test/loss': 0.047128476764156164, 'test/mean_average_precision': 0.2533110909854688, 'test/num_examples': 43793, 'score': 4978.338572740555, 'total_duration': 5388.269327878952, 'accumulated_submission_time': 4978.338572740555, 'accumulated_eval_time': 394.33925223350525, 'accumulated_logging_time': 0.514418363571167}
I0405 18:35:26.920650 140046048614144 logging_writer.py:48] [23122] accumulated_eval_time=394.339, accumulated_logging_time=0.514418, accumulated_submission_time=4978.34, global_step=23122, preemption_count=0, score=4978.34, test/accuracy=0.985922, test/loss=0.0471285, test/mean_average_precision=0.253311, test/num_examples=43793, total_duration=5388.27, train/accuracy=0.990695, train/loss=0.0305383, train/mean_average_precision=0.40911, validation/accuracy=0.986849, validation/loss=0.0441843, validation/mean_average_precision=0.26869, validation/num_examples=43793
I0405 18:36:47.251022 140046040221440 logging_writer.py:48] [23500] global_step=23500, grad_norm=0.0340919, loss=0.031408
I0405 18:36:47.254290 140080683672768 submission.py:218] 23500) loss = 0.031, grad_norm = 0.034
I0405 18:38:32.450826 140046048614144 logging_writer.py:48] [24000] global_step=24000, grad_norm=0.0302902, loss=0.0301209
I0405 18:38:32.453862 140080683672768 submission.py:218] 24000) loss = 0.030, grad_norm = 0.030
I0405 18:40:17.638036 140046040221440 logging_writer.py:48] [24500] global_step=24500, grad_norm=0.04273, loss=0.0288515
I0405 18:40:17.641273 140080683672768 submission.py:218] 24500) loss = 0.029, grad_norm = 0.043
I0405 18:42:02.126220 140046048614144 logging_writer.py:48] [25000] global_step=25000, grad_norm=0.0371883, loss=0.0304999
I0405 18:42:02.129299 140080683672768 submission.py:218] 25000) loss = 0.030, grad_norm = 0.037
I0405 18:42:59.389500 140080683672768 spec.py:333] Evaluating on the training split.
I0405 18:43:23.962077 140080683672768 spec.py:346] Evaluating on the validation split.
I0405 18:43:25.947472 140080683672768 spec.py:363] Evaluating on the test split.
I0405 18:43:28.035874 140080683672768 submission_runner.py:516] Time since start: 5869.42s, 	Step: 25272, 	{'train/accuracy': 0.990812122422723, 'train/loss': 0.03003106976361952, 'train/mean_average_precision': 0.4186429726201575, 'validation/accuracy': 0.9869832174554052, 'validation/loss': 0.043869020883600326, 'validation/mean_average_precision': 0.2723246321779383, 'validation/num_examples': 43793, 'test/accuracy': 0.9860137680787103, 'test/loss': 0.046861668122425225, 'test/mean_average_precision': 0.2558521050142322, 'test/num_examples': 43793, 'score': 5429.451752662659, 'total_duration': 5869.418662071228, 'accumulated_submission_time': 5429.451752662659, 'accumulated_eval_time': 422.98549699783325, 'accumulated_logging_time': 0.5574688911437988}
I0405 18:43:28.075444 140046040221440 logging_writer.py:48] [25272] accumulated_eval_time=422.985, accumulated_logging_time=0.557469, accumulated_submission_time=5429.45, global_step=25272, preemption_count=0, score=5429.45, test/accuracy=0.986014, test/loss=0.0468617, test/mean_average_precision=0.255852, test/num_examples=43793, total_duration=5869.42, train/accuracy=0.990812, train/loss=0.0300311, train/mean_average_precision=0.418643, validation/accuracy=0.986983, validation/loss=0.043869, validation/mean_average_precision=0.272325, validation/num_examples=43793
I0405 18:44:16.503212 140046048614144 logging_writer.py:48] [25500] global_step=25500, grad_norm=0.0358986, loss=0.0265632
I0405 18:44:16.506390 140080683672768 submission.py:218] 25500) loss = 0.027, grad_norm = 0.036
I0405 18:46:01.243158 140046040221440 logging_writer.py:48] [26000] global_step=26000, grad_norm=0.0358873, loss=0.0303041
I0405 18:46:01.246287 140080683672768 submission.py:218] 26000) loss = 0.030, grad_norm = 0.036
I0405 18:47:45.023143 140046048614144 logging_writer.py:48] [26500] global_step=26500, grad_norm=0.0366365, loss=0.0313741
I0405 18:47:45.026265 140080683672768 submission.py:218] 26500) loss = 0.031, grad_norm = 0.037
I0405 18:49:28.638057 140046040221440 logging_writer.py:48] [27000] global_step=27000, grad_norm=0.0527571, loss=0.0299277
I0405 18:49:28.641108 140080683672768 submission.py:218] 27000) loss = 0.030, grad_norm = 0.053
I0405 18:51:00.546133 140080683672768 spec.py:333] Evaluating on the training split.
I0405 18:51:26.943707 140080683672768 spec.py:346] Evaluating on the validation split.
I0405 18:51:29.158519 140080683672768 spec.py:363] Evaluating on the test split.
I0405 18:51:31.291252 140080683672768 submission_runner.py:516] Time since start: 6352.67s, 	Step: 27445, 	{'train/accuracy': 0.9911149482770163, 'train/loss': 0.029170765463734843, 'train/mean_average_precision': 0.4271615201344543, 'validation/accuracy': 0.9869239524711063, 'validation/loss': 0.04363950226343529, 'validation/mean_average_precision': 0.2754678484436673, 'validation/num_examples': 43793, 'test/accuracy': 0.9859990279968902, 'test/loss': 0.046651727242787676, 'test/mean_average_precision': 0.2628995189200661, 'test/num_examples': 43793, 'score': 5880.560730218887, 'total_duration': 6352.674047708511, 'accumulated_submission_time': 5880.560730218887, 'accumulated_eval_time': 453.7305233478546, 'accumulated_logging_time': 0.6060976982116699}
I0405 18:51:31.332440 140046048614144 logging_writer.py:48] [27445] accumulated_eval_time=453.731, accumulated_logging_time=0.606098, accumulated_submission_time=5880.56, global_step=27445, preemption_count=0, score=5880.56, test/accuracy=0.985999, test/loss=0.0466517, test/mean_average_precision=0.2629, test/num_examples=43793, total_duration=6352.67, train/accuracy=0.991115, train/loss=0.0291708, train/mean_average_precision=0.427162, validation/accuracy=0.986924, validation/loss=0.0436395, validation/mean_average_precision=0.275468, validation/num_examples=43793
I0405 18:51:43.423034 140046040221440 logging_writer.py:48] [27500] global_step=27500, grad_norm=0.0341478, loss=0.029061
I0405 18:51:43.425913 140080683672768 submission.py:218] 27500) loss = 0.029, grad_norm = 0.034
I0405 18:53:27.710155 140046048614144 logging_writer.py:48] [28000] global_step=28000, grad_norm=0.0697691, loss=0.0399393
I0405 18:53:27.713225 140080683672768 submission.py:218] 28000) loss = 0.040, grad_norm = 0.070
I0405 18:55:11.284751 140046040221440 logging_writer.py:48] [28500] global_step=28500, grad_norm=0.0418657, loss=0.0287498
I0405 18:55:11.287945 140080683672768 submission.py:218] 28500) loss = 0.029, grad_norm = 0.042
I0405 18:56:54.642373 140046048614144 logging_writer.py:48] [29000] global_step=29000, grad_norm=0.0574568, loss=0.0301897
I0405 18:56:54.645334 140080683672768 submission.py:218] 29000) loss = 0.030, grad_norm = 0.057
I0405 18:58:37.338505 140046040221440 logging_writer.py:48] [29500] global_step=29500, grad_norm=0.0541674, loss=0.0307628
I0405 18:58:37.341715 140080683672768 submission.py:218] 29500) loss = 0.031, grad_norm = 0.054
I0405 18:59:03.875842 140080683672768 spec.py:333] Evaluating on the training split.
I0405 18:59:27.919168 140080683672768 spec.py:346] Evaluating on the validation split.
I0405 18:59:29.878311 140080683672768 spec.py:363] Evaluating on the test split.
I0405 18:59:31.893175 140080683672768 submission_runner.py:516] Time since start: 6833.28s, 	Step: 29627, 	{'train/accuracy': 0.9913850680947743, 'train/loss': 0.02848220950776179, 'train/mean_average_precision': 0.4460450681901414, 'validation/accuracy': 0.9870071670038547, 'validation/loss': 0.04370943545231361, 'validation/mean_average_precision': 0.27885430401251404, 'validation/num_examples': 43793, 'test/accuracy': 0.9861445336617143, 'test/loss': 0.046645525221754004, 'test/mean_average_precision': 0.26462623087601506, 'test/num_examples': 43793, 'score': 6331.726620912552, 'total_duration': 6833.27602148056, 'accumulated_submission_time': 6331.726620912552, 'accumulated_eval_time': 481.74786615371704, 'accumulated_logging_time': 0.6564722061157227}
I0405 18:59:31.928229 140046048614144 logging_writer.py:48] [29627] accumulated_eval_time=481.748, accumulated_logging_time=0.656472, accumulated_submission_time=6331.73, global_step=29627, preemption_count=0, score=6331.73, test/accuracy=0.986145, test/loss=0.0466455, test/mean_average_precision=0.264626, test/num_examples=43793, total_duration=6833.28, train/accuracy=0.991385, train/loss=0.0284822, train/mean_average_precision=0.446045, validation/accuracy=0.987007, validation/loss=0.0437094, validation/mean_average_precision=0.278854, validation/num_examples=43793
I0405 19:00:49.840381 140046040221440 logging_writer.py:48] [30000] global_step=30000, grad_norm=0.0476963, loss=0.0284088
I0405 19:00:49.843345 140080683672768 submission.py:218] 30000) loss = 0.028, grad_norm = 0.048
I0405 19:02:32.833093 140046048614144 logging_writer.py:48] [30500] global_step=30500, grad_norm=0.0486191, loss=0.033015
I0405 19:02:32.836319 140080683672768 submission.py:218] 30500) loss = 0.033, grad_norm = 0.049
I0405 19:04:15.794336 140046040221440 logging_writer.py:48] [31000] global_step=31000, grad_norm=0.039974, loss=0.030712
I0405 19:04:15.797360 140080683672768 submission.py:218] 31000) loss = 0.031, grad_norm = 0.040
I0405 19:05:58.306738 140046048614144 logging_writer.py:48] [31500] global_step=31500, grad_norm=0.0400826, loss=0.0261862
I0405 19:05:58.309876 140080683672768 submission.py:218] 31500) loss = 0.026, grad_norm = 0.040
I0405 19:07:04.365583 140080683672768 spec.py:333] Evaluating on the training split.
I0405 19:07:28.521358 140080683672768 spec.py:346] Evaluating on the validation split.
I0405 19:07:30.505425 140080683672768 spec.py:363] Evaluating on the test split.
I0405 19:07:32.543232 140080683672768 submission_runner.py:516] Time since start: 7313.93s, 	Step: 31817, 	{'train/accuracy': 0.9914072320155412, 'train/loss': 0.02806410091556388, 'train/mean_average_precision': 0.4631096976823712, 'validation/accuracy': 0.987043700213354, 'validation/loss': 0.043669708758268685, 'validation/mean_average_precision': 0.28120072044045796, 'validation/num_examples': 43793, 'test/accuracy': 0.9861687495104187, 'test/loss': 0.04661213959447087, 'test/mean_average_precision': 0.26898971037252767, 'test/num_examples': 43793, 'score': 6782.790376663208, 'total_duration': 7313.926057338715, 'accumulated_submission_time': 6782.790376663208, 'accumulated_eval_time': 509.92544651031494, 'accumulated_logging_time': 0.7002289295196533}
I0405 19:07:32.588220 140046040221440 logging_writer.py:48] [31817] accumulated_eval_time=509.925, accumulated_logging_time=0.700229, accumulated_submission_time=6782.79, global_step=31817, preemption_count=0, score=6782.79, test/accuracy=0.986169, test/loss=0.0466121, test/mean_average_precision=0.26899, test/num_examples=43793, total_duration=7313.93, train/accuracy=0.991407, train/loss=0.0280641, train/mean_average_precision=0.46311, validation/accuracy=0.987044, validation/loss=0.0436697, validation/mean_average_precision=0.281201, validation/num_examples=43793
I0405 19:07:33.035681 140046048614144 logging_writer.py:48] [31817] global_step=31817, preemption_count=0, score=6782.79
I0405 19:07:33.132064 140080683672768 submission_runner.py:857] Final ogbg score: 6782.790376663208
