torchrun --redirects 1:0,2:0,3:0 --standalone --nnodes=1 --nproc_per_node=4 submission_runner.py --framework=pytorch --workload=fastmri --submission_path=submissions_algorithms/submissions/self_tuning/muon_torch_replicated_jax_hps/submission.py --data_dir=/data/fastmri --experiment_dir=/experiment_runs --experiment_name=submissions_a100/muon_torch_replicated_jax_hps/study_0 --overwrite=True --save_checkpoints=False --rng_seed=940652649 --torch_compile=true --tuning_ruleset=self 2>&1 | tee -a /logs/fastmri_pytorch_06-14-2026-18-07-05.log
W0614 18:07:25.498000 9 site-packages/torch/distributed/run.py:803] 
W0614 18:07:25.498000 9 site-packages/torch/distributed/run.py:803] *****************************************
W0614 18:07:25.498000 9 site-packages/torch/distributed/run.py:803] Setting OMP_NUM_THREADS environment variable for each process to be 1 in default, to avoid your system being overloaded, please further tune the variable for optimal performance in your application as needed. 
W0614 18:07:25.498000 9 site-packages/torch/distributed/run.py:803] *****************************************
2026-06-14 18:07:35.529540: E external/local_xla/xla/stream_executor/cuda/cuda_fft.cc:467] Unable to register cuFFT factory: Attempting to register factory for plugin cuFFT when one has already been registered
2026-06-14 18:07:35.529518: E external/local_xla/xla/stream_executor/cuda/cuda_fft.cc:467] Unable to register cuFFT factory: Attempting to register factory for plugin cuFFT when one has already been registered
2026-06-14 18:07:35.529550: E external/local_xla/xla/stream_executor/cuda/cuda_fft.cc:467] Unable to register cuFFT factory: Attempting to register factory for plugin cuFFT when one has already been registered
2026-06-14 18:07:35.529517: E external/local_xla/xla/stream_executor/cuda/cuda_fft.cc:467] Unable to register cuFFT factory: Attempting to register factory for plugin cuFFT when one has already been registered
WARNING: All log messages before absl::InitializeLog() is called are written to STDERR
WARNING: All log messages before absl::InitializeLog() is called are written to STDERR
WARNING: All log messages before absl::InitializeLog() is called are written to STDERR
WARNING: All log messages before absl::InitializeLog() is called are written to STDERR
E0000 00:00:1781460455.844340      39 cuda_dnn.cc:8579] Unable to register cuDNN factory: Attempting to register factory for plugin cuDNN when one has already been registered
E0000 00:00:1781460455.844354      41 cuda_dnn.cc:8579] Unable to register cuDNN factory: Attempting to register factory for plugin cuDNN when one has already been registered
E0000 00:00:1781460455.844322      40 cuda_dnn.cc:8579] Unable to register cuDNN factory: Attempting to register factory for plugin cuDNN when one has already been registered
E0000 00:00:1781460455.844316      38 cuda_dnn.cc:8579] Unable to register cuDNN factory: Attempting to register factory for plugin cuDNN when one has already been registered
E0000 00:00:1781460455.910586      41 cuda_blas.cc:1407] Unable to register cuBLAS factory: Attempting to register factory for plugin cuBLAS when one has already been registered
E0000 00:00:1781460455.910587      39 cuda_blas.cc:1407] Unable to register cuBLAS factory: Attempting to register factory for plugin cuBLAS when one has already been registered
E0000 00:00:1781460455.910586      40 cuda_blas.cc:1407] Unable to register cuBLAS factory: Attempting to register factory for plugin cuBLAS when one has already been registered
E0000 00:00:1781460455.910598      38 cuda_blas.cc:1407] Unable to register cuBLAS factory: Attempting to register factory for plugin cuBLAS when one has already been registered
W0000 00:00:1781460456.661901      41 computation_placer.cc:177] computation placer already registered. Please check linkage and avoid linking the same target more than once.
W0000 00:00:1781460456.661900      40 computation_placer.cc:177] computation placer already registered. Please check linkage and avoid linking the same target more than once.
W0000 00:00:1781460456.661901      39 computation_placer.cc:177] computation placer already registered. Please check linkage and avoid linking the same target more than once.
W0000 00:00:1781460456.661901      38 computation_placer.cc:177] computation placer already registered. Please check linkage and avoid linking the same target more than once.
W0000 00:00:1781460456.661944      38 computation_placer.cc:177] computation placer already registered. Please check linkage and avoid linking the same target more than once.
W0000 00:00:1781460456.661945      40 computation_placer.cc:177] computation placer already registered. Please check linkage and avoid linking the same target more than once.
W0000 00:00:1781460456.661945      39 computation_placer.cc:177] computation placer already registered. Please check linkage and avoid linking the same target more than once.
W0000 00:00:1781460456.661947      38 computation_placer.cc:177] computation placer already registered. Please check linkage and avoid linking the same target more than once.
W0000 00:00:1781460456.661948      40 computation_placer.cc:177] computation placer already registered. Please check linkage and avoid linking the same target more than once.
W0000 00:00:1781460456.661948      39 computation_placer.cc:177] computation placer already registered. Please check linkage and avoid linking the same target more than once.
W0000 00:00:1781460456.661947      41 computation_placer.cc:177] computation placer already registered. Please check linkage and avoid linking the same target more than once.
W0000 00:00:1781460456.661949      38 computation_placer.cc:177] computation placer already registered. Please check linkage and avoid linking the same target more than once.
W0000 00:00:1781460456.661950      40 computation_placer.cc:177] computation placer already registered. Please check linkage and avoid linking the same target more than once.
W0000 00:00:1781460456.661950      39 computation_placer.cc:177] computation placer already registered. Please check linkage and avoid linking the same target more than once.
W0000 00:00:1781460456.661951      41 computation_placer.cc:177] computation placer already registered. Please check linkage and avoid linking the same target more than once.
W0000 00:00:1781460456.661953      41 computation_placer.cc:177] computation placer already registered. Please check linkage and avoid linking the same target more than once.
W0000 00:00:1781460483.272183      41 gpu_device.cc:2341] Cannot dlopen some GPU libraries. Please make sure the missing libraries mentioned above are installed properly if you would like to use GPU. Follow the guide at https://www.tensorflow.org/install/gpu for how to download and setup the required libraries for your platform.
Skipping registering GPU devices...
W0000 00:00:1781460483.272165      40 gpu_device.cc:2341] Cannot dlopen some GPU libraries. Please make sure the missing libraries mentioned above are installed properly if you would like to use GPU. Follow the guide at https://www.tensorflow.org/install/gpu for how to download and setup the required libraries for your platform.
Skipping registering GPU devices...
W0000 00:00:1781460483.272191      38 gpu_device.cc:2341] Cannot dlopen some GPU libraries. Please make sure the missing libraries mentioned above are installed properly if you would like to use GPU. Follow the guide at https://www.tensorflow.org/install/gpu for how to download and setup the required libraries for your platform.
Skipping registering GPU devices...
W0000 00:00:1781460483.319374      39 gpu_device.cc:2341] Cannot dlopen some GPU libraries. Please make sure the missing libraries mentioned above are installed properly if you would like to use GPU. Follow the guide at https://www.tensorflow.org/install/gpu for how to download and setup the required libraries for your platform.
Skipping registering GPU devices...
/usr/local/lib/python3.11/site-packages/torch/__init__.py:1617: UserWarning: Please use the new API settings to control TF32 behavior, such as torch.backends.cudnn.conv.fp32_precision = 'tf32' or torch.backends.cuda.matmul.fp32_precision = 'ieee'. Old settings, e.g, torch.backends.cuda.matmul.allow_tf32 = True, torch.backends.cudnn.allow_tf32 = True, allowTF32CuDNN() and allowTF32CuBLAS() will be deprecated after Pytorch 2.9. Please see https://pytorch.org/docs/main/notes/cuda.html#tensorfloat-32-tf32-on-ampere-and-later-devices (Triggered internally at /pytorch/aten/src/ATen/Context.cpp:80.)
  _C._set_float32_matmul_precision(precision)
/usr/local/lib/python3.11/site-packages/torch/__init__.py:1617: UserWarning: Please use the new API settings to control TF32 behavior, such as torch.backends.cudnn.conv.fp32_precision = 'tf32' or torch.backends.cuda.matmul.fp32_precision = 'ieee'. Old settings, e.g, torch.backends.cuda.matmul.allow_tf32 = True, torch.backends.cudnn.allow_tf32 = True, allowTF32CuDNN() and allowTF32CuBLAS() will be deprecated after Pytorch 2.9. Please see https://pytorch.org/docs/main/notes/cuda.html#tensorfloat-32-tf32-on-ampere-and-later-devices (Triggered internally at /pytorch/aten/src/ATen/Context.cpp:80.)
  _C._set_float32_matmul_precision(precision)
/usr/local/lib/python3.11/site-packages/torch/__init__.py:1617: UserWarning: Please use the new API settings to control TF32 behavior, such as torch.backends.cudnn.conv.fp32_precision = 'tf32' or torch.backends.cuda.matmul.fp32_precision = 'ieee'. Old settings, e.g, torch.backends.cuda.matmul.allow_tf32 = True, torch.backends.cudnn.allow_tf32 = True, allowTF32CuDNN() and allowTF32CuBLAS() will be deprecated after Pytorch 2.9. Please see https://pytorch.org/docs/main/notes/cuda.html#tensorfloat-32-tf32-on-ampere-and-later-devices (Triggered internally at /pytorch/aten/src/ATen/Context.cpp:80.)
  _C._set_float32_matmul_precision(precision)
/usr/local/lib/python3.11/site-packages/torch/__init__.py:1617: UserWarning: Please use the new API settings to control TF32 behavior, such as torch.backends.cudnn.conv.fp32_precision = 'tf32' or torch.backends.cuda.matmul.fp32_precision = 'ieee'. Old settings, e.g, torch.backends.cuda.matmul.allow_tf32 = True, torch.backends.cudnn.allow_tf32 = True, allowTF32CuDNN() and allowTF32CuBLAS() will be deprecated after Pytorch 2.9. Please see https://pytorch.org/docs/main/notes/cuda.html#tensorfloat-32-tf32-on-ampere-and-later-devices (Triggered internally at /pytorch/aten/src/ATen/Context.cpp:80.)
  _C._set_float32_matmul_precision(precision)
/usr/local/lib/python3.11/site-packages/pydantic/_internal/_generate_schema.py:2249: UnsupportedFieldAttributeWarning: The 'repr' attribute with value False was provided to the `Field()` function, which has no effect in the context it was used. 'repr' is field-specific metadata, and can only be attached to a model field using `Annotated` metadata or by assignment. This may have happened because an `Annotated` type alias using the `type` statement was used, or if the `Field()` function was attached to a single member of a union type.
  warnings.warn(
/usr/local/lib/python3.11/site-packages/pydantic/_internal/_generate_schema.py:2249: UnsupportedFieldAttributeWarning: The 'repr' attribute with value False was provided to the `Field()` function, which has no effect in the context it was used. 'repr' is field-specific metadata, and can only be attached to a model field using `Annotated` metadata or by assignment. This may have happened because an `Annotated` type alias using the `type` statement was used, or if the `Field()` function was attached to a single member of a union type.
  warnings.warn(
/usr/local/lib/python3.11/site-packages/pydantic/_internal/_generate_schema.py:2249: UnsupportedFieldAttributeWarning: The 'repr' attribute with value False was provided to the `Field()` function, which has no effect in the context it was used. 'repr' is field-specific metadata, and can only be attached to a model field using `Annotated` metadata or by assignment. This may have happened because an `Annotated` type alias using the `type` statement was used, or if the `Field()` function was attached to a single member of a union type.
  warnings.warn(
/usr/local/lib/python3.11/site-packages/pydantic/_internal/_generate_schema.py:2249: UnsupportedFieldAttributeWarning: The 'frozen' attribute with value True was provided to the `Field()` function, which has no effect in the context it was used. 'frozen' is field-specific metadata, and can only be attached to a model field using `Annotated` metadata or by assignment. This may have happened because an `Annotated` type alias using the `type` statement was used, or if the `Field()` function was attached to a single member of a union type.
  warnings.warn(
/usr/local/lib/python3.11/site-packages/pydantic/_internal/_generate_schema.py:2249: UnsupportedFieldAttributeWarning: The 'frozen' attribute with value True was provided to the `Field()` function, which has no effect in the context it was used. 'frozen' is field-specific metadata, and can only be attached to a model field using `Annotated` metadata or by assignment. This may have happened because an `Annotated` type alias using the `type` statement was used, or if the `Field()` function was attached to a single member of a union type.
  warnings.warn(
/usr/local/lib/python3.11/site-packages/pydantic/_internal/_generate_schema.py:2249: UnsupportedFieldAttributeWarning: The 'frozen' attribute with value True was provided to the `Field()` function, which has no effect in the context it was used. 'frozen' is field-specific metadata, and can only be attached to a model field using `Annotated` metadata or by assignment. This may have happened because an `Annotated` type alias using the `type` statement was used, or if the `Field()` function was attached to a single member of a union type.
  warnings.warn(
/usr/local/lib/python3.11/site-packages/pydantic/_internal/_generate_schema.py:2249: UnsupportedFieldAttributeWarning: The 'repr' attribute with value False was provided to the `Field()` function, which has no effect in the context it was used. 'repr' is field-specific metadata, and can only be attached to a model field using `Annotated` metadata or by assignment. This may have happened because an `Annotated` type alias using the `type` statement was used, or if the `Field()` function was attached to a single member of a union type.
  warnings.warn(
/usr/local/lib/python3.11/site-packages/pydantic/_internal/_generate_schema.py:2249: UnsupportedFieldAttributeWarning: The 'frozen' attribute with value True was provided to the `Field()` function, which has no effect in the context it was used. 'frozen' is field-specific metadata, and can only be attached to a model field using `Annotated` metadata or by assignment. This may have happened because an `Annotated` type alias using the `type` statement was used, or if the `Field()` function was attached to a single member of a union type.
  warnings.warn(
/usr/local/lib/python3.11/site-packages/torch/distributed/distributed_c10d.py:4876: UserWarning: barrier(): using the device under current context. You can specify `device_id` in `init_process_group` to mute this warning.
  warnings.warn(  # warn only once
[rank0]:[W614 18:08:19.825338316 ProcessGroupNCCL.cpp:5068] Guessing device ID based on global rank. This can cause a hang if rank to GPU mapping is heterogeneous. You can specify device_id in init_process_group()
I0614 18:08:21.210193 140059280467136 logger_utils.py:84] Creating experiment directory at /experiment_runs/submissions_a100/muon_torch_replicated_jax_hps/study_0/fastmri_pytorch.
I0614 18:08:21.210192 139895110108352 logger_utils.py:84] Creating experiment directory at /experiment_runs/submissions_a100/muon_torch_replicated_jax_hps/study_0/fastmri_pytorch.
I0614 18:08:21.210192 139852556608704 logger_utils.py:84] Creating experiment directory at /experiment_runs/submissions_a100/muon_torch_replicated_jax_hps/study_0/fastmri_pytorch.
I0614 18:08:21.210218 140142103295168 logger_utils.py:84] Creating experiment directory at /experiment_runs/submissions_a100/muon_torch_replicated_jax_hps/study_0/fastmri_pytorch.
I0614 18:08:25.100895 139895110108352 submission_runner.py:741] Creating directory at /experiment_runs/submissions_a100/muon_torch_replicated_jax_hps/study_0/fastmri_pytorch/trial_1.
I0614 18:08:25.453248 139895110108352 submission_runner.py:242] Initializing dataset.
I0614 18:08:25.453434 139895110108352 submission_runner.py:251] Initializing model.
I0614 18:08:26.153739 139895110108352 submission_runner.py:290] Performing `torch.compile`.
I0614 18:08:26.157438 140059280467136 muon.py:227] Muon params:
	_orig_mod.module.down_sample_layers.0.conv_layers.0.weight (ndim=4)
	_orig_mod.module.down_sample_layers.0.conv_layers.4.weight (ndim=4)
	_orig_mod.module.down_sample_layers.1.conv_layers.0.weight (ndim=4)
	_orig_mod.module.down_sample_layers.1.conv_layers.4.weight (ndim=4)
	_orig_mod.module.down_sample_layers.2.conv_layers.0.weight (ndim=4)
	_orig_mod.module.down_sample_layers.2.conv_layers.4.weight (ndim=4)
	_orig_mod.module.down_sample_layers.3.conv_layers.0.weight (ndim=4)
	_orig_mod.module.down_sample_layers.3.conv_layers.4.weight (ndim=4)
	_orig_mod.module.conv.conv_layers.0.weight (ndim=4)
	_orig_mod.module.conv.conv_layers.4.weight (ndim=4)
	_orig_mod.module.up_conv.0.conv_layers.0.weight (ndim=4)
	_orig_mod.module.up_conv.0.conv_layers.4.weight (ndim=4)
	_orig_mod.module.up_conv.1.conv_layers.0.weight (ndim=4)
	_orig_mod.module.up_conv.1.conv_layers.4.weight (ndim=4)
	_orig_mod.module.up_conv.2.conv_layers.0.weight (ndim=4)
	_orig_mod.module.up_conv.2.conv_layers.4.weight (ndim=4)
	_orig_mod.module.up_conv.3.0.conv_layers.0.weight (ndim=4)
	_orig_mod.module.up_conv.3.0.conv_layers.4.weight (ndim=4)
	_orig_mod.module.up_conv.3.1.weight (ndim=4)
	_orig_mod.module.up_transpose_conv.0.layers.0.weight (ndim=4)
	_orig_mod.module.up_transpose_conv.1.layers.0.weight (ndim=4)
	_orig_mod.module.up_transpose_conv.2.layers.0.weight (ndim=4)
	_orig_mod.module.up_transpose_conv.3.layers.0.weight (ndim=4)
I0614 18:08:26.157469 140142103295168 muon.py:227] Muon params:
	_orig_mod.module.down_sample_layers.0.conv_layers.0.weight (ndim=4)
	_orig_mod.module.down_sample_layers.0.conv_layers.4.weight (ndim=4)
	_orig_mod.module.down_sample_layers.1.conv_layers.0.weight (ndim=4)
	_orig_mod.module.down_sample_layers.1.conv_layers.4.weight (ndim=4)
	_orig_mod.module.down_sample_layers.2.conv_layers.0.weight (ndim=4)
	_orig_mod.module.down_sample_layers.2.conv_layers.4.weight (ndim=4)
	_orig_mod.module.down_sample_layers.3.conv_layers.0.weight (ndim=4)
	_orig_mod.module.down_sample_layers.3.conv_layers.4.weight (ndim=4)
	_orig_mod.module.conv.conv_layers.0.weight (ndim=4)
	_orig_mod.module.conv.conv_layers.4.weight (ndim=4)
	_orig_mod.module.up_conv.0.conv_layers.0.weight (ndim=4)
	_orig_mod.module.up_conv.0.conv_layers.4.weight (ndim=4)
	_orig_mod.module.up_conv.1.conv_layers.0.weight (ndim=4)
	_orig_mod.module.up_conv.1.conv_layers.4.weight (ndim=4)
	_orig_mod.module.up_conv.2.conv_layers.0.weight (ndim=4)
	_orig_mod.module.up_conv.2.conv_layers.4.weight (ndim=4)
	_orig_mod.module.up_conv.3.0.conv_layers.0.weight (ndim=4)
	_orig_mod.module.up_conv.3.0.conv_layers.4.weight (ndim=4)
	_orig_mod.module.up_conv.3.1.weight (ndim=4)
	_orig_mod.module.up_transpose_conv.0.layers.0.weight (ndim=4)
	_orig_mod.module.up_transpose_conv.1.layers.0.weight (ndim=4)
	_orig_mod.module.up_transpose_conv.2.layers.0.weight (ndim=4)
	_orig_mod.module.up_transpose_conv.3.layers.0.weight (ndim=4)
I0614 18:08:26.157492 139852556608704 muon.py:227] Muon params:
	_orig_mod.module.down_sample_layers.0.conv_layers.0.weight (ndim=4)
	_orig_mod.module.down_sample_layers.0.conv_layers.4.weight (ndim=4)
	_orig_mod.module.down_sample_layers.1.conv_layers.0.weight (ndim=4)
	_orig_mod.module.down_sample_layers.1.conv_layers.4.weight (ndim=4)
	_orig_mod.module.down_sample_layers.2.conv_layers.0.weight (ndim=4)
	_orig_mod.module.down_sample_layers.2.conv_layers.4.weight (ndim=4)
	_orig_mod.module.down_sample_layers.3.conv_layers.0.weight (ndim=4)
	_orig_mod.module.down_sample_layers.3.conv_layers.4.weight (ndim=4)
	_orig_mod.module.conv.conv_layers.0.weight (ndim=4)
	_orig_mod.module.conv.conv_layers.4.weight (ndim=4)
	_orig_mod.module.up_conv.0.conv_layers.0.weight (ndim=4)
	_orig_mod.module.up_conv.0.conv_layers.4.weight (ndim=4)
	_orig_mod.module.up_conv.1.conv_layers.0.weight (ndim=4)
	_orig_mod.module.up_conv.1.conv_layers.4.weight (ndim=4)
	_orig_mod.module.up_conv.2.conv_layers.0.weight (ndim=4)
	_orig_mod.module.up_conv.2.conv_layers.4.weight (ndim=4)
	_orig_mod.module.up_conv.3.0.conv_layers.0.weight (ndim=4)
	_orig_mod.module.up_conv.3.0.conv_layers.4.weight (ndim=4)
	_orig_mod.module.up_conv.3.1.weight (ndim=4)
	_orig_mod.module.up_transpose_conv.0.layers.0.weight (ndim=4)
	_orig_mod.module.up_transpose_conv.1.layers.0.weight (ndim=4)
	_orig_mod.module.up_transpose_conv.2.layers.0.weight (ndim=4)
	_orig_mod.module.up_transpose_conv.3.layers.0.weight (ndim=4)
I0614 18:08:26.157602 140059280467136 muon.py:228] Adam params:
	_orig_mod.module.up_conv.3.1.bias (ndim=1)
I0614 18:08:26.157624 140142103295168 muon.py:228] Adam params:
	_orig_mod.module.up_conv.3.1.bias (ndim=1)
I0614 18:08:26.157577 139895110108352 submission_runner.py:294] Initializing optimizer.
I0614 18:08:26.157653 139852556608704 muon.py:228] Adam params:
	_orig_mod.module.up_conv.3.1.bias (ndim=1)
I0614 18:08:26.157993 139895110108352 muon.py:227] Muon params:
	_orig_mod.module.down_sample_layers.0.conv_layers.0.weight (ndim=4)
	_orig_mod.module.down_sample_layers.0.conv_layers.4.weight (ndim=4)
	_orig_mod.module.down_sample_layers.1.conv_layers.0.weight (ndim=4)
	_orig_mod.module.down_sample_layers.1.conv_layers.4.weight (ndim=4)
	_orig_mod.module.down_sample_layers.2.conv_layers.0.weight (ndim=4)
	_orig_mod.module.down_sample_layers.2.conv_layers.4.weight (ndim=4)
	_orig_mod.module.down_sample_layers.3.conv_layers.0.weight (ndim=4)
	_orig_mod.module.down_sample_layers.3.conv_layers.4.weight (ndim=4)
	_orig_mod.module.conv.conv_layers.0.weight (ndim=4)
	_orig_mod.module.conv.conv_layers.4.weight (ndim=4)
	_orig_mod.module.up_conv.0.conv_layers.0.weight (ndim=4)
	_orig_mod.module.up_conv.0.conv_layers.4.weight (ndim=4)
	_orig_mod.module.up_conv.1.conv_layers.0.weight (ndim=4)
	_orig_mod.module.up_conv.1.conv_layers.4.weight (ndim=4)
	_orig_mod.module.up_conv.2.conv_layers.0.weight (ndim=4)
	_orig_mod.module.up_conv.2.conv_layers.4.weight (ndim=4)
	_orig_mod.module.up_conv.3.0.conv_layers.0.weight (ndim=4)
	_orig_mod.module.up_conv.3.0.conv_layers.4.weight (ndim=4)
	_orig_mod.module.up_conv.3.1.weight (ndim=4)
	_orig_mod.module.up_transpose_conv.0.layers.0.weight (ndim=4)
	_orig_mod.module.up_transpose_conv.1.layers.0.weight (ndim=4)
	_orig_mod.module.up_transpose_conv.2.layers.0.weight (ndim=4)
	_orig_mod.module.up_transpose_conv.3.layers.0.weight (ndim=4)
I0614 18:08:26.158080 139895110108352 muon.py:228] Adam params:
	_orig_mod.module.up_conv.3.1.bias (ndim=1)
I0614 18:08:26.158401 139895110108352 submission_runner.py:299] Initializing metrics bundle.
I0614 18:08:26.158560 139895110108352 submission_runner.py:321] Initializing checkpoint and logger.
I0614 18:08:26.158948 139895110108352 submission_runner.py:344] Saving meta data to /experiment_runs/submissions_a100/muon_torch_replicated_jax_hps/study_0/fastmri_pytorch/trial_1/meta_data_0.json.
I0614 18:08:26.159000 139852556608704 logger_utils.py:283] Unable to record workload.train_mean information. Continuing without it.
I0614 18:08:26.159016 140142103295168 logger_utils.py:283] Unable to record workload.train_mean information. Continuing without it.
I0614 18:08:26.159037 140059280467136 logger_utils.py:283] Unable to record workload.train_mean information. Continuing without it.
I0614 18:08:26.159143 140142103295168 logger_utils.py:283] Unable to record workload.train_stddev information. Continuing without it.
I0614 18:08:26.159150 139852556608704 logger_utils.py:283] Unable to record workload.train_stddev information. Continuing without it.
I0614 18:08:26.159160 139895110108352 logger_utils.py:283] Unable to record workload.train_mean information. Continuing without it.
I0614 18:08:26.159179 140059280467136 logger_utils.py:283] Unable to record workload.train_stddev information. Continuing without it.
I0614 18:08:26.159219 139895110108352 logger_utils.py:283] Unable to record workload.train_stddev information. Continuing without it.
I0614 18:08:26.629395 139895110108352 submission_runner.py:348] Saving flags to /experiment_runs/submissions_a100/muon_torch_replicated_jax_hps/study_0/fastmri_pytorch/trial_1/flags_0.json.
I0614 18:08:26.720136 139895110108352 submission_runner.py:359] Starting training loop.
[rank1]:W0614 18:08:26.897000 39 site-packages/torch/_logging/_internal.py:1199] [0/0] Profiler function <class 'torch.autograd.profiler.record_function'> will be ignored
[rank3]:W0614 18:08:26.897000 41 site-packages/torch/_logging/_internal.py:1199] [0/0] Profiler function <class 'torch.autograd.profiler.record_function'> will be ignored
[rank2]:W0614 18:08:26.898000 40 site-packages/torch/_logging/_internal.py:1199] [0/0] Profiler function <class 'torch.autograd.profiler.record_function'> will be ignored
WARNING:tensorflow:AutoGraph could not transform <function array at 0x7f3bcbf50220> and will run it as-is.
Please report this to the TensorFlow team. When filing the bug, set the verbosity to 10 (on Linux, `export AUTOGRAPH_VERBOSITY=10`) and attach the full output.
Cause: (<gast.gast.NamedExpr object at 0x7f39e022a7d0>, (leaf_jax_array := getattr(leaf, '__jax_array__', None)))
To silence this warning, decorate the function with @tf.autograph.experimental.do_not_convert
W0614 18:08:28.580410 139895110108352 ag_logging.py:142] AutoGraph could not transform <function array at 0x7f3bcbf50220> and will run it as-is.
Please report this to the TensorFlow team. When filing the bug, set the verbosity to 10 (on Linux, `export AUTOGRAPH_VERBOSITY=10`) and attach the full output.
Cause: (<gast.gast.NamedExpr object at 0x7f39e022a7d0>, (leaf_jax_array := getattr(leaf, '__jax_array__', None)))
To silence this warning, decorate the function with @tf.autograph.experimental.do_not_convert
WARNING:tensorflow:AutoGraph could not transform <function standard_insert_pvary at 0x7f3bccbd8f40> and will run it as-is.
Please report this to the TensorFlow team. When filing the bug, set the verbosity to 10 (on Linux, `export AUTOGRAPH_VERBOSITY=10`) and attach the full output.
Cause: (<gast.gast.NamedExpr object at 0x7f39e0228670>, (aval := get_aval(a)))
To silence this warning, decorate the function with @tf.autograph.experimental.do_not_convert
W0614 18:08:30.361693 139895110108352 ag_logging.py:142] AutoGraph could not transform <function standard_insert_pvary at 0x7f3bccbd8f40> and will run it as-is.
Please report this to the TensorFlow team. When filing the bug, set the verbosity to 10 (on Linux, `export AUTOGRAPH_VERBOSITY=10`) and attach the full output.
Cause: (<gast.gast.NamedExpr object at 0x7f39e0228670>, (aval := get_aval(a)))
To silence this warning, decorate the function with @tf.autograph.experimental.do_not_convert
[rank0]:W0614 18:10:44.452000 38 site-packages/torch/_logging/_internal.py:1199] [0/0] Profiler function <class 'torch.autograd.profiler.record_function'> will be ignored
I0614 18:12:10.195543 139895110108352 spec.py:333] Evaluating on the training split.
[rank0]:W0614 18:14:10.911000 38 site-packages/torch/_dynamo/convert_frame.py:1358] [5/8] torch._dynamo hit config.recompile_limit (8)
[rank0]:W0614 18:14:10.911000 38 site-packages/torch/_dynamo/convert_frame.py:1358] [5/8]    function: 'forward' (/algorithmic-efficiency/algoperf/workloads/fastmri/fastmri_pytorch/models.py:139)
[rank0]:W0614 18:14:10.911000 38 site-packages/torch/_dynamo/convert_frame.py:1358] [5/8]    last reason: 5/7: GLOBAL_STATE changed: grad_mode 
[rank0]:W0614 18:14:10.911000 38 site-packages/torch/_dynamo/convert_frame.py:1358] [5/8] To log all recompilation reasons, use TORCH_LOGS="recompiles".
[rank0]:W0614 18:14:10.911000 38 site-packages/torch/_dynamo/convert_frame.py:1358] [5/8] To diagnose recompilation issues, see https://pytorch.org/docs/main/torch.compiler_troubleshooting.html
[rank1]:W0614 18:14:10.913000 39 site-packages/torch/_dynamo/convert_frame.py:1358] [5/8] torch._dynamo hit config.recompile_limit (8)
[rank1]:W0614 18:14:10.913000 39 site-packages/torch/_dynamo/convert_frame.py:1358] [5/8]    function: 'forward' (/algorithmic-efficiency/algoperf/workloads/fastmri/fastmri_pytorch/models.py:139)
[rank1]:W0614 18:14:10.913000 39 site-packages/torch/_dynamo/convert_frame.py:1358] [5/8]    last reason: 5/7: GLOBAL_STATE changed: grad_mode 
[rank1]:W0614 18:14:10.913000 39 site-packages/torch/_dynamo/convert_frame.py:1358] [5/8] To log all recompilation reasons, use TORCH_LOGS="recompiles".
[rank1]:W0614 18:14:10.913000 39 site-packages/torch/_dynamo/convert_frame.py:1358] [5/8] To diagnose recompilation issues, see https://pytorch.org/docs/main/torch.compiler_troubleshooting.html
[rank3]:W0614 18:14:10.914000 41 site-packages/torch/_dynamo/convert_frame.py:1358] [5/8] torch._dynamo hit config.recompile_limit (8)
[rank3]:W0614 18:14:10.914000 41 site-packages/torch/_dynamo/convert_frame.py:1358] [5/8]    function: 'forward' (/algorithmic-efficiency/algoperf/workloads/fastmri/fastmri_pytorch/models.py:139)
[rank3]:W0614 18:14:10.914000 41 site-packages/torch/_dynamo/convert_frame.py:1358] [5/8]    last reason: 5/7: GLOBAL_STATE changed: grad_mode 
[rank3]:W0614 18:14:10.914000 41 site-packages/torch/_dynamo/convert_frame.py:1358] [5/8] To log all recompilation reasons, use TORCH_LOGS="recompiles".
[rank3]:W0614 18:14:10.914000 41 site-packages/torch/_dynamo/convert_frame.py:1358] [5/8] To diagnose recompilation issues, see https://pytorch.org/docs/main/torch.compiler_troubleshooting.html
[rank2]:W0614 18:14:10.917000 40 site-packages/torch/_dynamo/convert_frame.py:1358] [5/8] torch._dynamo hit config.recompile_limit (8)
[rank2]:W0614 18:14:10.917000 40 site-packages/torch/_dynamo/convert_frame.py:1358] [5/8]    function: 'forward' (/algorithmic-efficiency/algoperf/workloads/fastmri/fastmri_pytorch/models.py:139)
[rank2]:W0614 18:14:10.917000 40 site-packages/torch/_dynamo/convert_frame.py:1358] [5/8]    last reason: 5/7: GLOBAL_STATE changed: grad_mode 
[rank2]:W0614 18:14:10.917000 40 site-packages/torch/_dynamo/convert_frame.py:1358] [5/8] To log all recompilation reasons, use TORCH_LOGS="recompiles".
[rank2]:W0614 18:14:10.917000 40 site-packages/torch/_dynamo/convert_frame.py:1358] [5/8] To diagnose recompilation issues, see https://pytorch.org/docs/main/torch.compiler_troubleshooting.html
I0614 18:15:58.277470 139895110108352 spec.py:346] Evaluating on the validation split.
I0614 18:18:15.262168 139895110108352 spec.py:363] Evaluating on the test split.
I0614 18:20:30.190121 139895110108352 submission_runner.py:516] Time since start: 723.47s, 	Step: 1, 	{'train/ssim': 0.20778964247022355, 'train/loss': 1.0528718403407507, 'validation/ssim': 0.20300712005838492, 'validation/loss': 1.0573411725784327, 'validation/num_examples': 3554, 'test/ssim': 0.22520643211349833, 'test/loss': 1.0522726826480033, 'test/num_examples': 3581, 'score': 222.89352893829346, 'total_duration': 723.4701435565948, 'accumulated_submission_time': 222.89352893829346, 'accumulated_eval_time': 499.9948103427887, 'accumulated_logging_time': 0}
I0614 18:20:30.350059 139819933366016 logging_writer.py:48] [1] accumulated_eval_time=499.995, accumulated_logging_time=0, accumulated_submission_time=222.894, global_step=1, preemption_count=0, score=222.894, test/loss=1.05227, test/num_examples=3581, test/ssim=0.225206, total_duration=723.47, train/loss=1.05287, train/ssim=0.20779, validation/loss=1.05734, validation/num_examples=3554, validation/ssim=0.203007
I0614 18:22:21.250656 139895110108352 spec.py:333] Evaluating on the training split.
I0614 18:22:23.232963 139895110108352 spec.py:346] Evaluating on the validation split.
I0614 18:22:25.233315 139895110108352 spec.py:363] Evaluating on the test split.
I0614 18:22:27.228514 139895110108352 submission_runner.py:516] Time since start: 840.51s, 	Step: 293, 	{'train/ssim': 0.7332698958260673, 'train/loss': 0.27733423028673443, 'validation/ssim': 0.709079104859841, 'validation/loss': 0.2981260661402645, 'validation/num_examples': 3554, 'test/ssim': 0.7263724916442683, 'test/loss': 0.2998573539710451, 'test/num_examples': 3581, 'score': 332.27878499031067, 'total_duration': 840.5086402893066, 'accumulated_submission_time': 332.27878499031067, 'accumulated_eval_time': 505.97273683547974, 'accumulated_logging_time': 0.3352320194244385}
I0614 18:22:27.256880 139819924973312 logging_writer.py:48] [293] accumulated_eval_time=505.973, accumulated_logging_time=0.335232, accumulated_submission_time=332.279, global_step=293, preemption_count=0, score=332.279, test/loss=0.299857, test/num_examples=3581, test/ssim=0.726372, total_duration=840.509, train/loss=0.277334, train/ssim=0.73327, validation/loss=0.298126, validation/num_examples=3554, validation/ssim=0.709079
I0614 18:24:18.446451 139895110108352 spec.py:333] Evaluating on the training split.
I0614 18:24:20.429507 139895110108352 spec.py:346] Evaluating on the validation split.
I0614 18:24:22.411261 139895110108352 spec.py:363] Evaluating on the test split.
I0614 18:24:24.402284 139895110108352 submission_runner.py:516] Time since start: 957.68s, 	Step: 401, 	{'train/ssim': 0.7376198087419782, 'train/loss': 0.2759340490613665, 'validation/ssim': 0.7129446189592712, 'validation/loss': 0.2973435658984595, 'validation/num_examples': 3554, 'test/ssim': 0.7294729616814437, 'test/loss': 0.29927982947108, 'test/num_examples': 3581, 'score': 442.3218741416931, 'total_duration': 957.6824054718018, 'accumulated_submission_time': 442.3218741416931, 'accumulated_eval_time': 511.92863941192627, 'accumulated_logging_time': 0.37287425994873047}
I0614 18:24:24.428958 139819933366016 logging_writer.py:48] [401] accumulated_eval_time=511.929, accumulated_logging_time=0.372874, accumulated_submission_time=442.322, global_step=401, preemption_count=0, score=442.322, test/loss=0.29928, test/num_examples=3581, test/ssim=0.729473, total_duration=957.682, train/loss=0.275934, train/ssim=0.73762, validation/loss=0.297344, validation/num_examples=3554, validation/ssim=0.712945
I0614 18:26:15.959441 139895110108352 spec.py:333] Evaluating on the training split.
I0614 18:26:17.926163 139895110108352 spec.py:346] Evaluating on the validation split.
I0614 18:26:19.919488 139895110108352 spec.py:363] Evaluating on the test split.
I0614 18:26:21.913731 139895110108352 submission_runner.py:516] Time since start: 1075.19s, 	Step: 507, 	{'train/ssim': 0.7408195904323033, 'train/loss': 0.27161528382982525, 'validation/ssim': 0.7157008525824775, 'validation/loss': 0.2928826756603475, 'validation/num_examples': 3554, 'test/ssim': 0.7329704244188076, 'test/loss': 0.29439081289487923, 'test/num_examples': 3581, 'score': 552.7115223407745, 'total_duration': 1075.1938619613647, 'accumulated_submission_time': 552.7115223407745, 'accumulated_eval_time': 517.883029460907, 'accumulated_logging_time': 0.40868639945983887}
I0614 18:26:21.943682 139819924973312 logging_writer.py:48] [507] accumulated_eval_time=517.883, accumulated_logging_time=0.408686, accumulated_submission_time=552.712, global_step=507, preemption_count=0, score=552.712, test/loss=0.294391, test/num_examples=3581, test/ssim=0.73297, total_duration=1075.19, train/loss=0.271615, train/ssim=0.74082, validation/loss=0.292883, validation/num_examples=3554, validation/ssim=0.715701
I0614 18:28:12.754956 139895110108352 spec.py:333] Evaluating on the training split.
I0614 18:28:14.736952 139895110108352 spec.py:346] Evaluating on the validation split.
I0614 18:28:16.740138 139895110108352 spec.py:363] Evaluating on the test split.
I0614 18:28:18.734588 139895110108352 submission_runner.py:516] Time since start: 1192.01s, 	Step: 617, 	{'train/ssim': 0.7409752437046596, 'train/loss': 0.27036653246198383, 'validation/ssim': 0.7159675937324141, 'validation/loss': 0.2916840235034468, 'validation/num_examples': 3554, 'test/ssim': 0.733313693909697, 'test/loss': 0.2932991681901878, 'test/num_examples': 3581, 'score': 662.3726375102997, 'total_duration': 1192.0146963596344, 'accumulated_submission_time': 662.3726375102997, 'accumulated_eval_time': 523.8630380630493, 'accumulated_logging_time': 0.4479184150695801}
I0614 18:28:18.761154 139819933366016 logging_writer.py:48] [617] accumulated_eval_time=523.863, accumulated_logging_time=0.447918, accumulated_submission_time=662.373, global_step=617, preemption_count=0, score=662.373, test/loss=0.293299, test/num_examples=3581, test/ssim=0.733314, total_duration=1192.01, train/loss=0.270367, train/ssim=0.740975, validation/loss=0.291684, validation/num_examples=3554, validation/ssim=0.715968
I0614 18:30:10.375725 139895110108352 spec.py:333] Evaluating on the training split.
I0614 18:30:12.398050 139895110108352 spec.py:346] Evaluating on the validation split.
I0614 18:30:14.393615 139895110108352 spec.py:363] Evaluating on the test split.
I0614 18:30:16.382042 139895110108352 submission_runner.py:516] Time since start: 1309.66s, 	Step: 726, 	{'train/ssim': 0.7429812295096261, 'train/loss': 0.26939828055245535, 'validation/ssim': 0.7180633287317107, 'validation/loss': 0.29064275068584694, 'validation/num_examples': 3554, 'test/ssim': 0.7353694247853253, 'test/loss': 0.2921339949560179, 'test/num_examples': 3581, 'score': 772.8045945167542, 'total_duration': 1309.6621029376984, 'accumulated_submission_time': 772.8045945167542, 'accumulated_eval_time': 529.8695147037506, 'accumulated_logging_time': 0.4836869239807129}
I0614 18:30:16.407574 139819924973312 logging_writer.py:48] [726] accumulated_eval_time=529.87, accumulated_logging_time=0.483687, accumulated_submission_time=772.805, global_step=726, preemption_count=0, score=772.805, test/loss=0.292134, test/num_examples=3581, test/ssim=0.735369, total_duration=1309.66, train/loss=0.269398, train/ssim=0.742981, validation/loss=0.290643, validation/num_examples=3554, validation/ssim=0.718063
I0614 18:32:07.815458 139895110108352 spec.py:333] Evaluating on the training split.
I0614 18:32:09.834252 139895110108352 spec.py:346] Evaluating on the validation split.
I0614 18:32:11.835321 139895110108352 spec.py:363] Evaluating on the test split.
I0614 18:32:13.831641 139895110108352 submission_runner.py:516] Time since start: 1427.11s, 	Step: 838, 	{'train/ssim': 0.7464238575526646, 'train/loss': 0.26849673475537983, 'validation/ssim': 0.7211593945642234, 'validation/loss': 0.29004531370902503, 'validation/num_examples': 3554, 'test/ssim': 0.738113262705948, 'test/loss': 0.2916277491557002, 'test/num_examples': 3581, 'score': 883.0394456386566, 'total_duration': 1427.111789226532, 'accumulated_submission_time': 883.0394456386566, 'accumulated_eval_time': 535.8858349323273, 'accumulated_logging_time': 0.5183367729187012}
I0614 18:32:13.856611 139819933366016 logging_writer.py:48] [838] accumulated_eval_time=535.886, accumulated_logging_time=0.518337, accumulated_submission_time=883.039, global_step=838, preemption_count=0, score=883.039, test/loss=0.291628, test/num_examples=3581, test/ssim=0.738113, total_duration=1427.11, train/loss=0.268497, train/ssim=0.746424, validation/loss=0.290045, validation/num_examples=3554, validation/ssim=0.721159
I0614 18:34:04.888388 139895110108352 spec.py:333] Evaluating on the training split.
I0614 18:34:06.871640 139895110108352 spec.py:346] Evaluating on the validation split.
I0614 18:34:08.873539 139895110108352 spec.py:363] Evaluating on the test split.
I0614 18:34:10.883731 139895110108352 submission_runner.py:516] Time since start: 1544.16s, 	Step: 956, 	{'train/ssim': 0.7415329388209752, 'train/loss': 0.2692775385720389, 'validation/ssim': 0.7171376689337718, 'validation/loss': 0.29042938524373946, 'validation/num_examples': 3554, 'test/ssim': 0.7344874914915527, 'test/loss': 0.2918137350884006, 'test/num_examples': 3581, 'score': 992.9272644519806, 'total_duration': 1544.1638565063477, 'accumulated_submission_time': 992.9272644519806, 'accumulated_eval_time': 541.8812639713287, 'accumulated_logging_time': 0.5543777942657471}
I0614 18:34:10.908240 139819924973312 logging_writer.py:48] [956] accumulated_eval_time=541.881, accumulated_logging_time=0.554378, accumulated_submission_time=992.927, global_step=956, preemption_count=0, score=992.927, test/loss=0.291814, test/num_examples=3581, test/ssim=0.734487, total_duration=1544.16, train/loss=0.269278, train/ssim=0.741533, validation/loss=0.290429, validation/num_examples=3554, validation/ssim=0.717138
I0614 18:36:01.489805 139895110108352 spec.py:333] Evaluating on the training split.
I0614 18:36:03.415005 139895110108352 spec.py:346] Evaluating on the validation split.
I0614 18:36:05.375946 139895110108352 spec.py:363] Evaluating on the test split.
I0614 18:36:07.329195 139895110108352 submission_runner.py:516] Time since start: 1660.61s, 	Step: 2672, 	{'train/ssim': 0.7487271172659737, 'train/loss': 0.26470647539411274, 'validation/ssim': 0.7228185066562324, 'validation/loss': 0.2868750920507703, 'validation/num_examples': 3554, 'test/ssim': 0.7401488132897585, 'test/loss': 0.28823585797874196, 'test/num_examples': 3581, 'score': 1101.9017577171326, 'total_duration': 1660.609325170517, 'accumulated_submission_time': 1101.9017577171326, 'accumulated_eval_time': 547.7207250595093, 'accumulated_logging_time': 0.588515043258667}
I0614 18:36:07.354049 139819933366016 logging_writer.py:48] [2672] accumulated_eval_time=547.721, accumulated_logging_time=0.588515, accumulated_submission_time=1101.9, global_step=2672, preemption_count=0, score=1101.9, test/loss=0.288236, test/num_examples=3581, test/ssim=0.740149, total_duration=1660.61, train/loss=0.264706, train/ssim=0.748727, validation/loss=0.286875, validation/num_examples=3554, validation/ssim=0.722819
I0614 18:37:57.916583 139895110108352 spec.py:333] Evaluating on the training split.
I0614 18:37:59.845576 139895110108352 spec.py:346] Evaluating on the validation split.
I0614 18:38:01.806765 139895110108352 spec.py:363] Evaluating on the test split.
I0614 18:38:03.766738 139895110108352 submission_runner.py:516] Time since start: 1777.05s, 	Step: 4550, 	{'train/ssim': 0.7503881454467773, 'train/loss': 0.2633770874568394, 'validation/ssim': 0.7238145784239589, 'validation/loss': 0.28618265043568863, 'validation/num_examples': 3554, 'test/ssim': 0.7410702208705668, 'test/loss': 0.2875702492320581, 'test/num_examples': 3581, 'score': 1210.82470870018, 'total_duration': 1777.0468606948853, 'accumulated_submission_time': 1210.82470870018, 'accumulated_eval_time': 553.5709366798401, 'accumulated_logging_time': 0.6223299503326416}
I0614 18:38:03.791355 139819924973312 logging_writer.py:48] [4550] accumulated_eval_time=553.571, accumulated_logging_time=0.62233, accumulated_submission_time=1210.82, global_step=4550, preemption_count=0, score=1210.82, test/loss=0.28757, test/num_examples=3581, test/ssim=0.74107, total_duration=1777.05, train/loss=0.263377, train/ssim=0.750388, validation/loss=0.286183, validation/num_examples=3554, validation/ssim=0.723815
I0614 18:38:04.355930 139819933366016 logging_writer.py:48] [4550] global_step=4550, preemption_count=0, score=1210.82
I0614 18:38:04.491001 139895110108352 submission_runner.py:857] Final fastmri score: 1210.82470870018
