python submission_runner.py --framework=jax --workload=wmt --submission_path=submissions_algorithms/submissions/self_tuning/single_worker_dilocov2/submission.py --data_dir=/data/wmt --experiment_dir=/experiment_runs --experiment_name=submissions_a100/single_worker_dilocov2/study_2 --overwrite=True --save_checkpoints=False --rng_seed=1115832864 --tuning_ruleset=self 2>&1 | tee -a /logs/wmt_jax_06-18-2026-08-52-12.log
2026-06-18 08:52:27.311599: E external/local_xla/xla/stream_executor/cuda/cuda_fft.cc:467] Unable to register cuFFT factory: Attempting to register factory for plugin cuFFT when one has already been registered
WARNING: All log messages before absl::InitializeLog() is called are written to STDERR
E0000 00:00:1781772748.149426       9 cuda_dnn.cc:8579] Unable to register cuDNN factory: Attempting to register factory for plugin cuDNN when one has already been registered
E0000 00:00:1781772748.408867       9 cuda_blas.cc:1407] Unable to register cuBLAS factory: Attempting to register factory for plugin cuBLAS when one has already been registered
W0000 00:00:1781772750.451016       9 computation_placer.cc:177] computation placer already registered. Please check linkage and avoid linking the same target more than once.
W0000 00:00:1781772750.451073       9 computation_placer.cc:177] computation placer already registered. Please check linkage and avoid linking the same target more than once.
W0000 00:00:1781772750.451076       9 computation_placer.cc:177] computation placer already registered. Please check linkage and avoid linking the same target more than once.
W0000 00:00:1781772750.451078       9 computation_placer.cc:177] computation placer already registered. Please check linkage and avoid linking the same target more than once.
/usr/local/lib/python3.11/site-packages/torch/__init__.py:1617: UserWarning: Please use the new API settings to control TF32 behavior, such as torch.backends.cudnn.conv.fp32_precision = 'tf32' or torch.backends.cuda.matmul.fp32_precision = 'ieee'. Old settings, e.g, torch.backends.cuda.matmul.allow_tf32 = True, torch.backends.cudnn.allow_tf32 = True, allowTF32CuDNN() and allowTF32CuBLAS() will be deprecated after Pytorch 2.9. Please see https://pytorch.org/docs/main/notes/cuda.html#tensorfloat-32-tf32-on-ampere-and-later-devices (Triggered internally at /pytorch/aten/src/ATen/Context.cpp:80.)
  _C._set_float32_matmul_precision(precision)
/usr/local/lib/python3.11/site-packages/pydantic/_internal/_generate_schema.py:2249: UnsupportedFieldAttributeWarning: The 'repr' attribute with value False was provided to the `Field()` function, which has no effect in the context it was used. 'repr' is field-specific metadata, and can only be attached to a model field using `Annotated` metadata or by assignment. This may have happened because an `Annotated` type alias using the `type` statement was used, or if the `Field()` function was attached to a single member of a union type.
  warnings.warn(
/usr/local/lib/python3.11/site-packages/pydantic/_internal/_generate_schema.py:2249: UnsupportedFieldAttributeWarning: The 'frozen' attribute with value True was provided to the `Field()` function, which has no effect in the context it was used. 'frozen' is field-specific metadata, and can only be attached to a model field using `Annotated` metadata or by assignment. This may have happened because an `Annotated` type alias using the `type` statement was used, or if the `Field()` function was attached to a single member of a union type.
  warnings.warn(
INFO:2026-06-18 08:53:26,612:jax._src.xla_bridge:830: Unable to initialize backend 'tpu': INTERNAL: Failed to open libtpu.so: libtpu.so: cannot open shared object file: No such file or directory
I0618 08:53:26.612623 140551079232704 xla_bridge.py:830] Unable to initialize backend 'tpu': INTERNAL: Failed to open libtpu.so: libtpu.so: cannot open shared object file: No such file or directory
I0618 08:53:27.489088 140551079232704 logger_utils.py:84] Creating experiment directory at /experiment_runs/submissions_a100/single_worker_dilocov2/study_2/wmt_jax.
I0618 08:53:31.801562 140551079232704 submission_runner.py:741] Creating directory at /experiment_runs/submissions_a100/single_worker_dilocov2/study_2/wmt_jax/trial_1.
I0618 08:53:32.216817 140551079232704 submission_runner.py:242] Initializing dataset.
I0618 08:53:33.414286 140551079232704 dataset_info.py:707] Load dataset info from /data/wmt/wmt17_translate/de-en/1.0.0
I0618 08:53:33.456079 140551079232704 dataset_info.py:793] For 'wmt17_translate/de-en/1.0.0': fields info.[splits, supervised_keys] differ on disk and in the code. Keeping the one from code.
I0618 08:53:33.459707 140551079232704 reader.py:262] Creating a tf.data.Dataset reading 16 files located in folders: /data/wmt/wmt17_translate/de-en/1.0.0.
I0618 08:53:33.634710 140551079232704 logging_logger.py:49] Constructing tf.data.Dataset wmt17_translate for split train, from /data/wmt/wmt17_translate/de-en/1.0.0
I0618 08:53:35.774357 140551079232704 submission_runner.py:251] Initializing model.
I0618 08:54:22.637579 140551079232704 submission_runner.py:294] Initializing optimizer.
I0618 08:54:23.711016 140551079232704 submission_runner.py:299] Initializing metrics bundle.
I0618 08:54:23.711297 140551079232704 submission_runner.py:321] Initializing checkpoint and logger.
I0618 08:54:23.715138 140551079232704 checkpoints.py:1098] Found no checkpoint files in /experiment_runs/submissions_a100/single_worker_dilocov2/study_2/wmt_jax/trial_1 with prefix checkpoint_
I0618 08:54:23.715292 140551079232704 submission_runner.py:344] Saving meta data to /experiment_runs/submissions_a100/single_worker_dilocov2/study_2/wmt_jax/trial_1/meta_data_0.json.
I0618 08:54:23.715604 140551079232704 logger_utils.py:283] Unable to record workload.train_mean information. Continuing without it.
I0618 08:54:23.715671 140551079232704 logger_utils.py:283] Unable to record workload.train_stddev information. Continuing without it.
I0618 08:54:24.156957 140551079232704 submission_runner.py:348] Saving flags to /experiment_runs/submissions_a100/single_worker_dilocov2/study_2/wmt_jax/trial_1/flags_0.json.
I0618 08:54:24.166654 140551079232704 submission_runner.py:359] Starting training loop.
I0618 08:55:24.344644 140551079232704 spec.py:333] Evaluating on the training split.
I0618 08:55:24.347207 140551079232704 dataset_info.py:707] Load dataset info from /data/wmt/wmt17_translate/de-en/1.0.0
I0618 08:55:24.349618 140551079232704 dataset_info.py:793] For 'wmt17_translate/de-en/1.0.0': fields info.[splits, supervised_keys] differ on disk and in the code. Keeping the one from code.
I0618 08:55:24.350732 140551079232704 reader.py:262] Creating a tf.data.Dataset reading 16 files located in folders: /data/wmt/wmt17_translate/de-en/1.0.0.
I0618 08:55:24.389771 140551079232704 logging_logger.py:49] Constructing tf.data.Dataset wmt17_translate for split train, from /data/wmt/wmt17_translate/de-en/1.0.0
I0618 08:55:33.331366 140551079232704 workload.py:200] Translating evaluation dataset.
I0618 09:00:43.049185 140551079232704 spec.py:346] Evaluating on the validation split.
I0618 09:00:43.110566 140551079232704 dataset_info.py:707] Load dataset info from /data/wmt/wmt14_translate/de-en/1.0.0
I0618 09:00:43.177332 140551079232704 dataset_info.py:793] For 'wmt14_translate/de-en/1.0.0': fields info.[splits, supervised_keys] differ on disk and in the code. Keeping the one from code.
I0618 09:00:43.178192 140551079232704 reader.py:262] Creating a tf.data.Dataset reading 1 files located in folders: /data/wmt/wmt14_translate/de-en/1.0.0.
I0618 09:00:43.216804 140551079232704 logging_logger.py:49] Constructing tf.data.Dataset wmt14_translate for split validation, from /data/wmt/wmt14_translate/de-en/1.0.0
I0618 09:00:51.297069 140551079232704 workload.py:200] Translating evaluation dataset.
I0618 09:05:50.942517 140551079232704 spec.py:363] Evaluating on the test split.
I0618 09:05:50.945665 140551079232704 dataset_info.py:707] Load dataset info from /data/wmt/wmt14_translate/de-en/1.0.0
I0618 09:05:50.948007 140551079232704 dataset_info.py:793] For 'wmt14_translate/de-en/1.0.0': fields info.[splits, supervised_keys] differ on disk and in the code. Keeping the one from code.
I0618 09:05:50.948799 140551079232704 reader.py:262] Creating a tf.data.Dataset reading 1 files located in folders: /data/wmt/wmt14_translate/de-en/1.0.0.
I0618 09:05:50.987349 140551079232704 logging_logger.py:49] Constructing tf.data.Dataset wmt14_translate for split test, from /data/wmt/wmt14_translate/de-en/1.0.0
I0618 09:05:52.480928 140551079232704 workload.py:200] Translating evaluation dataset.
I0618 09:10:51.120032 140551079232704 submission_runner.py:516] Time since start: 986.95s, 	Step: 1, 	{'train/accuracy': 0.0006281407549977303, 'train/loss': 11.182400703430176, 'train/bleu': 0.0, 'validation/accuracy': 0.0004835649742744863, 'validation/loss': 11.177263259887695, 'validation/bleu': 0.0, 'validation/num_examples': 3000, 'test/accuracy': 0.0007088489946909249, 'test/loss': 11.172932624816895, 'test/bleu': 0.0, 'test/num_examples': 3003, 'score': 60.17778515815735, 'total_duration': 986.9532797336578, 'accumulated_submission_time': 60.17778515815735, 'accumulated_eval_time': 926.7753138542175, 'accumulated_logging_time': 0}
I0618 09:10:51.287984 140386315306752 logging_writer.py:48] [1] accumulated_eval_time=926.775, accumulated_logging_time=0, accumulated_submission_time=60.1778, global_step=1, preemption_count=0, score=60.1778, test/accuracy=0.000708849, test/bleu=0, test/loss=11.1729, test/num_examples=3003, total_duration=986.953, train/accuracy=0.000628141, train/bleu=0, train/loss=11.1824, validation/accuracy=0.000483565, validation/bleu=0, validation/loss=11.1773, validation/num_examples=3000
I0618 09:21:35.551139 140551079232704 spec.py:333] Evaluating on the training split.
I0618 09:21:36.882417 140551079232704 workload.py:200] Translating evaluation dataset.
I0618 09:26:18.131420 140551079232704 spec.py:346] Evaluating on the validation split.
I0618 09:26:19.476542 140551079232704 workload.py:200] Translating evaluation dataset.
I0618 09:31:02.517051 140551079232704 spec.py:363] Evaluating on the test split.
I0618 09:31:03.836936 140551079232704 workload.py:200] Translating evaluation dataset.
I0618 09:35:59.567860 140551079232704 submission_runner.py:516] Time since start: 2495.40s, 	Step: 4328, 	{'train/accuracy': 0.3289411962032318, 'train/loss': 4.215610980987549, 'train/bleu': 5.6800571257065, 'validation/accuracy': 0.30260008573532104, 'validation/loss': 4.476348400115967, 'validation/bleu': 2.163964426843948, 'validation/num_examples': 3000, 'test/accuracy': 0.28406253457069397, 'test/loss': 4.731107234954834, 'test/bleu': 1.6262544680876796, 'test/num_examples': 3003, 'score': 704.1820552349091, 'total_duration': 2495.4011125564575, 'accumulated_submission_time': 704.1820552349091, 'accumulated_eval_time': 1790.791965007782, 'accumulated_logging_time': 0.39409494400024414}
I0618 09:35:59.595156 140392979470080 logging_writer.py:48] [4328] accumulated_eval_time=1790.79, accumulated_logging_time=0.394095, accumulated_submission_time=704.182, global_step=4328, preemption_count=0, score=704.182, test/accuracy=0.284063, test/bleu=1.62625, test/loss=4.73111, test/num_examples=3003, total_duration=2495.4, train/accuracy=0.328941, train/bleu=5.68006, train/loss=4.21561, validation/accuracy=0.3026, validation/bleu=2.16396, validation/loss=4.47635, validation/num_examples=3000
I0618 09:46:43.967255 140551079232704 spec.py:333] Evaluating on the training split.
I0618 09:46:45.264113 140551079232704 workload.py:200] Translating evaluation dataset.
I0618 09:50:00.068062 140551079232704 spec.py:346] Evaluating on the validation split.
I0618 09:50:01.399942 140551079232704 workload.py:200] Translating evaluation dataset.
I0618 09:52:58.977643 140551079232704 spec.py:363] Evaluating on the test split.
I0618 09:53:00.278599 140551079232704 workload.py:200] Translating evaluation dataset.
I0618 09:55:50.692296 140551079232704 submission_runner.py:516] Time since start: 3686.53s, 	Step: 9090, 	{'train/accuracy': 0.5692362189292908, 'train/loss': 2.3325247764587402, 'train/bleu': 26.11366927887454, 'validation/accuracy': 0.5768186450004578, 'validation/loss': 2.282055139541626, 'validation/bleu': 21.880901383290983, 'validation/num_examples': 3000, 'test/accuracy': 0.5785021185874939, 'test/loss': 2.2952544689178467, 'test/bleu': 20.787282804460126, 'test/num_examples': 3003, 'score': 1348.5083916187286, 'total_duration': 3686.5255510807037, 'accumulated_submission_time': 1348.5083916187286, 'accumulated_eval_time': 2337.5169327259064, 'accumulated_logging_time': 0.4312126636505127}
I0618 09:55:50.718663 140386449590016 logging_writer.py:48] [9090] accumulated_eval_time=2337.52, accumulated_logging_time=0.431213, accumulated_submission_time=1348.51, global_step=9090, preemption_count=0, score=1348.51, test/accuracy=0.578502, test/bleu=20.7873, test/loss=2.29525, test/num_examples=3003, total_duration=3686.53, train/accuracy=0.569236, train/bleu=26.1137, train/loss=2.33252, validation/accuracy=0.576819, validation/bleu=21.8809, validation/loss=2.28206, validation/num_examples=3000
I0618 10:06:35.112919 140551079232704 spec.py:333] Evaluating on the training split.
I0618 10:06:36.414602 140551079232704 workload.py:200] Translating evaluation dataset.
I0618 10:09:42.177572 140551079232704 spec.py:346] Evaluating on the validation split.
I0618 10:09:43.502699 140551079232704 workload.py:200] Translating evaluation dataset.
I0618 10:12:32.426948 140551079232704 spec.py:363] Evaluating on the test split.
I0618 10:12:33.725194 140551079232704 workload.py:200] Translating evaluation dataset.
I0618 10:15:17.024886 140551079232704 submission_runner.py:516] Time since start: 4852.86s, 	Step: 13860, 	{'train/accuracy': 0.6085790991783142, 'train/loss': 2.0218265056610107, 'train/bleu': 29.1540099137161, 'validation/accuracy': 0.619111955165863, 'validation/loss': 1.9496228694915771, 'validation/bleu': 25.363744082507935, 'validation/num_examples': 3000, 'test/accuracy': 0.6258323192596436, 'test/loss': 1.9230387210845947, 'test/bleu': 24.367436823949436, 'test/num_examples': 3003, 'score': 1992.8568646907806, 'total_duration': 4852.858136892319, 'accumulated_submission_time': 1992.8568646907806, 'accumulated_eval_time': 2859.4288234710693, 'accumulated_logging_time': 0.4671306610107422}
I0618 10:15:17.051586 140393127331584 logging_writer.py:48] [13860] accumulated_eval_time=2859.43, accumulated_logging_time=0.467131, accumulated_submission_time=1992.86, global_step=13860, preemption_count=0, score=1992.86, test/accuracy=0.625832, test/bleu=24.3674, test/loss=1.92304, test/num_examples=3003, total_duration=4852.86, train/accuracy=0.608579, train/bleu=29.154, train/loss=2.02183, validation/accuracy=0.619112, validation/bleu=25.3637, validation/loss=1.94962, validation/num_examples=3000
I0618 10:26:01.492638 140551079232704 spec.py:333] Evaluating on the training split.
I0618 10:26:02.784297 140551079232704 workload.py:200] Translating evaluation dataset.
I0618 10:29:25.145574 140551079232704 spec.py:346] Evaluating on the validation split.
I0618 10:29:26.480751 140551079232704 workload.py:200] Translating evaluation dataset.
I0618 10:32:10.730150 140551079232704 spec.py:363] Evaluating on the test split.
I0618 10:32:12.031846 140551079232704 workload.py:200] Translating evaluation dataset.
I0618 10:34:56.758293 140551079232704 submission_runner.py:516] Time since start: 6032.59s, 	Step: 18627, 	{'train/accuracy': 0.6192219257354736, 'train/loss': 1.9584025144577026, 'train/bleu': 29.195511878395823, 'validation/accuracy': 0.6345240473747253, 'validation/loss': 1.838498592376709, 'validation/bleu': 26.522370817920194, 'validation/num_examples': 3000, 'test/accuracy': 0.6424961090087891, 'test/loss': 1.8036179542541504, 'test/bleu': 25.65807586147595, 'test/num_examples': 3003, 'score': 2637.251784324646, 'total_duration': 6032.59153676033, 'accumulated_submission_time': 2637.251784324646, 'accumulated_eval_time': 3394.694392681122, 'accumulated_logging_time': 0.5035479068756104}
I0618 10:34:56.785458 140393060189952 logging_writer.py:48] [18627] accumulated_eval_time=3394.69, accumulated_logging_time=0.503548, accumulated_submission_time=2637.25, global_step=18627, preemption_count=0, score=2637.25, test/accuracy=0.642496, test/bleu=25.6581, test/loss=1.80362, test/num_examples=3003, total_duration=6032.59, train/accuracy=0.619222, train/bleu=29.1955, train/loss=1.9584, validation/accuracy=0.634524, validation/bleu=26.5224, validation/loss=1.8385, validation/num_examples=3000
I0618 10:45:41.222891 140551079232704 spec.py:333] Evaluating on the training split.
I0618 10:45:42.518556 140551079232704 workload.py:200] Translating evaluation dataset.
I0618 10:49:31.643913 140551079232704 spec.py:346] Evaluating on the validation split.
I0618 10:49:32.977078 140551079232704 workload.py:200] Translating evaluation dataset.
I0618 10:52:21.670982 140551079232704 spec.py:363] Evaluating on the test split.
I0618 10:52:23.003543 140551079232704 workload.py:200] Translating evaluation dataset.
I0618 10:55:07.742496 140551079232704 submission_runner.py:516] Time since start: 7243.58s, 	Step: 23399, 	{'train/accuracy': 0.6242290139198303, 'train/loss': 1.9159679412841797, 'train/bleu': 30.012864362267834, 'validation/accuracy': 0.6417031288146973, 'validation/loss': 1.787049651145935, 'validation/bleu': 26.613055286294685, 'validation/num_examples': 3000, 'test/accuracy': 0.6489686965942383, 'test/loss': 1.748078465461731, 'test/bleu': 26.124215794918413, 'test/num_examples': 3003, 'score': 3281.643364906311, 'total_duration': 7243.575747251511, 'accumulated_submission_time': 3281.643364906311, 'accumulated_eval_time': 3961.213922739029, 'accumulated_logging_time': 0.5402534008026123}
I0618 10:55:07.769548 140386449590016 logging_writer.py:48] [23399] accumulated_eval_time=3961.21, accumulated_logging_time=0.540253, accumulated_submission_time=3281.64, global_step=23399, preemption_count=0, score=3281.64, test/accuracy=0.648969, test/bleu=26.1242, test/loss=1.74808, test/num_examples=3003, total_duration=7243.58, train/accuracy=0.624229, train/bleu=30.0129, train/loss=1.91597, validation/accuracy=0.641703, validation/bleu=26.6131, validation/loss=1.78705, validation/num_examples=3000
I0618 11:05:52.125577 140551079232704 spec.py:333] Evaluating on the training split.
I0618 11:05:53.416837 140551079232704 workload.py:200] Translating evaluation dataset.
I0618 11:09:43.711842 140551079232704 spec.py:346] Evaluating on the validation split.
I0618 11:09:45.040872 140551079232704 workload.py:200] Translating evaluation dataset.
I0618 11:12:51.394771 140551079232704 spec.py:363] Evaluating on the test split.
I0618 11:12:52.711164 140551079232704 workload.py:200] Translating evaluation dataset.
I0618 11:15:44.035978 140551079232704 submission_runner.py:516] Time since start: 8479.87s, 	Step: 28167, 	{'train/accuracy': 0.626680314540863, 'train/loss': 1.8988051414489746, 'train/bleu': 30.299204510330043, 'validation/accuracy': 0.6461048126220703, 'validation/loss': 1.7541509866714478, 'validation/bleu': 27.25551678351576, 'validation/num_examples': 3000, 'test/accuracy': 0.6552437543869019, 'test/loss': 1.7100931406021118, 'test/bleu': 26.576957568218646, 'test/num_examples': 3003, 'score': 3925.9537382125854, 'total_duration': 8479.86923289299, 'accumulated_submission_time': 3925.9537382125854, 'accumulated_eval_time': 4553.124255657196, 'accumulated_logging_time': 0.5769743919372559}
I0618 11:15:44.061814 140386441197312 logging_writer.py:48] [28167] accumulated_eval_time=4553.12, accumulated_logging_time=0.576974, accumulated_submission_time=3925.95, global_step=28167, preemption_count=0, score=3925.95, test/accuracy=0.655244, test/bleu=26.577, test/loss=1.71009, test/num_examples=3003, total_duration=8479.87, train/accuracy=0.62668, train/bleu=30.2992, train/loss=1.89881, validation/accuracy=0.646105, validation/bleu=27.2555, validation/loss=1.75415, validation/num_examples=3000
I0618 11:26:28.494813 140551079232704 spec.py:333] Evaluating on the training split.
I0618 11:26:29.790337 140551079232704 workload.py:200] Translating evaluation dataset.
I0618 11:29:58.502124 140551079232704 spec.py:346] Evaluating on the validation split.
I0618 11:29:59.826299 140551079232704 workload.py:200] Translating evaluation dataset.
I0618 11:32:59.793792 140551079232704 spec.py:363] Evaluating on the test split.
I0618 11:33:01.110836 140551079232704 workload.py:200] Translating evaluation dataset.
I0618 11:35:48.118735 140551079232704 submission_runner.py:516] Time since start: 9683.95s, 	Step: 32940, 	{'train/accuracy': 0.6335631012916565, 'train/loss': 1.8522740602493286, 'train/bleu': 30.570864389429943, 'validation/accuracy': 0.6503949165344238, 'validation/loss': 1.7274630069732666, 'validation/bleu': 27.64164808870595, 'validation/num_examples': 3000, 'test/accuracy': 0.6587415337562561, 'test/loss': 1.6885498762130737, 'test/bleu': 26.61467530764641, 'test/num_examples': 3003, 'score': 4570.340053319931, 'total_duration': 9683.95198559761, 'accumulated_submission_time': 4570.340053319931, 'accumulated_eval_time': 5112.7481009960175, 'accumulated_logging_time': 0.6126832962036133}
I0618 11:35:48.145244 140386441197312 logging_writer.py:48] [32940] accumulated_eval_time=5112.75, accumulated_logging_time=0.612683, accumulated_submission_time=4570.34, global_step=32940, preemption_count=0, score=4570.34, test/accuracy=0.658742, test/bleu=26.6147, test/loss=1.68855, test/num_examples=3003, total_duration=9683.95, train/accuracy=0.633563, train/bleu=30.5709, train/loss=1.85227, validation/accuracy=0.650395, validation/bleu=27.6416, validation/loss=1.72746, validation/num_examples=3000
I0618 11:46:32.509889 140551079232704 spec.py:333] Evaluating on the training split.
I0618 11:46:33.793873 140551079232704 workload.py:200] Translating evaluation dataset.
I0618 11:50:14.104171 140551079232704 spec.py:346] Evaluating on the validation split.
I0618 11:50:15.428770 140551079232704 workload.py:200] Translating evaluation dataset.
I0618 11:53:11.746739 140551079232704 spec.py:363] Evaluating on the test split.
I0618 11:53:13.047183 140551079232704 workload.py:200] Translating evaluation dataset.
I0618 11:56:05.716562 140551079232704 submission_runner.py:516] Time since start: 10901.55s, 	Step: 37721, 	{'train/accuracy': 0.6628586649894714, 'train/loss': 1.6815667152404785, 'train/bleu': 32.88634967755359, 'validation/accuracy': 0.653097927570343, 'validation/loss': 1.7067021131515503, 'validation/bleu': 27.708892102686242, 'validation/num_examples': 3000, 'test/accuracy': 0.6631689071655273, 'test/loss': 1.66831374168396, 'test/bleu': 26.840286277741416, 'test/num_examples': 3003, 'score': 5214.658318519592, 'total_duration': 10901.549809932709, 'accumulated_submission_time': 5214.658318519592, 'accumulated_eval_time': 5685.954705953598, 'accumulated_logging_time': 0.6486904621124268}
I0618 11:56:05.742759 140393118938880 logging_writer.py:48] [37721] accumulated_eval_time=5685.95, accumulated_logging_time=0.64869, accumulated_submission_time=5214.66, global_step=37721, preemption_count=0, score=5214.66, test/accuracy=0.663169, test/bleu=26.8403, test/loss=1.66831, test/num_examples=3003, total_duration=10901.5, train/accuracy=0.662859, train/bleu=32.8863, train/loss=1.68157, validation/accuracy=0.653098, validation/bleu=27.7089, validation/loss=1.7067, validation/num_examples=3000
I0618 12:06:50.145079 140551079232704 spec.py:333] Evaluating on the training split.
I0618 12:06:51.438826 140551079232704 workload.py:200] Translating evaluation dataset.
I0618 12:10:18.050914 140551079232704 spec.py:346] Evaluating on the validation split.
I0618 12:10:19.369568 140551079232704 workload.py:200] Translating evaluation dataset.
I0618 12:13:30.982914 140551079232704 spec.py:363] Evaluating on the test split.
I0618 12:13:32.292151 140551079232704 workload.py:200] Translating evaluation dataset.
I0618 12:16:29.334050 140551079232704 submission_runner.py:516] Time since start: 12125.17s, 	Step: 42496, 	{'train/accuracy': 0.6351153254508972, 'train/loss': 1.8387675285339355, 'train/bleu': 30.958228097482767, 'validation/accuracy': 0.6560364961624146, 'validation/loss': 1.6974502801895142, 'validation/bleu': 27.747949964514365, 'validation/num_examples': 3000, 'test/accuracy': 0.6659694314002991, 'test/loss': 1.651423692703247, 'test/bleu': 27.3981063111509, 'test/num_examples': 3003, 'score': 5859.013801336288, 'total_duration': 12125.167287349701, 'accumulated_submission_time': 5859.013801336288, 'accumulated_eval_time': 6265.143590688705, 'accumulated_logging_time': 0.6845643520355225}
I0618 12:16:29.362294 140393093760768 logging_writer.py:48] [42496] accumulated_eval_time=6265.14, accumulated_logging_time=0.684564, accumulated_submission_time=5859.01, global_step=42496, preemption_count=0, score=5859.01, test/accuracy=0.665969, test/bleu=27.3981, test/loss=1.65142, test/num_examples=3003, total_duration=12125.2, train/accuracy=0.635115, train/bleu=30.9582, train/loss=1.83877, validation/accuracy=0.656036, validation/bleu=27.7479, validation/loss=1.69745, validation/num_examples=3000
I0618 12:27:13.749765 140551079232704 spec.py:333] Evaluating on the training split.
I0618 12:27:15.033944 140551079232704 workload.py:200] Translating evaluation dataset.
I0618 12:31:14.871845 140551079232704 spec.py:346] Evaluating on the validation split.
I0618 12:31:16.194564 140551079232704 workload.py:200] Translating evaluation dataset.
I0618 12:34:21.076676 140551079232704 spec.py:363] Evaluating on the test split.
I0618 12:34:22.376381 140551079232704 workload.py:200] Translating evaluation dataset.
I0618 12:37:20.809262 140551079232704 submission_runner.py:516] Time since start: 13376.64s, 	Step: 47272, 	{'train/accuracy': 0.6400408148765564, 'train/loss': 1.807510495185852, 'train/bleu': 31.176928438663946, 'validation/accuracy': 0.6577847599983215, 'validation/loss': 1.690245270729065, 'validation/bleu': 28.199522278159602, 'validation/num_examples': 3000, 'test/accuracy': 0.6677473783493042, 'test/loss': 1.640231728553772, 'test/bleu': 27.447391368161725, 'test/num_examples': 3003, 'score': 6503.354268312454, 'total_duration': 13376.64244556427, 'accumulated_submission_time': 6503.354268312454, 'accumulated_eval_time': 6872.202947616577, 'accumulated_logging_time': 0.722597599029541}
I0618 12:37:20.836257 140393068582656 logging_writer.py:48] [47272] accumulated_eval_time=6872.2, accumulated_logging_time=0.722598, accumulated_submission_time=6503.35, global_step=47272, preemption_count=0, score=6503.35, test/accuracy=0.667747, test/bleu=27.4474, test/loss=1.64023, test/num_examples=3003, total_duration=13376.6, train/accuracy=0.640041, train/bleu=31.1769, train/loss=1.80751, validation/accuracy=0.657785, validation/bleu=28.1995, validation/loss=1.69025, validation/num_examples=3000
I0618 12:48:05.110976 140551079232704 spec.py:333] Evaluating on the training split.
I0618 12:48:06.408005 140551079232704 workload.py:200] Translating evaluation dataset.
I0618 12:51:43.209900 140551079232704 spec.py:346] Evaluating on the validation split.
I0618 12:51:44.534993 140551079232704 workload.py:200] Translating evaluation dataset.
I0618 12:54:52.533495 140551079232704 spec.py:363] Evaluating on the test split.
I0618 12:54:53.839857 140551079232704 workload.py:200] Translating evaluation dataset.
I0618 12:57:56.197555 140551079232704 submission_runner.py:516] Time since start: 14612.03s, 	Step: 52050, 	{'train/accuracy': 0.6442198753356934, 'train/loss': 1.7815099954605103, 'train/bleu': 31.527144565198086, 'validation/accuracy': 0.6618764996528625, 'validation/loss': 1.6664414405822754, 'validation/bleu': 28.165848692727568, 'validation/num_examples': 3000, 'test/accuracy': 0.6698042154312134, 'test/loss': 1.6244674921035767, 'test/bleu': 27.655140979732668, 'test/num_examples': 3003, 'score': 7147.581789493561, 'total_duration': 14612.03073310852, 'accumulated_submission_time': 7147.581789493561, 'accumulated_eval_time': 7463.289382457733, 'accumulated_logging_time': 0.7592575550079346}
I0618 12:57:56.224780 140393110546176 logging_writer.py:48] [52050] accumulated_eval_time=7463.29, accumulated_logging_time=0.759258, accumulated_submission_time=7147.58, global_step=52050, preemption_count=0, score=7147.58, test/accuracy=0.669804, test/bleu=27.6551, test/loss=1.62447, test/num_examples=3003, total_duration=14612, train/accuracy=0.64422, train/bleu=31.5271, train/loss=1.78151, validation/accuracy=0.661876, validation/bleu=28.1658, validation/loss=1.66644, validation/num_examples=3000
I0618 13:08:40.620597 140551079232704 spec.py:333] Evaluating on the training split.
I0618 13:08:41.914099 140551079232704 workload.py:200] Translating evaluation dataset.
I0618 13:12:31.174490 140551079232704 spec.py:346] Evaluating on the validation split.
I0618 13:12:32.508381 140551079232704 workload.py:200] Translating evaluation dataset.
I0618 13:15:32.924852 140551079232704 spec.py:363] Evaluating on the test split.
I0618 13:15:34.221957 140551079232704 workload.py:200] Translating evaluation dataset.
I0618 13:18:28.527459 140551079232704 submission_runner.py:516] Time since start: 15844.36s, 	Step: 56834, 	{'train/accuracy': 0.6619282960891724, 'train/loss': 1.6662840843200684, 'train/bleu': 32.9909820935637, 'validation/accuracy': 0.664492666721344, 'validation/loss': 1.6499050855636597, 'validation/bleu': 28.422900019230884, 'validation/num_examples': 3000, 'test/accuracy': 0.6719539761543274, 'test/loss': 1.606488823890686, 'test/bleu': 27.79836385397004, 'test/num_examples': 3003, 'score': 7791.930282592773, 'total_duration': 15844.360701084137, 'accumulated_submission_time': 7791.930282592773, 'accumulated_eval_time': 8051.196158647537, 'accumulated_logging_time': 0.7961568832397461}
I0618 13:18:28.555239 140386441197312 logging_writer.py:48] [56834] accumulated_eval_time=8051.2, accumulated_logging_time=0.796157, accumulated_submission_time=7791.93, global_step=56834, preemption_count=0, score=7791.93, test/accuracy=0.671954, test/bleu=27.7984, test/loss=1.60649, test/num_examples=3003, total_duration=15844.4, train/accuracy=0.661928, train/bleu=32.991, train/loss=1.66628, validation/accuracy=0.664493, validation/bleu=28.4229, validation/loss=1.64991, validation/num_examples=3000
I0618 13:29:12.896763 140551079232704 spec.py:333] Evaluating on the training split.
I0618 13:29:14.185588 140551079232704 workload.py:200] Translating evaluation dataset.
I0618 13:33:01.002401 140551079232704 spec.py:346] Evaluating on the validation split.
I0618 13:33:02.315178 140551079232704 workload.py:200] Translating evaluation dataset.
I0618 13:36:08.059022 140551079232704 spec.py:363] Evaluating on the test split.
I0618 13:36:09.358406 140551079232704 workload.py:200] Translating evaluation dataset.
I0618 13:39:20.059877 140551079232704 submission_runner.py:516] Time since start: 17095.89s, 	Step: 61613, 	{'train/accuracy': 0.646675169467926, 'train/loss': 1.7792476415634155, 'train/bleu': 32.052418392492285, 'validation/accuracy': 0.6623476147651672, 'validation/loss': 1.6486732959747314, 'validation/bleu': 28.582978179299282, 'validation/num_examples': 3000, 'test/accuracy': 0.6743943095207214, 'test/loss': 1.5976495742797852, 'test/bleu': 28.002237880287737, 'test/num_examples': 3003, 'score': 8436.224344730377, 'total_duration': 17095.89306282997, 'accumulated_submission_time': 8436.224344730377, 'accumulated_eval_time': 8658.359148740768, 'accumulated_logging_time': 0.8335831165313721}
I0618 13:39:20.088071 140386432804608 logging_writer.py:48] [61613] accumulated_eval_time=8658.36, accumulated_logging_time=0.833583, accumulated_submission_time=8436.22, global_step=61613, preemption_count=0, score=8436.22, test/accuracy=0.674394, test/bleu=28.0022, test/loss=1.59765, test/num_examples=3003, total_duration=17095.9, train/accuracy=0.646675, train/bleu=32.0524, train/loss=1.77925, validation/accuracy=0.662348, validation/bleu=28.583, validation/loss=1.64867, validation/num_examples=3000
I0618 13:50:04.501188 140551079232704 spec.py:333] Evaluating on the training split.
I0618 13:50:05.793410 140551079232704 workload.py:200] Translating evaluation dataset.
I0618 13:53:26.538105 140551079232704 spec.py:346] Evaluating on the validation split.
I0618 13:53:27.855062 140551079232704 workload.py:200] Translating evaluation dataset.
I0618 13:56:34.595788 140551079232704 spec.py:363] Evaluating on the test split.
I0618 13:56:35.915161 140551079232704 workload.py:200] Translating evaluation dataset.
I0618 13:59:37.332385 140551079232704 submission_runner.py:516] Time since start: 18313.17s, 	Step: 66392, 	{'train/accuracy': 0.6490122079849243, 'train/loss': 1.7600184679031372, 'train/bleu': 31.605738070879482, 'validation/accuracy': 0.6661169528961182, 'validation/loss': 1.6347978115081787, 'validation/bleu': 28.75055168054518, 'validation/num_examples': 3000, 'test/accuracy': 0.677299439907074, 'test/loss': 1.5805052518844604, 'test/bleu': 28.156845619286916, 'test/num_examples': 3003, 'score': 9080.590404510498, 'total_duration': 18313.16563153267, 'accumulated_submission_time': 9080.590404510498, 'accumulated_eval_time': 9231.19027042389, 'accumulated_logging_time': 0.871391773223877}
I0618 13:59:37.359325 140386457982720 logging_writer.py:48] [66392] accumulated_eval_time=9231.19, accumulated_logging_time=0.871392, accumulated_submission_time=9080.59, global_step=66392, preemption_count=0, score=9080.59, test/accuracy=0.677299, test/bleu=28.1568, test/loss=1.58051, test/num_examples=3003, total_duration=18313.2, train/accuracy=0.649012, train/bleu=31.6057, train/loss=1.76002, validation/accuracy=0.666117, validation/bleu=28.7506, validation/loss=1.6348, validation/num_examples=3000
I0618 14:10:22.092407 140551079232704 spec.py:333] Evaluating on the training split.
I0618 14:10:23.380712 140551079232704 workload.py:200] Translating evaluation dataset.
I0618 14:14:10.397624 140551079232704 spec.py:346] Evaluating on the validation split.
I0618 14:14:11.722353 140551079232704 workload.py:200] Translating evaluation dataset.
I0618 14:17:18.067485 140551079232704 spec.py:363] Evaluating on the test split.
I0618 14:17:19.380129 140551079232704 workload.py:200] Translating evaluation dataset.
I0618 14:20:11.449318 140551079232704 submission_runner.py:516] Time since start: 19547.28s, 	Step: 71175, 	{'train/accuracy': 0.6548354029655457, 'train/loss': 1.7219146490097046, 'train/bleu': 32.494105008272626, 'validation/accuracy': 0.6696011424064636, 'validation/loss': 1.6169096231460571, 'validation/bleu': 28.741974134366586, 'validation/num_examples': 3000, 'test/accuracy': 0.6799256205558777, 'test/loss': 1.5739198923110962, 'test/bleu': 28.423185211970193, 'test/num_examples': 3003, 'score': 9725.27499961853, 'total_duration': 19547.28254508972, 'accumulated_submission_time': 9725.27499961853, 'accumulated_eval_time': 9820.547082662582, 'accumulated_logging_time': 0.9091095924377441}
I0618 14:20:11.478804 140392979470080 logging_writer.py:48] [71175] accumulated_eval_time=9820.55, accumulated_logging_time=0.90911, accumulated_submission_time=9725.27, global_step=71175, preemption_count=0, score=9725.27, test/accuracy=0.679926, test/bleu=28.4232, test/loss=1.57392, test/num_examples=3003, total_duration=19547.3, train/accuracy=0.654835, train/bleu=32.4941, train/loss=1.72191, validation/accuracy=0.669601, validation/bleu=28.742, validation/loss=1.61691, validation/num_examples=3000
I0618 14:30:55.814681 140551079232704 spec.py:333] Evaluating on the training split.
I0618 14:30:57.105303 140551079232704 workload.py:200] Translating evaluation dataset.
I0618 14:34:40.329818 140551079232704 spec.py:346] Evaluating on the validation split.
I0618 14:34:41.652555 140551079232704 workload.py:200] Translating evaluation dataset.
I0618 14:37:45.727132 140551079232704 spec.py:363] Evaluating on the test split.
I0618 14:37:47.022699 140551079232704 workload.py:200] Translating evaluation dataset.
I0618 14:40:53.160467 140551079232704 submission_runner.py:516] Time since start: 20788.99s, 	Step: 75961, 	{'train/accuracy': 0.6707814931869507, 'train/loss': 1.6300239562988281, 'train/bleu': 33.91568060377925, 'validation/accuracy': 0.6711137890815735, 'validation/loss': 1.6141935586929321, 'validation/bleu': 28.962279523108627, 'validation/num_examples': 3000, 'test/accuracy': 0.6824008226394653, 'test/loss': 1.5634315013885498, 'test/bleu': 28.633852809445628, 'test/num_examples': 3003, 'score': 10369.562865257263, 'total_duration': 20788.99371933937, 'accumulated_submission_time': 10369.562865257263, 'accumulated_eval_time': 10417.892796993256, 'accumulated_logging_time': 0.9482812881469727}
I0618 14:40:53.189370 140393076975360 logging_writer.py:48] [75961] accumulated_eval_time=10417.9, accumulated_logging_time=0.948281, accumulated_submission_time=10369.6, global_step=75961, preemption_count=0, score=10369.6, test/accuracy=0.682401, test/bleu=28.6339, test/loss=1.56343, test/num_examples=3003, total_duration=20789, train/accuracy=0.670781, train/bleu=33.9157, train/loss=1.63002, validation/accuracy=0.671114, validation/bleu=28.9623, validation/loss=1.61419, validation/num_examples=3000
I0618 14:51:37.619349 140551079232704 spec.py:333] Evaluating on the training split.
I0618 14:51:38.901765 140551079232704 workload.py:200] Translating evaluation dataset.
I0618 14:55:15.921733 140551079232704 spec.py:346] Evaluating on the validation split.
I0618 14:55:17.234863 140551079232704 workload.py:200] Translating evaluation dataset.
I0618 14:58:23.354749 140551079232704 spec.py:363] Evaluating on the test split.
I0618 14:58:24.653961 140551079232704 workload.py:200] Translating evaluation dataset.
I0618 15:01:27.160934 140551079232704 submission_runner.py:516] Time since start: 22022.99s, 	Step: 80735, 	{'train/accuracy': 0.6608682870864868, 'train/loss': 1.6960822343826294, 'train/bleu': 32.59820403001665, 'validation/accuracy': 0.671808123588562, 'validation/loss': 1.6026252508163452, 'validation/bleu': 28.9016668995841, 'validation/num_examples': 3000, 'test/accuracy': 0.6841206550598145, 'test/loss': 1.5486253499984741, 'test/bleu': 28.942457457985757, 'test/num_examples': 3003, 'score': 11013.945659399033, 'total_duration': 22022.994178056717, 'accumulated_submission_time': 11013.945659399033, 'accumulated_eval_time': 11007.434301614761, 'accumulated_logging_time': 0.9869890213012695}
I0618 15:01:27.190155 140393076975360 logging_writer.py:48] [80735] accumulated_eval_time=11007.4, accumulated_logging_time=0.986989, accumulated_submission_time=11013.9, global_step=80735, preemption_count=0, score=11013.9, test/accuracy=0.684121, test/bleu=28.9425, test/loss=1.54863, test/num_examples=3003, total_duration=22023, train/accuracy=0.660868, train/bleu=32.5982, train/loss=1.69608, validation/accuracy=0.671808, validation/bleu=28.9017, validation/loss=1.60263, validation/num_examples=3000
I0618 15:12:11.602550 140551079232704 spec.py:333] Evaluating on the training split.
I0618 15:12:12.897908 140551079232704 workload.py:200] Translating evaluation dataset.
I0618 15:16:08.304674 140551079232704 spec.py:346] Evaluating on the validation split.
I0618 15:16:09.634519 140551079232704 workload.py:200] Translating evaluation dataset.
I0618 15:19:24.402327 140551079232704 spec.py:363] Evaluating on the test split.
I0618 15:19:25.698224 140551079232704 workload.py:200] Translating evaluation dataset.
I0618 15:22:38.230575 140551079232704 submission_runner.py:516] Time since start: 23294.06s, 	Step: 85505, 	{'train/accuracy': 0.6619808673858643, 'train/loss': 1.6924980878829956, 'train/bleu': 32.70202253666024, 'validation/accuracy': 0.6742755770683289, 'validation/loss': 1.6061543226242065, 'validation/bleu': 29.218100297434052, 'validation/num_examples': 3000, 'test/accuracy': 0.6851083636283875, 'test/loss': 1.5472209453582764, 'test/bleu': 29.19188881371004, 'test/num_examples': 3003, 'score': 11658.310941696167, 'total_duration': 23294.063822984695, 'accumulated_submission_time': 11658.310941696167, 'accumulated_eval_time': 11634.06225013733, 'accumulated_logging_time': 1.0257856845855713}
I0618 15:22:38.259128 140393110546176 logging_writer.py:48] [85505] accumulated_eval_time=11634.1, accumulated_logging_time=1.02579, accumulated_submission_time=11658.3, global_step=85505, preemption_count=0, score=11658.3, test/accuracy=0.685108, test/bleu=29.1919, test/loss=1.54722, test/num_examples=3003, total_duration=23294.1, train/accuracy=0.661981, train/bleu=32.702, train/loss=1.6925, validation/accuracy=0.674276, validation/bleu=29.2181, validation/loss=1.60615, validation/num_examples=3000
I0618 15:33:22.704103 140551079232704 spec.py:333] Evaluating on the training split.
I0618 15:33:23.998017 140551079232704 workload.py:200] Translating evaluation dataset.
I0618 15:37:31.772410 140551079232704 spec.py:346] Evaluating on the validation split.
I0618 15:37:33.098964 140551079232704 workload.py:200] Translating evaluation dataset.
I0618 15:40:41.298837 140551079232704 spec.py:363] Evaluating on the test split.
I0618 15:40:42.594272 140551079232704 workload.py:200] Translating evaluation dataset.
I0618 15:44:09.863130 140551079232704 submission_runner.py:516] Time since start: 24585.70s, 	Step: 90283, 	{'train/accuracy': 0.6723334193229675, 'train/loss': 1.6329128742218018, 'train/bleu': 33.82060894985398, 'validation/accuracy': 0.6756022572517395, 'validation/loss': 1.5906596183776855, 'validation/bleu': 29.041719483546803, 'validation/num_examples': 3000, 'test/accuracy': 0.6881181001663208, 'test/loss': 1.540795922279358, 'test/bleu': 29.173733814575087, 'test/num_examples': 3003, 'score': 12302.708036184311, 'total_duration': 24585.696362495422, 'accumulated_submission_time': 12302.708036184311, 'accumulated_eval_time': 12281.221196651459, 'accumulated_logging_time': 1.064042568206787}
I0618 15:44:09.892325 140386441197312 logging_writer.py:48] [90283] accumulated_eval_time=12281.2, accumulated_logging_time=1.06404, accumulated_submission_time=12302.7, global_step=90283, preemption_count=0, score=12302.7, test/accuracy=0.688118, test/bleu=29.1737, test/loss=1.5408, test/num_examples=3003, total_duration=24585.7, train/accuracy=0.672333, train/bleu=33.8206, train/loss=1.63291, validation/accuracy=0.675602, validation/bleu=29.0417, validation/loss=1.59066, validation/num_examples=3000
I0618 15:54:54.262219 140551079232704 spec.py:333] Evaluating on the training split.
I0618 15:54:55.544857 140551079232704 workload.py:200] Translating evaluation dataset.
I0618 15:58:51.333483 140551079232704 spec.py:346] Evaluating on the validation split.
I0618 15:58:52.651566 140551079232704 workload.py:200] Translating evaluation dataset.
I0618 16:01:59.640171 140551079232704 spec.py:363] Evaluating on the test split.
I0618 16:02:00.945482 140551079232704 workload.py:200] Translating evaluation dataset.
I0618 16:05:06.658544 140551079232704 submission_runner.py:516] Time since start: 25842.49s, 	Step: 95054, 	{'train/accuracy': 0.6881906986236572, 'train/loss': 1.5381132364273071, 'train/bleu': 34.38272300719582, 'validation/accuracy': 0.6771769523620605, 'validation/loss': 1.5904231071472168, 'validation/bleu': 29.400713609918377, 'validation/num_examples': 3000, 'test/accuracy': 0.6894660592079163, 'test/loss': 1.5324872732162476, 'test/bleu': 29.512786472679085, 'test/num_examples': 3003, 'score': 12947.029633522034, 'total_duration': 25842.491802453995, 'accumulated_submission_time': 12947.029633522034, 'accumulated_eval_time': 12893.61745429039, 'accumulated_logging_time': 1.103618860244751}
I0618 16:05:06.685992 140386441197312 logging_writer.py:48] [95054] accumulated_eval_time=12893.6, accumulated_logging_time=1.10362, accumulated_submission_time=12947, global_step=95054, preemption_count=0, score=12947, test/accuracy=0.689466, test/bleu=29.5128, test/loss=1.53249, test/num_examples=3003, total_duration=25842.5, train/accuracy=0.688191, train/bleu=34.3827, train/loss=1.53811, validation/accuracy=0.677177, validation/bleu=29.4007, validation/loss=1.59042, validation/num_examples=3000
I0618 16:15:51.269258 140551079232704 spec.py:333] Evaluating on the training split.
I0618 16:15:52.557300 140551079232704 workload.py:200] Translating evaluation dataset.
I0618 16:19:12.943971 140551079232704 spec.py:346] Evaluating on the validation split.
I0618 16:19:14.275203 140551079232704 workload.py:200] Translating evaluation dataset.
I0618 16:22:15.480180 140551079232704 spec.py:363] Evaluating on the test split.
I0618 16:22:16.775634 140551079232704 workload.py:200] Translating evaluation dataset.
I0618 16:25:00.045945 140551079232704 submission_runner.py:516] Time since start: 27035.88s, 	Step: 99825, 	{'train/accuracy': 0.6754658818244934, 'train/loss': 1.6116397380828857, 'train/bleu': 34.565464784665956, 'validation/accuracy': 0.678900420665741, 'validation/loss': 1.5891087055206299, 'validation/bleu': 29.674068549571505, 'validation/num_examples': 3000, 'test/accuracy': 0.6906629800796509, 'test/loss': 1.535117506980896, 'test/bleu': 29.176837804802418, 'test/num_examples': 3003, 'score': 13591.56531906128, 'total_duration': 27035.87919807434, 'accumulated_submission_time': 13591.56531906128, 'accumulated_eval_time': 13442.394072294235, 'accumulated_logging_time': 1.1407108306884766}
I0618 16:25:00.074450 140392971077376 logging_writer.py:48] [99825] accumulated_eval_time=13442.4, accumulated_logging_time=1.14071, accumulated_submission_time=13591.6, global_step=99825, preemption_count=0, score=13591.6, test/accuracy=0.690663, test/bleu=29.1768, test/loss=1.53512, test/num_examples=3003, total_duration=27035.9, train/accuracy=0.675466, train/bleu=34.5655, train/loss=1.61164, validation/accuracy=0.6789, validation/bleu=29.6741, validation/loss=1.58911, validation/num_examples=3000
I0618 16:35:44.514483 140551079232704 spec.py:333] Evaluating on the training split.
I0618 16:35:45.816141 140551079232704 workload.py:200] Translating evaluation dataset.
I0618 16:39:29.861231 140551079232704 spec.py:346] Evaluating on the validation split.
I0618 16:39:31.189015 140551079232704 workload.py:200] Translating evaluation dataset.
I0618 16:42:34.751253 140551079232704 spec.py:363] Evaluating on the test split.
I0618 16:42:36.057197 140551079232704 workload.py:200] Translating evaluation dataset.
I0618 16:45:42.184478 140551079232704 submission_runner.py:516] Time since start: 28278.02s, 	Step: 104601, 	{'train/accuracy': 0.6855058670043945, 'train/loss': 1.5597202777862549, 'train/bleu': 34.42075212304311, 'validation/accuracy': 0.6784664988517761, 'validation/loss': 1.5924146175384521, 'validation/bleu': 29.298066250359675, 'validation/num_examples': 3000, 'test/accuracy': 0.6903259754180908, 'test/loss': 1.533302903175354, 'test/bleu': 29.223112572431784, 'test/num_examples': 3003, 'score': 14235.95740556717, 'total_duration': 28278.0177154541, 'accumulated_submission_time': 14235.95740556717, 'accumulated_eval_time': 14040.063983917236, 'accumulated_logging_time': 1.1789066791534424}
I0618 16:45:42.214768 140393102153472 logging_writer.py:48] [104601] accumulated_eval_time=14040.1, accumulated_logging_time=1.17891, accumulated_submission_time=14236, global_step=104601, preemption_count=0, score=14236, test/accuracy=0.690326, test/bleu=29.2231, test/loss=1.5333, test/num_examples=3003, total_duration=28278, train/accuracy=0.685506, train/bleu=34.4208, train/loss=1.55972, validation/accuracy=0.678466, validation/bleu=29.2981, validation/loss=1.59241, validation/num_examples=3000
I0618 16:56:26.630258 140551079232704 spec.py:333] Evaluating on the training split.
I0618 16:56:27.921233 140551079232704 workload.py:200] Translating evaluation dataset.
I0618 17:00:18.145706 140551079232704 spec.py:346] Evaluating on the validation split.
I0618 17:00:19.459833 140551079232704 workload.py:200] Translating evaluation dataset.
I0618 17:03:19.840866 140551079232704 spec.py:363] Evaluating on the test split.
I0618 17:03:21.130968 140551079232704 workload.py:200] Translating evaluation dataset.
I0618 17:06:25.902025 140551079232704 submission_runner.py:516] Time since start: 29521.74s, 	Step: 109368, 	{'train/accuracy': 0.6941304802894592, 'train/loss': 1.5138742923736572, 'train/bleu': 34.79086967759662, 'validation/accuracy': 0.6797311902046204, 'validation/loss': 1.5887216329574585, 'validation/bleu': 29.628071543398434, 'validation/num_examples': 3000, 'test/accuracy': 0.6933240294456482, 'test/loss': 1.5306991338729858, 'test/bleu': 29.504944672345722, 'test/num_examples': 3003, 'score': 14880.326565742493, 'total_duration': 29521.73526763916, 'accumulated_submission_time': 14880.326565742493, 'accumulated_eval_time': 14639.335705757141, 'accumulated_logging_time': 1.2186901569366455}
I0618 17:06:25.931210 140393085368064 logging_writer.py:48] [109368] accumulated_eval_time=14639.3, accumulated_logging_time=1.21869, accumulated_submission_time=14880.3, global_step=109368, preemption_count=0, score=14880.3, test/accuracy=0.693324, test/bleu=29.5049, test/loss=1.5307, test/num_examples=3003, total_duration=29521.7, train/accuracy=0.69413, train/bleu=34.7909, train/loss=1.51387, validation/accuracy=0.679731, validation/bleu=29.6281, validation/loss=1.58872, validation/num_examples=3000
I0618 17:17:10.349778 140551079232704 spec.py:333] Evaluating on the training split.
I0618 17:17:11.646435 140551079232704 workload.py:200] Translating evaluation dataset.
I0618 17:21:25.705183 140551079232704 spec.py:346] Evaluating on the validation split.
I0618 17:21:27.030758 140551079232704 workload.py:200] Translating evaluation dataset.
I0618 17:24:32.132906 140551079232704 spec.py:363] Evaluating on the test split.
I0618 17:24:33.444664 140551079232704 workload.py:200] Translating evaluation dataset.
I0618 17:27:33.402407 140551079232704 submission_runner.py:516] Time since start: 30789.24s, 	Step: 114143, 	{'train/accuracy': 0.6981834173202515, 'train/loss': 1.4960907697677612, 'train/bleu': 35.111263595537054, 'validation/accuracy': 0.6803263425827026, 'validation/loss': 1.5884284973144531, 'validation/bleu': 29.733645555367886, 'validation/num_examples': 3000, 'test/accuracy': 0.693428635597229, 'test/loss': 1.5278946161270142, 'test/bleu': 29.612415702598746, 'test/num_examples': 3003, 'score': 15524.697182416916, 'total_duration': 30789.23565554619, 'accumulated_submission_time': 15524.697182416916, 'accumulated_eval_time': 15262.38826417923, 'accumulated_logging_time': 1.2576608657836914}
I0618 17:27:33.433130 140393076975360 logging_writer.py:48] [114143] accumulated_eval_time=15262.4, accumulated_logging_time=1.25766, accumulated_submission_time=15524.7, global_step=114143, preemption_count=0, score=15524.7, test/accuracy=0.693429, test/bleu=29.6124, test/loss=1.52789, test/num_examples=3003, total_duration=30789.2, train/accuracy=0.698183, train/bleu=35.1113, train/loss=1.49609, validation/accuracy=0.680326, validation/bleu=29.7336, validation/loss=1.58843, validation/num_examples=3000
I0618 17:38:17.878133 140551079232704 spec.py:333] Evaluating on the training split.
I0618 17:38:19.172191 140551079232704 workload.py:200] Translating evaluation dataset.
I0618 17:42:12.636062 140551079232704 spec.py:346] Evaluating on the validation split.
I0618 17:42:13.952293 140551079232704 workload.py:200] Translating evaluation dataset.
I0618 17:45:07.184104 140551079232704 spec.py:363] Evaluating on the test split.
I0618 17:45:08.489996 140551079232704 workload.py:200] Translating evaluation dataset.
I0618 17:48:15.048094 140551079232704 submission_runner.py:516] Time since start: 32030.88s, 	Step: 118912, 	{'train/accuracy': 0.7019667029380798, 'train/loss': 1.476060152053833, 'train/bleu': 35.77103313641051, 'validation/accuracy': 0.6809462904930115, 'validation/loss': 1.589484691619873, 'validation/bleu': 29.632325128911074, 'validation/num_examples': 3000, 'test/accuracy': 0.6948230862617493, 'test/loss': 1.5282624959945679, 'test/bleu': 29.597929561754857, 'test/num_examples': 3003, 'score': 16169.094386339188, 'total_duration': 32030.88133406639, 'accumulated_submission_time': 16169.094386339188, 'accumulated_eval_time': 15859.558143854141, 'accumulated_logging_time': 1.2982487678527832}
I0618 17:48:15.076454 140393076975360 logging_writer.py:48] [118912] accumulated_eval_time=15859.6, accumulated_logging_time=1.29825, accumulated_submission_time=16169.1, global_step=118912, preemption_count=0, score=16169.1, test/accuracy=0.694823, test/bleu=29.5979, test/loss=1.52826, test/num_examples=3003, total_duration=32030.9, train/accuracy=0.701967, train/bleu=35.771, train/loss=1.47606, validation/accuracy=0.680946, validation/bleu=29.6323, validation/loss=1.58948, validation/num_examples=3000
I0618 17:58:59.472248 140551079232704 spec.py:333] Evaluating on the training split.
I0618 17:59:00.761940 140551079232704 workload.py:200] Translating evaluation dataset.
I0618 18:02:59.916310 140551079232704 spec.py:346] Evaluating on the validation split.
I0618 18:03:01.225457 140551079232704 workload.py:200] Translating evaluation dataset.
I0618 18:05:55.936512 140551079232704 spec.py:363] Evaluating on the test split.
I0618 18:05:57.233580 140551079232704 workload.py:200] Translating evaluation dataset.
I0618 18:08:54.383955 140551079232704 submission_runner.py:516] Time since start: 33270.22s, 	Step: 123682, 	{'train/accuracy': 0.7032626271247864, 'train/loss': 1.4678353071212769, 'train/bleu': 35.41253256233477, 'validation/accuracy': 0.6809462904930115, 'validation/loss': 1.5891939401626587, 'validation/bleu': 29.64475350705387, 'validation/num_examples': 3000, 'test/accuracy': 0.6947533488273621, 'test/loss': 1.5279189348220825, 'test/bleu': 29.695547570025024, 'test/num_examples': 3003, 'score': 16813.44220972061, 'total_duration': 33270.217200517654, 'accumulated_submission_time': 16813.44220972061, 'accumulated_eval_time': 16454.469774484634, 'accumulated_logging_time': 1.3361661434173584}
I0618 18:08:54.412601 140393076975360 logging_writer.py:48] [123682] accumulated_eval_time=16454.5, accumulated_logging_time=1.33617, accumulated_submission_time=16813.4, global_step=123682, preemption_count=0, score=16813.4, test/accuracy=0.694753, test/bleu=29.6955, test/loss=1.52792, test/num_examples=3003, total_duration=33270.2, train/accuracy=0.703263, train/bleu=35.4125, train/loss=1.46784, validation/accuracy=0.680946, validation/bleu=29.6448, validation/loss=1.58919, validation/num_examples=3000
I0618 18:19:38.817155 140551079232704 spec.py:333] Evaluating on the training split.
I0618 18:19:40.101567 140551079232704 workload.py:200] Translating evaluation dataset.
I0618 18:23:35.265078 140551079232704 spec.py:346] Evaluating on the validation split.
I0618 18:23:36.589214 140551079232704 workload.py:200] Translating evaluation dataset.
I0618 18:26:31.308402 140551079232704 spec.py:363] Evaluating on the test split.
I0618 18:26:32.598218 140551079232704 workload.py:200] Translating evaluation dataset.
I0618 18:29:29.552862 140551079232704 submission_runner.py:516] Time since start: 34505.39s, 	Step: 128461, 	{'train/accuracy': 0.7008068561553955, 'train/loss': 1.4864912033081055, 'train/bleu': 35.183607728125004, 'validation/accuracy': 0.6809462904930115, 'validation/loss': 1.5891940593719482, 'validation/bleu': 29.64475350705387, 'validation/num_examples': 3000, 'test/accuracy': 0.6947533488273621, 'test/loss': 1.5279189348220825, 'test/bleu': 29.695547570025024, 'test/num_examples': 3003, 'score': 17457.799969434738, 'total_duration': 34505.386105298996, 'accumulated_submission_time': 17457.799969434738, 'accumulated_eval_time': 17045.20541214943, 'accumulated_logging_time': 1.374340534210205}
I0618 18:29:29.582273 140393076975360 logging_writer.py:48] [128461] accumulated_eval_time=17045.2, accumulated_logging_time=1.37434, accumulated_submission_time=17457.8, global_step=128461, preemption_count=0, score=17457.8, test/accuracy=0.694753, test/bleu=29.6955, test/loss=1.52792, test/num_examples=3003, total_duration=34505.4, train/accuracy=0.700807, train/bleu=35.1836, train/loss=1.48649, validation/accuracy=0.680946, validation/bleu=29.6448, validation/loss=1.58919, validation/num_examples=3000
I0618 18:40:13.996462 140551079232704 spec.py:333] Evaluating on the training split.
I0618 18:40:15.286216 140551079232704 workload.py:200] Translating evaluation dataset.
I0618 18:44:09.659122 140551079232704 spec.py:346] Evaluating on the validation split.
I0618 18:44:10.984260 140551079232704 workload.py:200] Translating evaluation dataset.
I0618 18:47:06.043156 140551079232704 spec.py:363] Evaluating on the test split.
I0618 18:47:07.356693 140551079232704 workload.py:200] Translating evaluation dataset.
I0618 18:50:04.440870 140551079232704 submission_runner.py:516] Time since start: 35740.27s, 	Step: 133226, 	{'train/accuracy': 0.7051170468330383, 'train/loss': 1.4647433757781982, 'train/bleu': 35.64455025600197, 'validation/accuracy': 0.6809462904930115, 'validation/loss': 1.5891940593719482, 'validation/bleu': 29.64475350705387, 'validation/num_examples': 3000, 'test/accuracy': 0.6947533488273621, 'test/loss': 1.5279189348220825, 'test/bleu': 29.695547570025024, 'test/num_examples': 3003, 'score': 18102.168243169785, 'total_duration': 35740.274114608765, 'accumulated_submission_time': 18102.168243169785, 'accumulated_eval_time': 17635.649740457535, 'accumulated_logging_time': 1.413008213043213}
I0618 18:50:04.470587 140393068582656 logging_writer.py:48] [133226] accumulated_eval_time=17635.6, accumulated_logging_time=1.41301, accumulated_submission_time=18102.2, global_step=133226, preemption_count=0, score=18102.2, test/accuracy=0.694753, test/bleu=29.6955, test/loss=1.52792, test/num_examples=3003, total_duration=35740.3, train/accuracy=0.705117, train/bleu=35.6446, train/loss=1.46474, validation/accuracy=0.680946, validation/bleu=29.6448, validation/loss=1.58919, validation/num_examples=3000
I0618 19:00:49.397139 140551079232704 spec.py:333] Evaluating on the training split.
I0618 19:00:50.689981 140551079232704 workload.py:200] Translating evaluation dataset.
I0618 19:04:51.216909 140551079232704 spec.py:346] Evaluating on the validation split.
I0618 19:04:52.551657 140551079232704 workload.py:200] Translating evaluation dataset.
I0618 19:07:47.272068 140551079232704 spec.py:363] Evaluating on the test split.
I0618 19:07:48.573136 140551079232704 workload.py:200] Translating evaluation dataset.
I0618 19:10:45.742601 140551079232704 submission_runner.py:516] Time since start: 36981.58s, 	Step: 138000, 	{'train/accuracy': 0.7038859724998474, 'train/loss': 1.47017502784729, 'train/bleu': 35.451105773887186, 'validation/accuracy': 0.6809462904930115, 'validation/loss': 1.5891940593719482, 'validation/bleu': 29.64475350705387, 'validation/num_examples': 3000, 'test/accuracy': 0.6947533488273621, 'test/loss': 1.5279189348220825, 'test/bleu': 29.695547570025024, 'test/num_examples': 3003, 'score': 18747.04910993576, 'total_duration': 36981.575840473175, 'accumulated_submission_time': 18747.04910993576, 'accumulated_eval_time': 18231.995115995407, 'accumulated_logging_time': 1.451902151107788}
I0618 19:10:45.776304 140393093760768 logging_writer.py:48] [138000] accumulated_eval_time=18232, accumulated_logging_time=1.4519, accumulated_submission_time=18747, global_step=138000, preemption_count=0, score=18747, test/accuracy=0.694753, test/bleu=29.6955, test/loss=1.52792, test/num_examples=3003, total_duration=36981.6, train/accuracy=0.703886, train/bleu=35.4511, train/loss=1.47018, validation/accuracy=0.680946, validation/bleu=29.6448, validation/loss=1.58919, validation/num_examples=3000
I0618 19:21:30.175690 140551079232704 spec.py:333] Evaluating on the training split.
I0618 19:21:31.464357 140551079232704 workload.py:200] Translating evaluation dataset.
I0618 19:25:27.077501 140551079232704 spec.py:346] Evaluating on the validation split.
I0618 19:25:28.396691 140551079232704 workload.py:200] Translating evaluation dataset.
I0618 19:28:23.504471 140551079232704 spec.py:363] Evaluating on the test split.
I0618 19:28:24.790674 140551079232704 workload.py:200] Translating evaluation dataset.
I0618 19:31:21.946678 140551079232704 submission_runner.py:516] Time since start: 38217.78s, 	Step: 142777, 	{'train/accuracy': 0.7027908563613892, 'train/loss': 1.4668980836868286, 'train/bleu': 35.20253032512864, 'validation/accuracy': 0.6809462904930115, 'validation/loss': 1.5891940593719482, 'validation/bleu': 29.64475350705387, 'validation/num_examples': 3000, 'test/accuracy': 0.6947533488273621, 'test/loss': 1.5279189348220825, 'test/bleu': 29.695547570025024, 'test/num_examples': 3003, 'score': 19391.40235733986, 'total_duration': 38217.77992272377, 'accumulated_submission_time': 19391.40235733986, 'accumulated_eval_time': 18823.766029834747, 'accumulated_logging_time': 1.4948594570159912}
I0618 19:31:21.976978 140393076975360 logging_writer.py:48] [142777] accumulated_eval_time=18823.8, accumulated_logging_time=1.49486, accumulated_submission_time=19391.4, global_step=142777, preemption_count=0, score=19391.4, test/accuracy=0.694753, test/bleu=29.6955, test/loss=1.52792, test/num_examples=3003, total_duration=38217.8, train/accuracy=0.702791, train/bleu=35.2025, train/loss=1.4669, validation/accuracy=0.680946, validation/bleu=29.6448, validation/loss=1.58919, validation/num_examples=3000
I0618 19:42:06.367266 140551079232704 spec.py:333] Evaluating on the training split.
I0618 19:42:07.672298 140551079232704 workload.py:200] Translating evaluation dataset.
I0618 19:45:52.834712 140551079232704 spec.py:346] Evaluating on the validation split.
I0618 19:45:54.147783 140551079232704 workload.py:200] Translating evaluation dataset.
I0618 19:48:49.988197 140551079232704 spec.py:363] Evaluating on the test split.
I0618 19:48:51.281231 140551079232704 workload.py:200] Translating evaluation dataset.
I0618 19:51:48.466104 140551079232704 submission_runner.py:516] Time since start: 39444.30s, 	Step: 147546, 	{'train/accuracy': 0.7015695571899414, 'train/loss': 1.474743366241455, 'train/bleu': 35.62693498438372, 'validation/accuracy': 0.6809462904930115, 'validation/loss': 1.5891940593719482, 'validation/bleu': 29.64475350705387, 'validation/num_examples': 3000, 'test/accuracy': 0.6947533488273621, 'test/loss': 1.5279189348220825, 'test/bleu': 29.695547570025024, 'test/num_examples': 3003, 'score': 20035.747017621994, 'total_duration': 39444.29929423332, 'accumulated_submission_time': 20035.747017621994, 'accumulated_eval_time': 19405.864748716354, 'accumulated_logging_time': 1.5344669818878174}
I0618 19:51:48.495324 140393076975360 logging_writer.py:48] [147546] accumulated_eval_time=19405.9, accumulated_logging_time=1.53447, accumulated_submission_time=20035.7, global_step=147546, preemption_count=0, score=20035.7, test/accuracy=0.694753, test/bleu=29.6955, test/loss=1.52792, test/num_examples=3003, total_duration=39444.3, train/accuracy=0.70157, train/bleu=35.6269, train/loss=1.47474, validation/accuracy=0.680946, validation/bleu=29.6448, validation/loss=1.58919, validation/num_examples=3000
I0618 20:02:32.826569 140551079232704 spec.py:333] Evaluating on the training split.
I0618 20:02:34.112206 140551079232704 workload.py:200] Translating evaluation dataset.
I0618 20:06:24.578745 140551079232704 spec.py:346] Evaluating on the validation split.
I0618 20:06:25.896970 140551079232704 workload.py:200] Translating evaluation dataset.
I0618 20:09:20.744940 140551079232704 spec.py:363] Evaluating on the test split.
I0618 20:09:22.042854 140551079232704 workload.py:200] Translating evaluation dataset.
I0618 20:12:19.236116 140551079232704 submission_runner.py:516] Time since start: 40675.07s, 	Step: 152321, 	{'train/accuracy': 0.7039236426353455, 'train/loss': 1.466687560081482, 'train/bleu': 35.338651683163334, 'validation/accuracy': 0.6809462904930115, 'validation/loss': 1.5891940593719482, 'validation/bleu': 29.64475350705387, 'validation/num_examples': 3000, 'test/accuracy': 0.6947533488273621, 'test/loss': 1.5279189348220825, 'test/bleu': 29.695547570025024, 'test/num_examples': 3003, 'score': 20680.03169822693, 'total_duration': 40675.06934762001, 'accumulated_submission_time': 20680.03169822693, 'accumulated_eval_time': 19992.274199724197, 'accumulated_logging_time': 1.5730879306793213}
I0618 20:12:19.269026 140393102153472 logging_writer.py:48] [152321] accumulated_eval_time=19992.3, accumulated_logging_time=1.57309, accumulated_submission_time=20680, global_step=152321, preemption_count=0, score=20680, test/accuracy=0.694753, test/bleu=29.6955, test/loss=1.52792, test/num_examples=3003, total_duration=40675.1, train/accuracy=0.703924, train/bleu=35.3387, train/loss=1.46669, validation/accuracy=0.680946, validation/bleu=29.6448, validation/loss=1.58919, validation/num_examples=3000
I0618 20:23:03.696266 140551079232704 spec.py:333] Evaluating on the training split.
I0618 20:23:04.977621 140551079232704 workload.py:200] Translating evaluation dataset.
I0618 20:27:00.920973 140551079232704 spec.py:346] Evaluating on the validation split.
I0618 20:27:02.247905 140551079232704 workload.py:200] Translating evaluation dataset.
I0618 20:29:57.260286 140551079232704 spec.py:363] Evaluating on the test split.
I0618 20:29:58.580655 140551079232704 workload.py:200] Translating evaluation dataset.
I0618 20:32:55.783315 140551079232704 submission_runner.py:516] Time since start: 41911.62s, 	Step: 157088, 	{'train/accuracy': 0.7031762599945068, 'train/loss': 1.4689252376556396, 'train/bleu': 35.349862523417315, 'validation/accuracy': 0.6809462904930115, 'validation/loss': 1.5891940593719482, 'validation/bleu': 29.64475350705387, 'validation/num_examples': 3000, 'test/accuracy': 0.6947533488273621, 'test/loss': 1.5279189348220825, 'test/bleu': 29.695547570025024, 'test/num_examples': 3003, 'score': 21324.411809444427, 'total_duration': 41911.616544008255, 'accumulated_submission_time': 21324.411809444427, 'accumulated_eval_time': 20584.36115384102, 'accumulated_logging_time': 1.6153860092163086}
I0618 20:32:55.814874 140393076975360 logging_writer.py:48] [157088] accumulated_eval_time=20584.4, accumulated_logging_time=1.61539, accumulated_submission_time=21324.4, global_step=157088, preemption_count=0, score=21324.4, test/accuracy=0.694753, test/bleu=29.6955, test/loss=1.52792, test/num_examples=3003, total_duration=41911.6, train/accuracy=0.703176, train/bleu=35.3499, train/loss=1.46893, validation/accuracy=0.680946, validation/bleu=29.6448, validation/loss=1.58919, validation/num_examples=3000
I0618 20:43:40.257703 140551079232704 spec.py:333] Evaluating on the training split.
I0618 20:43:41.556809 140551079232704 workload.py:200] Translating evaluation dataset.
I0618 20:47:23.490318 140551079232704 spec.py:346] Evaluating on the validation split.
I0618 20:47:24.804539 140551079232704 workload.py:200] Translating evaluation dataset.
I0618 20:50:19.546089 140551079232704 spec.py:363] Evaluating on the test split.
I0618 20:50:20.839325 140551079232704 workload.py:200] Translating evaluation dataset.
I0618 20:53:17.966517 140551079232704 submission_runner.py:516] Time since start: 43133.80s, 	Step: 161855, 	{'train/accuracy': 0.7038358449935913, 'train/loss': 1.4639812707901, 'train/bleu': 35.985939910038255, 'validation/accuracy': 0.6809462904930115, 'validation/loss': 1.5891940593719482, 'validation/bleu': 29.64475350705387, 'validation/num_examples': 3000, 'test/accuracy': 0.6947533488273621, 'test/loss': 1.5279189348220825, 'test/bleu': 29.695547570025024, 'test/num_examples': 3003, 'score': 21968.8089966774, 'total_duration': 43133.79972267151, 'accumulated_submission_time': 21968.8089966774, 'accumulated_eval_time': 21162.069853782654, 'accumulated_logging_time': 1.6563587188720703}
I0618 20:53:17.997332 140393118938880 logging_writer.py:48] [161855] accumulated_eval_time=21162.1, accumulated_logging_time=1.65636, accumulated_submission_time=21968.8, global_step=161855, preemption_count=0, score=21968.8, test/accuracy=0.694753, test/bleu=29.6955, test/loss=1.52792, test/num_examples=3003, total_duration=43133.8, train/accuracy=0.703836, train/bleu=35.9859, train/loss=1.46398, validation/accuracy=0.680946, validation/bleu=29.6448, validation/loss=1.58919, validation/num_examples=3000
I0618 21:04:02.436621 140551079232704 spec.py:333] Evaluating on the training split.
I0618 21:04:03.734132 140551079232704 workload.py:200] Translating evaluation dataset.
I0618 21:07:55.112688 140551079232704 spec.py:346] Evaluating on the validation split.
I0618 21:07:56.430577 140551079232704 workload.py:200] Translating evaluation dataset.
I0618 21:10:51.547039 140551079232704 spec.py:363] Evaluating on the test split.
I0618 21:10:52.836574 140551079232704 workload.py:200] Translating evaluation dataset.
I0618 21:13:49.763947 140551079232704 submission_runner.py:516] Time since start: 44365.60s, 	Step: 166628, 	{'train/accuracy': 0.6992383003234863, 'train/loss': 1.4901657104492188, 'train/bleu': 35.493020168956, 'validation/accuracy': 0.6809462904930115, 'validation/loss': 1.5891940593719482, 'validation/bleu': 29.64475350705387, 'validation/num_examples': 3000, 'test/accuracy': 0.6947533488273621, 'test/loss': 1.5279189348220825, 'test/bleu': 29.695547570025024, 'test/num_examples': 3003, 'score': 22613.202775239944, 'total_duration': 44365.59718585014, 'accumulated_submission_time': 22613.202775239944, 'accumulated_eval_time': 21749.397088050842, 'accumulated_logging_time': 1.696448564529419}
I0618 21:13:49.798526 140386441197312 logging_writer.py:48] [166628] accumulated_eval_time=21749.4, accumulated_logging_time=1.69645, accumulated_submission_time=22613.2, global_step=166628, preemption_count=0, score=22613.2, test/accuracy=0.694753, test/bleu=29.6955, test/loss=1.52792, test/num_examples=3003, total_duration=44365.6, train/accuracy=0.699238, train/bleu=35.493, train/loss=1.49017, validation/accuracy=0.680946, validation/bleu=29.6448, validation/loss=1.58919, validation/num_examples=3000
I0618 21:24:34.162135 140551079232704 spec.py:333] Evaluating on the training split.
I0618 21:24:35.452014 140551079232704 workload.py:200] Translating evaluation dataset.
I0618 21:28:34.259810 140551079232704 spec.py:346] Evaluating on the validation split.
I0618 21:28:35.566295 140551079232704 workload.py:200] Translating evaluation dataset.
I0618 21:31:30.295415 140551079232704 spec.py:363] Evaluating on the test split.
I0618 21:31:31.578178 140551079232704 workload.py:200] Translating evaluation dataset.
I0618 21:34:27.980808 140551079232704 submission_runner.py:516] Time since start: 45603.81s, 	Step: 171394, 	{'train/accuracy': 0.7045333981513977, 'train/loss': 1.45537269115448, 'train/bleu': 35.683925064933845, 'validation/accuracy': 0.6809462904930115, 'validation/loss': 1.5891940593719482, 'validation/bleu': 29.64475350705387, 'validation/num_examples': 3000, 'test/accuracy': 0.6947533488273621, 'test/loss': 1.5279189348220825, 'test/bleu': 29.695547570025024, 'test/num_examples': 3003, 'score': 23257.51964211464, 'total_duration': 45603.814041376114, 'accumulated_submission_time': 23257.51964211464, 'accumulated_eval_time': 22343.21567797661, 'accumulated_logging_time': 1.7407374382019043}
I0618 21:34:28.013006 140386441197312 logging_writer.py:48] [171394] accumulated_eval_time=22343.2, accumulated_logging_time=1.74074, accumulated_submission_time=23257.5, global_step=171394, preemption_count=0, score=23257.5, test/accuracy=0.694753, test/bleu=29.6955, test/loss=1.52792, test/num_examples=3003, total_duration=45603.8, train/accuracy=0.704533, train/bleu=35.6839, train/loss=1.45537, validation/accuracy=0.680946, validation/bleu=29.6448, validation/loss=1.58919, validation/num_examples=3000
I0618 21:45:12.444157 140551079232704 spec.py:333] Evaluating on the training split.
I0618 21:45:13.728069 140551079232704 workload.py:200] Translating evaluation dataset.
I0618 21:49:08.402601 140551079232704 spec.py:346] Evaluating on the validation split.
I0618 21:49:09.725339 140551079232704 workload.py:200] Translating evaluation dataset.
I0618 21:52:04.202467 140551079232704 spec.py:363] Evaluating on the test split.
I0618 21:52:05.482685 140551079232704 workload.py:200] Translating evaluation dataset.
I0618 21:55:01.895571 140551079232704 submission_runner.py:516] Time since start: 46837.73s, 	Step: 176167, 	{'train/accuracy': 0.6987790465354919, 'train/loss': 1.4940439462661743, 'train/bleu': 35.493780177559444, 'validation/accuracy': 0.6809462904930115, 'validation/loss': 1.5891940593719482, 'validation/bleu': 29.64475350705387, 'validation/num_examples': 3000, 'test/accuracy': 0.6947533488273621, 'test/loss': 1.5279189348220825, 'test/bleu': 29.695547570025024, 'test/num_examples': 3003, 'score': 23901.905710220337, 'total_duration': 46837.72870564461, 'accumulated_submission_time': 23901.905710220337, 'accumulated_eval_time': 22932.666902780533, 'accumulated_logging_time': 1.7837345600128174}
I0618 21:55:01.925533 140393076975360 logging_writer.py:48] [176167] accumulated_eval_time=22932.7, accumulated_logging_time=1.78373, accumulated_submission_time=23901.9, global_step=176167, preemption_count=0, score=23901.9, test/accuracy=0.694753, test/bleu=29.6955, test/loss=1.52792, test/num_examples=3003, total_duration=46837.7, train/accuracy=0.698779, train/bleu=35.4938, train/loss=1.49404, validation/accuracy=0.680946, validation/bleu=29.6448, validation/loss=1.58919, validation/num_examples=3000
I0618 22:05:46.342492 140393110546176 logging_writer.py:48] [180935] global_step=180935, preemption_count=0, score=24546.3
I0618 22:05:46.363057 140551079232704 submission_runner.py:857] Final wmt score: 24546.25912952423
