python submission_runner.py --framework=jax --workload=wmt --submission_path=submissions_algorithms/submissions/self_tuning/nadamw/submission.py --data_dir=/data/wmt --experiment_dir=/experiment_runs --experiment_name=submissions_a100/nadamw/study_1 --overwrite=True --save_checkpoints=False --rng_seed=1967463575 --tuning_ruleset=self 2>&1 | tee -a /logs/wmt_jax_04-11-2026-01-00-44.log
2026-04-11 01:00:45.523381: E external/local_xla/xla/stream_executor/cuda/cuda_fft.cc:467] Unable to register cuFFT factory: Attempting to register factory for plugin cuFFT when one has already been registered
WARNING: All log messages before absl::InitializeLog() is called are written to STDERR
E0000 00:00:1775869245.549496       9 cuda_dnn.cc:8579] Unable to register cuDNN factory: Attempting to register factory for plugin cuDNN when one has already been registered
E0000 00:00:1775869245.558079       9 cuda_blas.cc:1407] Unable to register cuBLAS factory: Attempting to register factory for plugin cuBLAS when one has already been registered
W0000 00:00:1775869245.584165       9 computation_placer.cc:177] computation placer already registered. Please check linkage and avoid linking the same target more than once.
W0000 00:00:1775869245.584192       9 computation_placer.cc:177] computation placer already registered. Please check linkage and avoid linking the same target more than once.
W0000 00:00:1775869245.584194       9 computation_placer.cc:177] computation placer already registered. Please check linkage and avoid linking the same target more than once.
W0000 00:00:1775869245.584197       9 computation_placer.cc:177] computation placer already registered. Please check linkage and avoid linking the same target more than once.
/usr/local/lib/python3.11/site-packages/torch/__init__.py:1617: UserWarning: Please use the new API settings to control TF32 behavior, such as torch.backends.cudnn.conv.fp32_precision = 'tf32' or torch.backends.cuda.matmul.fp32_precision = 'ieee'. Old settings, e.g, torch.backends.cuda.matmul.allow_tf32 = True, torch.backends.cudnn.allow_tf32 = True, allowTF32CuDNN() and allowTF32CuBLAS() will be deprecated after Pytorch 2.9. Please see https://pytorch.org/docs/main/notes/cuda.html#tensorfloat-32-tf32-on-ampere-and-later-devices (Triggered internally at /pytorch/aten/src/ATen/Context.cpp:80.)
  _C._set_float32_matmul_precision(precision)
/usr/local/lib/python3.11/site-packages/pydantic/_internal/_generate_schema.py:2249: UnsupportedFieldAttributeWarning: The 'repr' attribute with value False was provided to the `Field()` function, which has no effect in the context it was used. 'repr' is field-specific metadata, and can only be attached to a model field using `Annotated` metadata or by assignment. This may have happened because an `Annotated` type alias using the `type` statement was used, or if the `Field()` function was attached to a single member of a union type.
  warnings.warn(
/usr/local/lib/python3.11/site-packages/pydantic/_internal/_generate_schema.py:2249: UnsupportedFieldAttributeWarning: The 'frozen' attribute with value True was provided to the `Field()` function, which has no effect in the context it was used. 'frozen' is field-specific metadata, and can only be attached to a model field using `Annotated` metadata or by assignment. This may have happened because an `Annotated` type alias using the `type` statement was used, or if the `Field()` function was attached to a single member of a union type.
  warnings.warn(
INFO:2026-04-11 01:00:55,787:jax._src.xla_bridge:830: Unable to initialize backend 'tpu': INTERNAL: Failed to open libtpu.so: libtpu.so: cannot open shared object file: No such file or directory
I0411 01:00:55.787753 140504811599040 xla_bridge.py:830] Unable to initialize backend 'tpu': INTERNAL: Failed to open libtpu.so: libtpu.so: cannot open shared object file: No such file or directory
I0411 01:00:56.404905 140504811599040 logger_utils.py:59] Removing existing experiment directory /experiment_runs/submissions_a100/nadamw/study_1/wmt_jax because --overwrite was set.
I0411 01:00:56.425054 140504811599040 logger_utils.py:84] Creating experiment directory at /experiment_runs/submissions_a100/nadamw/study_1/wmt_jax.
I0411 01:00:56.840147 140504811599040 submission_runner.py:741] Creating directory at /experiment_runs/submissions_a100/nadamw/study_1/wmt_jax/trial_1.
I0411 01:00:57.120074 140504811599040 submission_runner.py:242] Initializing dataset.
I0411 01:00:57.332930 140504811599040 dataset_info.py:707] Load dataset info from /data/wmt/wmt17_translate/de-en/1.0.0
I0411 01:00:57.387000 140504811599040 dataset_info.py:793] For 'wmt17_translate/de-en/1.0.0': fields info.[splits, supervised_keys] differ on disk and in the code. Keeping the one from code.
I0411 01:00:57.389420 140504811599040 reader.py:262] Creating a tf.data.Dataset reading 16 files located in folders: /data/wmt/wmt17_translate/de-en/1.0.0.
I0411 01:00:57.466250 140504811599040 logging_logger.py:49] Constructing tf.data.Dataset wmt17_translate for split train, from /data/wmt/wmt17_translate/de-en/1.0.0
I0411 01:00:59.308216 140504811599040 submission_runner.py:251] Initializing model.
I0411 01:01:44.995420 140504811599040 submission_runner.py:294] Initializing optimizer.
I0411 01:01:45.367415 140504811599040 submission_runner.py:299] Initializing metrics bundle.
I0411 01:01:45.367655 140504811599040 submission_runner.py:321] Initializing checkpoint and logger.
I0411 01:01:45.378973 140504811599040 checkpoints.py:1098] Found no checkpoint files in /experiment_runs/submissions_a100/nadamw/study_1/wmt_jax/trial_1 with prefix checkpoint_
I0411 01:01:45.379101 140504811599040 submission_runner.py:344] Saving meta data to /experiment_runs/submissions_a100/nadamw/study_1/wmt_jax/trial_1/meta_data_0.json.
I0411 01:01:45.379330 140504811599040 logger_utils.py:283] Unable to record workload.train_mean information. Continuing without it.
I0411 01:01:45.379398 140504811599040 logger_utils.py:283] Unable to record workload.train_stddev information. Continuing without it.
I0411 01:01:45.547052 140504811599040 submission_runner.py:348] Saving flags to /experiment_runs/submissions_a100/nadamw/study_1/wmt_jax/trial_1/flags_0.json.
I0411 01:01:45.560610 140504811599040 submission_runner.py:359] Starting training loop.
I0411 01:02:42.220247 140504811599040 spec.py:333] Evaluating on the training split.
I0411 01:02:42.225125 140504811599040 dataset_info.py:707] Load dataset info from /data/wmt/wmt17_translate/de-en/1.0.0
I0411 01:02:42.227430 140504811599040 dataset_info.py:793] For 'wmt17_translate/de-en/1.0.0': fields info.[splits, supervised_keys] differ on disk and in the code. Keeping the one from code.
I0411 01:02:42.228536 140504811599040 reader.py:262] Creating a tf.data.Dataset reading 16 files located in folders: /data/wmt/wmt17_translate/de-en/1.0.0.
I0411 01:02:42.267675 140504811599040 logging_logger.py:49] Constructing tf.data.Dataset wmt17_translate for split train, from /data/wmt/wmt17_translate/de-en/1.0.0
I0411 01:02:50.455321 140504811599040 workload.py:200] Translating evaluation dataset.
I0411 01:07:58.948485 140504811599040 spec.py:346] Evaluating on the validation split.
I0411 01:07:58.988459 140504811599040 dataset_info.py:707] Load dataset info from /data/wmt/wmt14_translate/de-en/1.0.0
I0411 01:07:59.039491 140504811599040 dataset_info.py:793] For 'wmt14_translate/de-en/1.0.0': fields info.[splits, supervised_keys] differ on disk and in the code. Keeping the one from code.
I0411 01:07:59.040244 140504811599040 reader.py:262] Creating a tf.data.Dataset reading 1 files located in folders: /data/wmt/wmt14_translate/de-en/1.0.0.
I0411 01:07:59.076545 140504811599040 logging_logger.py:49] Constructing tf.data.Dataset wmt14_translate for split validation, from /data/wmt/wmt14_translate/de-en/1.0.0
I0411 01:08:06.373130 140504811599040 workload.py:200] Translating evaluation dataset.
I0411 01:13:04.635575 140504811599040 spec.py:363] Evaluating on the test split.
I0411 01:13:04.638396 140504811599040 dataset_info.py:707] Load dataset info from /data/wmt/wmt14_translate/de-en/1.0.0
I0411 01:13:04.640664 140504811599040 dataset_info.py:793] For 'wmt14_translate/de-en/1.0.0': fields info.[splits, supervised_keys] differ on disk and in the code. Keeping the one from code.
I0411 01:13:04.641423 140504811599040 reader.py:262] Creating a tf.data.Dataset reading 1 files located in folders: /data/wmt/wmt14_translate/de-en/1.0.0.
I0411 01:13:04.677634 140504811599040 logging_logger.py:49] Constructing tf.data.Dataset wmt14_translate for split test, from /data/wmt/wmt14_translate/de-en/1.0.0
I0411 01:13:05.771067 140504811599040 workload.py:200] Translating evaluation dataset.
I0411 01:18:02.360391 140504811599040 submission_runner.py:516] Time since start: 976.80s, 	Step: 1, 	{'train/accuracy': 0.0006587764946743846, 'train/loss': 11.076417922973633, 'train/bleu': 0.0, 'validation/accuracy': 0.0004835649742744863, 'validation/loss': 11.073659896850586, 'validation/bleu': 0.0, 'validation/num_examples': 3000, 'test/accuracy': 0.0007088489946909249, 'test/loss': 11.062963485717773, 'test/bleu': 0.0, 'test/num_examples': 3003, 'score': 56.65945386886597, 'total_duration': 976.7996776103973, 'accumulated_submission_time': 56.65945386886597, 'accumulated_eval_time': 920.1400611400604, 'accumulated_logging_time': 0}
I0411 01:18:02.407582 140340161881856 logging_writer.py:48] [1] accumulated_eval_time=920.14, accumulated_logging_time=0, accumulated_submission_time=56.6595, global_step=1, preemption_count=0, score=56.6595, test/accuracy=0.000708849, test/bleu=0, test/loss=11.063, test/num_examples=3003, total_duration=976.8, train/accuracy=0.000658776, train/bleu=0, train/loss=11.0764, validation/accuracy=0.000483565, validation/bleu=0, validation/loss=11.0737, validation/num_examples=3000
I0411 01:28:46.491711 140504811599040 spec.py:333] Evaluating on the training split.
I0411 01:28:47.785013 140504811599040 workload.py:200] Translating evaluation dataset.
I0411 01:31:58.113712 140504811599040 spec.py:346] Evaluating on the validation split.
I0411 01:31:59.053483 140504811599040 workload.py:200] Translating evaluation dataset.
I0411 01:35:03.328927 140504811599040 spec.py:363] Evaluating on the test split.
I0411 01:35:04.245435 140504811599040 workload.py:200] Translating evaluation dataset.
I0411 01:37:55.435374 140504811599040 submission_runner.py:516] Time since start: 2169.87s, 	Step: 4641, 	{'train/accuracy': 0.5498490333557129, 'train/loss': 2.5641400814056396, 'train/bleu': 25.64311895414219, 'validation/accuracy': 0.5537934899330139, 'validation/loss': 2.49391508102417, 'validation/bleu': 21.107937844416742, 'validation/num_examples': 3000, 'test/accuracy': 0.5554935932159424, 'test/loss': 2.5110349655151367, 'test/bleu': 19.615859885980345, 'test/num_examples': 3003, 'score': 700.674159526825, 'total_duration': 2169.8745901584625, 'accumulated_submission_time': 700.674159526825, 'accumulated_eval_time': 1469.083578824997, 'accumulated_logging_time': 0.07765030860900879}
I0411 01:37:55.478049 140340170274560 logging_writer.py:48] [4641] accumulated_eval_time=1469.08, accumulated_logging_time=0.0776503, accumulated_submission_time=700.674, global_step=4641, preemption_count=0, score=700.674, test/accuracy=0.555494, test/bleu=19.6159, test/loss=2.51103, test/num_examples=3003, total_duration=2169.87, train/accuracy=0.549849, train/bleu=25.6431, train/loss=2.56414, validation/accuracy=0.553793, validation/bleu=21.1079, validation/loss=2.49392, validation/num_examples=3000
I0411 01:48:39.497952 140504811599040 spec.py:333] Evaluating on the training split.
I0411 01:48:40.795377 140504811599040 workload.py:200] Translating evaluation dataset.
I0411 01:51:49.353272 140504811599040 spec.py:346] Evaluating on the validation split.
I0411 01:51:50.300111 140504811599040 workload.py:200] Translating evaluation dataset.
I0411 01:54:46.055089 140504811599040 spec.py:363] Evaluating on the test split.
I0411 01:54:46.991961 140504811599040 workload.py:200] Translating evaluation dataset.
I0411 01:57:30.655193 140504811599040 submission_runner.py:516] Time since start: 3345.09s, 	Step: 9662, 	{'train/accuracy': 0.5983632206916809, 'train/loss': 2.0749006271362305, 'train/bleu': 28.02437861934194, 'validation/accuracy': 0.6108913421630859, 'validation/loss': 1.9684354066848755, 'validation/bleu': 24.6107532675913, 'validation/num_examples': 3000, 'test/accuracy': 0.6165708303451538, 'test/loss': 1.9302279949188232, 'test/bleu': 23.53135292910382, 'test/num_examples': 3003, 'score': 1344.6429119110107, 'total_duration': 3345.094482421875, 'accumulated_submission_time': 1344.6429119110107, 'accumulated_eval_time': 2000.2407371997833, 'accumulated_logging_time': 0.1299726963043213}
I0411 01:57:30.699093 140340270233344 logging_writer.py:48] [9662] accumulated_eval_time=2000.24, accumulated_logging_time=0.129973, accumulated_submission_time=1344.64, global_step=9662, preemption_count=0, score=1344.64, test/accuracy=0.616571, test/bleu=23.5314, test/loss=1.93023, test/num_examples=3003, total_duration=3345.09, train/accuracy=0.598363, train/bleu=28.0244, train/loss=2.0749, validation/accuracy=0.610891, validation/bleu=24.6108, validation/loss=1.96844, validation/num_examples=3000
I0411 02:08:14.758464 140504811599040 spec.py:333] Evaluating on the training split.
I0411 02:08:16.055298 140504811599040 workload.py:200] Translating evaluation dataset.
I0411 02:12:24.585654 140504811599040 spec.py:346] Evaluating on the validation split.
I0411 02:12:25.529540 140504811599040 workload.py:200] Translating evaluation dataset.
I0411 02:15:23.476743 140504811599040 spec.py:363] Evaluating on the test split.
I0411 02:15:24.393005 140504811599040 workload.py:200] Translating evaluation dataset.
I0411 02:17:58.413531 140504811599040 submission_runner.py:516] Time since start: 4572.85s, 	Step: 14686, 	{'train/accuracy': 0.6219822764396667, 'train/loss': 1.86429762840271, 'train/bleu': 29.610421356931592, 'validation/accuracy': 0.6371402740478516, 'validation/loss': 1.74806547164917, 'validation/bleu': 26.600023738802346, 'validation/num_examples': 3000, 'test/accuracy': 0.6444018483161926, 'test/loss': 1.6991713047027588, 'test/bleu': 25.7750070606625, 'test/num_examples': 3003, 'score': 1988.6505835056305, 'total_duration': 4572.8528118133545, 'accumulated_submission_time': 1988.6505835056305, 'accumulated_eval_time': 2583.8957164287567, 'accumulated_logging_time': 0.18340730667114258}
I0411 02:17:58.458276 140340228269824 logging_writer.py:48] [14686] accumulated_eval_time=2583.9, accumulated_logging_time=0.183407, accumulated_submission_time=1988.65, global_step=14686, preemption_count=0, score=1988.65, test/accuracy=0.644402, test/bleu=25.775, test/loss=1.69917, test/num_examples=3003, total_duration=4572.85, train/accuracy=0.621982, train/bleu=29.6104, train/loss=1.8643, validation/accuracy=0.63714, validation/bleu=26.6, validation/loss=1.74807, validation/num_examples=3000
I0411 02:28:42.415261 140504811599040 spec.py:333] Evaluating on the training split.
I0411 02:28:43.708920 140504811599040 workload.py:200] Translating evaluation dataset.
I0411 02:32:33.953747 140504811599040 spec.py:346] Evaluating on the validation split.
I0411 02:32:34.897214 140504811599040 workload.py:200] Translating evaluation dataset.
I0411 02:36:09.280930 140504811599040 spec.py:363] Evaluating on the test split.
I0411 02:36:10.197513 140504811599040 workload.py:200] Translating evaluation dataset.
I0411 02:39:40.864581 140504811599040 submission_runner.py:516] Time since start: 5875.30s, 	Step: 19710, 	{'train/accuracy': 0.5932974219322205, 'train/loss': 2.0595428943634033, 'train/bleu': 26.844998236357846, 'validation/accuracy': 0.5934706330299377, 'validation/loss': 2.0751266479492188, 'validation/bleu': 22.585245845137237, 'validation/num_examples': 3000, 'test/accuracy': 0.5935390591621399, 'test/loss': 2.0872814655303955, 'test/bleu': 20.716816804621445, 'test/num_examples': 3003, 'score': 2632.5556285381317, 'total_duration': 5875.3038601875305, 'accumulated_submission_time': 2632.5556285381317, 'accumulated_eval_time': 3242.3449490070343, 'accumulated_logging_time': 0.2380363941192627}
I0411 02:39:40.906253 140340236662528 logging_writer.py:48] [19710] accumulated_eval_time=3242.34, accumulated_logging_time=0.238036, accumulated_submission_time=2632.56, global_step=19710, preemption_count=0, score=2632.56, test/accuracy=0.593539, test/bleu=20.7168, test/loss=2.08728, test/num_examples=3003, total_duration=5875.3, train/accuracy=0.593297, train/bleu=26.845, train/loss=2.05954, validation/accuracy=0.593471, validation/bleu=22.5852, validation/loss=2.07513, validation/num_examples=3000
I0411 02:50:24.967690 140504811599040 spec.py:333] Evaluating on the training split.
I0411 02:50:26.263347 140504811599040 workload.py:200] Translating evaluation dataset.
I0411 02:55:11.739185 140504811599040 spec.py:346] Evaluating on the validation split.
I0411 02:55:12.684721 140504811599040 workload.py:200] Translating evaluation dataset.
I0411 02:59:18.146043 140504811599040 spec.py:363] Evaluating on the test split.
I0411 02:59:19.062597 140504811599040 workload.py:200] Translating evaluation dataset.
I0411 03:02:30.293864 140504811599040 submission_runner.py:516] Time since start: 7244.73s, 	Step: 24734, 	{'train/accuracy': 0.62322598695755, 'train/loss': 1.8485008478164673, 'train/bleu': 29.359539104291326, 'validation/accuracy': 0.6385413408279419, 'validation/loss': 1.748522162437439, 'validation/bleu': 26.02822543145487, 'validation/num_examples': 3000, 'test/accuracy': 0.6437394618988037, 'test/loss': 1.712656021118164, 'test/bleu': 25.193752687839776, 'test/num_examples': 3003, 'score': 3276.5645921230316, 'total_duration': 7244.733085632324, 'accumulated_submission_time': 3276.5645921230316, 'accumulated_eval_time': 3967.670981645584, 'accumulated_logging_time': 0.28904080390930176}
I0411 03:02:30.549379 140340236662528 logging_writer.py:48] [24734] accumulated_eval_time=3967.67, accumulated_logging_time=0.289041, accumulated_submission_time=3276.56, global_step=24734, preemption_count=0, score=3276.56, test/accuracy=0.643739, test/bleu=25.1938, test/loss=1.71266, test/num_examples=3003, total_duration=7244.73, train/accuracy=0.623226, train/bleu=29.3595, train/loss=1.8485, validation/accuracy=0.638541, validation/bleu=26.0282, validation/loss=1.74852, validation/num_examples=3000
I0411 03:13:14.373258 140504811599040 spec.py:333] Evaluating on the training split.
I0411 03:13:15.669165 140504811599040 workload.py:200] Translating evaluation dataset.
I0411 03:17:05.269765 140504811599040 spec.py:346] Evaluating on the validation split.
I0411 03:17:06.215094 140504811599040 workload.py:200] Translating evaluation dataset.
I0411 03:20:08.158714 140504811599040 spec.py:363] Evaluating on the test split.
I0411 03:20:09.074243 140504811599040 workload.py:200] Translating evaluation dataset.
I0411 03:23:12.630517 140504811599040 submission_runner.py:516] Time since start: 8487.07s, 	Step: 29757, 	{'train/accuracy': 0.6261365413665771, 'train/loss': 1.830672025680542, 'train/bleu': 29.910307200012642, 'validation/accuracy': 0.6396200656890869, 'validation/loss': 1.7394574880599976, 'validation/bleu': 26.624223426841827, 'validation/num_examples': 3000, 'test/accuracy': 0.6470745801925659, 'test/loss': 1.6977640390396118, 'test/bleu': 25.20565381129179, 'test/num_examples': 3003, 'score': 3920.337217092514, 'total_duration': 8487.069782018661, 'accumulated_submission_time': 3920.337217092514, 'accumulated_eval_time': 4565.928137302399, 'accumulated_logging_time': 0.5540041923522949}
I0411 03:23:12.689416 140340236662528 logging_writer.py:48] [29757] accumulated_eval_time=4565.93, accumulated_logging_time=0.554004, accumulated_submission_time=3920.34, global_step=29757, preemption_count=0, score=3920.34, test/accuracy=0.647075, test/bleu=25.2057, test/loss=1.69776, test/num_examples=3003, total_duration=8487.07, train/accuracy=0.626137, train/bleu=29.9103, train/loss=1.83067, validation/accuracy=0.63962, validation/bleu=26.6242, validation/loss=1.73946, validation/num_examples=3000
I0411 03:33:56.684264 140504811599040 spec.py:333] Evaluating on the training split.
I0411 03:33:57.982584 140504811599040 workload.py:200] Translating evaluation dataset.
I0411 03:38:18.131983 140504811599040 spec.py:346] Evaluating on the validation split.
I0411 03:38:19.073574 140504811599040 workload.py:200] Translating evaluation dataset.
I0411 03:42:01.005281 140504811599040 spec.py:363] Evaluating on the test split.
I0411 03:42:01.921825 140504811599040 workload.py:200] Translating evaluation dataset.
I0411 03:45:38.816452 140504811599040 submission_runner.py:516] Time since start: 9833.26s, 	Step: 34783, 	{'train/accuracy': 0.633911669254303, 'train/loss': 1.773748517036438, 'train/bleu': 30.45224225728916, 'validation/accuracy': 0.6510396599769592, 'validation/loss': 1.663590431213379, 'validation/bleu': 27.37685845405746, 'validation/num_examples': 3000, 'test/accuracy': 0.6598106026649475, 'test/loss': 1.5983960628509521, 'test/bleu': 26.44757805539514, 'test/num_examples': 3003, 'score': 4564.282576084137, 'total_duration': 9833.255740880966, 'accumulated_submission_time': 4564.282576084137, 'accumulated_eval_time': 5268.0602486133575, 'accumulated_logging_time': 0.6221942901611328}
I0411 03:45:38.857871 140340245055232 logging_writer.py:48] [34783] accumulated_eval_time=5268.06, accumulated_logging_time=0.622194, accumulated_submission_time=4564.28, global_step=34783, preemption_count=0, score=4564.28, test/accuracy=0.659811, test/bleu=26.4476, test/loss=1.5984, test/num_examples=3003, total_duration=9833.26, train/accuracy=0.633912, train/bleu=30.4522, train/loss=1.77375, validation/accuracy=0.65104, validation/bleu=27.3769, validation/loss=1.66359, validation/num_examples=3000
I0411 03:56:22.910217 140504811599040 spec.py:333] Evaluating on the training split.
I0411 03:56:24.207036 140504811599040 workload.py:200] Translating evaluation dataset.
I0411 04:00:45.447468 140504811599040 spec.py:346] Evaluating on the validation split.
I0411 04:00:46.388143 140504811599040 workload.py:200] Translating evaluation dataset.
I0411 04:04:53.365748 140504811599040 spec.py:363] Evaluating on the test split.
I0411 04:04:54.282569 140504811599040 workload.py:200] Translating evaluation dataset.
I0411 04:09:02.113452 140504811599040 submission_runner.py:516] Time since start: 11236.55s, 	Step: 39808, 	{'train/accuracy': 0.6331495046615601, 'train/loss': 1.7762601375579834, 'train/bleu': 30.34845020479883, 'validation/accuracy': 0.6480391025543213, 'validation/loss': 1.6817314624786377, 'validation/bleu': 27.02636771764944, 'validation/num_examples': 3000, 'test/accuracy': 0.6546859741210938, 'test/loss': 1.6386864185333252, 'test/bleu': 26.231173304837128, 'test/num_examples': 3003, 'score': 5208.2860605716705, 'total_duration': 11236.552735090256, 'accumulated_submission_time': 5208.2860605716705, 'accumulated_eval_time': 6027.26340007782, 'accumulated_logging_time': 0.6726911067962646}
I0411 04:09:02.152164 140340236662528 logging_writer.py:48] [39808] accumulated_eval_time=6027.26, accumulated_logging_time=0.672691, accumulated_submission_time=5208.29, global_step=39808, preemption_count=0, score=5208.29, test/accuracy=0.654686, test/bleu=26.2312, test/loss=1.63869, test/num_examples=3003, total_duration=11236.6, train/accuracy=0.63315, train/bleu=30.3485, train/loss=1.77626, validation/accuracy=0.648039, validation/bleu=27.0264, validation/loss=1.68173, validation/num_examples=3000
I0411 04:19:46.223901 140504811599040 spec.py:333] Evaluating on the training split.
I0411 04:19:47.520401 140504811599040 workload.py:200] Translating evaluation dataset.
I0411 04:23:47.124172 140504811599040 spec.py:346] Evaluating on the validation split.
I0411 04:23:48.061100 140504811599040 workload.py:200] Translating evaluation dataset.
I0411 04:27:22.483788 140504811599040 spec.py:363] Evaluating on the test split.
I0411 04:27:23.399853 140504811599040 workload.py:200] Translating evaluation dataset.
I0411 04:31:02.109768 140504811599040 submission_runner.py:516] Time since start: 12556.55s, 	Step: 44835, 	{'train/accuracy': 0.640048086643219, 'train/loss': 1.7172648906707764, 'train/bleu': 30.58509180894345, 'validation/accuracy': 0.6464148163795471, 'validation/loss': 1.6883479356765747, 'validation/bleu': 26.992682342784676, 'validation/num_examples': 3000, 'test/accuracy': 0.6541165709495544, 'test/loss': 1.6426475048065186, 'test/bleu': 25.9739862436843, 'test/num_examples': 3003, 'score': 5852.308717250824, 'total_duration': 12556.549048662186, 'accumulated_submission_time': 5852.308717250824, 'accumulated_eval_time': 6703.14918255806, 'accumulated_logging_time': 0.7205424308776855}
I0411 04:31:02.163015 140340261840640 logging_writer.py:48] [44835] accumulated_eval_time=6703.15, accumulated_logging_time=0.720542, accumulated_submission_time=5852.31, global_step=44835, preemption_count=0, score=5852.31, test/accuracy=0.654117, test/bleu=25.974, test/loss=1.64265, test/num_examples=3003, total_duration=12556.5, train/accuracy=0.640048, train/bleu=30.5851, train/loss=1.71726, validation/accuracy=0.646415, validation/bleu=26.9927, validation/loss=1.68835, validation/num_examples=3000
I0411 04:41:46.230175 140504811599040 spec.py:333] Evaluating on the training split.
I0411 04:41:47.527344 140504811599040 workload.py:200] Translating evaluation dataset.
I0411 04:46:37.783935 140504811599040 spec.py:346] Evaluating on the validation split.
I0411 04:46:38.727552 140504811599040 workload.py:200] Translating evaluation dataset.
I0411 04:50:32.426506 140504811599040 spec.py:363] Evaluating on the test split.
I0411 04:50:33.343014 140504811599040 workload.py:200] Translating evaluation dataset.
I0411 04:54:36.025191 140504811599040 submission_runner.py:516] Time since start: 13970.46s, 	Step: 49859, 	{'train/accuracy': 0.6370446085929871, 'train/loss': 1.7467765808105469, 'train/bleu': 30.5008959855216, 'validation/accuracy': 0.6547966003417969, 'validation/loss': 1.633787989616394, 'validation/bleu': 27.795903087259706, 'validation/num_examples': 3000, 'test/accuracy': 0.6625646352767944, 'test/loss': 1.5845904350280762, 'test/bleu': 26.698939317160463, 'test/num_examples': 3003, 'score': 6496.326718568802, 'total_duration': 13970.464467048645, 'accumulated_submission_time': 6496.326718568802, 'accumulated_eval_time': 7472.944108963013, 'accumulated_logging_time': 0.7826597690582275}
I0411 04:54:36.068696 140340245055232 logging_writer.py:48] [49859] accumulated_eval_time=7472.94, accumulated_logging_time=0.78266, accumulated_submission_time=6496.33, global_step=49859, preemption_count=0, score=6496.33, test/accuracy=0.662565, test/bleu=26.6989, test/loss=1.58459, test/num_examples=3003, total_duration=13970.5, train/accuracy=0.637045, train/bleu=30.5009, train/loss=1.74678, validation/accuracy=0.654797, validation/bleu=27.7959, validation/loss=1.63379, validation/num_examples=3000
I0411 05:05:20.091644 140504811599040 spec.py:333] Evaluating on the training split.
I0411 05:05:21.389225 140504811599040 workload.py:200] Translating evaluation dataset.
I0411 05:09:58.189342 140504811599040 spec.py:346] Evaluating on the validation split.
I0411 05:09:59.123872 140504811599040 workload.py:200] Translating evaluation dataset.
I0411 05:13:12.240630 140504811599040 spec.py:363] Evaluating on the test split.
I0411 05:13:13.156183 140504811599040 workload.py:200] Translating evaluation dataset.
I0411 05:16:12.097090 140504811599040 submission_runner.py:516] Time since start: 15266.54s, 	Step: 54885, 	{'train/accuracy': 0.6425642967224121, 'train/loss': 1.6989392042160034, 'train/bleu': 31.04420131845554, 'validation/accuracy': 0.6589006781578064, 'validation/loss': 1.600003957748413, 'validation/bleu': 28.037867027654865, 'validation/num_examples': 3000, 'test/accuracy': 0.6689326763153076, 'test/loss': 1.5379092693328857, 'test/bleu': 27.369458504800463, 'test/num_examples': 3003, 'score': 7140.300571918488, 'total_duration': 15266.536366462708, 'accumulated_submission_time': 7140.300571918488, 'accumulated_eval_time': 8124.949469089508, 'accumulated_logging_time': 0.8350875377655029}
I0411 05:16:12.139224 140340228269824 logging_writer.py:48] [54885] accumulated_eval_time=8124.95, accumulated_logging_time=0.835088, accumulated_submission_time=7140.3, global_step=54885, preemption_count=0, score=7140.3, test/accuracy=0.668933, test/bleu=27.3695, test/loss=1.53791, test/num_examples=3003, total_duration=15266.5, train/accuracy=0.642564, train/bleu=31.0442, train/loss=1.69894, validation/accuracy=0.658901, validation/bleu=28.0379, validation/loss=1.6, validation/num_examples=3000
I0411 05:26:56.186199 140504811599040 spec.py:333] Evaluating on the training split.
I0411 05:26:57.482958 140504811599040 workload.py:200] Translating evaluation dataset.
I0411 05:31:13.949687 140504811599040 spec.py:346] Evaluating on the validation split.
I0411 05:31:14.894781 140504811599040 workload.py:200] Translating evaluation dataset.
I0411 05:34:52.248424 140504811599040 spec.py:363] Evaluating on the test split.
I0411 05:34:53.164736 140504811599040 workload.py:200] Translating evaluation dataset.
I0411 05:38:43.098159 140504811599040 submission_runner.py:516] Time since start: 16617.54s, 	Step: 59908, 	{'train/accuracy': 0.6489769220352173, 'train/loss': 1.6583675146102905, 'train/bleu': 31.578469491051717, 'validation/accuracy': 0.6637735366821289, 'validation/loss': 1.563928484916687, 'validation/bleu': 27.839441453559196, 'validation/num_examples': 3000, 'test/accuracy': 0.6736273765563965, 'test/loss': 1.495867371559143, 'test/bleu': 27.692832351909992, 'test/num_examples': 3003, 'score': 7784.297454833984, 'total_duration': 16617.537394046783, 'accumulated_submission_time': 7784.297454833984, 'accumulated_eval_time': 8831.86129951477, 'accumulated_logging_time': 0.8863508701324463}
I0411 05:38:43.141457 140340253447936 logging_writer.py:48] [59908] accumulated_eval_time=8831.86, accumulated_logging_time=0.886351, accumulated_submission_time=7784.3, global_step=59908, preemption_count=0, score=7784.3, test/accuracy=0.673627, test/bleu=27.6928, test/loss=1.49587, test/num_examples=3003, total_duration=16617.5, train/accuracy=0.648977, train/bleu=31.5785, train/loss=1.65837, validation/accuracy=0.663774, validation/bleu=27.8394, validation/loss=1.56393, validation/num_examples=3000
I0411 05:49:27.162237 140504811599040 spec.py:333] Evaluating on the training split.
I0411 05:49:28.453000 140504811599040 workload.py:200] Translating evaluation dataset.
I0411 05:53:48.233075 140504811599040 spec.py:346] Evaluating on the validation split.
I0411 05:53:49.174655 140504811599040 workload.py:200] Translating evaluation dataset.
I0411 05:56:58.317540 140504811599040 spec.py:363] Evaluating on the test split.
I0411 05:56:59.233680 140504811599040 workload.py:200] Translating evaluation dataset.
I0411 05:59:58.354499 140504811599040 submission_runner.py:516] Time since start: 17892.79s, 	Step: 64932, 	{'train/accuracy': 0.6539053916931152, 'train/loss': 1.6253933906555176, 'train/bleu': 32.00250618240138, 'validation/accuracy': 0.6655341982841492, 'validation/loss': 1.5480417013168335, 'validation/bleu': 28.221678870376152, 'validation/num_examples': 3000, 'test/accuracy': 0.6774969696998596, 'test/loss': 1.48092782497406, 'test/bleu': 28.072945423053266, 'test/num_examples': 3003, 'score': 8428.268315315247, 'total_duration': 17892.793772935867, 'accumulated_submission_time': 8428.268315315247, 'accumulated_eval_time': 9463.053473949432, 'accumulated_logging_time': 0.9388294219970703}
I0411 05:59:58.398918 140340236662528 logging_writer.py:48] [64932] accumulated_eval_time=9463.05, accumulated_logging_time=0.938829, accumulated_submission_time=8428.27, global_step=64932, preemption_count=0, score=8428.27, test/accuracy=0.677497, test/bleu=28.0729, test/loss=1.48093, test/num_examples=3003, total_duration=17892.8, train/accuracy=0.653905, train/bleu=32.0025, train/loss=1.62539, validation/accuracy=0.665534, validation/bleu=28.2217, validation/loss=1.54804, validation/num_examples=3000
I0411 06:10:42.362695 140504811599040 spec.py:333] Evaluating on the training split.
I0411 06:10:43.656672 140504811599040 workload.py:200] Translating evaluation dataset.
I0411 06:14:35.805860 140504811599040 spec.py:346] Evaluating on the validation split.
I0411 06:14:36.750620 140504811599040 workload.py:200] Translating evaluation dataset.
I0411 06:18:09.792589 140504811599040 spec.py:363] Evaluating on the test split.
I0411 06:18:10.707391 140504811599040 workload.py:200] Translating evaluation dataset.
I0411 06:21:43.378630 140504811599040 submission_runner.py:516] Time since start: 19197.82s, 	Step: 69953, 	{'train/accuracy': 0.6679696440696716, 'train/loss': 1.532686471939087, 'train/bleu': 32.86961471013028, 'validation/accuracy': 0.6701714992523193, 'validation/loss': 1.5232490301132202, 'validation/bleu': 28.965898104398246, 'validation/num_examples': 3000, 'test/accuracy': 0.6813085079193115, 'test/loss': 1.4494256973266602, 'test/bleu': 28.296167812058876, 'test/num_examples': 3003, 'score': 9072.18268084526, 'total_duration': 19197.817919015884, 'accumulated_submission_time': 9072.18268084526, 'accumulated_eval_time': 10124.069339513779, 'accumulated_logging_time': 0.9923415184020996}
I0411 06:21:43.421060 140340236662528 logging_writer.py:48] [69953] accumulated_eval_time=10124.1, accumulated_logging_time=0.992342, accumulated_submission_time=9072.18, global_step=69953, preemption_count=0, score=9072.18, test/accuracy=0.681309, test/bleu=28.2962, test/loss=1.44943, test/num_examples=3003, total_duration=19197.8, train/accuracy=0.66797, train/bleu=32.8696, train/loss=1.53269, validation/accuracy=0.670171, validation/bleu=28.9659, validation/loss=1.52325, validation/num_examples=3000
I0411 06:32:27.482918 140504811599040 spec.py:333] Evaluating on the training split.
I0411 06:32:28.781774 140504811599040 workload.py:200] Translating evaluation dataset.
I0411 06:36:18.832122 140504811599040 spec.py:346] Evaluating on the validation split.
I0411 06:36:19.763778 140504811599040 workload.py:200] Translating evaluation dataset.
I0411 06:39:15.451783 140504811599040 spec.py:363] Evaluating on the test split.
I0411 06:39:16.366671 140504811599040 workload.py:200] Translating evaluation dataset.
I0411 06:42:14.158787 140504811599040 submission_runner.py:516] Time since start: 20428.60s, 	Step: 74975, 	{'train/accuracy': 0.6643991470336914, 'train/loss': 1.570995569229126, 'train/bleu': 33.145270392258084, 'validation/accuracy': 0.6714733839035034, 'validation/loss': 1.5068237781524658, 'validation/bleu': 28.85158142200754, 'validation/num_examples': 3000, 'test/accuracy': 0.6843530535697937, 'test/loss': 1.4281257390975952, 'test/bleu': 28.6907895273727, 'test/num_examples': 3003, 'score': 9716.196278095245, 'total_duration': 20428.59806537628, 'accumulated_submission_time': 9716.196278095245, 'accumulated_eval_time': 10710.745131015778, 'accumulated_logging_time': 1.0438852310180664}
I0411 06:42:14.199531 140340261840640 logging_writer.py:48] [74975] accumulated_eval_time=10710.7, accumulated_logging_time=1.04389, accumulated_submission_time=9716.2, global_step=74975, preemption_count=0, score=9716.2, test/accuracy=0.684353, test/bleu=28.6908, test/loss=1.42813, test/num_examples=3003, total_duration=20428.6, train/accuracy=0.664399, train/bleu=33.1453, train/loss=1.571, validation/accuracy=0.671473, validation/bleu=28.8516, validation/loss=1.50682, validation/num_examples=3000
I0411 06:52:58.243182 140504811599040 spec.py:333] Evaluating on the training split.
I0411 06:52:59.535499 140504811599040 workload.py:200] Translating evaluation dataset.
I0411 06:57:12.181859 140504811599040 spec.py:346] Evaluating on the validation split.
I0411 06:57:13.118817 140504811599040 workload.py:200] Translating evaluation dataset.
I0411 06:59:55.151329 140504811599040 spec.py:363] Evaluating on the test split.
I0411 06:59:56.066477 140504811599040 workload.py:200] Translating evaluation dataset.
I0411 07:02:49.242524 140504811599040 submission_runner.py:516] Time since start: 21663.68s, 	Step: 79998, 	{'train/accuracy': 0.6670138835906982, 'train/loss': 1.5453273057937622, 'train/bleu': 33.08701358204958, 'validation/accuracy': 0.673965573310852, 'validation/loss': 1.4938467741012573, 'validation/bleu': 29.380498656562338, 'validation/num_examples': 3000, 'test/accuracy': 0.687850832939148, 'test/loss': 1.4143863916397095, 'test/bleu': 28.738836909803364, 'test/num_examples': 3003, 'score': 10360.19233417511, 'total_duration': 21663.681797981262, 'accumulated_submission_time': 10360.19233417511, 'accumulated_eval_time': 11301.744392156601, 'accumulated_logging_time': 1.0936017036437988}
I0411 07:02:49.286071 140340253447936 logging_writer.py:48] [79998] accumulated_eval_time=11301.7, accumulated_logging_time=1.0936, accumulated_submission_time=10360.2, global_step=79998, preemption_count=0, score=10360.2, test/accuracy=0.687851, test/bleu=28.7388, test/loss=1.41439, test/num_examples=3003, total_duration=21663.7, train/accuracy=0.667014, train/bleu=33.087, train/loss=1.54533, validation/accuracy=0.673966, validation/bleu=29.3805, validation/loss=1.49385, validation/num_examples=3000
I0411 07:13:33.374428 140504811599040 spec.py:333] Evaluating on the training split.
I0411 07:13:34.667213 140504811599040 workload.py:200] Translating evaluation dataset.
I0411 07:17:11.192808 140504811599040 spec.py:346] Evaluating on the validation split.
I0411 07:17:12.132289 140504811599040 workload.py:200] Translating evaluation dataset.
I0411 07:20:05.386163 140504811599040 spec.py:363] Evaluating on the test split.
I0411 07:20:06.301731 140504811599040 workload.py:200] Translating evaluation dataset.
I0411 07:22:53.221239 140504811599040 submission_runner.py:516] Time since start: 22867.66s, 	Step: 85023, 	{'train/accuracy': 0.6756445169448853, 'train/loss': 1.496561050415039, 'train/bleu': 33.60593268533084, 'validation/accuracy': 0.6758502721786499, 'validation/loss': 1.4828426837921143, 'validation/bleu': 29.30522461816842, 'validation/num_examples': 3000, 'test/accuracy': 0.6911975145339966, 'test/loss': 1.3931422233581543, 'test/bleu': 29.3419711757724, 'test/num_examples': 3003, 'score': 11004.23142361641, 'total_duration': 22867.660521507263, 'accumulated_submission_time': 11004.23142361641, 'accumulated_eval_time': 11861.591149568558, 'accumulated_logging_time': 1.1462311744689941}
I0411 07:22:53.262245 140340236662528 logging_writer.py:48] [85023] accumulated_eval_time=11861.6, accumulated_logging_time=1.14623, accumulated_submission_time=11004.2, global_step=85023, preemption_count=0, score=11004.2, test/accuracy=0.691198, test/bleu=29.342, test/loss=1.39314, test/num_examples=3003, total_duration=22867.7, train/accuracy=0.675645, train/bleu=33.6059, train/loss=1.49656, validation/accuracy=0.67585, validation/bleu=29.3052, validation/loss=1.48284, validation/num_examples=3000
I0411 07:33:37.290676 140504811599040 spec.py:333] Evaluating on the training split.
I0411 07:33:38.591005 140504811599040 workload.py:200] Translating evaluation dataset.
I0411 07:37:33.901240 140504811599040 spec.py:346] Evaluating on the validation split.
I0411 07:37:34.844623 140504811599040 workload.py:200] Translating evaluation dataset.
I0411 07:41:11.563312 140504811599040 spec.py:363] Evaluating on the test split.
I0411 07:41:12.478509 140504811599040 workload.py:200] Translating evaluation dataset.
I0411 07:45:04.655594 140504811599040 submission_runner.py:516] Time since start: 24199.09s, 	Step: 90044, 	{'train/accuracy': 0.6814256906509399, 'train/loss': 1.4493932723999023, 'train/bleu': 34.3675437548518, 'validation/accuracy': 0.6771273612976074, 'validation/loss': 1.4704893827438354, 'validation/bleu': 29.38877068242914, 'validation/num_examples': 3000, 'test/accuracy': 0.6920341849327087, 'test/loss': 1.3840783834457397, 'test/bleu': 29.43455395418719, 'test/num_examples': 3003, 'score': 11648.21002793312, 'total_duration': 24199.094871520996, 'accumulated_submission_time': 11648.21002793312, 'accumulated_eval_time': 12548.955978631973, 'accumulated_logging_time': 1.1964387893676758}
I0411 07:45:04.700999 140340270233344 logging_writer.py:48] [90044] accumulated_eval_time=12549, accumulated_logging_time=1.19644, accumulated_submission_time=11648.2, global_step=90044, preemption_count=0, score=11648.2, test/accuracy=0.692034, test/bleu=29.4346, test/loss=1.38408, test/num_examples=3003, total_duration=24199.1, train/accuracy=0.681426, train/bleu=34.3675, train/loss=1.44939, validation/accuracy=0.677127, validation/bleu=29.3888, validation/loss=1.47049, validation/num_examples=3000
I0411 07:55:48.729170 140504811599040 spec.py:333] Evaluating on the training split.
I0411 07:55:50.022125 140504811599040 workload.py:200] Translating evaluation dataset.
I0411 07:59:26.678912 140504811599040 spec.py:346] Evaluating on the validation split.
I0411 07:59:27.623175 140504811599040 workload.py:200] Translating evaluation dataset.
I0411 08:02:36.436539 140504811599040 spec.py:363] Evaluating on the test split.
I0411 08:02:37.351646 140504811599040 workload.py:200] Translating evaluation dataset.
I0411 08:05:49.813683 140504811599040 submission_runner.py:516] Time since start: 25444.25s, 	Step: 95068, 	{'train/accuracy': 0.6985864043235779, 'train/loss': 1.3551522493362427, 'train/bleu': 35.18866800401498, 'validation/accuracy': 0.680561900138855, 'validation/loss': 1.4602421522140503, 'validation/bleu': 30.024632086852844, 'validation/num_examples': 3000, 'test/accuracy': 0.6952879428863525, 'test/loss': 1.3708763122558594, 'test/bleu': 29.730766626103552, 'test/num_examples': 3003, 'score': 12292.1887114048, 'total_duration': 25444.252969264984, 'accumulated_submission_time': 12292.1887114048, 'accumulated_eval_time': 13150.04041647911, 'accumulated_logging_time': 1.2510395050048828}
I0411 08:05:49.861372 140340236662528 logging_writer.py:48] [95068] accumulated_eval_time=13150, accumulated_logging_time=1.25104, accumulated_submission_time=12292.2, global_step=95068, preemption_count=0, score=12292.2, test/accuracy=0.695288, test/bleu=29.7308, test/loss=1.37088, test/num_examples=3003, total_duration=25444.3, train/accuracy=0.698586, train/bleu=35.1887, train/loss=1.35515, validation/accuracy=0.680562, validation/bleu=30.0246, validation/loss=1.46024, validation/num_examples=3000
I0411 08:16:33.897534 140504811599040 spec.py:333] Evaluating on the training split.
I0411 08:16:35.187635 140504811599040 workload.py:200] Translating evaluation dataset.
I0411 08:20:25.895765 140504811599040 spec.py:346] Evaluating on the validation split.
I0411 08:20:26.831263 140504811599040 workload.py:200] Translating evaluation dataset.
I0411 08:23:28.981027 140504811599040 spec.py:363] Evaluating on the test split.
I0411 08:23:29.896685 140504811599040 workload.py:200] Translating evaluation dataset.
I0411 08:26:35.432755 140504811599040 submission_runner.py:516] Time since start: 26689.87s, 	Step: 100093, 	{'train/accuracy': 0.7336269021034241, 'train/loss': 1.1968904733657837, 'train/bleu': 38.19092728830581, 'validation/accuracy': 0.6811942458152771, 'validation/loss': 1.4628074169158936, 'validation/bleu': 29.746779572311016, 'validation/num_examples': 3000, 'test/accuracy': 0.6966242790222168, 'test/loss': 1.3678548336029053, 'test/bleu': 29.70145322338108, 'test/num_examples': 3003, 'score': 12936.17515540123, 'total_duration': 26689.872025966644, 'accumulated_submission_time': 12936.17515540123, 'accumulated_eval_time': 13751.575547218323, 'accumulated_logging_time': 1.3077566623687744}
I0411 08:26:35.477977 140340270233344 logging_writer.py:48] [100093] accumulated_eval_time=13751.6, accumulated_logging_time=1.30776, accumulated_submission_time=12936.2, global_step=100093, preemption_count=0, score=12936.2, test/accuracy=0.696624, test/bleu=29.7015, test/loss=1.36785, test/num_examples=3003, total_duration=26689.9, train/accuracy=0.733627, train/bleu=38.1909, train/loss=1.19689, validation/accuracy=0.681194, validation/bleu=29.7468, validation/loss=1.46281, validation/num_examples=3000
I0411 08:37:19.498340 140504811599040 spec.py:333] Evaluating on the training split.
I0411 08:37:20.796470 140504811599040 workload.py:200] Translating evaluation dataset.
I0411 08:40:59.117263 140504811599040 spec.py:346] Evaluating on the validation split.
I0411 08:41:00.057210 140504811599040 workload.py:200] Translating evaluation dataset.
I0411 08:43:55.892858 140504811599040 spec.py:363] Evaluating on the test split.
I0411 08:43:56.808330 140504811599040 workload.py:200] Translating evaluation dataset.
I0411 08:46:56.608666 140504811599040 submission_runner.py:516] Time since start: 27911.05s, 	Step: 105115, 	{'train/accuracy': 0.702877402305603, 'train/loss': 1.335337519645691, 'train/bleu': 35.66295562381806, 'validation/accuracy': 0.6795203685760498, 'validation/loss': 1.4650460481643677, 'validation/bleu': 29.886608298611115, 'validation/num_examples': 3000, 'test/accuracy': 0.6972634196281433, 'test/loss': 1.3665307760238647, 'test/bleu': 29.480270541392006, 'test/num_examples': 3003, 'score': 13580.146929979324, 'total_duration': 27911.04794716835, 'accumulated_submission_time': 13580.146929979324, 'accumulated_eval_time': 14328.685786247253, 'accumulated_logging_time': 1.3620917797088623}
I0411 08:46:56.654714 140340236662528 logging_writer.py:48] [105115] accumulated_eval_time=14328.7, accumulated_logging_time=1.36209, accumulated_submission_time=13580.1, global_step=105115, preemption_count=0, score=13580.1, test/accuracy=0.697263, test/bleu=29.4803, test/loss=1.36653, test/num_examples=3003, total_duration=27911, train/accuracy=0.702877, train/bleu=35.663, train/loss=1.33534, validation/accuracy=0.67952, validation/bleu=29.8866, validation/loss=1.46505, validation/num_examples=3000
I0411 08:57:40.631656 140504811599040 spec.py:333] Evaluating on the training split.
I0411 08:57:41.927040 140504811599040 workload.py:200] Translating evaluation dataset.
I0411 09:01:20.327622 140504811599040 spec.py:346] Evaluating on the validation split.
I0411 09:01:21.273998 140504811599040 workload.py:200] Translating evaluation dataset.
I0411 09:04:20.194496 140504811599040 spec.py:363] Evaluating on the test split.
I0411 09:04:21.111044 140504811599040 workload.py:200] Translating evaluation dataset.
I0411 09:07:19.947504 140504811599040 submission_runner.py:516] Time since start: 29134.39s, 	Step: 110139, 	{'train/accuracy': 0.7102513313293457, 'train/loss': 1.287872076034546, 'train/bleu': 36.294403684512055, 'validation/accuracy': 0.6814794540405273, 'validation/loss': 1.4615991115570068, 'validation/bleu': 29.90348208895155, 'validation/num_examples': 3000, 'test/accuracy': 0.6986113786697388, 'test/loss': 1.3610233068466187, 'test/bleu': 29.885419719430573, 'test/num_examples': 3003, 'score': 14224.075132131577, 'total_duration': 29134.386791706085, 'accumulated_submission_time': 14224.075132131577, 'accumulated_eval_time': 14908.001563072205, 'accumulated_logging_time': 1.4172110557556152}
I0411 09:07:19.995407 140340236662528 logging_writer.py:48] [110139] accumulated_eval_time=14908, accumulated_logging_time=1.41721, accumulated_submission_time=14224.1, global_step=110139, preemption_count=0, score=14224.1, test/accuracy=0.698611, test/bleu=29.8854, test/loss=1.36102, test/num_examples=3003, total_duration=29134.4, train/accuracy=0.710251, train/bleu=36.2944, train/loss=1.28787, validation/accuracy=0.681479, validation/bleu=29.9035, validation/loss=1.4616, validation/num_examples=3000
I0411 09:18:03.984898 140504811599040 spec.py:333] Evaluating on the training split.
I0411 09:18:05.284091 140504811599040 workload.py:200] Translating evaluation dataset.
I0411 09:21:39.045614 140504811599040 spec.py:346] Evaluating on the validation split.
I0411 09:21:39.978963 140504811599040 workload.py:200] Translating evaluation dataset.
I0411 09:24:44.437422 140504811599040 spec.py:363] Evaluating on the test split.
I0411 09:24:45.353057 140504811599040 workload.py:200] Translating evaluation dataset.
I0411 09:27:45.947916 140504811599040 submission_runner.py:516] Time since start: 30360.39s, 	Step: 115162, 	{'train/accuracy': 0.718929648399353, 'train/loss': 1.2543178796768188, 'train/bleu': 36.797822860037556, 'validation/accuracy': 0.6808966994285583, 'validation/loss': 1.4623533487319946, 'validation/bleu': 29.89043686087322, 'validation/num_examples': 3000, 'test/accuracy': 0.6990877985954285, 'test/loss': 1.3604223728179932, 'test/bleu': 29.69489780768612, 'test/num_examples': 3003, 'score': 14868.015013933182, 'total_duration': 30360.38713645935, 'accumulated_submission_time': 14868.015013933182, 'accumulated_eval_time': 15489.964448213577, 'accumulated_logging_time': 1.4743096828460693}
I0411 09:27:46.000995 140340253447936 logging_writer.py:48] [115162] accumulated_eval_time=15490, accumulated_logging_time=1.47431, accumulated_submission_time=14868, global_step=115162, preemption_count=0, score=14868, test/accuracy=0.699088, test/bleu=29.6949, test/loss=1.36042, test/num_examples=3003, total_duration=30360.4, train/accuracy=0.71893, train/bleu=36.7978, train/loss=1.25432, validation/accuracy=0.680897, validation/bleu=29.8904, validation/loss=1.46235, validation/num_examples=3000
I0411 09:38:30.019197 140504811599040 spec.py:333] Evaluating on the training split.
I0411 09:38:31.311435 140504811599040 workload.py:200] Translating evaluation dataset.
I0411 09:42:01.641158 140504811599040 spec.py:346] Evaluating on the validation split.
I0411 09:42:02.584530 140504811599040 workload.py:200] Translating evaluation dataset.
I0411 09:45:06.072494 140504811599040 spec.py:363] Evaluating on the test split.
I0411 09:45:06.987954 140504811599040 workload.py:200] Translating evaluation dataset.
I0411 09:48:01.728198 140504811599040 submission_runner.py:516] Time since start: 31576.17s, 	Step: 120185, 	{'train/accuracy': 0.7195926904678345, 'train/loss': 1.2428102493286133, 'train/bleu': 36.86658161667236, 'validation/accuracy': 0.6809586882591248, 'validation/loss': 1.463564395904541, 'validation/bleu': 29.986033654797783, 'validation/num_examples': 3000, 'test/accuracy': 0.6994829177856445, 'test/loss': 1.360743761062622, 'test/bleu': 29.65484050766203, 'test/num_examples': 3003, 'score': 15511.984561681747, 'total_duration': 31576.167486667633, 'accumulated_submission_time': 15511.984561681747, 'accumulated_eval_time': 16061.673380613327, 'accumulated_logging_time': 1.5366711616516113}
I0411 09:48:01.775382 140340236662528 logging_writer.py:48] [120185] accumulated_eval_time=16061.7, accumulated_logging_time=1.53667, accumulated_submission_time=15512, global_step=120185, preemption_count=0, score=15512, test/accuracy=0.699483, test/bleu=29.6548, test/loss=1.36074, test/num_examples=3003, total_duration=31576.2, train/accuracy=0.719593, train/bleu=36.8666, train/loss=1.24281, validation/accuracy=0.680959, validation/bleu=29.986, validation/loss=1.46356, validation/num_examples=3000
I0411 09:58:45.772267 140504811599040 spec.py:333] Evaluating on the training split.
I0411 09:58:47.066302 140504811599040 workload.py:200] Translating evaluation dataset.
I0411 10:02:31.012985 140504811599040 spec.py:346] Evaluating on the validation split.
I0411 10:02:31.958183 140504811599040 workload.py:200] Translating evaluation dataset.
I0411 10:05:35.355618 140504811599040 spec.py:363] Evaluating on the test split.
I0411 10:05:36.271118 140504811599040 workload.py:200] Translating evaluation dataset.
I0411 10:08:31.461294 140504811599040 submission_runner.py:516] Time since start: 32805.90s, 	Step: 125210, 	{'train/accuracy': 0.7203826904296875, 'train/loss': 1.2419495582580566, 'train/bleu': 37.206939968795, 'validation/accuracy': 0.6809586882591248, 'validation/loss': 1.463564395904541, 'validation/bleu': 29.986033654797783, 'validation/num_examples': 3000, 'test/accuracy': 0.6994829177856445, 'test/loss': 1.360743761062622, 'test/bleu': 29.65484050766203, 'test/num_examples': 3003, 'score': 16155.931696176529, 'total_duration': 32805.90058326721, 'accumulated_submission_time': 16155.931696176529, 'accumulated_eval_time': 16647.362331151962, 'accumulated_logging_time': 1.5929827690124512}
I0411 10:08:31.506460 140340228269824 logging_writer.py:48] [125210] accumulated_eval_time=16647.4, accumulated_logging_time=1.59298, accumulated_submission_time=16155.9, global_step=125210, preemption_count=0, score=16155.9, test/accuracy=0.699483, test/bleu=29.6548, test/loss=1.36074, test/num_examples=3003, total_duration=32805.9, train/accuracy=0.720383, train/bleu=37.2069, train/loss=1.24195, validation/accuracy=0.680959, validation/bleu=29.986, validation/loss=1.46356, validation/num_examples=3000
I0411 10:19:15.514306 140504811599040 spec.py:333] Evaluating on the training split.
I0411 10:19:16.810927 140504811599040 workload.py:200] Translating evaluation dataset.
I0411 10:23:06.020815 140504811599040 spec.py:346] Evaluating on the validation split.
I0411 10:23:06.958861 140504811599040 workload.py:200] Translating evaluation dataset.
I0411 10:26:10.520344 140504811599040 spec.py:363] Evaluating on the test split.
I0411 10:26:11.435081 140504811599040 workload.py:200] Translating evaluation dataset.
I0411 10:29:06.475415 140504811599040 submission_runner.py:516] Time since start: 34040.91s, 	Step: 130234, 	{'train/accuracy': 0.7192441821098328, 'train/loss': 1.2515573501586914, 'train/bleu': 37.011025429422084, 'validation/accuracy': 0.6809586882591248, 'validation/loss': 1.463564395904541, 'validation/bleu': 29.986033654797783, 'validation/num_examples': 3000, 'test/accuracy': 0.6994829177856445, 'test/loss': 1.360743761062622, 'test/bleu': 29.65484050766203, 'test/num_examples': 3003, 'score': 16799.889907360077, 'total_duration': 34040.91470623016, 'accumulated_submission_time': 16799.889907360077, 'accumulated_eval_time': 17238.323377132416, 'accumulated_logging_time': 1.6470603942871094}
I0411 10:29:06.523216 140340253447936 logging_writer.py:48] [130234] accumulated_eval_time=17238.3, accumulated_logging_time=1.64706, accumulated_submission_time=16799.9, global_step=130234, preemption_count=0, score=16799.9, test/accuracy=0.699483, test/bleu=29.6548, test/loss=1.36074, test/num_examples=3003, total_duration=34040.9, train/accuracy=0.719244, train/bleu=37.011, train/loss=1.25156, validation/accuracy=0.680959, validation/bleu=29.986, validation/loss=1.46356, validation/num_examples=3000
I0411 10:39:50.492863 140504811599040 spec.py:333] Evaluating on the training split.
I0411 10:39:51.785679 140504811599040 workload.py:200] Translating evaluation dataset.
I0411 10:43:35.637868 140504811599040 spec.py:346] Evaluating on the validation split.
I0411 10:43:36.582608 140504811599040 workload.py:200] Translating evaluation dataset.
I0411 10:46:40.181740 140504811599040 spec.py:363] Evaluating on the test split.
I0411 10:46:41.097694 140504811599040 workload.py:200] Translating evaluation dataset.
I0411 10:49:36.015972 140504811599040 submission_runner.py:516] Time since start: 35270.46s, 	Step: 135257, 	{'train/accuracy': 0.719800591468811, 'train/loss': 1.249176025390625, 'train/bleu': 37.37504389431025, 'validation/accuracy': 0.6809586882591248, 'validation/loss': 1.463564395904541, 'validation/bleu': 29.986033654797783, 'validation/num_examples': 3000, 'test/accuracy': 0.6994829177856445, 'test/loss': 1.360743761062622, 'test/bleu': 29.65484050766203, 'test/num_examples': 3003, 'score': 17443.810856819153, 'total_duration': 35270.45524787903, 'accumulated_submission_time': 17443.810856819153, 'accumulated_eval_time': 17823.846402168274, 'accumulated_logging_time': 1.703873634338379}
I0411 10:49:36.065867 140340236662528 logging_writer.py:48] [135257] accumulated_eval_time=17823.8, accumulated_logging_time=1.70387, accumulated_submission_time=17443.8, global_step=135257, preemption_count=0, score=17443.8, test/accuracy=0.699483, test/bleu=29.6548, test/loss=1.36074, test/num_examples=3003, total_duration=35270.5, train/accuracy=0.719801, train/bleu=37.375, train/loss=1.24918, validation/accuracy=0.680959, validation/bleu=29.986, validation/loss=1.46356, validation/num_examples=3000
I0411 11:00:20.080657 140504811599040 spec.py:333] Evaluating on the training split.
I0411 11:00:21.374507 140504811599040 workload.py:200] Translating evaluation dataset.
I0411 11:04:06.148482 140504811599040 spec.py:346] Evaluating on the validation split.
I0411 11:04:07.095062 140504811599040 workload.py:200] Translating evaluation dataset.
I0411 11:07:10.473031 140504811599040 spec.py:363] Evaluating on the test split.
I0411 11:07:11.388992 140504811599040 workload.py:200] Translating evaluation dataset.
I0411 11:10:06.571587 140504811599040 submission_runner.py:516] Time since start: 36501.01s, 	Step: 140280, 	{'train/accuracy': 0.7190077900886536, 'train/loss': 1.2566267251968384, 'train/bleu': 37.03922515221117, 'validation/accuracy': 0.6809586882591248, 'validation/loss': 1.463564395904541, 'validation/bleu': 29.986033654797783, 'validation/num_examples': 3000, 'test/accuracy': 0.6994829177856445, 'test/loss': 1.360743761062622, 'test/bleu': 29.65484050766203, 'test/num_examples': 3003, 'score': 18087.775151014328, 'total_duration': 36501.010860681534, 'accumulated_submission_time': 18087.775151014328, 'accumulated_eval_time': 18410.337251901627, 'accumulated_logging_time': 1.762817621231079}
I0411 11:10:06.617713 140340261840640 logging_writer.py:48] [140280] accumulated_eval_time=18410.3, accumulated_logging_time=1.76282, accumulated_submission_time=18087.8, global_step=140280, preemption_count=0, score=18087.8, test/accuracy=0.699483, test/bleu=29.6548, test/loss=1.36074, test/num_examples=3003, total_duration=36501, train/accuracy=0.719008, train/bleu=37.0392, train/loss=1.25663, validation/accuracy=0.680959, validation/bleu=29.986, validation/loss=1.46356, validation/num_examples=3000
I0411 11:20:50.585788 140504811599040 spec.py:333] Evaluating on the training split.
I0411 11:20:51.884750 140504811599040 workload.py:200] Translating evaluation dataset.
I0411 11:24:31.172668 140504811599040 spec.py:346] Evaluating on the validation split.
I0411 11:24:32.117169 140504811599040 workload.py:200] Translating evaluation dataset.
I0411 11:27:35.666685 140504811599040 spec.py:363] Evaluating on the test split.
I0411 11:27:36.581956 140504811599040 workload.py:200] Translating evaluation dataset.
I0411 11:30:31.554241 140504811599040 submission_runner.py:516] Time since start: 37725.99s, 	Step: 145300, 	{'train/accuracy': 0.7216774225234985, 'train/loss': 1.2359085083007812, 'train/bleu': 37.09993393570963, 'validation/accuracy': 0.6809586882591248, 'validation/loss': 1.463564395904541, 'validation/bleu': 29.986033654797783, 'validation/num_examples': 3000, 'test/accuracy': 0.6994829177856445, 'test/loss': 1.360743761062622, 'test/bleu': 29.65484050766203, 'test/num_examples': 3003, 'score': 18731.692923784256, 'total_duration': 37725.993525743484, 'accumulated_submission_time': 18731.692923784256, 'accumulated_eval_time': 18991.30562901497, 'accumulated_logging_time': 1.8179616928100586}
I0411 11:30:31.601693 140340245055232 logging_writer.py:48] [145300] accumulated_eval_time=18991.3, accumulated_logging_time=1.81796, accumulated_submission_time=18731.7, global_step=145300, preemption_count=0, score=18731.7, test/accuracy=0.699483, test/bleu=29.6548, test/loss=1.36074, test/num_examples=3003, total_duration=37726, train/accuracy=0.721677, train/bleu=37.0999, train/loss=1.23591, validation/accuracy=0.680959, validation/bleu=29.986, validation/loss=1.46356, validation/num_examples=3000
I0411 11:41:15.599371 140504811599040 spec.py:333] Evaluating on the training split.
I0411 11:41:16.898333 140504811599040 workload.py:200] Translating evaluation dataset.
I0411 11:44:59.464684 140504811599040 spec.py:346] Evaluating on the validation split.
I0411 11:45:00.409017 140504811599040 workload.py:200] Translating evaluation dataset.
I0411 11:48:04.037746 140504811599040 spec.py:363] Evaluating on the test split.
I0411 11:48:04.953629 140504811599040 workload.py:200] Translating evaluation dataset.
I0411 11:50:59.661834 140504811599040 submission_runner.py:516] Time since start: 38954.10s, 	Step: 150322, 	{'train/accuracy': 0.7181352376937866, 'train/loss': 1.2533844709396362, 'train/bleu': 36.87498236116736, 'validation/accuracy': 0.6809586882591248, 'validation/loss': 1.463564395904541, 'validation/bleu': 29.986033654797783, 'validation/num_examples': 3000, 'test/accuracy': 0.6994829177856445, 'test/loss': 1.360743761062622, 'test/bleu': 29.65484050766203, 'test/num_examples': 3003, 'score': 19375.64164495468, 'total_duration': 38954.101108789444, 'accumulated_submission_time': 19375.64164495468, 'accumulated_eval_time': 19575.368008375168, 'accumulated_logging_time': 1.8744702339172363}
I0411 11:50:59.710266 140340228269824 logging_writer.py:48] [150322] accumulated_eval_time=19575.4, accumulated_logging_time=1.87447, accumulated_submission_time=19375.6, global_step=150322, preemption_count=0, score=19375.6, test/accuracy=0.699483, test/bleu=29.6548, test/loss=1.36074, test/num_examples=3003, total_duration=38954.1, train/accuracy=0.718135, train/bleu=36.875, train/loss=1.25338, validation/accuracy=0.680959, validation/bleu=29.986, validation/loss=1.46356, validation/num_examples=3000
I0411 12:01:43.668244 140504811599040 spec.py:333] Evaluating on the training split.
I0411 12:01:44.960360 140504811599040 workload.py:200] Translating evaluation dataset.
I0411 12:05:22.928525 140504811599040 spec.py:346] Evaluating on the validation split.
I0411 12:05:23.868013 140504811599040 workload.py:200] Translating evaluation dataset.
I0411 12:08:27.417726 140504811599040 spec.py:363] Evaluating on the test split.
I0411 12:08:28.332378 140504811599040 workload.py:200] Translating evaluation dataset.
I0411 12:11:23.344411 140504811599040 submission_runner.py:516] Time since start: 40177.78s, 	Step: 155343, 	{'train/accuracy': 0.7189029455184937, 'train/loss': 1.2548964023590088, 'train/bleu': 37.412710550458236, 'validation/accuracy': 0.6809586882591248, 'validation/loss': 1.463564395904541, 'validation/bleu': 29.986033654797783, 'validation/num_examples': 3000, 'test/accuracy': 0.6994829177856445, 'test/loss': 1.360743761062622, 'test/bleu': 29.65484050766203, 'test/num_examples': 3003, 'score': 20019.550224542618, 'total_duration': 40177.78369116783, 'accumulated_submission_time': 20019.550224542618, 'accumulated_eval_time': 20155.04410147667, 'accumulated_logging_time': 1.931973934173584}
I0411 12:11:23.398546 140340245055232 logging_writer.py:48] [155343] accumulated_eval_time=20155, accumulated_logging_time=1.93197, accumulated_submission_time=20019.6, global_step=155343, preemption_count=0, score=20019.6, test/accuracy=0.699483, test/bleu=29.6548, test/loss=1.36074, test/num_examples=3003, total_duration=40177.8, train/accuracy=0.718903, train/bleu=37.4127, train/loss=1.2549, validation/accuracy=0.680959, validation/bleu=29.986, validation/loss=1.46356, validation/num_examples=3000
I0411 12:22:07.425058 140504811599040 spec.py:333] Evaluating on the training split.
I0411 12:22:08.718380 140504811599040 workload.py:200] Translating evaluation dataset.
I0411 12:25:34.860648 140504811599040 spec.py:346] Evaluating on the validation split.
I0411 12:25:35.800853 140504811599040 workload.py:200] Translating evaluation dataset.
I0411 12:28:39.732854 140504811599040 spec.py:363] Evaluating on the test split.
I0411 12:28:40.648322 140504811599040 workload.py:200] Translating evaluation dataset.
I0411 12:31:35.894835 140504811599040 submission_runner.py:516] Time since start: 41390.33s, 	Step: 160366, 	{'train/accuracy': 0.7202051877975464, 'train/loss': 1.2454371452331543, 'train/bleu': 37.80486745262981, 'validation/accuracy': 0.6809586882591248, 'validation/loss': 1.463564395904541, 'validation/bleu': 29.986033654797783, 'validation/num_examples': 3000, 'test/accuracy': 0.6994829177856445, 'test/loss': 1.360743761062622, 'test/bleu': 29.65484050766203, 'test/num_examples': 3003, 'score': 20663.526781082153, 'total_duration': 41390.334104537964, 'accumulated_submission_time': 20663.526781082153, 'accumulated_eval_time': 20723.51379418373, 'accumulated_logging_time': 1.9951131343841553}
I0411 12:31:35.940463 140340261840640 logging_writer.py:48] [160366] accumulated_eval_time=20723.5, accumulated_logging_time=1.99511, accumulated_submission_time=20663.5, global_step=160366, preemption_count=0, score=20663.5, test/accuracy=0.699483, test/bleu=29.6548, test/loss=1.36074, test/num_examples=3003, total_duration=41390.3, train/accuracy=0.720205, train/bleu=37.8049, train/loss=1.24544, validation/accuracy=0.680959, validation/bleu=29.986, validation/loss=1.46356, validation/num_examples=3000
I0411 12:42:20.011967 140504811599040 spec.py:333] Evaluating on the training split.
I0411 12:42:21.309196 140504811599040 workload.py:200] Translating evaluation dataset.
I0411 12:46:11.615838 140504811599040 spec.py:346] Evaluating on the validation split.
I0411 12:46:12.557317 140504811599040 workload.py:200] Translating evaluation dataset.
I0411 12:49:16.064591 140504811599040 spec.py:363] Evaluating on the test split.
I0411 12:49:16.980284 140504811599040 workload.py:200] Translating evaluation dataset.
I0411 12:52:11.757940 140504811599040 submission_runner.py:516] Time since start: 42626.20s, 	Step: 165390, 	{'train/accuracy': 0.7186058163642883, 'train/loss': 1.2550078630447388, 'train/bleu': 37.066993458612636, 'validation/accuracy': 0.6809586882591248, 'validation/loss': 1.463564395904541, 'validation/bleu': 29.986033654797783, 'validation/num_examples': 3000, 'test/accuracy': 0.6994829177856445, 'test/loss': 1.360743761062622, 'test/bleu': 29.65484050766203, 'test/num_examples': 3003, 'score': 21307.54949116707, 'total_duration': 42626.19722080231, 'accumulated_submission_time': 21307.54949116707, 'accumulated_eval_time': 21315.259684324265, 'accumulated_logging_time': 2.0498898029327393}
I0411 12:52:11.803216 140340236662528 logging_writer.py:48] [165390] accumulated_eval_time=21315.3, accumulated_logging_time=2.04989, accumulated_submission_time=21307.5, global_step=165390, preemption_count=0, score=21307.5, test/accuracy=0.699483, test/bleu=29.6548, test/loss=1.36074, test/num_examples=3003, total_duration=42626.2, train/accuracy=0.718606, train/bleu=37.067, train/loss=1.25501, validation/accuracy=0.680959, validation/bleu=29.986, validation/loss=1.46356, validation/num_examples=3000
I0411 13:02:55.812384 140504811599040 spec.py:333] Evaluating on the training split.
I0411 13:02:57.108804 140504811599040 workload.py:200] Translating evaluation dataset.
I0411 13:06:34.479929 140504811599040 spec.py:346] Evaluating on the validation split.
I0411 13:06:35.424736 140504811599040 workload.py:200] Translating evaluation dataset.
I0411 13:09:38.877155 140504811599040 spec.py:363] Evaluating on the test split.
I0411 13:09:39.793324 140504811599040 workload.py:200] Translating evaluation dataset.
I0411 13:12:34.443601 140504811599040 submission_runner.py:516] Time since start: 43848.88s, 	Step: 170414, 	{'train/accuracy': 0.7183821201324463, 'train/loss': 1.2515867948532104, 'train/bleu': 37.09681946056751, 'validation/accuracy': 0.6809586882591248, 'validation/loss': 1.463564395904541, 'validation/bleu': 29.986033654797783, 'validation/num_examples': 3000, 'test/accuracy': 0.6994829177856445, 'test/loss': 1.360743761062622, 'test/bleu': 29.65484050766203, 'test/num_examples': 3003, 'score': 21951.50912451744, 'total_duration': 43848.88288497925, 'accumulated_submission_time': 21951.50912451744, 'accumulated_eval_time': 21893.8908162117, 'accumulated_logging_time': 2.1040430068969727}
I0411 13:12:34.495614 140340261840640 logging_writer.py:48] [170414] accumulated_eval_time=21893.9, accumulated_logging_time=2.10404, accumulated_submission_time=21951.5, global_step=170414, preemption_count=0, score=21951.5, test/accuracy=0.699483, test/bleu=29.6548, test/loss=1.36074, test/num_examples=3003, total_duration=43848.9, train/accuracy=0.718382, train/bleu=37.0968, train/loss=1.25159, validation/accuracy=0.680959, validation/bleu=29.986, validation/loss=1.46356, validation/num_examples=3000
I0411 13:23:18.482306 140504811599040 spec.py:333] Evaluating on the training split.
I0411 13:23:19.772722 140504811599040 workload.py:200] Translating evaluation dataset.
I0411 13:26:56.065056 140504811599040 spec.py:346] Evaluating on the validation split.
I0411 13:26:57.007217 140504811599040 workload.py:200] Translating evaluation dataset.
I0411 13:30:00.578574 140504811599040 spec.py:363] Evaluating on the test split.
I0411 13:30:01.494447 140504811599040 workload.py:200] Translating evaluation dataset.
I0411 13:32:56.073805 140504811599040 submission_runner.py:516] Time since start: 45070.51s, 	Step: 175437, 	{'train/accuracy': 0.7189258337020874, 'train/loss': 1.2489545345306396, 'train/bleu': 36.871756705580246, 'validation/accuracy': 0.6809586882591248, 'validation/loss': 1.463564395904541, 'validation/bleu': 29.986033654797783, 'validation/num_examples': 3000, 'test/accuracy': 0.6994829177856445, 'test/loss': 1.360743761062622, 'test/bleu': 29.65484050766203, 'test/num_examples': 3003, 'score': 22595.44668340683, 'total_duration': 45070.51308631897, 'accumulated_submission_time': 22595.44668340683, 'accumulated_eval_time': 22471.482236862183, 'accumulated_logging_time': 2.164952516555786}
I0411 13:32:56.121146 140340236662528 logging_writer.py:48] [175437] accumulated_eval_time=22471.5, accumulated_logging_time=2.16495, accumulated_submission_time=22595.4, global_step=175437, preemption_count=0, score=22595.4, test/accuracy=0.699483, test/bleu=29.6548, test/loss=1.36074, test/num_examples=3003, total_duration=45070.5, train/accuracy=0.718926, train/bleu=36.8718, train/loss=1.24895, validation/accuracy=0.680959, validation/bleu=29.986, validation/loss=1.46356, validation/num_examples=3000
I0411 13:43:40.185236 140504811599040 spec.py:333] Evaluating on the training split.
I0411 13:43:41.478066 140504811599040 workload.py:200] Translating evaluation dataset.
I0411 13:47:30.075838 140504811599040 spec.py:346] Evaluating on the validation split.
I0411 13:47:31.019073 140504811599040 workload.py:200] Translating evaluation dataset.
I0411 13:50:34.600798 140504811599040 spec.py:363] Evaluating on the test split.
I0411 13:50:35.517306 140504811599040 workload.py:200] Translating evaluation dataset.
I0411 13:53:30.460825 140504811599040 submission_runner.py:516] Time since start: 46304.90s, 	Step: 180465, 	{'train/accuracy': 0.7191437482833862, 'train/loss': 1.2505329847335815, 'train/bleu': 37.33353577524404, 'validation/accuracy': 0.6809586882591248, 'validation/loss': 1.463564395904541, 'validation/bleu': 29.986033654797783, 'validation/num_examples': 3000, 'test/accuracy': 0.6994829177856445, 'test/loss': 1.360743761062622, 'test/bleu': 29.65484050766203, 'test/num_examples': 3003, 'score': 23239.463999271393, 'total_duration': 46304.90010857582, 'accumulated_submission_time': 23239.463999271393, 'accumulated_eval_time': 23061.75774693489, 'accumulated_logging_time': 2.2211391925811768}
I0411 13:53:30.510363 140340228269824 logging_writer.py:48] [180465] accumulated_eval_time=23061.8, accumulated_logging_time=2.22114, accumulated_submission_time=23239.5, global_step=180465, preemption_count=0, score=23239.5, test/accuracy=0.699483, test/bleu=29.6548, test/loss=1.36074, test/num_examples=3003, total_duration=46304.9, train/accuracy=0.719144, train/bleu=37.3335, train/loss=1.25053, validation/accuracy=0.680959, validation/bleu=29.986, validation/loss=1.46356, validation/num_examples=3000
I0411 14:04:14.462169 140504811599040 spec.py:333] Evaluating on the training split.
I0411 14:04:15.756834 140504811599040 workload.py:200] Translating evaluation dataset.
I0411 14:07:57.593020 140504811599040 spec.py:346] Evaluating on the validation split.
I0411 14:07:58.539350 140504811599040 workload.py:200] Translating evaluation dataset.
I0411 14:11:01.948948 140504811599040 spec.py:363] Evaluating on the test split.
I0411 14:11:02.864002 140504811599040 workload.py:200] Translating evaluation dataset.
I0411 14:13:57.566009 140504811599040 submission_runner.py:516] Time since start: 47532.01s, 	Step: 185490, 	{'train/accuracy': 0.7196093201637268, 'train/loss': 1.2472120523452759, 'train/bleu': 37.0751305665752, 'validation/accuracy': 0.6809586882591248, 'validation/loss': 1.463564395904541, 'validation/bleu': 29.986033654797783, 'validation/num_examples': 3000, 'test/accuracy': 0.6994829177856445, 'test/loss': 1.360743761062622, 'test/bleu': 29.65484050766203, 'test/num_examples': 3003, 'score': 23883.367587327957, 'total_duration': 47532.00529384613, 'accumulated_submission_time': 23883.367587327957, 'accumulated_eval_time': 23644.861521720886, 'accumulated_logging_time': 2.279589891433716}
I0411 14:13:57.612495 140340245055232 logging_writer.py:48] [185490] accumulated_eval_time=23644.9, accumulated_logging_time=2.27959, accumulated_submission_time=23883.4, global_step=185490, preemption_count=0, score=23883.4, test/accuracy=0.699483, test/bleu=29.6548, test/loss=1.36074, test/num_examples=3003, total_duration=47532, train/accuracy=0.719609, train/bleu=37.0751, train/loss=1.24721, validation/accuracy=0.680959, validation/bleu=29.986, validation/loss=1.46356, validation/num_examples=3000
I0411 14:24:41.698608 140340253447936 logging_writer.py:48] [190512] global_step=190512, preemption_count=0, score=24527.4
I0411 14:24:41.715120 140504811599040 submission_runner.py:857] Final wmt score: 24527.37303161621
