torchrun --redirects 1:0,2:0,3:0 --standalone --nnodes=1 --nproc_per_node=4 submission_runner.py --framework=pytorch --workload=criteo1tb --submission_path=submissions_algorithms/submissions/self_tuning/ademamix/submission.py --data_dir=/data/criteo1tb --experiment_dir=/experiment_runs --experiment_name=submissions_a100/ademamix/study_2 --overwrite=True --save_checkpoints=False --rng_seed=432436421 --torch_compile=true --tuning_ruleset=self 2>&1 | tee -a /logs/criteo1tb_pytorch_05-07-2026-16-28-53.log
W0507 16:28:55.692000 9 site-packages/torch/distributed/run.py:803] 
W0507 16:28:55.692000 9 site-packages/torch/distributed/run.py:803] *****************************************
W0507 16:28:55.692000 9 site-packages/torch/distributed/run.py:803] Setting OMP_NUM_THREADS environment variable for each process to be 1 in default, to avoid your system being overloaded, please further tune the variable for optimal performance in your application as needed. 
W0507 16:28:55.692000 9 site-packages/torch/distributed/run.py:803] *****************************************
2026-05-07 16:28:57.186734: E external/local_xla/xla/stream_executor/cuda/cuda_fft.cc:467] Unable to register cuFFT factory: Attempting to register factory for plugin cuFFT when one has already been registered
2026-05-07 16:28:57.186758: E external/local_xla/xla/stream_executor/cuda/cuda_fft.cc:467] Unable to register cuFFT factory: Attempting to register factory for plugin cuFFT when one has already been registered
2026-05-07 16:28:57.186734: E external/local_xla/xla/stream_executor/cuda/cuda_fft.cc:467] Unable to register cuFFT factory: Attempting to register factory for plugin cuFFT when one has already been registered
2026-05-07 16:28:57.186733: E external/local_xla/xla/stream_executor/cuda/cuda_fft.cc:467] Unable to register cuFFT factory: Attempting to register factory for plugin cuFFT when one has already been registered
WARNING: All log messages before absl::InitializeLog() is called are written to STDERR
WARNING: All log messages before absl::InitializeLog() is called are written to STDERR
WARNING: All log messages before absl::InitializeLog() is called are written to STDERR
E0000 00:00:1778171337.210818      38 cuda_dnn.cc:8579] Unable to register cuDNN factory: Attempting to register factory for plugin cuDNN when one has already been registered
E0000 00:00:1778171337.210822      41 cuda_dnn.cc:8579] Unable to register cuDNN factory: Attempting to register factory for plugin cuDNN when one has already been registered
WARNING: All log messages before absl::InitializeLog() is called are written to STDERR
E0000 00:00:1778171337.210819      39 cuda_dnn.cc:8579] Unable to register cuDNN factory: Attempting to register factory for plugin cuDNN when one has already been registered
E0000 00:00:1778171337.210851      40 cuda_dnn.cc:8579] Unable to register cuDNN factory: Attempting to register factory for plugin cuDNN when one has already been registered
E0000 00:00:1778171337.218714      38 cuda_blas.cc:1407] Unable to register cuBLAS factory: Attempting to register factory for plugin cuBLAS when one has already been registered
E0000 00:00:1778171337.218716      41 cuda_blas.cc:1407] Unable to register cuBLAS factory: Attempting to register factory for plugin cuBLAS when one has already been registered
E0000 00:00:1778171337.218739      39 cuda_blas.cc:1407] Unable to register cuBLAS factory: Attempting to register factory for plugin cuBLAS when one has already been registered
E0000 00:00:1778171337.218759      40 cuda_blas.cc:1407] Unable to register cuBLAS factory: Attempting to register factory for plugin cuBLAS when one has already been registered
W0000 00:00:1778171337.244704      40 computation_placer.cc:177] computation placer already registered. Please check linkage and avoid linking the same target more than once.
W0000 00:00:1778171337.244704      41 computation_placer.cc:177] computation placer already registered. Please check linkage and avoid linking the same target more than once.
W0000 00:00:1778171337.244703      38 computation_placer.cc:177] computation placer already registered. Please check linkage and avoid linking the same target more than once.
W0000 00:00:1778171337.244733      41 computation_placer.cc:177] computation placer already registered. Please check linkage and avoid linking the same target more than once.
W0000 00:00:1778171337.244733      38 computation_placer.cc:177] computation placer already registered. Please check linkage and avoid linking the same target more than once.
W0000 00:00:1778171337.244735      41 computation_placer.cc:177] computation placer already registered. Please check linkage and avoid linking the same target more than once.
W0000 00:00:1778171337.244736      38 computation_placer.cc:177] computation placer already registered. Please check linkage and avoid linking the same target more than once.
W0000 00:00:1778171337.244737      41 computation_placer.cc:177] computation placer already registered. Please check linkage and avoid linking the same target more than once.
W0000 00:00:1778171337.244738      38 computation_placer.cc:177] computation placer already registered. Please check linkage and avoid linking the same target more than once.
W0000 00:00:1778171337.244738      40 computation_placer.cc:177] computation placer already registered. Please check linkage and avoid linking the same target more than once.
W0000 00:00:1778171337.244741      40 computation_placer.cc:177] computation placer already registered. Please check linkage and avoid linking the same target more than once.
W0000 00:00:1778171337.244743      40 computation_placer.cc:177] computation placer already registered. Please check linkage and avoid linking the same target more than once.
W0000 00:00:1778171337.244735      39 computation_placer.cc:177] computation placer already registered. Please check linkage and avoid linking the same target more than once.
W0000 00:00:1778171337.244760      39 computation_placer.cc:177] computation placer already registered. Please check linkage and avoid linking the same target more than once.
W0000 00:00:1778171337.244762      39 computation_placer.cc:177] computation placer already registered. Please check linkage and avoid linking the same target more than once.
W0000 00:00:1778171337.244764      39 computation_placer.cc:177] computation placer already registered. Please check linkage and avoid linking the same target more than once.
W0000 00:00:1778171343.050032      39 gpu_device.cc:2341] Cannot dlopen some GPU libraries. Please make sure the missing libraries mentioned above are installed properly if you would like to use GPU. Follow the guide at https://www.tensorflow.org/install/gpu for how to download and setup the required libraries for your platform.
Skipping registering GPU devices...
W0000 00:00:1778171343.179556      41 gpu_device.cc:2341] Cannot dlopen some GPU libraries. Please make sure the missing libraries mentioned above are installed properly if you would like to use GPU. Follow the guide at https://www.tensorflow.org/install/gpu for how to download and setup the required libraries for your platform.
Skipping registering GPU devices...
W0000 00:00:1778171343.228954      38 gpu_device.cc:2341] Cannot dlopen some GPU libraries. Please make sure the missing libraries mentioned above are installed properly if you would like to use GPU. Follow the guide at https://www.tensorflow.org/install/gpu for how to download and setup the required libraries for your platform.
Skipping registering GPU devices...
W0000 00:00:1778171343.446100      40 gpu_device.cc:2341] Cannot dlopen some GPU libraries. Please make sure the missing libraries mentioned above are installed properly if you would like to use GPU. Follow the guide at https://www.tensorflow.org/install/gpu for how to download and setup the required libraries for your platform.
Skipping registering GPU devices...
/usr/local/lib/python3.11/site-packages/torch/__init__.py:1617: UserWarning: Please use the new API settings to control TF32 behavior, such as torch.backends.cudnn.conv.fp32_precision = 'tf32' or torch.backends.cuda.matmul.fp32_precision = 'ieee'. Old settings, e.g, torch.backends.cuda.matmul.allow_tf32 = True, torch.backends.cudnn.allow_tf32 = True, allowTF32CuDNN() and allowTF32CuBLAS() will be deprecated after Pytorch 2.9. Please see https://pytorch.org/docs/main/notes/cuda.html#tensorfloat-32-tf32-on-ampere-and-later-devices (Triggered internally at /pytorch/aten/src/ATen/Context.cpp:80.)
  _C._set_float32_matmul_precision(precision)
/usr/local/lib/python3.11/site-packages/torch/__init__.py:1617: UserWarning: Please use the new API settings to control TF32 behavior, such as torch.backends.cudnn.conv.fp32_precision = 'tf32' or torch.backends.cuda.matmul.fp32_precision = 'ieee'. Old settings, e.g, torch.backends.cuda.matmul.allow_tf32 = True, torch.backends.cudnn.allow_tf32 = True, allowTF32CuDNN() and allowTF32CuBLAS() will be deprecated after Pytorch 2.9. Please see https://pytorch.org/docs/main/notes/cuda.html#tensorfloat-32-tf32-on-ampere-and-later-devices (Triggered internally at /pytorch/aten/src/ATen/Context.cpp:80.)
  _C._set_float32_matmul_precision(precision)
/usr/local/lib/python3.11/site-packages/torch/__init__.py:1617: UserWarning: Please use the new API settings to control TF32 behavior, such as torch.backends.cudnn.conv.fp32_precision = 'tf32' or torch.backends.cuda.matmul.fp32_precision = 'ieee'. Old settings, e.g, torch.backends.cuda.matmul.allow_tf32 = True, torch.backends.cudnn.allow_tf32 = True, allowTF32CuDNN() and allowTF32CuBLAS() will be deprecated after Pytorch 2.9. Please see https://pytorch.org/docs/main/notes/cuda.html#tensorfloat-32-tf32-on-ampere-and-later-devices (Triggered internally at /pytorch/aten/src/ATen/Context.cpp:80.)
  _C._set_float32_matmul_precision(precision)
/usr/local/lib/python3.11/site-packages/torch/__init__.py:1617: UserWarning: Please use the new API settings to control TF32 behavior, such as torch.backends.cudnn.conv.fp32_precision = 'tf32' or torch.backends.cuda.matmul.fp32_precision = 'ieee'. Old settings, e.g, torch.backends.cuda.matmul.allow_tf32 = True, torch.backends.cudnn.allow_tf32 = True, allowTF32CuDNN() and allowTF32CuBLAS() will be deprecated after Pytorch 2.9. Please see https://pytorch.org/docs/main/notes/cuda.html#tensorfloat-32-tf32-on-ampere-and-later-devices (Triggered internally at /pytorch/aten/src/ATen/Context.cpp:80.)
  _C._set_float32_matmul_precision(precision)
/usr/local/lib/python3.11/site-packages/pydantic/_internal/_generate_schema.py:2249: UnsupportedFieldAttributeWarning: The 'repr' attribute with value False was provided to the `Field()` function, which has no effect in the context it was used. 'repr' is field-specific metadata, and can only be attached to a model field using `Annotated` metadata or by assignment. This may have happened because an `Annotated` type alias using the `type` statement was used, or if the `Field()` function was attached to a single member of a union type.
  warnings.warn(
/usr/local/lib/python3.11/site-packages/pydantic/_internal/_generate_schema.py:2249: UnsupportedFieldAttributeWarning: The 'frozen' attribute with value True was provided to the `Field()` function, which has no effect in the context it was used. 'frozen' is field-specific metadata, and can only be attached to a model field using `Annotated` metadata or by assignment. This may have happened because an `Annotated` type alias using the `type` statement was used, or if the `Field()` function was attached to a single member of a union type.
  warnings.warn(
/usr/local/lib/python3.11/site-packages/pydantic/_internal/_generate_schema.py:2249: UnsupportedFieldAttributeWarning: The 'repr' attribute with value False was provided to the `Field()` function, which has no effect in the context it was used. 'repr' is field-specific metadata, and can only be attached to a model field using `Annotated` metadata or by assignment. This may have happened because an `Annotated` type alias using the `type` statement was used, or if the `Field()` function was attached to a single member of a union type.
  warnings.warn(
/usr/local/lib/python3.11/site-packages/pydantic/_internal/_generate_schema.py:2249: UnsupportedFieldAttributeWarning: The 'frozen' attribute with value True was provided to the `Field()` function, which has no effect in the context it was used. 'frozen' is field-specific metadata, and can only be attached to a model field using `Annotated` metadata or by assignment. This may have happened because an `Annotated` type alias using the `type` statement was used, or if the `Field()` function was attached to a single member of a union type.
  warnings.warn(
/usr/local/lib/python3.11/site-packages/pydantic/_internal/_generate_schema.py:2249: UnsupportedFieldAttributeWarning: The 'repr' attribute with value False was provided to the `Field()` function, which has no effect in the context it was used. 'repr' is field-specific metadata, and can only be attached to a model field using `Annotated` metadata or by assignment. This may have happened because an `Annotated` type alias using the `type` statement was used, or if the `Field()` function was attached to a single member of a union type.
  warnings.warn(
/usr/local/lib/python3.11/site-packages/pydantic/_internal/_generate_schema.py:2249: UnsupportedFieldAttributeWarning: The 'frozen' attribute with value True was provided to the `Field()` function, which has no effect in the context it was used. 'frozen' is field-specific metadata, and can only be attached to a model field using `Annotated` metadata or by assignment. This may have happened because an `Annotated` type alias using the `type` statement was used, or if the `Field()` function was attached to a single member of a union type.
  warnings.warn(
/usr/local/lib/python3.11/site-packages/pydantic/_internal/_generate_schema.py:2249: UnsupportedFieldAttributeWarning: The 'repr' attribute with value False was provided to the `Field()` function, which has no effect in the context it was used. 'repr' is field-specific metadata, and can only be attached to a model field using `Annotated` metadata or by assignment. This may have happened because an `Annotated` type alias using the `type` statement was used, or if the `Field()` function was attached to a single member of a union type.
  warnings.warn(
/usr/local/lib/python3.11/site-packages/pydantic/_internal/_generate_schema.py:2249: UnsupportedFieldAttributeWarning: The 'frozen' attribute with value True was provided to the `Field()` function, which has no effect in the context it was used. 'frozen' is field-specific metadata, and can only be attached to a model field using `Annotated` metadata or by assignment. This may have happened because an `Annotated` type alias using the `type` statement was used, or if the `Field()` function was attached to a single member of a union type.
  warnings.warn(
/usr/local/lib/python3.11/site-packages/torch/distributed/distributed_c10d.py:4876: UserWarning: barrier(): using the device under current context. You can specify `device_id` in `init_process_group` to mute this warning.
  warnings.warn(  # warn only once
[rank0]:[W507 16:29:05.546937363 ProcessGroupNCCL.cpp:5068] Guessing device ID based on global rank. This can cause a hang if rank to GPU mapping is heterogeneous. You can specify device_id in init_process_group()
I0507 16:29:05.897253 140369343800512 logger_utils.py:84] Creating experiment directory at /experiment_runs/submissions_a100/ademamix/study_2/criteo1tb_pytorch.
I0507 16:29:05.897253 140422796113088 logger_utils.py:84] Creating experiment directory at /experiment_runs/submissions_a100/ademamix/study_2/criteo1tb_pytorch.
I0507 16:29:05.897253 140518936392896 logger_utils.py:84] Creating experiment directory at /experiment_runs/submissions_a100/ademamix/study_2/criteo1tb_pytorch.
I0507 16:29:05.897285 140379882415296 logger_utils.py:84] Creating experiment directory at /experiment_runs/submissions_a100/ademamix/study_2/criteo1tb_pytorch.
I0507 16:29:05.931622 140369343800512 submission_runner.py:741] Creating directory at /experiment_runs/submissions_a100/ademamix/study_2/criteo1tb_pytorch/trial_1.
I0507 16:29:06.205232 140369343800512 submission_runner.py:242] Initializing dataset.
I0507 16:29:06.205410 140369343800512 submission_runner.py:251] Initializing model.
W0507 16:29:11.954580 140369343800512 submission_runner.py:273] These workloads cannot be fully compiled under current PyTorch version. Proceeding without `torch.compile`.
I0507 16:29:11.954772 140369343800512 submission_runner.py:294] Initializing optimizer.
I0507 16:29:11.955143 140369343800512 submission_runner.py:299] Initializing metrics bundle.
W0507 16:29:11.955137 140422796113088 submission_runner.py:273] These workloads cannot be fully compiled under current PyTorch version. Proceeding without `torch.compile`.
I0507 16:29:11.955293 140369343800512 submission_runner.py:321] Initializing checkpoint and logger.
W0507 16:29:11.955563 140379882415296 submission_runner.py:273] These workloads cannot be fully compiled under current PyTorch version. Proceeding without `torch.compile`.
W0507 16:29:11.955645 140518936392896 submission_runner.py:273] These workloads cannot be fully compiled under current PyTorch version. Proceeding without `torch.compile`.
I0507 16:29:11.958648 140369343800512 submission_runner.py:344] Saving meta data to /experiment_runs/submissions_a100/ademamix/study_2/criteo1tb_pytorch/trial_1/meta_data_0.json.
I0507 16:29:11.958764 140422796113088 logger_utils.py:283] Unable to record workload.train_mean information. Continuing without it.
I0507 16:29:11.958789 140518936392896 logger_utils.py:283] Unable to record workload.train_mean information. Continuing without it.
I0507 16:29:11.958790 140379882415296 logger_utils.py:283] Unable to record workload.train_mean information. Continuing without it.
I0507 16:29:11.958876 140369343800512 logger_utils.py:283] Unable to record workload.train_mean information. Continuing without it.
I0507 16:29:11.958899 140422796113088 logger_utils.py:283] Unable to record workload.train_stddev information. Continuing without it.
I0507 16:29:11.958911 140518936392896 logger_utils.py:283] Unable to record workload.train_stddev information. Continuing without it.
I0507 16:29:11.958921 140379882415296 logger_utils.py:283] Unable to record workload.train_stddev information. Continuing without it.
I0507 16:29:11.958939 140369343800512 logger_utils.py:283] Unable to record workload.train_stddev information. Continuing without it.
I0507 16:29:12.155525 140369343800512 submission_runner.py:348] Saving flags to /experiment_runs/submissions_a100/ademamix/study_2/criteo1tb_pytorch/trial_1/flags_0.json.
I0507 16:29:12.203429 140369343800512 submission_runner.py:359] Starting training loop.
I0507 16:29:16.593116 140340203874048 logging_writer.py:48] [0] global_step=0, grad_norm=0.5, loss=0.503197
I0507 16:29:16.622676 140369343800512 submission.py:299] 0) loss = 0.503, grad_norm = 0.500
I0507 16:29:16.951263 140369343800512 spec.py:333] Evaluating on the training split.
I0507 16:34:14.319247 140369343800512 spec.py:346] Evaluating on the validation split.
I0507 16:39:03.000003 140369343800512 spec.py:363] Evaluating on the test split.
I0507 16:44:19.384911 140369343800512 submission_runner.py:516] Time since start: 907.18s, 	Step: 1, 	{'train/loss': 0.503522260611085, 'validation/loss': 0.5008288089076305, 'validation/num_examples': 83274637, 'test/loss': 0.5024258258551346, 'test/num_examples': 95000000, 'score': 4.420486688613892, 'total_duration': 907.1816506385803, 'accumulated_submission_time': 4.420486688613892, 'accumulated_eval_time': 902.4336903095245, 'accumulated_logging_time': 0}
I0507 16:44:19.415588 140326001911552 logging_writer.py:48] [1] accumulated_eval_time=902.434, accumulated_logging_time=0, accumulated_submission_time=4.42049, global_step=1, preemption_count=0, score=4.42049, test/loss=0.502426, test/num_examples=95000000, total_duration=907.182, train/loss=0.503522, validation/loss=0.500829, validation/num_examples=83274637
I0507 16:44:20.021594 140325993518848 logging_writer.py:48] [1] global_step=1, grad_norm=0.5, loss=0.503441
I0507 16:44:20.024685 140369343800512 submission.py:299] 1) loss = 0.503, grad_norm = 0.500
I0507 16:44:20.263040 140326001911552 logging_writer.py:48] [2] global_step=2, grad_norm=0.5, loss=0.486041
I0507 16:44:20.266027 140369343800512 submission.py:299] 2) loss = 0.486, grad_norm = 0.500
I0507 16:44:20.505956 140325993518848 logging_writer.py:48] [3] global_step=3, grad_norm=0.5, loss=0.454079
I0507 16:44:20.508834 140369343800512 submission.py:299] 3) loss = 0.454, grad_norm = 0.500
I0507 16:44:20.746232 140326001911552 logging_writer.py:48] [4] global_step=4, grad_norm=0.5, loss=0.409942
I0507 16:44:20.749185 140369343800512 submission.py:299] 4) loss = 0.410, grad_norm = 0.500
I0507 16:44:20.988784 140325993518848 logging_writer.py:48] [5] global_step=5, grad_norm=0.5, loss=0.359693
I0507 16:44:20.991694 140369343800512 submission.py:299] 5) loss = 0.360, grad_norm = 0.500
I0507 16:44:21.229502 140326001911552 logging_writer.py:48] [6] global_step=6, grad_norm=0.5, loss=0.310381
I0507 16:44:21.232430 140369343800512 submission.py:299] 6) loss = 0.310, grad_norm = 0.500
I0507 16:44:21.470446 140325993518848 logging_writer.py:48] [7] global_step=7, grad_norm=0.5, loss=0.264927
I0507 16:44:21.473653 140369343800512 submission.py:299] 7) loss = 0.265, grad_norm = 0.500
I0507 16:44:21.710851 140326001911552 logging_writer.py:48] [8] global_step=8, grad_norm=0.5, loss=0.22314
I0507 16:44:21.713814 140369343800512 submission.py:299] 8) loss = 0.223, grad_norm = 0.500
I0507 16:44:21.952240 140325993518848 logging_writer.py:48] [9] global_step=9, grad_norm=0.5, loss=0.187632
I0507 16:44:21.955199 140369343800512 submission.py:299] 9) loss = 0.188, grad_norm = 0.500
I0507 16:44:22.193538 140326001911552 logging_writer.py:48] [10] global_step=10, grad_norm=0.499999, loss=0.164719
I0507 16:44:22.196503 140369343800512 submission.py:299] 10) loss = 0.165, grad_norm = 0.500
I0507 16:44:22.434582 140325993518848 logging_writer.py:48] [11] global_step=11, grad_norm=0.181077, loss=0.150316
I0507 16:44:22.437963 140369343800512 submission.py:299] 11) loss = 0.150, grad_norm = 0.181
I0507 16:44:22.672923 140326001911552 logging_writer.py:48] [12] global_step=12, grad_norm=0.224187, loss=0.149832
I0507 16:44:22.675900 140369343800512 submission.py:299] 12) loss = 0.150, grad_norm = 0.224
I0507 16:44:22.914953 140325993518848 logging_writer.py:48] [13] global_step=13, grad_norm=0.419094, loss=0.153656
I0507 16:44:22.918031 140369343800512 submission.py:299] 13) loss = 0.154, grad_norm = 0.419
I0507 16:44:23.156095 140326001911552 logging_writer.py:48] [14] global_step=14, grad_norm=0.466152, loss=0.154946
I0507 16:44:23.159140 140369343800512 submission.py:299] 14) loss = 0.155, grad_norm = 0.466
I0507 16:44:23.394961 140325993518848 logging_writer.py:48] [15] global_step=15, grad_norm=0.414755, loss=0.152227
I0507 16:44:23.398031 140369343800512 submission.py:299] 15) loss = 0.152, grad_norm = 0.415
I0507 16:44:23.634920 140326001911552 logging_writer.py:48] [16] global_step=16, grad_norm=0.271297, loss=0.146141
I0507 16:44:23.637936 140369343800512 submission.py:299] 16) loss = 0.146, grad_norm = 0.271
I0507 16:44:23.876705 140325993518848 logging_writer.py:48] [17] global_step=17, grad_norm=0.0836964, loss=0.141265
I0507 16:44:23.879802 140369343800512 submission.py:299] 17) loss = 0.141, grad_norm = 0.084
I0507 16:44:24.116229 140326001911552 logging_writer.py:48] [18] global_step=18, grad_norm=0.136689, loss=0.14244
I0507 16:44:24.119178 140369343800512 submission.py:299] 18) loss = 0.142, grad_norm = 0.137
I0507 16:44:24.360110 140325993518848 logging_writer.py:48] [19] global_step=19, grad_norm=0.209024, loss=0.14667
I0507 16:44:24.363147 140369343800512 submission.py:299] 19) loss = 0.147, grad_norm = 0.209
I0507 16:44:24.603879 140326001911552 logging_writer.py:48] [20] global_step=20, grad_norm=0.153121, loss=0.145221
I0507 16:44:24.606918 140369343800512 submission.py:299] 20) loss = 0.145, grad_norm = 0.153
I0507 16:44:24.848338 140325993518848 logging_writer.py:48] [21] global_step=21, grad_norm=0.0523844, loss=0.143327
I0507 16:44:24.851367 140369343800512 submission.py:299] 21) loss = 0.143, grad_norm = 0.052
I0507 16:44:25.095355 140326001911552 logging_writer.py:48] [22] global_step=22, grad_norm=0.166974, loss=0.14264
I0507 16:44:25.098468 140369343800512 submission.py:299] 22) loss = 0.143, grad_norm = 0.167
I0507 16:44:25.340479 140325993518848 logging_writer.py:48] [23] global_step=23, grad_norm=0.146687, loss=0.143164
I0507 16:44:25.343561 140369343800512 submission.py:299] 23) loss = 0.143, grad_norm = 0.147
I0507 16:44:25.586113 140326001911552 logging_writer.py:48] [24] global_step=24, grad_norm=0.0325598, loss=0.144449
I0507 16:44:25.589071 140369343800512 submission.py:299] 24) loss = 0.144, grad_norm = 0.033
I0507 16:44:25.831341 140325993518848 logging_writer.py:48] [25] global_step=25, grad_norm=0.118978, loss=0.141385
I0507 16:44:25.834400 140369343800512 submission.py:299] 25) loss = 0.141, grad_norm = 0.119
I0507 16:44:26.077794 140326001911552 logging_writer.py:48] [26] global_step=26, grad_norm=0.0909758, loss=0.138526
I0507 16:44:26.080763 140369343800512 submission.py:299] 26) loss = 0.139, grad_norm = 0.091
I0507 16:44:26.323596 140325993518848 logging_writer.py:48] [27] global_step=27, grad_norm=0.0913977, loss=0.143247
I0507 16:44:26.326682 140369343800512 submission.py:299] 27) loss = 0.143, grad_norm = 0.091
I0507 16:44:26.569699 140326001911552 logging_writer.py:48] [28] global_step=28, grad_norm=0.0930953, loss=0.141397
I0507 16:44:26.572808 140369343800512 submission.py:299] 28) loss = 0.141, grad_norm = 0.093
I0507 16:44:26.814322 140325993518848 logging_writer.py:48] [29] global_step=29, grad_norm=0.018637, loss=0.141519
I0507 16:44:26.817344 140369343800512 submission.py:299] 29) loss = 0.142, grad_norm = 0.019
I0507 16:44:27.058543 140326001911552 logging_writer.py:48] [30] global_step=30, grad_norm=0.0757223, loss=0.141769
I0507 16:44:27.061588 140369343800512 submission.py:299] 30) loss = 0.142, grad_norm = 0.076
I0507 16:44:27.303845 140325993518848 logging_writer.py:48] [31] global_step=31, grad_norm=0.0258587, loss=0.14011
I0507 16:44:27.306849 140369343800512 submission.py:299] 31) loss = 0.140, grad_norm = 0.026
I0507 16:44:27.548418 140326001911552 logging_writer.py:48] [32] global_step=32, grad_norm=0.0654722, loss=0.137709
I0507 16:44:27.551451 140369343800512 submission.py:299] 32) loss = 0.138, grad_norm = 0.065
I0507 16:44:28.018068 140325993518848 logging_writer.py:48] [33] global_step=33, grad_norm=0.0445481, loss=0.139621
I0507 16:44:28.021091 140369343800512 submission.py:299] 33) loss = 0.140, grad_norm = 0.045
I0507 16:44:28.759992 140326001911552 logging_writer.py:48] [34] global_step=34, grad_norm=0.0643286, loss=0.139695
I0507 16:44:28.762972 140369343800512 submission.py:299] 34) loss = 0.140, grad_norm = 0.064
I0507 16:44:29.969504 140325993518848 logging_writer.py:48] [35] global_step=35, grad_norm=0.0148552, loss=0.140839
I0507 16:44:29.972573 140369343800512 submission.py:299] 35) loss = 0.141, grad_norm = 0.015
I0507 16:44:30.768961 140326001911552 logging_writer.py:48] [36] global_step=36, grad_norm=0.047002, loss=0.137115
I0507 16:44:30.772010 140369343800512 submission.py:299] 36) loss = 0.137, grad_norm = 0.047
I0507 16:44:31.861158 140325993518848 logging_writer.py:48] [37] global_step=37, grad_norm=0.0254164, loss=0.134709
I0507 16:44:31.864277 140369343800512 submission.py:299] 37) loss = 0.135, grad_norm = 0.025
I0507 16:44:32.941688 140326001911552 logging_writer.py:48] [38] global_step=38, grad_norm=0.0487184, loss=0.141808
I0507 16:44:32.944676 140369343800512 submission.py:299] 38) loss = 0.142, grad_norm = 0.049
I0507 16:44:33.888319 140325993518848 logging_writer.py:48] [39] global_step=39, grad_norm=0.0906972, loss=0.141139
I0507 16:44:33.891380 140369343800512 submission.py:299] 39) loss = 0.141, grad_norm = 0.091
I0507 16:44:34.780712 140326001911552 logging_writer.py:48] [40] global_step=40, grad_norm=0.144843, loss=0.142667
I0507 16:44:34.783823 140369343800512 submission.py:299] 40) loss = 0.143, grad_norm = 0.145
I0507 16:44:35.800199 140325993518848 logging_writer.py:48] [41] global_step=41, grad_norm=0.202479, loss=0.141378
I0507 16:44:35.803219 140369343800512 submission.py:299] 41) loss = 0.141, grad_norm = 0.202
I0507 16:44:36.742732 140326001911552 logging_writer.py:48] [42] global_step=42, grad_norm=0.17013, loss=0.141984
I0507 16:44:36.745737 140369343800512 submission.py:299] 42) loss = 0.142, grad_norm = 0.170
I0507 16:44:37.742065 140325993518848 logging_writer.py:48] [43] global_step=43, grad_norm=0.0469932, loss=0.139476
I0507 16:44:37.745048 140369343800512 submission.py:299] 43) loss = 0.139, grad_norm = 0.047
I0507 16:44:38.698501 140326001911552 logging_writer.py:48] [44] global_step=44, grad_norm=0.0603195, loss=0.13986
I0507 16:44:38.701431 140369343800512 submission.py:299] 44) loss = 0.140, grad_norm = 0.060
I0507 16:44:39.420671 140325993518848 logging_writer.py:48] [45] global_step=45, grad_norm=0.132284, loss=0.139032
I0507 16:44:39.423680 140369343800512 submission.py:299] 45) loss = 0.139, grad_norm = 0.132
I0507 16:44:41.122466 140326001911552 logging_writer.py:48] [46] global_step=46, grad_norm=0.167079, loss=0.138657
I0507 16:44:41.125425 140369343800512 submission.py:299] 46) loss = 0.139, grad_norm = 0.167
I0507 16:44:41.853918 140325993518848 logging_writer.py:48] [47] global_step=47, grad_norm=0.182048, loss=0.139093
I0507 16:44:41.856916 140369343800512 submission.py:299] 47) loss = 0.139, grad_norm = 0.182
I0507 16:44:43.002090 140326001911552 logging_writer.py:48] [48] global_step=48, grad_norm=0.193131, loss=0.138456
I0507 16:44:43.005203 140369343800512 submission.py:299] 48) loss = 0.138, grad_norm = 0.193
I0507 16:44:43.729249 140325993518848 logging_writer.py:48] [49] global_step=49, grad_norm=0.206665, loss=0.141847
I0507 16:44:43.732205 140369343800512 submission.py:299] 49) loss = 0.142, grad_norm = 0.207
I0507 16:44:44.785662 140326001911552 logging_writer.py:48] [50] global_step=50, grad_norm=0.247097, loss=0.136644
I0507 16:44:44.788676 140369343800512 submission.py:299] 50) loss = 0.137, grad_norm = 0.247
I0507 16:44:46.201027 140325993518848 logging_writer.py:48] [51] global_step=51, grad_norm=0.256091, loss=0.142345
I0507 16:44:46.204077 140369343800512 submission.py:299] 51) loss = 0.142, grad_norm = 0.256
I0507 16:44:47.038944 140326001911552 logging_writer.py:48] [52] global_step=52, grad_norm=0.178694, loss=0.137187
I0507 16:44:47.041969 140369343800512 submission.py:299] 52) loss = 0.137, grad_norm = 0.179
I0507 16:44:48.034948 140325993518848 logging_writer.py:48] [53] global_step=53, grad_norm=0.0444117, loss=0.135204
I0507 16:44:48.037891 140369343800512 submission.py:299] 53) loss = 0.135, grad_norm = 0.044
I0507 16:44:49.008200 140326001911552 logging_writer.py:48] [54] global_step=54, grad_norm=0.0996503, loss=0.136084
I0507 16:44:49.011182 140369343800512 submission.py:299] 54) loss = 0.136, grad_norm = 0.100
I0507 16:44:50.172264 140325993518848 logging_writer.py:48] [55] global_step=55, grad_norm=0.171225, loss=0.133884
I0507 16:44:50.175301 140369343800512 submission.py:299] 55) loss = 0.134, grad_norm = 0.171
I0507 16:44:50.899721 140326001911552 logging_writer.py:48] [56] global_step=56, grad_norm=0.113462, loss=0.129823
I0507 16:44:50.902795 140369343800512 submission.py:299] 56) loss = 0.130, grad_norm = 0.113
I0507 16:44:52.319575 140325993518848 logging_writer.py:48] [57] global_step=57, grad_norm=0.0152169, loss=0.130365
I0507 16:44:52.322628 140369343800512 submission.py:299] 57) loss = 0.130, grad_norm = 0.015
I0507 16:44:53.158987 140326001911552 logging_writer.py:48] [58] global_step=58, grad_norm=0.12869, loss=0.130822
I0507 16:44:53.162015 140369343800512 submission.py:299] 58) loss = 0.131, grad_norm = 0.129
I0507 16:44:54.138131 140325993518848 logging_writer.py:48] [59] global_step=59, grad_norm=0.167522, loss=0.131937
I0507 16:44:54.141174 140369343800512 submission.py:299] 59) loss = 0.132, grad_norm = 0.168
I0507 16:44:55.277566 140326001911552 logging_writer.py:48] [60] global_step=60, grad_norm=0.074646, loss=0.130605
I0507 16:44:55.280541 140369343800512 submission.py:299] 60) loss = 0.131, grad_norm = 0.075
I0507 16:44:56.381110 140325993518848 logging_writer.py:48] [61] global_step=61, grad_norm=0.0562228, loss=0.130869
I0507 16:44:56.384119 140369343800512 submission.py:299] 61) loss = 0.131, grad_norm = 0.056
I0507 16:44:57.380187 140326001911552 logging_writer.py:48] [62] global_step=62, grad_norm=0.11156, loss=0.130023
I0507 16:44:57.383269 140369343800512 submission.py:299] 62) loss = 0.130, grad_norm = 0.112
I0507 16:44:58.148164 140325993518848 logging_writer.py:48] [63] global_step=63, grad_norm=0.0626877, loss=0.132579
I0507 16:44:58.151174 140369343800512 submission.py:299] 63) loss = 0.133, grad_norm = 0.063
I0507 16:44:59.518549 140326001911552 logging_writer.py:48] [64] global_step=64, grad_norm=0.0319781, loss=0.130259
I0507 16:44:59.521558 140369343800512 submission.py:299] 64) loss = 0.130, grad_norm = 0.032
I0507 16:45:00.366375 140325993518848 logging_writer.py:48] [65] global_step=65, grad_norm=0.107409, loss=0.132361
I0507 16:45:00.369378 140369343800512 submission.py:299] 65) loss = 0.132, grad_norm = 0.107
I0507 16:45:01.859228 140326001911552 logging_writer.py:48] [66] global_step=66, grad_norm=0.144576, loss=0.132141
I0507 16:45:01.862250 140369343800512 submission.py:299] 66) loss = 0.132, grad_norm = 0.145
I0507 16:45:02.600852 140325993518848 logging_writer.py:48] [67] global_step=67, grad_norm=0.123215, loss=0.131455
I0507 16:45:02.603804 140369343800512 submission.py:299] 67) loss = 0.131, grad_norm = 0.123
I0507 16:45:03.688376 140326001911552 logging_writer.py:48] [68] global_step=68, grad_norm=0.0415922, loss=0.131493
I0507 16:45:03.691444 140369343800512 submission.py:299] 68) loss = 0.131, grad_norm = 0.042
I0507 16:45:04.666860 140325993518848 logging_writer.py:48] [69] global_step=69, grad_norm=0.0578653, loss=0.129901
I0507 16:45:04.669868 140369343800512 submission.py:299] 69) loss = 0.130, grad_norm = 0.058
I0507 16:45:05.920258 140326001911552 logging_writer.py:48] [70] global_step=70, grad_norm=0.0923075, loss=0.135592
I0507 16:45:05.923285 140369343800512 submission.py:299] 70) loss = 0.136, grad_norm = 0.092
I0507 16:45:06.690712 140325993518848 logging_writer.py:48] [71] global_step=71, grad_norm=0.0433806, loss=0.13747
I0507 16:45:06.693878 140369343800512 submission.py:299] 71) loss = 0.137, grad_norm = 0.043
I0507 16:45:07.984027 140326001911552 logging_writer.py:48] [72] global_step=72, grad_norm=0.0077523, loss=0.137219
I0507 16:45:07.987308 140369343800512 submission.py:299] 72) loss = 0.137, grad_norm = 0.008
I0507 16:45:08.836817 140325993518848 logging_writer.py:48] [73] global_step=73, grad_norm=0.0269324, loss=0.137018
I0507 16:45:08.839907 140369343800512 submission.py:299] 73) loss = 0.137, grad_norm = 0.027
I0507 16:45:09.719225 140326001911552 logging_writer.py:48] [74] global_step=74, grad_norm=0.0754007, loss=0.137966
I0507 16:45:09.722339 140369343800512 submission.py:299] 74) loss = 0.138, grad_norm = 0.075
I0507 16:45:10.796559 140325993518848 logging_writer.py:48] [75] global_step=75, grad_norm=0.134939, loss=0.137122
I0507 16:45:10.799590 140369343800512 submission.py:299] 75) loss = 0.137, grad_norm = 0.135
I0507 16:45:11.786125 140326001911552 logging_writer.py:48] [76] global_step=76, grad_norm=0.181969, loss=0.141028
I0507 16:45:11.789121 140369343800512 submission.py:299] 76) loss = 0.141, grad_norm = 0.182
I0507 16:45:12.792582 140325993518848 logging_writer.py:48] [77] global_step=77, grad_norm=0.177122, loss=0.139998
I0507 16:45:12.795619 140369343800512 submission.py:299] 77) loss = 0.140, grad_norm = 0.177
I0507 16:45:13.685401 140326001911552 logging_writer.py:48] [78] global_step=78, grad_norm=0.104447, loss=0.139034
I0507 16:45:13.688451 140369343800512 submission.py:299] 78) loss = 0.139, grad_norm = 0.104
I0507 16:45:14.614187 140325993518848 logging_writer.py:48] [79] global_step=79, grad_norm=0.0111148, loss=0.13768
I0507 16:45:14.617169 140369343800512 submission.py:299] 79) loss = 0.138, grad_norm = 0.011
I0507 16:45:15.752249 140326001911552 logging_writer.py:48] [80] global_step=80, grad_norm=0.0768004, loss=0.1365
I0507 16:45:15.755205 140369343800512 submission.py:299] 80) loss = 0.136, grad_norm = 0.077
I0507 16:45:16.958318 140325993518848 logging_writer.py:48] [81] global_step=81, grad_norm=0.115885, loss=0.138651
I0507 16:45:16.961299 140369343800512 submission.py:299] 81) loss = 0.139, grad_norm = 0.116
I0507 16:45:17.825256 140326001911552 logging_writer.py:48] [82] global_step=82, grad_norm=0.126336, loss=0.137832
I0507 16:45:17.828202 140369343800512 submission.py:299] 82) loss = 0.138, grad_norm = 0.126
I0507 16:45:18.803476 140325993518848 logging_writer.py:48] [83] global_step=83, grad_norm=0.111443, loss=0.135444
I0507 16:45:18.806440 140369343800512 submission.py:299] 83) loss = 0.135, grad_norm = 0.111
I0507 16:45:19.927731 140326001911552 logging_writer.py:48] [84] global_step=84, grad_norm=0.058809, loss=0.134864
I0507 16:45:19.930743 140369343800512 submission.py:299] 84) loss = 0.135, grad_norm = 0.059
I0507 16:45:20.914688 140325993518848 logging_writer.py:48] [85] global_step=85, grad_norm=0.0211403, loss=0.135428
I0507 16:45:20.917606 140369343800512 submission.py:299] 85) loss = 0.135, grad_norm = 0.021
I0507 16:45:21.962507 140326001911552 logging_writer.py:48] [86] global_step=86, grad_norm=0.0584188, loss=0.138743
I0507 16:45:21.965392 140369343800512 submission.py:299] 86) loss = 0.139, grad_norm = 0.058
I0507 16:45:22.918018 140325993518848 logging_writer.py:48] [87] global_step=87, grad_norm=0.0606393, loss=0.137685
I0507 16:45:22.920864 140369343800512 submission.py:299] 87) loss = 0.138, grad_norm = 0.061
I0507 16:45:23.842544 140326001911552 logging_writer.py:48] [88] global_step=88, grad_norm=0.0479568, loss=0.136423
I0507 16:45:23.845439 140369343800512 submission.py:299] 88) loss = 0.136, grad_norm = 0.048
I0507 16:45:24.645539 140325993518848 logging_writer.py:48] [89] global_step=89, grad_norm=0.0244495, loss=0.13291
I0507 16:45:24.648516 140369343800512 submission.py:299] 89) loss = 0.133, grad_norm = 0.024
I0507 16:45:27.264748 140326001911552 logging_writer.py:48] [90] global_step=90, grad_norm=0.00970632, loss=0.130653
I0507 16:45:27.267675 140369343800512 submission.py:299] 90) loss = 0.131, grad_norm = 0.010
I0507 16:45:28.021119 140325993518848 logging_writer.py:48] [91] global_step=91, grad_norm=0.0159681, loss=0.130242
I0507 16:45:28.024186 140369343800512 submission.py:299] 91) loss = 0.130, grad_norm = 0.016
I0507 16:45:29.481445 140326001911552 logging_writer.py:48] [92] global_step=92, grad_norm=0.0341032, loss=0.129558
I0507 16:45:29.484374 140369343800512 submission.py:299] 92) loss = 0.130, grad_norm = 0.034
I0507 16:45:30.418100 140325993518848 logging_writer.py:48] [93] global_step=93, grad_norm=0.0370322, loss=0.13049
I0507 16:45:30.421101 140369343800512 submission.py:299] 93) loss = 0.130, grad_norm = 0.037
I0507 16:45:31.586580 140326001911552 logging_writer.py:48] [94] global_step=94, grad_norm=0.0354745, loss=0.129927
I0507 16:45:31.589566 140369343800512 submission.py:299] 94) loss = 0.130, grad_norm = 0.035
I0507 16:45:32.532516 140325993518848 logging_writer.py:48] [95] global_step=95, grad_norm=0.0437261, loss=0.129065
I0507 16:45:32.536147 140369343800512 submission.py:299] 95) loss = 0.129, grad_norm = 0.044
I0507 16:45:33.354830 140326001911552 logging_writer.py:48] [96] global_step=96, grad_norm=0.049045, loss=0.129002
I0507 16:45:33.357842 140369343800512 submission.py:299] 96) loss = 0.129, grad_norm = 0.049
I0507 16:45:34.509501 140325993518848 logging_writer.py:48] [97] global_step=97, grad_norm=0.0384173, loss=0.13079
I0507 16:45:34.512476 140369343800512 submission.py:299] 97) loss = 0.131, grad_norm = 0.038
I0507 16:45:35.540472 140326001911552 logging_writer.py:48] [98] global_step=98, grad_norm=0.0379384, loss=0.13039
I0507 16:45:35.543467 140369343800512 submission.py:299] 98) loss = 0.130, grad_norm = 0.038
I0507 16:45:36.410477 140325993518848 logging_writer.py:48] [99] global_step=99, grad_norm=0.0636157, loss=0.128575
I0507 16:45:36.413441 140369343800512 submission.py:299] 99) loss = 0.129, grad_norm = 0.064
I0507 16:45:38.054545 140326001911552 logging_writer.py:48] [100] global_step=100, grad_norm=0.126078, loss=0.129967
I0507 16:45:38.057489 140369343800512 submission.py:299] 100) loss = 0.130, grad_norm = 0.126
I0507 16:50:15.895923 140369343800512 spec.py:333] Evaluating on the training split.
I0507 16:55:02.280673 140369343800512 spec.py:346] Evaluating on the validation split.
I0507 16:58:54.894456 140369343800512 spec.py:363] Evaluating on the test split.
I0507 17:03:18.893819 140369343800512 submission_runner.py:516] Time since start: 2046.69s, 	Step: 364, 	{'train/loss': 0.1282688947544733, 'validation/loss': 0.12705901507307785, 'validation/num_examples': 83274637, 'test/loss': 0.1295406053844251, 'test/num_examples': 95000000, 'score': 360.12546730041504, 'total_duration': 2046.6905872821808, 'accumulated_submission_time': 360.12546730041504, 'accumulated_eval_time': 1685.4316337108612, 'accumulated_logging_time': 0.037782907485961914}
I0507 17:03:18.933727 140325993518848 logging_writer.py:48] [364] accumulated_eval_time=1685.43, accumulated_logging_time=0.0377829, accumulated_submission_time=360.125, global_step=364, preemption_count=0, score=360.125, test/loss=0.129541, test/num_examples=95000000, total_duration=2046.69, train/loss=0.128269, validation/loss=0.127059, validation/num_examples=83274637
I0507 17:05:19.939345 140326001911552 logging_writer.py:48] [500] global_step=500, grad_norm=0.00864999, loss=0.129809
I0507 17:05:19.942649 140369343800512 submission.py:299] 500) loss = 0.130, grad_norm = 0.009
I0507 17:09:16.111639 140369343800512 spec.py:333] Evaluating on the training split.
I0507 17:14:06.393400 140369343800512 spec.py:346] Evaluating on the validation split.
I0507 17:17:58.468847 140369343800512 spec.py:363] Evaluating on the test split.
I0507 17:22:22.241452 140369343800512 submission_runner.py:516] Time since start: 3190.04s, 	Step: 720, 	{'train/loss': 0.12690572898095456, 'validation/loss': 0.1274100107270733, 'validation/num_examples': 83274637, 'test/loss': 0.13005723119522897, 'test/num_examples': 95000000, 'score': 716.5204689502716, 'total_duration': 3190.0382163524628, 'accumulated_submission_time': 716.5204689502716, 'accumulated_eval_time': 2471.5614850521088, 'accumulated_logging_time': 0.08422398567199707}
I0507 17:22:22.278766 140325993518848 logging_writer.py:48] [720] accumulated_eval_time=2471.56, accumulated_logging_time=0.084224, accumulated_submission_time=716.52, global_step=720, preemption_count=0, score=716.52, test/loss=0.130057, test/num_examples=95000000, total_duration=3190.04, train/loss=0.126906, validation/loss=0.12741, validation/num_examples=83274637
I0507 17:26:54.805081 140326001911552 logging_writer.py:48] [1000] global_step=1000, grad_norm=0.04889, loss=0.121284
I0507 17:26:54.808433 140369343800512 submission.py:299] 1000) loss = 0.121, grad_norm = 0.049
I0507 17:28:19.445531 140369343800512 spec.py:333] Evaluating on the training split.
I0507 17:33:03.102877 140369343800512 spec.py:346] Evaluating on the validation split.
I0507 17:36:56.808188 140369343800512 spec.py:363] Evaluating on the test split.
I0507 17:41:20.164301 140369343800512 submission_runner.py:516] Time since start: 4327.96s, 	Step: 1083, 	{'train/loss': 0.12600154571140637, 'validation/loss': 0.1269987728254154, 'validation/num_examples': 83274637, 'test/loss': 0.12945747261111612, 'test/num_examples': 95000000, 'score': 1072.9039249420166, 'total_duration': 4327.961117982864, 'accumulated_submission_time': 1072.9039249420166, 'accumulated_eval_time': 3252.28035569191, 'accumulated_logging_time': 0.12828612327575684}
I0507 17:41:20.201382 140325993518848 logging_writer.py:48] [1083] accumulated_eval_time=3252.28, accumulated_logging_time=0.128286, accumulated_submission_time=1072.9, global_step=1083, preemption_count=0, score=1072.9, test/loss=0.129457, test/num_examples=95000000, total_duration=4327.96, train/loss=0.126002, validation/loss=0.126999, validation/num_examples=83274637
I0507 17:47:16.880693 140369343800512 spec.py:333] Evaluating on the training split.
I0507 17:52:10.417218 140369343800512 spec.py:346] Evaluating on the validation split.
I0507 17:56:02.130785 140369343800512 spec.py:363] Evaluating on the test split.
I0507 18:00:19.848306 140369343800512 submission_runner.py:516] Time since start: 5467.65s, 	Step: 1443, 	{'train/loss': 0.12334360455525788, 'validation/loss': 0.1253692658137077, 'validation/num_examples': 83274637, 'test/loss': 0.1276711277353387, 'test/num_examples': 95000000, 'score': 1428.7973811626434, 'total_duration': 5467.645095586777, 'accumulated_submission_time': 1428.7973811626434, 'accumulated_eval_time': 4035.2480516433716, 'accumulated_logging_time': 0.1721172332763672}
I0507 18:00:19.884173 140326001911552 logging_writer.py:48] [1443] accumulated_eval_time=4035.25, accumulated_logging_time=0.172117, accumulated_submission_time=1428.8, global_step=1443, preemption_count=0, score=1428.8, test/loss=0.127671, test/num_examples=95000000, total_duration=5467.65, train/loss=0.123344, validation/loss=0.125369, validation/num_examples=83274637
I0507 18:00:56.091475 140325993518848 logging_writer.py:48] [1500] global_step=1500, grad_norm=0.0104633, loss=0.126622
I0507 18:00:56.094558 140369343800512 submission.py:299] 1500) loss = 0.127, grad_norm = 0.010
I0507 18:06:17.170089 140369343800512 spec.py:333] Evaluating on the training split.
I0507 18:10:58.941538 140369343800512 spec.py:346] Evaluating on the validation split.
I0507 18:14:40.322297 140369343800512 spec.py:363] Evaluating on the test split.
I0507 18:18:57.227993 140369343800512 submission_runner.py:516] Time since start: 6585.02s, 	Step: 1799, 	{'train/loss': 0.12416600591198751, 'validation/loss': 0.12523739801404615, 'validation/num_examples': 83274637, 'test/loss': 0.12760617851610687, 'test/num_examples': 95000000, 'score': 1785.2898619174957, 'total_duration': 6585.024765729904, 'accumulated_submission_time': 1785.2898619174957, 'accumulated_eval_time': 4795.306007862091, 'accumulated_logging_time': 0.21456265449523926}
I0507 18:18:57.268065 140326001911552 logging_writer.py:48] [1799] accumulated_eval_time=4795.31, accumulated_logging_time=0.214563, accumulated_submission_time=1785.29, global_step=1799, preemption_count=0, score=1785.29, test/loss=0.127606, test/num_examples=95000000, total_duration=6585.02, train/loss=0.124166, validation/loss=0.125237, validation/num_examples=83274637
I0507 18:22:01.013602 140325993518848 logging_writer.py:48] [2000] global_step=2000, grad_norm=0.0189498, loss=0.122099
I0507 18:22:01.016899 140369343800512 submission.py:299] 2000) loss = 0.122, grad_norm = 0.019
I0507 18:24:54.577714 140369343800512 spec.py:333] Evaluating on the training split.
I0507 18:29:36.913919 140369343800512 spec.py:346] Evaluating on the validation split.
I0507 18:33:10.213776 140369343800512 spec.py:363] Evaluating on the test split.
I0507 18:37:25.862442 140369343800512 submission_runner.py:516] Time since start: 7693.66s, 	Step: 2161, 	{'train/loss': 0.12444994162409741, 'validation/loss': 0.12519166954583094, 'validation/num_examples': 83274637, 'test/loss': 0.127444032701673, 'test/num_examples': 95000000, 'score': 2141.830060005188, 'total_duration': 7693.659234046936, 'accumulated_submission_time': 2141.830060005188, 'accumulated_eval_time': 5546.5907599925995, 'accumulated_logging_time': 0.26130080223083496}
I0507 18:37:25.900538 140326001911552 logging_writer.py:48] [2161] accumulated_eval_time=5546.59, accumulated_logging_time=0.261301, accumulated_submission_time=2141.83, global_step=2161, preemption_count=0, score=2141.83, test/loss=0.127444, test/num_examples=95000000, total_duration=7693.66, train/loss=0.12445, validation/loss=0.125192, validation/num_examples=83274637
I0507 18:43:03.267045 140325993518848 logging_writer.py:48] [2500] global_step=2500, grad_norm=0.00876079, loss=0.125464
I0507 18:43:03.270391 140369343800512 submission.py:299] 2500) loss = 0.125, grad_norm = 0.009
I0507 18:43:22.577274 140369343800512 spec.py:333] Evaluating on the training split.
I0507 18:47:51.597486 140369343800512 spec.py:346] Evaluating on the validation split.
I0507 18:51:22.630575 140369343800512 spec.py:363] Evaluating on the test split.
I0507 18:55:36.073263 140369343800512 submission_runner.py:516] Time since start: 8783.87s, 	Step: 2518, 	{'train/loss': 0.12225634961262764, 'validation/loss': 0.1250716611081102, 'validation/num_examples': 83274637, 'test/loss': 0.1273648260139867, 'test/num_examples': 95000000, 'score': 2497.7397038936615, 'total_duration': 8783.870060443878, 'accumulated_submission_time': 2497.7397038936615, 'accumulated_eval_time': 6280.086815595627, 'accumulated_logging_time': 0.30606961250305176}
I0507 18:55:36.114058 140326001911552 logging_writer.py:48] [2518] accumulated_eval_time=6280.09, accumulated_logging_time=0.30607, accumulated_submission_time=2497.74, global_step=2518, preemption_count=0, score=2497.74, test/loss=0.127365, test/num_examples=95000000, total_duration=8783.87, train/loss=0.122256, validation/loss=0.125072, validation/num_examples=83274637
I0507 19:01:33.255037 140369343800512 spec.py:333] Evaluating on the training split.
I0507 19:05:48.021744 140369343800512 spec.py:346] Evaluating on the validation split.
I0507 19:09:14.257239 140369343800512 spec.py:363] Evaluating on the test split.
I0507 19:13:15.284519 140369343800512 submission_runner.py:516] Time since start: 9843.08s, 	Step: 2874, 	{'train/loss': 0.12396563116069674, 'validation/loss': 0.12505419196584644, 'validation/num_examples': 83274637, 'test/loss': 0.12740580457940354, 'test/num_examples': 95000000, 'score': 2854.115496635437, 'total_duration': 9843.081290245056, 'accumulated_submission_time': 2854.115496635437, 'accumulated_eval_time': 6982.116316080093, 'accumulated_logging_time': 0.3533027172088623}
I0507 19:13:15.323262 140325993518848 logging_writer.py:48] [2874] accumulated_eval_time=6982.12, accumulated_logging_time=0.353303, accumulated_submission_time=2854.12, global_step=2874, preemption_count=0, score=2854.12, test/loss=0.127406, test/num_examples=95000000, total_duration=9843.08, train/loss=0.123966, validation/loss=0.125054, validation/num_examples=83274637
I0507 19:15:04.407635 140326001911552 logging_writer.py:48] [3000] global_step=3000, grad_norm=0.0121383, loss=0.116275
I0507 19:15:04.410740 140369343800512 submission.py:299] 3000) loss = 0.116, grad_norm = 0.012
I0507 19:19:12.434541 140369343800512 spec.py:333] Evaluating on the training split.
I0507 19:23:31.476681 140369343800512 spec.py:346] Evaluating on the validation split.
I0507 19:26:47.498956 140369343800512 spec.py:363] Evaluating on the test split.
I0507 19:30:42.050558 140369343800512 submission_runner.py:516] Time since start: 10889.85s, 	Step: 3239, 	{'train/loss': 0.12060843530775564, 'validation/loss': 0.1249503431510978, 'validation/num_examples': 83274637, 'test/loss': 0.12727831661874872, 'test/num_examples': 95000000, 'score': 3210.4460656642914, 'total_duration': 10889.847296714783, 'accumulated_submission_time': 3210.4460656642914, 'accumulated_eval_time': 7671.732328891754, 'accumulated_logging_time': 0.3986201286315918}
I0507 19:30:42.087497 140325993518848 logging_writer.py:48] [3239] accumulated_eval_time=7671.73, accumulated_logging_time=0.39862, accumulated_submission_time=3210.45, global_step=3239, preemption_count=0, score=3210.45, test/loss=0.127278, test/num_examples=95000000, total_duration=10889.8, train/loss=0.120608, validation/loss=0.12495, validation/num_examples=83274637
I0507 19:34:34.597061 140326001911552 logging_writer.py:48] [3500] global_step=3500, grad_norm=0.0104575, loss=0.131117
I0507 19:34:34.600351 140369343800512 submission.py:299] 3500) loss = 0.131, grad_norm = 0.010
I0507 19:36:38.661534 140369343800512 spec.py:333] Evaluating on the training split.
I0507 19:40:17.112177 140369343800512 spec.py:346] Evaluating on the validation split.
I0507 19:43:12.527233 140369343800512 spec.py:363] Evaluating on the test split.
I0507 19:46:58.266581 140369343800512 submission_runner.py:516] Time since start: 11866.06s, 	Step: 3627, 	{'train/loss': 0.12135184323076198, 'validation/loss': 0.12487875725673148, 'validation/num_examples': 83274637, 'test/loss': 0.12706525414830258, 'test/num_examples': 95000000, 'score': 3566.240819454193, 'total_duration': 11866.063368320465, 'accumulated_submission_time': 3566.240819454193, 'accumulated_eval_time': 8291.337403535843, 'accumulated_logging_time': 0.4418046474456787}
I0507 19:46:58.303679 140325993518848 logging_writer.py:48] [3627] accumulated_eval_time=8291.34, accumulated_logging_time=0.441805, accumulated_submission_time=3566.24, global_step=3627, preemption_count=0, score=3566.24, test/loss=0.127065, test/num_examples=95000000, total_duration=11866.1, train/loss=0.121352, validation/loss=0.124879, validation/num_examples=83274637
I0507 19:52:26.766112 140326001911552 logging_writer.py:48] [4000] global_step=4000, grad_norm=0.00906267, loss=0.125317
I0507 19:52:26.769181 140369343800512 submission.py:299] 4000) loss = 0.125, grad_norm = 0.009
I0507 19:52:54.720172 140369343800512 spec.py:333] Evaluating on the training split.
I0507 19:55:38.644112 140369343800512 spec.py:346] Evaluating on the validation split.
I0507 19:57:53.892664 140369343800512 spec.py:363] Evaluating on the test split.
I0507 20:01:21.095479 140369343800512 submission_runner.py:516] Time since start: 12728.89s, 	Step: 4030, 	{'train/loss': 0.12326253709639272, 'validation/loss': 0.12455067129320802, 'validation/num_examples': 83274637, 'test/loss': 0.12682215427824323, 'test/num_examples': 95000000, 'score': 3921.8940558433533, 'total_duration': 12728.892320394516, 'accumulated_submission_time': 3921.8940558433533, 'accumulated_eval_time': 8797.712795257568, 'accumulated_logging_time': 0.4853971004486084}
I0507 20:01:21.134421 140325993518848 logging_writer.py:48] [4030] accumulated_eval_time=8797.71, accumulated_logging_time=0.485397, accumulated_submission_time=3921.89, global_step=4030, preemption_count=0, score=3921.89, test/loss=0.126822, test/num_examples=95000000, total_duration=12728.9, train/loss=0.123263, validation/loss=0.124551, validation/num_examples=83274637
I0507 20:07:18.077184 140369343800512 spec.py:333] Evaluating on the training split.
I0507 20:09:00.610994 140369343800512 spec.py:346] Evaluating on the validation split.
I0507 20:10:31.171093 140369343800512 spec.py:363] Evaluating on the test split.
I0507 20:13:21.610862 140369343800512 submission_runner.py:516] Time since start: 13449.41s, 	Step: 4425, 	{'train/loss': 0.12428618158237063, 'validation/loss': 0.12455555498507985, 'validation/num_examples': 83274637, 'test/loss': 0.12691809704075863, 'test/num_examples': 95000000, 'score': 4278.0760662555695, 'total_duration': 13449.40768122673, 'accumulated_submission_time': 4278.0760662555695, 'accumulated_eval_time': 9161.246544361115, 'accumulated_logging_time': 0.5306119918823242}
I0507 20:13:21.651384 140326001911552 logging_writer.py:48] [4425] accumulated_eval_time=9161.25, accumulated_logging_time=0.530612, accumulated_submission_time=4278.08, global_step=4425, preemption_count=0, score=4278.08, test/loss=0.126918, test/num_examples=95000000, total_duration=13449.4, train/loss=0.124286, validation/loss=0.124556, validation/num_examples=83274637
I0507 20:14:14.472041 140325993518848 logging_writer.py:48] [4500] global_step=4500, grad_norm=0.00956466, loss=0.124014
I0507 20:14:14.475035 140369343800512 submission.py:299] 4500) loss = 0.124, grad_norm = 0.010
I0507 20:19:18.508505 140369343800512 spec.py:333] Evaluating on the training split.
I0507 20:20:17.050246 140369343800512 spec.py:346] Evaluating on the validation split.
I0507 20:21:18.173198 140369343800512 spec.py:363] Evaluating on the test split.
I0507 20:23:23.320165 140369343800512 submission_runner.py:516] Time since start: 14051.12s, 	Step: 4809, 	{'train/loss': 0.12558884846518184, 'validation/loss': 0.12455942812586952, 'validation/num_examples': 83274637, 'test/loss': 0.1269863421116879, 'test/num_examples': 95000000, 'score': 4634.197954893112, 'total_duration': 14051.116933822632, 'accumulated_submission_time': 4634.197954893112, 'accumulated_eval_time': 9406.058245897293, 'accumulated_logging_time': 0.5775618553161621}
I0507 20:23:23.362376 140326001911552 logging_writer.py:48] [4809] accumulated_eval_time=9406.06, accumulated_logging_time=0.577562, accumulated_submission_time=4634.2, global_step=4809, preemption_count=0, score=4634.2, test/loss=0.126986, test/num_examples=95000000, total_duration=14051.1, train/loss=0.125589, validation/loss=0.124559, validation/num_examples=83274637
I0507 20:26:05.224587 140325993518848 logging_writer.py:48] [5000] global_step=5000, grad_norm=0.0127949, loss=0.122564
I0507 20:26:05.227624 140369343800512 submission.py:299] 5000) loss = 0.123, grad_norm = 0.013
I0507 20:29:20.256240 140369343800512 spec.py:333] Evaluating on the training split.
I0507 20:30:18.887399 140369343800512 spec.py:346] Evaluating on the validation split.
I0507 20:31:19.365275 140369343800512 spec.py:363] Evaluating on the test split.
I0507 20:32:38.827624 140369343800512 submission_runner.py:516] Time since start: 14606.62s, 	Step: 5204, 	{'train/loss': 0.12248204851066083, 'validation/loss': 0.123956519774668, 'validation/num_examples': 83274637, 'test/loss': 0.1263321399553801, 'test/num_examples': 95000000, 'score': 4990.339437246323, 'total_duration': 14606.624448537827, 'accumulated_submission_time': 4990.339437246323, 'accumulated_eval_time': 9604.629695415497, 'accumulated_logging_time': 0.6261560916900635}
I0507 20:32:38.869421 140326001911552 logging_writer.py:48] [5204] accumulated_eval_time=9604.63, accumulated_logging_time=0.626156, accumulated_submission_time=4990.34, global_step=5204, preemption_count=0, score=4990.34, test/loss=0.126332, test/num_examples=95000000, total_duration=14606.6, train/loss=0.122482, validation/loss=0.123957, validation/num_examples=83274637
I0507 20:36:57.588722 140325993518848 logging_writer.py:48] [5500] global_step=5500, grad_norm=0.0230663, loss=0.120761
I0507 20:36:57.591862 140369343800512 submission.py:299] 5500) loss = 0.121, grad_norm = 0.023
I0507 20:38:35.336440 140369343800512 spec.py:333] Evaluating on the training split.
I0507 20:39:34.226741 140369343800512 spec.py:346] Evaluating on the validation split.
I0507 20:40:33.114856 140369343800512 spec.py:363] Evaluating on the test split.
I0507 20:41:40.552961 140369343800512 submission_runner.py:516] Time since start: 15148.35s, 	Step: 5607, 	{'train/loss': 0.12401303032769677, 'validation/loss': 0.12414952809190079, 'validation/num_examples': 83274637, 'test/loss': 0.12643067561982807, 'test/num_examples': 95000000, 'score': 5346.042690753937, 'total_duration': 15148.349748134613, 'accumulated_submission_time': 5346.042690753937, 'accumulated_eval_time': 9789.846232175827, 'accumulated_logging_time': 0.6744940280914307}
I0507 20:41:40.588810 140326001911552 logging_writer.py:48] [5607] accumulated_eval_time=9789.85, accumulated_logging_time=0.674494, accumulated_submission_time=5346.04, global_step=5607, preemption_count=0, score=5346.04, test/loss=0.126431, test/num_examples=95000000, total_duration=15148.3, train/loss=0.124013, validation/loss=0.12415, validation/num_examples=83274637
I0507 20:47:37.817820 140369343800512 spec.py:333] Evaluating on the training split.
I0507 20:48:36.268405 140369343800512 spec.py:346] Evaluating on the validation split.
I0507 20:49:35.240403 140369343800512 spec.py:363] Evaluating on the test split.
I0507 20:50:42.467495 140369343800512 submission_runner.py:516] Time since start: 15690.26s, 	Step: 5991, 	{'train/loss': 0.12393910392676191, 'validation/loss': 0.12414259915983017, 'validation/num_examples': 83274637, 'test/loss': 0.12655136744432952, 'test/num_examples': 95000000, 'score': 5702.5244381427765, 'total_duration': 15690.264235019684, 'accumulated_submission_time': 5702.5244381427765, 'accumulated_eval_time': 9974.495905637741, 'accumulated_logging_time': 0.716808557510376}
I0507 20:50:42.509356 140325993518848 logging_writer.py:48] [5991] accumulated_eval_time=9974.5, accumulated_logging_time=0.716809, accumulated_submission_time=5702.52, global_step=5991, preemption_count=0, score=5702.52, test/loss=0.126551, test/num_examples=95000000, total_duration=15690.3, train/loss=0.123939, validation/loss=0.124143, validation/num_examples=83274637
I0507 20:50:45.091730 140326001911552 logging_writer.py:48] [6000] global_step=6000, grad_norm=0.00685948, loss=0.125587
I0507 20:50:45.094625 140369343800512 submission.py:299] 6000) loss = 0.126, grad_norm = 0.007
I0507 20:56:39.065468 140369343800512 spec.py:333] Evaluating on the training split.
I0507 20:57:37.624947 140369343800512 spec.py:346] Evaluating on the validation split.
I0507 20:58:36.318182 140369343800512 spec.py:363] Evaluating on the test split.
I0507 20:59:43.848381 140369343800512 submission_runner.py:516] Time since start: 16231.65s, 	Step: 6374, 	{'train/loss': 0.1229004063140568, 'validation/loss': 0.12412963060469626, 'validation/num_examples': 83274637, 'test/loss': 0.12650221122516833, 'test/num_examples': 95000000, 'score': 6058.328995227814, 'total_duration': 16231.64521074295, 'accumulated_submission_time': 6058.328995227814, 'accumulated_eval_time': 10159.278930187225, 'accumulated_logging_time': 0.7651801109313965}
I0507 20:59:43.887246 140325993518848 logging_writer.py:48] [6374] accumulated_eval_time=10159.3, accumulated_logging_time=0.76518, accumulated_submission_time=6058.33, global_step=6374, preemption_count=0, score=6058.33, test/loss=0.126502, test/num_examples=95000000, total_duration=16231.6, train/loss=0.1229, validation/loss=0.12413, validation/num_examples=83274637
I0507 21:01:23.079224 140326001911552 logging_writer.py:48] [6500] global_step=6500, grad_norm=0.0129201, loss=0.115419
I0507 21:01:23.083025 140369343800512 submission.py:299] 6500) loss = 0.115, grad_norm = 0.013
I0507 21:05:41.181635 140369343800512 spec.py:333] Evaluating on the training split.
I0507 21:06:39.751338 140369343800512 spec.py:346] Evaluating on the validation split.
I0507 21:07:38.300109 140369343800512 spec.py:363] Evaluating on the test split.
I0507 21:08:45.442085 140369343800512 submission_runner.py:516] Time since start: 16773.24s, 	Step: 6772, 	{'train/loss': 0.12328863404793824, 'validation/loss': 0.12403709064023082, 'validation/num_examples': 83274637, 'test/loss': 0.12631980381887337, 'test/num_examples': 95000000, 'score': 6414.870766878128, 'total_duration': 16773.23890542984, 'accumulated_submission_time': 6414.870766878128, 'accumulated_eval_time': 10343.539463996887, 'accumulated_logging_time': 0.8110907077789307}
I0507 21:08:45.485654 140325993518848 logging_writer.py:48] [6772] accumulated_eval_time=10343.5, accumulated_logging_time=0.811091, accumulated_submission_time=6414.87, global_step=6772, preemption_count=0, score=6414.87, test/loss=0.12632, test/num_examples=95000000, total_duration=16773.2, train/loss=0.123289, validation/loss=0.124037, validation/num_examples=83274637
I0507 21:12:06.527651 140326001911552 logging_writer.py:48] [7000] global_step=7000, grad_norm=0.0126905, loss=0.121007
I0507 21:12:06.530965 140369343800512 submission.py:299] 7000) loss = 0.121, grad_norm = 0.013
I0507 21:14:42.377067 140369343800512 spec.py:333] Evaluating on the training split.
I0507 21:15:40.982449 140369343800512 spec.py:346] Evaluating on the validation split.
I0507 21:16:39.827705 140369343800512 spec.py:363] Evaluating on the test split.
I0507 21:17:47.222476 140369343800512 submission_runner.py:516] Time since start: 17315.02s, 	Step: 7164, 	{'train/loss': 0.12098235113426424, 'validation/loss': 0.12440783200277165, 'validation/num_examples': 83274637, 'test/loss': 0.1267395297711824, 'test/num_examples': 95000000, 'score': 6771.012360334396, 'total_duration': 17315.0192861557, 'accumulated_submission_time': 6771.012360334396, 'accumulated_eval_time': 10528.384919643402, 'accumulated_logging_time': 0.8614332675933838}
I0507 21:17:47.263015 140325993518848 logging_writer.py:48] [7164] accumulated_eval_time=10528.4, accumulated_logging_time=0.861433, accumulated_submission_time=6771.01, global_step=7164, preemption_count=0, score=6771.01, test/loss=0.12674, test/num_examples=95000000, total_duration=17315, train/loss=0.120982, validation/loss=0.124408, validation/num_examples=83274637
I0507 21:22:48.067296 140326001911552 logging_writer.py:48] [7500] global_step=7500, grad_norm=0.0133844, loss=0.121982
I0507 21:22:48.070680 140369343800512 submission.py:299] 7500) loss = 0.122, grad_norm = 0.013
I0507 21:23:44.388538 140369343800512 spec.py:333] Evaluating on the training split.
I0507 21:24:43.222198 140369343800512 spec.py:346] Evaluating on the validation split.
I0507 21:25:42.137864 140369343800512 spec.py:363] Evaluating on the test split.
I0507 21:26:49.432909 140369343800512 submission_runner.py:516] Time since start: 17857.23s, 	Step: 7559, 	{'train/loss': 0.12241872914792128, 'validation/loss': 0.12391186810414732, 'validation/num_examples': 83274637, 'test/loss': 0.12619892400303892, 'test/num_examples': 95000000, 'score': 7127.379284143448, 'total_duration': 17857.22970175743, 'accumulated_submission_time': 7127.379284143448, 'accumulated_eval_time': 10713.429344177246, 'accumulated_logging_time': 0.908822774887085}
I0507 21:26:49.472057 140325993518848 logging_writer.py:48] [7559] accumulated_eval_time=10713.4, accumulated_logging_time=0.908823, accumulated_submission_time=7127.38, global_step=7559, preemption_count=0, score=7127.38, test/loss=0.126199, test/num_examples=95000000, total_duration=17857.2, train/loss=0.122419, validation/loss=0.123912, validation/num_examples=83274637
I0507 21:32:46.446652 140369343800512 spec.py:333] Evaluating on the training split.
I0507 21:33:44.711614 140369343800512 spec.py:346] Evaluating on the validation split.
I0507 21:34:43.199515 140369343800512 spec.py:363] Evaluating on the test split.
I0507 21:35:50.584740 140369343800512 submission_runner.py:516] Time since start: 18398.38s, 	Step: 7961, 	{'train/loss': 0.12126222013354963, 'validation/loss': 0.12389038894618183, 'validation/num_examples': 83274637, 'test/loss': 0.12623811400499846, 'test/num_examples': 95000000, 'score': 7483.599970340729, 'total_duration': 18398.38153553009, 'accumulated_submission_time': 7483.599970340729, 'accumulated_eval_time': 10897.567474126816, 'accumulated_logging_time': 0.9549329280853271}
I0507 21:35:50.623355 140326001911552 logging_writer.py:48] [7961] accumulated_eval_time=10897.6, accumulated_logging_time=0.954933, accumulated_submission_time=7483.6, global_step=7961, preemption_count=0, score=7483.6, test/loss=0.126238, test/num_examples=95000000, total_duration=18398.4, train/loss=0.121262, validation/loss=0.12389, validation/num_examples=83274637
I0507 21:36:04.713502 140325993518848 logging_writer.py:48] [8000] global_step=8000, grad_norm=0.00644558, loss=0.136309
I0507 21:36:04.716447 140369343800512 submission.py:299] 8000) loss = 0.136, grad_norm = 0.006
I0507 21:41:46.971567 140369343800512 spec.py:333] Evaluating on the training split.
I0507 21:42:45.713378 140369343800512 spec.py:346] Evaluating on the validation split.
I0507 21:43:44.191832 140369343800512 spec.py:363] Evaluating on the test split.
I0507 21:44:51.492850 140369343800512 submission_runner.py:516] Time since start: 18939.29s, 	Step: 8371, 	{'train/loss': 0.12204460761895154, 'validation/loss': 0.12368473213580054, 'validation/num_examples': 83274637, 'test/loss': 0.1259297966131913, 'test/num_examples': 95000000, 'score': 7839.193164110184, 'total_duration': 18939.28965830803, 'accumulated_submission_time': 7839.193164110184, 'accumulated_eval_time': 11082.088822126389, 'accumulated_logging_time': 1.0001554489135742}
I0507 21:44:51.532748 140326001911552 logging_writer.py:48] [8371] accumulated_eval_time=11082.1, accumulated_logging_time=1.00016, accumulated_submission_time=7839.19, global_step=8371, preemption_count=0, score=7839.19, test/loss=0.12593, test/num_examples=95000000, total_duration=18939.3, train/loss=0.122045, validation/loss=0.123685, validation/num_examples=83274637
I0507 21:44:51.854492 140325993518848 logging_writer.py:48] [8371] global_step=8371, preemption_count=0, score=7839.19
I0507 21:44:51.883517 140369343800512 submission_runner.py:857] Final criteo1tb score: 7839.193164110184
