torchrun --redirects 1:0,2:0,3:0 --standalone --nnodes=1 --nproc_per_node=4 submission_runner.py --framework=pytorch --workload=imagenet_resnet --submission_path=submissions_algorithms/submissions/self_tuning/muon_torch_replicated_jax_hps/submission.py --data_dir=/data/imagenet/pytorch --experiment_dir=/experiment_runs --experiment_name=submissions_a100/muon_torch_replicated_jax_hps/study_0 --overwrite=True --save_checkpoints=False --rng_seed=-1234528530 --imagenet_v2_data_dir=/data/imagenet/pytorch --torch_compile=true --tuning_ruleset=self 2>&1 | tee -a /logs/imagenet_resnet_pytorch_06-13-2026-19-11-57.log
W0613 19:12:15.599000 9 site-packages/torch/distributed/run.py:803] 
W0613 19:12:15.599000 9 site-packages/torch/distributed/run.py:803] *****************************************
W0613 19:12:15.599000 9 site-packages/torch/distributed/run.py:803] Setting OMP_NUM_THREADS environment variable for each process to be 1 in default, to avoid your system being overloaded, please further tune the variable for optimal performance in your application as needed. 
W0613 19:12:15.599000 9 site-packages/torch/distributed/run.py:803] *****************************************
2026-06-13 19:12:25.377504: E external/local_xla/xla/stream_executor/cuda/cuda_fft.cc:467] Unable to register cuFFT factory: Attempting to register factory for plugin cuFFT when one has already been registered
2026-06-13 19:12:25.377503: E external/local_xla/xla/stream_executor/cuda/cuda_fft.cc:467] Unable to register cuFFT factory: Attempting to register factory for plugin cuFFT when one has already been registered
2026-06-13 19:12:25.377503: E external/local_xla/xla/stream_executor/cuda/cuda_fft.cc:467] Unable to register cuFFT factory: Attempting to register factory for plugin cuFFT when one has already been registered
2026-06-13 19:12:25.377503: E external/local_xla/xla/stream_executor/cuda/cuda_fft.cc:467] Unable to register cuFFT factory: Attempting to register factory for plugin cuFFT when one has already been registered
WARNING: All log messages before absl::InitializeLog() is called are written to STDERR
WARNING: All log messages before absl::InitializeLog() is called are written to STDERR
WARNING: All log messages before absl::InitializeLog() is called are written to STDERR
WARNING: All log messages before absl::InitializeLog() is called are written to STDERR
E0000 00:00:1781377945.632845      41 cuda_dnn.cc:8579] Unable to register cuDNN factory: Attempting to register factory for plugin cuDNN when one has already been registered
E0000 00:00:1781377945.632872      39 cuda_dnn.cc:8579] Unable to register cuDNN factory: Attempting to register factory for plugin cuDNN when one has already been registered
E0000 00:00:1781377945.632862      38 cuda_dnn.cc:8579] Unable to register cuDNN factory: Attempting to register factory for plugin cuDNN when one has already been registered
E0000 00:00:1781377945.632861      40 cuda_dnn.cc:8579] Unable to register cuDNN factory: Attempting to register factory for plugin cuDNN when one has already been registered
E0000 00:00:1781377945.704322      41 cuda_blas.cc:1407] Unable to register cuBLAS factory: Attempting to register factory for plugin cuBLAS when one has already been registered
E0000 00:00:1781377945.704337      39 cuda_blas.cc:1407] Unable to register cuBLAS factory: Attempting to register factory for plugin cuBLAS when one has already been registered
E0000 00:00:1781377945.704337      40 cuda_blas.cc:1407] Unable to register cuBLAS factory: Attempting to register factory for plugin cuBLAS when one has already been registered
E0000 00:00:1781377945.704353      38 cuda_blas.cc:1407] Unable to register cuBLAS factory: Attempting to register factory for plugin cuBLAS when one has already been registered
W0000 00:00:1781377946.570461      40 computation_placer.cc:177] computation placer already registered. Please check linkage and avoid linking the same target more than once.
W0000 00:00:1781377946.570463      38 computation_placer.cc:177] computation placer already registered. Please check linkage and avoid linking the same target more than once.
W0000 00:00:1781377946.570463      41 computation_placer.cc:177] computation placer already registered. Please check linkage and avoid linking the same target more than once.
W0000 00:00:1781377946.570463      39 computation_placer.cc:177] computation placer already registered. Please check linkage and avoid linking the same target more than once.
W0000 00:00:1781377946.570503      41 computation_placer.cc:177] computation placer already registered. Please check linkage and avoid linking the same target more than once.
W0000 00:00:1781377946.570503      39 computation_placer.cc:177] computation placer already registered. Please check linkage and avoid linking the same target more than once.
W0000 00:00:1781377946.570503      38 computation_placer.cc:177] computation placer already registered. Please check linkage and avoid linking the same target more than once.
W0000 00:00:1781377946.570505      41 computation_placer.cc:177] computation placer already registered. Please check linkage and avoid linking the same target more than once.
W0000 00:00:1781377946.570505      40 computation_placer.cc:177] computation placer already registered. Please check linkage and avoid linking the same target more than once.
W0000 00:00:1781377946.570505      39 computation_placer.cc:177] computation placer already registered. Please check linkage and avoid linking the same target more than once.
W0000 00:00:1781377946.570506      38 computation_placer.cc:177] computation placer already registered. Please check linkage and avoid linking the same target more than once.
W0000 00:00:1781377946.570507      41 computation_placer.cc:177] computation placer already registered. Please check linkage and avoid linking the same target more than once.
W0000 00:00:1781377946.570508      40 computation_placer.cc:177] computation placer already registered. Please check linkage and avoid linking the same target more than once.
W0000 00:00:1781377946.570508      39 computation_placer.cc:177] computation placer already registered. Please check linkage and avoid linking the same target more than once.
W0000 00:00:1781377946.570508      38 computation_placer.cc:177] computation placer already registered. Please check linkage and avoid linking the same target more than once.
W0000 00:00:1781377946.570511      40 computation_placer.cc:177] computation placer already registered. Please check linkage and avoid linking the same target more than once.
W0000 00:00:1781377976.341433      38 gpu_device.cc:2341] Cannot dlopen some GPU libraries. Please make sure the missing libraries mentioned above are installed properly if you would like to use GPU. Follow the guide at https://www.tensorflow.org/install/gpu for how to download and setup the required libraries for your platform.
Skipping registering GPU devices...
W0000 00:00:1781377976.341435      41 gpu_device.cc:2341] Cannot dlopen some GPU libraries. Please make sure the missing libraries mentioned above are installed properly if you would like to use GPU. Follow the guide at https://www.tensorflow.org/install/gpu for how to download and setup the required libraries for your platform.
Skipping registering GPU devices...
W0000 00:00:1781377976.341488      40 gpu_device.cc:2341] Cannot dlopen some GPU libraries. Please make sure the missing libraries mentioned above are installed properly if you would like to use GPU. Follow the guide at https://www.tensorflow.org/install/gpu for how to download and setup the required libraries for your platform.
Skipping registering GPU devices...
W0000 00:00:1781377976.414758      39 gpu_device.cc:2341] Cannot dlopen some GPU libraries. Please make sure the missing libraries mentioned above are installed properly if you would like to use GPU. Follow the guide at https://www.tensorflow.org/install/gpu for how to download and setup the required libraries for your platform.
Skipping registering GPU devices...
/usr/local/lib/python3.11/site-packages/torch/__init__.py:1617: UserWarning: Please use the new API settings to control TF32 behavior, such as torch.backends.cudnn.conv.fp32_precision = 'tf32' or torch.backends.cuda.matmul.fp32_precision = 'ieee'. Old settings, e.g, torch.backends.cuda.matmul.allow_tf32 = True, torch.backends.cudnn.allow_tf32 = True, allowTF32CuDNN() and allowTF32CuBLAS() will be deprecated after Pytorch 2.9. Please see https://pytorch.org/docs/main/notes/cuda.html#tensorfloat-32-tf32-on-ampere-and-later-devices (Triggered internally at /pytorch/aten/src/ATen/Context.cpp:80.)
  _C._set_float32_matmul_precision(precision)
/usr/local/lib/python3.11/site-packages/torch/__init__.py:1617: UserWarning: Please use the new API settings to control TF32 behavior, such as torch.backends.cudnn.conv.fp32_precision = 'tf32' or torch.backends.cuda.matmul.fp32_precision = 'ieee'. Old settings, e.g, torch.backends.cuda.matmul.allow_tf32 = True, torch.backends.cudnn.allow_tf32 = True, allowTF32CuDNN() and allowTF32CuBLAS() will be deprecated after Pytorch 2.9. Please see https://pytorch.org/docs/main/notes/cuda.html#tensorfloat-32-tf32-on-ampere-and-later-devices (Triggered internally at /pytorch/aten/src/ATen/Context.cpp:80.)
  _C._set_float32_matmul_precision(precision)
/usr/local/lib/python3.11/site-packages/torch/__init__.py:1617: UserWarning: Please use the new API settings to control TF32 behavior, such as torch.backends.cudnn.conv.fp32_precision = 'tf32' or torch.backends.cuda.matmul.fp32_precision = 'ieee'. Old settings, e.g, torch.backends.cuda.matmul.allow_tf32 = True, torch.backends.cudnn.allow_tf32 = True, allowTF32CuDNN() and allowTF32CuBLAS() will be deprecated after Pytorch 2.9. Please see https://pytorch.org/docs/main/notes/cuda.html#tensorfloat-32-tf32-on-ampere-and-later-devices (Triggered internally at /pytorch/aten/src/ATen/Context.cpp:80.)
  _C._set_float32_matmul_precision(precision)
/usr/local/lib/python3.11/site-packages/torch/__init__.py:1617: UserWarning: Please use the new API settings to control TF32 behavior, such as torch.backends.cudnn.conv.fp32_precision = 'tf32' or torch.backends.cuda.matmul.fp32_precision = 'ieee'. Old settings, e.g, torch.backends.cuda.matmul.allow_tf32 = True, torch.backends.cudnn.allow_tf32 = True, allowTF32CuDNN() and allowTF32CuBLAS() will be deprecated after Pytorch 2.9. Please see https://pytorch.org/docs/main/notes/cuda.html#tensorfloat-32-tf32-on-ampere-and-later-devices (Triggered internally at /pytorch/aten/src/ATen/Context.cpp:80.)
  _C._set_float32_matmul_precision(precision)
/usr/local/lib/python3.11/site-packages/pydantic/_internal/_generate_schema.py:2249: UnsupportedFieldAttributeWarning: The 'repr' attribute with value False was provided to the `Field()` function, which has no effect in the context it was used. 'repr' is field-specific metadata, and can only be attached to a model field using `Annotated` metadata or by assignment. This may have happened because an `Annotated` type alias using the `type` statement was used, or if the `Field()` function was attached to a single member of a union type.
  warnings.warn(
/usr/local/lib/python3.11/site-packages/pydantic/_internal/_generate_schema.py:2249: UnsupportedFieldAttributeWarning: The 'repr' attribute with value False was provided to the `Field()` function, which has no effect in the context it was used. 'repr' is field-specific metadata, and can only be attached to a model field using `Annotated` metadata or by assignment. This may have happened because an `Annotated` type alias using the `type` statement was used, or if the `Field()` function was attached to a single member of a union type.
  warnings.warn(
/usr/local/lib/python3.11/site-packages/pydantic/_internal/_generate_schema.py:2249: UnsupportedFieldAttributeWarning: The 'repr' attribute with value False was provided to the `Field()` function, which has no effect in the context it was used. 'repr' is field-specific metadata, and can only be attached to a model field using `Annotated` metadata or by assignment. This may have happened because an `Annotated` type alias using the `type` statement was used, or if the `Field()` function was attached to a single member of a union type.
  warnings.warn(
/usr/local/lib/python3.11/site-packages/pydantic/_internal/_generate_schema.py:2249: UnsupportedFieldAttributeWarning: The 'frozen' attribute with value True was provided to the `Field()` function, which has no effect in the context it was used. 'frozen' is field-specific metadata, and can only be attached to a model field using `Annotated` metadata or by assignment. This may have happened because an `Annotated` type alias using the `type` statement was used, or if the `Field()` function was attached to a single member of a union type.
  warnings.warn(
/usr/local/lib/python3.11/site-packages/pydantic/_internal/_generate_schema.py:2249: UnsupportedFieldAttributeWarning: The 'frozen' attribute with value True was provided to the `Field()` function, which has no effect in the context it was used. 'frozen' is field-specific metadata, and can only be attached to a model field using `Annotated` metadata or by assignment. This may have happened because an `Annotated` type alias using the `type` statement was used, or if the `Field()` function was attached to a single member of a union type.
  warnings.warn(
/usr/local/lib/python3.11/site-packages/pydantic/_internal/_generate_schema.py:2249: UnsupportedFieldAttributeWarning: The 'frozen' attribute with value True was provided to the `Field()` function, which has no effect in the context it was used. 'frozen' is field-specific metadata, and can only be attached to a model field using `Annotated` metadata or by assignment. This may have happened because an `Annotated` type alias using the `type` statement was used, or if the `Field()` function was attached to a single member of a union type.
  warnings.warn(
/usr/local/lib/python3.11/site-packages/pydantic/_internal/_generate_schema.py:2249: UnsupportedFieldAttributeWarning: The 'repr' attribute with value False was provided to the `Field()` function, which has no effect in the context it was used. 'repr' is field-specific metadata, and can only be attached to a model field using `Annotated` metadata or by assignment. This may have happened because an `Annotated` type alias using the `type` statement was used, or if the `Field()` function was attached to a single member of a union type.
  warnings.warn(
/usr/local/lib/python3.11/site-packages/pydantic/_internal/_generate_schema.py:2249: UnsupportedFieldAttributeWarning: The 'frozen' attribute with value True was provided to the `Field()` function, which has no effect in the context it was used. 'frozen' is field-specific metadata, and can only be attached to a model field using `Annotated` metadata or by assignment. This may have happened because an `Annotated` type alias using the `type` statement was used, or if the `Field()` function was attached to a single member of a union type.
  warnings.warn(
/usr/local/lib/python3.11/site-packages/torch/distributed/distributed_c10d.py:4876: UserWarning: barrier(): using the device under current context. You can specify `device_id` in `init_process_group` to mute this warning.
  warnings.warn(  # warn only once
[rank0]:[W613 19:13:13.427354345 ProcessGroupNCCL.cpp:5068] Guessing device ID based on global rank. This can cause a hang if rank to GPU mapping is heterogeneous. You can specify device_id in init_process_group()
I0613 19:13:14.729537 140282063803584 logger_utils.py:84] Creating experiment directory at /experiment_runs/submissions_a100/muon_torch_replicated_jax_hps/study_0/imagenet_resnet_pytorch.
I0613 19:13:14.729539 140059729966272 logger_utils.py:84] Creating experiment directory at /experiment_runs/submissions_a100/muon_torch_replicated_jax_hps/study_0/imagenet_resnet_pytorch.
I0613 19:13:14.729538 140716154066112 logger_utils.py:84] Creating experiment directory at /experiment_runs/submissions_a100/muon_torch_replicated_jax_hps/study_0/imagenet_resnet_pytorch.
I0613 19:13:14.729569 140246155404480 logger_utils.py:84] Creating experiment directory at /experiment_runs/submissions_a100/muon_torch_replicated_jax_hps/study_0/imagenet_resnet_pytorch.
I0613 19:13:18.896859 140246155404480 submission_runner.py:741] Creating directory at /experiment_runs/submissions_a100/muon_torch_replicated_jax_hps/study_0/imagenet_resnet_pytorch/trial_1.
I0613 19:13:19.270980 140246155404480 submission_runner.py:242] Initializing dataset.
I0613 19:13:58.028717 140246155404480 submission_runner.py:251] Initializing model.
I0613 19:13:59.035685 140246155404480 submission_runner.py:290] Performing `torch.compile`.
I0613 19:13:59.037854 140246155404480 submission_runner.py:294] Initializing optimizer.
I0613 19:13:59.038213 140059729966272 muon.py:227] Muon params:
	_orig_mod.module.conv1.weight (ndim=4)
	_orig_mod.module.layer1.0.conv1.weight (ndim=4)
	_orig_mod.module.layer1.0.conv2.weight (ndim=4)
	_orig_mod.module.layer1.0.conv3.weight (ndim=4)
	_orig_mod.module.layer1.0.downsample.conv.weight (ndim=4)
	_orig_mod.module.layer1.1.conv1.weight (ndim=4)
	_orig_mod.module.layer1.1.conv2.weight (ndim=4)
	_orig_mod.module.layer1.1.conv3.weight (ndim=4)
	_orig_mod.module.layer1.2.conv1.weight (ndim=4)
	_orig_mod.module.layer1.2.conv2.weight (ndim=4)
	_orig_mod.module.layer1.2.conv3.weight (ndim=4)
	_orig_mod.module.layer2.0.conv1.weight (ndim=4)
	_orig_mod.module.layer2.0.conv2.weight (ndim=4)
	_orig_mod.module.layer2.0.conv3.weight (ndim=4)
	_orig_mod.module.layer2.0.downsample.conv.weight (ndim=4)
	_orig_mod.module.layer2.1.conv1.weight (ndim=4)
	_orig_mod.module.layer2.1.conv2.weight (ndim=4)
	_orig_mod.module.layer2.1.conv3.weight (ndim=4)
	_orig_mod.module.layer2.2.conv1.weight (ndim=4)
	_orig_mod.module.layer2.2.conv2.weight (ndim=4)
	_orig_mod.module.layer2.2.conv3.weight (ndim=4)
	_orig_mod.module.layer2.3.conv1.weight (ndim=4)
	_orig_mod.module.layer2.3.conv2.weight (ndim=4)
	_orig_mod.module.layer2.3.conv3.weight (ndim=4)
	_orig_mod.module.layer3.0.conv1.weight (ndim=4)
	_orig_mod.module.layer3.0.conv2.weight (ndim=4)
	_orig_mod.module.layer3.0.conv3.weight (ndim=4)
	_orig_mod.module.layer3.0.downsample.conv.weight (ndim=4)
	_orig_mod.module.layer3.1.conv1.weight (ndim=4)
	_orig_mod.module.layer3.1.conv2.weight (ndim=4)
	_orig_mod.module.layer3.1.conv3.weight (ndim=4)
	_orig_mod.module.layer3.2.conv1.weight (ndim=4)
	_orig_mod.module.layer3.2.conv2.weight (ndim=4)
	_orig_mod.module.layer3.2.conv3.weight (ndim=4)
	_orig_mod.module.layer3.3.conv1.weight (ndim=4)
	_orig_mod.module.layer3.3.conv2.weight (ndim=4)
	_orig_mod.module.layer3.3.conv3.weight (ndim=4)
	_orig_mod.module.layer3.4.conv1.weight (ndim=4)
	_orig_mod.module.layer3.4.conv2.weight (ndim=4)
	_orig_mod.module.layer3.4.conv3.weight (ndim=4)
	_orig_mod.module.layer3.5.conv1.weight (ndim=4)
	_orig_mod.module.layer3.5.conv2.weight (ndim=4)
	_orig_mod.module.layer3.5.conv3.weight (ndim=4)
	_orig_mod.module.layer4.0.conv1.weight (ndim=4)
	_orig_mod.module.layer4.0.conv2.weight (ndim=4)
	_orig_mod.module.layer4.0.conv3.weight (ndim=4)
	_orig_mod.module.layer4.0.downsample.conv.weight (ndim=4)
	_orig_mod.module.layer4.1.conv1.weight (ndim=4)
	_orig_mod.module.layer4.1.conv2.weight (ndim=4)
	_orig_mod.module.layer4.1.conv3.weight (ndim=4)
	_orig_mod.module.layer4.2.conv1.weight (ndim=4)
	_orig_mod.module.layer4.2.conv2.weight (ndim=4)
	_orig_mod.module.layer4.2.conv3.weight (ndim=4)
	_orig_mod.module.fc.weight (ndim=2)
I0613 19:13:59.038216 140716154066112 muon.py:227] Muon params:
	_orig_mod.module.conv1.weight (ndim=4)
	_orig_mod.module.layer1.0.conv1.weight (ndim=4)
	_orig_mod.module.layer1.0.conv2.weight (ndim=4)
	_orig_mod.module.layer1.0.conv3.weight (ndim=4)
	_orig_mod.module.layer1.0.downsample.conv.weight (ndim=4)
	_orig_mod.module.layer1.1.conv1.weight (ndim=4)
	_orig_mod.module.layer1.1.conv2.weight (ndim=4)
	_orig_mod.module.layer1.1.conv3.weight (ndim=4)
	_orig_mod.module.layer1.2.conv1.weight (ndim=4)
	_orig_mod.module.layer1.2.conv2.weight (ndim=4)
	_orig_mod.module.layer1.2.conv3.weight (ndim=4)
	_orig_mod.module.layer2.0.conv1.weight (ndim=4)
	_orig_mod.module.layer2.0.conv2.weight (ndim=4)
	_orig_mod.module.layer2.0.conv3.weight (ndim=4)
	_orig_mod.module.layer2.0.downsample.conv.weight (ndim=4)
	_orig_mod.module.layer2.1.conv1.weight (ndim=4)
	_orig_mod.module.layer2.1.conv2.weight (ndim=4)
	_orig_mod.module.layer2.1.conv3.weight (ndim=4)
	_orig_mod.module.layer2.2.conv1.weight (ndim=4)
	_orig_mod.module.layer2.2.conv2.weight (ndim=4)
	_orig_mod.module.layer2.2.conv3.weight (ndim=4)
	_orig_mod.module.layer2.3.conv1.weight (ndim=4)
	_orig_mod.module.layer2.3.conv2.weight (ndim=4)
	_orig_mod.module.layer2.3.conv3.weight (ndim=4)
	_orig_mod.module.layer3.0.conv1.weight (ndim=4)
	_orig_mod.module.layer3.0.conv2.weight (ndim=4)
	_orig_mod.module.layer3.0.conv3.weight (ndim=4)
	_orig_mod.module.layer3.0.downsample.conv.weight (ndim=4)
	_orig_mod.module.layer3.1.conv1.weight (ndim=4)
	_orig_mod.module.layer3.1.conv2.weight (ndim=4)
	_orig_mod.module.layer3.1.conv3.weight (ndim=4)
	_orig_mod.module.layer3.2.conv1.weight (ndim=4)
	_orig_mod.module.layer3.2.conv2.weight (ndim=4)
	_orig_mod.module.layer3.2.conv3.weight (ndim=4)
	_orig_mod.module.layer3.3.conv1.weight (ndim=4)
	_orig_mod.module.layer3.3.conv2.weight (ndim=4)
	_orig_mod.module.layer3.3.conv3.weight (ndim=4)
	_orig_mod.module.layer3.4.conv1.weight (ndim=4)
	_orig_mod.module.layer3.4.conv2.weight (ndim=4)
	_orig_mod.module.layer3.4.conv3.weight (ndim=4)
	_orig_mod.module.layer3.5.conv1.weight (ndim=4)
	_orig_mod.module.layer3.5.conv2.weight (ndim=4)
	_orig_mod.module.layer3.5.conv3.weight (ndim=4)
	_orig_mod.module.layer4.0.conv1.weight (ndim=4)
	_orig_mod.module.layer4.0.conv2.weight (ndim=4)
	_orig_mod.module.layer4.0.conv3.weight (ndim=4)
	_orig_mod.module.layer4.0.downsample.conv.weight (ndim=4)
	_orig_mod.module.layer4.1.conv1.weight (ndim=4)
	_orig_mod.module.layer4.1.conv2.weight (ndim=4)
	_orig_mod.module.layer4.1.conv3.weight (ndim=4)
	_orig_mod.module.layer4.2.conv1.weight (ndim=4)
	_orig_mod.module.layer4.2.conv2.weight (ndim=4)
	_orig_mod.module.layer4.2.conv3.weight (ndim=4)
	_orig_mod.module.fc.weight (ndim=2)
I0613 19:13:59.038209 140282063803584 muon.py:227] Muon params:
	_orig_mod.module.conv1.weight (ndim=4)
	_orig_mod.module.layer1.0.conv1.weight (ndim=4)
	_orig_mod.module.layer1.0.conv2.weight (ndim=4)
	_orig_mod.module.layer1.0.conv3.weight (ndim=4)
	_orig_mod.module.layer1.0.downsample.conv.weight (ndim=4)
	_orig_mod.module.layer1.1.conv1.weight (ndim=4)
	_orig_mod.module.layer1.1.conv2.weight (ndim=4)
	_orig_mod.module.layer1.1.conv3.weight (ndim=4)
	_orig_mod.module.layer1.2.conv1.weight (ndim=4)
	_orig_mod.module.layer1.2.conv2.weight (ndim=4)
	_orig_mod.module.layer1.2.conv3.weight (ndim=4)
	_orig_mod.module.layer2.0.conv1.weight (ndim=4)
	_orig_mod.module.layer2.0.conv2.weight (ndim=4)
	_orig_mod.module.layer2.0.conv3.weight (ndim=4)
	_orig_mod.module.layer2.0.downsample.conv.weight (ndim=4)
	_orig_mod.module.layer2.1.conv1.weight (ndim=4)
	_orig_mod.module.layer2.1.conv2.weight (ndim=4)
	_orig_mod.module.layer2.1.conv3.weight (ndim=4)
	_orig_mod.module.layer2.2.conv1.weight (ndim=4)
	_orig_mod.module.layer2.2.conv2.weight (ndim=4)
	_orig_mod.module.layer2.2.conv3.weight (ndim=4)
	_orig_mod.module.layer2.3.conv1.weight (ndim=4)
	_orig_mod.module.layer2.3.conv2.weight (ndim=4)
	_orig_mod.module.layer2.3.conv3.weight (ndim=4)
	_orig_mod.module.layer3.0.conv1.weight (ndim=4)
	_orig_mod.module.layer3.0.conv2.weight (ndim=4)
	_orig_mod.module.layer3.0.conv3.weight (ndim=4)
	_orig_mod.module.layer3.0.downsample.conv.weight (ndim=4)
	_orig_mod.module.layer3.1.conv1.weight (ndim=4)
	_orig_mod.module.layer3.1.conv2.weight (ndim=4)
	_orig_mod.module.layer3.1.conv3.weight (ndim=4)
	_orig_mod.module.layer3.2.conv1.weight (ndim=4)
	_orig_mod.module.layer3.2.conv2.weight (ndim=4)
	_orig_mod.module.layer3.2.conv3.weight (ndim=4)
	_orig_mod.module.layer3.3.conv1.weight (ndim=4)
	_orig_mod.module.layer3.3.conv2.weight (ndim=4)
	_orig_mod.module.layer3.3.conv3.weight (ndim=4)
	_orig_mod.module.layer3.4.conv1.weight (ndim=4)
	_orig_mod.module.layer3.4.conv2.weight (ndim=4)
	_orig_mod.module.layer3.4.conv3.weight (ndim=4)
	_orig_mod.module.layer3.5.conv1.weight (ndim=4)
	_orig_mod.module.layer3.5.conv2.weight (ndim=4)
	_orig_mod.module.layer3.5.conv3.weight (ndim=4)
	_orig_mod.module.layer4.0.conv1.weight (ndim=4)
	_orig_mod.module.layer4.0.conv2.weight (ndim=4)
	_orig_mod.module.layer4.0.conv3.weight (ndim=4)
	_orig_mod.module.layer4.0.downsample.conv.weight (ndim=4)
	_orig_mod.module.layer4.1.conv1.weight (ndim=4)
	_orig_mod.module.layer4.1.conv2.weight (ndim=4)
	_orig_mod.module.layer4.1.conv3.weight (ndim=4)
	_orig_mod.module.layer4.2.conv1.weight (ndim=4)
	_orig_mod.module.layer4.2.conv2.weight (ndim=4)
	_orig_mod.module.layer4.2.conv3.weight (ndim=4)
	_orig_mod.module.fc.weight (ndim=2)
I0613 19:13:59.038388 140716154066112 muon.py:228] Adam params:
	_orig_mod.module.bn1.weight (ndim=1)
	_orig_mod.module.bn1.bias (ndim=1)
	_orig_mod.module.layer1.0.bn1.weight (ndim=1)
	_orig_mod.module.layer1.0.bn1.bias (ndim=1)
	_orig_mod.module.layer1.0.bn2.weight (ndim=1)
	_orig_mod.module.layer1.0.bn2.bias (ndim=1)
	_orig_mod.module.layer1.0.bn3.weight (ndim=1)
	_orig_mod.module.layer1.0.bn3.bias (ndim=1)
	_orig_mod.module.layer1.0.downsample.bn.weight (ndim=1)
	_orig_mod.module.layer1.0.downsample.bn.bias (ndim=1)
	_orig_mod.module.layer1.1.bn1.weight (ndim=1)
	_orig_mod.module.layer1.1.bn1.bias (ndim=1)
	_orig_mod.module.layer1.1.bn2.weight (ndim=1)
	_orig_mod.module.layer1.1.bn2.bias (ndim=1)
	_orig_mod.module.layer1.1.bn3.weight (ndim=1)
	_orig_mod.module.layer1.1.bn3.bias (ndim=1)
	_orig_mod.module.layer1.2.bn1.weight (ndim=1)
	_orig_mod.module.layer1.2.bn1.bias (ndim=1)
	_orig_mod.module.layer1.2.bn2.weight (ndim=1)
	_orig_mod.module.layer1.2.bn2.bias (ndim=1)
	_orig_mod.module.layer1.2.bn3.weight (ndim=1)
	_orig_mod.module.layer1.2.bn3.bias (ndim=1)
	_orig_mod.module.layer2.0.bn1.weight (ndim=1)
	_orig_mod.module.layer2.0.bn1.bias (ndim=1)
	_orig_mod.module.layer2.0.bn2.weight (ndim=1)
	_orig_mod.module.layer2.0.bn2.bias (ndim=1)
	_orig_mod.module.layer2.0.bn3.weight (ndim=1)
	_orig_mod.module.layer2.0.bn3.bias (ndim=1)
	_orig_mod.module.layer2.0.downsample.bn.weight (ndim=1)
	_orig_mod.module.layer2.0.downsample.bn.bias (ndim=1)
	_orig_mod.module.layer2.1.bn1.weight (ndim=1)
	_orig_mod.module.layer2.1.bn1.bias (ndim=1)
	_orig_mod.module.layer2.1.bn2.weight (ndim=1)
	_orig_mod.module.layer2.1.bn2.bias (ndim=1)
	_orig_mod.module.layer2.1.bn3.weight (ndim=1)
	_orig_mod.module.layer2.1.bn3.bias (ndim=1)
	_orig_mod.module.layer2.2.bn1.weight (ndim=1)
	_orig_mod.module.layer2.2.bn1.bias (ndim=1)
	_orig_mod.module.layer2.2.bn2.weight (ndim=1)
	_orig_mod.module.layer2.2.bn2.bias (ndim=1)
	_orig_mod.module.layer2.2.bn3.weight (ndim=1)
	_orig_mod.module.layer2.2.bn3.bias (ndim=1)
	_orig_mod.module.layer2.3.bn1.weight (ndim=1)
	_orig_mod.module.layer2.3.bn1.bias (ndim=1)
	_orig_mod.module.layer2.3.bn2.weight (ndim=1)
	_orig_mod.module.layer2.3.bn2.bias (ndim=1)
	_orig_mod.module.layer2.3.bn3.weight (ndim=1)
	_orig_mod.module.layer2.3.bn3.bias (ndim=1)
	_orig_mod.module.layer3.0.bn1.weight (ndim=1)
	_orig_mod.module.layer3.0.bn1.bias (ndim=1)
	_orig_mod.module.layer3.0.bn2.weight (ndim=1)
	_orig_mod.module.layer3.0.bn2.bias (ndim=1)
	_orig_mod.module.layer3.0.bn3.weight (ndim=1)
	_orig_mod.module.layer3.0.bn3.bias (ndim=1)
	_orig_mod.module.layer3.0.downsample.bn.weight (ndim=1)
	_orig_mod.module.layer3.0.downsample.bn.bias (ndim=1)
	_orig_mod.module.layer3.1.bn1.weight (ndim=1)
	_orig_mod.module.layer3.1.bn1.bias (ndim=1)
	_orig_mod.module.layer3.1.bn2.weight (ndim=1)
	_orig_mod.module.layer3.1.bn2.bias (ndim=1)
	_orig_mod.module.layer3.1.bn3.weight (ndim=1)
	_orig_mod.module.layer3.1.bn3.bias (ndim=1)
	_orig_mod.module.layer3.2.bn1.weight (ndim=1)
	_orig_mod.module.layer3.2.bn1.bias (ndim=1)
	_orig_mod.module.layer3.2.bn2.weight (ndim=1)
	_orig_mod.module.layer3.2.bn2.bias (ndim=1)
	_orig_mod.module.layer3.2.bn3.weight (ndim=1)
	_orig_mod.module.layer3.2.bn3.bias (ndim=1)
	_orig_mod.module.layer3.3.bn1.weight (ndim=1)
	_orig_mod.module.layer3.3.bn1.bias (ndim=1)
	_orig_mod.module.layer3.3.bn2.weight (ndim=1)
	_orig_mod.module.layer3.3.bn2.bias (ndim=1)
	_orig_mod.module.layer3.3.bn3.weight (ndim=1)
	_orig_mod.module.layer3.3.bn3.bias (ndim=1)
	_orig_mod.module.layer3.4.bn1.weight (ndim=1)
	_orig_mod.module.layer3.4.bn1.bias (ndim=1)
	_orig_mod.module.layer3.4.bn2.weight (ndim=1)
	_orig_mod.module.layer3.4.bn2.bias (ndim=1)
	_orig_mod.module.layer3.4.bn3.weight (ndim=1)
	_orig_mod.module.layer3.4.bn3.bias (ndim=1)
	_orig_mod.module.layer3.5.bn1.weight (ndim=1)
	_orig_mod.module.layer3.5.bn1.bias (ndim=1)
	_orig_mod.module.layer3.5.bn2.weight (ndim=1)
	_orig_mod.module.layer3.5.bn2.bias (ndim=1)
	_orig_mod.module.layer3.5.bn3.weight (ndim=1)
	_orig_mod.module.layer3.5.bn3.bias (ndim=1)
	_orig_mod.module.layer4.0.bn1.weight (ndim=1)
	_orig_mod.module.layer4.0.bn1.bias (ndim=1)
	_orig_mod.module.layer4.0.bn2.weight (ndim=1)
	_orig_mod.module.layer4.0.bn2.bias (ndim=1)
	_orig_mod.module.layer4.0.bn3.weight (ndim=1)
	_orig_mod.module.layer4.0.bn3.bias (ndim=1)
	_orig_mod.module.layer4.0.downsample.bn.weight (ndim=1)
	_orig_mod.module.layer4.0.downsample.bn.bias (ndim=1)
	_orig_mod.module.layer4.1.bn1.weight (ndim=1)
	_orig_mod.module.layer4.1.bn1.bias (ndim=1)
	_orig_mod.module.layer4.1.bn2.weight (ndim=1)
	_orig_mod.module.layer4.1.bn2.bias (ndim=1)
	_orig_mod.module.layer4.1.bn3.weight (ndim=1)
	_orig_mod.module.layer4.1.bn3.bias (ndim=1)
	_orig_mod.module.layer4.2.bn1.weight (ndim=1)
	_orig_mod.module.layer4.2.bn1.bias (ndim=1)
	_orig_mod.module.layer4.2.bn2.weight (ndim=1)
	_orig_mod.module.layer4.2.bn2.bias (ndim=1)
	_orig_mod.module.layer4.2.bn3.weight (ndim=1)
	_orig_mod.module.layer4.2.bn3.bias (ndim=1)
	_orig_mod.module.fc.bias (ndim=1)
I0613 19:13:59.038394 140282063803584 muon.py:228] Adam params:
	_orig_mod.module.bn1.weight (ndim=1)
	_orig_mod.module.bn1.bias (ndim=1)
	_orig_mod.module.layer1.0.bn1.weight (ndim=1)
	_orig_mod.module.layer1.0.bn1.bias (ndim=1)
	_orig_mod.module.layer1.0.bn2.weight (ndim=1)
	_orig_mod.module.layer1.0.bn2.bias (ndim=1)
	_orig_mod.module.layer1.0.bn3.weight (ndim=1)
	_orig_mod.module.layer1.0.bn3.bias (ndim=1)
	_orig_mod.module.layer1.0.downsample.bn.weight (ndim=1)
	_orig_mod.module.layer1.0.downsample.bn.bias (ndim=1)
	_orig_mod.module.layer1.1.bn1.weight (ndim=1)
	_orig_mod.module.layer1.1.bn1.bias (ndim=1)
	_orig_mod.module.layer1.1.bn2.weight (ndim=1)
	_orig_mod.module.layer1.1.bn2.bias (ndim=1)
	_orig_mod.module.layer1.1.bn3.weight (ndim=1)
	_orig_mod.module.layer1.1.bn3.bias (ndim=1)
	_orig_mod.module.layer1.2.bn1.weight (ndim=1)
	_orig_mod.module.layer1.2.bn1.bias (ndim=1)
	_orig_mod.module.layer1.2.bn2.weight (ndim=1)
	_orig_mod.module.layer1.2.bn2.bias (ndim=1)
	_orig_mod.module.layer1.2.bn3.weight (ndim=1)
	_orig_mod.module.layer1.2.bn3.bias (ndim=1)
	_orig_mod.module.layer2.0.bn1.weight (ndim=1)
	_orig_mod.module.layer2.0.bn1.bias (ndim=1)
	_orig_mod.module.layer2.0.bn2.weight (ndim=1)
	_orig_mod.module.layer2.0.bn2.bias (ndim=1)
	_orig_mod.module.layer2.0.bn3.weight (ndim=1)
	_orig_mod.module.layer2.0.bn3.bias (ndim=1)
	_orig_mod.module.layer2.0.downsample.bn.weight (ndim=1)
	_orig_mod.module.layer2.0.downsample.bn.bias (ndim=1)
	_orig_mod.module.layer2.1.bn1.weight (ndim=1)
	_orig_mod.module.layer2.1.bn1.bias (ndim=1)
	_orig_mod.module.layer2.1.bn2.weight (ndim=1)
	_orig_mod.module.layer2.1.bn2.bias (ndim=1)
	_orig_mod.module.layer2.1.bn3.weight (ndim=1)
	_orig_mod.module.layer2.1.bn3.bias (ndim=1)
	_orig_mod.module.layer2.2.bn1.weight (ndim=1)
	_orig_mod.module.layer2.2.bn1.bias (ndim=1)
	_orig_mod.module.layer2.2.bn2.weight (ndim=1)
	_orig_mod.module.layer2.2.bn2.bias (ndim=1)
	_orig_mod.module.layer2.2.bn3.weight (ndim=1)
	_orig_mod.module.layer2.2.bn3.bias (ndim=1)
	_orig_mod.module.layer2.3.bn1.weight (ndim=1)
	_orig_mod.module.layer2.3.bn1.bias (ndim=1)
	_orig_mod.module.layer2.3.bn2.weight (ndim=1)
	_orig_mod.module.layer2.3.bn2.bias (ndim=1)
	_orig_mod.module.layer2.3.bn3.weight (ndim=1)
	_orig_mod.module.layer2.3.bn3.bias (ndim=1)
	_orig_mod.module.layer3.0.bn1.weight (ndim=1)
	_orig_mod.module.layer3.0.bn1.bias (ndim=1)
	_orig_mod.module.layer3.0.bn2.weight (ndim=1)
	_orig_mod.module.layer3.0.bn2.bias (ndim=1)
	_orig_mod.module.layer3.0.bn3.weight (ndim=1)
	_orig_mod.module.layer3.0.bn3.bias (ndim=1)
	_orig_mod.module.layer3.0.downsample.bn.weight (ndim=1)
	_orig_mod.module.layer3.0.downsample.bn.bias (ndim=1)
	_orig_mod.module.layer3.1.bn1.weight (ndim=1)
	_orig_mod.module.layer3.1.bn1.bias (ndim=1)
	_orig_mod.module.layer3.1.bn2.weight (ndim=1)
	_orig_mod.module.layer3.1.bn2.bias (ndim=1)
	_orig_mod.module.layer3.1.bn3.weight (ndim=1)
	_orig_mod.module.layer3.1.bn3.bias (ndim=1)
	_orig_mod.module.layer3.2.bn1.weight (ndim=1)
	_orig_mod.module.layer3.2.bn1.bias (ndim=1)
	_orig_mod.module.layer3.2.bn2.weight (ndim=1)
	_orig_mod.module.layer3.2.bn2.bias (ndim=1)
	_orig_mod.module.layer3.2.bn3.weight (ndim=1)
	_orig_mod.module.layer3.2.bn3.bias (ndim=1)
	_orig_mod.module.layer3.3.bn1.weight (ndim=1)
	_orig_mod.module.layer3.3.bn1.bias (ndim=1)
	_orig_mod.module.layer3.3.bn2.weight (ndim=1)
	_orig_mod.module.layer3.3.bn2.bias (ndim=1)
	_orig_mod.module.layer3.3.bn3.weight (ndim=1)
	_orig_mod.module.layer3.3.bn3.bias (ndim=1)
	_orig_mod.module.layer3.4.bn1.weight (ndim=1)
	_orig_mod.module.layer3.4.bn1.bias (ndim=1)
	_orig_mod.module.layer3.4.bn2.weight (ndim=1)
	_orig_mod.module.layer3.4.bn2.bias (ndim=1)
	_orig_mod.module.layer3.4.bn3.weight (ndim=1)
	_orig_mod.module.layer3.4.bn3.bias (ndim=1)
	_orig_mod.module.layer3.5.bn1.weight (ndim=1)
	_orig_mod.module.layer3.5.bn1.bias (ndim=1)
	_orig_mod.module.layer3.5.bn2.weight (ndim=1)
	_orig_mod.module.layer3.5.bn2.bias (ndim=1)
	_orig_mod.module.layer3.5.bn3.weight (ndim=1)
	_orig_mod.module.layer3.5.bn3.bias (ndim=1)
	_orig_mod.module.layer4.0.bn1.weight (ndim=1)
	_orig_mod.module.layer4.0.bn1.bias (ndim=1)
	_orig_mod.module.layer4.0.bn2.weight (ndim=1)
	_orig_mod.module.layer4.0.bn2.bias (ndim=1)
	_orig_mod.module.layer4.0.bn3.weight (ndim=1)
	_orig_mod.module.layer4.0.bn3.bias (ndim=1)
	_orig_mod.module.layer4.0.downsample.bn.weight (ndim=1)
	_orig_mod.module.layer4.0.downsample.bn.bias (ndim=1)
	_orig_mod.module.layer4.1.bn1.weight (ndim=1)
	_orig_mod.module.layer4.1.bn1.bias (ndim=1)
	_orig_mod.module.layer4.1.bn2.weight (ndim=1)
	_orig_mod.module.layer4.1.bn2.bias (ndim=1)
	_orig_mod.module.layer4.1.bn3.weight (ndim=1)
	_orig_mod.module.layer4.1.bn3.bias (ndim=1)
	_orig_mod.module.layer4.2.bn1.weight (ndim=1)
	_orig_mod.module.layer4.2.bn1.bias (ndim=1)
	_orig_mod.module.layer4.2.bn2.weight (ndim=1)
	_orig_mod.module.layer4.2.bn2.bias (ndim=1)
	_orig_mod.module.layer4.2.bn3.weight (ndim=1)
	_orig_mod.module.layer4.2.bn3.bias (ndim=1)
	_orig_mod.module.fc.bias (ndim=1)
I0613 19:13:59.038395 140059729966272 muon.py:228] Adam params:
	_orig_mod.module.bn1.weight (ndim=1)
	_orig_mod.module.bn1.bias (ndim=1)
	_orig_mod.module.layer1.0.bn1.weight (ndim=1)
	_orig_mod.module.layer1.0.bn1.bias (ndim=1)
	_orig_mod.module.layer1.0.bn2.weight (ndim=1)
	_orig_mod.module.layer1.0.bn2.bias (ndim=1)
	_orig_mod.module.layer1.0.bn3.weight (ndim=1)
	_orig_mod.module.layer1.0.bn3.bias (ndim=1)
	_orig_mod.module.layer1.0.downsample.bn.weight (ndim=1)
	_orig_mod.module.layer1.0.downsample.bn.bias (ndim=1)
	_orig_mod.module.layer1.1.bn1.weight (ndim=1)
	_orig_mod.module.layer1.1.bn1.bias (ndim=1)
	_orig_mod.module.layer1.1.bn2.weight (ndim=1)
	_orig_mod.module.layer1.1.bn2.bias (ndim=1)
	_orig_mod.module.layer1.1.bn3.weight (ndim=1)
	_orig_mod.module.layer1.1.bn3.bias (ndim=1)
	_orig_mod.module.layer1.2.bn1.weight (ndim=1)
	_orig_mod.module.layer1.2.bn1.bias (ndim=1)
	_orig_mod.module.layer1.2.bn2.weight (ndim=1)
	_orig_mod.module.layer1.2.bn2.bias (ndim=1)
	_orig_mod.module.layer1.2.bn3.weight (ndim=1)
	_orig_mod.module.layer1.2.bn3.bias (ndim=1)
	_orig_mod.module.layer2.0.bn1.weight (ndim=1)
	_orig_mod.module.layer2.0.bn1.bias (ndim=1)
	_orig_mod.module.layer2.0.bn2.weight (ndim=1)
	_orig_mod.module.layer2.0.bn2.bias (ndim=1)
	_orig_mod.module.layer2.0.bn3.weight (ndim=1)
	_orig_mod.module.layer2.0.bn3.bias (ndim=1)
	_orig_mod.module.layer2.0.downsample.bn.weight (ndim=1)
	_orig_mod.module.layer2.0.downsample.bn.bias (ndim=1)
	_orig_mod.module.layer2.1.bn1.weight (ndim=1)
	_orig_mod.module.layer2.1.bn1.bias (ndim=1)
	_orig_mod.module.layer2.1.bn2.weight (ndim=1)
	_orig_mod.module.layer2.1.bn2.bias (ndim=1)
	_orig_mod.module.layer2.1.bn3.weight (ndim=1)
	_orig_mod.module.layer2.1.bn3.bias (ndim=1)
	_orig_mod.module.layer2.2.bn1.weight (ndim=1)
	_orig_mod.module.layer2.2.bn1.bias (ndim=1)
	_orig_mod.module.layer2.2.bn2.weight (ndim=1)
	_orig_mod.module.layer2.2.bn2.bias (ndim=1)
	_orig_mod.module.layer2.2.bn3.weight (ndim=1)
	_orig_mod.module.layer2.2.bn3.bias (ndim=1)
	_orig_mod.module.layer2.3.bn1.weight (ndim=1)
	_orig_mod.module.layer2.3.bn1.bias (ndim=1)
	_orig_mod.module.layer2.3.bn2.weight (ndim=1)
	_orig_mod.module.layer2.3.bn2.bias (ndim=1)
	_orig_mod.module.layer2.3.bn3.weight (ndim=1)
	_orig_mod.module.layer2.3.bn3.bias (ndim=1)
	_orig_mod.module.layer3.0.bn1.weight (ndim=1)
	_orig_mod.module.layer3.0.bn1.bias (ndim=1)
	_orig_mod.module.layer3.0.bn2.weight (ndim=1)
	_orig_mod.module.layer3.0.bn2.bias (ndim=1)
	_orig_mod.module.layer3.0.bn3.weight (ndim=1)
	_orig_mod.module.layer3.0.bn3.bias (ndim=1)
	_orig_mod.module.layer3.0.downsample.bn.weight (ndim=1)
	_orig_mod.module.layer3.0.downsample.bn.bias (ndim=1)
	_orig_mod.module.layer3.1.bn1.weight (ndim=1)
	_orig_mod.module.layer3.1.bn1.bias (ndim=1)
	_orig_mod.module.layer3.1.bn2.weight (ndim=1)
	_orig_mod.module.layer3.1.bn2.bias (ndim=1)
	_orig_mod.module.layer3.1.bn3.weight (ndim=1)
	_orig_mod.module.layer3.1.bn3.bias (ndim=1)
	_orig_mod.module.layer3.2.bn1.weight (ndim=1)
	_orig_mod.module.layer3.2.bn1.bias (ndim=1)
	_orig_mod.module.layer3.2.bn2.weight (ndim=1)
	_orig_mod.module.layer3.2.bn2.bias (ndim=1)
	_orig_mod.module.layer3.2.bn3.weight (ndim=1)
	_orig_mod.module.layer3.2.bn3.bias (ndim=1)
	_orig_mod.module.layer3.3.bn1.weight (ndim=1)
	_orig_mod.module.layer3.3.bn1.bias (ndim=1)
	_orig_mod.module.layer3.3.bn2.weight (ndim=1)
	_orig_mod.module.layer3.3.bn2.bias (ndim=1)
	_orig_mod.module.layer3.3.bn3.weight (ndim=1)
	_orig_mod.module.layer3.3.bn3.bias (ndim=1)
	_orig_mod.module.layer3.4.bn1.weight (ndim=1)
	_orig_mod.module.layer3.4.bn1.bias (ndim=1)
	_orig_mod.module.layer3.4.bn2.weight (ndim=1)
	_orig_mod.module.layer3.4.bn2.bias (ndim=1)
	_orig_mod.module.layer3.4.bn3.weight (ndim=1)
	_orig_mod.module.layer3.4.bn3.bias (ndim=1)
	_orig_mod.module.layer3.5.bn1.weight (ndim=1)
	_orig_mod.module.layer3.5.bn1.bias (ndim=1)
	_orig_mod.module.layer3.5.bn2.weight (ndim=1)
	_orig_mod.module.layer3.5.bn2.bias (ndim=1)
	_orig_mod.module.layer3.5.bn3.weight (ndim=1)
	_orig_mod.module.layer3.5.bn3.bias (ndim=1)
	_orig_mod.module.layer4.0.bn1.weight (ndim=1)
	_orig_mod.module.layer4.0.bn1.bias (ndim=1)
	_orig_mod.module.layer4.0.bn2.weight (ndim=1)
	_orig_mod.module.layer4.0.bn2.bias (ndim=1)
	_orig_mod.module.layer4.0.bn3.weight (ndim=1)
	_orig_mod.module.layer4.0.bn3.bias (ndim=1)
	_orig_mod.module.layer4.0.downsample.bn.weight (ndim=1)
	_orig_mod.module.layer4.0.downsample.bn.bias (ndim=1)
	_orig_mod.module.layer4.1.bn1.weight (ndim=1)
	_orig_mod.module.layer4.1.bn1.bias (ndim=1)
	_orig_mod.module.layer4.1.bn2.weight (ndim=1)
	_orig_mod.module.layer4.1.bn2.bias (ndim=1)
	_orig_mod.module.layer4.1.bn3.weight (ndim=1)
	_orig_mod.module.layer4.1.bn3.bias (ndim=1)
	_orig_mod.module.layer4.2.bn1.weight (ndim=1)
	_orig_mod.module.layer4.2.bn1.bias (ndim=1)
	_orig_mod.module.layer4.2.bn2.weight (ndim=1)
	_orig_mod.module.layer4.2.bn2.bias (ndim=1)
	_orig_mod.module.layer4.2.bn3.weight (ndim=1)
	_orig_mod.module.layer4.2.bn3.bias (ndim=1)
	_orig_mod.module.fc.bias (ndim=1)
I0613 19:13:59.038517 140246155404480 muon.py:227] Muon params:
	_orig_mod.module.conv1.weight (ndim=4)
	_orig_mod.module.layer1.0.conv1.weight (ndim=4)
	_orig_mod.module.layer1.0.conv2.weight (ndim=4)
	_orig_mod.module.layer1.0.conv3.weight (ndim=4)
	_orig_mod.module.layer1.0.downsample.conv.weight (ndim=4)
	_orig_mod.module.layer1.1.conv1.weight (ndim=4)
	_orig_mod.module.layer1.1.conv2.weight (ndim=4)
	_orig_mod.module.layer1.1.conv3.weight (ndim=4)
	_orig_mod.module.layer1.2.conv1.weight (ndim=4)
	_orig_mod.module.layer1.2.conv2.weight (ndim=4)
	_orig_mod.module.layer1.2.conv3.weight (ndim=4)
	_orig_mod.module.layer2.0.conv1.weight (ndim=4)
	_orig_mod.module.layer2.0.conv2.weight (ndim=4)
	_orig_mod.module.layer2.0.conv3.weight (ndim=4)
	_orig_mod.module.layer2.0.downsample.conv.weight (ndim=4)
	_orig_mod.module.layer2.1.conv1.weight (ndim=4)
	_orig_mod.module.layer2.1.conv2.weight (ndim=4)
	_orig_mod.module.layer2.1.conv3.weight (ndim=4)
	_orig_mod.module.layer2.2.conv1.weight (ndim=4)
	_orig_mod.module.layer2.2.conv2.weight (ndim=4)
	_orig_mod.module.layer2.2.conv3.weight (ndim=4)
	_orig_mod.module.layer2.3.conv1.weight (ndim=4)
	_orig_mod.module.layer2.3.conv2.weight (ndim=4)
	_orig_mod.module.layer2.3.conv3.weight (ndim=4)
	_orig_mod.module.layer3.0.conv1.weight (ndim=4)
	_orig_mod.module.layer3.0.conv2.weight (ndim=4)
	_orig_mod.module.layer3.0.conv3.weight (ndim=4)
	_orig_mod.module.layer3.0.downsample.conv.weight (ndim=4)
	_orig_mod.module.layer3.1.conv1.weight (ndim=4)
	_orig_mod.module.layer3.1.conv2.weight (ndim=4)
	_orig_mod.module.layer3.1.conv3.weight (ndim=4)
	_orig_mod.module.layer3.2.conv1.weight (ndim=4)
	_orig_mod.module.layer3.2.conv2.weight (ndim=4)
	_orig_mod.module.layer3.2.conv3.weight (ndim=4)
	_orig_mod.module.layer3.3.conv1.weight (ndim=4)
	_orig_mod.module.layer3.3.conv2.weight (ndim=4)
	_orig_mod.module.layer3.3.conv3.weight (ndim=4)
	_orig_mod.module.layer3.4.conv1.weight (ndim=4)
	_orig_mod.module.layer3.4.conv2.weight (ndim=4)
	_orig_mod.module.layer3.4.conv3.weight (ndim=4)
	_orig_mod.module.layer3.5.conv1.weight (ndim=4)
	_orig_mod.module.layer3.5.conv2.weight (ndim=4)
	_orig_mod.module.layer3.5.conv3.weight (ndim=4)
	_orig_mod.module.layer4.0.conv1.weight (ndim=4)
	_orig_mod.module.layer4.0.conv2.weight (ndim=4)
	_orig_mod.module.layer4.0.conv3.weight (ndim=4)
	_orig_mod.module.layer4.0.downsample.conv.weight (ndim=4)
	_orig_mod.module.layer4.1.conv1.weight (ndim=4)
	_orig_mod.module.layer4.1.conv2.weight (ndim=4)
	_orig_mod.module.layer4.1.conv3.weight (ndim=4)
	_orig_mod.module.layer4.2.conv1.weight (ndim=4)
	_orig_mod.module.layer4.2.conv2.weight (ndim=4)
	_orig_mod.module.layer4.2.conv3.weight (ndim=4)
	_orig_mod.module.fc.weight (ndim=2)
I0613 19:13:59.038598 140246155404480 muon.py:228] Adam params:
	_orig_mod.module.bn1.weight (ndim=1)
	_orig_mod.module.bn1.bias (ndim=1)
	_orig_mod.module.layer1.0.bn1.weight (ndim=1)
	_orig_mod.module.layer1.0.bn1.bias (ndim=1)
	_orig_mod.module.layer1.0.bn2.weight (ndim=1)
	_orig_mod.module.layer1.0.bn2.bias (ndim=1)
	_orig_mod.module.layer1.0.bn3.weight (ndim=1)
	_orig_mod.module.layer1.0.bn3.bias (ndim=1)
	_orig_mod.module.layer1.0.downsample.bn.weight (ndim=1)
	_orig_mod.module.layer1.0.downsample.bn.bias (ndim=1)
	_orig_mod.module.layer1.1.bn1.weight (ndim=1)
	_orig_mod.module.layer1.1.bn1.bias (ndim=1)
	_orig_mod.module.layer1.1.bn2.weight (ndim=1)
	_orig_mod.module.layer1.1.bn2.bias (ndim=1)
	_orig_mod.module.layer1.1.bn3.weight (ndim=1)
	_orig_mod.module.layer1.1.bn3.bias (ndim=1)
	_orig_mod.module.layer1.2.bn1.weight (ndim=1)
	_orig_mod.module.layer1.2.bn1.bias (ndim=1)
	_orig_mod.module.layer1.2.bn2.weight (ndim=1)
	_orig_mod.module.layer1.2.bn2.bias (ndim=1)
	_orig_mod.module.layer1.2.bn3.weight (ndim=1)
	_orig_mod.module.layer1.2.bn3.bias (ndim=1)
	_orig_mod.module.layer2.0.bn1.weight (ndim=1)
	_orig_mod.module.layer2.0.bn1.bias (ndim=1)
	_orig_mod.module.layer2.0.bn2.weight (ndim=1)
	_orig_mod.module.layer2.0.bn2.bias (ndim=1)
	_orig_mod.module.layer2.0.bn3.weight (ndim=1)
	_orig_mod.module.layer2.0.bn3.bias (ndim=1)
	_orig_mod.module.layer2.0.downsample.bn.weight (ndim=1)
	_orig_mod.module.layer2.0.downsample.bn.bias (ndim=1)
	_orig_mod.module.layer2.1.bn1.weight (ndim=1)
	_orig_mod.module.layer2.1.bn1.bias (ndim=1)
	_orig_mod.module.layer2.1.bn2.weight (ndim=1)
	_orig_mod.module.layer2.1.bn2.bias (ndim=1)
	_orig_mod.module.layer2.1.bn3.weight (ndim=1)
	_orig_mod.module.layer2.1.bn3.bias (ndim=1)
	_orig_mod.module.layer2.2.bn1.weight (ndim=1)
	_orig_mod.module.layer2.2.bn1.bias (ndim=1)
	_orig_mod.module.layer2.2.bn2.weight (ndim=1)
	_orig_mod.module.layer2.2.bn2.bias (ndim=1)
	_orig_mod.module.layer2.2.bn3.weight (ndim=1)
	_orig_mod.module.layer2.2.bn3.bias (ndim=1)
	_orig_mod.module.layer2.3.bn1.weight (ndim=1)
	_orig_mod.module.layer2.3.bn1.bias (ndim=1)
	_orig_mod.module.layer2.3.bn2.weight (ndim=1)
	_orig_mod.module.layer2.3.bn2.bias (ndim=1)
	_orig_mod.module.layer2.3.bn3.weight (ndim=1)
	_orig_mod.module.layer2.3.bn3.bias (ndim=1)
	_orig_mod.module.layer3.0.bn1.weight (ndim=1)
	_orig_mod.module.layer3.0.bn1.bias (ndim=1)
	_orig_mod.module.layer3.0.bn2.weight (ndim=1)
	_orig_mod.module.layer3.0.bn2.bias (ndim=1)
	_orig_mod.module.layer3.0.bn3.weight (ndim=1)
	_orig_mod.module.layer3.0.bn3.bias (ndim=1)
	_orig_mod.module.layer3.0.downsample.bn.weight (ndim=1)
	_orig_mod.module.layer3.0.downsample.bn.bias (ndim=1)
	_orig_mod.module.layer3.1.bn1.weight (ndim=1)
	_orig_mod.module.layer3.1.bn1.bias (ndim=1)
	_orig_mod.module.layer3.1.bn2.weight (ndim=1)
	_orig_mod.module.layer3.1.bn2.bias (ndim=1)
	_orig_mod.module.layer3.1.bn3.weight (ndim=1)
	_orig_mod.module.layer3.1.bn3.bias (ndim=1)
	_orig_mod.module.layer3.2.bn1.weight (ndim=1)
	_orig_mod.module.layer3.2.bn1.bias (ndim=1)
	_orig_mod.module.layer3.2.bn2.weight (ndim=1)
	_orig_mod.module.layer3.2.bn2.bias (ndim=1)
	_orig_mod.module.layer3.2.bn3.weight (ndim=1)
	_orig_mod.module.layer3.2.bn3.bias (ndim=1)
	_orig_mod.module.layer3.3.bn1.weight (ndim=1)
	_orig_mod.module.layer3.3.bn1.bias (ndim=1)
	_orig_mod.module.layer3.3.bn2.weight (ndim=1)
	_orig_mod.module.layer3.3.bn2.bias (ndim=1)
	_orig_mod.module.layer3.3.bn3.weight (ndim=1)
	_orig_mod.module.layer3.3.bn3.bias (ndim=1)
	_orig_mod.module.layer3.4.bn1.weight (ndim=1)
	_orig_mod.module.layer3.4.bn1.bias (ndim=1)
	_orig_mod.module.layer3.4.bn2.weight (ndim=1)
	_orig_mod.module.layer3.4.bn2.bias (ndim=1)
	_orig_mod.module.layer3.4.bn3.weight (ndim=1)
	_orig_mod.module.layer3.4.bn3.bias (ndim=1)
	_orig_mod.module.layer3.5.bn1.weight (ndim=1)
	_orig_mod.module.layer3.5.bn1.bias (ndim=1)
	_orig_mod.module.layer3.5.bn2.weight (ndim=1)
	_orig_mod.module.layer3.5.bn2.bias (ndim=1)
	_orig_mod.module.layer3.5.bn3.weight (ndim=1)
	_orig_mod.module.layer3.5.bn3.bias (ndim=1)
	_orig_mod.module.layer4.0.bn1.weight (ndim=1)
	_orig_mod.module.layer4.0.bn1.bias (ndim=1)
	_orig_mod.module.layer4.0.bn2.weight (ndim=1)
	_orig_mod.module.layer4.0.bn2.bias (ndim=1)
	_orig_mod.module.layer4.0.bn3.weight (ndim=1)
	_orig_mod.module.layer4.0.bn3.bias (ndim=1)
	_orig_mod.module.layer4.0.downsample.bn.weight (ndim=1)
	_orig_mod.module.layer4.0.downsample.bn.bias (ndim=1)
	_orig_mod.module.layer4.1.bn1.weight (ndim=1)
	_orig_mod.module.layer4.1.bn1.bias (ndim=1)
	_orig_mod.module.layer4.1.bn2.weight (ndim=1)
	_orig_mod.module.layer4.1.bn2.bias (ndim=1)
	_orig_mod.module.layer4.1.bn3.weight (ndim=1)
	_orig_mod.module.layer4.1.bn3.bias (ndim=1)
	_orig_mod.module.layer4.2.bn1.weight (ndim=1)
	_orig_mod.module.layer4.2.bn1.bias (ndim=1)
	_orig_mod.module.layer4.2.bn2.weight (ndim=1)
	_orig_mod.module.layer4.2.bn2.bias (ndim=1)
	_orig_mod.module.layer4.2.bn3.weight (ndim=1)
	_orig_mod.module.layer4.2.bn3.bias (ndim=1)
	_orig_mod.module.fc.bias (ndim=1)
I0613 19:13:59.039028 140246155404480 submission_runner.py:299] Initializing metrics bundle.
I0613 19:13:59.039172 140246155404480 submission_runner.py:321] Initializing checkpoint and logger.
I0613 19:13:59.041311 140246155404480 submission_runner.py:344] Saving meta data to /experiment_runs/submissions_a100/muon_torch_replicated_jax_hps/study_0/imagenet_resnet_pytorch/trial_1/meta_data_0.json.
I0613 19:13:59.532386 140246155404480 submission_runner.py:348] Saving flags to /experiment_runs/submissions_a100/muon_torch_replicated_jax_hps/study_0/imagenet_resnet_pytorch/trial_1/flags_0.json.
I0613 19:13:59.664095 140246155404480 submission_runner.py:359] Starting training loop.
/usr/local/lib/python3.11/multiprocessing/popen_fork.py:66: RuntimeWarning: os.fork() was called. os.fork() is incompatible with multithreaded code, and JAX is multithreaded, so this will likely lead to a deadlock.
  self.pid = os.fork()
/usr/local/lib/python3.11/multiprocessing/popen_fork.py:66: RuntimeWarning: os.fork() was called. os.fork() is incompatible with multithreaded code, and JAX is multithreaded, so this will likely lead to a deadlock.
  self.pid = os.fork()
/usr/local/lib/python3.11/multiprocessing/popen_fork.py:66: RuntimeWarning: os.fork() was called. os.fork() is incompatible with multithreaded code, and JAX is multithreaded, so this will likely lead to a deadlock.
  self.pid = os.fork()
/usr/local/lib/python3.11/multiprocessing/popen_fork.py:66: RuntimeWarning: os.fork() was called. os.fork() is incompatible with multithreaded code, and JAX is multithreaded, so this will likely lead to a deadlock.
  self.pid = os.fork()
[rank3]:W0613 19:14:29.269000 41 site-packages/torch/_logging/_internal.py:1199] [0/0] Profiler function <class 'torch.autograd.profiler.record_function'> will be ignored
[rank0]:W0613 19:14:30.210000 38 site-packages/torch/_logging/_internal.py:1199] [0/0] Profiler function <class 'torch.autograd.profiler.record_function'> will be ignored
[rank2]:W0613 19:14:30.549000 40 site-packages/torch/_logging/_internal.py:1199] [0/0] Profiler function <class 'torch.autograd.profiler.record_function'> will be ignored
[rank1]:W0613 19:14:30.783000 39 site-packages/torch/_logging/_internal.py:1199] [0/0] Profiler function <class 'torch.autograd.profiler.record_function'> will be ignored
/usr/local/lib/python3.11/site-packages/torch/autograd/graph.py:841: UserWarning: Grad strides do not match bucket view strides. This may indicate grad was not created according to the gradient layout contract, or that the param's strides changed since DDP was constructed.  This is not an error, but may impair performance.
grad.sizes() = [2048, 512, 1, 1], strides() = [512, 1, 512, 512]
bucket_view.sizes() = [2048, 512, 1, 1], strides() = [512, 1, 1, 1] (Triggered internally at /pytorch/torch/csrc/distributed/c10d/reducer.cpp:334.)
  return Variable._execution_engine.run_backward(  # Calls into the C++ engine to run the backward pass
/usr/local/lib/python3.11/site-packages/torch/autograd/graph.py:841: UserWarning: Grad strides do not match bucket view strides. This may indicate grad was not created according to the gradient layout contract, or that the param's strides changed since DDP was constructed.  This is not an error, but may impair performance.
grad.sizes() = [2048, 512, 1, 1], strides() = [512, 1, 512, 512]
bucket_view.sizes() = [2048, 512, 1, 1], strides() = [512, 1, 1, 1] (Triggered internally at /pytorch/torch/csrc/distributed/c10d/reducer.cpp:334.)
  return Variable._execution_engine.run_backward(  # Calls into the C++ engine to run the backward pass
/usr/local/lib/python3.11/site-packages/torch/autograd/graph.py:841: UserWarning: Grad strides do not match bucket view strides. This may indicate grad was not created according to the gradient layout contract, or that the param's strides changed since DDP was constructed.  This is not an error, but may impair performance.
grad.sizes() = [2048, 512, 1, 1], strides() = [512, 1, 512, 512]
bucket_view.sizes() = [2048, 512, 1, 1], strides() = [512, 1, 1, 1] (Triggered internally at /pytorch/torch/csrc/distributed/c10d/reducer.cpp:334.)
  return Variable._execution_engine.run_backward(  # Calls into the C++ engine to run the backward pass
/usr/local/lib/python3.11/site-packages/torch/autograd/graph.py:841: UserWarning: Grad strides do not match bucket view strides. This may indicate grad was not created according to the gradient layout contract, or that the param's strides changed since DDP was constructed.  This is not an error, but may impair performance.
grad.sizes() = [2048, 512, 1, 1], strides() = [512, 1, 512, 512]
bucket_view.sizes() = [2048, 512, 1, 1], strides() = [512, 1, 1, 1] (Triggered internally at /pytorch/torch/csrc/distributed/c10d/reducer.cpp:334.)
  return Variable._execution_engine.run_backward(  # Calls into the C++ engine to run the backward pass
I0613 19:18:12.260209 140246155404480 spec.py:333] Evaluating on the training split.
/usr/local/lib/python3.11/site-packages/torch/distributed/distributed_c10d.py:4876: UserWarning: barrier(): using the device under current context. You can specify `device_id` in `init_process_group` to mute this warning.
  warnings.warn(  # warn only once
/usr/local/lib/python3.11/multiprocessing/popen_fork.py:66: RuntimeWarning: os.fork() was called. os.fork() is incompatible with multithreaded code, and JAX is multithreaded, so this will likely lead to a deadlock.
  self.pid = os.fork()
/usr/local/lib/python3.11/multiprocessing/popen_fork.py:66: RuntimeWarning: os.fork() was called. os.fork() is incompatible with multithreaded code, and JAX is multithreaded, so this will likely lead to a deadlock.
  self.pid = os.fork()
/usr/local/lib/python3.11/multiprocessing/popen_fork.py:66: RuntimeWarning: os.fork() was called. os.fork() is incompatible with multithreaded code, and JAX is multithreaded, so this will likely lead to a deadlock.
  self.pid = os.fork()
/usr/local/lib/python3.11/multiprocessing/popen_fork.py:66: RuntimeWarning: os.fork() was called. os.fork() is incompatible with multithreaded code, and JAX is multithreaded, so this will likely lead to a deadlock.
  self.pid = os.fork()
/usr/local/lib/python3.11/site-packages/torch/_dynamo/variables/functions.py:1598: UserWarning: Dynamo does not know how to trace the builtin `torch._C._distributed_c10d.pybind11_detail_function_record_v1_system_libstdcpp_gxx_abi_1xxx_use_cxx11_abi_1._broadcast_coalesced.` This function is either a Python builtin (e.g. _warnings.warn) or a third-party C/C++ Python extension (perhaps created with pybind).
If it is a Python builtin, please file an issue on GitHub so the PyTorch team can add support for it and see the next case for a workaround.
If it is a third-party C/C++ Python extension, please either wrap it into a PyTorch-understood custom operator (see https://pytorch.org/tutorials/advanced/custom_ops_landing_page.html for more details) or, if it is traceable, use `torch.compiler.allow_in_graph`.
  torch._dynamo.utils.warn_once(explanation + "\n" + "\n".join(hints))
/usr/local/lib/python3.11/site-packages/torch/_dynamo/variables/functions.py:1598: UserWarning: Dynamo does not know how to trace the builtin `torch._C._distributed_c10d.pybind11_detail_function_record_v1_system_libstdcpp_gxx_abi_1xxx_use_cxx11_abi_1._broadcast_coalesced.` This function is either a Python builtin (e.g. _warnings.warn) or a third-party C/C++ Python extension (perhaps created with pybind).
If it is a Python builtin, please file an issue on GitHub so the PyTorch team can add support for it and see the next case for a workaround.
If it is a third-party C/C++ Python extension, please either wrap it into a PyTorch-understood custom operator (see https://pytorch.org/tutorials/advanced/custom_ops_landing_page.html for more details) or, if it is traceable, use `torch.compiler.allow_in_graph`.
  torch._dynamo.utils.warn_once(explanation + "\n" + "\n".join(hints))
/usr/local/lib/python3.11/site-packages/torch/_dynamo/variables/functions.py:1598: UserWarning: Dynamo does not know how to trace the builtin `torch._C._distributed_c10d.pybind11_detail_function_record_v1_system_libstdcpp_gxx_abi_1xxx_use_cxx11_abi_1._broadcast_coalesced.` This function is either a Python builtin (e.g. _warnings.warn) or a third-party C/C++ Python extension (perhaps created with pybind).
If it is a Python builtin, please file an issue on GitHub so the PyTorch team can add support for it and see the next case for a workaround.
If it is a third-party C/C++ Python extension, please either wrap it into a PyTorch-understood custom operator (see https://pytorch.org/tutorials/advanced/custom_ops_landing_page.html for more details) or, if it is traceable, use `torch.compiler.allow_in_graph`.
  torch._dynamo.utils.warn_once(explanation + "\n" + "\n".join(hints))
/usr/local/lib/python3.11/site-packages/torch/_dynamo/variables/functions.py:1598: UserWarning: Dynamo does not know how to trace the builtin `torch._C._distributed_c10d.pybind11_detail_function_record_v1_system_libstdcpp_gxx_abi_1xxx_use_cxx11_abi_1._broadcast_coalesced.` This function is either a Python builtin (e.g. _warnings.warn) or a third-party C/C++ Python extension (perhaps created with pybind).
If it is a Python builtin, please file an issue on GitHub so the PyTorch team can add support for it and see the next case for a workaround.
If it is a third-party C/C++ Python extension, please either wrap it into a PyTorch-understood custom operator (see https://pytorch.org/tutorials/advanced/custom_ops_landing_page.html for more details) or, if it is traceable, use `torch.compiler.allow_in_graph`.
  torch._dynamo.utils.warn_once(explanation + "\n" + "\n".join(hints))
I0613 19:19:45.706665 140246155404480 spec.py:346] Evaluating on the validation split.
/usr/local/lib/python3.11/site-packages/torch/distributed/distributed_c10d.py:4876: UserWarning: barrier(): using the device under current context. You can specify `device_id` in `init_process_group` to mute this warning.
  warnings.warn(  # warn only once
/usr/local/lib/python3.11/multiprocessing/popen_fork.py:66: RuntimeWarning: os.fork() was called. os.fork() is incompatible with multithreaded code, and JAX is multithreaded, so this will likely lead to a deadlock.
  self.pid = os.fork()
/usr/local/lib/python3.11/multiprocessing/popen_fork.py:66: RuntimeWarning: os.fork() was called. os.fork() is incompatible with multithreaded code, and JAX is multithreaded, so this will likely lead to a deadlock.
  self.pid = os.fork()
/usr/local/lib/python3.11/multiprocessing/popen_fork.py:66: RuntimeWarning: os.fork() was called. os.fork() is incompatible with multithreaded code, and JAX is multithreaded, so this will likely lead to a deadlock.
  self.pid = os.fork()
/usr/local/lib/python3.11/multiprocessing/popen_fork.py:66: RuntimeWarning: os.fork() was called. os.fork() is incompatible with multithreaded code, and JAX is multithreaded, so this will likely lead to a deadlock.
  self.pid = os.fork()
I0613 19:21:20.354076 140246155404480 spec.py:363] Evaluating on the test split.
I0613 19:21:22.538008 140246155404480 dataset_info.py:707] Load dataset info from /data/imagenet/pytorch/imagenet_v2/matched-frequency/3.0.0
I0613 19:21:22.545722 140246155404480 reader.py:262] Creating a tf.data.Dataset reading 16 files located in folders: /data/imagenet/pytorch/imagenet_v2/matched-frequency/3.0.0.
I0613 19:21:22.642389 140246155404480 logging_logger.py:49] Constructing tf.data.Dataset imagenet_v2 for split test, from /data/imagenet/pytorch/imagenet_v2/matched-frequency/3.0.0
[rank1]:[E613 19:41:30.340127221 ProcessGroupNCCL.cpp:683] [Rank 1] Watchdog caught collective operation timeout: WorkNCCL(SeqNum=26, OpType=ALLREDUCE, NumelIn=1, NumelOut=1, Timeout(ms)=600000) ran for 600075 milliseconds before timing out.
[rank1]:[E613 19:41:30.482982262 ProcessGroupNCCL.cpp:2241] [PG ID 0 PG GUID 0(default_pg) Rank 1]  failure detected by watchdog at work sequence id: 26 PG status: last enqueued work: 27, last completed work: 25
[rank1]:[E613 19:41:30.483034918 ProcessGroupNCCL.cpp:730] Stack trace of the failed collective not found, potentially because FlightRecorder is disabled. You can enable it by setting TORCH_NCCL_TRACE_BUFFER_SIZE to a non-zero value.
[rank1]:[E613 19:41:30.483096931 ProcessGroupNCCL.cpp:2573] [PG ID 0 PG GUID 0(default_pg) Rank 1] First PG on this rank to signal dumping.
[rank1]:[E613 19:41:30.659505603 ProcessGroupNCCL.cpp:1858] [PG ID 0 PG GUID 0(default_pg) Rank 1] Received a dump signal due to a collective timeout from this local rank and we will try our best to dump the debug info. Last enqueued NCCL work: 27, last completed NCCL work: 25.This is most likely caused by incorrect usages of collectives, e.g., wrong sizes used across ranks, the order of collectives is not same for all ranks or the scheduled collective, for some reason, didn't run. Additionally, this can be caused by GIL deadlock or other reasons such as network errors or bugs in the communications library (e.g. NCCL), etc. 
[rank0]:[E613 19:41:30.659515806 ProcessGroupNCCL.cpp:1794] [PG ID 0 PG GUID 0(default_pg) Rank 0] Observed flight recorder dump signal from another rank via TCPStore.
[rank2]:[E613 19:41:30.659557676 ProcessGroupNCCL.cpp:1794] [PG ID 0 PG GUID 0(default_pg) Rank 2] Observed flight recorder dump signal from another rank via TCPStore.
[rank3]:[E613 19:41:30.659572571 ProcessGroupNCCL.cpp:1794] [PG ID 0 PG GUID 0(default_pg) Rank 3] Observed flight recorder dump signal from another rank via TCPStore.
[rank1]:[E613 19:41:30.677152863 ProcessGroupNCCL.cpp:1575] [PG ID 0 PG GUID 0(default_pg) Rank 1] ProcessGroupNCCL preparing to dump debug info. Include stack trace: 1
[rank3]:[E613 19:41:30.681694313 ProcessGroupNCCL.cpp:1858] [PG ID 0 PG GUID 0(default_pg) Rank 3] Received a dump signal due to a collective timeout from  rank 1 and we will try our best to dump the debug info. Last enqueued NCCL work: 27, last completed NCCL work: 25.This is most likely caused by incorrect usages of collectives, e.g., wrong sizes used across ranks, the order of collectives is not same for all ranks or the scheduled collective, for some reason, didn't run. Additionally, this can be caused by GIL deadlock or other reasons such as network errors or bugs in the communications library (e.g. NCCL), etc. 
[rank0]:[E613 19:41:30.681694888 ProcessGroupNCCL.cpp:1858] [PG ID 0 PG GUID 0(default_pg) Rank 0] Received a dump signal due to a collective timeout from  rank 1 and we will try our best to dump the debug info. Last enqueued NCCL work: 25, last completed NCCL work: 25.This is most likely caused by incorrect usages of collectives, e.g., wrong sizes used across ranks, the order of collectives is not same for all ranks or the scheduled collective, for some reason, didn't run. Additionally, this can be caused by GIL deadlock or other reasons such as network errors or bugs in the communications library (e.g. NCCL), etc. 
[rank2]:[E613 19:41:30.681713276 ProcessGroupNCCL.cpp:1858] [PG ID 0 PG GUID 0(default_pg) Rank 2] Received a dump signal due to a collective timeout from  rank 1 and we will try our best to dump the debug info. Last enqueued NCCL work: 27, last completed NCCL work: 25.This is most likely caused by incorrect usages of collectives, e.g., wrong sizes used across ranks, the order of collectives is not same for all ranks or the scheduled collective, for some reason, didn't run. Additionally, this can be caused by GIL deadlock or other reasons such as network errors or bugs in the communications library (e.g. NCCL), etc. 
[rank2]:[E613 19:41:30.681962509 ProcessGroupNCCL.cpp:1575] [PG ID 0 PG GUID 0(default_pg) Rank 2] ProcessGroupNCCL preparing to dump debug info. Include stack trace: 1
[rank3]:[E613 19:41:30.682000213 ProcessGroupNCCL.cpp:1575] [PG ID 0 PG GUID 0(default_pg) Rank 3] ProcessGroupNCCL preparing to dump debug info. Include stack trace: 1
[rank0]:[E613 19:41:38.712621599 ProcessGroupNCCL.cpp:1575] [PG ID 0 PG GUID 0(default_pg) Rank 0] ProcessGroupNCCL preparing to dump debug info. Include stack trace: 1
[rank1]:[E613 19:42:30.011397069 ProcessGroupNCCL.cpp:744] [Rank 1] Some NCCL operations have failed or timed out. Due to the asynchronous nature of CUDA kernels, subsequent GPU operations might run on corrupted/incomplete data.
[rank1]:[E613 19:42:30.011485404 ProcessGroupNCCL.cpp:758] [Rank 1] To avoid data inconsistency, we are taking the entire process down.
[rank1]:[E613 19:42:30.198143802 ProcessGroupNCCL.cpp:2057] [PG ID 0 PG GUID 0(default_pg) Rank 1] Process group watchdog thread terminated with exception: [Rank 1] Watchdog caught collective operation timeout: WorkNCCL(SeqNum=26, OpType=ALLREDUCE, NumelIn=1, NumelOut=1, Timeout(ms)=600000) ran for 600075 milliseconds before timing out.
Exception raised from checkTimeout at /pytorch/torch/csrc/distributed/c10d/ProcessGroupNCCL.cpp:686 (most recent call first):
frame #0: c10::Error::Error(c10::SourceLocation, std::__cxx11::basic_string<char, std::char_traits<char>, std::allocator<char> >) + 0x80 (0x7f615afc8b80 in /usr/local/lib/python3.11/site-packages/torch/lib/libc10.so)
frame #1: c10d::ProcessGroupNCCL::WorkNCCL::checkTimeout(std::optional<std::chrono::duration<long, std::ratio<1l, 1000l> > >) + 0x247 (0x7f615bf4e407 in /usr/local/lib/python3.11/site-packages/torch/lib/libtorch_cuda.so)
frame #2: c10d::ProcessGroupNCCL::Watchdog::runLoop() + 0x1691 (0x7f615bf53011 in /usr/local/lib/python3.11/site-packages/torch/lib/libtorch_cuda.so)
frame #3: c10d::ProcessGroupNCCL::Watchdog::run() + 0xdf (0x7f615bf5425f in /usr/local/lib/python3.11/site-packages/torch/lib/libtorch_cuda.so)
frame #4: <unknown function> + 0xd6df4 (0x7f6231fccdf4 in /usr/lib/x86_64-linux-gnu/libstdc++.so.6)
frame #5: <unknown function> + 0x8609 (0x7f6232a90609 in /usr/lib/x86_64-linux-gnu/libpthread.so.0)
frame #6: clone + 0x43 (0x7f623285b353 in /usr/lib/x86_64-linux-gnu/libc.so.6)

terminate called after throwing an instance of 'c10::DistBackendError'
  what():  [PG ID 0 PG GUID 0(default_pg) Rank 1] Process group watchdog thread terminated with exception: [Rank 1] Watchdog caught collective operation timeout: WorkNCCL(SeqNum=26, OpType=ALLREDUCE, NumelIn=1, NumelOut=1, Timeout(ms)=600000) ran for 600075 milliseconds before timing out.
Exception raised from checkTimeout at /pytorch/torch/csrc/distributed/c10d/ProcessGroupNCCL.cpp:686 (most recent call first):
frame #0: c10::Error::Error(c10::SourceLocation, std::__cxx11::basic_string<char, std::char_traits<char>, std::allocator<char> >) + 0x80 (0x7f615afc8b80 in /usr/local/lib/python3.11/site-packages/torch/lib/libc10.so)
frame #1: c10d::ProcessGroupNCCL::WorkNCCL::checkTimeout(std::optional<std::chrono::duration<long, std::ratio<1l, 1000l> > >) + 0x247 (0x7f615bf4e407 in /usr/local/lib/python3.11/site-packages/torch/lib/libtorch_cuda.so)
frame #2: c10d::ProcessGroupNCCL::Watchdog::runLoop() + 0x1691 (0x7f615bf53011 in /usr/local/lib/python3.11/site-packages/torch/lib/libtorch_cuda.so)
frame #3: c10d::ProcessGroupNCCL::Watchdog::run() + 0xdf (0x7f615bf5425f in /usr/local/lib/python3.11/site-packages/torch/lib/libtorch_cuda.so)
frame #4: <unknown function> + 0xd6df4 (0x7f6231fccdf4 in /usr/lib/x86_64-linux-gnu/libstdc++.so.6)
frame #5: <unknown function> + 0x8609 (0x7f6232a90609 in /usr/lib/x86_64-linux-gnu/libpthread.so.0)
frame #6: clone + 0x43 (0x7f623285b353 in /usr/lib/x86_64-linux-gnu/libc.so.6)

Exception raised from run at /pytorch/torch/csrc/distributed/c10d/ProcessGroupNCCL.cpp:2063 (most recent call first):
frame #0: c10::Error::Error(c10::SourceLocation, std::__cxx11::basic_string<char, std::char_traits<char>, std::allocator<char> >) + 0x80 (0x7f615afc8b80 in /usr/local/lib/python3.11/site-packages/torch/lib/libc10.so)
frame #1: <unknown function> + 0xe336d1 (0x7f615bf2a6d1 in /usr/local/lib/python3.11/site-packages/torch/lib/libtorch_cuda.so)
frame #2: <unknown function> + 0x95044f (0x7f615ba4744f in /usr/local/lib/python3.11/site-packages/torch/lib/libtorch_cuda.so)
frame #3: <unknown function> + 0xd6df4 (0x7f6231fccdf4 in /usr/lib/x86_64-linux-gnu/libstdc++.so.6)
frame #4: <unknown function> + 0x8609 (0x7f6232a90609 in /usr/lib/x86_64-linux-gnu/libpthread.so.0)
frame #5: clone + 0x43 (0x7f623285b353 in /usr/lib/x86_64-linux-gnu/libc.so.6)

Fatal Python error: Aborted

Thread 0x00007f5e8f7fe700 (most recent call first):
  <no Python frame>

Thread 0x00007f5e8ffff700 (most recent call first):
  <no Python frame>

Thread 0x00007f5ea4ff9700 (most recent call first):
  <no Python frame>

Thread 0x00007f5ea57fa700 (most recent call first):
  <no Python frame>

Thread 0x00007f5ea5ffb700 (most recent call first):
  File "/usr/local/lib/python3.11/site-packages/torch/_inductor/compile_worker/subproc_pool.py", line 73 in _recv_msg
  File "/usr/local/lib/python3.11/site-packages/torch/_inductor/compile_worker/subproc_pool.py", line 228 in _read_thread
  File "/usr/local/lib/python3.11/threading.py", line 982 in run
  File "/usr/local/lib/python3.11/threading.py", line 1045 in _bootstrap_inner
  File "/usr/local/lib/python3.11/threading.py", line 1002 in _bootstrap

Thread 0x00007f5ea67fc700 (most recent call first):
  File "/usr/local/lib/python3.11/threading.py", line 331 in wait
  File "/usr/local/lib/python3.11/threading.py", line 629 in wait
  File "/usr/local/lib/python3.11/site-packages/tqdm/_monitor.py", line 60 in run
  File "/usr/local/lib/python3.11/threading.py", line 1045 in _bootstrap_inner
  File "/usr/local/lib/python3.11/threading.py", line 1002 in _bootstrap

Thread 0x00007f5ea6ffd700 (most recent call first):
  File "/usr/local/lib/python3.11/threading.py", line 327 in wait
  File "/usr/local/lib/python3.11/multiprocessing/queues.py", line 231 in _feed
  File "/usr/local/lib/python3.11/threading.py", line 982 in run
  File "/usr/local/lib/python3.11/threading.py", line 1045 in _bootstrap_inner
  File "/usr/local/lib/python3.11/threading.py", line 1002 in _bootstrap

Thread 0x00007f5ea77fe700 (most recent call first):
  File "/usr/local/lib/python3.11/threading.py", line 327 in wait
  File "/usr/local/lib/python3.11/multiprocessing/queues.py", line 231 in _feed
  File "/usr/local/lib/python3.11/threading.py", line 982 in run
  File "/usr/local/lib/python3.11/threading.py", line 1045 in _bootstrap_inner
  File "/usr/local/lib/python3.11/threading.py", line 1002 in _bootstrap

Thread 0x00007f5ea7fff700 (most recent call first):
  File "/usr/local/lib/python3.11/threading.py", line 327 in wait
  File "/usr/local/lib/python3.11/multiprocessing/queues.py", line 231 in _feed
  File "/usr/local/lib/python3.11/threading.py", line 982 in run
  File "/usr/local/lib/python3.11/threading.py", line 1045 in _bootstrap_inner
  File "/usr/local/lib/python3.11/threading.py", line 1002 in _bootstrap

Thread 0x00007f5ec4ff9700 (most recent call first):
  File "/usr/local/lib/python3.11/threading.py", line 327 in wait
  File "/usr/local/lib/python3.11/multiprocessing/queues.py", line 231 in _feed
  File "/usr/local/lib/python3.11/threading.py", line 982 in run
  File "/usr/local/lib/python3.11/threading.py", line 1045 in _bootstrap_inner
  File "/usr/local/lib/python3.11/threading.py", line 1002 in _bootstrap

Thread 0x00007f5ec57fa700 (most recent call first):
  File "/usr/local/lib/python3.11/threading.py", line 327 in wait
  File "/usr/local/lib/python3.11/multiprocessing/queues.py", line 231 in _feed
  File "/usr/local/lib/python3.11/threading.py", line 982 in run
  File "/usr/local/lib/python3.11/threading.py", line 1045 in _bootstrap_inner
  File "/usr/local/lib/python3.11/threading.py", line 1002 in _bootstrap

Thread 0x00007f5ec5ffb700 (most recent call first):
  File "/usr/local/lib/python3.11/threading.py", line 327 in wait
  File "/usr/local/lib/python3.11/multiprocessing/queues.py", line 231 in _feed
  File "/usr/local/lib/python3.11/threading.py", line 982 in run
  File "/usr/local/lib/python3.11/threading.py", line 1045 in _bootstrap_inner
  File "/usr/local/lib/python3.11/threading.py", line 1002 in _bootstrap

Thread 0x00007f5ec67fc700 (most recent call first):
  File "/usr/local/lib/python3.11/threading.py", line 327 in wait
  File "/usr/local/lib/python3.11/multiprocessing/queues.py", line 231 in _feed
  File "/usr/local/lib/python3.11/threading.py", line 982 in run
  File "/usr/local/lib/python3.11/threading.py", line 1045 in _bootstrap_inner
  File "/usr/local/lib/python3.11/threading.py", line 1002 in _bootstrap

Thread 0x00007f5ec6ffd700 (most recent call first):
  File "/usr/local/lib/python3.11/threading.py", line 327 in wait
  File "/usr/local/lib/python3.11/multiprocessing/queues.py", line 231 in _feed
  File "/usr/local/lib/python3.11/threading.py", line 982 in run
  File "/usr/local/lib/python3.11/threading.py", line 1045 in _bootstrap_inner
  File "/usr/local/lib/python3.11/threading.py", line 1002 in _bootstrap

Thread 0x00007f5ec77fe700 (most recent call first):
  File "/usr/local/lib/python3.11/threading.py", line 327 in wait
  File "/usr/local/lib/python3.11/multiprocessing/queues.py", line 231 in _feed
  File "/usr/local/lib/python3.11/threading.py", line 982 in run
  File "/usr/local/lib/python3.11/threading.py", line 1045 in _bootstrap_inner
  File "/usr/local/lib/python3.11/threading.py", line 1002 in _bootstrap

Thread 0x00007f5ec7fff700 (most recent call first):
  File "/usr/local/lib/python3.11/threading.py", line 327 in wait
  File "/usr/local/lib/python3.11/multiprocessing/queues.py", line 231 in _feed
  File "/usr/local/lib/python3.11/threading.py", line 982 in run
  File "/usr/local/lib/python3.11/threading.py", line 1045 in _bootstrap_inner
  File "/usr/local/lib/python3.11/threading.py", line 1002 in _bootstrap

Thread 0x00007f5ee8ff9700 (most recent call first):
  File "/usr/local/lib/python3.11/threading.py", line 327 in wait
  File "/usr/local/lib/python3.11/multiprocessing/queues.py", line 231 in _feed
  File "/usr/local/lib/python3.11/threading.py", line 982 in run
  File "/usr/local/lib/python3.11/threading.py", line 1045 in _bootstrap_inner
  File "/usr/local/lib/python3.11/threading.py", line 1002 in _bootstrap

Thread 0x00007f5ee97fa700 (most recent call first):
  File "/usr/local/lib/python3.11/threading.py", line 327 in wait
  File "/usr/local/lib/python3.11/multiprocessing/queues.py", line 231 in _feed
  File "/usr/local/lib/python3.11/threading.py", line 982 in run
  File "/usr/local/lib/python3.11/threading.py", line 1045 in _bootstrap_inner
  File "/usr/local/lib/python3.11/threading.py", line 1002 in _bootstrap

Thread 0x00007f5ee9ffb700 (most recent call first):
  File "/usr/local/lib/python3.11/threading.py", line 327 in wait
  File "/usr/local/lib/python3.11/multiprocessing/queues.py", line 231 in _feed
  File "/usr/local/lib/python3.11/threading.py", line 982 in run
  File "/usr/local/lib/python3.11/threading.py", line 1045 in _bootstrap_inner
  File "/usr/local/lib/python3.11/threading.py", line 1002 in _bootstrap

Thread 0x00007f5eea7fc700 (most recent call first):
  File "/usr/local/lib/python3.11/threading.py", line 327 in wait
  File "/usr/local/lib/python3.11/multiprocessing/queues.py", line 231 in _feed
  File "/usr/local/lib/python3.11/threading.py", line 982 in run
  File "/usr/local/lib/python3.11/threading.py", line 1045 in _bootstrap_inner
  File "/usr/local/lib/python3.11/threading.py", line 1002 in _bootstrap

Thread 0x00007f5eeaffd700 (most recent call first):
  File "/usr/local/lib/python3.11/threading.py", line 327 in wait
  File "/usr/local/lib/python3.11/multiprocessing/queues.py", line 231 in _feed
  File "/usr/local/lib/python3.11/threading.py", line 982 in run
  File "/usr/local/lib/python3.11/threading.py", line 1045 in _bootstrap_inner
  File "/usr/local/lib/python3.11/threading.py", line 1002 in _bootstrap

Thread 0x00007f5eeb7fe700 (most recent call first):
  File "/usr/local/lib/python3.11/threading.py", line 327 in wait
  File "/usr/local/lib/python3.11/multiprocessing/queues.py", line 231 in _feed
  File "/usr/local/lib/python3.11/threading.py", line 982 in run
  File "/usr/local/lib/python3.11/threading.py", line 1045 in _bootstrap_inner
  File "/usr/local/lib/python3.11/threading.py", line 1002 in _bootstrap

Thread 0x00007f5eebfff700 (most recent call first):
  File "/usr/local/lib/python3.11/threading.py", line 327 in wait
  File "/usr/local/lib/python3.11/multiprocessing/queues.py", line 231 in _feed
  File "/usr/local/lib/python3.11/threading.py", line 982 in run
  File "/usr/local/lib/python3.11/threading.py", line 1045 in _bootstrap_inner
  File "/usr/local/lib/python3.11/threading.py", line 1002 in _bootstrap

Thread 0x00007f5ef8ffd700 (most recent call first):
  File "/usr/local/lib/python3.11/threading.py", line 327 in wait
  File "/usr/local/lib/python3.11/multiprocessing/queues.py", line 231 in _feed
  File "/usr/local/lib/python3.11/threading.py", line 982 in run
  File "/usr/local/lib/python3.11/threading.py", line 1045 in _bootstrap_inner
  File "/usr/local/lib/python3.11/threading.py", line 1002 in _bootstrap

Thread 0x00007f5ef97fe700 (most recent call first):
  File "/usr/local/lib/python3.11/threading.py", line 327 in wait
  File "/usr/local/lib/python3.11/multiprocessing/queues.py", line 231 in _feed
  File "/usr/local/lib/python3.11/threading.py", line 982 in run
  File "/usr/local/lib/python3.11/threading.py", line 1045 in _bootstrap_inner
  File "/usr/local/lib/python3.11/threading.py", line 1002 in _bootstrap

Thread 0x00007f5ef9fff700 (most recent call first):
  File "/usr/local/lib/python3.11/threading.py", line 327 in wait
  File "/usr/local/lib/python3.11/multiprocessing/queues.py", line 231 in _feed
  File "/usr/local/lib/python3.11/threading.py", line 982 in run
  File "/usr/local/lib/python3.11/threading.py", line 1045 in _bootstrap_inner
  File "/usr/local/lib/python3.11/threading.py", line 1002 in _bootstrap

Thread 0x00007f5f18b99700 (most recent call first):
  File "/usr/local/lib/python3.11/selectors.py", line 415 in select
  File "/usr/local/lib/python3.11/multiprocessing/connection.py", line 948 in wait
  File "/usr/local/lib/python3.11/multiprocessing/connection.py", line 440 in _poll
  File "/usr/local/lib/python3.11/multiprocessing/connection.py", line 257 in poll
  File "/usr/local/lib/python3.11/multiprocessing/queues.py", line 113 in get
  File "/usr/local/lib/python3.11/site-packages/torch/utils/data/_utils/pin_memory.py", line 28 in do_one_step
  File "/usr/local/lib/python3.11/site-packages/torch/utils/data/_utils/pin_memory.py", line 52 in _pin_memory_loop
  File "/usr/local/lib/python3.11/threading.py", line 982 in run
  File "/usr/local/lib/python3.11/threading.py", line 1045 in _bootstrap_inner
  File "/usr/local/lib/python3.11/threading.py", line 1002 in _bootstrap

Thread 0x00007f623273b4c0 (most recent call first):
  File "/usr/local/lib/python3.11/site-packages/torch/distributed/distributed_c10d.py", line 2935 in all_reduce
  File "/usr/local/lib/python3.11/site-packages/torch/distributed/c10d_logger.py", line 81 in wrapper
  File "/algorithmic-efficiency/algoperf/pytorch_utils.py", line 65 in sync_ddp_time
  File "/algorithmic-efficiency/submission_runner.py", line 201 in _get_time_ddp
  File "/algorithmic-efficiency/submission_runner.py", line 491 in train_once
  File "/algorithmic-efficiency/submission_runner.py", line 747 in score_submission_on_workload
  File "/algorithmic-efficiency/submission_runner.py", line 838 in main
  File "/usr/local/lib/python3.11/site-packages/absl/app.py", line 254 in _run_main
  File "/usr/local/lib/python3.11/site-packages/absl/app.py", line 308 in run
  File "/algorithmic-efficiency/submission_runner.py", line 873 in <module>

Extension modules: jaxlib.cpu_feature_guard, numpy._core._multiarray_umath, numpy.linalg._umath_linalg, numpy.random._common, numpy.random.bit_generator, numpy.random._bounded_integers, numpy.random._mt19937, numpy.random.mtrand, numpy.random._philox, numpy.random._pcg64, numpy.random._sfc64, numpy.random._generator, google._upb._message, charset_normalizer.md, charset_normalizer.cd, simplejson._speedups, requests.packages.charset_normalizer.md, requests.packages.chardet.md, requests.packages.charset_normalizer.cd, requests.packages.chardet.cd, h5py._errors, h5py.defs, h5py._objects, h5py.h5, h5py.utils, h5py.h5t, h5py.h5s, h5py.h5ac, h5py.h5p, h5py.h5r, h5py._proxy, h5py._conv, h5py.h5z, h5py.h5a, h5py.h5d, h5py.h5ds, h5py.h5g, h5py.h5i, h5py.h5o, h5py.h5f, h5py.h5fd, h5py.h5pl, h5py.h5l, h5py._selector, _cyutility, scipy._cyutility, scipy._lib._ccallback_c, scipy.sparse._sparsetools, _csparsetools, scipy.sparse._csparsetools, PIL._imaging, psutil._psutil_linux, psutil._psutil_posix, pyarrow.lib, pandas._libs._cyutility, pandas._libs.tslibs.ccalendar, pandas._libs.tslibs.np_datetime, pandas._libs.tslibs.dtypes, pandas._libs.tslibs.base, pandas._libs.tslibs.nattype, pandas._libs.tslibs.timezones, pandas._libs.properties, pandas._libs.tslibs.fields, pandas._libs.tslibs.timedeltas, pandas._libs.tslibs.tzconversion, pandas._libs.tslibs.timestamps, pandas._libs.tslibs.offsets, pandas._libs.tslibs.strptime, pandas._libs.tslibs.parsing, pandas._libs.tslibs.conversion, pandas._libs.tslibs.period, pandas._libs.tslibs.vectorized, pandas._libs.ops_dispatch, pandas._libs.missing, pandas._libs.hashtable, pandas._libs.algos, pandas._libs.interval, pandas._libs.lib, pyarrow._compute, pandas._libs.ops, pandas._libs.hashing, pandas._libs.arrays, pandas._libs.tslib, pandas._libs.sparse, pandas._libs.internals, pandas._libs.indexing, pandas._libs.index, pandas._libs.writers, pandas._libs.join, pandas._libs.window.aggregations, pandas._libs.window.indexers, pandas._libs.reshape, pandas._libs.groupby, pandas._libs.json, pandas._libs.parsers, pandas._libs.testing, kiwisolver._cext, sklearn.__check_build._check_build, scipy.special._ufuncs_cxx, scipy.special._ellip_harm_2, scipy.special._special_ufuncs, scipy.special._gufuncs, scipy.special._ufuncs, scipy.special._specfun, scipy.special._comb, scipy.linalg._fblas, scipy.linalg._flapack, scipy.linalg.cython_lapack, scipy.linalg._cythonized_array_utils, scipy.linalg._solve_toeplitz, scipy.linalg._batched_linalg, scipy.linalg._decomp_lu_cython, scipy.linalg._matfuncs_schur_sqrtm, scipy.linalg._matfuncs_expm, scipy.linalg._linalg_pythran, scipy.linalg.cython_blas, scipy.linalg._decomp_update, scipy.sparse.linalg._dsolve._superlu, scipy.sparse.linalg._eigen.arpack._arpacklib, scipy.sparse.linalg._propack, scipy.spatial._ckdtree, scipy._lib.messagestream, scipy.spatial._qhull, scipy.spatial._voronoi, scipy.spatial._hausdorff, scipy.spatial._distance_wrap, scipy.spatial.transform._rotation_cy, scipy.spatial.transform._rigid_transform_cy, scipy.optimize._group_columns, scipy.optimize._trlib._trlib, scipy.optimize._lbfgsb, _moduleTNC, scipy.optimize._moduleTNC, scipy.optimize._slsqplib, scipy.optimize._minpack, scipy.optimize._lsq.givens_elimination, scipy.optimize._zeros, scipy._lib._uarray._uarray, scipy.linalg._decomp_interpolative, scipy.optimize._bglu_dense, scipy.optimize._lsap, scipy.optimize._direct, scipy.integrate._odepack, scipy.integrate._quadpack, scipy.integrate._vode, scipy.integrate._dop, scipy.interpolate._fitpack, scipy.interpolate._dfitpack, scipy.interpolate._dierckx, scipy.interpolate._ppoly, scipy.interpolate._interpnd, scipy.interpolate._rbfinterp_pythran, scipy.interpolate._rgi_cython, scipy.special.cython_special, scipy.stats._stats, scipy.stats._biasedurn, scipy.stats._stats_pythran, scipy.stats._levy_stable.levyst, scipy.stats._ansari_swilk_statistics, scipy.sparse.csgraph._tools, scipy.sparse.csgraph._shortest_path, scipy.sparse.csgraph._traversal, scipy.sparse.csgraph._min_spanning_tree, scipy.sparse.csgraph._flow, scipy.sparse.csgraph._matching, scipy.sparse.csgraph._reordering, scipy.stats._sobol, scipy.stats._qmc_cy, scipy.stats._rcont.rcont, scipy.stats._qmvnt_cy, scipy.ndimage._nd_image, scipy.ndimage._rank_filter_1d, _ni_label, scipy.ndimage._ni_label, sklearn.utils._isfinite, sklearn.utils.sparsefuncs_fast, sklearn.utils.murmurhash, sklearn.utils._openmp_helpers, torch._C, torch._C._dynamo.autograd_compiler, torch._C._dynamo.eval_frame, torch._C._dynamo.guards, torch._C._dynamo.utils, torch._C._fft, torch._C._linalg, torch._C._nested, torch._C._nn, torch._C._sparse, torch._C._special, uvloop.loop, msgpack._cmsgpack, yaml._yaml, PIL._imagingft, markupsafe._speedups, cuda_utils (total: 195)
[rank3]:[E613 19:43:58.641088500 ProcessGroupNCCL.cpp:683] [Rank 3] Watchdog caught collective operation timeout: WorkNCCL(SeqNum=27, OpType=ALLREDUCE, NumelIn=1, NumelOut=1, Timeout(ms)=600000) ran for 600067 milliseconds before timing out.
[rank3]:[E613 19:43:58.641671155 ProcessGroupNCCL.cpp:2241] [PG ID 0 PG GUID 0(default_pg) Rank 3]  failure detected by watchdog at work sequence id: 27 PG status: last enqueued work: 27, last completed work: 26
[rank3]:[E613 19:43:58.641688070 ProcessGroupNCCL.cpp:730] Stack trace of the failed collective not found, potentially because FlightRecorder is disabled. You can enable it by setting TORCH_NCCL_TRACE_BUFFER_SIZE to a non-zero value.
W0613 19:44:44.552000 9 site-packages/torch/distributed/elastic/multiprocessing/api.py:908] Sending process 38 closing signal SIGTERM
W0613 19:44:44.593000 9 site-packages/torch/distributed/elastic/multiprocessing/api.py:908] Sending process 40 closing signal SIGTERM
W0613 19:44:44.623000 9 site-packages/torch/distributed/elastic/multiprocessing/api.py:908] Sending process 41 closing signal SIGTERM
E0613 19:44:44.710000 9 site-packages/torch/distributed/elastic/multiprocessing/api.py:882] failed (exitcode: -6) local_rank: 1 (pid: 39) of binary: /usr/local/bin/python3.11
Traceback (most recent call last):
  File "/usr/local/bin/torchrun", line 6, in <module>
    sys.exit(main())
             ^^^^^^
  File "/usr/local/lib/python3.11/site-packages/torch/distributed/elastic/multiprocessing/errors/__init__.py", line 357, in wrapper
    return f(*args, **kwargs)
           ^^^^^^^^^^^^^^^^^^
  File "/usr/local/lib/python3.11/site-packages/torch/distributed/run.py", line 936, in main
    run(args)
  File "/usr/local/lib/python3.11/site-packages/torch/distributed/run.py", line 927, in run
    elastic_launch(
  File "/usr/local/lib/python3.11/site-packages/torch/distributed/launcher/api.py", line 156, in __call__
    return launch_agent(self._config, self._entrypoint, list(args))
           ^^^^^^^^^^^^^^^^^^^^^^^^^^^^^^^^^^^^^^^^^^^^^^^^^^^^^^^^
  File "/usr/local/lib/python3.11/site-packages/torch/distributed/launcher/api.py", line 293, in launch_agent
    raise ChildFailedError(
torch.distributed.elastic.multiprocessing.errors.ChildFailedError: 
===================================================
submission_runner.py FAILED
---------------------------------------------------
Failures:
  <NO_OTHER_FAILURES>
---------------------------------------------------
Root Cause (first observed failure):
[0]:
  time      : 2026-06-13_19:44:44
  host      : 5b23be9043e7
  rank      : 1 (local_rank: 1)
  exitcode  : -6 (pid: 39)
  error_file: <N/A>
  traceback : Signal 6 (SIGABRT) received by PID 39
===================================================
