torchrun --redirects 1:0,2:0,3:0 --standalone --nnodes=1 --nproc_per_node=4 submission_runner.py --framework=pytorch --workload=imagenet_vit --submission_path=submissions_algorithms/submissions/self_tuning/schedule_free_adamw/submission.py --data_dir=/data/imagenet/pytorch --experiment_dir=/experiment_runs --experiment_name=submissions_a100/schedule_free_adamw/study_1 --overwrite=True --save_checkpoints=False --rng_seed=-1365561096 --imagenet_v2_data_dir=/data/imagenet/pytorch --torch_compile=true --tuning_ruleset=self 2>&1 | tee -a /logs/imagenet_vit_pytorch_04-23-2026-18-37-01.log
W0423 18:37:03.147000 9 site-packages/torch/distributed/run.py:803] 
W0423 18:37:03.147000 9 site-packages/torch/distributed/run.py:803] *****************************************
W0423 18:37:03.147000 9 site-packages/torch/distributed/run.py:803] Setting OMP_NUM_THREADS environment variable for each process to be 1 in default, to avoid your system being overloaded, please further tune the variable for optimal performance in your application as needed. 
W0423 18:37:03.147000 9 site-packages/torch/distributed/run.py:803] *****************************************
2026-04-23 18:37:04.934053: E external/local_xla/xla/stream_executor/cuda/cuda_fft.cc:467] Unable to register cuFFT factory: Attempting to register factory for plugin cuFFT when one has already been registered
2026-04-23 18:37:04.934060: E external/local_xla/xla/stream_executor/cuda/cuda_fft.cc:467] Unable to register cuFFT factory: Attempting to register factory for plugin cuFFT when one has already been registered
2026-04-23 18:37:04.934062: E external/local_xla/xla/stream_executor/cuda/cuda_fft.cc:467] Unable to register cuFFT factory: Attempting to register factory for plugin cuFFT when one has already been registered
2026-04-23 18:37:04.934058: E external/local_xla/xla/stream_executor/cuda/cuda_fft.cc:467] Unable to register cuFFT factory: Attempting to register factory for plugin cuFFT when one has already been registered
WARNING: All log messages before absl::InitializeLog() is called are written to STDERR
E0000 00:00:1776969424.954659      41 cuda_dnn.cc:8579] Unable to register cuDNN factory: Attempting to register factory for plugin cuDNN when one has already been registered
WARNING: All log messages before absl::InitializeLog() is called are written to STDERR
E0000 00:00:1776969424.954668      40 cuda_dnn.cc:8579] Unable to register cuDNN factory: Attempting to register factory for plugin cuDNN when one has already been registered
WARNING: All log messages before absl::InitializeLog() is called are written to STDERR
E0000 00:00:1776969424.954695      38 cuda_dnn.cc:8579] Unable to register cuDNN factory: Attempting to register factory for plugin cuDNN when one has already been registered
WARNING: All log messages before absl::InitializeLog() is called are written to STDERR
E0000 00:00:1776969424.955350      39 cuda_dnn.cc:8579] Unable to register cuDNN factory: Attempting to register factory for plugin cuDNN when one has already been registered
E0000 00:00:1776969424.961432      40 cuda_blas.cc:1407] Unable to register cuBLAS factory: Attempting to register factory for plugin cuBLAS when one has already been registered
E0000 00:00:1776969424.961432      38 cuda_blas.cc:1407] Unable to register cuBLAS factory: Attempting to register factory for plugin cuBLAS when one has already been registered
E0000 00:00:1776969424.961440      41 cuda_blas.cc:1407] Unable to register cuBLAS factory: Attempting to register factory for plugin cuBLAS when one has already been registered
E0000 00:00:1776969424.962276      39 cuda_blas.cc:1407] Unable to register cuBLAS factory: Attempting to register factory for plugin cuBLAS when one has already been registered
W0000 00:00:1776969424.978416      41 computation_placer.cc:177] computation placer already registered. Please check linkage and avoid linking the same target more than once.
W0000 00:00:1776969424.978416      40 computation_placer.cc:177] computation placer already registered. Please check linkage and avoid linking the same target more than once.
W0000 00:00:1776969424.978438      40 computation_placer.cc:177] computation placer already registered. Please check linkage and avoid linking the same target more than once.
W0000 00:00:1776969424.978440      40 computation_placer.cc:177] computation placer already registered. Please check linkage and avoid linking the same target more than once.
W0000 00:00:1776969424.978442      40 computation_placer.cc:177] computation placer already registered. Please check linkage and avoid linking the same target more than once.
W0000 00:00:1776969424.978442      41 computation_placer.cc:177] computation placer already registered. Please check linkage and avoid linking the same target more than once.
W0000 00:00:1776969424.978444      41 computation_placer.cc:177] computation placer already registered. Please check linkage and avoid linking the same target more than once.
W0000 00:00:1776969424.978446      41 computation_placer.cc:177] computation placer already registered. Please check linkage and avoid linking the same target more than once.
W0000 00:00:1776969424.978442      38 computation_placer.cc:177] computation placer already registered. Please check linkage and avoid linking the same target more than once.
W0000 00:00:1776969424.978462      38 computation_placer.cc:177] computation placer already registered. Please check linkage and avoid linking the same target more than once.
W0000 00:00:1776969424.978464      38 computation_placer.cc:177] computation placer already registered. Please check linkage and avoid linking the same target more than once.
W0000 00:00:1776969424.978466      38 computation_placer.cc:177] computation placer already registered. Please check linkage and avoid linking the same target more than once.
W0000 00:00:1776969424.978633      39 computation_placer.cc:177] computation placer already registered. Please check linkage and avoid linking the same target more than once.
W0000 00:00:1776969424.978661      39 computation_placer.cc:177] computation placer already registered. Please check linkage and avoid linking the same target more than once.
W0000 00:00:1776969424.978664      39 computation_placer.cc:177] computation placer already registered. Please check linkage and avoid linking the same target more than once.
W0000 00:00:1776969424.978666      39 computation_placer.cc:177] computation placer already registered. Please check linkage and avoid linking the same target more than once.
W0000 00:00:1776969430.515266      38 gpu_device.cc:2341] Cannot dlopen some GPU libraries. Please make sure the missing libraries mentioned above are installed properly if you would like to use GPU. Follow the guide at https://www.tensorflow.org/install/gpu for how to download and setup the required libraries for your platform.
Skipping registering GPU devices...
W0000 00:00:1776969430.570593      39 gpu_device.cc:2341] Cannot dlopen some GPU libraries. Please make sure the missing libraries mentioned above are installed properly if you would like to use GPU. Follow the guide at https://www.tensorflow.org/install/gpu for how to download and setup the required libraries for your platform.
Skipping registering GPU devices...
W0000 00:00:1776969430.741258      40 gpu_device.cc:2341] Cannot dlopen some GPU libraries. Please make sure the missing libraries mentioned above are installed properly if you would like to use GPU. Follow the guide at https://www.tensorflow.org/install/gpu for how to download and setup the required libraries for your platform.
Skipping registering GPU devices...
W0000 00:00:1776969430.867671      41 gpu_device.cc:2341] Cannot dlopen some GPU libraries. Please make sure the missing libraries mentioned above are installed properly if you would like to use GPU. Follow the guide at https://www.tensorflow.org/install/gpu for how to download and setup the required libraries for your platform.
Skipping registering GPU devices...
/usr/local/lib/python3.11/site-packages/torch/__init__.py:1617: UserWarning: Please use the new API settings to control TF32 behavior, such as torch.backends.cudnn.conv.fp32_precision = 'tf32' or torch.backends.cuda.matmul.fp32_precision = 'ieee'. Old settings, e.g, torch.backends.cuda.matmul.allow_tf32 = True, torch.backends.cudnn.allow_tf32 = True, allowTF32CuDNN() and allowTF32CuBLAS() will be deprecated after Pytorch 2.9. Please see https://pytorch.org/docs/main/notes/cuda.html#tensorfloat-32-tf32-on-ampere-and-later-devices (Triggered internally at /pytorch/aten/src/ATen/Context.cpp:80.)
  _C._set_float32_matmul_precision(precision)
/usr/local/lib/python3.11/site-packages/torch/__init__.py:1617: UserWarning: Please use the new API settings to control TF32 behavior, such as torch.backends.cudnn.conv.fp32_precision = 'tf32' or torch.backends.cuda.matmul.fp32_precision = 'ieee'. Old settings, e.g, torch.backends.cuda.matmul.allow_tf32 = True, torch.backends.cudnn.allow_tf32 = True, allowTF32CuDNN() and allowTF32CuBLAS() will be deprecated after Pytorch 2.9. Please see https://pytorch.org/docs/main/notes/cuda.html#tensorfloat-32-tf32-on-ampere-and-later-devices (Triggered internally at /pytorch/aten/src/ATen/Context.cpp:80.)
  _C._set_float32_matmul_precision(precision)
/usr/local/lib/python3.11/site-packages/torch/__init__.py:1617: UserWarning: Please use the new API settings to control TF32 behavior, such as torch.backends.cudnn.conv.fp32_precision = 'tf32' or torch.backends.cuda.matmul.fp32_precision = 'ieee'. Old settings, e.g, torch.backends.cuda.matmul.allow_tf32 = True, torch.backends.cudnn.allow_tf32 = True, allowTF32CuDNN() and allowTF32CuBLAS() will be deprecated after Pytorch 2.9. Please see https://pytorch.org/docs/main/notes/cuda.html#tensorfloat-32-tf32-on-ampere-and-later-devices (Triggered internally at /pytorch/aten/src/ATen/Context.cpp:80.)
  _C._set_float32_matmul_precision(precision)
/usr/local/lib/python3.11/site-packages/torch/__init__.py:1617: UserWarning: Please use the new API settings to control TF32 behavior, such as torch.backends.cudnn.conv.fp32_precision = 'tf32' or torch.backends.cuda.matmul.fp32_precision = 'ieee'. Old settings, e.g, torch.backends.cuda.matmul.allow_tf32 = True, torch.backends.cudnn.allow_tf32 = True, allowTF32CuDNN() and allowTF32CuBLAS() will be deprecated after Pytorch 2.9. Please see https://pytorch.org/docs/main/notes/cuda.html#tensorfloat-32-tf32-on-ampere-and-later-devices (Triggered internally at /pytorch/aten/src/ATen/Context.cpp:80.)
  _C._set_float32_matmul_precision(precision)
/usr/local/lib/python3.11/site-packages/pydantic/_internal/_generate_schema.py:2249: UnsupportedFieldAttributeWarning: The 'repr' attribute with value False was provided to the `Field()` function, which has no effect in the context it was used. 'repr' is field-specific metadata, and can only be attached to a model field using `Annotated` metadata or by assignment. This may have happened because an `Annotated` type alias using the `type` statement was used, or if the `Field()` function was attached to a single member of a union type.
  warnings.warn(
/usr/local/lib/python3.11/site-packages/pydantic/_internal/_generate_schema.py:2249: UnsupportedFieldAttributeWarning: The 'frozen' attribute with value True was provided to the `Field()` function, which has no effect in the context it was used. 'frozen' is field-specific metadata, and can only be attached to a model field using `Annotated` metadata or by assignment. This may have happened because an `Annotated` type alias using the `type` statement was used, or if the `Field()` function was attached to a single member of a union type.
  warnings.warn(
/usr/local/lib/python3.11/site-packages/pydantic/_internal/_generate_schema.py:2249: UnsupportedFieldAttributeWarning: The 'repr' attribute with value False was provided to the `Field()` function, which has no effect in the context it was used. 'repr' is field-specific metadata, and can only be attached to a model field using `Annotated` metadata or by assignment. This may have happened because an `Annotated` type alias using the `type` statement was used, or if the `Field()` function was attached to a single member of a union type.
  warnings.warn(
/usr/local/lib/python3.11/site-packages/pydantic/_internal/_generate_schema.py:2249: UnsupportedFieldAttributeWarning: The 'frozen' attribute with value True was provided to the `Field()` function, which has no effect in the context it was used. 'frozen' is field-specific metadata, and can only be attached to a model field using `Annotated` metadata or by assignment. This may have happened because an `Annotated` type alias using the `type` statement was used, or if the `Field()` function was attached to a single member of a union type.
  warnings.warn(
/usr/local/lib/python3.11/site-packages/pydantic/_internal/_generate_schema.py:2249: UnsupportedFieldAttributeWarning: The 'repr' attribute with value False was provided to the `Field()` function, which has no effect in the context it was used. 'repr' is field-specific metadata, and can only be attached to a model field using `Annotated` metadata or by assignment. This may have happened because an `Annotated` type alias using the `type` statement was used, or if the `Field()` function was attached to a single member of a union type.
  warnings.warn(
/usr/local/lib/python3.11/site-packages/pydantic/_internal/_generate_schema.py:2249: UnsupportedFieldAttributeWarning: The 'frozen' attribute with value True was provided to the `Field()` function, which has no effect in the context it was used. 'frozen' is field-specific metadata, and can only be attached to a model field using `Annotated` metadata or by assignment. This may have happened because an `Annotated` type alias using the `type` statement was used, or if the `Field()` function was attached to a single member of a union type.
  warnings.warn(
/usr/local/lib/python3.11/site-packages/pydantic/_internal/_generate_schema.py:2249: UnsupportedFieldAttributeWarning: The 'repr' attribute with value False was provided to the `Field()` function, which has no effect in the context it was used. 'repr' is field-specific metadata, and can only be attached to a model field using `Annotated` metadata or by assignment. This may have happened because an `Annotated` type alias using the `type` statement was used, or if the `Field()` function was attached to a single member of a union type.
  warnings.warn(
/usr/local/lib/python3.11/site-packages/pydantic/_internal/_generate_schema.py:2249: UnsupportedFieldAttributeWarning: The 'frozen' attribute with value True was provided to the `Field()` function, which has no effect in the context it was used. 'frozen' is field-specific metadata, and can only be attached to a model field using `Annotated` metadata or by assignment. This may have happened because an `Annotated` type alias using the `type` statement was used, or if the `Field()` function was attached to a single member of a union type.
  warnings.warn(
I0423 18:37:14.011667 140148379239616 logger_utils.py:59] Removing existing experiment directory /experiment_runs/submissions_a100/schedule_free_adamw/study_1/imagenet_vit_pytorch because --overwrite was set.
I0423 18:37:14.011665 140269351306432 logger_utils.py:59] Removing existing experiment directory /experiment_runs/submissions_a100/schedule_free_adamw/study_1/imagenet_vit_pytorch because --overwrite was set.
I0423 18:37:14.011667 139755403179200 logger_utils.py:59] Removing existing experiment directory /experiment_runs/submissions_a100/schedule_free_adamw/study_1/imagenet_vit_pytorch because --overwrite was set.
I0423 18:37:14.011672 139776479790272 logger_utils.py:59] Removing existing experiment directory /experiment_runs/submissions_a100/schedule_free_adamw/study_1/imagenet_vit_pytorch because --overwrite was set.
/usr/local/lib/python3.11/site-packages/torch/distributed/distributed_c10d.py:4876: UserWarning: barrier(): using the device under current context. You can specify `device_id` in `init_process_group` to mute this warning.
  warnings.warn(  # warn only once
[rank0]:[W423 18:37:14.530866696 ProcessGroupNCCL.cpp:5068] Guessing device ID based on global rank. This can cause a hang if rank to GPU mapping is heterogeneous. You can specify device_id in init_process_group()
I0423 18:37:14.795244 139755403179200 logger_utils.py:84] Creating experiment directory at /experiment_runs/submissions_a100/schedule_free_adamw/study_1/imagenet_vit_pytorch.
I0423 18:37:14.795245 139776479790272 logger_utils.py:84] Creating experiment directory at /experiment_runs/submissions_a100/schedule_free_adamw/study_1/imagenet_vit_pytorch.
I0423 18:37:14.795244 140269351306432 logger_utils.py:84] Creating experiment directory at /experiment_runs/submissions_a100/schedule_free_adamw/study_1/imagenet_vit_pytorch.
I0423 18:37:14.795263 140148379239616 logger_utils.py:84] Creating experiment directory at /experiment_runs/submissions_a100/schedule_free_adamw/study_1/imagenet_vit_pytorch.
I0423 18:37:14.850025 140269351306432 submission_runner.py:741] Creating directory at /experiment_runs/submissions_a100/schedule_free_adamw/study_1/imagenet_vit_pytorch/trial_1.
I0423 18:37:15.152495 140269351306432 submission_runner.py:242] Initializing dataset.
I0423 18:37:48.473958 140269351306432 submission_runner.py:251] Initializing model.
I0423 18:37:48.840577 140269351306432 submission_runner.py:290] Performing `torch.compile`.
I0423 18:37:49.908315 140269351306432 submission_runner.py:294] Initializing optimizer.
I0423 18:37:49.909148 140269351306432 submission_runner.py:299] Initializing metrics bundle.
I0423 18:37:49.909309 140269351306432 submission_runner.py:321] Initializing checkpoint and logger.
I0423 18:37:49.915606 140269351306432 submission_runner.py:344] Saving meta data to /experiment_runs/submissions_a100/schedule_free_adamw/study_1/imagenet_vit_pytorch/trial_1/meta_data_0.json.
I0423 18:37:50.196480 140269351306432 submission_runner.py:348] Saving flags to /experiment_runs/submissions_a100/schedule_free_adamw/study_1/imagenet_vit_pytorch/trial_1/flags_0.json.
I0423 18:37:50.234995 140269351306432 submission_runner.py:359] Starting training loop.
/usr/local/lib/python3.11/multiprocessing/popen_fork.py:66: RuntimeWarning: os.fork() was called. os.fork() is incompatible with multithreaded code, and JAX is multithreaded, so this will likely lead to a deadlock.
  self.pid = os.fork()
/usr/local/lib/python3.11/multiprocessing/popen_fork.py:66: RuntimeWarning: os.fork() was called. os.fork() is incompatible with multithreaded code, and JAX is multithreaded, so this will likely lead to a deadlock.
  self.pid = os.fork()
/usr/local/lib/python3.11/multiprocessing/popen_fork.py:66: RuntimeWarning: os.fork() was called. os.fork() is incompatible with multithreaded code, and JAX is multithreaded, so this will likely lead to a deadlock.
  self.pid = os.fork()
/usr/local/lib/python3.11/multiprocessing/popen_fork.py:66: RuntimeWarning: os.fork() was called. os.fork() is incompatible with multithreaded code, and JAX is multithreaded, so this will likely lead to a deadlock.
  self.pid = os.fork()
[rank0]:W0423 18:38:18.880000 38 site-packages/torch/_logging/_internal.py:1199] [0/0] Profiler function <class 'torch.autograd.profiler.record_function'> will be ignored
[rank2]:W0423 18:38:19.183000 40 site-packages/torch/_logging/_internal.py:1199] [0/0] Profiler function <class 'torch.autograd.profiler.record_function'> will be ignored
[rank3]:W0423 18:38:19.704000 41 site-packages/torch/_logging/_internal.py:1199] [0/0] Profiler function <class 'torch.autograd.profiler.record_function'> will be ignored
[rank1]:W0423 18:38:20.821000 39 site-packages/torch/_logging/_internal.py:1199] [0/0] Profiler function <class 'torch.autograd.profiler.record_function'> will be ignored
I0423 18:39:31.581775 140269351306432 spec.py:333] Evaluating on the training split.
/usr/local/lib/python3.11/site-packages/torch/distributed/distributed_c10d.py:4876: UserWarning: barrier(): using the device under current context. You can specify `device_id` in `init_process_group` to mute this warning.
  warnings.warn(  # warn only once
/usr/local/lib/python3.11/multiprocessing/popen_fork.py:66: RuntimeWarning: os.fork() was called. os.fork() is incompatible with multithreaded code, and JAX is multithreaded, so this will likely lead to a deadlock.
  self.pid = os.fork()
/usr/local/lib/python3.11/multiprocessing/popen_fork.py:66: RuntimeWarning: os.fork() was called. os.fork() is incompatible with multithreaded code, and JAX is multithreaded, so this will likely lead to a deadlock.
  self.pid = os.fork()
/usr/local/lib/python3.11/multiprocessing/popen_fork.py:66: RuntimeWarning: os.fork() was called. os.fork() is incompatible with multithreaded code, and JAX is multithreaded, so this will likely lead to a deadlock.
  self.pid = os.fork()
/usr/local/lib/python3.11/multiprocessing/popen_fork.py:66: RuntimeWarning: os.fork() was called. os.fork() is incompatible with multithreaded code, and JAX is multithreaded, so this will likely lead to a deadlock.
  self.pid = os.fork()
I0423 18:41:31.187766 140269351306432 spec.py:346] Evaluating on the validation split.
/usr/local/lib/python3.11/site-packages/torch/distributed/distributed_c10d.py:4876: UserWarning: barrier(): using the device under current context. You can specify `device_id` in `init_process_group` to mute this warning.
  warnings.warn(  # warn only once
/usr/local/lib/python3.11/multiprocessing/popen_fork.py:66: RuntimeWarning: os.fork() was called. os.fork() is incompatible with multithreaded code, and JAX is multithreaded, so this will likely lead to a deadlock.
  self.pid = os.fork()
/usr/local/lib/python3.11/multiprocessing/popen_fork.py:66: RuntimeWarning: os.fork() was called. os.fork() is incompatible with multithreaded code, and JAX is multithreaded, so this will likely lead to a deadlock.
  self.pid = os.fork()
/usr/local/lib/python3.11/multiprocessing/popen_fork.py:66: RuntimeWarning: os.fork() was called. os.fork() is incompatible with multithreaded code, and JAX is multithreaded, so this will likely lead to a deadlock.
  self.pid = os.fork()
/usr/local/lib/python3.11/multiprocessing/popen_fork.py:66: RuntimeWarning: os.fork() was called. os.fork() is incompatible with multithreaded code, and JAX is multithreaded, so this will likely lead to a deadlock.
  self.pid = os.fork()
I0423 18:42:39.564601 140269351306432 spec.py:363] Evaluating on the test split.
I0423 18:42:39.768385 140269351306432 dataset_info.py:707] Load dataset info from /data/imagenet/pytorch/imagenet_v2/matched-frequency/3.0.0
I0423 18:42:39.792890 140269351306432 reader.py:262] Creating a tf.data.Dataset reading 16 files located in folders: /data/imagenet/pytorch/imagenet_v2/matched-frequency/3.0.0.
I0423 18:42:39.858401 140269351306432 logging_logger.py:49] Constructing tf.data.Dataset imagenet_v2 for split test, from /data/imagenet/pytorch/imagenet_v2/matched-frequency/3.0.0
I0423 18:43:07.775895 140269351306432 submission_runner.py:516] Time since start: 317.54s, 	Step: 1, 	{'train/accuracy': 0.003203125, 'train/loss': 6.907750244140625, 'validation/accuracy': 0.00184, 'validation/loss': 6.90775375, 'validation/num_examples': 50000, 'test/accuracy': 0.0025, 'test/loss': 6.90775234375, 'test/num_examples': 10000, 'score': 100.73967742919922, 'total_duration': 317.5409805774689, 'accumulated_submission_time': 100.73967742919922, 'accumulated_eval_time': 216.1942207813263, 'accumulated_logging_time': 0}
I0423 18:43:07.809082 140227997857536 logging_writer.py:48] [1] accumulated_eval_time=216.194, accumulated_logging_time=0, accumulated_submission_time=100.74, global_step=1, preemption_count=0, score=100.74, test/accuracy=0.0025, test/loss=6.90775, test/num_examples=10000, total_duration=317.541, train/accuracy=0.00320312, train/loss=6.90775, validation/accuracy=0.00184, validation/loss=6.90775, validation/num_examples=50000
/usr/local/lib/python3.11/multiprocessing/popen_fork.py:66: RuntimeWarning: os.fork() was called. os.fork() is incompatible with multithreaded code, and JAX is multithreaded, so this will likely lead to a deadlock.
  self.pid = os.fork()
/usr/local/lib/python3.11/multiprocessing/popen_fork.py:66: RuntimeWarning: os.fork() was called. os.fork() is incompatible with multithreaded code, and JAX is multithreaded, so this will likely lead to a deadlock.
  self.pid = os.fork()
/usr/local/lib/python3.11/multiprocessing/popen_fork.py:66: RuntimeWarning: os.fork() was called. os.fork() is incompatible with multithreaded code, and JAX is multithreaded, so this will likely lead to a deadlock.
  self.pid = os.fork()
I0423 19:26:02.031546 140269351306432 spec.py:333] Evaluating on the training split.
/usr/local/lib/python3.11/multiprocessing/popen_fork.py:66: RuntimeWarning: os.fork() was called. os.fork() is incompatible with multithreaded code, and JAX is multithreaded, so this will likely lead to a deadlock.
  self.pid = os.fork()
I0423 19:27:22.790035 140269351306432 spec.py:346] Evaluating on the validation split.
I0423 19:28:24.728443 140269351306432 spec.py:363] Evaluating on the test split.
I0423 19:28:25.585241 140269351306432 submission_runner.py:516] Time since start: 3035.35s, 	Step: 2429, 	{'train/accuracy': 0.15203125, 'train/loss': 4.954869384765625, 'validation/accuracy': 0.1276, 'validation/loss': 5.1690475, 'validation/num_examples': 50000, 'test/accuracy': 0.1243, 'test/loss': 4.900074609375, 'test/num_examples': 10000, 'score': 2672.270813703537, 'total_duration': 3035.350346326828, 'accumulated_submission_time': 2672.270813703537, 'accumulated_eval_time': 359.74789023399353, 'accumulated_logging_time': 0.07083868980407715}
I0423 19:28:26.146721 140224281691904 logging_writer.py:48] [2429] accumulated_eval_time=359.748, accumulated_logging_time=0.0708387, accumulated_submission_time=2672.27, global_step=2429, preemption_count=0, score=2672.27, test/accuracy=0.1243, test/loss=4.90007, test/num_examples=10000, total_duration=3035.35, train/accuracy=0.152031, train/loss=4.95487, validation/accuracy=0.1276, validation/loss=5.16905, validation/num_examples=50000
I0423 20:11:18.018915 140269351306432 spec.py:333] Evaluating on the training split.
/usr/local/lib/python3.11/multiprocessing/popen_fork.py:66: RuntimeWarning: os.fork() was called. os.fork() is incompatible with multithreaded code, and JAX is multithreaded, so this will likely lead to a deadlock.
  self.pid = os.fork()
I0423 20:12:34.036370 140269351306432 spec.py:346] Evaluating on the validation split.
I0423 20:13:37.023183 140269351306432 spec.py:363] Evaluating on the test split.
I0423 20:13:37.853313 140269351306432 submission_runner.py:516] Time since start: 5747.62s, 	Step: 5816, 	{'train/accuracy': 0.33455078125, 'train/loss': 3.9215261840820315, 'validation/accuracy': 0.28054, 'validation/loss': 4.130060625, 'validation/num_examples': 50000, 'test/accuracy': 0.2806, 'test/loss': 3.66285078125, 'test/num_examples': 10000, 'score': 5240.422196388245, 'total_duration': 5747.61837220192, 'accumulated_submission_time': 5240.422196388245, 'accumulated_eval_time': 499.58229327201843, 'accumulated_logging_time': 0.6410713195800781}
I0423 20:13:38.374746 140224298477312 logging_writer.py:48] [5816] accumulated_eval_time=499.582, accumulated_logging_time=0.641071, accumulated_submission_time=5240.42, global_step=5816, preemption_count=0, score=5240.42, test/accuracy=0.2806, test/loss=3.66285, test/num_examples=10000, total_duration=5747.62, train/accuracy=0.334551, train/loss=3.92153, validation/accuracy=0.28054, validation/loss=4.13006, validation/num_examples=50000
I0423 20:56:30.272243 140269351306432 spec.py:333] Evaluating on the training split.
/usr/local/lib/python3.11/multiprocessing/popen_fork.py:66: RuntimeWarning: os.fork() was called. os.fork() is incompatible with multithreaded code, and JAX is multithreaded, so this will likely lead to a deadlock.
  self.pid = os.fork()
I0423 20:57:40.032412 140269351306432 spec.py:346] Evaluating on the validation split.
I0423 20:58:41.968437 140269351306432 spec.py:363] Evaluating on the test split.
I0423 20:58:42.813781 140269351306432 submission_runner.py:516] Time since start: 8452.58s, 	Step: 9226, 	{'train/accuracy': 0.44310546875, 'train/loss': 3.2585763549804687, 'validation/accuracy': 0.37484, 'validation/loss': 3.5438965625, 'validation/num_examples': 50000, 'test/accuracy': 0.3687, 'test/loss': 3.1236974609375, 'test/num_examples': 10000, 'score': 7808.068918228149, 'total_duration': 8452.578782558441, 'accumulated_submission_time': 7808.068918228149, 'accumulated_eval_time': 632.1238315105438, 'accumulated_logging_time': 1.8922460079193115}
I0423 20:58:43.497872 140248784803584 logging_writer.py:48] [9226] accumulated_eval_time=632.124, accumulated_logging_time=1.89225, accumulated_submission_time=7808.07, global_step=9226, preemption_count=0, score=7808.07, test/accuracy=0.3687, test/loss=3.1237, test/num_examples=10000, total_duration=8452.58, train/accuracy=0.443105, train/loss=3.25858, validation/accuracy=0.37484, validation/loss=3.5439, validation/num_examples=50000
I0423 21:41:41.004359 140269351306432 spec.py:333] Evaluating on the training split.
/usr/local/lib/python3.11/multiprocessing/popen_fork.py:66: RuntimeWarning: os.fork() was called. os.fork() is incompatible with multithreaded code, and JAX is multithreaded, so this will likely lead to a deadlock.
  self.pid = os.fork()
I0423 21:43:08.523142 140269351306432 spec.py:346] Evaluating on the validation split.
I0423 21:44:10.136794 140269351306432 spec.py:363] Evaluating on the test split.
I0423 21:44:10.987155 140269351306432 submission_runner.py:516] Time since start: 11180.75s, 	Step: 12382, 	{'train/accuracy': 0.4947265625, 'train/loss': 3.0361514282226563, 'validation/accuracy': 0.42716, 'validation/loss': 3.2456859375, 'validation/num_examples': 50000, 'test/accuracy': 0.4217, 'test/loss': 2.83891484375, 'test/num_examples': 10000, 'score': 10380.14596915245, 'total_duration': 11180.75222325325, 'accumulated_submission_time': 10380.14596915245, 'accumulated_eval_time': 782.1066451072693, 'accumulated_logging_time': 4.567793846130371}
I0423 21:44:12.571036 140248734447360 logging_writer.py:48] [12382] accumulated_eval_time=782.107, accumulated_logging_time=4.56779, accumulated_submission_time=10380.1, global_step=12382, preemption_count=0, score=10380.1, test/accuracy=0.4217, test/loss=2.83891, test/num_examples=10000, total_duration=11180.8, train/accuracy=0.494727, train/loss=3.03615, validation/accuracy=0.42716, validation/loss=3.24569, validation/num_examples=50000
I0423 22:27:03.670451 140269351306432 spec.py:333] Evaluating on the training split.
/usr/local/lib/python3.11/multiprocessing/popen_fork.py:66: RuntimeWarning: os.fork() was called. os.fork() is incompatible with multithreaded code, and JAX is multithreaded, so this will likely lead to a deadlock.
  self.pid = os.fork()
I0423 22:28:20.140457 140269351306432 spec.py:346] Evaluating on the validation split.
I0423 22:29:23.484982 140269351306432 spec.py:363] Evaluating on the test split.
I0423 22:29:24.322745 140269351306432 submission_runner.py:516] Time since start: 13894.09s, 	Step: 15719, 	{'train/accuracy': 0.5191796875, 'train/loss': 2.988020935058594, 'validation/accuracy': 0.46744, 'validation/loss': 3.0869275, 'validation/num_examples': 50000, 'test/accuracy': 0.4596, 'test/loss': 2.6243390625, 'test/num_examples': 10000, 'score': 12945.954310417175, 'total_duration': 13894.087829351425, 'accumulated_submission_time': 12945.954310417175, 'accumulated_eval_time': 922.7590749263763, 'accumulated_logging_time': 7.840757608413696}
I0423 22:29:25.727183 140248809981696 logging_writer.py:48] [15719] accumulated_eval_time=922.759, accumulated_logging_time=7.84076, accumulated_submission_time=12946, global_step=15719, preemption_count=0, score=12946, test/accuracy=0.4596, test/loss=2.62434, test/num_examples=10000, total_duration=13894.1, train/accuracy=0.51918, train/loss=2.98802, validation/accuracy=0.46744, validation/loss=3.08693, validation/num_examples=50000
I0423 23:12:18.065581 140269351306432 spec.py:333] Evaluating on the training split.
/usr/local/lib/python3.11/multiprocessing/popen_fork.py:66: RuntimeWarning: os.fork() was called. os.fork() is incompatible with multithreaded code, and JAX is multithreaded, so this will likely lead to a deadlock.
  self.pid = os.fork()
I0423 23:13:30.255552 140269351306432 spec.py:346] Evaluating on the validation split.
I0423 23:14:32.311501 140269351306432 spec.py:363] Evaluating on the test split.
I0423 23:14:33.231273 140269351306432 submission_runner.py:516] Time since start: 16603.00s, 	Step: 18970, 	{'train/accuracy': 0.57470703125, 'train/loss': 2.588431091308594, 'validation/accuracy': 0.4992, 'validation/loss': 2.88694625, 'validation/num_examples': 50000, 'test/accuracy': 0.4892, 'test/loss': 2.47565859375, 'test/num_examples': 10000, 'score': 15513.26101899147, 'total_duration': 16602.996302127838, 'accumulated_submission_time': 15513.26101899147, 'accumulated_eval_time': 1057.924762248993, 'accumulated_logging_time': 10.932883501052856}
I0423 23:14:34.682826 140248751232768 logging_writer.py:48] [18970] accumulated_eval_time=1057.92, accumulated_logging_time=10.9329, accumulated_submission_time=15513.3, global_step=18970, preemption_count=0, score=15513.3, test/accuracy=0.4892, test/loss=2.47566, test/num_examples=10000, total_duration=16603, train/accuracy=0.574707, train/loss=2.58843, validation/accuracy=0.4992, validation/loss=2.88695, validation/num_examples=50000
I0423 23:57:32.599545 140269351306432 spec.py:333] Evaluating on the training split.
/usr/local/lib/python3.11/multiprocessing/popen_fork.py:66: RuntimeWarning: os.fork() was called. os.fork() is incompatible with multithreaded code, and JAX is multithreaded, so this will likely lead to a deadlock.
  self.pid = os.fork()
I0423 23:58:52.853698 140269351306432 spec.py:346] Evaluating on the validation split.
I0423 23:59:54.701278 140269351306432 spec.py:363] Evaluating on the test split.
I0423 23:59:55.549761 140269351306432 submission_runner.py:516] Time since start: 19325.31s, 	Step: 22150, 	{'train/accuracy': 0.5765234375, 'train/loss': 2.7191558837890626, 'validation/accuracy': 0.5274, 'validation/loss': 2.7047175, 'validation/num_examples': 50000, 'test/accuracy': 0.5148, 'test/loss': 2.34241953125, 'test/num_examples': 10000, 'score': 18086.087347507477, 'total_duration': 19325.314856290817, 'accumulated_submission_time': 18086.087347507477, 'accumulated_eval_time': 1200.8750259876251, 'accumulated_logging_time': 14.105779647827148}
I0423 23:59:57.069424 140250018924288 logging_writer.py:48] [22150] accumulated_eval_time=1200.88, accumulated_logging_time=14.1058, accumulated_submission_time=18086.1, global_step=22150, preemption_count=0, score=18086.1, test/accuracy=0.5148, test/loss=2.34242, test/num_examples=10000, total_duration=19325.3, train/accuracy=0.576523, train/loss=2.71916, validation/accuracy=0.5274, validation/loss=2.70472, validation/num_examples=50000
I0424 00:42:47.828798 140269351306432 spec.py:333] Evaluating on the training split.
/usr/local/lib/python3.11/multiprocessing/popen_fork.py:66: RuntimeWarning: os.fork() was called. os.fork() is incompatible with multithreaded code, and JAX is multithreaded, so this will likely lead to a deadlock.
  self.pid = os.fork()
I0424 00:44:09.973459 140269351306432 spec.py:346] Evaluating on the validation split.
I0424 00:45:11.975235 140269351306432 spec.py:363] Evaluating on the test split.
I0424 00:45:12.819234 140269351306432 submission_runner.py:516] Time since start: 22042.58s, 	Step: 25514, 	{'train/accuracy': 0.62880859375, 'train/loss': 2.3061595153808594, 'validation/accuracy': 0.53852, 'validation/loss': 2.763688125, 'validation/num_examples': 50000, 'test/accuracy': 0.5315, 'test/loss': 2.23899609375, 'test/num_examples': 10000, 'score': 20651.57526421547, 'total_duration': 22042.584332942963, 'accumulated_submission_time': 20651.57526421547, 'accumulated_eval_time': 1345.8655052185059, 'accumulated_logging_time': 17.347660303115845}
I0424 00:45:14.233325 140248826767104 logging_writer.py:48] [25514] accumulated_eval_time=1345.87, accumulated_logging_time=17.3477, accumulated_submission_time=20651.6, global_step=25514, preemption_count=0, score=20651.6, test/accuracy=0.5315, test/loss=2.239, test/num_examples=10000, total_duration=22042.6, train/accuracy=0.628809, train/loss=2.30616, validation/accuracy=0.53852, validation/loss=2.76369, validation/num_examples=50000
I0424 01:28:09.843219 140269351306432 spec.py:333] Evaluating on the training split.
/usr/local/lib/python3.11/multiprocessing/popen_fork.py:66: RuntimeWarning: os.fork() was called. os.fork() is incompatible with multithreaded code, and JAX is multithreaded, so this will likely lead to a deadlock.
  self.pid = os.fork()
I0424 01:29:44.116568 140269351306432 spec.py:346] Evaluating on the validation split.
I0424 01:30:45.980822 140269351306432 spec.py:363] Evaluating on the test split.
I0424 01:30:46.866178 140269351306432 submission_runner.py:516] Time since start: 24776.63s, 	Step: 28642, 	{'train/accuracy': 0.6199609375, 'train/loss': 2.4710430908203125, 'validation/accuracy': 0.5497, 'validation/loss': 2.687935, 'validation/num_examples': 50000, 'test/accuracy': 0.5454, 'test/loss': 2.1629859375, 'test/num_examples': 10000, 'score': 23221.86403989792, 'total_duration': 24776.63121366501, 'accumulated_submission_time': 23221.86403989792, 'accumulated_eval_time': 1502.8884360790253, 'accumulated_logging_time': 20.80919361114502}
I0424 01:30:48.480905 140248826767104 logging_writer.py:48] [28642] accumulated_eval_time=1502.89, accumulated_logging_time=20.8092, accumulated_submission_time=23221.9, global_step=28642, preemption_count=0, score=23221.9, test/accuracy=0.5454, test/loss=2.16299, test/num_examples=10000, total_duration=24776.6, train/accuracy=0.619961, train/loss=2.47104, validation/accuracy=0.5497, validation/loss=2.68793, validation/num_examples=50000
I0424 02:13:43.337941 140269351306432 spec.py:333] Evaluating on the training split.
/usr/local/lib/python3.11/multiprocessing/popen_fork.py:66: RuntimeWarning: os.fork() was called. os.fork() is incompatible with multithreaded code, and JAX is multithreaded, so this will likely lead to a deadlock.
  self.pid = os.fork()
I0424 02:14:56.932341 140269351306432 spec.py:346] Evaluating on the validation split.
I0424 02:15:58.815209 140269351306432 spec.py:363] Evaluating on the test split.
I0424 02:15:59.655076 140269351306432 submission_runner.py:516] Time since start: 27489.42s, 	Step: 31955, 	{'train/accuracy': 0.62474609375, 'train/loss': 2.4823672485351564, 'validation/accuracy': 0.5654, 'validation/loss': 2.577389375, 'validation/num_examples': 50000, 'test/accuracy': 0.5641, 'test/loss': 2.092601171875, 'test/num_examples': 10000, 'score': 25791.149983644485, 'total_duration': 27489.420139312744, 'accumulated_submission_time': 25791.149983644485, 'accumulated_eval_time': 1639.2056436538696, 'accumulated_logging_time': 24.61686658859253}
I0424 02:16:01.397766 140248801588992 logging_writer.py:48] [31955] accumulated_eval_time=1639.21, accumulated_logging_time=24.6169, accumulated_submission_time=25791.1, global_step=31955, preemption_count=0, score=25791.1, test/accuracy=0.5641, test/loss=2.0926, test/num_examples=10000, total_duration=27489.4, train/accuracy=0.624746, train/loss=2.48237, validation/accuracy=0.5654, validation/loss=2.57739, validation/num_examples=50000
I0424 02:58:54.364837 140269351306432 spec.py:333] Evaluating on the training split.
/usr/local/lib/python3.11/multiprocessing/popen_fork.py:66: RuntimeWarning: os.fork() was called. os.fork() is incompatible with multithreaded code, and JAX is multithreaded, so this will likely lead to a deadlock.
  self.pid = os.fork()
I0424 03:00:05.413305 140269351306432 spec.py:346] Evaluating on the validation split.
I0424 03:01:07.046632 140269351306432 spec.py:363] Evaluating on the test split.
I0424 03:01:07.904215 140269351306432 submission_runner.py:516] Time since start: 30197.67s, 	Step: 35128, 	{'train/accuracy': 0.65853515625, 'train/loss': 2.1833737182617186, 'validation/accuracy': 0.59188, 'validation/loss': 2.31592765625, 'validation/num_examples': 50000, 'test/accuracy': 0.5722, 'test/loss': 2.042725390625, 'test/num_examples': 10000, 'score': 28358.2696955204, 'total_duration': 30197.669268131256, 'accumulated_submission_time': 28358.2696955204, 'accumulated_eval_time': 1772.745099067688, 'accumulated_logging_time': 28.781763315200806}
I0424 03:01:09.647167 140248801588992 logging_writer.py:48] [35128] accumulated_eval_time=1772.75, accumulated_logging_time=28.7818, accumulated_submission_time=28358.3, global_step=35128, preemption_count=0, score=28358.3, test/accuracy=0.5722, test/loss=2.04273, test/num_examples=10000, total_duration=30197.7, train/accuracy=0.658535, train/loss=2.18337, validation/accuracy=0.59188, validation/loss=2.31593, validation/num_examples=50000
I0424 03:44:00.208298 140269351306432 spec.py:333] Evaluating on the training split.
/usr/local/lib/python3.11/multiprocessing/popen_fork.py:66: RuntimeWarning: os.fork() was called. os.fork() is incompatible with multithreaded code, and JAX is multithreaded, so this will likely lead to a deadlock.
  self.pid = os.fork()
I0424 03:45:23.555493 140269351306432 spec.py:346] Evaluating on the validation split.
I0424 03:46:26.398178 140269351306432 spec.py:363] Evaluating on the test split.
I0424 03:46:27.245760 140269351306432 submission_runner.py:516] Time since start: 32917.01s, 	Step: 38324, 	{'train/accuracy': 0.63634765625, 'train/loss': 2.4596160888671874, 'validation/accuracy': 0.58578, 'validation/loss': 2.4897946875, 'validation/num_examples': 50000, 'test/accuracy': 0.5792, 'test/loss': 1.9993564453125, 'test/num_examples': 10000, 'score': 30923.19767522812, 'total_duration': 32917.01082825661, 'accumulated_submission_time': 30923.19767522812, 'accumulated_eval_time': 1919.782543182373, 'accumulated_logging_time': 32.723206996917725}
I0424 03:46:29.022386 140248717661952 logging_writer.py:48] [38324] accumulated_eval_time=1919.78, accumulated_logging_time=32.7232, accumulated_submission_time=30923.2, global_step=38324, preemption_count=0, score=30923.2, test/accuracy=0.5792, test/loss=1.99936, test/num_examples=10000, total_duration=32917, train/accuracy=0.636348, train/loss=2.45962, validation/accuracy=0.58578, validation/loss=2.48979, validation/num_examples=50000
I0424 04:29:23.996479 140269351306432 spec.py:333] Evaluating on the training split.
/usr/local/lib/python3.11/multiprocessing/popen_fork.py:66: RuntimeWarning: os.fork() was called. os.fork() is incompatible with multithreaded code, and JAX is multithreaded, so this will likely lead to a deadlock.
  self.pid = os.fork()
I0424 04:30:37.943143 140269351306432 spec.py:346] Evaluating on the validation split.
I0424 04:31:39.893743 140269351306432 spec.py:363] Evaluating on the test split.
I0424 04:31:40.752161 140269351306432 submission_runner.py:516] Time since start: 35630.52s, 	Step: 41623, 	{'train/accuracy': 0.626953125, 'train/loss': 2.584844055175781, 'validation/accuracy': 0.59648, 'validation/loss': 2.39025359375, 'validation/num_examples': 50000, 'test/accuracy': 0.5882, 'test/loss': 1.95682890625, 'test/num_examples': 10000, 'score': 33490.81978392601, 'total_duration': 35630.517251729965, 'accumulated_submission_time': 33490.81978392601, 'accumulated_eval_time': 2056.538285255432, 'accumulated_logging_time': 36.57041907310486}
I0424 04:31:42.850463 140250018924288 logging_writer.py:48] [41623] accumulated_eval_time=2056.54, accumulated_logging_time=36.5704, accumulated_submission_time=33490.8, global_step=41623, preemption_count=0, score=33490.8, test/accuracy=0.5882, test/loss=1.95683, test/num_examples=10000, total_duration=35630.5, train/accuracy=0.626953, train/loss=2.58484, validation/accuracy=0.59648, validation/loss=2.39025, validation/num_examples=50000
I0424 05:14:35.395196 140269351306432 spec.py:333] Evaluating on the training split.
/usr/local/lib/python3.11/multiprocessing/popen_fork.py:66: RuntimeWarning: os.fork() was called. os.fork() is incompatible with multithreaded code, and JAX is multithreaded, so this will likely lead to a deadlock.
  self.pid = os.fork()
I0424 05:16:02.744201 140269351306432 spec.py:346] Evaluating on the validation split.
I0424 05:17:04.347199 140269351306432 spec.py:363] Evaluating on the test split.
I0424 05:17:05.191280 140269351306432 submission_runner.py:516] Time since start: 38354.96s, 	Step: 44766, 	{'train/accuracy': 0.6664453125, 'train/loss': 2.247828063964844, 'validation/accuracy': 0.60178, 'validation/loss': 2.366728125, 'validation/num_examples': 50000, 'test/accuracy': 0.5951, 'test/loss': 1.925009375, 'test/num_examples': 10000, 'score': 36056.094360113144, 'total_duration': 38354.956374406815, 'accumulated_submission_time': 36056.094360113144, 'accumulated_eval_time': 2206.3344764709473, 'accumulated_logging_time': 40.95020341873169}
I0424 05:17:06.869832 140248818374400 logging_writer.py:48] [44766] accumulated_eval_time=2206.33, accumulated_logging_time=40.9502, accumulated_submission_time=36056.1, global_step=44766, preemption_count=0, score=36056.1, test/accuracy=0.5951, test/loss=1.92501, test/num_examples=10000, total_duration=38355, train/accuracy=0.666445, train/loss=2.24783, validation/accuracy=0.60178, validation/loss=2.36673, validation/num_examples=50000
I0424 06:00:05.544252 140269351306432 spec.py:333] Evaluating on the training split.
/usr/local/lib/python3.11/multiprocessing/popen_fork.py:66: RuntimeWarning: os.fork() was called. os.fork() is incompatible with multithreaded code, and JAX is multithreaded, so this will likely lead to a deadlock.
  self.pid = os.fork()
I0424 06:01:17.923460 140269351306432 spec.py:346] Evaluating on the validation split.
I0424 06:02:19.853901 140269351306432 spec.py:363] Evaluating on the test split.
I0424 06:02:20.713953 140269351306432 submission_runner.py:516] Time since start: 41070.48s, 	Step: 48118, 	{'train/accuracy': 0.696171875, 'train/loss': 1.9948750305175782, 'validation/accuracy': 0.6121, 'validation/loss': 2.2777853125, 'validation/num_examples': 50000, 'test/accuracy': 0.6023, 'test/loss': 1.890251953125, 'test/num_examples': 10000, 'score': 38627.38499426842, 'total_duration': 41070.47896718979, 'accumulated_submission_time': 38627.38499426842, 'accumulated_eval_time': 2341.5041234493256, 'accumulated_logging_time': 44.82119059562683}
I0424 06:02:22.204914 140248809981696 logging_writer.py:48] [48118] accumulated_eval_time=2341.5, accumulated_logging_time=44.8212, accumulated_submission_time=38627.4, global_step=48118, preemption_count=0, score=38627.4, test/accuracy=0.6023, test/loss=1.89025, test/num_examples=10000, total_duration=41070.5, train/accuracy=0.696172, train/loss=1.99488, validation/accuracy=0.6121, validation/loss=2.27779, validation/num_examples=50000
I0424 06:45:17.817586 140269351306432 spec.py:333] Evaluating on the training split.
/usr/local/lib/python3.11/multiprocessing/popen_fork.py:66: RuntimeWarning: os.fork() was called. os.fork() is incompatible with multithreaded code, and JAX is multithreaded, so this will likely lead to a deadlock.
  self.pid = os.fork()
I0424 06:46:40.486522 140269351306432 spec.py:346] Evaluating on the validation split.
I0424 06:47:42.117834 140269351306432 spec.py:363] Evaluating on the test split.
I0424 06:47:42.954315 140269351306432 submission_runner.py:516] Time since start: 43792.72s, 	Step: 51220, 	{'train/accuracy': 0.6958203125, 'train/loss': 2.014332275390625, 'validation/accuracy': 0.60882, 'validation/loss': 2.3405090625, 'validation/num_examples': 50000, 'test/accuracy': 0.61, 'test/loss': 1.8628998046875, 'test/num_examples': 10000, 'score': 41195.69737839699, 'total_duration': 43792.7193813324, 'accumulated_submission_time': 41195.69737839699, 'accumulated_eval_time': 2486.6408774852753, 'accumulated_logging_time': 48.4416081905365}
I0424 06:47:44.486947 140248793196288 logging_writer.py:48] [51220] accumulated_eval_time=2486.64, accumulated_logging_time=48.4416, accumulated_submission_time=41195.7, global_step=51220, preemption_count=0, score=41195.7, test/accuracy=0.61, test/loss=1.8629, test/num_examples=10000, total_duration=43792.7, train/accuracy=0.69582, train/loss=2.01433, validation/accuracy=0.60882, validation/loss=2.34051, validation/num_examples=50000
I0424 07:30:37.100639 140269351306432 spec.py:333] Evaluating on the training split.
/usr/local/lib/python3.11/multiprocessing/popen_fork.py:66: RuntimeWarning: os.fork() was called. os.fork() is incompatible with multithreaded code, and JAX is multithreaded, so this will likely lead to a deadlock.
  self.pid = os.fork()
I0424 07:31:56.179182 140269351306432 spec.py:346] Evaluating on the validation split.
I0424 07:32:58.563217 140269351306432 spec.py:363] Evaluating on the test split.
I0424 07:32:59.415422 140269351306432 submission_runner.py:516] Time since start: 46509.18s, 	Step: 54480, 	{'train/accuracy': 0.6860546875, 'train/loss': 2.142558898925781, 'validation/accuracy': 0.62842, 'validation/loss': 2.203256875, 'validation/num_examples': 50000, 'test/accuracy': 0.6103, 'test/loss': 1.8403109375, 'test/num_examples': 10000, 'score': 43761.04453611374, 'total_duration': 46509.18048429489, 'accumulated_submission_time': 43761.04453611374, 'accumulated_eval_time': 2628.955664396286, 'accumulated_logging_time': 51.96577310562134}
I0424 07:33:00.819619 140248809981696 logging_writer.py:48] [54480] accumulated_eval_time=2628.96, accumulated_logging_time=51.9658, accumulated_submission_time=43761, global_step=54480, preemption_count=0, score=43761, test/accuracy=0.6103, test/loss=1.84031, test/num_examples=10000, total_duration=46509.2, train/accuracy=0.686055, train/loss=2.14256, validation/accuracy=0.62842, validation/loss=2.20326, validation/num_examples=50000
I0424 08:15:54.681683 140269351306432 spec.py:333] Evaluating on the training split.
/usr/local/lib/python3.11/multiprocessing/popen_fork.py:66: RuntimeWarning: os.fork() was called. os.fork() is incompatible with multithreaded code, and JAX is multithreaded, so this will likely lead to a deadlock.
  self.pid = os.fork()
I0424 08:17:02.470470 140269351306432 spec.py:346] Evaluating on the validation split.
I0424 08:18:04.262125 140269351306432 spec.py:363] Evaluating on the test split.
I0424 08:18:05.110779 140269351306432 submission_runner.py:516] Time since start: 49214.88s, 	Step: 57626, 	{'train/accuracy': 0.66853515625, 'train/loss': 2.3184381103515626, 'validation/accuracy': 0.61478, 'validation/loss': 2.35152546875, 'validation/num_examples': 50000, 'test/accuracy': 0.6166, 'test/loss': 1.820689453125, 'test/num_examples': 10000, 'score': 46327.64659833908, 'total_duration': 49214.87580561638, 'accumulated_submission_time': 46327.64659833908, 'accumulated_eval_time': 2759.3847296237946, 'accumulated_logging_time': 55.58751606941223}
I0424 08:18:06.429183 140248776410880 logging_writer.py:48] [57626] accumulated_eval_time=2759.38, accumulated_logging_time=55.5875, accumulated_submission_time=46327.6, global_step=57626, preemption_count=0, score=46327.6, test/accuracy=0.6166, test/loss=1.82069, test/num_examples=10000, total_duration=49214.9, train/accuracy=0.668535, train/loss=2.31844, validation/accuracy=0.61478, validation/loss=2.35153, validation/num_examples=50000
I0424 09:00:59.285821 140269351306432 spec.py:333] Evaluating on the training split.
/usr/local/lib/python3.11/multiprocessing/popen_fork.py:66: RuntimeWarning: os.fork() was called. os.fork() is incompatible with multithreaded code, and JAX is multithreaded, so this will likely lead to a deadlock.
  self.pid = os.fork()
I0424 09:02:19.938786 140269351306432 spec.py:346] Evaluating on the validation split.
I0424 09:03:21.870322 140269351306432 spec.py:363] Evaluating on the test split.
I0424 09:03:22.711605 140269351306432 submission_runner.py:516] Time since start: 51932.48s, 	Step: 60834, 	{'train/accuracy': 0.68171875, 'train/loss': 2.231467437744141, 'validation/accuracy': 0.62158, 'validation/loss': 2.25339890625, 'validation/num_examples': 50000, 'test/accuracy': 0.6204, 'test/loss': 1.8013060546875, 'test/num_examples': 10000, 'score': 48893.21110701561, 'total_duration': 51932.47667813301, 'accumulated_submission_time': 48893.21110701561, 'accumulated_eval_time': 2902.8105330467224, 'accumulated_logging_time': 58.943315744400024}
I0424 09:03:24.426784 140249942456064 logging_writer.py:48] [60834] accumulated_eval_time=2902.81, accumulated_logging_time=58.9433, accumulated_submission_time=48893.2, global_step=60834, preemption_count=0, score=48893.2, test/accuracy=0.6204, test/loss=1.80131, test/num_examples=10000, total_duration=51932.5, train/accuracy=0.681719, train/loss=2.23147, validation/accuracy=0.62158, validation/loss=2.2534, validation/num_examples=50000
I0424 09:46:16.738666 140269351306432 spec.py:333] Evaluating on the training split.
/usr/local/lib/python3.11/multiprocessing/popen_fork.py:66: RuntimeWarning: os.fork() was called. os.fork() is incompatible with multithreaded code, and JAX is multithreaded, so this will likely lead to a deadlock.
  self.pid = os.fork()
I0424 09:47:30.808171 140269351306432 spec.py:346] Evaluating on the validation split.
I0424 09:48:32.717484 140269351306432 spec.py:363] Evaluating on the test split.
I0424 09:48:33.600983 140269351306432 submission_runner.py:516] Time since start: 54643.37s, 	Step: 64089, 	{'train/accuracy': 0.6681640625, 'train/loss': 2.377882232666016, 'validation/accuracy': 0.60838, 'validation/loss': 2.44217625, 'validation/num_examples': 50000, 'test/accuracy': 0.6223, 'test/loss': 1.7874390625, 'test/num_examples': 10000, 'score': 51458.304329395294, 'total_duration': 54643.36603188515, 'accumulated_submission_time': 51458.304329395294, 'accumulated_eval_time': 3039.67284989357, 'accumulated_logging_time': 62.68634247779846}
I0424 09:48:35.505255 140248751232768 logging_writer.py:48] [64089] accumulated_eval_time=3039.67, accumulated_logging_time=62.6863, accumulated_submission_time=51458.3, global_step=64089, preemption_count=0, score=51458.3, test/accuracy=0.6223, test/loss=1.78744, test/num_examples=10000, total_duration=54643.4, train/accuracy=0.668164, train/loss=2.37788, validation/accuracy=0.60838, validation/loss=2.44218, validation/num_examples=50000
I0424 10:31:27.626872 140269351306432 spec.py:333] Evaluating on the training split.
/usr/local/lib/python3.11/multiprocessing/popen_fork.py:66: RuntimeWarning: os.fork() was called. os.fork() is incompatible with multithreaded code, and JAX is multithreaded, so this will likely lead to a deadlock.
  self.pid = os.fork()
I0424 10:32:51.714995 140269351306432 spec.py:346] Evaluating on the validation split.
I0424 10:33:54.609915 140269351306432 spec.py:363] Evaluating on the test split.
I0424 10:33:55.457312 140269351306432 submission_runner.py:516] Time since start: 57365.22s, 	Step: 67211, 	{'train/accuracy': 0.67236328125, 'train/loss': 2.346153564453125, 'validation/accuracy': 0.6149, 'validation/loss': 2.37742421875, 'validation/num_examples': 50000, 'test/accuracy': 0.6244, 'test/loss': 1.771822265625, 'test/num_examples': 10000, 'score': 54023.18147420883, 'total_duration': 57365.22230029106, 'accumulated_submission_time': 54023.18147420883, 'accumulated_eval_time': 3187.503248691559, 'accumulated_logging_time': 66.70427751541138}
I0424 10:33:57.143191 140248835159808 logging_writer.py:48] [67211] accumulated_eval_time=3187.5, accumulated_logging_time=66.7043, accumulated_submission_time=54023.2, global_step=67211, preemption_count=0, score=54023.2, test/accuracy=0.6244, test/loss=1.77182, test/num_examples=10000, total_duration=57365.2, train/accuracy=0.672363, train/loss=2.34615, validation/accuracy=0.6149, validation/loss=2.37742, validation/num_examples=50000
I0424 11:16:53.601428 140269351306432 spec.py:333] Evaluating on the training split.
/usr/local/lib/python3.11/multiprocessing/popen_fork.py:66: RuntimeWarning: os.fork() was called. os.fork() is incompatible with multithreaded code, and JAX is multithreaded, so this will likely lead to a deadlock.
  self.pid = os.fork()
I0424 11:18:07.636314 140269351306432 spec.py:346] Evaluating on the validation split.
I0424 11:19:09.400922 140269351306432 spec.py:363] Evaluating on the test split.
I0424 11:19:10.244924 140269351306432 submission_runner.py:516] Time since start: 60080.01s, 	Step: 70536, 	{'train/accuracy': 0.71365234375, 'train/loss': 1.9414781188964845, 'validation/accuracy': 0.63514, 'validation/loss': 2.1948603125, 'validation/num_examples': 50000, 'test/accuracy': 0.6265, 'test/loss': 1.754737109375, 'test/num_examples': 10000, 'score': 56592.13429903984, 'total_duration': 60080.0099902153, 'accumulated_submission_time': 56592.13429903984, 'accumulated_eval_time': 3324.14679813385, 'accumulated_logging_time': 70.67973804473877}
I0424 11:19:11.797610 140249934063360 logging_writer.py:48] [70536] accumulated_eval_time=3324.15, accumulated_logging_time=70.6797, accumulated_submission_time=56592.1, global_step=70536, preemption_count=0, score=56592.1, test/accuracy=0.6265, test/loss=1.75474, test/num_examples=10000, total_duration=60080, train/accuracy=0.713652, train/loss=1.94148, validation/accuracy=0.63514, validation/loss=2.19486, validation/num_examples=50000
I0424 12:02:08.729828 140269351306432 spec.py:333] Evaluating on the training split.
/usr/local/lib/python3.11/multiprocessing/popen_fork.py:66: RuntimeWarning: os.fork() was called. os.fork() is incompatible with multithreaded code, and JAX is multithreaded, so this will likely lead to a deadlock.
  self.pid = os.fork()
I0424 12:03:34.241601 140269351306432 spec.py:346] Evaluating on the validation split.
I0424 12:04:35.802899 140269351306432 spec.py:363] Evaluating on the test split.
I0424 12:04:36.647987 140269351306432 submission_runner.py:516] Time since start: 62806.41s, 	Step: 73642, 	{'train/accuracy': 0.69466796875, 'train/loss': 2.136002197265625, 'validation/accuracy': 0.63638, 'validation/loss': 2.1621740625, 'validation/num_examples': 50000, 'test/accuracy': 0.6296, 'test/loss': 1.7410658203125, 'test/num_examples': 10000, 'score': 59161.88690471649, 'total_duration': 62806.41303396225, 'accumulated_submission_time': 59161.88690471649, 'accumulated_eval_time': 3472.0649082660675, 'accumulated_logging_time': 74.20594024658203}
I0424 12:04:38.168917 140248776410880 logging_writer.py:48] [73642] accumulated_eval_time=3472.06, accumulated_logging_time=74.2059, accumulated_submission_time=59161.9, global_step=73642, preemption_count=0, score=59161.9, test/accuracy=0.6296, test/loss=1.74107, test/num_examples=10000, total_duration=62806.4, train/accuracy=0.694668, train/loss=2.136, validation/accuracy=0.63638, validation/loss=2.16217, validation/num_examples=50000
I0424 12:47:32.348734 140269351306432 spec.py:333] Evaluating on the training split.
/usr/local/lib/python3.11/multiprocessing/popen_fork.py:66: RuntimeWarning: os.fork() was called. os.fork() is incompatible with multithreaded code, and JAX is multithreaded, so this will likely lead to a deadlock.
  self.pid = os.fork()
I0424 12:48:44.061429 140269351306432 spec.py:346] Evaluating on the validation split.
I0424 12:49:46.766683 140269351306432 spec.py:363] Evaluating on the test split.
I0424 12:49:47.608059 140269351306432 submission_runner.py:516] Time since start: 65517.37s, 	Step: 76935, 	{'train/accuracy': 0.7042578125, 'train/loss': 2.0714987182617186, 'validation/accuracy': 0.63748, 'validation/loss': 2.16060515625, 'validation/num_examples': 50000, 'test/accuracy': 0.6332, 'test/loss': 1.7318763671875, 'test/num_examples': 10000, 'score': 61728.71317052841, 'total_duration': 65517.373119831085, 'accumulated_submission_time': 61728.71317052841, 'accumulated_eval_time': 3607.3242604732513, 'accumulated_logging_time': 77.90857315063477}
I0424 12:49:49.076152 140248742840064 logging_writer.py:48] [76935] accumulated_eval_time=3607.32, accumulated_logging_time=77.9086, accumulated_submission_time=61728.7, global_step=76935, preemption_count=0, score=61728.7, test/accuracy=0.6332, test/loss=1.73188, test/num_examples=10000, total_duration=65517.4, train/accuracy=0.704258, train/loss=2.0715, validation/accuracy=0.63748, validation/loss=2.16061, validation/num_examples=50000
I0424 13:32:42.445979 140269351306432 spec.py:333] Evaluating on the training split.
/usr/local/lib/python3.11/multiprocessing/popen_fork.py:66: RuntimeWarning: os.fork() was called. os.fork() is incompatible with multithreaded code, and JAX is multithreaded, so this will likely lead to a deadlock.
  self.pid = os.fork()
I0424 13:33:40.348287 140269351306432 spec.py:346] Evaluating on the validation split.
I0424 13:34:42.071331 140269351306432 spec.py:363] Evaluating on the test split.
I0424 13:34:42.913232 140269351306432 submission_runner.py:516] Time since start: 68212.68s, 	Step: 80013, 	{'train/accuracy': 0.72572265625, 'train/loss': 1.8954852294921876, 'validation/accuracy': 0.62934, 'validation/loss': 2.27535890625, 'validation/num_examples': 50000, 'test/accuracy': 0.6355, 'test/loss': 1.72216875, 'test/num_examples': 10000, 'score': 64295.16722822189, 'total_duration': 68212.67831659317, 'accumulated_submission_time': 64295.16722822189, 'accumulated_eval_time': 3727.7915506362915, 'accumulated_logging_time': 81.53240633010864}
I0424 13:34:44.294137 140248717661952 logging_writer.py:48] [80013] accumulated_eval_time=3727.79, accumulated_logging_time=81.5324, accumulated_submission_time=64295.2, global_step=80013, preemption_count=0, score=64295.2, test/accuracy=0.6355, test/loss=1.72217, test/num_examples=10000, total_duration=68212.7, train/accuracy=0.725723, train/loss=1.89549, validation/accuracy=0.62934, validation/loss=2.27536, validation/num_examples=50000
I0424 14:17:37.184287 140269351306432 spec.py:333] Evaluating on the training split.
/usr/local/lib/python3.11/multiprocessing/popen_fork.py:66: RuntimeWarning: os.fork() was called. os.fork() is incompatible with multithreaded code, and JAX is multithreaded, so this will likely lead to a deadlock.
  self.pid = os.fork()
I0424 14:19:01.784113 140269351306432 spec.py:346] Evaluating on the validation split.
I0424 14:20:03.699167 140269351306432 spec.py:363] Evaluating on the test split.
I0424 14:20:04.544711 140269351306432 submission_runner.py:516] Time since start: 70934.31s, 	Step: 83245, 	{'train/accuracy': 0.69162109375, 'train/loss': 2.220986022949219, 'validation/accuracy': 0.6595, 'validation/loss': 1.9939515625, 'validation/num_examples': 50000, 'test/accuracy': 0.6375, 'test/loss': 1.7163837890625, 'test/num_examples': 10000, 'score': 66860.67862653732, 'total_duration': 70934.3097140789, 'accumulated_submission_time': 66860.67862653732, 'accumulated_eval_time': 3875.15193772316, 'accumulated_logging_time': 84.92331576347351}
I0424 14:20:05.986460 140248768018176 logging_writer.py:48] [83245] accumulated_eval_time=3875.15, accumulated_logging_time=84.9233, accumulated_submission_time=66860.7, global_step=83245, preemption_count=0, score=66860.7, test/accuracy=0.6375, test/loss=1.71638, test/num_examples=10000, total_duration=70934.3, train/accuracy=0.691621, train/loss=2.22099, validation/accuracy=0.6595, validation/loss=1.99395, validation/num_examples=50000
I0424 15:02:58.561104 140269351306432 spec.py:333] Evaluating on the training split.
/usr/local/lib/python3.11/multiprocessing/popen_fork.py:66: RuntimeWarning: os.fork() was called. os.fork() is incompatible with multithreaded code, and JAX is multithreaded, so this will likely lead to a deadlock.
  self.pid = os.fork()
I0424 15:04:07.583961 140269351306432 spec.py:346] Evaluating on the validation split.
I0424 15:05:08.887530 140269351306432 spec.py:363] Evaluating on the test split.
I0424 15:05:09.766171 140269351306432 submission_runner.py:516] Time since start: 73639.53s, 	Step: 86363, 	{'train/accuracy': 0.7290234375, 'train/loss': 1.8592227172851563, 'validation/accuracy': 0.639, 'validation/loss': 2.1644875, 'validation/num_examples': 50000, 'test/accuracy': 0.6374, 'test/loss': 1.7081421875, 'test/num_examples': 10000, 'score': 69426.10151267052, 'total_duration': 73639.531270504, 'accumulated_submission_time': 69426.10151267052, 'accumulated_eval_time': 4006.3573422431946, 'accumulated_logging_time': 88.47919583320618}
I0424 15:05:11.230654 140248818374400 logging_writer.py:48] [86363] accumulated_eval_time=4006.36, accumulated_logging_time=88.4792, accumulated_submission_time=69426.1, global_step=86363, preemption_count=0, score=69426.1, test/accuracy=0.6374, test/loss=1.70814, test/num_examples=10000, total_duration=73639.5, train/accuracy=0.729023, train/loss=1.85922, validation/accuracy=0.639, validation/loss=2.16449, validation/num_examples=50000
I0424 15:48:09.228983 140269351306432 spec.py:333] Evaluating on the training split.
/usr/local/lib/python3.11/multiprocessing/popen_fork.py:66: RuntimeWarning: os.fork() was called. os.fork() is incompatible with multithreaded code, and JAX is multithreaded, so this will likely lead to a deadlock.
  self.pid = os.fork()
I0424 15:49:28.588883 140269351306432 spec.py:346] Evaluating on the validation split.
I0424 15:50:30.754772 140269351306432 spec.py:363] Evaluating on the test split.
I0424 15:50:31.615150 140269351306432 submission_runner.py:516] Time since start: 76361.38s, 	Step: 89584, 	{'train/accuracy': 0.69212890625, 'train/loss': 2.2308113098144533, 'validation/accuracy': 0.64796, 'validation/loss': 2.12527875, 'validation/num_examples': 50000, 'test/accuracy': 0.6406, 'test/loss': 1.70191484375, 'test/num_examples': 10000, 'score': 71996.4387793541, 'total_duration': 76361.38020992279, 'accumulated_submission_time': 71996.4387793541, 'accumulated_eval_time': 4148.743525981903, 'accumulated_logging_time': 92.26422715187073}
I0424 15:50:33.306525 140248793196288 logging_writer.py:48] [89584] accumulated_eval_time=4148.74, accumulated_logging_time=92.2642, accumulated_submission_time=71996.4, global_step=89584, preemption_count=0, score=71996.4, test/accuracy=0.6406, test/loss=1.70191, test/num_examples=10000, total_duration=76361.4, train/accuracy=0.692129, train/loss=2.23081, validation/accuracy=0.64796, validation/loss=2.12528, validation/num_examples=50000
I0424 16:33:28.858052 140269351306432 spec.py:333] Evaluating on the training split.
/usr/local/lib/python3.11/multiprocessing/popen_fork.py:66: RuntimeWarning: os.fork() was called. os.fork() is incompatible with multithreaded code, and JAX is multithreaded, so this will likely lead to a deadlock.
  self.pid = os.fork()
I0424 16:34:39.421379 140269351306432 spec.py:346] Evaluating on the validation split.
I0424 16:35:41.091731 140269351306432 spec.py:363] Evaluating on the test split.
I0424 16:35:41.935781 140269351306432 submission_runner.py:516] Time since start: 79071.70s, 	Step: 92794, 	{'train/accuracy': 0.70412109375, 'train/loss': 2.1181768798828124, 'validation/accuracy': 0.63896, 'validation/loss': 2.2127209375, 'validation/num_examples': 50000, 'test/accuracy': 0.6454, 'test/loss': 1.6922658203125, 'test/num_examples': 10000, 'score': 74563.09503936768, 'total_duration': 79071.70086479187, 'accumulated_submission_time': 74563.09503936768, 'accumulated_eval_time': 4281.821371793747, 'accumulated_logging_time': 96.11743569374084}
I0424 16:35:43.419412 140248726054656 logging_writer.py:48] [92794] accumulated_eval_time=4281.82, accumulated_logging_time=96.1174, accumulated_submission_time=74563.1, global_step=92794, preemption_count=0, score=74563.1, test/accuracy=0.6454, test/loss=1.69227, test/num_examples=10000, total_duration=79071.7, train/accuracy=0.704121, train/loss=2.11818, validation/accuracy=0.63896, validation/loss=2.21272, validation/num_examples=50000
I0424 17:18:40.750802 140269351306432 spec.py:333] Evaluating on the training split.
/usr/local/lib/python3.11/multiprocessing/popen_fork.py:66: RuntimeWarning: os.fork() was called. os.fork() is incompatible with multithreaded code, and JAX is multithreaded, so this will likely lead to a deadlock.
  self.pid = os.fork()
I0424 17:19:57.531868 140269351306432 spec.py:346] Evaluating on the validation split.
I0424 17:20:59.712765 140269351306432 spec.py:363] Evaluating on the test split.
I0424 17:21:00.575329 140269351306432 submission_runner.py:516] Time since start: 81790.34s, 	Step: 95917, 	{'train/accuracy': 0.65791015625, 'train/loss': 2.547379455566406, 'validation/accuracy': 0.63078, 'validation/loss': 2.31797203125, 'validation/num_examples': 50000, 'test/accuracy': 0.6503, 'test/loss': 1.6836892578125, 'test/num_examples': 10000, 'score': 77131.47133493423, 'total_duration': 81790.34038901329, 'accumulated_submission_time': 77131.47133493423, 'accumulated_eval_time': 4421.645879507065, 'accumulated_logging_time': 99.64837861061096}
I0424 17:21:02.124635 140248809981696 logging_writer.py:48] [95917] accumulated_eval_time=4421.65, accumulated_logging_time=99.6484, accumulated_submission_time=77131.5, global_step=95917, preemption_count=0, score=77131.5, test/accuracy=0.6503, test/loss=1.68369, test/num_examples=10000, total_duration=81790.3, train/accuracy=0.65791, train/loss=2.54738, validation/accuracy=0.63078, validation/loss=2.31797, validation/num_examples=50000
I0424 18:04:00.804109 140269351306432 spec.py:333] Evaluating on the training split.
/usr/local/lib/python3.11/multiprocessing/popen_fork.py:66: RuntimeWarning: os.fork() was called. os.fork() is incompatible with multithreaded code, and JAX is multithreaded, so this will likely lead to a deadlock.
  self.pid = os.fork()
I0424 18:05:09.623447 140269351306432 spec.py:346] Evaluating on the validation split.
I0424 18:06:11.056243 140269351306432 spec.py:363] Evaluating on the test split.
I0424 18:06:11.897388 140269351306432 submission_runner.py:516] Time since start: 84501.66s, 	Step: 99189, 	{'train/accuracy': 0.7294921875, 'train/loss': 1.8914384460449218, 'validation/accuracy': 0.66036, 'validation/loss': 2.0121259375, 'validation/num_examples': 50000, 'test/accuracy': 0.6521, 'test/loss': 1.675641796875, 'test/num_examples': 10000, 'score': 79700.45504689217, 'total_duration': 84501.66239237785, 'accumulated_submission_time': 79700.45504689217, 'accumulated_eval_time': 4552.739184379578, 'accumulated_logging_time': 103.58868336677551}
I0424 18:06:13.494029 140248818374400 logging_writer.py:48] [99189] accumulated_eval_time=4552.74, accumulated_logging_time=103.589, accumulated_submission_time=79700.5, global_step=99189, preemption_count=0, score=79700.5, test/accuracy=0.6521, test/loss=1.67564, test/num_examples=10000, total_duration=84501.7, train/accuracy=0.729492, train/loss=1.89144, validation/accuracy=0.66036, validation/loss=2.01213, validation/num_examples=50000
I0424 18:49:20.176908 140269351306432 spec.py:333] Evaluating on the training split.
/usr/local/lib/python3.11/multiprocessing/popen_fork.py:66: RuntimeWarning: os.fork() was called. os.fork() is incompatible with multithreaded code, and JAX is multithreaded, so this will likely lead to a deadlock.
  self.pid = os.fork()
I0424 18:50:42.268482 140269351306432 spec.py:346] Evaluating on the validation split.
I0424 18:51:44.155379 140269351306432 spec.py:363] Evaluating on the test split.
I0424 18:51:45.028104 140269351306432 submission_runner.py:516] Time since start: 87234.79s, 	Step: 102293, 	{'train/accuracy': 0.70201171875, 'train/loss': 2.1630072021484374, 'validation/accuracy': 0.63882, 'validation/loss': 2.22488171875, 'validation/num_examples': 50000, 'test/accuracy': 0.6532, 'test/loss': 1.6688111328125, 'test/num_examples': 10000, 'score': 82277.74540543556, 'total_duration': 87234.7931087017, 'accumulated_submission_time': 82277.74540543556, 'accumulated_eval_time': 4697.590333223343, 'accumulated_logging_time': 107.35869812965393}
I0424 18:51:46.514752 140248809981696 logging_writer.py:48] [102293] accumulated_eval_time=4697.59, accumulated_logging_time=107.359, accumulated_submission_time=82277.7, global_step=102293, preemption_count=0, score=82277.7, test/accuracy=0.6532, test/loss=1.66881, test/num_examples=10000, total_duration=87234.8, train/accuracy=0.702012, train/loss=2.16301, validation/accuracy=0.63882, validation/loss=2.22488, validation/num_examples=50000
I0424 19:34:42.228479 140269351306432 spec.py:333] Evaluating on the training split.
/usr/local/lib/python3.11/multiprocessing/popen_fork.py:66: RuntimeWarning: os.fork() was called. os.fork() is incompatible with multithreaded code, and JAX is multithreaded, so this will likely lead to a deadlock.
  self.pid = os.fork()
I0424 19:35:47.769869 140269351306432 spec.py:346] Evaluating on the validation split.
I0424 19:36:49.682578 140269351306432 spec.py:363] Evaluating on the test split.
I0424 19:36:50.552725 140269351306432 submission_runner.py:516] Time since start: 89940.32s, 	Step: 105424, 	{'train/accuracy': 0.7324609375, 'train/loss': 1.8972489929199219, 'validation/accuracy': 0.64514, 'validation/loss': 2.17828875, 'validation/num_examples': 50000, 'test/accuracy': 0.6557, 'test/loss': 1.661562109375, 'test/num_examples': 10000, 'score': 84844.06372523308, 'total_duration': 89940.3177819252, 'accumulated_submission_time': 84844.06372523308, 'accumulated_eval_time': 4825.91459941864, 'accumulated_logging_time': 111.11053514480591}
I0424 19:36:52.146701 140249942456064 logging_writer.py:48] [105424] accumulated_eval_time=4825.91, accumulated_logging_time=111.111, accumulated_submission_time=84844.1, global_step=105424, preemption_count=0, score=84844.1, test/accuracy=0.6557, test/loss=1.66156, test/num_examples=10000, total_duration=89940.3, train/accuracy=0.732461, train/loss=1.89725, validation/accuracy=0.64514, validation/loss=2.17829, validation/num_examples=50000
I0424 20:19:46.655962 140269351306432 spec.py:333] Evaluating on the training split.
/usr/local/lib/python3.11/multiprocessing/popen_fork.py:66: RuntimeWarning: os.fork() was called. os.fork() is incompatible with multithreaded code, and JAX is multithreaded, so this will likely lead to a deadlock.
  self.pid = os.fork()
I0424 20:21:09.245885 140269351306432 spec.py:346] Evaluating on the validation split.
I0424 20:22:11.000167 140269351306432 spec.py:363] Evaluating on the test split.
I0424 20:22:11.856902 140269351306432 submission_runner.py:516] Time since start: 92661.62s, 	Step: 108535, 	{'train/accuracy': 0.67142578125, 'train/loss': 2.452134094238281, 'validation/accuracy': 0.66444, 'validation/loss': 1.9937496875, 'validation/num_examples': 50000, 'test/accuracy': 0.6543, 'test/loss': 1.6574765625, 'test/num_examples': 10000, 'score': 87409.16011619568, 'total_duration': 92661.62185668945, 'accumulated_submission_time': 87409.16011619568, 'accumulated_eval_time': 4971.11546254158, 'accumulated_logging_time': 115.03722357749939}
I0424 20:22:13.180576 140249934063360 logging_writer.py:48] [108535] accumulated_eval_time=4971.12, accumulated_logging_time=115.037, accumulated_submission_time=87409.2, global_step=108535, preemption_count=0, score=87409.2, test/accuracy=0.6543, test/loss=1.65748, test/num_examples=10000, total_duration=92661.6, train/accuracy=0.671426, train/loss=2.45213, validation/accuracy=0.66444, validation/loss=1.99375, validation/num_examples=50000
I0424 21:05:14.300765 140269351306432 spec.py:333] Evaluating on the training split.
/usr/local/lib/python3.11/multiprocessing/popen_fork.py:66: RuntimeWarning: os.fork() was called. os.fork() is incompatible with multithreaded code, and JAX is multithreaded, so this will likely lead to a deadlock.
  self.pid = os.fork()
I0424 21:06:24.528191 140269351306432 spec.py:346] Evaluating on the validation split.
I0424 21:07:26.065305 140269351306432 spec.py:363] Evaluating on the test split.
I0424 21:07:26.915874 140269351306432 submission_runner.py:516] Time since start: 95376.68s, 	Step: 111859, 	{'train/accuracy': 0.74103515625, 'train/loss': 1.8186268615722656, 'validation/accuracy': 0.6429, 'validation/loss': 2.203750625, 'validation/num_examples': 50000, 'test/accuracy': 0.6564, 'test/loss': 1.6530818359375, 'test/num_examples': 10000, 'score': 89981.08668470383, 'total_duration': 95376.68092727661, 'accumulated_submission_time': 89981.08668470383, 'accumulated_eval_time': 5103.730549573898, 'accumulated_logging_time': 118.47793292999268}
I0424 21:07:28.319091 140248709269248 logging_writer.py:48] [111859] accumulated_eval_time=5103.73, accumulated_logging_time=118.478, accumulated_submission_time=89981.1, global_step=111859, preemption_count=0, score=89981.1, test/accuracy=0.6564, test/loss=1.65308, test/num_examples=10000, total_duration=95376.7, train/accuracy=0.741035, train/loss=1.81863, validation/accuracy=0.6429, validation/loss=2.20375, validation/num_examples=50000
I0424 21:50:23.998398 140269351306432 spec.py:333] Evaluating on the training split.
/usr/local/lib/python3.11/multiprocessing/popen_fork.py:66: RuntimeWarning: os.fork() was called. os.fork() is incompatible with multithreaded code, and JAX is multithreaded, so this will likely lead to a deadlock.
  self.pid = os.fork()
I0424 21:51:58.957700 140269351306432 spec.py:346] Evaluating on the validation split.
I0424 21:53:02.256306 140269351306432 spec.py:363] Evaluating on the test split.
I0424 21:53:03.110317 140269351306432 submission_runner.py:516] Time since start: 98112.88s, 	Step: 114961, 	{'train/accuracy': 0.7362890625, 'train/loss': 1.8697804260253905, 'validation/accuracy': 0.66214, 'validation/loss': 2.0127665625, 'validation/num_examples': 50000, 'test/accuracy': 0.661, 'test/loss': 1.6479115234375, 'test/num_examples': 10000, 'score': 92547.84044981003, 'total_duration': 98112.87537288666, 'accumulated_submission_time': 92547.84044981003, 'accumulated_eval_time': 5262.84254360199, 'accumulated_logging_time': 121.81507396697998}
I0424 21:53:04.131518 140248768018176 logging_writer.py:48] [114961] accumulated_eval_time=5262.84, accumulated_logging_time=121.815, accumulated_submission_time=92547.8, global_step=114961, preemption_count=0, score=92547.8, test/accuracy=0.661, test/loss=1.64791, test/num_examples=10000, total_duration=98112.9, train/accuracy=0.736289, train/loss=1.86978, validation/accuracy=0.66214, validation/loss=2.01277, validation/num_examples=50000
I0424 22:35:58.881395 140269351306432 spec.py:333] Evaluating on the training split.
/usr/local/lib/python3.11/multiprocessing/popen_fork.py:66: RuntimeWarning: os.fork() was called. os.fork() is incompatible with multithreaded code, and JAX is multithreaded, so this will likely lead to a deadlock.
  self.pid = os.fork()
I0424 22:37:18.018100 140269351306432 spec.py:346] Evaluating on the validation split.
I0424 22:38:20.977253 140269351306432 spec.py:363] Evaluating on the test split.
I0424 22:38:21.851016 140269351306432 submission_runner.py:516] Time since start: 100831.62s, 	Step: 118239, 	{'train/accuracy': 0.7207421875, 'train/loss': 2.0198402404785156, 'validation/accuracy': 0.65228, 'validation/loss': 2.11304859375, 'validation/num_examples': 50000, 'test/accuracy': 0.6619, 'test/loss': 1.6427185546875, 'test/num_examples': 10000, 'score': 95114.06732821465, 'total_duration': 100831.61604785919, 'accumulated_submission_time': 95114.06732821465, 'accumulated_eval_time': 5405.8121654987335, 'accumulated_logging_time': 124.51971697807312}
I0424 22:38:23.303879 140248751232768 logging_writer.py:48] [118239] accumulated_eval_time=5405.81, accumulated_logging_time=124.52, accumulated_submission_time=95114.1, global_step=118239, preemption_count=0, score=95114.1, test/accuracy=0.6619, test/loss=1.64272, test/num_examples=10000, total_duration=100832, train/accuracy=0.720742, train/loss=2.01984, validation/accuracy=0.65228, validation/loss=2.11305, validation/num_examples=50000
I0424 23:21:15.804864 140248826767104 logging_writer.py:48] [121318] global_step=121318, preemption_count=0, score=97679.9
I0424 23:21:21.942279 140269351306432 submission_runner.py:857] Final imagenet_vit score: 97679.94003081322
