torchrun --redirects 1:0,2:0,3:0 --standalone --nnodes=1 --nproc_per_node=4 submission_runner.py --framework=pytorch --workload=finewebedu_lm --submission_path=submissions_algorithms/submissions/self_tuning/schedule_free_adamw_v2/submission.py --data_dir=/data/fineweb_edu_10B --experiment_dir=/experiment_runs --experiment_name=submissions_a100/schedule_free_adamw_v2/study_0 --overwrite=True --save_checkpoints=False --rng_seed=183180066 --torch_compile=true --tuning_ruleset=self 2>&1 | tee -a /logs/finewebedu_lm_pytorch_04-03-2026-21-31-59.log
W0403 21:32:01.516000 9 site-packages/torch/distributed/run.py:803] 
W0403 21:32:01.516000 9 site-packages/torch/distributed/run.py:803] *****************************************
W0403 21:32:01.516000 9 site-packages/torch/distributed/run.py:803] Setting OMP_NUM_THREADS environment variable for each process to be 1 in default, to avoid your system being overloaded, please further tune the variable for optimal performance in your application as needed. 
W0403 21:32:01.516000 9 site-packages/torch/distributed/run.py:803] *****************************************
2026-04-03 21:32:03.283934: E external/local_xla/xla/stream_executor/cuda/cuda_fft.cc:467] Unable to register cuFFT factory: Attempting to register factory for plugin cuFFT when one has already been registered
2026-04-03 21:32:03.283934: E external/local_xla/xla/stream_executor/cuda/cuda_fft.cc:467] Unable to register cuFFT factory: Attempting to register factory for plugin cuFFT when one has already been registered
2026-04-03 21:32:03.283933: E external/local_xla/xla/stream_executor/cuda/cuda_fft.cc:467] Unable to register cuFFT factory: Attempting to register factory for plugin cuFFT when one has already been registered
2026-04-03 21:32:03.283957: E external/local_xla/xla/stream_executor/cuda/cuda_fft.cc:467] Unable to register cuFFT factory: Attempting to register factory for plugin cuFFT when one has already been registered
WARNING: All log messages before absl::InitializeLog() is called are written to STDERR
E0000 00:00:1775251923.304613      40 cuda_dnn.cc:8579] Unable to register cuDNN factory: Attempting to register factory for plugin cuDNN when one has already been registered
WARNING: All log messages before absl::InitializeLog() is called are written to STDERR
E0000 00:00:1775251923.304618      39 cuda_dnn.cc:8579] Unable to register cuDNN factory: Attempting to register factory for plugin cuDNN when one has already been registered
WARNING: All log messages before absl::InitializeLog() is called are written to STDERR
E0000 00:00:1775251923.304647      38 cuda_dnn.cc:8579] Unable to register cuDNN factory: Attempting to register factory for plugin cuDNN when one has already been registered
WARNING: All log messages before absl::InitializeLog() is called are written to STDERR
E0000 00:00:1775251923.304648      41 cuda_dnn.cc:8579] Unable to register cuDNN factory: Attempting to register factory for plugin cuDNN when one has already been registered
E0000 00:00:1775251923.311378      41 cuda_blas.cc:1407] Unable to register cuBLAS factory: Attempting to register factory for plugin cuBLAS when one has already been registered
E0000 00:00:1775251923.311378      40 cuda_blas.cc:1407] Unable to register cuBLAS factory: Attempting to register factory for plugin cuBLAS when one has already been registered
E0000 00:00:1775251923.311378      39 cuda_blas.cc:1407] Unable to register cuBLAS factory: Attempting to register factory for plugin cuBLAS when one has already been registered
E0000 00:00:1775251923.311381      38 cuda_blas.cc:1407] Unable to register cuBLAS factory: Attempting to register factory for plugin cuBLAS when one has already been registered
W0000 00:00:1775251923.328251      41 computation_placer.cc:177] computation placer already registered. Please check linkage and avoid linking the same target more than once.
W0000 00:00:1775251923.328252      39 computation_placer.cc:177] computation placer already registered. Please check linkage and avoid linking the same target more than once.
W0000 00:00:1775251923.328254      38 computation_placer.cc:177] computation placer already registered. Please check linkage and avoid linking the same target more than once.
W0000 00:00:1775251923.328249      40 computation_placer.cc:177] computation placer already registered. Please check linkage and avoid linking the same target more than once.
W0000 00:00:1775251923.328274      38 computation_placer.cc:177] computation placer already registered. Please check linkage and avoid linking the same target more than once.
W0000 00:00:1775251923.328274      39 computation_placer.cc:177] computation placer already registered. Please check linkage and avoid linking the same target more than once.
W0000 00:00:1775251923.328276      38 computation_placer.cc:177] computation placer already registered. Please check linkage and avoid linking the same target more than once.
W0000 00:00:1775251923.328276      41 computation_placer.cc:177] computation placer already registered. Please check linkage and avoid linking the same target more than once.
W0000 00:00:1775251923.328277      40 computation_placer.cc:177] computation placer already registered. Please check linkage and avoid linking the same target more than once.
W0000 00:00:1775251923.328278      38 computation_placer.cc:177] computation placer already registered. Please check linkage and avoid linking the same target more than once.
W0000 00:00:1775251923.328277      39 computation_placer.cc:177] computation placer already registered. Please check linkage and avoid linking the same target more than once.
W0000 00:00:1775251923.328278      41 computation_placer.cc:177] computation placer already registered. Please check linkage and avoid linking the same target more than once.
W0000 00:00:1775251923.328279      40 computation_placer.cc:177] computation placer already registered. Please check linkage and avoid linking the same target more than once.
W0000 00:00:1775251923.328280      41 computation_placer.cc:177] computation placer already registered. Please check linkage and avoid linking the same target more than once.
W0000 00:00:1775251923.328281      39 computation_placer.cc:177] computation placer already registered. Please check linkage and avoid linking the same target more than once.
W0000 00:00:1775251923.328281      40 computation_placer.cc:177] computation placer already registered. Please check linkage and avoid linking the same target more than once.
W0000 00:00:1775251928.902233      38 gpu_device.cc:2341] Cannot dlopen some GPU libraries. Please make sure the missing libraries mentioned above are installed properly if you would like to use GPU. Follow the guide at https://www.tensorflow.org/install/gpu for how to download and setup the required libraries for your platform.
Skipping registering GPU devices...
W0000 00:00:1775251929.056443      39 gpu_device.cc:2341] Cannot dlopen some GPU libraries. Please make sure the missing libraries mentioned above are installed properly if you would like to use GPU. Follow the guide at https://www.tensorflow.org/install/gpu for how to download and setup the required libraries for your platform.
Skipping registering GPU devices...
W0000 00:00:1775251929.239110      41 gpu_device.cc:2341] Cannot dlopen some GPU libraries. Please make sure the missing libraries mentioned above are installed properly if you would like to use GPU. Follow the guide at https://www.tensorflow.org/install/gpu for how to download and setup the required libraries for your platform.
Skipping registering GPU devices...
W0000 00:00:1775251929.240046      40 gpu_device.cc:2341] Cannot dlopen some GPU libraries. Please make sure the missing libraries mentioned above are installed properly if you would like to use GPU. Follow the guide at https://www.tensorflow.org/install/gpu for how to download and setup the required libraries for your platform.
Skipping registering GPU devices...
/usr/local/lib/python3.11/site-packages/torch/__init__.py:1617: UserWarning: Please use the new API settings to control TF32 behavior, such as torch.backends.cudnn.conv.fp32_precision = 'tf32' or torch.backends.cuda.matmul.fp32_precision = 'ieee'. Old settings, e.g, torch.backends.cuda.matmul.allow_tf32 = True, torch.backends.cudnn.allow_tf32 = True, allowTF32CuDNN() and allowTF32CuBLAS() will be deprecated after Pytorch 2.9. Please see https://pytorch.org/docs/main/notes/cuda.html#tensorfloat-32-tf32-on-ampere-and-later-devices (Triggered internally at /pytorch/aten/src/ATen/Context.cpp:80.)
  _C._set_float32_matmul_precision(precision)
/usr/local/lib/python3.11/site-packages/torch/__init__.py:1617: UserWarning: Please use the new API settings to control TF32 behavior, such as torch.backends.cudnn.conv.fp32_precision = 'tf32' or torch.backends.cuda.matmul.fp32_precision = 'ieee'. Old settings, e.g, torch.backends.cuda.matmul.allow_tf32 = True, torch.backends.cudnn.allow_tf32 = True, allowTF32CuDNN() and allowTF32CuBLAS() will be deprecated after Pytorch 2.9. Please see https://pytorch.org/docs/main/notes/cuda.html#tensorfloat-32-tf32-on-ampere-and-later-devices (Triggered internally at /pytorch/aten/src/ATen/Context.cpp:80.)
  _C._set_float32_matmul_precision(precision)
/usr/local/lib/python3.11/site-packages/torch/__init__.py:1617: UserWarning: Please use the new API settings to control TF32 behavior, such as torch.backends.cudnn.conv.fp32_precision = 'tf32' or torch.backends.cuda.matmul.fp32_precision = 'ieee'. Old settings, e.g, torch.backends.cuda.matmul.allow_tf32 = True, torch.backends.cudnn.allow_tf32 = True, allowTF32CuDNN() and allowTF32CuBLAS() will be deprecated after Pytorch 2.9. Please see https://pytorch.org/docs/main/notes/cuda.html#tensorfloat-32-tf32-on-ampere-and-later-devices (Triggered internally at /pytorch/aten/src/ATen/Context.cpp:80.)
  _C._set_float32_matmul_precision(precision)
/usr/local/lib/python3.11/site-packages/torch/__init__.py:1617: UserWarning: Please use the new API settings to control TF32 behavior, such as torch.backends.cudnn.conv.fp32_precision = 'tf32' or torch.backends.cuda.matmul.fp32_precision = 'ieee'. Old settings, e.g, torch.backends.cuda.matmul.allow_tf32 = True, torch.backends.cudnn.allow_tf32 = True, allowTF32CuDNN() and allowTF32CuBLAS() will be deprecated after Pytorch 2.9. Please see https://pytorch.org/docs/main/notes/cuda.html#tensorfloat-32-tf32-on-ampere-and-later-devices (Triggered internally at /pytorch/aten/src/ATen/Context.cpp:80.)
  _C._set_float32_matmul_precision(precision)
/usr/local/lib/python3.11/site-packages/pydantic/_internal/_generate_schema.py:2249: UnsupportedFieldAttributeWarning: The 'repr' attribute with value False was provided to the `Field()` function, which has no effect in the context it was used. 'repr' is field-specific metadata, and can only be attached to a model field using `Annotated` metadata or by assignment. This may have happened because an `Annotated` type alias using the `type` statement was used, or if the `Field()` function was attached to a single member of a union type.
  warnings.warn(
/usr/local/lib/python3.11/site-packages/pydantic/_internal/_generate_schema.py:2249: UnsupportedFieldAttributeWarning: The 'frozen' attribute with value True was provided to the `Field()` function, which has no effect in the context it was used. 'frozen' is field-specific metadata, and can only be attached to a model field using `Annotated` metadata or by assignment. This may have happened because an `Annotated` type alias using the `type` statement was used, or if the `Field()` function was attached to a single member of a union type.
  warnings.warn(
/usr/local/lib/python3.11/site-packages/pydantic/_internal/_generate_schema.py:2249: UnsupportedFieldAttributeWarning: The 'repr' attribute with value False was provided to the `Field()` function, which has no effect in the context it was used. 'repr' is field-specific metadata, and can only be attached to a model field using `Annotated` metadata or by assignment. This may have happened because an `Annotated` type alias using the `type` statement was used, or if the `Field()` function was attached to a single member of a union type.
  warnings.warn(
/usr/local/lib/python3.11/site-packages/pydantic/_internal/_generate_schema.py:2249: UnsupportedFieldAttributeWarning: The 'frozen' attribute with value True was provided to the `Field()` function, which has no effect in the context it was used. 'frozen' is field-specific metadata, and can only be attached to a model field using `Annotated` metadata or by assignment. This may have happened because an `Annotated` type alias using the `type` statement was used, or if the `Field()` function was attached to a single member of a union type.
  warnings.warn(
/usr/local/lib/python3.11/site-packages/pydantic/_internal/_generate_schema.py:2249: UnsupportedFieldAttributeWarning: The 'repr' attribute with value False was provided to the `Field()` function, which has no effect in the context it was used. 'repr' is field-specific metadata, and can only be attached to a model field using `Annotated` metadata or by assignment. This may have happened because an `Annotated` type alias using the `type` statement was used, or if the `Field()` function was attached to a single member of a union type.
  warnings.warn(
/usr/local/lib/python3.11/site-packages/pydantic/_internal/_generate_schema.py:2249: UnsupportedFieldAttributeWarning: The 'frozen' attribute with value True was provided to the `Field()` function, which has no effect in the context it was used. 'frozen' is field-specific metadata, and can only be attached to a model field using `Annotated` metadata or by assignment. This may have happened because an `Annotated` type alias using the `type` statement was used, or if the `Field()` function was attached to a single member of a union type.
  warnings.warn(
/usr/local/lib/python3.11/site-packages/pydantic/_internal/_generate_schema.py:2249: UnsupportedFieldAttributeWarning: The 'repr' attribute with value False was provided to the `Field()` function, which has no effect in the context it was used. 'repr' is field-specific metadata, and can only be attached to a model field using `Annotated` metadata or by assignment. This may have happened because an `Annotated` type alias using the `type` statement was used, or if the `Field()` function was attached to a single member of a union type.
  warnings.warn(
/usr/local/lib/python3.11/site-packages/pydantic/_internal/_generate_schema.py:2249: UnsupportedFieldAttributeWarning: The 'frozen' attribute with value True was provided to the `Field()` function, which has no effect in the context it was used. 'frozen' is field-specific metadata, and can only be attached to a model field using `Annotated` metadata or by assignment. This may have happened because an `Annotated` type alias using the `type` statement was used, or if the `Field()` function was attached to a single member of a union type.
  warnings.warn(
/usr/local/lib/python3.11/site-packages/torch/distributed/distributed_c10d.py:4876: UserWarning: barrier(): using the device under current context. You can specify `device_id` in `init_process_group` to mute this warning.
  warnings.warn(  # warn only once
[rank0]:[W403 21:32:10.182320261 ProcessGroupNCCL.cpp:5068] Guessing device ID based on global rank. This can cause a hang if rank to GPU mapping is heterogeneous. You can specify device_id in init_process_group()
I0403 21:32:11.878893 140145160606912 logger_utils.py:84] Creating experiment directory at /experiment_runs/submissions_a100/schedule_free_adamw_v2/study_0/finewebedu_lm_pytorch.
I0403 21:32:11.878892 140286298555584 logger_utils.py:84] Creating experiment directory at /experiment_runs/submissions_a100/schedule_free_adamw_v2/study_0/finewebedu_lm_pytorch.
I0403 21:32:11.878893 140079768782016 logger_utils.py:84] Creating experiment directory at /experiment_runs/submissions_a100/schedule_free_adamw_v2/study_0/finewebedu_lm_pytorch.
I0403 21:32:11.878915 140033333093568 logger_utils.py:84] Creating experiment directory at /experiment_runs/submissions_a100/schedule_free_adamw_v2/study_0/finewebedu_lm_pytorch.
I0403 21:32:11.947798 140286298555584 submission_runner.py:741] Creating directory at /experiment_runs/submissions_a100/schedule_free_adamw_v2/study_0/finewebedu_lm_pytorch/trial_1.
I0403 21:32:12.195917 140286298555584 submission_runner.py:242] Initializing dataset.
I0403 21:32:12.196084 140286298555584 submission_runner.py:251] Initializing model.
I0403 21:32:18.602179 140286298555584 submission_runner.py:290] Performing `torch.compile`.
I0403 21:32:19.972450 140286298555584 submission_runner.py:294] Initializing optimizer.
I0403 21:32:19.973088 140286298555584 submission_runner.py:299] Initializing metrics bundle.
I0403 21:32:19.973239 140286298555584 submission_runner.py:321] Initializing checkpoint and logger.
I0403 21:32:19.977837 140286298555584 submission_runner.py:344] Saving meta data to /experiment_runs/submissions_a100/schedule_free_adamw_v2/study_0/finewebedu_lm_pytorch/trial_1/meta_data_0.json.
I0403 21:32:19.977891 140033333093568 logger_utils.py:283] Unable to record workload.train_mean information. Continuing without it.
I0403 21:32:19.977916 140079768782016 logger_utils.py:283] Unable to record workload.train_mean information. Continuing without it.
I0403 21:32:19.978020 140286298555584 logger_utils.py:283] Unable to record workload.train_mean information. Continuing without it.
I0403 21:32:19.977963 140145160606912 logger_utils.py:283] Unable to record workload.train_mean information. Continuing without it.
I0403 21:32:19.978034 140033333093568 logger_utils.py:283] Unable to record workload.train_stddev information. Continuing without it.
I0403 21:32:19.978060 140079768782016 logger_utils.py:283] Unable to record workload.train_stddev information. Continuing without it.
I0403 21:32:19.978079 140286298555584 logger_utils.py:283] Unable to record workload.train_stddev information. Continuing without it.
I0403 21:32:19.978098 140145160606912 logger_utils.py:283] Unable to record workload.train_stddev information. Continuing without it.
I0403 21:32:20.268263 140286298555584 submission_runner.py:348] Saving flags to /experiment_runs/submissions_a100/schedule_free_adamw_v2/study_0/finewebedu_lm_pytorch/trial_1/flags_0.json.
I0403 21:32:20.286685 140286298555584 submission_runner.py:359] Starting training loop.
[rank0]:W0403 21:32:22.446000 38 site-packages/torch/_logging/_internal.py:1199] [0/0] Profiler function <class 'torch.autograd.profiler.record_function'> will be ignored
[rank1]:W0403 21:32:22.460000 39 site-packages/torch/_logging/_internal.py:1199] [0/0] Profiler function <class 'torch.autograd.profiler.record_function'> will be ignored
[rank3]:W0403 21:32:22.490000 41 site-packages/torch/_logging/_internal.py:1199] [0/0] Profiler function <class 'torch.autograd.profiler.record_function'> will be ignored
[rank2]:W0403 21:32:22.507000 40 site-packages/torch/_logging/_internal.py:1199] [0/0] Profiler function <class 'torch.autograd.profiler.record_function'> will be ignored
I0403 21:33:01.623703 140286298555584 spec.py:333] Evaluating on the training split.
/usr/local/lib/python3.11/site-packages/torch/_dynamo/variables/functions.py:1598: UserWarning: Dynamo does not know how to trace the builtin `torch._C._distributed_c10d.pybind11_detail_function_record_v1_system_libstdcpp_gxx_abi_1xxx_use_cxx11_abi_1._broadcast_coalesced.` This function is either a Python builtin (e.g. _warnings.warn) or a third-party C/C++ Python extension (perhaps created with pybind).
If it is a Python builtin, please file an issue on GitHub so the PyTorch team can add support for it and see the next case for a workaround.
If it is a third-party C/C++ Python extension, please either wrap it into a PyTorch-understood custom operator (see https://pytorch.org/tutorials/advanced/custom_ops_landing_page.html for more details) or, if it is traceable, use `torch.compiler.allow_in_graph`.
  torch._dynamo.utils.warn_once(explanation + "\n" + "\n".join(hints))
/usr/local/lib/python3.11/site-packages/torch/_dynamo/variables/functions.py:1598: UserWarning: Dynamo does not know how to trace the builtin `torch._C._distributed_c10d.pybind11_detail_function_record_v1_system_libstdcpp_gxx_abi_1xxx_use_cxx11_abi_1._broadcast_coalesced.` This function is either a Python builtin (e.g. _warnings.warn) or a third-party C/C++ Python extension (perhaps created with pybind).
If it is a Python builtin, please file an issue on GitHub so the PyTorch team can add support for it and see the next case for a workaround.
If it is a third-party C/C++ Python extension, please either wrap it into a PyTorch-understood custom operator (see https://pytorch.org/tutorials/advanced/custom_ops_landing_page.html for more details) or, if it is traceable, use `torch.compiler.allow_in_graph`.
  torch._dynamo.utils.warn_once(explanation + "\n" + "\n".join(hints))
/usr/local/lib/python3.11/site-packages/torch/_dynamo/variables/functions.py:1598: UserWarning: Dynamo does not know how to trace the builtin `torch._C._distributed_c10d.pybind11_detail_function_record_v1_system_libstdcpp_gxx_abi_1xxx_use_cxx11_abi_1._broadcast_coalesced.` This function is either a Python builtin (e.g. _warnings.warn) or a third-party C/C++ Python extension (perhaps created with pybind).
If it is a Python builtin, please file an issue on GitHub so the PyTorch team can add support for it and see the next case for a workaround.
If it is a third-party C/C++ Python extension, please either wrap it into a PyTorch-understood custom operator (see https://pytorch.org/tutorials/advanced/custom_ops_landing_page.html for more details) or, if it is traceable, use `torch.compiler.allow_in_graph`.
  torch._dynamo.utils.warn_once(explanation + "\n" + "\n".join(hints))
/usr/local/lib/python3.11/site-packages/torch/_dynamo/variables/functions.py:1598: UserWarning: Dynamo does not know how to trace the builtin `torch._C._distributed_c10d.pybind11_detail_function_record_v1_system_libstdcpp_gxx_abi_1xxx_use_cxx11_abi_1._broadcast_coalesced.` This function is either a Python builtin (e.g. _warnings.warn) or a third-party C/C++ Python extension (perhaps created with pybind).
If it is a Python builtin, please file an issue on GitHub so the PyTorch team can add support for it and see the next case for a workaround.
If it is a third-party C/C++ Python extension, please either wrap it into a PyTorch-understood custom operator (see https://pytorch.org/tutorials/advanced/custom_ops_landing_page.html for more details) or, if it is traceable, use `torch.compiler.allow_in_graph`.
  torch._dynamo.utils.warn_once(explanation + "\n" + "\n".join(hints))
I0403 21:33:57.737410 140286298555584 spec.py:346] Evaluating on the validation split.
I0403 21:36:42.748360 140286298555584 spec.py:363] Evaluating on the test split.
I0403 21:36:42.748996 140286298555584 submission_runner.py:516] Time since start: 262.46s, 	Step: 1, 	{'train/loss': 10.870528411865234, 'train/ppl': 52602.99897662387, 'validation/loss': 10.870165890744884, 'validation/ppl': 52583.93273466763, 'validation/num_examples': 100000, 'test/loss': 0.0, 'test/ppl': 1.0, 'test/num_examples': 0, 'score': 40.73595309257507, 'total_duration': 262.4623110294342, 'accumulated_submission_time': 40.73595309257507, 'accumulated_eval_time': 221.125262260437, 'accumulated_logging_time': 0}
I0403 21:36:42.779437 140257088587520 logging_writer.py:48] [1] accumulated_eval_time=221.125, accumulated_logging_time=0, accumulated_submission_time=40.736, global_step=1, preemption_count=0, score=40.736, test/loss=0, test/num_examples=0, test/ppl=1, total_duration=262.462, train/loss=10.8705, train/ppl=52603, validation/loss=10.8702, validation/num_examples=100000, validation/ppl=52583.9
I0403 22:19:34.315288 140286298555584 spec.py:333] Evaluating on the training split.
I0403 22:19:51.469216 140286298555584 spec.py:346] Evaluating on the validation split.
I0403 22:22:36.193856 140286298555584 spec.py:363] Evaluating on the test split.
I0403 22:22:36.194453 140286298555584 submission_runner.py:516] Time since start: 3015.91s, 	Step: 6486, 	{'train/loss': 3.7136837005615235, 'train/ppl': 41.00457724362877, 'validation/loss': 3.709670279032129, 'validation/ppl': 40.84033839084643, 'validation/num_examples': 100000, 'test/loss': 0.0, 'test/ppl': 1.0, 'test/num_examples': 0, 'score': 2609.0001788139343, 'total_duration': 3015.9077882766724, 'accumulated_submission_time': 2609.0001788139343, 'accumulated_eval_time': 403.004412651062, 'accumulated_logging_time': 0.06377315521240234}
I0403 22:22:36.234475 140257080194816 logging_writer.py:48] [6486] accumulated_eval_time=403.004, accumulated_logging_time=0.0637732, accumulated_submission_time=2609, global_step=6486, preemption_count=0, score=2609, test/loss=0, test/num_examples=0, test/ppl=1, total_duration=3015.91, train/loss=3.71368, train/ppl=41.0046, validation/loss=3.70967, validation/num_examples=100000, validation/ppl=40.8403
I0403 23:05:28.130755 140286298555584 spec.py:333] Evaluating on the training split.
I0403 23:05:45.249041 140286298555584 spec.py:346] Evaluating on the validation split.
I0403 23:08:29.710816 140286298555584 spec.py:363] Evaluating on the test split.
I0403 23:08:29.711463 140286298555584 submission_runner.py:516] Time since start: 5769.42s, 	Step: 12978, 	{'train/loss': 3.5002586364746096, 'train/ppl': 33.12401793013059, 'validation/loss': 3.4931921605258953, 'validation/ppl': 32.89077293476901, 'validation/num_examples': 100000, 'test/loss': 0.0, 'test/ppl': 1.0, 'test/num_examples': 0, 'score': 5177.871380567551, 'total_duration': 5769.42476439476, 'accumulated_submission_time': 5177.871380567551, 'accumulated_eval_time': 584.5850706100464, 'accumulated_logging_time': 0.11162495613098145}
I0403 23:08:29.746829 140257088587520 logging_writer.py:48] [12978] accumulated_eval_time=584.585, accumulated_logging_time=0.111625, accumulated_submission_time=5177.87, global_step=12978, preemption_count=0, score=5177.87, test/loss=0, test/num_examples=0, test/ppl=1, total_duration=5769.42, train/loss=3.50026, train/ppl=33.124, validation/loss=3.49319, validation/num_examples=100000, validation/ppl=32.8908
I0403 23:51:21.401559 140286298555584 spec.py:333] Evaluating on the training split.
I0403 23:51:38.659525 140286298555584 spec.py:346] Evaluating on the validation split.
I0403 23:54:23.074395 140286298555584 spec.py:363] Evaluating on the test split.
I0403 23:54:23.074994 140286298555584 submission_runner.py:516] Time since start: 8522.79s, 	Step: 19475, 	{'train/loss': 3.410749053955078, 'train/ppl': 30.287923053073655, 'validation/loss': 3.402904461716752, 'validation/ppl': 30.051256138356408, 'validation/num_examples': 100000, 'test/loss': 0.0, 'test/ppl': 1.0, 'test/num_examples': 0, 'score': 7746.634620666504, 'total_duration': 8522.788330078125, 'accumulated_submission_time': 7746.634620666504, 'accumulated_eval_time': 766.2584655284882, 'accumulated_logging_time': 0.1547558307647705}
I0403 23:54:23.111091 140257080194816 logging_writer.py:48] [19475] accumulated_eval_time=766.258, accumulated_logging_time=0.154756, accumulated_submission_time=7746.63, global_step=19475, preemption_count=0, score=7746.63, test/loss=0, test/num_examples=0, test/ppl=1, total_duration=8522.79, train/loss=3.41075, train/ppl=30.2879, validation/loss=3.4029, validation/num_examples=100000, validation/ppl=30.0513
I0404 00:37:14.645254 140286298555584 spec.py:333] Evaluating on the training split.
I0404 00:37:31.901430 140286298555584 spec.py:346] Evaluating on the validation split.
I0404 00:40:16.286319 140286298555584 spec.py:363] Evaluating on the test split.
I0404 00:40:16.286932 140286298555584 submission_runner.py:516] Time since start: 11276.00s, 	Step: 25973, 	{'train/loss': 3.3521568298339846, 'train/ppl': 28.564275533875282, 'validation/loss': 3.342832131154092, 'validation/ppl': 28.299160252547857, 'validation/num_examples': 100000, 'test/loss': 0.0, 'test/ppl': 1.0, 'test/num_examples': 0, 'score': 10315.336771965027, 'total_duration': 11276.000258922577, 'accumulated_submission_time': 10315.336771965027, 'accumulated_eval_time': 947.9000573158264, 'accumulated_logging_time': 0.19820356369018555}
I0404 00:40:16.321758 140257088587520 logging_writer.py:48] [25973] accumulated_eval_time=947.9, accumulated_logging_time=0.198204, accumulated_submission_time=10315.3, global_step=25973, preemption_count=0, score=10315.3, test/loss=0, test/num_examples=0, test/ppl=1, total_duration=11276, train/loss=3.35216, train/ppl=28.5643, validation/loss=3.34283, validation/num_examples=100000, validation/ppl=28.2992
I0404 01:23:08.030400 140286298555584 spec.py:333] Evaluating on the training split.
I0404 01:23:25.272453 140286298555584 spec.py:346] Evaluating on the validation split.
I0404 01:26:09.632961 140286298555584 spec.py:363] Evaluating on the test split.
I0404 01:26:09.633533 140286298555584 submission_runner.py:516] Time since start: 14029.35s, 	Step: 32473, 	{'train/loss': 3.3344627380371095, 'train/ppl': 28.063301828208314, 'validation/loss': 3.325986428029092, 'validation/ppl': 27.826433883332037, 'validation/num_examples': 100000, 'test/loss': 0.0, 'test/ppl': 1.0, 'test/num_examples': 0, 'score': 12884.25107550621, 'total_duration': 14029.346889257431, 'accumulated_submission_time': 12884.25107550621, 'accumulated_eval_time': 1129.5031523704529, 'accumulated_logging_time': 0.24039745330810547}
I0404 01:26:09.670881 140257080194816 logging_writer.py:48] [32473] accumulated_eval_time=1129.5, accumulated_logging_time=0.240397, accumulated_submission_time=12884.3, global_step=32473, preemption_count=0, score=12884.3, test/loss=0, test/num_examples=0, test/ppl=1, total_duration=14029.3, train/loss=3.33446, train/ppl=28.0633, validation/loss=3.32599, validation/num_examples=100000, validation/ppl=27.8264
I0404 02:09:01.174466 140286298555584 spec.py:333] Evaluating on the training split.
I0404 02:09:18.430082 140286298555584 spec.py:346] Evaluating on the validation split.
I0404 02:12:02.792559 140286298555584 spec.py:363] Evaluating on the test split.
I0404 02:12:02.793146 140286298555584 submission_runner.py:516] Time since start: 16782.51s, 	Step: 38972, 	{'train/loss': 3.297350311279297, 'train/ppl': 27.040893960003707, 'validation/loss': 3.2884065671954925, 'validation/ppl': 26.800125415682118, 'validation/num_examples': 100000, 'test/loss': 0.0, 'test/ppl': 1.0, 'test/num_examples': 0, 'score': 15452.960270404816, 'total_duration': 16782.50648522377, 'accumulated_submission_time': 15452.960270404816, 'accumulated_eval_time': 1311.1217594146729, 'accumulated_logging_time': 0.2849400043487549}
I0404 02:12:02.832069 140257088587520 logging_writer.py:48] [38972] accumulated_eval_time=1311.12, accumulated_logging_time=0.28494, accumulated_submission_time=15453, global_step=38972, preemption_count=0, score=15453, test/loss=0, test/num_examples=0, test/ppl=1, total_duration=16782.5, train/loss=3.29735, train/ppl=27.0409, validation/loss=3.28841, validation/num_examples=100000, validation/ppl=26.8001
I0404 02:54:54.650305 140286298555584 spec.py:333] Evaluating on the training split.
I0404 02:55:11.917543 140286298555584 spec.py:346] Evaluating on the validation split.
I0404 02:57:56.301946 140286298555584 spec.py:363] Evaluating on the test split.
I0404 02:57:56.302494 140286298555584 submission_runner.py:516] Time since start: 19536.02s, 	Step: 45472, 	{'train/loss': 3.267497253417969, 'train/ppl': 26.24557106365399, 'validation/loss': 3.257632672634271, 'validation/ppl': 25.98794229672432, 'validation/num_examples': 100000, 'test/loss': 0.0, 'test/ppl': 1.0, 'test/num_examples': 0, 'score': 18021.989740371704, 'total_duration': 19536.01586318016, 'accumulated_submission_time': 18021.989740371704, 'accumulated_eval_time': 1492.7739129066467, 'accumulated_logging_time': 0.33096933364868164}
I0404 02:57:56.343040 140257080194816 logging_writer.py:48] [45472] accumulated_eval_time=1492.77, accumulated_logging_time=0.330969, accumulated_submission_time=18022, global_step=45472, preemption_count=0, score=18022, test/loss=0, test/num_examples=0, test/ppl=1, total_duration=19536, train/loss=3.2675, train/ppl=26.2456, validation/loss=3.25763, validation/num_examples=100000, validation/ppl=25.9879
I0404 03:40:47.950710 140286298555584 spec.py:333] Evaluating on the training split.
I0404 03:41:05.212255 140286298555584 spec.py:346] Evaluating on the validation split.
I0404 03:43:49.617734 140286298555584 spec.py:363] Evaluating on the test split.
I0404 03:43:49.618298 140286298555584 submission_runner.py:516] Time since start: 22289.33s, 	Step: 51971, 	{'train/loss': 3.250609588623047, 'train/ppl': 25.806066207788025, 'validation/loss': 3.2403748651294757, 'validation/ppl': 25.543295243533176, 'validation/num_examples': 100000, 'test/loss': 0.0, 'test/ppl': 1.0, 'test/num_examples': 0, 'score': 20590.799481630325, 'total_duration': 22289.33166027069, 'accumulated_submission_time': 20590.799481630325, 'accumulated_eval_time': 1674.4414458274841, 'accumulated_logging_time': 0.37868690490722656}
I0404 03:43:49.657632 140257088587520 logging_writer.py:48] [51971] accumulated_eval_time=1674.44, accumulated_logging_time=0.378687, accumulated_submission_time=20590.8, global_step=51971, preemption_count=0, score=20590.8, test/loss=0, test/num_examples=0, test/ppl=1, total_duration=22289.3, train/loss=3.25061, train/ppl=25.8061, validation/loss=3.24037, validation/num_examples=100000, validation/ppl=25.5433
I0404 04:26:41.163466 140286298555584 spec.py:333] Evaluating on the training split.
I0404 04:26:58.419109 140286298555584 spec.py:346] Evaluating on the validation split.
I0404 04:29:42.827972 140286298555584 spec.py:363] Evaluating on the test split.
I0404 04:29:42.828517 140286298555584 submission_runner.py:516] Time since start: 25042.54s, 	Step: 58469, 	{'train/loss': 3.2485073089599608, 'train/ppl': 25.751871625658836, 'validation/loss': 3.2383867736972505, 'validation/ppl': 25.492563283705913, 'validation/num_examples': 100000, 'test/loss': 0.0, 'test/ppl': 1.0, 'test/num_examples': 0, 'score': 23159.52818274498, 'total_duration': 25042.541894197464, 'accumulated_submission_time': 23159.52818274498, 'accumulated_eval_time': 1856.106458902359, 'accumulated_logging_time': 0.4252586364746094}
I0404 04:29:42.868355 140257080194816 logging_writer.py:48] [58469] accumulated_eval_time=1856.11, accumulated_logging_time=0.425259, accumulated_submission_time=23159.5, global_step=58469, preemption_count=0, score=23159.5, test/loss=0, test/num_examples=0, test/ppl=1, total_duration=25042.5, train/loss=3.24851, train/ppl=25.7519, validation/loss=3.23839, validation/num_examples=100000, validation/ppl=25.4926
I0404 05:12:34.704731 140286298555584 spec.py:333] Evaluating on the training split.
I0404 05:12:51.958528 140286298555584 spec.py:346] Evaluating on the validation split.
I0404 05:15:36.380162 140286298555584 spec.py:363] Evaluating on the test split.
I0404 05:15:36.380707 140286298555584 submission_runner.py:516] Time since start: 27796.09s, 	Step: 64968, 	{'train/loss': 3.219265365600586, 'train/ppl': 25.009740415330718, 'validation/loss': 3.208542299392583, 'validation/ppl': 24.74299204918893, 'validation/num_examples': 100000, 'test/loss': 0.0, 'test/ppl': 1.0, 'test/num_examples': 0, 'score': 25728.584080696106, 'total_duration': 27796.094089508057, 'accumulated_submission_time': 25728.584080696106, 'accumulated_eval_time': 2037.7823894023895, 'accumulated_logging_time': 0.4723351001739502}
I0404 05:15:36.421035 140257088587520 logging_writer.py:48] [64968] accumulated_eval_time=2037.78, accumulated_logging_time=0.472335, accumulated_submission_time=25728.6, global_step=64968, preemption_count=0, score=25728.6, test/loss=0, test/num_examples=0, test/ppl=1, total_duration=27796.1, train/loss=3.21927, train/ppl=25.0097, validation/loss=3.20854, validation/num_examples=100000, validation/ppl=24.743
I0404 05:58:28.226960 140286298555584 spec.py:333] Evaluating on the training split.
I0404 05:58:45.485628 140286298555584 spec.py:346] Evaluating on the validation split.
I0404 06:01:29.929296 140286298555584 spec.py:363] Evaluating on the test split.
I0404 06:01:29.929882 140286298555584 submission_runner.py:516] Time since start: 30549.64s, 	Step: 71467, 	{'train/loss': 3.2071456909179688, 'train/ppl': 24.708459896367312, 'validation/loss': 3.196477631473785, 'validation/ppl': 24.446269594876643, 'validation/num_examples': 100000, 'test/loss': 0.0, 'test/ppl': 1.0, 'test/num_examples': 0, 'score': 28297.58933377266, 'total_duration': 30549.643220186234, 'accumulated_submission_time': 28297.58933377266, 'accumulated_eval_time': 2219.4852550029755, 'accumulated_logging_time': 0.519789457321167}
I0404 06:01:29.970176 140257080194816 logging_writer.py:48] [71467] accumulated_eval_time=2219.49, accumulated_logging_time=0.519789, accumulated_submission_time=28297.6, global_step=71467, preemption_count=0, score=28297.6, test/loss=0, test/num_examples=0, test/ppl=1, total_duration=30549.6, train/loss=3.20715, train/ppl=24.7085, validation/loss=3.19648, validation/num_examples=100000, validation/ppl=24.4463
I0404 06:44:21.627169 140286298555584 spec.py:333] Evaluating on the training split.
I0404 06:44:38.881205 140286298555584 spec.py:346] Evaluating on the validation split.
I0404 06:47:23.304605 140286298555584 spec.py:363] Evaluating on the test split.
I0404 06:47:23.305162 140286298555584 submission_runner.py:516] Time since start: 33303.02s, 	Step: 77966, 	{'train/loss': 3.1927211761474608, 'train/ppl': 24.354610539604455, 'validation/loss': 3.181531979299872, 'validation/ppl': 24.083620913542173, 'validation/num_examples': 100000, 'test/loss': 0.0, 'test/ppl': 1.0, 'test/num_examples': 0, 'score': 30866.448005914688, 'total_duration': 33303.01853108406, 'accumulated_submission_time': 30866.448005914688, 'accumulated_eval_time': 2401.163220643997, 'accumulated_logging_time': 0.5672831535339355}
I0404 06:47:23.343747 140257088587520 logging_writer.py:48] [77966] accumulated_eval_time=2401.16, accumulated_logging_time=0.567283, accumulated_submission_time=30866.4, global_step=77966, preemption_count=0, score=30866.4, test/loss=0, test/num_examples=0, test/ppl=1, total_duration=33303, train/loss=3.19272, train/ppl=24.3546, validation/loss=3.18153, validation/num_examples=100000, validation/ppl=24.0836
I0404 07:30:15.228805 140286298555584 spec.py:333] Evaluating on the training split.
I0404 07:30:32.496127 140286298555584 spec.py:346] Evaluating on the validation split.
I0404 07:33:16.958730 140286298555584 spec.py:363] Evaluating on the test split.
I0404 07:33:16.959297 140286298555584 submission_runner.py:516] Time since start: 36056.67s, 	Step: 84464, 	{'train/loss': 3.185820198059082, 'train/ppl': 24.187118500079567, 'validation/loss': 3.1746997882033248, 'validation/ppl': 23.91963783291355, 'validation/num_examples': 100000, 'test/loss': 0.0, 'test/ppl': 1.0, 'test/num_examples': 0, 'score': 33435.53966212273, 'total_duration': 36056.67266869545, 'accumulated_submission_time': 33435.53966212273, 'accumulated_eval_time': 2582.893658876419, 'accumulated_logging_time': 0.613051176071167}
I0404 07:33:16.999170 140257080194816 logging_writer.py:48] [84464] accumulated_eval_time=2582.89, accumulated_logging_time=0.613051, accumulated_submission_time=33435.5, global_step=84464, preemption_count=0, score=33435.5, test/loss=0, test/num_examples=0, test/ppl=1, total_duration=36056.7, train/loss=3.18582, train/ppl=24.1871, validation/loss=3.1747, validation/num_examples=100000, validation/ppl=23.9196
I0404 08:16:08.568500 140286298555584 spec.py:333] Evaluating on the training split.
I0404 08:16:25.815393 140286298555584 spec.py:346] Evaluating on the validation split.
I0404 08:19:10.288015 140286298555584 spec.py:363] Evaluating on the test split.
I0404 08:19:10.288586 140286298555584 submission_runner.py:516] Time since start: 38810.00s, 	Step: 90962, 	{'train/loss': 3.1718841552734376, 'train/ppl': 23.85238363895323, 'validation/loss': 3.1597513262268224, 'validation/ppl': 23.564735268768857, 'validation/num_examples': 100000, 'test/loss': 0.0, 'test/ppl': 1.0, 'test/num_examples': 0, 'score': 36004.32688164711, 'total_duration': 38810.001942157745, 'accumulated_submission_time': 36004.32688164711, 'accumulated_eval_time': 2764.613694667816, 'accumulated_logging_time': 0.6601684093475342}
I0404 08:19:10.328142 140257088587520 logging_writer.py:48] [90962] accumulated_eval_time=2764.61, accumulated_logging_time=0.660168, accumulated_submission_time=36004.3, global_step=90962, preemption_count=0, score=36004.3, test/loss=0, test/num_examples=0, test/ppl=1, total_duration=38810, train/loss=3.17188, train/ppl=23.8524, validation/loss=3.15975, validation/num_examples=100000, validation/ppl=23.5647
I0404 09:02:01.837802 140286298555584 spec.py:333] Evaluating on the training split.
I0404 09:02:19.084181 140286298555584 spec.py:346] Evaluating on the validation split.
I0404 09:05:03.505090 140286298555584 spec.py:363] Evaluating on the test split.
I0404 09:05:03.505648 140286298555584 submission_runner.py:516] Time since start: 41563.22s, 	Step: 97460, 	{'train/loss': 3.161101150512695, 'train/ppl': 23.596564998162794, 'validation/loss': 3.148497130254955, 'validation/ppl': 23.30101985594012, 'validation/num_examples': 100000, 'test/loss': 0.0, 'test/ppl': 1.0, 'test/num_examples': 0, 'score': 38573.04979324341, 'total_duration': 41563.219009399414, 'accumulated_submission_time': 38573.04979324341, 'accumulated_eval_time': 2946.2814905643463, 'accumulated_logging_time': 0.7070443630218506}
I0404 09:05:03.548614 140257080194816 logging_writer.py:48] [97460] accumulated_eval_time=2946.28, accumulated_logging_time=0.707044, accumulated_submission_time=38573, global_step=97460, preemption_count=0, score=38573, test/loss=0, test/num_examples=0, test/ppl=1, total_duration=41563.2, train/loss=3.1611, train/ppl=23.5966, validation/loss=3.1485, validation/num_examples=100000, validation/ppl=23.301
I0404 09:47:55.104718 140286298555584 spec.py:333] Evaluating on the training split.
I0404 09:48:12.372424 140286298555584 spec.py:346] Evaluating on the validation split.
I0404 09:50:56.799673 140286298555584 spec.py:363] Evaluating on the test split.
I0404 09:50:56.800234 140286298555584 submission_runner.py:516] Time since start: 44316.51s, 	Step: 103959, 	{'train/loss': 3.1678985595703124, 'train/ppl': 23.75750687701275, 'validation/loss': 3.1556714928668477, 'validation/ppl': 23.46879092724606, 'validation/num_examples': 100000, 'test/loss': 0.0, 'test/ppl': 1.0, 'test/num_examples': 0, 'score': 41141.80787229538, 'total_duration': 44316.51360845566, 'accumulated_submission_time': 41141.80787229538, 'accumulated_eval_time': 3127.9769961833954, 'accumulated_logging_time': 0.7570934295654297}
I0404 09:50:56.840942 140257088587520 logging_writer.py:48] [103959] accumulated_eval_time=3127.98, accumulated_logging_time=0.757093, accumulated_submission_time=41141.8, global_step=103959, preemption_count=0, score=41141.8, test/loss=0, test/num_examples=0, test/ppl=1, total_duration=44316.5, train/loss=3.1679, train/ppl=23.7575, validation/loss=3.15567, validation/num_examples=100000, validation/ppl=23.4688
I0404 10:33:48.476799 140286298555584 spec.py:333] Evaluating on the training split.
I0404 10:34:05.739137 140286298555584 spec.py:346] Evaluating on the validation split.
I0404 10:36:50.160328 140286298555584 spec.py:363] Evaluating on the test split.
I0404 10:36:50.160983 140286298555584 submission_runner.py:516] Time since start: 47069.87s, 	Step: 110457, 	{'train/loss': 3.1537256240844727, 'train/ppl': 23.42316814199297, 'validation/loss': 3.1411126568494248, 'validation/ppl': 23.129587841090782, 'validation/num_examples': 100000, 'test/loss': 0.0, 'test/ppl': 1.0, 'test/num_examples': 0, 'score': 43710.66011118889, 'total_duration': 47069.874316453934, 'accumulated_submission_time': 43710.66011118889, 'accumulated_eval_time': 3309.661087989807, 'accumulated_logging_time': 0.8050861358642578}
I0404 10:36:50.200438 140257080194816 logging_writer.py:48] [110457] accumulated_eval_time=3309.66, accumulated_logging_time=0.805086, accumulated_submission_time=43710.7, global_step=110457, preemption_count=0, score=43710.7, test/loss=0, test/num_examples=0, test/ppl=1, total_duration=47069.9, train/loss=3.15373, train/ppl=23.4232, validation/loss=3.14111, validation/num_examples=100000, validation/ppl=23.1296
I0404 11:19:41.851864 140286298555584 spec.py:333] Evaluating on the training split.
I0404 11:19:59.123058 140286298555584 spec.py:346] Evaluating on the validation split.
I0404 11:22:43.567324 140286298555584 spec.py:363] Evaluating on the test split.
I0404 11:22:43.567856 140286298555584 submission_runner.py:516] Time since start: 49823.28s, 	Step: 116955, 	{'train/loss': 3.165884017944336, 'train/ppl': 23.709694566594408, 'validation/loss': 3.15362064917679, 'validation/ppl': 23.42070942613363, 'validation/num_examples': 100000, 'test/loss': 0.0, 'test/ppl': 1.0, 'test/num_examples': 0, 'score': 46279.5233194828, 'total_duration': 49823.281237363815, 'accumulated_submission_time': 46279.5233194828, 'accumulated_eval_time': 3491.3770644664764, 'accumulated_logging_time': 0.8518009185791016}
I0404 11:22:43.609062 140257088587520 logging_writer.py:48] [116955] accumulated_eval_time=3491.38, accumulated_logging_time=0.851801, accumulated_submission_time=46279.5, global_step=116955, preemption_count=0, score=46279.5, test/loss=0, test/num_examples=0, test/ppl=1, total_duration=49823.3, train/loss=3.16588, train/ppl=23.7097, validation/loss=3.15362, validation/num_examples=100000, validation/ppl=23.4207
I0404 12:05:34.695529 140257080194816 logging_writer.py:48] [123453] global_step=123453, preemption_count=0, score=48848.3
I0404 12:05:34.704504 140286298555584 submission_runner.py:857] Final finewebedu_lm score: 48848.32412838936
