python submission_runner.py --framework=jax --workload=wmt --submission_path=submissions_algorithms/submissions/self_tuning/muon/submission.py --data_dir=/data/wmt --experiment_dir=/experiment_runs --experiment_name=submissions_a100/muon/study_1 --overwrite=True --save_checkpoints=False --rng_seed=-830363807 --tuning_ruleset=self 2>&1 | tee -a /logs/wmt_jax_05-09-2026-12-06-47.log
2026-05-09 12:07:02.194421: E external/local_xla/xla/stream_executor/cuda/cuda_fft.cc:467] Unable to register cuFFT factory: Attempting to register factory for plugin cuFFT when one has already been registered
WARNING: All log messages before absl::InitializeLog() is called are written to STDERR
E0000 00:00:1778328423.109949       9 cuda_dnn.cc:8579] Unable to register cuDNN factory: Attempting to register factory for plugin cuDNN when one has already been registered
E0000 00:00:1778328423.321844       9 cuda_blas.cc:1407] Unable to register cuBLAS factory: Attempting to register factory for plugin cuBLAS when one has already been registered
W0000 00:00:1778328425.770837       9 computation_placer.cc:177] computation placer already registered. Please check linkage and avoid linking the same target more than once.
W0000 00:00:1778328425.770884       9 computation_placer.cc:177] computation placer already registered. Please check linkage and avoid linking the same target more than once.
W0000 00:00:1778328425.770887       9 computation_placer.cc:177] computation placer already registered. Please check linkage and avoid linking the same target more than once.
W0000 00:00:1778328425.770889       9 computation_placer.cc:177] computation placer already registered. Please check linkage and avoid linking the same target more than once.
/usr/local/lib/python3.11/site-packages/torch/__init__.py:1617: UserWarning: Please use the new API settings to control TF32 behavior, such as torch.backends.cudnn.conv.fp32_precision = 'tf32' or torch.backends.cuda.matmul.fp32_precision = 'ieee'. Old settings, e.g, torch.backends.cuda.matmul.allow_tf32 = True, torch.backends.cudnn.allow_tf32 = True, allowTF32CuDNN() and allowTF32CuBLAS() will be deprecated after Pytorch 2.9. Please see https://pytorch.org/docs/main/notes/cuda.html#tensorfloat-32-tf32-on-ampere-and-later-devices (Triggered internally at /pytorch/aten/src/ATen/Context.cpp:80.)
  _C._set_float32_matmul_precision(precision)
/usr/local/lib/python3.11/site-packages/pydantic/_internal/_generate_schema.py:2249: UnsupportedFieldAttributeWarning: The 'repr' attribute with value False was provided to the `Field()` function, which has no effect in the context it was used. 'repr' is field-specific metadata, and can only be attached to a model field using `Annotated` metadata or by assignment. This may have happened because an `Annotated` type alias using the `type` statement was used, or if the `Field()` function was attached to a single member of a union type.
  warnings.warn(
/usr/local/lib/python3.11/site-packages/pydantic/_internal/_generate_schema.py:2249: UnsupportedFieldAttributeWarning: The 'frozen' attribute with value True was provided to the `Field()` function, which has no effect in the context it was used. 'frozen' is field-specific metadata, and can only be attached to a model field using `Annotated` metadata or by assignment. This may have happened because an `Annotated` type alias using the `type` statement was used, or if the `Field()` function was attached to a single member of a union type.
  warnings.warn(
INFO:2026-05-09 12:08:02,891:jax._src.xla_bridge:830: Unable to initialize backend 'tpu': INTERNAL: Failed to open libtpu.so: libtpu.so: cannot open shared object file: No such file or directory
I0509 12:08:02.891546 140119255971008 xla_bridge.py:830] Unable to initialize backend 'tpu': INTERNAL: Failed to open libtpu.so: libtpu.so: cannot open shared object file: No such file or directory
I0509 12:08:03.704936 140119255971008 logger_utils.py:84] Creating experiment directory at /experiment_runs/submissions_a100/muon/study_1/wmt_jax.
I0509 12:08:07.880901 140119255971008 submission_runner.py:741] Creating directory at /experiment_runs/submissions_a100/muon/study_1/wmt_jax/trial_1.
I0509 12:08:08.392864 140119255971008 submission_runner.py:242] Initializing dataset.
I0509 12:08:09.716102 140119255971008 dataset_info.py:707] Load dataset info from /data/wmt/wmt17_translate/de-en/1.0.0
I0509 12:08:09.770460 140119255971008 dataset_info.py:793] For 'wmt17_translate/de-en/1.0.0': fields info.[splits, supervised_keys] differ on disk and in the code. Keeping the one from code.
I0509 12:08:09.773924 140119255971008 reader.py:262] Creating a tf.data.Dataset reading 16 files located in folders: /data/wmt/wmt17_translate/de-en/1.0.0.
I0509 12:08:09.937179 140119255971008 logging_logger.py:49] Constructing tf.data.Dataset wmt17_translate for split train, from /data/wmt/wmt17_translate/de-en/1.0.0
I0509 12:08:12.194938 140119255971008 submission_runner.py:251] Initializing model.
I0509 12:08:58.176949 140119255971008 submission_runner.py:294] Initializing optimizer.
I0509 12:08:58.588664 140119255971008 submission_runner.py:299] Initializing metrics bundle.
I0509 12:08:58.588917 140119255971008 submission_runner.py:321] Initializing checkpoint and logger.
I0509 12:08:58.592356 140119255971008 checkpoints.py:1098] Found no checkpoint files in /experiment_runs/submissions_a100/muon/study_1/wmt_jax/trial_1 with prefix checkpoint_
I0509 12:08:58.592487 140119255971008 submission_runner.py:344] Saving meta data to /experiment_runs/submissions_a100/muon/study_1/wmt_jax/trial_1/meta_data_0.json.
I0509 12:08:58.592761 140119255971008 logger_utils.py:283] Unable to record workload.train_mean information. Continuing without it.
I0509 12:08:58.592828 140119255971008 logger_utils.py:283] Unable to record workload.train_stddev information. Continuing without it.
I0509 12:08:58.999437 140119255971008 submission_runner.py:348] Saving flags to /experiment_runs/submissions_a100/muon/study_1/wmt_jax/trial_1/flags_0.json.
I0509 12:08:59.012358 140119255971008 submission_runner.py:359] Starting training loop.
I0509 12:10:02.320107 140119255971008 spec.py:333] Evaluating on the training split.
I0509 12:10:02.325320 140119255971008 dataset_info.py:707] Load dataset info from /data/wmt/wmt17_translate/de-en/1.0.0
I0509 12:10:02.327642 140119255971008 dataset_info.py:793] For 'wmt17_translate/de-en/1.0.0': fields info.[splits, supervised_keys] differ on disk and in the code. Keeping the one from code.
I0509 12:10:02.328774 140119255971008 reader.py:262] Creating a tf.data.Dataset reading 16 files located in folders: /data/wmt/wmt17_translate/de-en/1.0.0.
I0509 12:10:02.370211 140119255971008 logging_logger.py:49] Constructing tf.data.Dataset wmt17_translate for split train, from /data/wmt/wmt17_translate/de-en/1.0.0
I0509 12:10:10.588175 140119255971008 workload.py:200] Translating evaluation dataset.
I0509 12:15:17.946955 140119255971008 spec.py:346] Evaluating on the validation split.
I0509 12:15:18.015981 140119255971008 dataset_info.py:707] Load dataset info from /data/wmt/wmt14_translate/de-en/1.0.0
I0509 12:15:18.066508 140119255971008 dataset_info.py:793] For 'wmt14_translate/de-en/1.0.0': fields info.[splits, supervised_keys] differ on disk and in the code. Keeping the one from code.
I0509 12:15:18.067392 140119255971008 reader.py:262] Creating a tf.data.Dataset reading 1 files located in folders: /data/wmt/wmt14_translate/de-en/1.0.0.
I0509 12:15:18.105098 140119255971008 logging_logger.py:49] Constructing tf.data.Dataset wmt14_translate for split validation, from /data/wmt/wmt14_translate/de-en/1.0.0
I0509 12:15:25.294861 140119255971008 workload.py:200] Translating evaluation dataset.
I0509 12:20:22.830801 140119255971008 spec.py:363] Evaluating on the test split.
I0509 12:20:22.833898 140119255971008 dataset_info.py:707] Load dataset info from /data/wmt/wmt14_translate/de-en/1.0.0
I0509 12:20:22.836030 140119255971008 dataset_info.py:793] For 'wmt14_translate/de-en/1.0.0': fields info.[splits, supervised_keys] differ on disk and in the code. Keeping the one from code.
I0509 12:20:22.836892 140119255971008 reader.py:262] Creating a tf.data.Dataset reading 1 files located in folders: /data/wmt/wmt14_translate/de-en/1.0.0.
I0509 12:20:22.875225 140119255971008 logging_logger.py:49] Constructing tf.data.Dataset wmt14_translate for split test, from /data/wmt/wmt14_translate/de-en/1.0.0
I0509 12:20:23.951732 140119255971008 workload.py:200] Translating evaluation dataset.
I0509 12:25:20.459540 140119255971008 submission_runner.py:516] Time since start: 981.45s, 	Step: 1, 	{'train/accuracy': 0.04736125096678734, 'train/loss': 9.486227989196777, 'train/bleu': 0.0009825560573106166, 'validation/accuracy': 0.041264213621616364, 'validation/loss': 9.530963897705078, 'validation/bleu': 0.0009629589523686422, 'validation/num_examples': 3000, 'test/accuracy': 0.04224042966961861, 'test/loss': 9.641345024108887, 'test/bleu': 0.0009658338442180627, 'test/num_examples': 3003, 'score': 63.307581186294556, 'total_duration': 981.4470677375793, 'accumulated_submission_time': 63.307581186294556, 'accumulated_eval_time': 918.139331817627, 'accumulated_logging_time': 0}
I0509 12:25:20.569982 139954553284352 logging_writer.py:48] [1] accumulated_eval_time=918.139, accumulated_logging_time=0, accumulated_submission_time=63.3076, global_step=1, preemption_count=0, score=63.3076, test/accuracy=0.0422404, test/bleu=0.000965834, test/loss=9.64135, test/num_examples=3003, total_duration=981.447, train/accuracy=0.0473613, train/bleu=0.000982556, train/loss=9.48623, validation/accuracy=0.0412642, validation/bleu=0.000962959, validation/loss=9.53096, validation/num_examples=3000
I0509 12:36:04.610130 140119255971008 spec.py:333] Evaluating on the training split.
I0509 12:36:05.597921 140119255971008 workload.py:200] Translating evaluation dataset.
I0509 12:39:11.546971 140119255971008 spec.py:346] Evaluating on the validation split.
I0509 12:39:12.481496 140119255971008 workload.py:200] Translating evaluation dataset.
I0509 12:42:12.439731 140119255971008 spec.py:363] Evaluating on the test split.
I0509 12:42:13.346102 140119255971008 workload.py:200] Translating evaluation dataset.
I0509 12:45:05.109124 140119255971008 submission_runner.py:516] Time since start: 2166.10s, 	Step: 3380, 	{'train/accuracy': 0.5537592768669128, 'train/loss': 2.6265881061553955, 'train/bleu': 25.182839430339463, 'validation/accuracy': 0.5563229322433472, 'validation/loss': 2.579627513885498, 'validation/bleu': 20.855564928401307, 'validation/num_examples': 3000, 'test/accuracy': 0.5574458241462708, 'test/loss': 2.615278959274292, 'test/bleu': 19.453000173445318, 'test/num_examples': 3003, 'score': 707.1445617675781, 'total_duration': 2166.0966486930847, 'accumulated_submission_time': 707.1445617675781, 'accumulated_eval_time': 1458.6382310390472, 'accumulated_logging_time': 0.28581953048706055}
I0509 12:45:05.137662 139953471092480 logging_writer.py:48] [3380] accumulated_eval_time=1458.64, accumulated_logging_time=0.28582, accumulated_submission_time=707.145, global_step=3380, preemption_count=0, score=707.145, test/accuracy=0.557446, test/bleu=19.453, test/loss=2.61528, test/num_examples=3003, total_duration=2166.1, train/accuracy=0.553759, train/bleu=25.1828, train/loss=2.62659, validation/accuracy=0.556323, validation/bleu=20.8556, validation/loss=2.57963, validation/num_examples=3000
I0509 12:55:49.221249 140119255971008 spec.py:333] Evaluating on the training split.
I0509 12:55:50.211410 140119255971008 workload.py:200] Translating evaluation dataset.
I0509 12:58:45.045875 140119255971008 spec.py:346] Evaluating on the validation split.
I0509 12:58:45.972138 140119255971008 workload.py:200] Translating evaluation dataset.
I0509 13:01:44.225800 140119255971008 spec.py:363] Evaluating on the test split.
I0509 13:01:45.125362 140119255971008 workload.py:200] Translating evaluation dataset.
I0509 13:04:25.495923 140119255971008 submission_runner.py:516] Time since start: 3326.48s, 	Step: 7082, 	{'train/accuracy': 0.6093614101409912, 'train/loss': 2.0914268493652344, 'train/bleu': 28.872499112089148, 'validation/accuracy': 0.6041834354400635, 'validation/loss': 2.103128671646118, 'validation/bleu': 24.32091531067278, 'validation/num_examples': 3000, 'test/accuracy': 0.6075416803359985, 'test/loss': 2.1003212928771973, 'test/bleu': 23.036732132575253, 'test/num_examples': 3003, 'score': 1351.1872165203094, 'total_duration': 3326.4834594726562, 'accumulated_submission_time': 1351.1872165203094, 'accumulated_eval_time': 1974.9128201007843, 'accumulated_logging_time': 0.3236966133117676}
I0509 13:04:25.525352 139954553284352 logging_writer.py:48] [7082] accumulated_eval_time=1974.91, accumulated_logging_time=0.323697, accumulated_submission_time=1351.19, global_step=7082, preemption_count=0, score=1351.19, test/accuracy=0.607542, test/bleu=23.0367, test/loss=2.10032, test/num_examples=3003, total_duration=3326.48, train/accuracy=0.609361, train/bleu=28.8725, train/loss=2.09143, validation/accuracy=0.604183, validation/bleu=24.3209, validation/loss=2.10313, validation/num_examples=3000
I0509 13:15:09.628042 140119255971008 spec.py:333] Evaluating on the training split.
I0509 13:15:10.618922 140119255971008 workload.py:200] Translating evaluation dataset.
I0509 13:18:07.300328 140119255971008 spec.py:346] Evaluating on the validation split.
I0509 13:18:08.233813 140119255971008 workload.py:200] Translating evaluation dataset.
I0509 13:21:06.343967 140119255971008 spec.py:363] Evaluating on the test split.
I0509 13:21:07.244750 140119255971008 workload.py:200] Translating evaluation dataset.
I0509 13:23:54.468836 140119255971008 submission_runner.py:516] Time since start: 4495.46s, 	Step: 10785, 	{'train/accuracy': 0.6080965399742126, 'train/loss': 2.0601003170013428, 'train/bleu': 29.403243789731818, 'validation/accuracy': 0.621715784072876, 'validation/loss': 1.956013798713684, 'validation/bleu': 25.73771739688588, 'validation/num_examples': 3000, 'test/accuracy': 0.6288071870803833, 'test/loss': 1.9155737161636353, 'test/bleu': 24.849451452028866, 'test/num_examples': 3003, 'score': 1995.248745918274, 'total_duration': 4495.456345081329, 'accumulated_submission_time': 1995.248745918274, 'accumulated_eval_time': 2499.7535107135773, 'accumulated_logging_time': 0.3625967502593994}
I0509 13:23:54.496431 139954578462464 logging_writer.py:48] [10785] accumulated_eval_time=2499.75, accumulated_logging_time=0.362597, accumulated_submission_time=1995.25, global_step=10785, preemption_count=0, score=1995.25, test/accuracy=0.628807, test/bleu=24.8495, test/loss=1.91557, test/num_examples=3003, total_duration=4495.46, train/accuracy=0.608097, train/bleu=29.4032, train/loss=2.0601, validation/accuracy=0.621716, validation/bleu=25.7377, validation/loss=1.95601, validation/num_examples=3000
I0509 13:34:38.621961 140119255971008 spec.py:333] Evaluating on the training split.
I0509 13:34:39.613146 140119255971008 workload.py:200] Translating evaluation dataset.
I0509 13:38:04.117254 140119255971008 spec.py:346] Evaluating on the validation split.
I0509 13:38:05.048147 140119255971008 workload.py:200] Translating evaluation dataset.
I0509 13:40:59.183169 140119255971008 spec.py:363] Evaluating on the test split.
I0509 13:41:00.082619 140119255971008 workload.py:200] Translating evaluation dataset.
I0509 13:43:38.617019 140119255971008 submission_runner.py:516] Time since start: 5679.60s, 	Step: 14487, 	{'train/accuracy': 0.6236592531204224, 'train/loss': 1.9222445487976074, 'train/bleu': 30.159579287386595, 'validation/accuracy': 0.6334205269813538, 'validation/loss': 1.8646221160888672, 'validation/bleu': 26.49473380429533, 'validation/num_examples': 3000, 'test/accuracy': 0.6400790214538574, 'test/loss': 1.8212889432907104, 'test/bleu': 25.960438542751163, 'test/num_examples': 3003, 'score': 2639.3322930336, 'total_duration': 5679.604527235031, 'accumulated_submission_time': 2639.3322930336, 'accumulated_eval_time': 3039.74845123291, 'accumulated_logging_time': 0.40013813972473145}
I0509 13:43:38.645217 139953462699776 logging_writer.py:48] [14487] accumulated_eval_time=3039.75, accumulated_logging_time=0.400138, accumulated_submission_time=2639.33, global_step=14487, preemption_count=0, score=2639.33, test/accuracy=0.640079, test/bleu=25.9604, test/loss=1.82129, test/num_examples=3003, total_duration=5679.6, train/accuracy=0.623659, train/bleu=30.1596, train/loss=1.92224, validation/accuracy=0.633421, validation/bleu=26.4947, validation/loss=1.86462, validation/num_examples=3000
I0509 13:54:22.722744 140119255971008 spec.py:333] Evaluating on the training split.
I0509 13:54:23.713502 140119255971008 workload.py:200] Translating evaluation dataset.
I0509 13:57:19.223718 140119255971008 spec.py:346] Evaluating on the validation split.
I0509 13:57:20.157791 140119255971008 workload.py:200] Translating evaluation dataset.
I0509 14:00:19.104446 140119255971008 spec.py:363] Evaluating on the test split.
I0509 14:00:20.004754 140119255971008 workload.py:200] Translating evaluation dataset.
I0509 14:03:00.650507 140119255971008 submission_runner.py:516] Time since start: 6841.64s, 	Step: 18187, 	{'train/accuracy': 0.6255663633346558, 'train/loss': 1.9179747104644775, 'train/bleu': 30.21195994498591, 'validation/accuracy': 0.6375742554664612, 'validation/loss': 1.8097593784332275, 'validation/bleu': 26.760418279676085, 'validation/num_examples': 3000, 'test/accuracy': 0.6456801295280457, 'test/loss': 1.7596826553344727, 'test/bleu': 25.652464083361497, 'test/num_examples': 3003, 'score': 3283.366508960724, 'total_duration': 6841.638018131256, 'accumulated_submission_time': 3283.366508960724, 'accumulated_eval_time': 3557.6761054992676, 'accumulated_logging_time': 0.43823838233947754}
I0509 14:03:00.682003 139954570069760 logging_writer.py:48] [18187] accumulated_eval_time=3557.68, accumulated_logging_time=0.438238, accumulated_submission_time=3283.37, global_step=18187, preemption_count=0, score=3283.37, test/accuracy=0.64568, test/bleu=25.6525, test/loss=1.75968, test/num_examples=3003, total_duration=6841.64, train/accuracy=0.625566, train/bleu=30.212, train/loss=1.91797, validation/accuracy=0.637574, validation/bleu=26.7604, validation/loss=1.80976, validation/num_examples=3000
I0509 14:13:44.782716 140119255971008 spec.py:333] Evaluating on the training split.
I0509 14:13:45.773318 140119255971008 workload.py:200] Translating evaluation dataset.
I0509 14:16:45.337587 140119255971008 spec.py:346] Evaluating on the validation split.
I0509 14:16:46.271332 140119255971008 workload.py:200] Translating evaluation dataset.
I0509 14:19:45.109583 140119255971008 spec.py:363] Evaluating on the test split.
I0509 14:19:46.009008 140119255971008 workload.py:200] Translating evaluation dataset.
I0509 14:22:34.591084 140119255971008 submission_runner.py:516] Time since start: 8015.58s, 	Step: 21889, 	{'train/accuracy': 0.6352435350418091, 'train/loss': 1.8321226835250854, 'train/bleu': 30.340785580520492, 'validation/accuracy': 0.6416287422180176, 'validation/loss': 1.7740459442138672, 'validation/bleu': 26.78308835479483, 'validation/num_examples': 3000, 'test/accuracy': 0.6516530513763428, 'test/loss': 1.711159348487854, 'test/bleu': 26.50471223145313, 'test/num_examples': 3003, 'score': 3927.4242613315582, 'total_duration': 8015.578609228134, 'accumulated_submission_time': 3927.4242613315582, 'accumulated_eval_time': 4087.484388113022, 'accumulated_logging_time': 0.47930455207824707}
I0509 14:22:34.618905 139954553284352 logging_writer.py:48] [21889] accumulated_eval_time=4087.48, accumulated_logging_time=0.479305, accumulated_submission_time=3927.42, global_step=21889, preemption_count=0, score=3927.42, test/accuracy=0.651653, test/bleu=26.5047, test/loss=1.71116, test/num_examples=3003, total_duration=8015.58, train/accuracy=0.635244, train/bleu=30.3408, train/loss=1.83212, validation/accuracy=0.641629, validation/bleu=26.7831, validation/loss=1.77405, validation/num_examples=3000
I0509 14:33:18.652333 140119255971008 spec.py:333] Evaluating on the training split.
I0509 14:33:19.642074 140119255971008 workload.py:200] Translating evaluation dataset.
I0509 14:36:58.155236 140119255971008 spec.py:346] Evaluating on the validation split.
I0509 14:36:59.084130 140119255971008 workload.py:200] Translating evaluation dataset.
I0509 14:39:49.992401 140119255971008 spec.py:363] Evaluating on the test split.
I0509 14:39:50.893052 140119255971008 workload.py:200] Translating evaluation dataset.
I0509 14:42:34.449374 140119255971008 submission_runner.py:516] Time since start: 9215.44s, 	Step: 25589, 	{'train/accuracy': 0.6564021110534668, 'train/loss': 1.674804449081421, 'train/bleu': 32.44001024874651, 'validation/accuracy': 0.6457328200340271, 'validation/loss': 1.7463650703430176, 'validation/bleu': 27.285881294469327, 'validation/num_examples': 3000, 'test/accuracy': 0.6542908549308777, 'test/loss': 1.6833733320236206, 'test/bleu': 26.43651461479454, 'test/num_examples': 3003, 'score': 4571.415670633316, 'total_duration': 9215.436905145645, 'accumulated_submission_time': 4571.415670633316, 'accumulated_eval_time': 4643.281345129013, 'accumulated_logging_time': 0.5166683197021484}
I0509 14:42:34.476446 139953471092480 logging_writer.py:48] [25589] accumulated_eval_time=4643.28, accumulated_logging_time=0.516668, accumulated_submission_time=4571.42, global_step=25589, preemption_count=0, score=4571.42, test/accuracy=0.654291, test/bleu=26.4365, test/loss=1.68337, test/num_examples=3003, total_duration=9215.44, train/accuracy=0.656402, train/bleu=32.44, train/loss=1.6748, validation/accuracy=0.645733, validation/bleu=27.2859, validation/loss=1.74637, validation/num_examples=3000
I0509 14:53:18.517241 140119255971008 spec.py:333] Evaluating on the training split.
I0509 14:53:19.507680 140119255971008 workload.py:200] Translating evaluation dataset.
I0509 14:56:54.628212 140119255971008 spec.py:346] Evaluating on the validation split.
I0509 14:56:55.562035 140119255971008 workload.py:200] Translating evaluation dataset.
I0509 15:00:16.685861 140119255971008 spec.py:363] Evaluating on the test split.
I0509 15:00:17.586271 140119255971008 workload.py:200] Translating evaluation dataset.
I0509 15:03:07.490818 140119255971008 submission_runner.py:516] Time since start: 10448.48s, 	Step: 29291, 	{'train/accuracy': 0.6380564570426941, 'train/loss': 1.806006908416748, 'train/bleu': 31.017567939375002, 'validation/accuracy': 0.6486218571662903, 'validation/loss': 1.7164361476898193, 'validation/bleu': 27.427541368522252, 'validation/num_examples': 3000, 'test/accuracy': 0.6591017246246338, 'test/loss': 1.6551326513290405, 'test/bleu': 26.968922814909703, 'test/num_examples': 3003, 'score': 5215.415322542191, 'total_duration': 10448.478266716003, 'accumulated_submission_time': 5215.415322542191, 'accumulated_eval_time': 5232.254758119583, 'accumulated_logging_time': 0.5529804229736328}
I0509 15:03:07.528522 139953462699776 logging_writer.py:48] [29291] accumulated_eval_time=5232.25, accumulated_logging_time=0.55298, accumulated_submission_time=5215.42, global_step=29291, preemption_count=0, score=5215.42, test/accuracy=0.659102, test/bleu=26.9689, test/loss=1.65513, test/num_examples=3003, total_duration=10448.5, train/accuracy=0.638056, train/bleu=31.0176, train/loss=1.80601, validation/accuracy=0.648622, validation/bleu=27.4275, validation/loss=1.71644, validation/num_examples=3000
I0509 15:13:51.638891 140119255971008 spec.py:333] Evaluating on the training split.
I0509 15:13:52.629517 140119255971008 workload.py:200] Translating evaluation dataset.
I0509 15:16:59.510457 140119255971008 spec.py:346] Evaluating on the validation split.
I0509 15:17:00.430138 140119255971008 workload.py:200] Translating evaluation dataset.
I0509 15:19:54.661032 140119255971008 spec.py:363] Evaluating on the test split.
I0509 15:19:55.561043 140119255971008 workload.py:200] Translating evaluation dataset.
I0509 15:22:35.705987 140119255971008 submission_runner.py:516] Time since start: 11616.69s, 	Step: 32995, 	{'train/accuracy': 0.6477319598197937, 'train/loss': 1.7196522951126099, 'train/bleu': 31.937601616060345, 'validation/accuracy': 0.6508908867835999, 'validation/loss': 1.6976969242095947, 'validation/bleu': 27.68771976289012, 'validation/num_examples': 3000, 'test/accuracy': 0.6608564257621765, 'test/loss': 1.6334742307662964, 'test/bleu': 27.098317993217176, 'test/num_examples': 3003, 'score': 5859.486621856689, 'total_duration': 11616.693493127823, 'accumulated_submission_time': 5859.486621856689, 'accumulated_eval_time': 5756.321749448776, 'accumulated_logging_time': 0.6000752449035645}
I0509 15:22:35.734994 139954570069760 logging_writer.py:48] [32995] accumulated_eval_time=5756.32, accumulated_logging_time=0.600075, accumulated_submission_time=5859.49, global_step=32995, preemption_count=0, score=5859.49, test/accuracy=0.660856, test/bleu=27.0983, test/loss=1.63347, test/num_examples=3003, total_duration=11616.7, train/accuracy=0.647732, train/bleu=31.9376, train/loss=1.71965, validation/accuracy=0.650891, validation/bleu=27.6877, validation/loss=1.6977, validation/num_examples=3000
I0509 15:33:19.719238 140119255971008 spec.py:333] Evaluating on the training split.
I0509 15:33:20.710717 140119255971008 workload.py:200] Translating evaluation dataset.
I0509 15:36:50.203313 140119255971008 spec.py:346] Evaluating on the validation split.
I0509 15:36:51.131327 140119255971008 workload.py:200] Translating evaluation dataset.
I0509 15:39:40.884695 140119255971008 spec.py:363] Evaluating on the test split.
I0509 15:39:41.783773 140119255971008 workload.py:200] Translating evaluation dataset.
I0509 15:42:21.909373 140119255971008 submission_runner.py:516] Time since start: 12802.90s, 	Step: 36695, 	{'train/accuracy': 0.6424073576927185, 'train/loss': 1.7711565494537354, 'train/bleu': 31.83945380136438, 'validation/accuracy': 0.6537550687789917, 'validation/loss': 1.6778143644332886, 'validation/bleu': 27.155119065346245, 'validation/num_examples': 3000, 'test/accuracy': 0.6645168662071228, 'test/loss': 1.610971212387085, 'test/bleu': 27.25285461582979, 'test/num_examples': 3003, 'score': 6503.433207035065, 'total_duration': 12802.896832942963, 'accumulated_submission_time': 6503.433207035065, 'accumulated_eval_time': 6298.5117383003235, 'accumulated_logging_time': 0.6382930278778076}
I0509 15:42:21.939360 139953471092480 logging_writer.py:48] [36695] accumulated_eval_time=6298.51, accumulated_logging_time=0.638293, accumulated_submission_time=6503.43, global_step=36695, preemption_count=0, score=6503.43, test/accuracy=0.664517, test/bleu=27.2529, test/loss=1.61097, test/num_examples=3003, total_duration=12802.9, train/accuracy=0.642407, train/bleu=31.8395, train/loss=1.77116, validation/accuracy=0.653755, validation/bleu=27.1551, validation/loss=1.67781, validation/num_examples=3000
I0509 15:53:06.063988 140119255971008 spec.py:333] Evaluating on the training split.
I0509 15:53:07.053855 140119255971008 workload.py:200] Translating evaluation dataset.
I0509 15:57:10.627106 140119255971008 spec.py:346] Evaluating on the validation split.
I0509 15:57:11.558444 140119255971008 workload.py:200] Translating evaluation dataset.
I0509 16:00:08.502850 140119255971008 spec.py:363] Evaluating on the test split.
I0509 16:00:09.402227 140119255971008 workload.py:200] Translating evaluation dataset.
I0509 16:03:04.627029 140119255971008 submission_runner.py:516] Time since start: 14045.61s, 	Step: 40398, 	{'train/accuracy': 0.648647129535675, 'train/loss': 1.70673668384552, 'train/bleu': 31.6987505283432, 'validation/accuracy': 0.6549081802368164, 'validation/loss': 1.6673781871795654, 'validation/bleu': 27.674984697812345, 'validation/num_examples': 3000, 'test/accuracy': 0.6651443839073181, 'test/loss': 1.5998399257659912, 'test/bleu': 27.02684170293233, 'test/num_examples': 3003, 'score': 7147.519907951355, 'total_duration': 14045.614539146423, 'accumulated_submission_time': 7147.519907951355, 'accumulated_eval_time': 6897.074667215347, 'accumulated_logging_time': 0.6773133277893066}
I0509 16:03:04.670057 139954578462464 logging_writer.py:48] [40398] accumulated_eval_time=6897.07, accumulated_logging_time=0.677313, accumulated_submission_time=7147.52, global_step=40398, preemption_count=0, score=7147.52, test/accuracy=0.665144, test/bleu=27.0268, test/loss=1.59984, test/num_examples=3003, total_duration=14045.6, train/accuracy=0.648647, train/bleu=31.6988, train/loss=1.70674, validation/accuracy=0.654908, validation/bleu=27.675, validation/loss=1.66738, validation/num_examples=3000
I0509 16:13:48.738191 140119255971008 spec.py:333] Evaluating on the training split.
I0509 16:13:49.729082 140119255971008 workload.py:200] Translating evaluation dataset.
I0509 16:17:20.984100 140119255971008 spec.py:346] Evaluating on the validation split.
I0509 16:17:21.916308 140119255971008 workload.py:200] Translating evaluation dataset.
I0509 16:20:16.222942 140119255971008 spec.py:363] Evaluating on the test split.
I0509 16:20:17.123469 140119255971008 workload.py:200] Translating evaluation dataset.
I0509 16:22:57.877629 140119255971008 submission_runner.py:516] Time since start: 15238.86s, 	Step: 44099, 	{'train/accuracy': 0.6885281801223755, 'train/loss': 1.46051824092865, 'train/bleu': 34.28618442807309, 'validation/accuracy': 0.6572515964508057, 'validation/loss': 1.6534522771835327, 'validation/bleu': 28.014058165894905, 'validation/num_examples': 3000, 'test/accuracy': 0.6680843830108643, 'test/loss': 1.5795435905456543, 'test/bleu': 27.334694422349582, 'test/num_examples': 3003, 'score': 7791.550742149353, 'total_duration': 15238.864995479584, 'accumulated_submission_time': 7791.550742149353, 'accumulated_eval_time': 7446.213863372803, 'accumulated_logging_time': 0.7291960716247559}
I0509 16:22:57.906397 139953462699776 logging_writer.py:48] [44099] accumulated_eval_time=7446.21, accumulated_logging_time=0.729196, accumulated_submission_time=7791.55, global_step=44099, preemption_count=0, score=7791.55, test/accuracy=0.668084, test/bleu=27.3347, test/loss=1.57954, test/num_examples=3003, total_duration=15238.9, train/accuracy=0.688528, train/bleu=34.2862, train/loss=1.46052, validation/accuracy=0.657252, validation/bleu=28.0141, validation/loss=1.65345, validation/num_examples=3000
I0509 16:33:41.935509 140119255971008 spec.py:333] Evaluating on the training split.
I0509 16:33:42.926277 140119255971008 workload.py:200] Translating evaluation dataset.
I0509 16:37:14.923976 140119255971008 spec.py:346] Evaluating on the validation split.
I0509 16:37:15.860258 140119255971008 workload.py:200] Translating evaluation dataset.
I0509 16:40:26.497150 140119255971008 spec.py:363] Evaluating on the test split.
I0509 16:40:27.396814 140119255971008 workload.py:200] Translating evaluation dataset.
I0509 16:43:25.123270 140119255971008 submission_runner.py:516] Time since start: 16466.11s, 	Step: 47799, 	{'train/accuracy': 0.652669370174408, 'train/loss': 1.6916033029556274, 'train/bleu': 31.815220897719886, 'validation/accuracy': 0.6583055257797241, 'validation/loss': 1.6427003145217896, 'validation/bleu': 28.28766748063881, 'validation/num_examples': 3000, 'test/accuracy': 0.6709197759628296, 'test/loss': 1.566135048866272, 'test/bleu': 28.044151264381718, 'test/num_examples': 3003, 'score': 8435.542397499084, 'total_duration': 16466.11076450348, 'accumulated_submission_time': 8435.542397499084, 'accumulated_eval_time': 8029.40149140358, 'accumulated_logging_time': 0.7672004699707031}
I0509 16:43:25.152780 139953462699776 logging_writer.py:48] [47799] accumulated_eval_time=8029.4, accumulated_logging_time=0.7672, accumulated_submission_time=8435.54, global_step=47799, preemption_count=0, score=8435.54, test/accuracy=0.67092, test/bleu=28.0442, test/loss=1.56614, test/num_examples=3003, total_duration=16466.1, train/accuracy=0.652669, train/bleu=31.8152, train/loss=1.6916, validation/accuracy=0.658306, validation/bleu=28.2877, validation/loss=1.6427, validation/num_examples=3000
I0509 16:54:09.227770 140119255971008 spec.py:333] Evaluating on the training split.
I0509 16:54:10.218943 140119255971008 workload.py:200] Translating evaluation dataset.
I0509 16:58:24.421854 140119255971008 spec.py:346] Evaluating on the validation split.
I0509 16:58:25.348333 140119255971008 workload.py:200] Translating evaluation dataset.
I0509 17:02:32.544402 140119255971008 spec.py:363] Evaluating on the test split.
I0509 17:02:33.443461 140119255971008 workload.py:200] Translating evaluation dataset.
I0509 17:06:39.012875 140119255971008 submission_runner.py:516] Time since start: 17860.00s, 	Step: 51503, 	{'train/accuracy': 0.66424161195755, 'train/loss': 1.6011158227920532, 'train/bleu': 33.27691327209516, 'validation/accuracy': 0.6616904735565186, 'validation/loss': 1.6285817623138428, 'validation/bleu': 26.295313390216595, 'validation/num_examples': 3000, 'test/accuracy': 0.6723142266273499, 'test/loss': 1.5559440851211548, 'test/bleu': 27.20465626788989, 'test/num_examples': 3003, 'score': 9079.579038143158, 'total_duration': 17860.000371932983, 'accumulated_submission_time': 9079.579038143158, 'accumulated_eval_time': 8779.186480760574, 'accumulated_logging_time': 0.8058199882507324}
I0509 17:06:39.063517 139953462699776 logging_writer.py:48] [51503] accumulated_eval_time=8779.19, accumulated_logging_time=0.80582, accumulated_submission_time=9079.58, global_step=51503, preemption_count=0, score=9079.58, test/accuracy=0.672314, test/bleu=27.2047, test/loss=1.55594, test/num_examples=3003, total_duration=17860, train/accuracy=0.664242, train/bleu=33.2769, train/loss=1.60112, validation/accuracy=0.66169, validation/bleu=26.2953, validation/loss=1.62858, validation/num_examples=3000
I0509 17:17:23.021453 140119255971008 spec.py:333] Evaluating on the training split.
I0509 17:17:24.011411 140119255971008 workload.py:200] Translating evaluation dataset.
I0509 17:21:01.586401 140119255971008 spec.py:346] Evaluating on the validation split.
I0509 17:21:02.518667 140119255971008 workload.py:200] Translating evaluation dataset.
I0509 17:23:53.877688 140119255971008 spec.py:363] Evaluating on the test split.
I0509 17:23:54.776961 140119255971008 workload.py:200] Translating evaluation dataset.
I0509 17:26:33.555858 140119255971008 submission_runner.py:516] Time since start: 19054.54s, 	Step: 55204, 	{'train/accuracy': 0.6571123003959656, 'train/loss': 1.6426273584365845, 'train/bleu': 32.61816923100988, 'validation/accuracy': 0.6600289940834045, 'validation/loss': 1.620112657546997, 'validation/bleu': 27.832286212909064, 'validation/num_examples': 3000, 'test/accuracy': 0.6722444891929626, 'test/loss': 1.5398247241973877, 'test/bleu': 27.65510533784797, 'test/num_examples': 3003, 'score': 9723.499309778214, 'total_duration': 19054.543317317963, 'accumulated_submission_time': 9723.499309778214, 'accumulated_eval_time': 9329.720742225647, 'accumulated_logging_time': 0.8654880523681641}
I0509 17:26:33.583366 139954553284352 logging_writer.py:48] [55204] accumulated_eval_time=9329.72, accumulated_logging_time=0.865488, accumulated_submission_time=9723.5, global_step=55204, preemption_count=0, score=9723.5, test/accuracy=0.672244, test/bleu=27.6551, test/loss=1.53982, test/num_examples=3003, total_duration=19054.5, train/accuracy=0.657112, train/bleu=32.6182, train/loss=1.64263, validation/accuracy=0.660029, validation/bleu=27.8323, validation/loss=1.62011, validation/num_examples=3000
I0509 17:37:17.646248 140119255971008 spec.py:333] Evaluating on the training split.
I0509 17:37:18.637460 140119255971008 workload.py:200] Translating evaluation dataset.
I0509 17:41:33.359648 140119255971008 spec.py:346] Evaluating on the validation split.
I0509 17:41:34.287044 140119255971008 workload.py:200] Translating evaluation dataset.
I0509 17:45:41.318705 140119255971008 spec.py:363] Evaluating on the test split.
I0509 17:45:42.218053 140119255971008 workload.py:200] Translating evaluation dataset.
I0509 17:50:12.587357 140119255971008 submission_runner.py:516] Time since start: 20473.57s, 	Step: 58902, 	{'train/accuracy': 0.6616858839988708, 'train/loss': 1.6057742834091187, 'train/bleu': 33.38878847478326, 'validation/accuracy': 0.6624220609664917, 'validation/loss': 1.6047494411468506, 'validation/bleu': 28.313374962380237, 'validation/num_examples': 3000, 'test/accuracy': 0.6723374724388123, 'test/loss': 1.5317178964614868, 'test/bleu': 27.697423823273564, 'test/num_examples': 3003, 'score': 10367.523272037506, 'total_duration': 20473.57487678528, 'accumulated_submission_time': 10367.523272037506, 'accumulated_eval_time': 10104.661745071411, 'accumulated_logging_time': 0.9022297859191895}
I0509 17:50:12.615259 139953462699776 logging_writer.py:48] [58902] accumulated_eval_time=10104.7, accumulated_logging_time=0.90223, accumulated_submission_time=10367.5, global_step=58902, preemption_count=0, score=10367.5, test/accuracy=0.672337, test/bleu=27.6974, test/loss=1.53172, test/num_examples=3003, total_duration=20473.6, train/accuracy=0.661686, train/bleu=33.3888, train/loss=1.60577, validation/accuracy=0.662422, validation/bleu=28.3134, validation/loss=1.60475, validation/num_examples=3000
I0509 18:00:56.749690 140119255971008 spec.py:333] Evaluating on the training split.
I0509 18:00:57.738683 140119255971008 workload.py:200] Translating evaluation dataset.
I0509 18:05:04.255550 140119255971008 spec.py:346] Evaluating on the validation split.
I0509 18:05:05.188137 140119255971008 workload.py:200] Translating evaluation dataset.
I0509 18:08:06.181331 140119255971008 spec.py:363] Evaluating on the test split.
I0509 18:08:07.080242 140119255971008 workload.py:200] Translating evaluation dataset.
I0509 18:10:48.704564 140119255971008 submission_runner.py:516] Time since start: 21709.69s, 	Step: 62605, 	{'train/accuracy': 0.7449697256088257, 'train/loss': 1.1750359535217285, 'train/bleu': 40.56212857071985, 'validation/accuracy': 0.6660425662994385, 'validation/loss': 1.594091773033142, 'validation/bleu': 28.654036122420898, 'validation/num_examples': 3000, 'test/accuracy': 0.6764627695083618, 'test/loss': 1.5195447206497192, 'test/bleu': 27.77790904779404, 'test/num_examples': 3003, 'score': 11011.619378566742, 'total_duration': 21709.692070245743, 'accumulated_submission_time': 11011.619378566742, 'accumulated_eval_time': 10696.616496801376, 'accumulated_logging_time': 0.939246654510498}
I0509 18:10:48.737848 139954578462464 logging_writer.py:48] [62605] accumulated_eval_time=10696.6, accumulated_logging_time=0.939247, accumulated_submission_time=11011.6, global_step=62605, preemption_count=0, score=11011.6, test/accuracy=0.676463, test/bleu=27.7779, test/loss=1.51954, test/num_examples=3003, total_duration=21709.7, train/accuracy=0.74497, train/bleu=40.5621, train/loss=1.17504, validation/accuracy=0.666043, validation/bleu=28.654, validation/loss=1.59409, validation/num_examples=3000
I0509 18:21:32.779632 140119255971008 spec.py:333] Evaluating on the training split.
I0509 18:21:33.769303 140119255971008 workload.py:200] Translating evaluation dataset.
I0509 18:25:27.595077 140119255971008 spec.py:346] Evaluating on the validation split.
I0509 18:25:28.527801 140119255971008 workload.py:200] Translating evaluation dataset.
I0509 18:29:24.104729 140119255971008 spec.py:363] Evaluating on the test split.
I0509 18:29:25.003476 140119255971008 workload.py:200] Translating evaluation dataset.
I0509 18:32:50.677805 140119255971008 submission_runner.py:516] Time since start: 23031.67s, 	Step: 66307, 	{'train/accuracy': 0.670169472694397, 'train/loss': 1.5632292032241821, 'train/bleu': 33.38914211798578, 'validation/accuracy': 0.6643438935279846, 'validation/loss': 1.5958893299102783, 'validation/bleu': 28.45473371885302, 'validation/num_examples': 3000, 'test/accuracy': 0.6760560274124146, 'test/loss': 1.5165711641311646, 'test/bleu': 27.967413544064023, 'test/num_examples': 3003, 'score': 11655.622391939163, 'total_duration': 23031.66527080536, 'accumulated_submission_time': 11655.622391939163, 'accumulated_eval_time': 11374.514532327652, 'accumulated_logging_time': 0.9814853668212891}
I0509 18:32:50.705546 139953462699776 logging_writer.py:48] [66307] accumulated_eval_time=11374.5, accumulated_logging_time=0.981485, accumulated_submission_time=11655.6, global_step=66307, preemption_count=0, score=11655.6, test/accuracy=0.676056, test/bleu=27.9674, test/loss=1.51657, test/num_examples=3003, total_duration=23031.7, train/accuracy=0.670169, train/bleu=33.3891, train/loss=1.56323, validation/accuracy=0.664344, validation/bleu=28.4547, validation/loss=1.59589, validation/num_examples=3000
I0509 18:43:34.791389 140119255971008 spec.py:333] Evaluating on the training split.
I0509 18:43:35.783524 140119255971008 workload.py:200] Translating evaluation dataset.
I0509 18:47:27.985472 140119255971008 spec.py:346] Evaluating on the validation split.
I0509 18:47:28.916453 140119255971008 workload.py:200] Translating evaluation dataset.
I0509 18:50:37.434526 140119255971008 spec.py:363] Evaluating on the test split.
I0509 18:50:38.335365 140119255971008 workload.py:200] Translating evaluation dataset.
I0509 18:53:38.257046 140119255971008 submission_runner.py:516] Time since start: 24279.24s, 	Step: 70009, 	{'train/accuracy': 0.6877683997154236, 'train/loss': 1.4420026540756226, 'train/bleu': 35.0178006241672, 'validation/accuracy': 0.6645174622535706, 'validation/loss': 1.5967862606048584, 'validation/bleu': 28.48712574364786, 'validation/num_examples': 3000, 'test/accuracy': 0.6780198812484741, 'test/loss': 1.5132757425308228, 'test/bleu': 28.19023093959836, 'test/num_examples': 3003, 'score': 12299.670403003693, 'total_duration': 24279.2445435524, 'accumulated_submission_time': 12299.670403003693, 'accumulated_eval_time': 11977.98007273674, 'accumulated_logging_time': 1.018254041671753}
I0509 18:53:38.286212 139953462699776 logging_writer.py:48] [70009] accumulated_eval_time=11978, accumulated_logging_time=1.01825, accumulated_submission_time=12299.7, global_step=70009, preemption_count=0, score=12299.7, test/accuracy=0.67802, test/bleu=28.1902, test/loss=1.51328, test/num_examples=3003, total_duration=24279.2, train/accuracy=0.687768, train/bleu=35.0178, train/loss=1.442, validation/accuracy=0.664517, validation/bleu=28.4871, validation/loss=1.59679, validation/num_examples=3000
I0509 19:04:22.348470 140119255971008 spec.py:333] Evaluating on the training split.
I0509 19:04:23.339152 140119255971008 workload.py:200] Translating evaluation dataset.
I0509 19:08:32.638917 140119255971008 spec.py:346] Evaluating on the validation split.
I0509 19:08:33.569509 140119255971008 workload.py:200] Translating evaluation dataset.
I0509 19:11:40.315730 140119255971008 spec.py:363] Evaluating on the test split.
I0509 19:11:41.214362 140119255971008 workload.py:200] Translating evaluation dataset.
I0509 19:14:52.619967 140119255971008 submission_runner.py:516] Time since start: 25553.61s, 	Step: 73710, 	{'train/accuracy': 0.6701081395149231, 'train/loss': 1.562369704246521, 'train/bleu': 34.19042122377961, 'validation/accuracy': 0.666736900806427, 'validation/loss': 1.5907996892929077, 'validation/bleu': 28.409269833464617, 'validation/num_examples': 3000, 'test/accuracy': 0.6781826019287109, 'test/loss': 1.5128036737442017, 'test/bleu': 28.09054744111563, 'test/num_examples': 3003, 'score': 12943.693652391434, 'total_duration': 25553.607486486435, 'accumulated_submission_time': 12943.693652391434, 'accumulated_eval_time': 12608.251480102539, 'accumulated_logging_time': 1.056471586227417}
I0509 19:14:52.653355 139954553284352 logging_writer.py:48] [73710] accumulated_eval_time=12608.3, accumulated_logging_time=1.05647, accumulated_submission_time=12943.7, global_step=73710, preemption_count=0, score=12943.7, test/accuracy=0.678183, test/bleu=28.0905, test/loss=1.5128, test/num_examples=3003, total_duration=25553.6, train/accuracy=0.670108, train/bleu=34.1904, train/loss=1.56237, validation/accuracy=0.666737, validation/bleu=28.4093, validation/loss=1.5908, validation/num_examples=3000
I0509 19:25:36.667815 140119255971008 spec.py:333] Evaluating on the training split.
I0509 19:25:37.658900 140119255971008 workload.py:200] Translating evaluation dataset.
I0509 19:29:12.291036 140119255971008 spec.py:346] Evaluating on the validation split.
I0509 19:29:13.213862 140119255971008 workload.py:200] Translating evaluation dataset.
I0509 19:32:26.838508 140119255971008 spec.py:363] Evaluating on the test split.
I0509 19:32:27.738995 140119255971008 workload.py:200] Translating evaluation dataset.
I0509 19:35:44.840326 140119255971008 submission_runner.py:516] Time since start: 26805.83s, 	Step: 77412, 	{'train/accuracy': 0.6865501999855042, 'train/loss': 1.445657730102539, 'train/bleu': 34.59817286842155, 'validation/accuracy': 0.6668609380722046, 'validation/loss': 1.5870965719223022, 'validation/bleu': 28.6359966159983, 'validation/num_examples': 3000, 'test/accuracy': 0.6786357760429382, 'test/loss': 1.5076014995574951, 'test/bleu': 28.09008357110635, 'test/num_examples': 3003, 'score': 13587.670106887817, 'total_duration': 26805.827776908875, 'accumulated_submission_time': 13587.670106887817, 'accumulated_eval_time': 13216.423831701279, 'accumulated_logging_time': 1.0990045070648193}
I0509 19:35:44.867669 139953471092480 logging_writer.py:48] [77412] accumulated_eval_time=13216.4, accumulated_logging_time=1.099, accumulated_submission_time=13587.7, global_step=77412, preemption_count=0, score=13587.7, test/accuracy=0.678636, test/bleu=28.0901, test/loss=1.5076, test/num_examples=3003, total_duration=26805.8, train/accuracy=0.68655, train/bleu=34.5982, train/loss=1.44566, validation/accuracy=0.666861, validation/bleu=28.636, validation/loss=1.5871, validation/num_examples=3000
I0509 19:46:29.012591 140119255971008 spec.py:333] Evaluating on the training split.
I0509 19:46:30.004485 140119255971008 workload.py:200] Translating evaluation dataset.
I0509 19:50:19.013383 140119255971008 spec.py:346] Evaluating on the validation split.
I0509 19:50:19.939939 140119255971008 workload.py:200] Translating evaluation dataset.
I0509 19:53:23.998711 140119255971008 spec.py:363] Evaluating on the test split.
I0509 19:53:24.898520 140119255971008 workload.py:200] Translating evaluation dataset.
I0509 19:56:23.034166 140119255971008 submission_runner.py:516] Time since start: 28044.02s, 	Step: 81113, 	{'train/accuracy': 0.6826114654541016, 'train/loss': 1.4741528034210205, 'train/bleu': 34.787262392830975, 'validation/accuracy': 0.6650382280349731, 'validation/loss': 1.601447343826294, 'validation/bleu': 28.55766810992093, 'validation/num_examples': 3000, 'test/accuracy': 0.6799488663673401, 'test/loss': 1.5079162120819092, 'test/bleu': 27.76340176399834, 'test/num_examples': 3003, 'score': 14231.776909589767, 'total_duration': 28044.0216858387, 'accumulated_submission_time': 14231.776909589767, 'accumulated_eval_time': 13810.445311069489, 'accumulated_logging_time': 1.135298252105713}
I0509 19:56:23.062550 139954553284352 logging_writer.py:48] [81113] accumulated_eval_time=13810.4, accumulated_logging_time=1.1353, accumulated_submission_time=14231.8, global_step=81113, preemption_count=0, score=14231.8, test/accuracy=0.679949, test/bleu=27.7634, test/loss=1.50792, test/num_examples=3003, total_duration=28044, train/accuracy=0.682611, train/bleu=34.7873, train/loss=1.47415, validation/accuracy=0.665038, validation/bleu=28.5577, validation/loss=1.60145, validation/num_examples=3000
I0509 20:07:07.102223 140119255971008 spec.py:333] Evaluating on the training split.
I0509 20:07:08.092655 140119255971008 workload.py:200] Translating evaluation dataset.
I0509 20:10:22.121944 140119255971008 spec.py:346] Evaluating on the validation split.
I0509 20:10:23.051352 140119255971008 workload.py:200] Translating evaluation dataset.
I0509 20:13:19.519964 140119255971008 spec.py:363] Evaluating on the test split.
I0509 20:13:20.421275 140119255971008 workload.py:200] Translating evaluation dataset.
I0509 20:16:21.000987 140119255971008 submission_runner.py:516] Time since start: 29241.99s, 	Step: 84814, 	{'train/accuracy': 0.6873300671577454, 'train/loss': 1.4487863779067993, 'train/bleu': 35.07746323771406, 'validation/accuracy': 0.665174663066864, 'validation/loss': 1.6003975868225098, 'validation/bleu': 28.468056289975145, 'validation/num_examples': 3000, 'test/accuracy': 0.679844319820404, 'test/loss': 1.5134735107421875, 'test/bleu': 28.082573105127068, 'test/num_examples': 3003, 'score': 14875.77873635292, 'total_duration': 29241.988462924957, 'accumulated_submission_time': 14875.77873635292, 'accumulated_eval_time': 14364.343956232071, 'accumulated_logging_time': 1.1726710796356201}
I0509 20:16:21.037131 139953471092480 logging_writer.py:48] [84814] accumulated_eval_time=14364.3, accumulated_logging_time=1.17267, accumulated_submission_time=14875.8, global_step=84814, preemption_count=0, score=14875.8, test/accuracy=0.679844, test/bleu=28.0826, test/loss=1.51347, test/num_examples=3003, total_duration=29242, train/accuracy=0.68733, train/bleu=35.0775, train/loss=1.44879, validation/accuracy=0.665175, validation/bleu=28.4681, validation/loss=1.6004, validation/num_examples=3000
I0509 20:27:05.084059 140119255971008 spec.py:333] Evaluating on the training split.
I0509 20:27:06.073753 140119255971008 workload.py:200] Translating evaluation dataset.
I0509 20:30:29.304496 140119255971008 spec.py:346] Evaluating on the validation split.
I0509 20:30:30.232995 140119255971008 workload.py:200] Translating evaluation dataset.
I0509 20:33:25.573517 140119255971008 spec.py:363] Evaluating on the test split.
I0509 20:33:26.473332 140119255971008 workload.py:200] Translating evaluation dataset.
I0509 20:36:12.435128 140119255971008 submission_runner.py:516] Time since start: 30433.42s, 	Step: 88517, 	{'train/accuracy': 0.720878005027771, 'train/loss': 1.2606348991394043, 'train/bleu': 38.16142397332629, 'validation/accuracy': 0.6638355255126953, 'validation/loss': 1.6121729612350464, 'validation/bleu': 28.282989313061204, 'validation/num_examples': 3000, 'test/accuracy': 0.6777991056442261, 'test/loss': 1.5237815380096436, 'test/bleu': 27.840000515813713, 'test/num_examples': 3003, 'score': 15519.787499904633, 'total_duration': 30433.422600507736, 'accumulated_submission_time': 15519.787499904633, 'accumulated_eval_time': 14911.69488453865, 'accumulated_logging_time': 1.217900037765503}
I0509 20:36:12.463641 139954553284352 logging_writer.py:48] [88517] accumulated_eval_time=14911.7, accumulated_logging_time=1.2179, accumulated_submission_time=15519.8, global_step=88517, preemption_count=0, score=15519.8, test/accuracy=0.677799, test/bleu=27.84, test/loss=1.52378, test/num_examples=3003, total_duration=30433.4, train/accuracy=0.720878, train/bleu=38.1614, train/loss=1.26063, validation/accuracy=0.663836, validation/bleu=28.283, validation/loss=1.61217, validation/num_examples=3000
I0509 20:46:56.460201 140119255971008 spec.py:333] Evaluating on the training split.
I0509 20:46:57.451145 140119255971008 workload.py:200] Translating evaluation dataset.
I0509 20:50:56.832470 140119255971008 spec.py:346] Evaluating on the validation split.
I0509 20:50:57.763603 140119255971008 workload.py:200] Translating evaluation dataset.
I0509 20:54:02.938977 140119255971008 spec.py:363] Evaluating on the test split.
I0509 20:54:03.838500 140119255971008 workload.py:200] Translating evaluation dataset.
I0509 20:56:51.628179 140119255971008 submission_runner.py:516] Time since start: 31672.62s, 	Step: 92216, 	{'train/accuracy': 0.6999953985214233, 'train/loss': 1.3740711212158203, 'train/bleu': 35.99245298928366, 'validation/accuracy': 0.6630668044090271, 'validation/loss': 1.6262761354446411, 'validation/bleu': 28.284328578827907, 'validation/num_examples': 3000, 'test/accuracy': 0.6789611577987671, 'test/loss': 1.5311444997787476, 'test/bleu': 28.021330687985948, 'test/num_examples': 3003, 'score': 16163.746354341507, 'total_duration': 31672.615698814392, 'accumulated_submission_time': 16163.746354341507, 'accumulated_eval_time': 15506.862760782242, 'accumulated_logging_time': 1.255568504333496}
I0509 20:56:51.656806 139953462699776 logging_writer.py:48] [92216] accumulated_eval_time=15506.9, accumulated_logging_time=1.25557, accumulated_submission_time=16163.7, global_step=92216, preemption_count=0, score=16163.7, test/accuracy=0.678961, test/bleu=28.0213, test/loss=1.53114, test/num_examples=3003, total_duration=31672.6, train/accuracy=0.699995, train/bleu=35.9925, train/loss=1.37407, validation/accuracy=0.663067, validation/bleu=28.2843, validation/loss=1.62628, validation/num_examples=3000
I0509 21:07:35.702024 140119255971008 spec.py:333] Evaluating on the training split.
I0509 21:07:36.690337 140119255971008 workload.py:200] Translating evaluation dataset.
I0509 21:11:08.116939 140119255971008 spec.py:346] Evaluating on the validation split.
I0509 21:11:09.048956 140119255971008 workload.py:200] Translating evaluation dataset.
I0509 21:13:54.439607 140119255971008 spec.py:363] Evaluating on the test split.
I0509 21:13:55.339745 140119255971008 workload.py:200] Translating evaluation dataset.
I0509 21:16:43.369015 140119255971008 submission_runner.py:516] Time since start: 32864.36s, 	Step: 95917, 	{'train/accuracy': 0.7160540819168091, 'train/loss': 1.2826768159866333, 'train/bleu': 37.57992951644195, 'validation/accuracy': 0.6631039977073669, 'validation/loss': 1.6369227170944214, 'validation/bleu': 27.787782365206258, 'validation/num_examples': 3000, 'test/accuracy': 0.6766138076782227, 'test/loss': 1.5449246168136597, 'test/bleu': 27.484591172256824, 'test/num_examples': 3003, 'score': 16807.75412297249, 'total_duration': 32864.35651421547, 'accumulated_submission_time': 16807.75412297249, 'accumulated_eval_time': 16054.52963232994, 'accumulated_logging_time': 1.2931807041168213}
I0509 21:16:43.400605 139954578462464 logging_writer.py:48] [95917] accumulated_eval_time=16054.5, accumulated_logging_time=1.29318, accumulated_submission_time=16807.8, global_step=95917, preemption_count=0, score=16807.8, test/accuracy=0.676614, test/bleu=27.4846, test/loss=1.54492, test/num_examples=3003, total_duration=32864.4, train/accuracy=0.716054, train/bleu=37.5799, train/loss=1.28268, validation/accuracy=0.663104, validation/bleu=27.7878, validation/loss=1.63692, validation/num_examples=3000
I0509 21:27:27.460762 140119255971008 spec.py:333] Evaluating on the training split.
I0509 21:27:28.452067 140119255971008 workload.py:200] Translating evaluation dataset.
I0509 21:30:40.298562 140119255971008 spec.py:346] Evaluating on the validation split.
I0509 21:30:41.230698 140119255971008 workload.py:200] Translating evaluation dataset.
I0509 21:33:27.767913 140119255971008 spec.py:363] Evaluating on the test split.
I0509 21:33:28.667308 140119255971008 workload.py:200] Translating evaluation dataset.
I0509 21:36:15.510689 140119255971008 submission_runner.py:516] Time since start: 34036.50s, 	Step: 99616, 	{'train/accuracy': 0.7118178009986877, 'train/loss': 1.3098535537719727, 'train/bleu': 37.60056727775809, 'validation/accuracy': 0.662335216999054, 'validation/loss': 1.6476149559020996, 'validation/bleu': 28.243002188575034, 'validation/num_examples': 3000, 'test/accuracy': 0.6777293682098389, 'test/loss': 1.5464376211166382, 'test/bleu': 27.556233354263348, 'test/num_examples': 3003, 'score': 17451.77508354187, 'total_duration': 34036.49813938141, 'accumulated_submission_time': 17451.77508354187, 'accumulated_eval_time': 16582.579399585724, 'accumulated_logging_time': 1.3347570896148682}
I0509 21:36:15.541227 139953462699776 logging_writer.py:48] [99616] accumulated_eval_time=16582.6, accumulated_logging_time=1.33476, accumulated_submission_time=17451.8, global_step=99616, preemption_count=0, score=17451.8, test/accuracy=0.677729, test/bleu=27.5562, test/loss=1.54644, test/num_examples=3003, total_duration=34036.5, train/accuracy=0.711818, train/bleu=37.6006, train/loss=1.30985, validation/accuracy=0.662335, validation/bleu=28.243, validation/loss=1.64761, validation/num_examples=3000
I0509 21:46:59.620578 140119255971008 spec.py:333] Evaluating on the training split.
I0509 21:47:00.610803 140119255971008 workload.py:200] Translating evaluation dataset.
I0509 21:51:00.086951 140119255971008 spec.py:346] Evaluating on the validation split.
I0509 21:51:01.018577 140119255971008 workload.py:200] Translating evaluation dataset.
I0509 21:54:08.636360 140119255971008 spec.py:363] Evaluating on the test split.
I0509 21:54:09.536024 140119255971008 workload.py:200] Translating evaluation dataset.
I0509 21:57:02.274735 140119255971008 submission_runner.py:516] Time since start: 35283.26s, 	Step: 103321, 	{'train/accuracy': 0.7252214550971985, 'train/loss': 1.2274237871170044, 'train/bleu': 38.07083332994624, 'validation/accuracy': 0.6611573100090027, 'validation/loss': 1.656663179397583, 'validation/bleu': 28.135858167464455, 'validation/num_examples': 3000, 'test/accuracy': 0.6750450730323792, 'test/loss': 1.5596600770950317, 'test/bleu': 27.34653377953752, 'test/num_examples': 3003, 'score': 18095.81568622589, 'total_duration': 35283.26227450371, 'accumulated_submission_time': 18095.81568622589, 'accumulated_eval_time': 17185.233499765396, 'accumulated_logging_time': 1.3744478225708008}
I0509 21:57:02.304280 139953471092480 logging_writer.py:48] [103321] accumulated_eval_time=17185.2, accumulated_logging_time=1.37445, accumulated_submission_time=18095.8, global_step=103321, preemption_count=0, score=18095.8, test/accuracy=0.675045, test/bleu=27.3465, test/loss=1.55966, test/num_examples=3003, total_duration=35283.3, train/accuracy=0.725221, train/bleu=38.0708, train/loss=1.22742, validation/accuracy=0.661157, validation/bleu=28.1359, validation/loss=1.65666, validation/num_examples=3000
I0509 22:07:46.422146 140119255971008 spec.py:333] Evaluating on the training split.
I0509 22:07:47.412344 140119255971008 workload.py:200] Translating evaluation dataset.
I0509 22:10:53.111031 140119255971008 spec.py:346] Evaluating on the validation split.
I0509 22:10:54.040956 140119255971008 workload.py:200] Translating evaluation dataset.
I0509 22:13:37.794528 140119255971008 spec.py:363] Evaluating on the test split.
I0509 22:13:38.693437 140119255971008 workload.py:200] Translating evaluation dataset.
I0509 22:16:13.129458 140119255971008 submission_runner.py:516] Time since start: 36434.12s, 	Step: 107026, 	{'train/accuracy': 0.7497318387031555, 'train/loss': 1.1312882900238037, 'train/bleu': 40.582799696322276, 'validation/accuracy': 0.6596198081970215, 'validation/loss': 1.6774373054504395, 'validation/bleu': 27.921880331481855, 'validation/num_examples': 3000, 'test/accuracy': 0.6752193570137024, 'test/loss': 1.5734076499938965, 'test/bleu': 27.235330405257155, 'test/num_examples': 3003, 'score': 18739.894539117813, 'total_duration': 36434.11698079109, 'accumulated_submission_time': 18739.894539117813, 'accumulated_eval_time': 17691.94079375267, 'accumulated_logging_time': 1.4128882884979248}
I0509 22:16:13.172849 139954561677056 logging_writer.py:48] [107026] accumulated_eval_time=17691.9, accumulated_logging_time=1.41289, accumulated_submission_time=18739.9, global_step=107026, preemption_count=0, score=18739.9, test/accuracy=0.675219, test/bleu=27.2353, test/loss=1.57341, test/num_examples=3003, total_duration=36434.1, train/accuracy=0.749732, train/bleu=40.5828, train/loss=1.13129, validation/accuracy=0.65962, validation/bleu=27.9219, validation/loss=1.67744, validation/num_examples=3000
I0509 22:26:57.228290 140119255971008 spec.py:333] Evaluating on the training split.
I0509 22:26:58.217539 140119255971008 workload.py:200] Translating evaluation dataset.
I0509 22:30:13.317404 140119255971008 spec.py:346] Evaluating on the validation split.
I0509 22:30:14.249848 140119255971008 workload.py:200] Translating evaluation dataset.
I0509 22:33:00.399258 140119255971008 spec.py:363] Evaluating on the test split.
I0509 22:33:01.298709 140119255971008 workload.py:200] Translating evaluation dataset.
I0509 22:35:40.773576 140119255971008 submission_runner.py:516] Time since start: 37601.76s, 	Step: 110724, 	{'train/accuracy': 0.7381417155265808, 'train/loss': 1.1832964420318604, 'train/bleu': 39.125898311029104, 'validation/accuracy': 0.6592602729797363, 'validation/loss': 1.6813604831695557, 'validation/bleu': 27.74937461166011, 'validation/num_examples': 3000, 'test/accuracy': 0.6756260991096497, 'test/loss': 1.5812036991119385, 'test/bleu': 27.256214383183103, 'test/num_examples': 3003, 'score': 19383.911695957184, 'total_duration': 37601.76103782654, 'accumulated_submission_time': 19383.911695957184, 'accumulated_eval_time': 18215.48591732979, 'accumulated_logging_time': 1.4654974937438965}
I0509 22:35:40.803571 139953462699776 logging_writer.py:48] [110724] accumulated_eval_time=18215.5, accumulated_logging_time=1.4655, accumulated_submission_time=19383.9, global_step=110724, preemption_count=0, score=19383.9, test/accuracy=0.675626, test/bleu=27.2562, test/loss=1.5812, test/num_examples=3003, total_duration=37601.8, train/accuracy=0.738142, train/bleu=39.1259, train/loss=1.1833, validation/accuracy=0.65926, validation/bleu=27.7494, validation/loss=1.68136, validation/num_examples=3000
I0509 22:46:24.896758 140119255971008 spec.py:333] Evaluating on the training split.
I0509 22:46:25.888074 140119255971008 workload.py:200] Translating evaluation dataset.
I0509 22:49:35.622189 140119255971008 spec.py:346] Evaluating on the validation split.
I0509 22:49:36.549397 140119255971008 workload.py:200] Translating evaluation dataset.
I0509 22:52:17.567896 140119255971008 spec.py:363] Evaluating on the test split.
I0509 22:52:18.466835 140119255971008 workload.py:200] Translating evaluation dataset.
I0509 22:54:54.133503 140119255971008 submission_runner.py:516] Time since start: 38755.12s, 	Step: 114426, 	{'train/accuracy': 0.747637927532196, 'train/loss': 1.140636920928955, 'train/bleu': 40.51875256375043, 'validation/accuracy': 0.6593966484069824, 'validation/loss': 1.6913483142852783, 'validation/bleu': 27.86477590213562, 'validation/num_examples': 3000, 'test/accuracy': 0.6739875674247742, 'test/loss': 1.5875613689422607, 'test/bleu': 27.355702821483128, 'test/num_examples': 3003, 'score': 20027.96543765068, 'total_duration': 38755.120968818665, 'accumulated_submission_time': 20027.96543765068, 'accumulated_eval_time': 18724.722537517548, 'accumulated_logging_time': 1.5048112869262695}
I0509 22:54:54.161923 139953462699776 logging_writer.py:48] [114426] accumulated_eval_time=18724.7, accumulated_logging_time=1.50481, accumulated_submission_time=20028, global_step=114426, preemption_count=0, score=20028, test/accuracy=0.673988, test/bleu=27.3557, test/loss=1.58756, test/num_examples=3003, total_duration=38755.1, train/accuracy=0.747638, train/bleu=40.5188, train/loss=1.14064, validation/accuracy=0.659397, validation/bleu=27.8648, validation/loss=1.69135, validation/num_examples=3000
I0509 23:05:38.253600 140119255971008 spec.py:333] Evaluating on the training split.
I0509 23:05:39.245265 140119255971008 workload.py:200] Translating evaluation dataset.
I0509 23:08:54.149533 140119255971008 spec.py:346] Evaluating on the validation split.
I0509 23:08:55.082778 140119255971008 workload.py:200] Translating evaluation dataset.
I0509 23:11:33.885364 140119255971008 spec.py:363] Evaluating on the test split.
I0509 23:11:34.784225 140119255971008 workload.py:200] Translating evaluation dataset.
I0509 23:14:07.728835 140119255971008 submission_runner.py:516] Time since start: 39908.72s, 	Step: 118128, 	{'train/accuracy': 0.7422550916671753, 'train/loss': 1.1725785732269287, 'train/bleu': 39.974315192686944, 'validation/accuracy': 0.6589006781578064, 'validation/loss': 1.6933172941207886, 'validation/bleu': 27.776987401944794, 'validation/num_examples': 3000, 'test/accuracy': 0.6745918393135071, 'test/loss': 1.5894341468811035, 'test/bleu': 27.24928164640528, 'test/num_examples': 3003, 'score': 20672.019370794296, 'total_duration': 39908.716275930405, 'accumulated_submission_time': 20672.019370794296, 'accumulated_eval_time': 19234.197607278824, 'accumulated_logging_time': 1.5422990322113037}
I0509 23:14:07.760278 139954561677056 logging_writer.py:48] [118128] accumulated_eval_time=19234.2, accumulated_logging_time=1.5423, accumulated_submission_time=20672, global_step=118128, preemption_count=0, score=20672, test/accuracy=0.674592, test/bleu=27.2493, test/loss=1.58943, test/num_examples=3003, total_duration=39908.7, train/accuracy=0.742255, train/bleu=39.9743, train/loss=1.17258, validation/accuracy=0.658901, validation/bleu=27.777, validation/loss=1.69332, validation/num_examples=3000
I0509 23:24:51.738687 140119255971008 spec.py:333] Evaluating on the training split.
I0509 23:24:52.729559 140119255971008 workload.py:200] Translating evaluation dataset.
I0509 23:28:10.989528 140119255971008 spec.py:346] Evaluating on the validation split.
I0509 23:28:11.914007 140119255971008 workload.py:200] Translating evaluation dataset.
I0509 23:30:50.698185 140119255971008 spec.py:363] Evaluating on the test split.
I0509 23:30:51.597537 140119255971008 workload.py:200] Translating evaluation dataset.
I0509 23:33:23.968271 140119255971008 submission_runner.py:516] Time since start: 41064.96s, 	Step: 121830, 	{'train/accuracy': 0.7452893853187561, 'train/loss': 1.1499290466308594, 'train/bleu': 40.315712209959486, 'validation/accuracy': 0.6587147116661072, 'validation/loss': 1.694149374961853, 'validation/bleu': 27.812526828041698, 'validation/num_examples': 3000, 'test/accuracy': 0.6742780804634094, 'test/loss': 1.5899227857589722, 'test/bleu': 27.269702420451704, 'test/num_examples': 3003, 'score': 21315.959009885788, 'total_duration': 41064.95573711395, 'accumulated_submission_time': 21315.959009885788, 'accumulated_eval_time': 19746.427062034607, 'accumulated_logging_time': 1.5828075408935547}
I0509 23:33:23.998174 139953462699776 logging_writer.py:48] [121830] accumulated_eval_time=19746.4, accumulated_logging_time=1.58281, accumulated_submission_time=21316, global_step=121830, preemption_count=0, score=21316, test/accuracy=0.674278, test/bleu=27.2697, test/loss=1.58992, test/num_examples=3003, total_duration=41065, train/accuracy=0.745289, train/bleu=40.3157, train/loss=1.14993, validation/accuracy=0.658715, validation/bleu=27.8125, validation/loss=1.69415, validation/num_examples=3000
I0509 23:44:08.076201 140119255971008 spec.py:333] Evaluating on the training split.
I0509 23:44:09.064834 140119255971008 workload.py:200] Translating evaluation dataset.
I0509 23:47:14.505680 140119255971008 spec.py:346] Evaluating on the validation split.
I0509 23:47:15.438397 140119255971008 workload.py:200] Translating evaluation dataset.
I0509 23:49:53.062324 140119255971008 spec.py:363] Evaluating on the test split.
I0509 23:49:53.962420 140119255971008 workload.py:200] Translating evaluation dataset.
I0509 23:52:26.800348 140119255971008 submission_runner.py:516] Time since start: 42207.79s, 	Step: 125533, 	{'train/accuracy': 0.7459545135498047, 'train/loss': 1.149785041809082, 'train/bleu': 40.34144920033308, 'validation/accuracy': 0.6587147116661072, 'validation/loss': 1.694149374961853, 'validation/bleu': 27.812526828041698, 'validation/num_examples': 3000, 'test/accuracy': 0.6742780804634094, 'test/loss': 1.5899227857589722, 'test/bleu': 27.269702420451704, 'test/num_examples': 3003, 'score': 21959.99873828888, 'total_duration': 42207.787855386734, 'accumulated_submission_time': 21959.99873828888, 'accumulated_eval_time': 20245.15109705925, 'accumulated_logging_time': 1.6218321323394775}
I0509 23:52:26.829815 139953471092480 logging_writer.py:48] [125533] accumulated_eval_time=20245.2, accumulated_logging_time=1.62183, accumulated_submission_time=21960, global_step=125533, preemption_count=0, score=21960, test/accuracy=0.674278, test/bleu=27.2697, test/loss=1.58992, test/num_examples=3003, total_duration=42207.8, train/accuracy=0.745955, train/bleu=40.3414, train/loss=1.14979, validation/accuracy=0.658715, validation/bleu=27.8125, validation/loss=1.69415, validation/num_examples=3000
I0510 00:03:10.959197 140119255971008 spec.py:333] Evaluating on the training split.
I0510 00:03:11.949315 140119255971008 workload.py:200] Translating evaluation dataset.
I0510 00:06:26.287189 140119255971008 spec.py:346] Evaluating on the validation split.
I0510 00:06:27.220181 140119255971008 workload.py:200] Translating evaluation dataset.
I0510 00:09:05.897876 140119255971008 spec.py:363] Evaluating on the test split.
I0510 00:09:06.797974 140119255971008 workload.py:200] Translating evaluation dataset.
I0510 00:11:39.246354 140119255971008 submission_runner.py:516] Time since start: 43360.23s, 	Step: 129236, 	{'train/accuracy': 0.7458723783493042, 'train/loss': 1.1523674726486206, 'train/bleu': 40.144563188036976, 'validation/accuracy': 0.6587147116661072, 'validation/loss': 1.694149374961853, 'validation/bleu': 27.812526828041698, 'validation/num_examples': 3000, 'test/accuracy': 0.6742780804634094, 'test/loss': 1.5899227857589722, 'test/bleu': 27.269702420451704, 'test/num_examples': 3003, 'score': 22604.089655160904, 'total_duration': 43360.2338745594, 'accumulated_submission_time': 22604.089655160904, 'accumulated_eval_time': 20753.43817472458, 'accumulated_logging_time': 1.6604077816009521}
I0510 00:11:39.276578 139954578462464 logging_writer.py:48] [129236] accumulated_eval_time=20753.4, accumulated_logging_time=1.66041, accumulated_submission_time=22604.1, global_step=129236, preemption_count=0, score=22604.1, test/accuracy=0.674278, test/bleu=27.2697, test/loss=1.58992, test/num_examples=3003, total_duration=43360.2, train/accuracy=0.745872, train/bleu=40.1446, train/loss=1.15237, validation/accuracy=0.658715, validation/bleu=27.8125, validation/loss=1.69415, validation/num_examples=3000
I0510 00:22:23.331754 140119255971008 spec.py:333] Evaluating on the training split.
I0510 00:22:24.321437 140119255971008 workload.py:200] Translating evaluation dataset.
I0510 00:25:33.203335 140119255971008 spec.py:346] Evaluating on the validation split.
I0510 00:25:34.121924 140119255971008 workload.py:200] Translating evaluation dataset.
I0510 00:28:12.479199 140119255971008 spec.py:363] Evaluating on the test split.
I0510 00:28:13.378843 140119255971008 workload.py:200] Translating evaluation dataset.
I0510 00:30:46.216754 140119255971008 submission_runner.py:516] Time since start: 44507.20s, 	Step: 132939, 	{'train/accuracy': 0.7438018918037415, 'train/loss': 1.15977144241333, 'train/bleu': 39.888555307151876, 'validation/accuracy': 0.6587147116661072, 'validation/loss': 1.694149374961853, 'validation/bleu': 27.812526828041698, 'validation/num_examples': 3000, 'test/accuracy': 0.6742780804634094, 'test/loss': 1.5899227857589722, 'test/bleu': 27.269702420451704, 'test/num_examples': 3003, 'score': 23248.106405973434, 'total_duration': 44507.20420265198, 'accumulated_submission_time': 23248.106405973434, 'accumulated_eval_time': 21256.32300925255, 'accumulated_logging_time': 1.699495792388916}
I0510 00:30:46.246614 139954561677056 logging_writer.py:48] [132939] accumulated_eval_time=21256.3, accumulated_logging_time=1.6995, accumulated_submission_time=23248.1, global_step=132939, preemption_count=0, score=23248.1, test/accuracy=0.674278, test/bleu=27.2697, test/loss=1.58992, test/num_examples=3003, total_duration=44507.2, train/accuracy=0.743802, train/bleu=39.8886, train/loss=1.15977, validation/accuracy=0.658715, validation/bleu=27.8125, validation/loss=1.69415, validation/num_examples=3000
I0510 00:41:30.354641 140119255971008 spec.py:333] Evaluating on the training split.
I0510 00:41:31.345038 140119255971008 workload.py:200] Translating evaluation dataset.
I0510 00:44:37.972204 140119255971008 spec.py:346] Evaluating on the validation split.
I0510 00:44:38.905649 140119255971008 workload.py:200] Translating evaluation dataset.
I0510 00:47:16.850769 140119255971008 spec.py:363] Evaluating on the test split.
I0510 00:47:17.749934 140119255971008 workload.py:200] Translating evaluation dataset.
I0510 00:49:50.213171 140119255971008 submission_runner.py:516] Time since start: 45651.20s, 	Step: 136639, 	{'train/accuracy': 0.7471383213996887, 'train/loss': 1.1420440673828125, 'train/bleu': 40.172886221497976, 'validation/accuracy': 0.6587147116661072, 'validation/loss': 1.694149374961853, 'validation/bleu': 27.812526828041698, 'validation/num_examples': 3000, 'test/accuracy': 0.6742780804634094, 'test/loss': 1.5899227857589722, 'test/bleu': 27.269702420451704, 'test/num_examples': 3003, 'score': 23892.176886081696, 'total_duration': 45651.20069360733, 'accumulated_submission_time': 23892.176886081696, 'accumulated_eval_time': 21756.1814596653, 'accumulated_logging_time': 1.7382428646087646}
I0510 00:49:50.244033 139953462699776 logging_writer.py:48] [136639] accumulated_eval_time=21756.2, accumulated_logging_time=1.73824, accumulated_submission_time=23892.2, global_step=136639, preemption_count=0, score=23892.2, test/accuracy=0.674278, test/bleu=27.2697, test/loss=1.58992, test/num_examples=3003, total_duration=45651.2, train/accuracy=0.747138, train/bleu=40.1729, train/loss=1.14204, validation/accuracy=0.658715, validation/bleu=27.8125, validation/loss=1.69415, validation/num_examples=3000
I0510 01:00:34.354769 139953471092480 logging_writer.py:48] [140339] global_step=140339, preemption_count=0, score=24536.2
I0510 01:00:34.372312 140119255971008 submission_runner.py:857] Final wmt score: 24536.22965478897
