torchrun --redirects 1:0,2:0,3:0 --standalone --nnodes=1 --nproc_per_node=4 submission_runner.py --framework=pytorch --workload=librispeech_conformer --submission_path=submissions_algorithms/submissions/self_tuning/schedule_free_adamw_v2/submission.py --data_dir=/data/librispeech --experiment_dir=/experiment_runs --experiment_name=submissions_a100/schedule_free_adamw_v2/study_0 --overwrite=True --save_checkpoints=False --rng_seed=1770468726 --librispeech_tokenizer_vocab_path=/data/librispeech/spm_model.vocab --torch_compile=true --tuning_ruleset=self 2>&1 | tee -a /logs/librispeech_conformer_pytorch_03-19-2026-23-04-15.log
W0319 23:04:28.717000 49 site-packages/torch/distributed/run.py:803] 
W0319 23:04:28.717000 49 site-packages/torch/distributed/run.py:803] *****************************************
W0319 23:04:28.717000 49 site-packages/torch/distributed/run.py:803] Setting OMP_NUM_THREADS environment variable for each process to be 1 in default, to avoid your system being overloaded, please further tune the variable for optimal performance in your application as needed. 
W0319 23:04:28.717000 49 site-packages/torch/distributed/run.py:803] *****************************************
2026-03-19 23:04:35.283473: E external/local_xla/xla/stream_executor/cuda/cuda_fft.cc:467] Unable to register cuFFT factory: Attempting to register factory for plugin cuFFT when one has already been registered
2026-03-19 23:04:35.283471: E external/local_xla/xla/stream_executor/cuda/cuda_fft.cc:467] Unable to register cuFFT factory: Attempting to register factory for plugin cuFFT when one has already been registered
2026-03-19 23:04:35.283485: E external/local_xla/xla/stream_executor/cuda/cuda_fft.cc:467] Unable to register cuFFT factory: Attempting to register factory for plugin cuFFT when one has already been registered
2026-03-19 23:04:35.283455: E external/local_xla/xla/stream_executor/cuda/cuda_fft.cc:467] Unable to register cuFFT factory: Attempting to register factory for plugin cuFFT when one has already been registered
WARNING: All log messages before absl::InitializeLog() is called are written to STDERR
E0000 00:00:1773961475.599024      79 cuda_dnn.cc:8579] Unable to register cuDNN factory: Attempting to register factory for plugin cuDNN when one has already been registered
WARNING: All log messages before absl::InitializeLog() is called are written to STDERR
WARNING: All log messages before absl::InitializeLog() is called are written to STDERR
E0000 00:00:1773961475.599002      80 cuda_dnn.cc:8579] Unable to register cuDNN factory: Attempting to register factory for plugin cuDNN when one has already been registered
E0000 00:00:1773961475.599002      78 cuda_dnn.cc:8579] Unable to register cuDNN factory: Attempting to register factory for plugin cuDNN when one has already been registered
WARNING: All log messages before absl::InitializeLog() is called are written to STDERR
E0000 00:00:1773961475.599002      81 cuda_dnn.cc:8579] Unable to register cuDNN factory: Attempting to register factory for plugin cuDNN when one has already been registered
E0000 00:00:1773961475.648142      80 cuda_blas.cc:1407] Unable to register cuBLAS factory: Attempting to register factory for plugin cuBLAS when one has already been registered
E0000 00:00:1773961475.648142      79 cuda_blas.cc:1407] Unable to register cuBLAS factory: Attempting to register factory for plugin cuBLAS when one has already been registered
E0000 00:00:1773961475.648142      78 cuda_blas.cc:1407] Unable to register cuBLAS factory: Attempting to register factory for plugin cuBLAS when one has already been registered
E0000 00:00:1773961475.648148      81 cuda_blas.cc:1407] Unable to register cuBLAS factory: Attempting to register factory for plugin cuBLAS when one has already been registered
W0000 00:00:1773961476.379894      79 computation_placer.cc:177] computation placer already registered. Please check linkage and avoid linking the same target more than once.
W0000 00:00:1773961476.379895      78 computation_placer.cc:177] computation placer already registered. Please check linkage and avoid linking the same target more than once.
W0000 00:00:1773961476.379896      80 computation_placer.cc:177] computation placer already registered. Please check linkage and avoid linking the same target more than once.
W0000 00:00:1773961476.379895      81 computation_placer.cc:177] computation placer already registered. Please check linkage and avoid linking the same target more than once.
W0000 00:00:1773961476.379934      78 computation_placer.cc:177] computation placer already registered. Please check linkage and avoid linking the same target more than once.
W0000 00:00:1773961476.379934      81 computation_placer.cc:177] computation placer already registered. Please check linkage and avoid linking the same target more than once.
W0000 00:00:1773961476.379934      80 computation_placer.cc:177] computation placer already registered. Please check linkage and avoid linking the same target more than once.
W0000 00:00:1773961476.379936      78 computation_placer.cc:177] computation placer already registered. Please check linkage and avoid linking the same target more than once.
W0000 00:00:1773961476.379937      81 computation_placer.cc:177] computation placer already registered. Please check linkage and avoid linking the same target more than once.
W0000 00:00:1773961476.379937      80 computation_placer.cc:177] computation placer already registered. Please check linkage and avoid linking the same target more than once.
W0000 00:00:1773961476.379937      79 computation_placer.cc:177] computation placer already registered. Please check linkage and avoid linking the same target more than once.
W0000 00:00:1773961476.379938      78 computation_placer.cc:177] computation placer already registered. Please check linkage and avoid linking the same target more than once.
W0000 00:00:1773961476.379939      81 computation_placer.cc:177] computation placer already registered. Please check linkage and avoid linking the same target more than once.
W0000 00:00:1773961476.379939      80 computation_placer.cc:177] computation placer already registered. Please check linkage and avoid linking the same target more than once.
W0000 00:00:1773961476.379940      79 computation_placer.cc:177] computation placer already registered. Please check linkage and avoid linking the same target more than once.
W0000 00:00:1773961476.379942      79 computation_placer.cc:177] computation placer already registered. Please check linkage and avoid linking the same target more than once.
W0000 00:00:1773961492.170019      81 gpu_device.cc:2341] Cannot dlopen some GPU libraries. Please make sure the missing libraries mentioned above are installed properly if you would like to use GPU. Follow the guide at https://www.tensorflow.org/install/gpu for how to download and setup the required libraries for your platform.
Skipping registering GPU devices...
W0000 00:00:1773961492.170018      78 gpu_device.cc:2341] Cannot dlopen some GPU libraries. Please make sure the missing libraries mentioned above are installed properly if you would like to use GPU. Follow the guide at https://www.tensorflow.org/install/gpu for how to download and setup the required libraries for your platform.
Skipping registering GPU devices...
W0000 00:00:1773961492.170015      80 gpu_device.cc:2341] Cannot dlopen some GPU libraries. Please make sure the missing libraries mentioned above are installed properly if you would like to use GPU. Follow the guide at https://www.tensorflow.org/install/gpu for how to download and setup the required libraries for your platform.
Skipping registering GPU devices...
W0000 00:00:1773961492.212638      79 gpu_device.cc:2341] Cannot dlopen some GPU libraries. Please make sure the missing libraries mentioned above are installed properly if you would like to use GPU. Follow the guide at https://www.tensorflow.org/install/gpu for how to download and setup the required libraries for your platform.
Skipping registering GPU devices...
/usr/local/lib/python3.11/site-packages/torch/__init__.py:1617: UserWarning: Please use the new API settings to control TF32 behavior, such as torch.backends.cudnn.conv.fp32_precision = 'tf32' or torch.backends.cuda.matmul.fp32_precision = 'ieee'. Old settings, e.g, torch.backends.cuda.matmul.allow_tf32 = True, torch.backends.cudnn.allow_tf32 = True, allowTF32CuDNN() and allowTF32CuBLAS() will be deprecated after Pytorch 2.9. Please see https://pytorch.org/docs/main/notes/cuda.html#tensorfloat-32-tf32-on-ampere-and-later-devices (Triggered internally at /pytorch/aten/src/ATen/Context.cpp:80.)
  _C._set_float32_matmul_precision(precision)
/usr/local/lib/python3.11/site-packages/torch/__init__.py:1617: UserWarning: Please use the new API settings to control TF32 behavior, such as torch.backends.cudnn.conv.fp32_precision = 'tf32' or torch.backends.cuda.matmul.fp32_precision = 'ieee'. Old settings, e.g, torch.backends.cuda.matmul.allow_tf32 = True, torch.backends.cudnn.allow_tf32 = True, allowTF32CuDNN() and allowTF32CuBLAS() will be deprecated after Pytorch 2.9. Please see https://pytorch.org/docs/main/notes/cuda.html#tensorfloat-32-tf32-on-ampere-and-later-devices (Triggered internally at /pytorch/aten/src/ATen/Context.cpp:80.)
  _C._set_float32_matmul_precision(precision)
/usr/local/lib/python3.11/site-packages/torch/__init__.py:1617: UserWarning: Please use the new API settings to control TF32 behavior, such as torch.backends.cudnn.conv.fp32_precision = 'tf32' or torch.backends.cuda.matmul.fp32_precision = 'ieee'. Old settings, e.g, torch.backends.cuda.matmul.allow_tf32 = True, torch.backends.cudnn.allow_tf32 = True, allowTF32CuDNN() and allowTF32CuBLAS() will be deprecated after Pytorch 2.9. Please see https://pytorch.org/docs/main/notes/cuda.html#tensorfloat-32-tf32-on-ampere-and-later-devices (Triggered internally at /pytorch/aten/src/ATen/Context.cpp:80.)
  _C._set_float32_matmul_precision(precision)
/usr/local/lib/python3.11/site-packages/torch/__init__.py:1617: UserWarning: Please use the new API settings to control TF32 behavior, such as torch.backends.cudnn.conv.fp32_precision = 'tf32' or torch.backends.cuda.matmul.fp32_precision = 'ieee'. Old settings, e.g, torch.backends.cuda.matmul.allow_tf32 = True, torch.backends.cudnn.allow_tf32 = True, allowTF32CuDNN() and allowTF32CuBLAS() will be deprecated after Pytorch 2.9. Please see https://pytorch.org/docs/main/notes/cuda.html#tensorfloat-32-tf32-on-ampere-and-later-devices (Triggered internally at /pytorch/aten/src/ATen/Context.cpp:80.)
  _C._set_float32_matmul_precision(precision)
/usr/local/lib/python3.11/site-packages/pydantic/_internal/_generate_schema.py:2249: UnsupportedFieldAttributeWarning: The 'repr' attribute with value False was provided to the `Field()` function, which has no effect in the context it was used. 'repr' is field-specific metadata, and can only be attached to a model field using `Annotated` metadata or by assignment. This may have happened because an `Annotated` type alias using the `type` statement was used, or if the `Field()` function was attached to a single member of a union type.
  warnings.warn(
/usr/local/lib/python3.11/site-packages/pydantic/_internal/_generate_schema.py:2249: UnsupportedFieldAttributeWarning: The 'repr' attribute with value False was provided to the `Field()` function, which has no effect in the context it was used. 'repr' is field-specific metadata, and can only be attached to a model field using `Annotated` metadata or by assignment. This may have happened because an `Annotated` type alias using the `type` statement was used, or if the `Field()` function was attached to a single member of a union type.
  warnings.warn(
/usr/local/lib/python3.11/site-packages/pydantic/_internal/_generate_schema.py:2249: UnsupportedFieldAttributeWarning: The 'repr' attribute with value False was provided to the `Field()` function, which has no effect in the context it was used. 'repr' is field-specific metadata, and can only be attached to a model field using `Annotated` metadata or by assignment. This may have happened because an `Annotated` type alias using the `type` statement was used, or if the `Field()` function was attached to a single member of a union type.
  warnings.warn(
/usr/local/lib/python3.11/site-packages/pydantic/_internal/_generate_schema.py:2249: UnsupportedFieldAttributeWarning: The 'repr' attribute with value False was provided to the `Field()` function, which has no effect in the context it was used. 'repr' is field-specific metadata, and can only be attached to a model field using `Annotated` metadata or by assignment. This may have happened because an `Annotated` type alias using the `type` statement was used, or if the `Field()` function was attached to a single member of a union type.
  warnings.warn(
/usr/local/lib/python3.11/site-packages/pydantic/_internal/_generate_schema.py:2249: UnsupportedFieldAttributeWarning: The 'frozen' attribute with value True was provided to the `Field()` function, which has no effect in the context it was used. 'frozen' is field-specific metadata, and can only be attached to a model field using `Annotated` metadata or by assignment. This may have happened because an `Annotated` type alias using the `type` statement was used, or if the `Field()` function was attached to a single member of a union type.
  warnings.warn(
/usr/local/lib/python3.11/site-packages/pydantic/_internal/_generate_schema.py:2249: UnsupportedFieldAttributeWarning: The 'frozen' attribute with value True was provided to the `Field()` function, which has no effect in the context it was used. 'frozen' is field-specific metadata, and can only be attached to a model field using `Annotated` metadata or by assignment. This may have happened because an `Annotated` type alias using the `type` statement was used, or if the `Field()` function was attached to a single member of a union type.
  warnings.warn(
/usr/local/lib/python3.11/site-packages/pydantic/_internal/_generate_schema.py:2249: UnsupportedFieldAttributeWarning: The 'frozen' attribute with value True was provided to the `Field()` function, which has no effect in the context it was used. 'frozen' is field-specific metadata, and can only be attached to a model field using `Annotated` metadata or by assignment. This may have happened because an `Annotated` type alias using the `type` statement was used, or if the `Field()` function was attached to a single member of a union type.
  warnings.warn(
/usr/local/lib/python3.11/site-packages/pydantic/_internal/_generate_schema.py:2249: UnsupportedFieldAttributeWarning: The 'frozen' attribute with value True was provided to the `Field()` function, which has no effect in the context it was used. 'frozen' is field-specific metadata, and can only be attached to a model field using `Annotated` metadata or by assignment. This may have happened because an `Annotated` type alias using the `type` statement was used, or if the `Field()` function was attached to a single member of a union type.
  warnings.warn(
/usr/local/lib/python3.11/site-packages/torch/distributed/distributed_c10d.py:4876: UserWarning: barrier(): using the device under current context. You can specify `device_id` in `init_process_group` to mute this warning.
  warnings.warn(  # warn only once
[rank0]:[W319 23:04:56.614748259 ProcessGroupNCCL.cpp:5068] Guessing device ID based on global rank. This can cause a hang if rank to GPU mapping is heterogeneous. You can specify device_id in init_process_group()
I0319 23:04:58.306916 140081537184960 logger_utils.py:84] Creating experiment directory at /experiment_runs/submissions_a100/schedule_free_adamw_v2/study_0/librispeech_conformer_pytorch.
I0319 23:04:58.306915 140239581959360 logger_utils.py:84] Creating experiment directory at /experiment_runs/submissions_a100/schedule_free_adamw_v2/study_0/librispeech_conformer_pytorch.
I0319 23:04:58.306916 139949766755520 logger_utils.py:84] Creating experiment directory at /experiment_runs/submissions_a100/schedule_free_adamw_v2/study_0/librispeech_conformer_pytorch.
I0319 23:04:58.306939 140545927636160 logger_utils.py:84] Creating experiment directory at /experiment_runs/submissions_a100/schedule_free_adamw_v2/study_0/librispeech_conformer_pytorch.
I0319 23:04:58.362359 139949766755520 submission_runner.py:741] Creating directory at /experiment_runs/submissions_a100/schedule_free_adamw_v2/study_0/librispeech_conformer_pytorch/trial_1.
I0319 23:04:58.638506 139949766755520 submission_runner.py:242] Initializing dataset.
I0319 23:04:58.638692 139949766755520 input_pipeline.py:19] Loading split = train-clean-100
I0319 23:04:58.668323 139949766755520 input_pipeline.py:19] Loading split = train-clean-360
I0319 23:04:58.779697 139949766755520 input_pipeline.py:19] Loading split = train-other-500
I0319 23:04:59.380609 139949766755520 submission_runner.py:251] Initializing model.
W0319 23:05:03.893947 139949766755520 submission_runner.py:273] These workloads cannot be fully compiled under current PyTorch version. Proceeding without `torch.compile`.
W0319 23:05:03.893947 140545927636160 submission_runner.py:273] These workloads cannot be fully compiled under current PyTorch version. Proceeding without `torch.compile`.
W0319 23:05:03.893953 140239581959360 submission_runner.py:273] These workloads cannot be fully compiled under current PyTorch version. Proceeding without `torch.compile`.
W0319 23:05:03.893965 140081537184960 submission_runner.py:273] These workloads cannot be fully compiled under current PyTorch version. Proceeding without `torch.compile`.
I0319 23:05:03.894151 139949766755520 submission_runner.py:294] Initializing optimizer.
I0319 23:05:03.894769 139949766755520 submission_runner.py:299] Initializing metrics bundle.
I0319 23:05:03.894918 139949766755520 submission_runner.py:321] Initializing checkpoint and logger.
I0319 23:05:03.895952 139949766755520 submission_runner.py:344] Saving meta data to /experiment_runs/submissions_a100/schedule_free_adamw_v2/study_0/librispeech_conformer_pytorch/trial_1/meta_data_0.json.
I0319 23:05:03.896071 140545927636160 logger_utils.py:283] Unable to record workload.train_mean information. Continuing without it.
I0319 23:05:03.896107 140239581959360 logger_utils.py:283] Unable to record workload.train_mean information. Continuing without it.
I0319 23:05:03.896115 140081537184960 logger_utils.py:283] Unable to record workload.train_mean information. Continuing without it.
I0319 23:05:03.896180 139949766755520 logger_utils.py:283] Unable to record workload.train_mean information. Continuing without it.
I0319 23:05:03.896203 140545927636160 logger_utils.py:283] Unable to record workload.train_stddev information. Continuing without it.
I0319 23:05:03.896240 139949766755520 logger_utils.py:283] Unable to record workload.train_stddev information. Continuing without it.
I0319 23:05:03.896238 140081537184960 logger_utils.py:283] Unable to record workload.train_stddev information. Continuing without it.
I0319 23:05:03.896241 140239581959360 logger_utils.py:283] Unable to record workload.train_stddev information. Continuing without it.
I0319 23:05:04.204710 139949766755520 submission_runner.py:348] Saving flags to /experiment_runs/submissions_a100/schedule_free_adamw_v2/study_0/librispeech_conformer_pytorch/trial_1/flags_0.json.
I0319 23:05:04.223847 139949766755520 submission_runner.py:359] Starting training loop.
/usr/local/lib/python3.11/multiprocessing/popen_fork.py:66: RuntimeWarning: os.fork() was called. os.fork() is incompatible with multithreaded code, and JAX is multithreaded, so this will likely lead to a deadlock.
  self.pid = os.fork()
/usr/local/lib/python3.11/multiprocessing/popen_fork.py:66: RuntimeWarning: os.fork() was called. os.fork() is incompatible with multithreaded code, and JAX is multithreaded, so this will likely lead to a deadlock.
  self.pid = os.fork()
/usr/local/lib/python3.11/multiprocessing/popen_fork.py:66: RuntimeWarning: os.fork() was called. os.fork() is incompatible with multithreaded code, and JAX is multithreaded, so this will likely lead to a deadlock.
  self.pid = os.fork()
/usr/local/lib/python3.11/multiprocessing/popen_fork.py:66: RuntimeWarning: os.fork() was called. os.fork() is incompatible with multithreaded code, and JAX is multithreaded, so this will likely lead to a deadlock.
  self.pid = os.fork()
/algorithmic-efficiency/algoperf/workloads/librispeech_conformer/librispeech_pytorch/preprocessor.py:516: UserWarning: Specified kernel cache directory could not be created! This disables kernel caching. Specified directory is /root/.cache/torch/kernels. This warning will appear only once per process. (Triggered internally at /pytorch/aten/src/ATen/native/cuda/jit_utils.cpp:1487.)
  spectrum = torch.abs(spectrum)
/algorithmic-efficiency/algoperf/workloads/librispeech_conformer/librispeech_pytorch/preprocessor.py:516: UserWarning: Specified kernel cache directory could not be created! This disables kernel caching. Specified directory is /root/.cache/torch/kernels. This warning will appear only once per process. (Triggered internally at /pytorch/aten/src/ATen/native/cuda/jit_utils.cpp:1487.)
  spectrum = torch.abs(spectrum)
/algorithmic-efficiency/algoperf/workloads/librispeech_conformer/librispeech_pytorch/preprocessor.py:516: UserWarning: Specified kernel cache directory could not be created! This disables kernel caching. Specified directory is /root/.cache/torch/kernels. This warning will appear only once per process. (Triggered internally at /pytorch/aten/src/ATen/native/cuda/jit_utils.cpp:1487.)
  spectrum = torch.abs(spectrum)
I0319 23:05:22.569591 139949766755520 spec.py:333] Evaluating on the training split.
I0319 23:05:22.572466 139949766755520 input_pipeline.py:19] Loading split = train-clean-100
I0319 23:05:22.609565 139949766755520 input_pipeline.py:19] Loading split = train-clean-360
I0319 23:05:22.703675 139949766755520 input_pipeline.py:19] Loading split = train-other-500
/usr/local/lib/python3.11/site-packages/torch/distributed/distributed_c10d.py:4876: UserWarning: barrier(): using the device under current context. You can specify `device_id` in `init_process_group` to mute this warning.
  warnings.warn(  # warn only once
I0319 23:05:54.119188 139949766755520 spec.py:346] Evaluating on the validation split.
I0319 23:05:54.120516 139949766755520 input_pipeline.py:19] Loading split = dev-clean
I0319 23:05:54.124071 139949766755520 input_pipeline.py:19] Loading split = dev-other
I0319 23:06:15.561963 139949766755520 spec.py:363] Evaluating on the test split.
I0319 23:06:15.563762 139949766755520 input_pipeline.py:19] Loading split = test-clean
I0319 23:06:26.947844 139949766755520 submission_runner.py:516] Time since start: 82.72s, 	Step: 1, 	{'train/ctc_loss': 31.695062297170036, 'train/wer': 2.2658221635711246, 'validation/ctc_loss': 30.476702105717123, 'validation/wer': 1.8757978081398157, 'validation/num_examples': 5348, 'test/ctc_loss': 30.52289642870892, 'test/wer': 1.9423354254260354, 'test/num_examples': 2472, 'score': 17.390963792800903, 'total_duration': 82.72380781173706, 'accumulated_submission_time': 17.390963792800903, 'accumulated_eval_time': 64.37843656539917, 'accumulated_logging_time': 0}
I0319 23:06:27.062904 139927341754112 logging_writer.py:48] [1] accumulated_eval_time=64.3784, accumulated_logging_time=0, accumulated_submission_time=17.391, global_step=1, preemption_count=0, score=17.391, test/ctc_loss=30.5229, test/num_examples=2472, test/wer=1.94234, total_duration=82.7238, train/ctc_loss=31.6951, train/wer=2.26582, validation/ctc_loss=30.4767, validation/num_examples=5348, validation/wer=1.8758
/usr/local/lib/python3.11/multiprocessing/popen_fork.py:66: RuntimeWarning: os.fork() was called. os.fork() is incompatible with multithreaded code, and JAX is multithreaded, so this will likely lead to a deadlock.
  self.pid = os.fork()
I0319 23:35:34.944989 139949766755520 spec.py:333] Evaluating on the training split.
/usr/local/lib/python3.11/site-packages/torch/distributed/distributed_c10d.py:4876: UserWarning: barrier(): using the device under current context. You can specify `device_id` in `init_process_group` to mute this warning.
  warnings.warn(  # warn only once
I0319 23:35:52.002233 139949766755520 spec.py:346] Evaluating on the validation split.
I0319 23:36:13.062098 139949766755520 spec.py:363] Evaluating on the test split.
I0319 23:36:24.412214 139949766755520 submission_runner.py:516] Time since start: 1880.19s, 	Step: 1723, 	{'train/ctc_loss': 3.777014071911056, 'train/wer': 0.6865559324252107, 'validation/ctc_loss': 4.006385435612808, 'validation/wer': 0.6706995606623859, 'validation/num_examples': 5348, 'test/ctc_loss': 3.773117789726282, 'test/wer': 0.6490565271261146, 'test/num_examples': 2472, 'score': 1762.5864510536194, 'total_duration': 1880.1877937316895, 'accumulated_submission_time': 1762.5864510536194, 'accumulated_eval_time': 113.8451201915741, 'accumulated_logging_time': 0.2909564971923828}
I0319 23:36:24.484828 139927341754112 logging_writer.py:48] [1723] accumulated_eval_time=113.845, accumulated_logging_time=0.290956, accumulated_submission_time=1762.59, global_step=1723, preemption_count=0, score=1762.59, test/ctc_loss=3.77312, test/num_examples=2472, test/wer=0.649057, total_duration=1880.19, train/ctc_loss=3.77701, train/wer=0.686556, validation/ctc_loss=4.00639, validation/num_examples=5348, validation/wer=0.6707
/usr/local/lib/python3.11/multiprocessing/popen_fork.py:66: RuntimeWarning: os.fork() was called. os.fork() is incompatible with multithreaded code, and JAX is multithreaded, so this will likely lead to a deadlock.
  self.pid = os.fork()
I0320 00:05:32.569360 139949766755520 spec.py:333] Evaluating on the training split.
/usr/local/lib/python3.11/site-packages/torch/distributed/distributed_c10d.py:4876: UserWarning: barrier(): using the device under current context. You can specify `device_id` in `init_process_group` to mute this warning.
  warnings.warn(  # warn only once
I0320 00:05:50.920065 139949766755520 spec.py:346] Evaluating on the validation split.
I0320 00:06:11.421097 139949766755520 spec.py:363] Evaluating on the test split.
I0320 00:06:22.103708 139949766755520 submission_runner.py:516] Time since start: 3677.88s, 	Step: 3779, 	{'train/ctc_loss': 1.7405143115807018, 'train/wer': 0.43450284106400844, 'validation/ctc_loss': 1.9537610629840056, 'validation/wer': 0.4368464249505142, 'validation/num_examples': 5348, 'test/ctc_loss': 1.6313607206103147, 'test/wer': 0.3953852091077123, 'test/num_examples': 2472, 'score': 3508.037905931473, 'total_duration': 3677.8796536922455, 'accumulated_submission_time': 3508.037905931473, 'accumulated_eval_time': 163.37927269935608, 'accumulated_logging_time': 0.3771781921386719}
I0320 00:06:22.137783 139927341754112 logging_writer.py:48] [3779] accumulated_eval_time=163.379, accumulated_logging_time=0.377178, accumulated_submission_time=3508.04, global_step=3779, preemption_count=0, score=3508.04, test/ctc_loss=1.63136, test/num_examples=2472, test/wer=0.395385, total_duration=3677.88, train/ctc_loss=1.74051, train/wer=0.434503, validation/ctc_loss=1.95376, validation/num_examples=5348, validation/wer=0.436846
/usr/local/lib/python3.11/multiprocessing/popen_fork.py:66: RuntimeWarning: os.fork() was called. os.fork() is incompatible with multithreaded code, and JAX is multithreaded, so this will likely lead to a deadlock.
  self.pid = os.fork()
I0320 00:35:30.410135 139949766755520 spec.py:333] Evaluating on the training split.
/usr/local/lib/python3.11/site-packages/torch/distributed/distributed_c10d.py:4876: UserWarning: barrier(): using the device under current context. You can specify `device_id` in `init_process_group` to mute this warning.
  warnings.warn(  # warn only once
I0320 00:35:46.323167 139949766755520 spec.py:346] Evaluating on the validation split.
I0320 00:36:06.792989 139949766755520 spec.py:363] Evaluating on the test split.
I0320 00:36:17.505625 139949766755520 submission_runner.py:516] Time since start: 5473.27s, 	Step: 6466, 	{'train/ctc_loss': 0.727723902685655, 'train/wer': 0.24154497169842187, 'validation/ctc_loss': 0.9182468139231091, 'validation/wer': 0.27651233524839475, 'validation/num_examples': 5348, 'test/ctc_loss': 0.6483712320505088, 'test/wer': 0.21885727052992912, 'test/num_examples': 2472, 'score': 5253.433134317398, 'total_duration': 5473.272135734558, 'accumulated_submission_time': 5253.433134317398, 'accumulated_eval_time': 210.46517705917358, 'accumulated_logging_time': 0.42184948921203613}
I0320 00:36:18.065655 139927341754112 logging_writer.py:48] [6466] accumulated_eval_time=210.465, accumulated_logging_time=0.421849, accumulated_submission_time=5253.43, global_step=6466, preemption_count=0, score=5253.43, test/ctc_loss=0.648371, test/num_examples=2472, test/wer=0.218857, total_duration=5473.27, train/ctc_loss=0.727724, train/wer=0.241545, validation/ctc_loss=0.918247, validation/num_examples=5348, validation/wer=0.276512
/usr/local/lib/python3.11/multiprocessing/popen_fork.py:66: RuntimeWarning: os.fork() was called. os.fork() is incompatible with multithreaded code, and JAX is multithreaded, so this will likely lead to a deadlock.
  self.pid = os.fork()
I0320 01:05:25.693169 139949766755520 spec.py:333] Evaluating on the training split.
/usr/local/lib/python3.11/site-packages/torch/distributed/distributed_c10d.py:4876: UserWarning: barrier(): using the device under current context. You can specify `device_id` in `init_process_group` to mute this warning.
  warnings.warn(  # warn only once
I0320 01:05:45.665418 139949766755520 spec.py:346] Evaluating on the validation split.
I0320 01:06:06.122624 139949766755520 spec.py:363] Evaluating on the test split.
I0320 01:06:16.978617 139949766755520 submission_runner.py:516] Time since start: 7272.75s, 	Step: 9120, 	{'train/ctc_loss': 0.4857479661955704, 'train/wer': 0.16966223511576928, 'validation/ctc_loss': 0.6900495744345065, 'validation/wer': 0.2152464635736011, 'validation/num_examples': 5348, 'test/ctc_loss': 0.4486972282552902, 'test/wer': 0.15639916316291919, 'test/num_examples': 2472, 'score': 6997.952602148056, 'total_duration': 7272.7544956207275, 'accumulated_submission_time': 6997.952602148056, 'accumulated_eval_time': 261.75040912628174, 'accumulated_logging_time': 1.242635726928711}
I0320 01:06:17.493036 139927341754112 logging_writer.py:48] [9120] accumulated_eval_time=261.75, accumulated_logging_time=1.24264, accumulated_submission_time=6997.95, global_step=9120, preemption_count=0, score=6997.95, test/ctc_loss=0.448697, test/num_examples=2472, test/wer=0.156399, total_duration=7272.75, train/ctc_loss=0.485748, train/wer=0.169662, validation/ctc_loss=0.69005, validation/num_examples=5348, validation/wer=0.215246
/usr/local/lib/python3.11/multiprocessing/popen_fork.py:66: RuntimeWarning: os.fork() was called. os.fork() is incompatible with multithreaded code, and JAX is multithreaded, so this will likely lead to a deadlock.
  self.pid = os.fork()
I0320 01:35:25.883502 139949766755520 spec.py:333] Evaluating on the training split.
/usr/local/lib/python3.11/site-packages/torch/distributed/distributed_c10d.py:4876: UserWarning: barrier(): using the device under current context. You can specify `device_id` in `init_process_group` to mute this warning.
  warnings.warn(  # warn only once
I0320 01:35:44.320491 139949766755520 spec.py:346] Evaluating on the validation split.
I0320 01:36:04.770429 139949766755520 spec.py:363] Evaluating on the test split.
I0320 01:36:15.512148 139949766755520 submission_runner.py:516] Time since start: 9071.29s, 	Step: 11701, 	{'train/ctc_loss': 0.37236940333267843, 'train/wer': 0.13264115343926886, 'validation/ctc_loss': 0.5849071326558037, 'validation/wer': 0.18236856080722252, 'validation/num_examples': 5348, 'test/ctc_loss': 0.3630789623221092, 'test/wer': 0.12546462738407166, 'test/num_examples': 2472, 'score': 8742.906391859055, 'total_duration': 9071.288073539734, 'accumulated_submission_time': 8742.906391859055, 'accumulated_eval_time': 311.3788571357727, 'accumulated_logging_time': 1.9683644771575928}
I0320 01:36:16.624505 139927341754112 logging_writer.py:48] [11701] accumulated_eval_time=311.379, accumulated_logging_time=1.96836, accumulated_submission_time=8742.91, global_step=11701, preemption_count=0, score=8742.91, test/ctc_loss=0.363079, test/num_examples=2472, test/wer=0.125465, total_duration=9071.29, train/ctc_loss=0.372369, train/wer=0.132641, validation/ctc_loss=0.584907, validation/num_examples=5348, validation/wer=0.182369
/usr/local/lib/python3.11/multiprocessing/popen_fork.py:66: RuntimeWarning: os.fork() was called. os.fork() is incompatible with multithreaded code, and JAX is multithreaded, so this will likely lead to a deadlock.
  self.pid = os.fork()
I0320 02:05:23.956762 139949766755520 spec.py:333] Evaluating on the training split.
/usr/local/lib/python3.11/site-packages/torch/distributed/distributed_c10d.py:4876: UserWarning: barrier(): using the device under current context. You can specify `device_id` in `init_process_group` to mute this warning.
  warnings.warn(  # warn only once
I0320 02:05:40.489442 139949766755520 spec.py:346] Evaluating on the validation split.
I0320 02:06:00.930203 139949766755520 spec.py:363] Evaluating on the test split.
I0320 02:06:11.837438 139949766755520 submission_runner.py:516] Time since start: 10867.61s, 	Step: 14443, 	{'train/ctc_loss': 0.30084871001836055, 'train/wer': 0.10809675976922489, 'validation/ctc_loss': 0.5165833427087435, 'validation/wer': 0.15933954521315116, 'validation/num_examples': 5348, 'test/ctc_loss': 0.30840963337482513, 'test/wer': 0.10629049621189039, 'test/num_examples': 2472, 'score': 10486.874568223953, 'total_duration': 10867.61335515976, 'accumulated_submission_time': 10486.874568223953, 'accumulated_eval_time': 359.2593162059784, 'accumulated_logging_time': 3.6581859588623047}
I0320 02:06:12.313906 139927341754112 logging_writer.py:48] [14443] accumulated_eval_time=359.259, accumulated_logging_time=3.65819, accumulated_submission_time=10486.9, global_step=14443, preemption_count=0, score=10486.9, test/ctc_loss=0.30841, test/num_examples=2472, test/wer=0.10629, total_duration=10867.6, train/ctc_loss=0.300849, train/wer=0.108097, validation/ctc_loss=0.516583, validation/num_examples=5348, validation/wer=0.15934
/usr/local/lib/python3.11/multiprocessing/popen_fork.py:66: RuntimeWarning: os.fork() was called. os.fork() is incompatible with multithreaded code, and JAX is multithreaded, so this will likely lead to a deadlock.
  self.pid = os.fork()
I0320 02:35:20.324983 139949766755520 spec.py:333] Evaluating on the training split.
/usr/local/lib/python3.11/site-packages/torch/distributed/distributed_c10d.py:4876: UserWarning: barrier(): using the device under current context. You can specify `device_id` in `init_process_group` to mute this warning.
  warnings.warn(  # warn only once
I0320 02:35:37.344495 139949766755520 spec.py:346] Evaluating on the validation split.
I0320 02:35:57.686323 139949766755520 spec.py:363] Evaluating on the test split.
I0320 02:36:08.414326 139949766755520 submission_runner.py:516] Time since start: 12664.19s, 	Step: 17176, 	{'train/ctc_loss': 0.2571851668202359, 'train/wer': 0.09244636878210512, 'validation/ctc_loss': 0.4735457176251461, 'validation/wer': 0.1437068507700478, 'validation/num_examples': 5348, 'test/ctc_loss': 0.2763602824999679, 'test/wer': 0.0933723315662259, 'test/num_examples': 2472, 'score': 12231.281793117523, 'total_duration': 12664.19030714035, 'accumulated_submission_time': 12231.281793117523, 'accumulated_eval_time': 407.34850454330444, 'accumulated_logging_time': 4.4592742919921875}
I0320 02:36:09.795770 139927341754112 logging_writer.py:48] [17176] accumulated_eval_time=407.349, accumulated_logging_time=4.45927, accumulated_submission_time=12231.3, global_step=17176, preemption_count=0, score=12231.3, test/ctc_loss=0.27636, test/num_examples=2472, test/wer=0.0933723, total_duration=12664.2, train/ctc_loss=0.257185, train/wer=0.0924464, validation/ctc_loss=0.473546, validation/num_examples=5348, validation/wer=0.143707
/usr/local/lib/python3.11/multiprocessing/popen_fork.py:66: RuntimeWarning: os.fork() was called. os.fork() is incompatible with multithreaded code, and JAX is multithreaded, so this will likely lead to a deadlock.
  self.pid = os.fork()
I0320 03:05:17.360884 139949766755520 spec.py:333] Evaluating on the training split.
/usr/local/lib/python3.11/site-packages/torch/distributed/distributed_c10d.py:4876: UserWarning: barrier(): using the device under current context. You can specify `device_id` in `init_process_group` to mute this warning.
  warnings.warn(  # warn only once
I0320 03:05:32.629684 139949766755520 spec.py:346] Evaluating on the validation split.
I0320 03:05:53.339991 139949766755520 spec.py:363] Evaluating on the test split.
I0320 03:06:04.171487 139949766755520 submission_runner.py:516] Time since start: 14459.95s, 	Step: 19789, 	{'train/ctc_loss': 0.2292479856740222, 'train/wer': 0.0829906970149742, 'validation/ctc_loss': 0.4480685776096454, 'validation/wer': 0.13390624245642832, 'validation/num_examples': 5348, 'test/ctc_loss': 0.2566346147676672, 'test/wer': 0.08471959864318648, 'test/num_examples': 2472, 'score': 13975.4741396904, 'total_duration': 14459.94743180275, 'accumulated_submission_time': 13975.4741396904, 'accumulated_eval_time': 454.1589798927307, 'accumulated_logging_time': 6.467545509338379}
I0320 03:06:04.513319 139927341754112 logging_writer.py:48] [19789] accumulated_eval_time=454.159, accumulated_logging_time=6.46755, accumulated_submission_time=13975.5, global_step=19789, preemption_count=0, score=13975.5, test/ctc_loss=0.256635, test/num_examples=2472, test/wer=0.0847196, total_duration=14459.9, train/ctc_loss=0.229248, train/wer=0.0829907, validation/ctc_loss=0.448069, validation/num_examples=5348, validation/wer=0.133906
/usr/local/lib/python3.11/multiprocessing/popen_fork.py:66: RuntimeWarning: os.fork() was called. os.fork() is incompatible with multithreaded code, and JAX is multithreaded, so this will likely lead to a deadlock.
  self.pid = os.fork()
I0320 03:35:13.497171 139949766755520 spec.py:333] Evaluating on the training split.
/usr/local/lib/python3.11/site-packages/torch/distributed/distributed_c10d.py:4876: UserWarning: barrier(): using the device under current context. You can specify `device_id` in `init_process_group` to mute this warning.
  warnings.warn(  # warn only once
I0320 03:35:30.023864 139949766755520 spec.py:346] Evaluating on the validation split.
I0320 03:35:50.866229 139949766755520 spec.py:363] Evaluating on the test split.
I0320 03:36:01.637038 139949766755520 submission_runner.py:516] Time since start: 16257.39s, 	Step: 22347, 	{'train/ctc_loss': 0.21012128406188388, 'train/wer': 0.07639244855002127, 'validation/ctc_loss': 0.4284172784121805, 'validation/wer': 0.1281900255877951, 'validation/num_examples': 5348, 'test/ctc_loss': 0.2422523142652739, 'test/wer': 0.08008855848719355, 'test/num_examples': 2472, 'score': 15720.915828704834, 'total_duration': 16257.38680934906, 'accumulated_submission_time': 15720.915828704834, 'accumulated_eval_time': 502.27249360084534, 'accumulated_logging_time': 7.058424949645996}
I0320 03:36:02.600637 139927341754112 logging_writer.py:48] [22347] accumulated_eval_time=502.272, accumulated_logging_time=7.05842, accumulated_submission_time=15720.9, global_step=22347, preemption_count=0, score=15720.9, test/ctc_loss=0.242252, test/num_examples=2472, test/wer=0.0800886, total_duration=16257.4, train/ctc_loss=0.210121, train/wer=0.0763924, validation/ctc_loss=0.428417, validation/num_examples=5348, validation/wer=0.12819
/usr/local/lib/python3.11/multiprocessing/popen_fork.py:66: RuntimeWarning: os.fork() was called. os.fork() is incompatible with multithreaded code, and JAX is multithreaded, so this will likely lead to a deadlock.
  self.pid = os.fork()
I0320 04:05:09.633642 139949766755520 spec.py:333] Evaluating on the training split.
/usr/local/lib/python3.11/site-packages/torch/distributed/distributed_c10d.py:4876: UserWarning: barrier(): using the device under current context. You can specify `device_id` in `init_process_group` to mute this warning.
  warnings.warn(  # warn only once
I0320 04:05:26.635042 139949766755520 spec.py:346] Evaluating on the validation split.
I0320 04:05:47.412909 139949766755520 spec.py:363] Evaluating on the test split.
I0320 04:05:58.330369 139949766755520 submission_runner.py:516] Time since start: 18054.11s, 	Step: 25134, 	{'train/ctc_loss': 0.19412504223859917, 'train/wer': 0.0706394302603309, 'validation/ctc_loss': 0.4131771097016744, 'validation/wer': 0.12311108965384059, 'validation/num_examples': 5348, 'test/ctc_loss': 0.23083903845907067, 'test/wer': 0.07590437308309467, 'test/num_examples': 2472, 'score': 17464.7115547657, 'total_duration': 18054.106347322464, 'accumulated_submission_time': 17464.7115547657, 'accumulated_eval_time': 550.9690637588501, 'accumulated_logging_time': 8.43750786781311}
I0320 04:05:58.591205 139927341754112 logging_writer.py:48] [25134] accumulated_eval_time=550.969, accumulated_logging_time=8.43751, accumulated_submission_time=17464.7, global_step=25134, preemption_count=0, score=17464.7, test/ctc_loss=0.230839, test/num_examples=2472, test/wer=0.0759044, total_duration=18054.1, train/ctc_loss=0.194125, train/wer=0.0706394, validation/ctc_loss=0.413177, validation/num_examples=5348, validation/wer=0.123111
/usr/local/lib/python3.11/multiprocessing/popen_fork.py:66: RuntimeWarning: os.fork() was called. os.fork() is incompatible with multithreaded code, and JAX is multithreaded, so this will likely lead to a deadlock.
  self.pid = os.fork()
I0320 04:35:07.108444 139949766755520 spec.py:333] Evaluating on the training split.
/usr/local/lib/python3.11/site-packages/torch/distributed/distributed_c10d.py:4876: UserWarning: barrier(): using the device under current context. You can specify `device_id` in `init_process_group` to mute this warning.
  warnings.warn(  # warn only once
I0320 04:35:25.623539 139949766755520 spec.py:346] Evaluating on the validation split.
I0320 04:35:46.342666 139949766755520 spec.py:363] Evaluating on the test split.
I0320 04:35:57.169727 139949766755520 submission_runner.py:516] Time since start: 19852.95s, 	Step: 27835, 	{'train/ctc_loss': 0.18199357930948043, 'train/wer': 0.06613517139086715, 'validation/ctc_loss': 0.4022983622720994, 'validation/wer': 0.11865977888282721, 'validation/num_examples': 5348, 'test/ctc_loss': 0.22364380285395305, 'test/wer': 0.07318262141246724, 'test/num_examples': 2472, 'score': 19209.679338932037, 'total_duration': 19852.94570207596, 'accumulated_submission_time': 19209.679338932037, 'accumulated_eval_time': 601.0302338600159, 'accumulated_logging_time': 8.973088264465332}
I0320 04:35:58.113919 139927341754112 logging_writer.py:48] [27835] accumulated_eval_time=601.03, accumulated_logging_time=8.97309, accumulated_submission_time=19209.7, global_step=27835, preemption_count=0, score=19209.7, test/ctc_loss=0.223644, test/num_examples=2472, test/wer=0.0731826, total_duration=19852.9, train/ctc_loss=0.181994, train/wer=0.0661352, validation/ctc_loss=0.402298, validation/num_examples=5348, validation/wer=0.11866
/usr/local/lib/python3.11/multiprocessing/popen_fork.py:66: RuntimeWarning: os.fork() was called. os.fork() is incompatible with multithreaded code, and JAX is multithreaded, so this will likely lead to a deadlock.
  self.pid = os.fork()
I0320 05:05:05.230873 139949766755520 spec.py:333] Evaluating on the training split.
/usr/local/lib/python3.11/site-packages/torch/distributed/distributed_c10d.py:4876: UserWarning: barrier(): using the device under current context. You can specify `device_id` in `init_process_group` to mute this warning.
  warnings.warn(  # warn only once
I0320 05:05:20.350545 139949766755520 spec.py:346] Evaluating on the validation split.
I0320 05:05:40.913515 139949766755520 spec.py:363] Evaluating on the test split.
I0320 05:05:51.796646 139949766755520 submission_runner.py:516] Time since start: 21647.57s, 	Step: 30426, 	{'train/ctc_loss': 0.17207176941408817, 'train/wer': 0.06260701704638405, 'validation/ctc_loss': 0.3920664693142825, 'validation/wer': 0.11508714333993145, 'validation/num_examples': 5348, 'test/ctc_loss': 0.21622775762893479, 'test/wer': 0.07135457924562794, 'test/num_examples': 2472, 'score': 20953.661303043365, 'total_duration': 21647.572573661804, 'accumulated_submission_time': 20953.661303043365, 'accumulated_eval_time': 647.595817565918, 'accumulated_logging_time': 10.273527383804321}
I0320 05:05:52.095779 139927341754112 logging_writer.py:48] [30426] accumulated_eval_time=647.596, accumulated_logging_time=10.2735, accumulated_submission_time=20953.7, global_step=30426, preemption_count=0, score=20953.7, test/ctc_loss=0.216228, test/num_examples=2472, test/wer=0.0713546, total_duration=21647.6, train/ctc_loss=0.172072, train/wer=0.062607, validation/ctc_loss=0.392066, validation/num_examples=5348, validation/wer=0.115087
/usr/local/lib/python3.11/multiprocessing/popen_fork.py:66: RuntimeWarning: os.fork() was called. os.fork() is incompatible with multithreaded code, and JAX is multithreaded, so this will likely lead to a deadlock.
  self.pid = os.fork()
I0320 05:35:00.197580 139949766755520 spec.py:333] Evaluating on the training split.
/usr/local/lib/python3.11/site-packages/torch/distributed/distributed_c10d.py:4876: UserWarning: barrier(): using the device under current context. You can specify `device_id` in `init_process_group` to mute this warning.
  warnings.warn(  # warn only once
I0320 05:35:15.655477 139949766755520 spec.py:346] Evaluating on the validation split.
I0320 05:35:36.412862 139949766755520 spec.py:363] Evaluating on the test split.
I0320 05:35:47.233082 139949766755520 submission_runner.py:516] Time since start: 23443.01s, 	Step: 33011, 	{'train/ctc_loss': 0.16321598130746143, 'train/wer': 0.059673250373537205, 'validation/ctc_loss': 0.3819609734879026, 'validation/wer': 0.11173659054699947, 'validation/num_examples': 5348, 'test/ctc_loss': 0.21048778524291967, 'test/wer': 0.06891718968984217, 'test/num_examples': 2472, 'score': 22698.446101903915, 'total_duration': 23443.009001255035, 'accumulated_submission_time': 22698.446101903915, 'accumulated_eval_time': 694.6311159133911, 'accumulated_logging_time': 10.831350803375244}
I0320 05:35:48.151449 139927341754112 logging_writer.py:48] [33011] accumulated_eval_time=694.631, accumulated_logging_time=10.8314, accumulated_submission_time=22698.4, global_step=33011, preemption_count=0, score=22698.4, test/ctc_loss=0.210488, test/num_examples=2472, test/wer=0.0689172, total_duration=23443, train/ctc_loss=0.163216, train/wer=0.0596733, validation/ctc_loss=0.381961, validation/num_examples=5348, validation/wer=0.111737
/usr/local/lib/python3.11/multiprocessing/popen_fork.py:66: RuntimeWarning: os.fork() was called. os.fork() is incompatible with multithreaded code, and JAX is multithreaded, so this will likely lead to a deadlock.
  self.pid = os.fork()
I0320 06:04:55.514670 139949766755520 spec.py:333] Evaluating on the training split.
/usr/local/lib/python3.11/site-packages/torch/distributed/distributed_c10d.py:4876: UserWarning: barrier(): using the device under current context. You can specify `device_id` in `init_process_group` to mute this warning.
  warnings.warn(  # warn only once
I0320 06:05:10.245991 139949766755520 spec.py:346] Evaluating on the validation split.
I0320 06:05:30.783255 139949766755520 spec.py:363] Evaluating on the test split.
I0320 06:05:41.641326 139949766755520 submission_runner.py:516] Time since start: 25237.42s, 	Step: 35810, 	{'train/ctc_loss': 0.15458659050450885, 'train/wer': 0.05654317217611325, 'validation/ctc_loss': 0.3729368726288025, 'validation/wer': 0.10820257809105392, 'validation/num_examples': 5348, 'test/ctc_loss': 0.2060757032623481, 'test/wer': 0.06721101700079216, 'test/num_examples': 2472, 'score': 24442.586411714554, 'total_duration': 25237.417253017426, 'accumulated_submission_time': 24442.586411714554, 'accumulated_eval_time': 740.757670879364, 'accumulated_logging_time': 12.10190224647522}
I0320 06:05:42.678678 139927341754112 logging_writer.py:48] [35810] accumulated_eval_time=740.758, accumulated_logging_time=12.1019, accumulated_submission_time=24442.6, global_step=35810, preemption_count=0, score=24442.6, test/ctc_loss=0.206076, test/num_examples=2472, test/wer=0.067211, total_duration=25237.4, train/ctc_loss=0.154587, train/wer=0.0565432, validation/ctc_loss=0.372937, validation/num_examples=5348, validation/wer=0.108203
/usr/local/lib/python3.11/multiprocessing/popen_fork.py:66: RuntimeWarning: os.fork() was called. os.fork() is incompatible with multithreaded code, and JAX is multithreaded, so this will likely lead to a deadlock.
  self.pid = os.fork()
I0320 06:34:49.978942 139949766755520 spec.py:333] Evaluating on the training split.
/usr/local/lib/python3.11/site-packages/torch/distributed/distributed_c10d.py:4876: UserWarning: barrier(): using the device under current context. You can specify `device_id` in `init_process_group` to mute this warning.
  warnings.warn(  # warn only once
I0320 06:35:06.740973 139949766755520 spec.py:346] Evaluating on the validation split.
I0320 06:35:27.287042 139949766755520 spec.py:363] Evaluating on the test split.
I0320 06:35:38.123735 139949766755520 submission_runner.py:516] Time since start: 27033.90s, 	Step: 38484, 	{'train/ctc_loss': 0.14752127173964594, 'train/wer': 0.054072918825184585, 'validation/ctc_loss': 0.36352117748901513, 'validation/wer': 0.10559551972191378, 'validation/num_examples': 5348, 'test/ctc_loss': 0.20083726446305517, 'test/wer': 0.06536266325432129, 'test/num_examples': 2472, 'score': 26186.246503591537, 'total_duration': 27033.899661302567, 'accumulated_submission_time': 26186.246503591537, 'accumulated_eval_time': 788.9022598266602, 'accumulated_logging_time': 13.90872049331665}
I0320 06:35:38.473741 139927341754112 logging_writer.py:48] [38484] accumulated_eval_time=788.902, accumulated_logging_time=13.9087, accumulated_submission_time=26186.2, global_step=38484, preemption_count=0, score=26186.2, test/ctc_loss=0.200837, test/num_examples=2472, test/wer=0.0653627, total_duration=27033.9, train/ctc_loss=0.147521, train/wer=0.0540729, validation/ctc_loss=0.363521, validation/num_examples=5348, validation/wer=0.105596
/usr/local/lib/python3.11/multiprocessing/popen_fork.py:66: RuntimeWarning: os.fork() was called. os.fork() is incompatible with multithreaded code, and JAX is multithreaded, so this will likely lead to a deadlock.
  self.pid = os.fork()
I0320 07:04:46.650201 139949766755520 spec.py:333] Evaluating on the training split.
/usr/local/lib/python3.11/site-packages/torch/distributed/distributed_c10d.py:4876: UserWarning: barrier(): using the device under current context. You can specify `device_id` in `init_process_group` to mute this warning.
  warnings.warn(  # warn only once
I0320 07:05:06.272897 139949766755520 spec.py:346] Evaluating on the validation split.
I0320 07:05:26.811952 139949766755520 spec.py:363] Evaluating on the test split.
I0320 07:05:37.615344 139949766755520 submission_runner.py:516] Time since start: 28833.39s, 	Step: 41059, 	{'train/ctc_loss': 0.140901773978821, 'train/wer': 0.051897132761121595, 'validation/ctc_loss': 0.3543702644412568, 'validation/wer': 0.10293052672234829, 'validation/num_examples': 5348, 'test/ctc_loss': 0.19630214565795553, 'test/wer': 0.06387991794121829, 'test/num_examples': 2472, 'score': 27931.00171327591, 'total_duration': 28833.39128804207, 'accumulated_submission_time': 27931.00171327591, 'accumulated_eval_time': 839.8672134876251, 'accumulated_logging_time': 14.402821063995361}
I0320 07:05:38.539178 139927341754112 logging_writer.py:48] [41059] accumulated_eval_time=839.867, accumulated_logging_time=14.4028, accumulated_submission_time=27931, global_step=41059, preemption_count=0, score=27931, test/ctc_loss=0.196302, test/num_examples=2472, test/wer=0.0638799, total_duration=28833.4, train/ctc_loss=0.140902, train/wer=0.0518971, validation/ctc_loss=0.35437, validation/num_examples=5348, validation/wer=0.102931
/usr/local/lib/python3.11/multiprocessing/popen_fork.py:66: RuntimeWarning: os.fork() was called. os.fork() is incompatible with multithreaded code, and JAX is multithreaded, so this will likely lead to a deadlock.
  self.pid = os.fork()
I0320 07:34:45.730422 139949766755520 spec.py:333] Evaluating on the training split.
/usr/local/lib/python3.11/site-packages/torch/distributed/distributed_c10d.py:4876: UserWarning: barrier(): using the device under current context. You can specify `device_id` in `init_process_group` to mute this warning.
  warnings.warn(  # warn only once
I0320 07:35:00.357671 139949766755520 spec.py:346] Evaluating on the validation split.
I0320 07:35:20.944350 139949766755520 spec.py:363] Evaluating on the test split.
I0320 07:35:31.765316 139949766755520 submission_runner.py:516] Time since start: 30627.54s, 	Step: 43696, 	{'train/ctc_loss': 0.13509788345449494, 'train/wer': 0.04973770599077336, 'validation/ctc_loss': 0.34740648321332807, 'validation/wer': 0.10024622217930768, 'validation/num_examples': 5348, 'test/ctc_loss': 0.19265862401670794, 'test/wer': 0.06243779578737838, 'test/num_examples': 2472, 'score': 29674.80576992035, 'total_duration': 30627.54110622406, 'accumulated_submission_time': 29674.80576992035, 'accumulated_eval_time': 885.9019899368286, 'accumulated_logging_time': 15.860346794128418}
I0320 07:35:32.076570 139927341754112 logging_writer.py:48] [43696] accumulated_eval_time=885.902, accumulated_logging_time=15.8603, accumulated_submission_time=29674.8, global_step=43696, preemption_count=0, score=29674.8, test/ctc_loss=0.192659, test/num_examples=2472, test/wer=0.0624378, total_duration=30627.5, train/ctc_loss=0.135098, train/wer=0.0497377, validation/ctc_loss=0.347406, validation/num_examples=5348, validation/wer=0.100246
/usr/local/lib/python3.11/multiprocessing/popen_fork.py:66: RuntimeWarning: os.fork() was called. os.fork() is incompatible with multithreaded code, and JAX is multithreaded, so this will likely lead to a deadlock.
  self.pid = os.fork()
I0320 08:04:40.358006 139949766755520 spec.py:333] Evaluating on the training split.
/usr/local/lib/python3.11/site-packages/torch/distributed/distributed_c10d.py:4876: UserWarning: barrier(): using the device under current context. You can specify `device_id` in `init_process_group` to mute this warning.
  warnings.warn(  # warn only once
I0320 08:04:58.250433 139949766755520 spec.py:346] Evaluating on the validation split.
I0320 08:05:18.903815 139949766755520 spec.py:363] Evaluating on the test split.
I0320 08:05:29.688843 139949766755520 submission_runner.py:516] Time since start: 32425.45s, 	Step: 46484, 	{'train/ctc_loss': 0.13009380038990778, 'train/wer': 0.047632810199474324, 'validation/ctc_loss': 0.342324962068653, 'validation/wer': 0.09773572152754309, 'validation/num_examples': 5348, 'test/ctc_loss': 0.18970129145305864, 'test/wer': 0.06119878942985396, 'test/num_examples': 2472, 'score': 31419.582815408707, 'total_duration': 32425.445403575897, 'accumulated_submission_time': 31419.582815408707, 'accumulated_eval_time': 935.2132849693298, 'accumulated_logging_time': 16.407163858413696}
I0320 08:05:30.688750 139927341754112 logging_writer.py:48] [46484] accumulated_eval_time=935.213, accumulated_logging_time=16.4072, accumulated_submission_time=31419.6, global_step=46484, preemption_count=0, score=31419.6, test/ctc_loss=0.189701, test/num_examples=2472, test/wer=0.0611988, total_duration=32425.4, train/ctc_loss=0.130094, train/wer=0.0476328, validation/ctc_loss=0.342325, validation/num_examples=5348, validation/wer=0.0977357
/usr/local/lib/python3.11/multiprocessing/popen_fork.py:66: RuntimeWarning: os.fork() was called. os.fork() is incompatible with multithreaded code, and JAX is multithreaded, so this will likely lead to a deadlock.
  self.pid = os.fork()
I0320 08:34:40.090430 139949766755520 spec.py:333] Evaluating on the training split.
/usr/local/lib/python3.11/site-packages/torch/distributed/distributed_c10d.py:4876: UserWarning: barrier(): using the device under current context. You can specify `device_id` in `init_process_group` to mute this warning.
  warnings.warn(  # warn only once
I0320 08:35:01.334496 139949766755520 spec.py:346] Evaluating on the validation split.
I0320 08:35:21.860319 139949766755520 spec.py:363] Evaluating on the test split.
I0320 08:35:32.736926 139949766755520 submission_runner.py:516] Time since start: 34228.51s, 	Step: 49137, 	{'train/ctc_loss': 0.12581497206959397, 'train/wer': 0.04600778702380823, 'validation/ctc_loss': 0.33858451522097843, 'validation/wer': 0.09728190025587795, 'validation/num_examples': 5348, 'test/ctc_loss': 0.1864430462564323, 'test/wer': 0.05890358093148904, 'test/num_examples': 2472, 'score': 33165.12768125534, 'total_duration': 34228.5128057003, 'accumulated_submission_time': 33165.12768125534, 'accumulated_eval_time': 987.8595862388611, 'accumulated_logging_time': 17.904292821884155}
I0320 08:35:33.842662 139927341754112 logging_writer.py:48] [49137] accumulated_eval_time=987.86, accumulated_logging_time=17.9043, accumulated_submission_time=33165.1, global_step=49137, preemption_count=0, score=33165.1, test/ctc_loss=0.186443, test/num_examples=2472, test/wer=0.0589036, total_duration=34228.5, train/ctc_loss=0.125815, train/wer=0.0460078, validation/ctc_loss=0.338585, validation/num_examples=5348, validation/wer=0.0972819
/usr/local/lib/python3.11/multiprocessing/popen_fork.py:66: RuntimeWarning: os.fork() was called. os.fork() is incompatible with multithreaded code, and JAX is multithreaded, so this will likely lead to a deadlock.
  self.pid = os.fork()
I0320 09:04:41.043915 139949766755520 spec.py:333] Evaluating on the training split.
/usr/local/lib/python3.11/site-packages/torch/distributed/distributed_c10d.py:4876: UserWarning: barrier(): using the device under current context. You can specify `device_id` in `init_process_group` to mute this warning.
  warnings.warn(  # warn only once
I0320 09:04:56.569643 139949766755520 spec.py:346] Evaluating on the validation split.
I0320 09:05:17.699506 139949766755520 spec.py:363] Evaluating on the test split.
I0320 09:05:28.489773 139949766755520 submission_runner.py:516] Time since start: 36024.27s, 	Step: 51713, 	{'train/ctc_loss': 0.1221470419853793, 'train/wer': 0.04470994972243732, 'validation/ctc_loss': 0.33580346093266583, 'validation/wer': 0.0959300922126201, 'validation/num_examples': 5348, 'test/ctc_loss': 0.18438959198191898, 'test/wer': 0.057888001949911644, 'test/num_examples': 2472, 'score': 34909.00455260277, 'total_duration': 36024.26567339897, 'accumulated_submission_time': 34909.00455260277, 'accumulated_eval_time': 1035.3052654266357, 'accumulated_logging_time': 19.502449989318848}
I0320 09:05:28.839634 139927341754112 logging_writer.py:48] [51713] accumulated_eval_time=1035.31, accumulated_logging_time=19.5024, accumulated_submission_time=34909, global_step=51713, preemption_count=0, score=34909, test/ctc_loss=0.18439, test/num_examples=2472, test/wer=0.057888, total_duration=36024.3, train/ctc_loss=0.122147, train/wer=0.0447099, validation/ctc_loss=0.335803, validation/num_examples=5348, validation/wer=0.0959301
/usr/local/lib/python3.11/multiprocessing/popen_fork.py:66: RuntimeWarning: os.fork() was called. os.fork() is incompatible with multithreaded code, and JAX is multithreaded, so this will likely lead to a deadlock.
  self.pid = os.fork()
I0320 09:34:37.036874 139949766755520 spec.py:333] Evaluating on the training split.
/usr/local/lib/python3.11/site-packages/torch/distributed/distributed_c10d.py:4876: UserWarning: barrier(): using the device under current context. You can specify `device_id` in `init_process_group` to mute this warning.
  warnings.warn(  # warn only once
I0320 09:34:52.736805 139949766755520 spec.py:346] Evaluating on the validation split.
I0320 09:35:13.228871 139949766755520 spec.py:363] Evaluating on the test split.
I0320 09:35:24.044016 139949766755520 submission_runner.py:516] Time since start: 37819.82s, 	Step: 54439, 	{'train/ctc_loss': 0.11828725179794579, 'train/wer': 0.043193988504869614, 'validation/ctc_loss': 0.33275012910721097, 'validation/wer': 0.09451069376719934, 'validation/num_examples': 5348, 'test/ctc_loss': 0.18238300649165246, 'test/wer': 0.056608372433124124, 'test/num_examples': 2472, 'score': 36653.725476026535, 'total_duration': 37819.81994342804, 'accumulated_submission_time': 36653.725476026535, 'accumulated_eval_time': 1082.312259197235, 'accumulated_logging_time': 20.132110595703125}
I0320 09:35:24.875218 139927341754112 logging_writer.py:48] [54439] accumulated_eval_time=1082.31, accumulated_logging_time=20.1321, accumulated_submission_time=36653.7, global_step=54439, preemption_count=0, score=36653.7, test/ctc_loss=0.182383, test/num_examples=2472, test/wer=0.0566084, total_duration=37819.8, train/ctc_loss=0.118287, train/wer=0.043194, validation/ctc_loss=0.33275, validation/num_examples=5348, validation/wer=0.0945107
/usr/local/lib/python3.11/multiprocessing/popen_fork.py:66: RuntimeWarning: os.fork() was called. os.fork() is incompatible with multithreaded code, and JAX is multithreaded, so this will likely lead to a deadlock.
  self.pid = os.fork()
I0320 10:04:33.541608 139949766755520 spec.py:333] Evaluating on the training split.
/usr/local/lib/python3.11/site-packages/torch/distributed/distributed_c10d.py:4876: UserWarning: barrier(): using the device under current context. You can specify `device_id` in `init_process_group` to mute this warning.
  warnings.warn(  # warn only once
I0320 10:04:53.541584 139949766755520 spec.py:346] Evaluating on the validation split.
I0320 10:05:14.205711 139949766755520 spec.py:363] Evaluating on the test split.
I0320 10:05:24.977951 139949766755520 submission_runner.py:516] Time since start: 39620.75s, 	Step: 57191, 	{'train/ctc_loss': 0.11469073829260361, 'train/wer': 0.042392383112846405, 'validation/ctc_loss': 0.3297847894126618, 'validation/wer': 0.09324578766957949, 'validation/num_examples': 5348, 'test/ctc_loss': 0.1805903506847755, 'test/wer': 0.05591777872565149, 'test/num_examples': 2472, 'score': 38398.65057969093, 'total_duration': 39620.753928899765, 'accumulated_submission_time': 38398.65057969093, 'accumulated_eval_time': 1133.7484629154205, 'accumulated_logging_time': 21.40847158432007}
I0320 10:05:25.964219 139927341754112 logging_writer.py:48] [57191] accumulated_eval_time=1133.75, accumulated_logging_time=21.4085, accumulated_submission_time=38398.7, global_step=57191, preemption_count=0, score=38398.7, test/ctc_loss=0.18059, test/num_examples=2472, test/wer=0.0559178, total_duration=39620.8, train/ctc_loss=0.114691, train/wer=0.0423924, validation/ctc_loss=0.329785, validation/num_examples=5348, validation/wer=0.0932458
/usr/local/lib/python3.11/multiprocessing/popen_fork.py:66: RuntimeWarning: os.fork() was called. os.fork() is incompatible with multithreaded code, and JAX is multithreaded, so this will likely lead to a deadlock.
  self.pid = os.fork()
I0320 10:34:34.202310 139949766755520 spec.py:333] Evaluating on the training split.
/usr/local/lib/python3.11/site-packages/torch/distributed/distributed_c10d.py:4876: UserWarning: barrier(): using the device under current context. You can specify `device_id` in `init_process_group` to mute this warning.
  warnings.warn(  # warn only once
I0320 10:34:51.107342 139949766755520 spec.py:346] Evaluating on the validation split.
I0320 10:35:11.768955 139949766755520 spec.py:363] Evaluating on the test split.
I0320 10:35:22.605002 139949766755520 submission_runner.py:516] Time since start: 41418.38s, 	Step: 59803, 	{'train/ctc_loss': 0.11179223351784226, 'train/wer': 0.04129085733605261, 'validation/ctc_loss': 0.3271784497993662, 'validation/wer': 0.0921450296914981, 'validation/num_examples': 5348, 'test/ctc_loss': 0.17843582776187972, 'test/wer': 0.05565372819044137, 'test/num_examples': 2472, 'score': 40143.54635834694, 'total_duration': 41418.380917072296, 'accumulated_submission_time': 40143.54635834694, 'accumulated_eval_time': 1182.1509659290314, 'accumulated_logging_time': 22.84212589263916}
I0320 10:35:22.921369 139927341754112 logging_writer.py:48] [59803] accumulated_eval_time=1182.15, accumulated_logging_time=22.8421, accumulated_submission_time=40143.5, global_step=59803, preemption_count=0, score=40143.5, test/ctc_loss=0.178436, test/num_examples=2472, test/wer=0.0556537, total_duration=41418.4, train/ctc_loss=0.111792, train/wer=0.0412909, validation/ctc_loss=0.327178, validation/num_examples=5348, validation/wer=0.092145
/usr/local/lib/python3.11/multiprocessing/popen_fork.py:66: RuntimeWarning: os.fork() was called. os.fork() is incompatible with multithreaded code, and JAX is multithreaded, so this will likely lead to a deadlock.
  self.pid = os.fork()
I0320 11:04:31.412999 139949766755520 spec.py:333] Evaluating on the training split.
/usr/local/lib/python3.11/site-packages/torch/distributed/distributed_c10d.py:4876: UserWarning: barrier(): using the device under current context. You can specify `device_id` in `init_process_group` to mute this warning.
  warnings.warn(  # warn only once
I0320 11:04:49.837040 139949766755520 spec.py:346] Evaluating on the validation split.
I0320 11:05:10.359011 139949766755520 spec.py:363] Evaluating on the test split.
I0320 11:05:21.127601 139949766755520 submission_runner.py:516] Time since start: 43216.89s, 	Step: 62363, 	{'train/ctc_loss': 0.10924795338637118, 'train/wer': 0.040162066069734215, 'validation/ctc_loss': 0.3240286293775353, 'validation/wer': 0.09129532177859316, 'validation/num_examples': 5348, 'test/ctc_loss': 0.17637600735303555, 'test/wer': 0.05421160603660147, 'test/num_examples': 2472, 'score': 41888.599964380264, 'total_duration': 43216.886655807495, 'accumulated_submission_time': 41888.599964380264, 'accumulated_eval_time': 1231.848522901535, 'accumulated_logging_time': 23.346624851226807}
I0320 11:05:22.076968 139927341754112 logging_writer.py:48] [62363] accumulated_eval_time=1231.85, accumulated_logging_time=23.3466, accumulated_submission_time=41888.6, global_step=62363, preemption_count=0, score=41888.6, test/ctc_loss=0.176376, test/num_examples=2472, test/wer=0.0542116, total_duration=43216.9, train/ctc_loss=0.109248, train/wer=0.0401621, validation/ctc_loss=0.324029, validation/num_examples=5348, validation/wer=0.0912953
/usr/local/lib/python3.11/multiprocessing/popen_fork.py:66: RuntimeWarning: os.fork() was called. os.fork() is incompatible with multithreaded code, and JAX is multithreaded, so this will likely lead to a deadlock.
  self.pid = os.fork()
I0320 11:34:29.312407 139949766755520 spec.py:333] Evaluating on the training split.
/usr/local/lib/python3.11/site-packages/torch/distributed/distributed_c10d.py:4876: UserWarning: barrier(): using the device under current context. You can specify `device_id` in `init_process_group` to mute this warning.
  warnings.warn(  # warn only once
I0320 11:34:44.051162 139949766755520 spec.py:346] Evaluating on the validation split.
I0320 11:35:04.501881 139949766755520 spec.py:363] Evaluating on the test split.
I0320 11:35:15.284338 139949766755520 submission_runner.py:516] Time since start: 45011.06s, 	Step: 65158, 	{'train/ctc_loss': 0.10662630198629394, 'train/wer': 0.03931683589447165, 'validation/ctc_loss': 0.32240192246692045, 'validation/wer': 0.09056148312653889, 'validation/num_examples': 5348, 'test/ctc_loss': 0.1742468487133792, 'test/wer': 0.05360225864765503, 'test/num_examples': 2472, 'score': 43632.45753955841, 'total_duration': 45011.06030893326, 'accumulated_submission_time': 43632.45753955841, 'accumulated_eval_time': 1277.8203048706055, 'accumulated_logging_time': 24.777921199798584}
I0320 11:35:15.628776 139927341754112 logging_writer.py:48] [65158] accumulated_eval_time=1277.82, accumulated_logging_time=24.7779, accumulated_submission_time=43632.5, global_step=65158, preemption_count=0, score=43632.5, test/ctc_loss=0.174247, test/num_examples=2472, test/wer=0.0536023, total_duration=45011.1, train/ctc_loss=0.106626, train/wer=0.0393168, validation/ctc_loss=0.322402, validation/num_examples=5348, validation/wer=0.0905615
/usr/local/lib/python3.11/multiprocessing/popen_fork.py:66: RuntimeWarning: os.fork() was called. os.fork() is incompatible with multithreaded code, and JAX is multithreaded, so this will likely lead to a deadlock.
  self.pid = os.fork()
I0320 12:04:24.230581 139949766755520 spec.py:333] Evaluating on the training split.
/usr/local/lib/python3.11/site-packages/torch/distributed/distributed_c10d.py:4876: UserWarning: barrier(): using the device under current context. You can specify `device_id` in `init_process_group` to mute this warning.
  warnings.warn(  # warn only once
I0320 12:04:43.074912 139949766755520 spec.py:346] Evaluating on the validation split.
I0320 12:05:03.790416 139949766755520 spec.py:363] Evaluating on the test split.
I0320 12:05:14.603454 139949766755520 submission_runner.py:516] Time since start: 46810.38s, 	Step: 67861, 	{'train/ctc_loss': 0.10448414866885955, 'train/wer': 0.03811170125748438, 'validation/ctc_loss': 0.3210458572796935, 'validation/wer': 0.08936416743108193, 'validation/num_examples': 5348, 'test/ctc_loss': 0.1731759471203819, 'test/wer': 0.05319602705502407, 'test/num_examples': 2472, 'score': 45377.62623643875, 'total_duration': 46810.37941980362, 'accumulated_submission_time': 45377.62623643875, 'accumulated_eval_time': 1328.193107843399, 'accumulated_logging_time': 25.278461933135986}
I0320 12:05:15.535232 139927341754112 logging_writer.py:48] [67861] accumulated_eval_time=1328.19, accumulated_logging_time=25.2785, accumulated_submission_time=45377.6, global_step=67861, preemption_count=0, score=45377.6, test/ctc_loss=0.173176, test/num_examples=2472, test/wer=0.053196, total_duration=46810.4, train/ctc_loss=0.104484, train/wer=0.0381117, validation/ctc_loss=0.321046, validation/num_examples=5348, validation/wer=0.0893642
/usr/local/lib/python3.11/multiprocessing/popen_fork.py:66: RuntimeWarning: os.fork() was called. os.fork() is incompatible with multithreaded code, and JAX is multithreaded, so this will likely lead to a deadlock.
  self.pid = os.fork()
I0320 12:34:22.886925 139949766755520 spec.py:333] Evaluating on the training split.
/usr/local/lib/python3.11/site-packages/torch/distributed/distributed_c10d.py:4876: UserWarning: barrier(): using the device under current context. You can specify `device_id` in `init_process_group` to mute this warning.
  warnings.warn(  # warn only once
I0320 12:34:39.751529 139949766755520 spec.py:346] Evaluating on the validation split.
I0320 12:35:00.395262 139949766755520 spec.py:363] Evaluating on the test split.
I0320 12:35:11.309342 139949766755520 submission_runner.py:516] Time since start: 48607.09s, 	Step: 70450, 	{'train/ctc_loss': 0.10271031937674036, 'train/wer': 0.03756093836908748, 'validation/ctc_loss': 0.31884634698861825, 'validation/wer': 0.0884661806594892, 'validation/num_examples': 5348, 'test/ctc_loss': 0.17169216161439552, 'test/wer': 0.05317571547539252, 'test/num_examples': 2472, 'score': 47121.74950957298, 'total_duration': 48607.08529257774, 'accumulated_submission_time': 47121.74950957298, 'accumulated_eval_time': 1376.6153407096863, 'accumulated_logging_time': 26.56108283996582}
I0320 12:35:11.632716 139927341754112 logging_writer.py:48] [70450] accumulated_eval_time=1376.62, accumulated_logging_time=26.5611, accumulated_submission_time=47121.7, global_step=70450, preemption_count=0, score=47121.7, test/ctc_loss=0.171692, test/num_examples=2472, test/wer=0.0531757, total_duration=48607.1, train/ctc_loss=0.10271, train/wer=0.0375609, validation/ctc_loss=0.318846, validation/num_examples=5348, validation/wer=0.0884662
/usr/local/lib/python3.11/multiprocessing/popen_fork.py:66: RuntimeWarning: os.fork() was called. os.fork() is incompatible with multithreaded code, and JAX is multithreaded, so this will likely lead to a deadlock.
  self.pid = os.fork()
I0320 13:04:19.537308 139949766755520 spec.py:333] Evaluating on the training split.
/usr/local/lib/python3.11/site-packages/torch/distributed/distributed_c10d.py:4876: UserWarning: barrier(): using the device under current context. You can specify `device_id` in `init_process_group` to mute this warning.
  warnings.warn(  # warn only once
I0320 13:04:35.276433 139949766755520 spec.py:346] Evaluating on the validation split.
I0320 13:04:56.084110 139949766755520 spec.py:363] Evaluating on the test split.
I0320 13:05:06.970428 139949766755520 submission_runner.py:516] Time since start: 50402.75s, 	Step: 73038, 	{'train/ctc_loss': 0.10090621379548642, 'train/wer': 0.03699381618697582, 'validation/ctc_loss': 0.31606507296412967, 'validation/wer': 0.0877419977791725, 'validation/num_examples': 5348, 'test/ctc_loss': 0.16965137694974142, 'test/wer': 0.0524444986086568, 'test/num_examples': 2472, 'score': 48866.38212966919, 'total_duration': 50402.74639701843, 'accumulated_submission_time': 48866.38212966919, 'accumulated_eval_time': 1424.0483276844025, 'accumulated_logging_time': 27.13728666305542}
I0320 13:05:07.982648 139927341754112 logging_writer.py:48] [73038] accumulated_eval_time=1424.05, accumulated_logging_time=27.1373, accumulated_submission_time=48866.4, global_step=73038, preemption_count=0, score=48866.4, test/ctc_loss=0.169651, test/num_examples=2472, test/wer=0.0524445, total_duration=50402.7, train/ctc_loss=0.100906, train/wer=0.0369938, validation/ctc_loss=0.316065, validation/num_examples=5348, validation/wer=0.087742
/usr/local/lib/python3.11/multiprocessing/popen_fork.py:66: RuntimeWarning: os.fork() was called. os.fork() is incompatible with multithreaded code, and JAX is multithreaded, so this will likely lead to a deadlock.
  self.pid = os.fork()
I0320 13:34:15.114778 139949766755520 spec.py:333] Evaluating on the training split.
/usr/local/lib/python3.11/site-packages/torch/distributed/distributed_c10d.py:4876: UserWarning: barrier(): using the device under current context. You can specify `device_id` in `init_process_group` to mute this warning.
  warnings.warn(  # warn only once
I0320 13:34:29.613752 139949766755520 spec.py:346] Evaluating on the validation split.
I0320 13:34:50.200616 139949766755520 spec.py:363] Evaluating on the test split.
I0320 13:35:01.057694 139949766755520 submission_runner.py:516] Time since start: 52196.83s, 	Step: 75839, 	{'train/ctc_loss': 0.09888529796102954, 'train/wer': 0.03615949220752309, 'validation/ctc_loss': 0.31361037572737555, 'validation/wer': 0.08689228986626756, 'validation/num_examples': 5348, 'test/ctc_loss': 0.16749522489798144, 'test/wer': 0.053033534417971685, 'test/num_examples': 2472, 'score': 50610.18177318573, 'total_duration': 52196.833698272705, 'accumulated_submission_time': 50610.18177318573, 'accumulated_eval_time': 1469.991188287735, 'accumulated_logging_time': 28.604121685028076}
I0320 13:35:02.061541 139927341754112 logging_writer.py:48] [75839] accumulated_eval_time=1469.99, accumulated_logging_time=28.6041, accumulated_submission_time=50610.2, global_step=75839, preemption_count=0, score=50610.2, test/ctc_loss=0.167495, test/num_examples=2472, test/wer=0.0530335, total_duration=52196.8, train/ctc_loss=0.0988853, train/wer=0.0361595, validation/ctc_loss=0.31361, validation/num_examples=5348, validation/wer=0.0868923
/usr/local/lib/python3.11/multiprocessing/popen_fork.py:66: RuntimeWarning: os.fork() was called. os.fork() is incompatible with multithreaded code, and JAX is multithreaded, so this will likely lead to a deadlock.
  self.pid = os.fork()
I0320 14:04:09.722331 139949766755520 spec.py:333] Evaluating on the training split.
/usr/local/lib/python3.11/site-packages/torch/distributed/distributed_c10d.py:4876: UserWarning: barrier(): using the device under current context. You can specify `device_id` in `init_process_group` to mute this warning.
  warnings.warn(  # warn only once
I0320 14:04:26.739303 139949766755520 spec.py:346] Evaluating on the validation split.
I0320 14:04:48.474831 139949766755520 spec.py:363] Evaluating on the test split.
I0320 14:04:59.452180 139949766755520 submission_runner.py:516] Time since start: 53995.23s, 	Step: 78511, 	{'train/ctc_loss': 0.09700462168612253, 'train/wer': 0.03545058947988352, 'validation/ctc_loss': 0.31061876535223415, 'validation/wer': 0.08607154926857528, 'validation/num_examples': 5348, 'test/ctc_loss': 0.16580061758520795, 'test/wer': 0.05274917230313001, 'test/num_examples': 2472, 'score': 52354.05291557312, 'total_duration': 53995.22813010216, 'accumulated_submission_time': 52354.05291557312, 'accumulated_eval_time': 1519.7209033966064, 'accumulated_logging_time': 30.328473806381226}
I0320 14:04:59.800842 139927341754112 logging_writer.py:48] [78511] accumulated_eval_time=1519.72, accumulated_logging_time=30.3285, accumulated_submission_time=52354.1, global_step=78511, preemption_count=0, score=52354.1, test/ctc_loss=0.165801, test/num_examples=2472, test/wer=0.0527492, total_duration=53995.2, train/ctc_loss=0.0970046, train/wer=0.0354506, validation/ctc_loss=0.310619, validation/num_examples=5348, validation/wer=0.0860715
/usr/local/lib/python3.11/multiprocessing/popen_fork.py:66: RuntimeWarning: os.fork() was called. os.fork() is incompatible with multithreaded code, and JAX is multithreaded, so this will likely lead to a deadlock.
  self.pid = os.fork()
I0320 14:34:07.901454 139949766755520 spec.py:333] Evaluating on the training split.
/usr/local/lib/python3.11/site-packages/torch/distributed/distributed_c10d.py:4876: UserWarning: barrier(): using the device under current context. You can specify `device_id` in `init_process_group` to mute this warning.
  warnings.warn(  # warn only once
I0320 14:34:23.291970 139949766755520 spec.py:346] Evaluating on the validation split.
I0320 14:34:44.514004 139949766755520 spec.py:363] Evaluating on the test split.
I0320 14:34:55.334344 139949766755520 submission_runner.py:516] Time since start: 55791.11s, 	Step: 81091, 	{'train/ctc_loss': 0.09529866262432334, 'train/wer': 0.034616265500430794, 'validation/ctc_loss': 0.3083171998149919, 'validation/wer': 0.08550185873605948, 'validation/num_examples': 5348, 'test/ctc_loss': 0.1646363293130109, 'test/wer': 0.052282005971604414, 'test/num_examples': 2472, 'score': 54098.90682005882, 'total_duration': 55791.11034631729, 'accumulated_submission_time': 54098.90682005882, 'accumulated_eval_time': 1567.1536843776703, 'accumulated_logging_time': 30.902622938156128}
I0320 14:34:56.321385 139927341754112 logging_writer.py:48] [81091] accumulated_eval_time=1567.15, accumulated_logging_time=30.9026, accumulated_submission_time=54098.9, global_step=81091, preemption_count=0, score=54098.9, test/ctc_loss=0.164636, test/num_examples=2472, test/wer=0.052282, total_duration=55791.1, train/ctc_loss=0.0952987, train/wer=0.0346163, validation/ctc_loss=0.308317, validation/num_examples=5348, validation/wer=0.0855019
I0320 14:34:57.542000 139927333361408 logging_writer.py:48] [81091] global_step=81091, preemption_count=0, score=54098.9
I0320 14:34:57.730494 139949766755520 submission_runner.py:857] Final librispeech_conformer score: 54098.90682005882
[W320 14:35:05.288460879 AllocatorConfig.cpp:28] Warning: PYTORCH_CUDA_ALLOC_CONF is deprecated, use PYTORCH_ALLOC_CONF instead (function operator())
[W320 14:35:05.288451423 AllocatorConfig.cpp:28] Warning: PYTORCH_CUDA_ALLOC_CONF is deprecated, use PYTORCH_ALLOC_CONF instead (function operator())
[W320 14:35:05.288452645 AllocatorConfig.cpp:28] Warning: PYTORCH_CUDA_ALLOC_CONF is deprecated, use PYTORCH_ALLOC_CONF instead (function operator())
[W320 14:35:05.288448093 AllocatorConfig.cpp:28] Warning: PYTORCH_CUDA_ALLOC_CONF is deprecated, use PYTORCH_ALLOC_CONF instead (function operator())
