python submission_runner.py --framework=jax --workload=librispeech_conformer --submission_path=submissions_algorithms/submissions/self_tuning/cautious_nadamw/submission.py --data_dir=/data/librispeech --experiment_dir=/experiment_runs --experiment_name=submissions_a100/cautious_nadamw/study_2 --overwrite=True --save_checkpoints=False --rng_seed=498028415 --librispeech_tokenizer_vocab_path=/data/librispeech/spm_model.vocab --tuning_ruleset=self 2>&1 | tee -a /logs/librispeech_conformer_jax_04-16-2026-21-01-29.log
2026-04-16 21:01:42.471687: E external/local_xla/xla/stream_executor/cuda/cuda_fft.cc:467] Unable to register cuFFT factory: Attempting to register factory for plugin cuFFT when one has already been registered
WARNING: All log messages before absl::InitializeLog() is called are written to STDERR
E0000 00:00:1776373303.010643       9 cuda_dnn.cc:8579] Unable to register cuDNN factory: Attempting to register factory for plugin cuDNN when one has already been registered
E0000 00:00:1776373303.163754       9 cuda_blas.cc:1407] Unable to register cuBLAS factory: Attempting to register factory for plugin cuBLAS when one has already been registered
W0000 00:00:1776373304.172139       9 computation_placer.cc:177] computation placer already registered. Please check linkage and avoid linking the same target more than once.
W0000 00:00:1776373304.172180       9 computation_placer.cc:177] computation placer already registered. Please check linkage and avoid linking the same target more than once.
W0000 00:00:1776373304.172183       9 computation_placer.cc:177] computation placer already registered. Please check linkage and avoid linking the same target more than once.
W0000 00:00:1776373304.172185       9 computation_placer.cc:177] computation placer already registered. Please check linkage and avoid linking the same target more than once.
/usr/local/lib/python3.11/site-packages/torch/__init__.py:1617: UserWarning: Please use the new API settings to control TF32 behavior, such as torch.backends.cudnn.conv.fp32_precision = 'tf32' or torch.backends.cuda.matmul.fp32_precision = 'ieee'. Old settings, e.g, torch.backends.cuda.matmul.allow_tf32 = True, torch.backends.cudnn.allow_tf32 = True, allowTF32CuDNN() and allowTF32CuBLAS() will be deprecated after Pytorch 2.9. Please see https://pytorch.org/docs/main/notes/cuda.html#tensorfloat-32-tf32-on-ampere-and-later-devices (Triggered internally at /pytorch/aten/src/ATen/Context.cpp:80.)
  _C._set_float32_matmul_precision(precision)
/usr/local/lib/python3.11/site-packages/pydantic/_internal/_generate_schema.py:2249: UnsupportedFieldAttributeWarning: The 'repr' attribute with value False was provided to the `Field()` function, which has no effect in the context it was used. 'repr' is field-specific metadata, and can only be attached to a model field using `Annotated` metadata or by assignment. This may have happened because an `Annotated` type alias using the `type` statement was used, or if the `Field()` function was attached to a single member of a union type.
  warnings.warn(
/usr/local/lib/python3.11/site-packages/pydantic/_internal/_generate_schema.py:2249: UnsupportedFieldAttributeWarning: The 'frozen' attribute with value True was provided to the `Field()` function, which has no effect in the context it was used. 'frozen' is field-specific metadata, and can only be attached to a model field using `Annotated` metadata or by assignment. This may have happened because an `Annotated` type alias using the `type` statement was used, or if the `Field()` function was attached to a single member of a union type.
  warnings.warn(
INFO:2026-04-16 21:02:36,467:jax._src.xla_bridge:830: Unable to initialize backend 'tpu': INTERNAL: Failed to open libtpu.so: libtpu.so: cannot open shared object file: No such file or directory
I0416 21:02:36.467728 140347980027072 xla_bridge.py:830] Unable to initialize backend 'tpu': INTERNAL: Failed to open libtpu.so: libtpu.so: cannot open shared object file: No such file or directory
I0416 21:02:37.592809 140347980027072 logger_utils.py:84] Creating experiment directory at /experiment_runs/submissions_a100/cautious_nadamw/study_2/librispeech_conformer_jax.
I0416 21:02:41.498755 140347980027072 submission_runner.py:741] Creating directory at /experiment_runs/submissions_a100/cautious_nadamw/study_2/librispeech_conformer_jax/trial_1.
I0416 21:02:41.821018 140347980027072 submission_runner.py:242] Initializing dataset.
I0416 21:02:41.821237 140347980027072 submission_runner.py:251] Initializing model.
I0416 21:03:05.837180 140347980027072 submission_runner.py:294] Initializing optimizer.
I0416 21:03:06.609349 140347980027072 submission_runner.py:299] Initializing metrics bundle.
I0416 21:03:06.609637 140347980027072 submission_runner.py:321] Initializing checkpoint and logger.
I0416 21:03:06.612730 140347980027072 checkpoints.py:1098] Found no checkpoint files in /experiment_runs/submissions_a100/cautious_nadamw/study_2/librispeech_conformer_jax/trial_1 with prefix checkpoint_
I0416 21:03:06.612866 140347980027072 submission_runner.py:344] Saving meta data to /experiment_runs/submissions_a100/cautious_nadamw/study_2/librispeech_conformer_jax/trial_1/meta_data_0.json.
I0416 21:03:06.613051 140347980027072 logger_utils.py:283] Unable to record workload.train_mean information. Continuing without it.
I0416 21:03:06.613109 140347980027072 logger_utils.py:283] Unable to record workload.train_stddev information. Continuing without it.
I0416 21:03:06.972090 140347980027072 submission_runner.py:348] Saving flags to /experiment_runs/submissions_a100/cautious_nadamw/study_2/librispeech_conformer_jax/trial_1/flags_0.json.
I0416 21:03:06.986938 140347980027072 submission_runner.py:359] Starting training loop.
I0416 21:03:07.183826 140347980027072 input_pipeline.py:19] Loading split = train-clean-100
I0416 21:03:07.231262 140347980027072 input_pipeline.py:19] Loading split = train-clean-360
I0416 21:03:07.355522 140347980027072 input_pipeline.py:19] Loading split = train-other-500
/usr/local/lib/python3.11/multiprocessing/popen_fork.py:66: RuntimeWarning: os.fork() was called. os.fork() is incompatible with multithreaded code, and JAX is multithreaded, so this will likely lead to a deadlock.
  self.pid = os.fork()
/usr/local/lib/python3.11/site-packages/jax/_src/interpreters/mlir.py:1268: UserWarning: Some donated buffers were not usable: float32[512], float32[512], float32[512], float32[512], float32[512], float32[512], float32[512], float32[512].
See an explanation at https://docs.jax.dev/en/latest/faq.html#buffer-donation.
  warnings.warn("Some donated buffers were not usable:"
2026-04-16 21:03:40.371819: E external/xla/xla/stream_executor/cuda/cuda_timer.cc:86] Delay kernel timed out: measured time has sub-optimal accuracy. There may be a missing warmup execution, please investigate in Nsight Systems.
2026-04-16 21:03:40.532667: E external/xla/xla/stream_executor/cuda/cuda_timer.cc:86] Delay kernel timed out: measured time has sub-optimal accuracy. There may be a missing warmup execution, please investigate in Nsight Systems.
2026-04-16 21:03:50.540652: E external/xla/xla/service/slow_operation_alarm.cc:73] Trying algorithm eng0{} for conv (f32[64,512,999,41]{3,2,1,0}, u8[0]{0}) custom-call(f32[64,512,500,20]{3,2,1,0}, f32[512,512,3,3]{3,2,1,0}), window={size=3x3 stride=2x2 pad=1_1x0_0}, dim_labels=bf01_oi01->bf01, custom_call_target="__cudnn$convBackwardInput", backend_config={"operation_queue_id":"0","wait_on_operation_queues":[],"cudnn_conv_backend_config":{"activation_mode":"kNone","conv_result_scale":1,"side_input_scale":0,"leakyrelu_alpha":0},"force_earliest_schedule":false,"reification_cost":[]} is taking a while...
2026-04-16 21:04:26.341617: E external/xla/xla/service/slow_operation_alarm.cc:140] The operation took 36.80104004s
Trying algorithm eng0{} for conv (f32[64,512,999,41]{3,2,1,0}, u8[0]{0}) custom-call(f32[64,512,500,20]{3,2,1,0}, f32[512,512,3,3]{3,2,1,0}), window={size=3x3 stride=2x2 pad=1_1x0_0}, dim_labels=bf01_oi01->bf01, custom_call_target="__cudnn$convBackwardInput", backend_config={"operation_queue_id":"0","wait_on_operation_queues":[],"cudnn_conv_backend_config":{"activation_mode":"kNone","conv_result_scale":1,"side_input_scale":0,"leakyrelu_alpha":0},"force_earliest_schedule":false,"reification_cost":[]} is taking a while...
2026-04-16 21:04:36.813690: E external/xla/xla/service/slow_operation_alarm.cc:73] Trying algorithm eng0{} for conv (f32[512,512,3,3]{3,2,1,0}, u8[0]{0}) custom-call(f32[64,512,999,41]{3,2,1,0}, f32[64,512,500,20]{3,2,1,0}), window={size=3x3 stride=2x2 pad=1_1x0_0}, dim_labels=bf01_oi01->bf01, custom_call_target="__cudnn$convBackwardFilter", backend_config={"operation_queue_id":"0","wait_on_operation_queues":[],"cudnn_conv_backend_config":{"activation_mode":"kNone","conv_result_scale":1,"side_input_scale":0,"leakyrelu_alpha":0},"force_earliest_schedule":false,"reification_cost":[]} is taking a while...
2026-04-16 21:04:52.470348: E external/xla/xla/service/slow_operation_alarm.cc:140] The operation took 16.656798365s
Trying algorithm eng0{} for conv (f32[512,512,3,3]{3,2,1,0}, u8[0]{0}) custom-call(f32[64,512,999,41]{3,2,1,0}, f32[64,512,500,20]{3,2,1,0}), window={size=3x3 stride=2x2 pad=1_1x0_0}, dim_labels=bf01_oi01->bf01, custom_call_target="__cudnn$convBackwardFilter", backend_config={"operation_queue_id":"0","wait_on_operation_queues":[],"cudnn_conv_backend_config":{"activation_mode":"kNone","conv_result_scale":1,"side_input_scale":0,"leakyrelu_alpha":0},"force_earliest_schedule":false,"reification_cost":[]} is taking a while...
I0416 21:06:07.080773 140347980027072 spec.py:333] Evaluating on the training split.
I0416 21:06:07.081293 140347980027072 input_pipeline.py:19] Loading split = train-clean-100
I0416 21:06:07.110287 140347980027072 input_pipeline.py:19] Loading split = train-clean-360
I0416 21:06:07.517959 140347980027072 input_pipeline.py:19] Loading split = train-other-500
/usr/local/lib/python3.11/site-packages/jax/_src/ops/scatter.py:110: FutureWarning: scatter inputs have incompatible types: cannot safely cast value from dtype=float32 to dtype=int32 with jax_numpy_dtype_promotion='standard'. In future JAX releases this will result in an error.
  warnings.warn(
2026-04-16 21:06:15.214579: E external/xla/xla/service/slow_operation_alarm.cc:73] Constant folding an instruction is taking > 1s:

  %reduce-window.10 = f32[256,500]{1,0} reduce-window(%broadcast.219, %constant.69), window={size=1x500 pad=0_0x499_0}, to_apply=%region_53.2129.clone, metadata={op_name="jit(_eval_step)/jit(cumsum)/LibriSpeechConformerWorkload.sequence_mask/reduce_window_sum" source_file="/algorithmic-efficiency/algoperf/workloads/librispeech_conformer/librispeech_jax/workload.py" source_line=251}

This isn't necessarily a bug; constant-folding is inherently a trade-off between compilation time and speed at runtime. XLA has some guards that attempt to keep constant folding from taking too long, but fundamentally you'll always be able to come up with an input program that takes a long time.

If you'd like to file a bug, run with envvar XLA_FLAGS=--xla_dump_to=/tmp/foo and attach the results.
2026-04-16 21:06:22.590264: E external/xla/xla/service/slow_operation_alarm.cc:140] The operation took 8.373923621s
Constant folding an instruction is taking > 1s:

  %reduce-window.10 = f32[256,500]{1,0} reduce-window(%broadcast.219, %constant.69), window={size=1x500 pad=0_0x499_0}, to_apply=%region_53.2129.clone, metadata={op_name="jit(_eval_step)/jit(cumsum)/LibriSpeechConformerWorkload.sequence_mask/reduce_window_sum" source_file="/algorithmic-efficiency/algoperf/workloads/librispeech_conformer/librispeech_jax/workload.py" source_line=251}

This isn't necessarily a bug; constant-folding is inherently a trade-off between compilation time and speed at runtime. XLA has some guards that attempt to keep constant folding from taking too long, but fundamentally you'll always be able to come up with an input program that takes a long time.

If you'd like to file a bug, run with envvar XLA_FLAGS=--xla_dump_to=/tmp/foo and attach the results.
2026-04-16 21:06:24.590413: E external/xla/xla/service/slow_operation_alarm.cc:73] Constant folding an instruction is taking > 2s:

  %reduce-window.11 = f32[256,500]{1,0} reduce-window(%broadcast.219, %constant.72), window={size=1x500 pad=0_0x499_0}, to_apply=%region_53.2129, metadata={op_name="jit(_eval_step)/jit(cumsum)/LibriSpeechConformerWorkload.sequence_mask/reduce_window_sum" source_file="/algorithmic-efficiency/algoperf/workloads/librispeech_conformer/librispeech_jax/workload.py" source_line=251}

This isn't necessarily a bug; constant-folding is inherently a trade-off between compilation time and speed at runtime. XLA has some guards that attempt to keep constant folding from taking too long, but fundamentally you'll always be able to come up with an input program that takes a long time.

If you'd like to file a bug, run with envvar XLA_FLAGS=--xla_dump_to=/tmp/foo and attach the results.
2026-04-16 21:06:32.304486: E external/xla/xla/service/slow_operation_alarm.cc:140] The operation took 9.711955665s
Constant folding an instruction is taking > 2s:

  %reduce-window.11 = f32[256,500]{1,0} reduce-window(%broadcast.219, %constant.72), window={size=1x500 pad=0_0x499_0}, to_apply=%region_53.2129, metadata={op_name="jit(_eval_step)/jit(cumsum)/LibriSpeechConformerWorkload.sequence_mask/reduce_window_sum" source_file="/algorithmic-efficiency/algoperf/workloads/librispeech_conformer/librispeech_jax/workload.py" source_line=251}

This isn't necessarily a bug; constant-folding is inherently a trade-off between compilation time and speed at runtime. XLA has some guards that attempt to keep constant folding from taking too long, but fundamentally you'll always be able to come up with an input program that takes a long time.

If you'd like to file a bug, run with envvar XLA_FLAGS=--xla_dump_to=/tmp/foo and attach the results.
I0416 21:07:32.828851 140347980027072 spec.py:346] Evaluating on the validation split.
I0416 21:07:32.829359 140347980027072 input_pipeline.py:19] Loading split = dev-clean
I0416 21:07:32.834359 140347980027072 input_pipeline.py:19] Loading split = dev-other
2026-04-16 21:07:47.531123: E external/xla/xla/service/slow_operation_alarm.cc:73] Constant folding an instruction is taking > 4s:

  %reduce-window.10 = f32[228,500]{1,0} reduce-window(%broadcast.216, %constant.69), window={size=1x500 pad=0_0x499_0}, to_apply=%region_53.2126.clone, metadata={op_name="jit(_eval_step)/jit(cumsum)/LibriSpeechConformerWorkload.sequence_mask/reduce_window_sum" source_file="/algorithmic-efficiency/algoperf/workloads/librispeech_conformer/librispeech_jax/workload.py" source_line=251}

This isn't necessarily a bug; constant-folding is inherently a trade-off between compilation time and speed at runtime. XLA has some guards that attempt to keep constant folding from taking too long, but fundamentally you'll always be able to come up with an input program that takes a long time.

If you'd like to file a bug, run with envvar XLA_FLAGS=--xla_dump_to=/tmp/foo and attach the results.
2026-04-16 21:07:49.875197: E external/xla/xla/service/slow_operation_alarm.cc:140] The operation took 6.344321041s
Constant folding an instruction is taking > 4s:

  %reduce-window.10 = f32[228,500]{1,0} reduce-window(%broadcast.216, %constant.69), window={size=1x500 pad=0_0x499_0}, to_apply=%region_53.2126.clone, metadata={op_name="jit(_eval_step)/jit(cumsum)/LibriSpeechConformerWorkload.sequence_mask/reduce_window_sum" source_file="/algorithmic-efficiency/algoperf/workloads/librispeech_conformer/librispeech_jax/workload.py" source_line=251}

This isn't necessarily a bug; constant-folding is inherently a trade-off between compilation time and speed at runtime. XLA has some guards that attempt to keep constant folding from taking too long, but fundamentally you'll always be able to come up with an input program that takes a long time.

If you'd like to file a bug, run with envvar XLA_FLAGS=--xla_dump_to=/tmp/foo and attach the results.
2026-04-16 21:08:04.304009: E external/xla/xla/stream_executor/cuda/cuda_timer.cc:86] Delay kernel timed out: measured time has sub-optimal accuracy. There may be a missing warmup execution, please investigate in Nsight Systems.
2026-04-16 21:08:04.464569: E external/xla/xla/stream_executor/cuda/cuda_timer.cc:86] Delay kernel timed out: measured time has sub-optimal accuracy. There may be a missing warmup execution, please investigate in Nsight Systems.
I0416 21:08:41.935939 140347980027072 spec.py:363] Evaluating on the test split.
I0416 21:08:41.936785 140347980027072 input_pipeline.py:19] Loading split = test-clean
2026-04-16 21:09:01.083508: E external/xla/xla/stream_executor/cuda/cuda_timer.cc:86] Delay kernel timed out: measured time has sub-optimal accuracy. There may be a missing warmup execution, please investigate in Nsight Systems.
2026-04-16 21:09:01.243890: E external/xla/xla/stream_executor/cuda/cuda_timer.cc:86] Delay kernel timed out: measured time has sub-optimal accuracy. There may be a missing warmup execution, please investigate in Nsight Systems.
I0416 21:09:23.251318 140347980027072 submission_runner.py:516] Time since start: 376.26s, 	Step: 1, 	{'train/ctc_loss': Array(7.8723526, dtype=float32), 'train/wer': np.float64(0.9896820273618891), 'validation/ctc_loss': Array(7.556006, dtype=float32), 'validation/wer': np.float64(0.9914449862405252), 'validation/num_examples': 5348, 'test/ctc_loss': Array(7.5873556, dtype=float32), 'test/wer': np.float64(0.9920378607844332), 'test/num_examples': 2472, 'score': 180.09365367889404, 'total_duration': 376.26177525520325, 'accumulated_submission_time': 180.09365367889404, 'accumulated_eval_time': 196.16802144050598, 'accumulated_logging_time': 0}
I0416 21:09:23.364354 140287473063680 logging_writer.py:48] [1] accumulated_eval_time=196.168, accumulated_logging_time=0, accumulated_submission_time=180.094, global_step=1, preemption_count=0, score=180.094, test/ctc_loss=7.587355613708496, test/num_examples=2472, test/wer=0.992038, total_duration=376.262, train/ctc_loss=7.872352600097656, train/wer=0.989682, validation/ctc_loss=7.556005954742432, validation/num_examples=5348, validation/wer=0.991445
I0416 21:38:37.040255 140347980027072 spec.py:333] Evaluating on the training split.
I0416 21:39:11.383538 140347980027072 spec.py:346] Evaluating on the validation split.
/usr/local/lib/python3.11/multiprocessing/popen_fork.py:66: RuntimeWarning: os.fork() was called. os.fork() is incompatible with multithreaded code, and JAX is multithreaded, so this will likely lead to a deadlock.
  self.pid = os.fork()
I0416 21:39:48.764113 140347980027072 spec.py:363] Evaluating on the test split.
I0416 21:40:07.253529 140347980027072 submission_runner.py:516] Time since start: 2220.26s, 	Step: 782, 	{'train/ctc_loss': Array(1.4935609, dtype=float32), 'train/wer': np.float64(0.944635537887994), 'validation/ctc_loss': Array(1.5107346, dtype=float32), 'validation/wer': np.float64(0.8967218654950997), 'validation/num_examples': 5348, 'test/ctc_loss': Array(1.5037689, dtype=float32), 'test/wer': np.float64(0.899579550301627), 'test/num_examples': 2472, 'score': 1933.5918200016022, 'total_duration': 2220.2640323638916, 'accumulated_submission_time': 1933.5918200016022, 'accumulated_eval_time': 286.378764629364, 'accumulated_logging_time': 0.2826833724975586}
I0416 21:40:07.475991 140332841793280 logging_writer.py:48] [782] accumulated_eval_time=286.379, accumulated_logging_time=0.282683, accumulated_submission_time=1933.59, global_step=782, preemption_count=0, score=1933.59, test/ctc_loss=1.5037689208984375, test/num_examples=2472, test/wer=0.89958, total_duration=2220.26, train/ctc_loss=1.4935609102249146, train/wer=0.944636, validation/ctc_loss=1.5107345581054688, validation/num_examples=5348, validation/wer=0.896722
/usr/local/lib/python3.11/multiprocessing/popen_fork.py:66: RuntimeWarning: os.fork() was called. os.fork() is incompatible with multithreaded code, and JAX is multithreaded, so this will likely lead to a deadlock.
  self.pid = os.fork()
I0416 22:09:20.611422 140347980027072 spec.py:333] Evaluating on the training split.
I0416 22:10:03.885914 140347980027072 spec.py:346] Evaluating on the validation split.
I0416 22:10:43.916459 140347980027072 spec.py:363] Evaluating on the test split.
I0416 22:11:03.907699 140347980027072 submission_runner.py:516] Time since start: 4076.92s, 	Step: 1525, 	{'train/ctc_loss': Array(0.78827643, dtype=float32), 'train/wer': np.float64(0.6640119329835122), 'validation/ctc_loss': Array(0.8824218, dtype=float32), 'validation/wer': np.float64(0.6758267754550282), 'validation/num_examples': 5348, 'test/ctc_loss': Array(0.8129022, dtype=float32), 'test/wer': np.float64(0.6415412426624418), 'test/num_examples': 2472, 'score': 3686.7083656787872, 'total_duration': 4076.918359518051, 'accumulated_submission_time': 3686.7083656787872, 'accumulated_eval_time': 389.67272329330444, 'accumulated_logging_time': 0.5167193412780762}
I0416 22:11:03.970519 140332841793280 logging_writer.py:48] [1525] accumulated_eval_time=389.673, accumulated_logging_time=0.516719, accumulated_submission_time=3686.71, global_step=1525, preemption_count=0, score=3686.71, test/ctc_loss=0.8129022121429443, test/num_examples=2472, test/wer=0.641541, total_duration=4076.92, train/ctc_loss=0.7882764339447021, train/wer=0.664012, validation/ctc_loss=0.8824217915534973, validation/num_examples=5348, validation/wer=0.675827
I0416 22:40:17.858484 140347980027072 spec.py:333] Evaluating on the training split.
I0416 22:41:03.265452 140347980027072 spec.py:346] Evaluating on the validation split.
/usr/local/lib/python3.11/multiprocessing/popen_fork.py:66: RuntimeWarning: os.fork() was called. os.fork() is incompatible with multithreaded code, and JAX is multithreaded, so this will likely lead to a deadlock.
  self.pid = os.fork()
I0416 22:41:43.654704 140347980027072 spec.py:363] Evaluating on the test split.
I0416 22:42:03.857531 140347980027072 submission_runner.py:516] Time since start: 5936.87s, 	Step: 2041, 	{'train/ctc_loss': Array(0.42774177, dtype=float32), 'train/wer': np.float64(0.45988371786559556), 'validation/ctc_loss': Array(0.5322696, dtype=float32), 'validation/wer': np.float64(0.4799691015304398), 'validation/num_examples': 5348, 'test/ctc_loss': Array(0.45209384, dtype=float32), 'test/wer': np.float64(0.44738285296447505), 'test/num_examples': 2472, 'score': 5440.579227924347, 'total_duration': 5936.867513418198, 'accumulated_submission_time': 5440.579227924347, 'accumulated_eval_time': 495.6687195301056, 'accumulated_logging_time': 0.5910546779632568}
I0416 22:42:03.895098 140332841793280 logging_writer.py:48] [2041] accumulated_eval_time=495.669, accumulated_logging_time=0.591055, accumulated_submission_time=5440.58, global_step=2041, preemption_count=0, score=5440.58, test/ctc_loss=0.45209383964538574, test/num_examples=2472, test/wer=0.447383, total_duration=5936.87, train/ctc_loss=0.42774176597595215, train/wer=0.459884, validation/ctc_loss=0.5322695970535278, validation/num_examples=5348, validation/wer=0.479969
/usr/local/lib/python3.11/multiprocessing/popen_fork.py:66: RuntimeWarning: os.fork() was called. os.fork() is incompatible with multithreaded code, and JAX is multithreaded, so this will likely lead to a deadlock.
  self.pid = os.fork()
I0416 23:11:13.396172 140347980027072 spec.py:333] Evaluating on the training split.
I0416 23:11:59.090650 140347980027072 spec.py:346] Evaluating on the validation split.
I0416 23:12:41.539786 140347980027072 spec.py:363] Evaluating on the test split.
I0416 23:13:02.433218 140347980027072 submission_runner.py:516] Time since start: 7795.44s, 	Step: 2781, 	{'train/ctc_loss': Array(0.21338733, dtype=float32), 'train/wer': np.float64(0.2869649907319168), 'validation/ctc_loss': Array(0.29980454, dtype=float32), 'validation/wer': np.float64(0.349770675421233), 'validation/num_examples': 5348, 'test/ctc_loss': Array(0.22333293, dtype=float32), 'test/wer': np.float64(0.2872260475697195), 'test/num_examples': 2472, 'score': 7190.061201572418, 'total_duration': 7795.4436576366425, 'accumulated_submission_time': 7190.061201572418, 'accumulated_eval_time': 604.703369140625, 'accumulated_logging_time': 0.6402080059051514}
I0416 23:13:02.469360 140332838647552 logging_writer.py:48] [2781] accumulated_eval_time=604.703, accumulated_logging_time=0.640208, accumulated_submission_time=7190.06, global_step=2781, preemption_count=0, score=7190.06, test/ctc_loss=0.22333292663097382, test/num_examples=2472, test/wer=0.287226, total_duration=7795.44, train/ctc_loss=0.21338732540607452, train/wer=0.286965, validation/ctc_loss=0.29980453848838806, validation/num_examples=5348, validation/wer=0.349771
/usr/local/lib/python3.11/multiprocessing/popen_fork.py:66: RuntimeWarning: os.fork() was called. os.fork() is incompatible with multithreaded code, and JAX is multithreaded, so this will likely lead to a deadlock.
  self.pid = os.fork()
I0416 23:42:10.778635 140347980027072 spec.py:333] Evaluating on the training split.
I0416 23:42:55.680546 140347980027072 spec.py:346] Evaluating on the validation split.
I0416 23:43:37.969980 140347980027072 spec.py:363] Evaluating on the test split.
I0416 23:43:58.295360 140347980027072 submission_runner.py:516] Time since start: 9651.31s, 	Step: 3431, 	{'train/ctc_loss': Array(0.15528053, dtype=float32), 'train/wer': np.float64(0.21130052838722302), 'validation/ctc_loss': Array(0.2336713, dtype=float32), 'validation/wer': np.float64(0.27612610437889246), 'validation/num_examples': 5348, 'test/ctc_loss': Array(0.16409291, dtype=float32), 'test/wer': np.float64(0.21552617147035524), 'test/num_examples': 2472, 'score': 8938.352561473846, 'total_duration': 9651.305966615677, 'accumulated_submission_time': 8938.352561473846, 'accumulated_eval_time': 712.217836856842, 'accumulated_logging_time': 0.6872062683105469}
I0416 23:43:58.330417 140332837598976 logging_writer.py:48] [3431] accumulated_eval_time=712.218, accumulated_logging_time=0.687206, accumulated_submission_time=8938.35, global_step=3431, preemption_count=0, score=8938.35, test/ctc_loss=0.16409291326999664, test/num_examples=2472, test/wer=0.215526, total_duration=9651.31, train/ctc_loss=0.15528053045272827, train/wer=0.211301, validation/ctc_loss=0.23367129266262054, validation/num_examples=5348, validation/wer=0.276126
I0417 00:13:11.110505 140347980027072 spec.py:333] Evaluating on the training split.
I0417 00:13:55.900200 140347980027072 spec.py:346] Evaluating on the validation split.
/usr/local/lib/python3.11/multiprocessing/popen_fork.py:66: RuntimeWarning: os.fork() was called. os.fork() is incompatible with multithreaded code, and JAX is multithreaded, so this will likely lead to a deadlock.
  self.pid = os.fork()
I0417 00:14:36.780127 140347980027072 spec.py:363] Evaluating on the test split.
I0417 00:14:57.130412 140347980027072 submission_runner.py:516] Time since start: 11510.14s, 	Step: 4008, 	{'train/ctc_loss': Array(0.14278904, dtype=float32), 'train/wer': np.float64(0.19386399645774097), 'validation/ctc_loss': Array(0.21300796, dtype=float32), 'validation/wer': np.float64(0.25296190798049534), 'validation/num_examples': 5348, 'test/ctc_loss': Array(0.14548063, dtype=float32), 'test/wer': np.float64(0.19206629699591737), 'test/num_examples': 2472, 'score': 10691.1157412529, 'total_duration': 11510.140946865082, 'accumulated_submission_time': 10691.1157412529, 'accumulated_eval_time': 818.235244512558, 'accumulated_logging_time': 0.7331404685974121}
I0417 00:14:57.166531 140332837598976 logging_writer.py:48] [4008] accumulated_eval_time=818.235, accumulated_logging_time=0.73314, accumulated_submission_time=10691.1, global_step=4008, preemption_count=0, score=10691.1, test/ctc_loss=0.14548063278198242, test/num_examples=2472, test/wer=0.192066, total_duration=11510.1, train/ctc_loss=0.14278903603553772, train/wer=0.193864, validation/ctc_loss=0.21300795674324036, validation/num_examples=5348, validation/wer=0.252962
/usr/local/lib/python3.11/multiprocessing/popen_fork.py:66: RuntimeWarning: os.fork() was called. os.fork() is incompatible with multithreaded code, and JAX is multithreaded, so this will likely lead to a deadlock.
  self.pid = os.fork()
I0417 00:44:06.922904 140347980027072 spec.py:333] Evaluating on the training split.
I0417 00:44:51.848693 140347980027072 spec.py:346] Evaluating on the validation split.
I0417 00:45:32.812610 140347980027072 spec.py:363] Evaluating on the test split.
I0417 00:45:53.131436 140347980027072 submission_runner.py:516] Time since start: 13366.14s, 	Step: 4758, 	{'train/ctc_loss': Array(0.12159742, dtype=float32), 'train/wer': np.float64(0.16719311679748156), 'validation/ctc_loss': Array(0.19655566, dtype=float32), 'validation/wer': np.float64(0.2327234104185777), 'validation/num_examples': 5348, 'test/ctc_loss': Array(0.12988324, dtype=float32), 'test/wer': np.float64(0.1739077448053135), 'test/num_examples': 2472, 'score': 12440.85336303711, 'total_duration': 13366.141651153564, 'accumulated_submission_time': 12440.85336303711, 'accumulated_eval_time': 924.4410195350647, 'accumulated_logging_time': 0.780266523361206}
I0417 00:45:53.166809 140332837598976 logging_writer.py:48] [4758] accumulated_eval_time=924.441, accumulated_logging_time=0.780267, accumulated_submission_time=12440.9, global_step=4758, preemption_count=0, score=12440.9, test/ctc_loss=0.12988324463367462, test/num_examples=2472, test/wer=0.173908, total_duration=13366.1, train/ctc_loss=0.12159742414951324, train/wer=0.167193, validation/ctc_loss=0.19655565917491913, validation/num_examples=5348, validation/wer=0.232723
/usr/local/lib/python3.11/multiprocessing/popen_fork.py:66: RuntimeWarning: os.fork() was called. os.fork() is incompatible with multithreaded code, and JAX is multithreaded, so this will likely lead to a deadlock.
  self.pid = os.fork()
I0417 01:15:00.158970 140347980027072 spec.py:333] Evaluating on the training split.
I0417 01:15:44.970922 140347980027072 spec.py:346] Evaluating on the validation split.
I0417 01:16:27.125328 140347980027072 spec.py:363] Evaluating on the test split.
I0417 01:16:50.121614 140347980027072 submission_runner.py:516] Time since start: 15223.13s, 	Step: 5369, 	{'train/ctc_loss': Array(0.10408875, dtype=float32), 'train/wer': np.float64(0.14806417223536752), 'validation/ctc_loss': Array(0.18620466, dtype=float32), 'validation/wer': np.float64(0.2195625935402887), 'validation/num_examples': 5348, 'test/ctc_loss': Array(0.12288746, dtype=float32), 'test/wer': np.float64(0.16176142018564785), 'test/num_examples': 2472, 'score': 14187.828016757965, 'total_duration': 15223.132247447968, 'accumulated_submission_time': 14187.828016757965, 'accumulated_eval_time': 1034.4014167785645, 'accumulated_logging_time': 0.8267574310302734}
I0417 01:16:50.156522 140332837598976 logging_writer.py:48] [5369] accumulated_eval_time=1034.4, accumulated_logging_time=0.826757, accumulated_submission_time=14187.8, global_step=5369, preemption_count=0, score=14187.8, test/ctc_loss=0.12288746237754822, test/num_examples=2472, test/wer=0.161761, total_duration=15223.1, train/ctc_loss=0.10408875346183777, train/wer=0.148064, validation/ctc_loss=0.18620465695858002, validation/num_examples=5348, validation/wer=0.219563
I0417 01:46:02.257870 140347980027072 spec.py:333] Evaluating on the training split.
I0417 01:46:46.520311 140347980027072 spec.py:346] Evaluating on the validation split.
/usr/local/lib/python3.11/multiprocessing/popen_fork.py:66: RuntimeWarning: os.fork() was called. os.fork() is incompatible with multithreaded code, and JAX is multithreaded, so this will likely lead to a deadlock.
  self.pid = os.fork()
I0417 01:47:27.394409 140347980027072 spec.py:363] Evaluating on the test split.
I0417 01:47:49.489762 140347980027072 submission_runner.py:516] Time since start: 17082.50s, 	Step: 5994, 	{'train/ctc_loss': Array(0.09710497, dtype=float32), 'train/wer': np.float64(0.1375386366900925), 'validation/ctc_loss': Array(0.17809637, dtype=float32), 'validation/wer': np.float64(0.21220489547627094), 'validation/num_examples': 5348, 'test/ctc_loss': Array(0.11812772, dtype=float32), 'test/wer': np.float64(0.155688257875815), 'test/num_examples': 2472, 'score': 15939.912114858627, 'total_duration': 17082.50009870529, 'accumulated_submission_time': 15939.912114858627, 'accumulated_eval_time': 1141.630607366562, 'accumulated_logging_time': 0.8724627494812012}
I0417 01:47:49.529257 140332837598976 logging_writer.py:48] [5994] accumulated_eval_time=1141.63, accumulated_logging_time=0.872463, accumulated_submission_time=15939.9, global_step=5994, preemption_count=0, score=15939.9, test/ctc_loss=0.1181277185678482, test/num_examples=2472, test/wer=0.155688, total_duration=17082.5, train/ctc_loss=0.09710496664047241, train/wer=0.137539, validation/ctc_loss=0.17809636890888214, validation/num_examples=5348, validation/wer=0.212205
/usr/local/lib/python3.11/multiprocessing/popen_fork.py:66: RuntimeWarning: os.fork() was called. os.fork() is incompatible with multithreaded code, and JAX is multithreaded, so this will likely lead to a deadlock.
  self.pid = os.fork()
I0417 02:16:56.738353 140347980027072 spec.py:333] Evaluating on the training split.
I0417 02:17:41.536168 140347980027072 spec.py:346] Evaluating on the validation split.
I0417 02:18:25.155922 140347980027072 spec.py:363] Evaluating on the test split.
I0417 02:18:48.174603 140347980027072 submission_runner.py:516] Time since start: 18941.19s, 	Step: 6714, 	{'train/ctc_loss': Array(0.09321829, dtype=float32), 'train/wer': np.float64(0.13462972000407578), 'validation/ctc_loss': Array(0.1713531, dtype=float32), 'validation/wer': np.float64(0.20168010428233477), 'validation/num_examples': 5348, 'test/ctc_loss': Array(0.11079144, dtype=float32), 'test/wer': np.float64(0.14677147441756547), 'test/num_examples': 2472, 'score': 17687.10276699066, 'total_duration': 18941.185251951218, 'accumulated_submission_time': 17687.10276699066, 'accumulated_eval_time': 1253.0646369457245, 'accumulated_logging_time': 0.9229545593261719}
I0417 02:18:48.209048 140332837598976 logging_writer.py:48] [6714] accumulated_eval_time=1253.06, accumulated_logging_time=0.922955, accumulated_submission_time=17687.1, global_step=6714, preemption_count=0, score=17687.1, test/ctc_loss=0.11079144477844238, test/num_examples=2472, test/wer=0.146771, total_duration=18941.2, train/ctc_loss=0.09321828931570053, train/wer=0.13463, validation/ctc_loss=0.17135310173034668, validation/num_examples=5348, validation/wer=0.20168
/usr/local/lib/python3.11/multiprocessing/popen_fork.py:66: RuntimeWarning: os.fork() was called. os.fork() is incompatible with multithreaded code, and JAX is multithreaded, so this will likely lead to a deadlock.
  self.pid = os.fork()
I0417 02:47:57.608142 140347980027072 spec.py:333] Evaluating on the training split.
I0417 02:48:42.481469 140347980027072 spec.py:346] Evaluating on the validation split.
I0417 02:49:26.923720 140347980027072 spec.py:363] Evaluating on the test split.
I0417 02:49:47.365196 140347980027072 submission_runner.py:516] Time since start: 20800.38s, 	Step: 7243, 	{'train/ctc_loss': Array(0.09519684, dtype=float32), 'train/wer': np.float64(0.132028874375314), 'validation/ctc_loss': Array(0.16767824, dtype=float32), 'validation/wer': np.float64(0.20040554241297737), 'validation/num_examples': 5348, 'test/ctc_loss': Array(0.10623816, dtype=float32), 'test/wer': np.float64(0.14075924684662727), 'test/num_examples': 2472, 'score': 19436.484987020493, 'total_duration': 20800.375329732895, 'accumulated_submission_time': 19436.484987020493, 'accumulated_eval_time': 1362.8189249038696, 'accumulated_logging_time': 0.968313455581665}
I0417 02:49:47.427073 140332837598976 logging_writer.py:48] [7243] accumulated_eval_time=1362.82, accumulated_logging_time=0.968313, accumulated_submission_time=19436.5, global_step=7243, preemption_count=0, score=19436.5, test/ctc_loss=0.10623816400766373, test/num_examples=2472, test/wer=0.140759, total_duration=20800.4, train/ctc_loss=0.09519684314727783, train/wer=0.132029, validation/ctc_loss=0.16767823696136475, validation/num_examples=5348, validation/wer=0.200406
I0417 03:19:03.626385 140347980027072 spec.py:333] Evaluating on the training split.
I0417 03:19:49.084640 140347980027072 spec.py:346] Evaluating on the validation split.
/usr/local/lib/python3.11/multiprocessing/popen_fork.py:66: RuntimeWarning: os.fork() was called. os.fork() is incompatible with multithreaded code, and JAX is multithreaded, so this will likely lead to a deadlock.
  self.pid = os.fork()
I0417 03:20:33.350828 140347980027072 spec.py:363] Evaluating on the test split.
I0417 03:20:54.184062 140347980027072 submission_runner.py:516] Time since start: 22667.19s, 	Step: 7985, 	{'train/ctc_loss': Array(0.09319977, dtype=float32), 'train/wer': np.float64(0.13154826285382648), 'validation/ctc_loss': Array(0.1611581, dtype=float32), 'validation/wer': np.float64(0.1924105634142809), 'validation/num_examples': 5348, 'test/ctc_loss': Array(0.10122164, dtype=float32), 'test/wer': np.float64(0.13807811833526293), 'test/num_examples': 2472, 'score': 21192.592338323593, 'total_duration': 22667.194588899612, 'accumulated_submission_time': 21192.592338323593, 'accumulated_eval_time': 1473.3740894794464, 'accumulated_logging_time': 1.1146438121795654}
I0417 03:20:54.519159 140332837598976 logging_writer.py:48] [7985] accumulated_eval_time=1473.37, accumulated_logging_time=1.11464, accumulated_submission_time=21192.6, global_step=7985, preemption_count=0, score=21192.6, test/ctc_loss=0.10122163593769073, test/num_examples=2472, test/wer=0.138078, total_duration=22667.2, train/ctc_loss=0.09319976717233658, train/wer=0.131548, validation/ctc_loss=0.16115809977054596, validation/num_examples=5348, validation/wer=0.192411
/usr/local/lib/python3.11/multiprocessing/popen_fork.py:66: RuntimeWarning: os.fork() was called. os.fork() is incompatible with multithreaded code, and JAX is multithreaded, so this will likely lead to a deadlock.
  self.pid = os.fork()
I0417 03:50:03.520506 140347980027072 spec.py:333] Evaluating on the training split.
I0417 03:50:49.820715 140347980027072 spec.py:346] Evaluating on the validation split.
I0417 03:51:36.945603 140347980027072 spec.py:363] Evaluating on the test split.
I0417 03:52:00.713590 140347980027072 submission_runner.py:516] Time since start: 24533.66s, 	Step: 8709, 	{'train/ctc_loss': Array(0.08701522, dtype=float32), 'train/wer': np.float64(0.1229447474019961), 'validation/ctc_loss': Array(0.15599327, dtype=float32), 'validation/wer': np.float64(0.18526529232848934), 'validation/num_examples': 5348, 'test/ctc_loss': Array(0.09971718, dtype=float32), 'test/wer': np.float64(0.13300022342737594), 'test/num_examples': 2472, 'score': 22941.40271282196, 'total_duration': 24533.655814886093, 'accumulated_submission_time': 22941.40271282196, 'accumulated_eval_time': 1590.4965152740479, 'accumulated_logging_time': 1.6332311630249023}
I0417 03:52:00.751163 140332837598976 logging_writer.py:48] [8709] accumulated_eval_time=1590.5, accumulated_logging_time=1.63323, accumulated_submission_time=22941.4, global_step=8709, preemption_count=0, score=22941.4, test/ctc_loss=0.09971717745065689, test/num_examples=2472, test/wer=0.133, total_duration=24533.7, train/ctc_loss=0.08701521903276443, train/wer=0.122945, validation/ctc_loss=0.1559932678937912, validation/num_examples=5348, validation/wer=0.185265
I0417 04:21:07.958268 140347980027072 spec.py:333] Evaluating on the training split.
I0417 04:21:52.927043 140347980027072 spec.py:346] Evaluating on the validation split.
/usr/local/lib/python3.11/multiprocessing/popen_fork.py:66: RuntimeWarning: os.fork() was called. os.fork() is incompatible with multithreaded code, and JAX is multithreaded, so this will likely lead to a deadlock.
  self.pid = os.fork()
I0417 04:22:45.706185 140347980027072 spec.py:363] Evaluating on the test split.
I0417 04:23:08.329624 140347980027072 submission_runner.py:516] Time since start: 26401.34s, 	Step: 9251, 	{'train/ctc_loss': Array(0.08174103, dtype=float32), 'train/wer': np.float64(0.11733562771842405), 'validation/ctc_loss': Array(0.15470436, dtype=float32), 'validation/wer': np.float64(0.18454110944817265), 'validation/num_examples': 5348, 'test/ctc_loss': Array(0.09618016, dtype=float32), 'test/wer': np.float64(0.12960818962890744), 'test/num_examples': 2472, 'score': 24688.59334421158, 'total_duration': 26401.34009361267, 'accumulated_submission_time': 24688.59334421158, 'accumulated_eval_time': 1710.865309715271, 'accumulated_logging_time': 1.6815204620361328}
I0417 04:23:08.365014 140332837598976 logging_writer.py:48] [9251] accumulated_eval_time=1710.87, accumulated_logging_time=1.68152, accumulated_submission_time=24688.6, global_step=9251, preemption_count=0, score=24688.6, test/ctc_loss=0.09618015587329865, test/num_examples=2472, test/wer=0.129608, total_duration=26401.3, train/ctc_loss=0.08174102753400803, train/wer=0.117336, validation/ctc_loss=0.15470436215400696, validation/num_examples=5348, validation/wer=0.184541
/usr/local/lib/python3.11/multiprocessing/popen_fork.py:66: RuntimeWarning: os.fork() was called. os.fork() is incompatible with multithreaded code, and JAX is multithreaded, so this will likely lead to a deadlock.
  self.pid = os.fork()
I0417 04:52:25.235459 140347980027072 spec.py:333] Evaluating on the training split.
I0417 04:53:11.120232 140347980027072 spec.py:346] Evaluating on the validation split.
I0417 04:53:57.218982 140347980027072 spec.py:363] Evaluating on the test split.
I0417 04:54:19.844612 140347980027072 submission_runner.py:516] Time since start: 28272.85s, 	Step: 10011, 	{'train/ctc_loss': Array(0.0782342, dtype=float32), 'train/wer': np.float64(0.11324239025535356), 'validation/ctc_loss': Array(0.15192765, dtype=float32), 'validation/wer': np.float64(0.18189542799208228), 'validation/num_examples': 5348, 'test/ctc_loss': Array(0.09491555, dtype=float32), 'test/wer': np.float64(0.12572867791928177), 'test/num_examples': 2472, 'score': 26445.445033311844, 'total_duration': 28272.854960680008, 'accumulated_submission_time': 26445.445033311844, 'accumulated_eval_time': 1825.4719293117523, 'accumulated_logging_time': 1.7278530597686768}
I0417 04:54:19.882454 140332837598976 logging_writer.py:48] [10011] accumulated_eval_time=1825.47, accumulated_logging_time=1.72785, accumulated_submission_time=26445.4, global_step=10011, preemption_count=0, score=26445.4, test/ctc_loss=0.09491555392742157, test/num_examples=2472, test/wer=0.125729, total_duration=28272.9, train/ctc_loss=0.07823420315980911, train/wer=0.113242, validation/ctc_loss=0.151927649974823, validation/num_examples=5348, validation/wer=0.181895
/usr/local/lib/python3.11/multiprocessing/popen_fork.py:66: RuntimeWarning: os.fork() was called. os.fork() is incompatible with multithreaded code, and JAX is multithreaded, so this will likely lead to a deadlock.
  self.pid = os.fork()
I0417 05:23:32.064035 140347980027072 spec.py:333] Evaluating on the training split.
I0417 05:24:17.743050 140347980027072 spec.py:346] Evaluating on the validation split.
I0417 05:25:08.412883 140347980027072 spec.py:363] Evaluating on the test split.
I0417 05:25:33.453092 140347980027072 submission_runner.py:516] Time since start: 30146.46s, 	Step: 10745, 	{'train/ctc_loss': Array(0.07556657, dtype=float32), 'train/wer': np.float64(0.10769041944953002), 'validation/ctc_loss': Array(0.1495755, dtype=float32), 'validation/wer': np.float64(0.17705788635156666), 'validation/num_examples': 5348, 'test/ctc_loss': Array(0.09187532, dtype=float32), 'test/wer': np.float64(0.12225539780228709), 'test/num_examples': 2472, 'score': 28197.60794711113, 'total_duration': 30146.46368575096, 'accumulated_submission_time': 28197.60794711113, 'accumulated_eval_time': 1946.8586044311523, 'accumulated_logging_time': 1.7769474983215332}
I0417 05:25:33.488136 140332837598976 logging_writer.py:48] [10745] accumulated_eval_time=1946.86, accumulated_logging_time=1.77695, accumulated_submission_time=28197.6, global_step=10745, preemption_count=0, score=28197.6, test/ctc_loss=0.09187532216310501, test/num_examples=2472, test/wer=0.122255, total_duration=30146.5, train/ctc_loss=0.07556656748056412, train/wer=0.10769, validation/ctc_loss=0.14957550168037415, validation/num_examples=5348, validation/wer=0.177058
I0417 05:54:40.817601 140347980027072 spec.py:333] Evaluating on the training split.
I0417 05:55:25.096680 140347980027072 spec.py:346] Evaluating on the validation split.
/usr/local/lib/python3.11/multiprocessing/popen_fork.py:66: RuntimeWarning: os.fork() was called. os.fork() is incompatible with multithreaded code, and JAX is multithreaded, so this will likely lead to a deadlock.
  self.pid = os.fork()
I0417 05:56:10.905165 140347980027072 spec.py:363] Evaluating on the test split.
I0417 05:56:33.722216 140347980027072 submission_runner.py:516] Time since start: 32006.73s, 	Step: 11316, 	{'train/ctc_loss': Array(0.08109094, dtype=float32), 'train/wer': np.float64(0.11418790084936731), 'validation/ctc_loss': Array(0.14726122, dtype=float32), 'validation/wer': np.float64(0.17501086274320474), 'validation/num_examples': 5348, 'test/ctc_loss': Array(0.089958, dtype=float32), 'test/wer': np.float64(0.11924928401681799), 'test/num_examples': 2472, 'score': 29944.920526504517, 'total_duration': 32006.732795238495, 'accumulated_submission_time': 29944.920526504517, 'accumulated_eval_time': 2059.7608139514923, 'accumulated_logging_time': 1.8226075172424316}
I0417 05:56:33.757806 140332837598976 logging_writer.py:48] [11316] accumulated_eval_time=2059.76, accumulated_logging_time=1.82261, accumulated_submission_time=29944.9, global_step=11316, preemption_count=0, score=29944.9, test/ctc_loss=0.08995799720287323, test/num_examples=2472, test/wer=0.119249, total_duration=32006.7, train/ctc_loss=0.08109094202518463, train/wer=0.114188, validation/ctc_loss=0.14726121723651886, validation/num_examples=5348, validation/wer=0.175011
/usr/local/lib/python3.11/multiprocessing/popen_fork.py:66: RuntimeWarning: os.fork() was called. os.fork() is incompatible with multithreaded code, and JAX is multithreaded, so this will likely lead to a deadlock.
  self.pid = os.fork()
I0417 06:25:48.384210 140347980027072 spec.py:333] Evaluating on the training split.
I0417 06:26:32.493137 140347980027072 spec.py:346] Evaluating on the validation split.
I0417 06:27:17.550152 140347980027072 spec.py:363] Evaluating on the test split.
I0417 06:27:40.816968 140347980027072 submission_runner.py:516] Time since start: 33873.83s, 	Step: 12084, 	{'train/ctc_loss': Array(0.07525716, dtype=float32), 'train/wer': np.float64(0.10503583850156539), 'validation/ctc_loss': Array(0.14391555, dtype=float32), 'validation/wer': np.float64(0.17175686766764833), 'validation/num_examples': 5348, 'test/ctc_loss': Array(0.08917098, dtype=float32), 'test/wer': np.float64(0.1195945808705543), 'test/num_examples': 2472, 'score': 31699.527344703674, 'total_duration': 33873.82747030258, 'accumulated_submission_time': 31699.527344703674, 'accumulated_eval_time': 2172.1910860538483, 'accumulated_logging_time': 1.870068073272705}
I0417 06:27:40.853929 140332837598976 logging_writer.py:48] [12084] accumulated_eval_time=2172.19, accumulated_logging_time=1.87007, accumulated_submission_time=31699.5, global_step=12084, preemption_count=0, score=31699.5, test/ctc_loss=0.08917098492383957, test/num_examples=2472, test/wer=0.119595, total_duration=33873.8, train/ctc_loss=0.07525715976953506, train/wer=0.105036, validation/ctc_loss=0.1439155489206314, validation/num_examples=5348, validation/wer=0.171757
/usr/local/lib/python3.11/multiprocessing/popen_fork.py:66: RuntimeWarning: os.fork() was called. os.fork() is incompatible with multithreaded code, and JAX is multithreaded, so this will likely lead to a deadlock.
  self.pid = os.fork()
I0417 06:56:50.841614 140347980027072 spec.py:333] Evaluating on the training split.
I0417 06:57:36.282320 140347980027072 spec.py:346] Evaluating on the validation split.
I0417 06:58:28.574161 140347980027072 spec.py:363] Evaluating on the test split.
I0417 06:58:53.829906 140347980027072 submission_runner.py:516] Time since start: 35746.84s, 	Step: 12799, 	{'train/ctc_loss': Array(0.07816622, dtype=float32), 'train/wer': np.float64(0.10849698719364666), 'validation/ctc_loss': Array(0.14017624, dtype=float32), 'validation/wer': np.float64(0.16750832810312363), 'validation/num_examples': 5348, 'test/ctc_loss': Array(0.08614546, dtype=float32), 'test/wer': np.float64(0.11376515751630004), 'test/num_examples': 2472, 'score': 33449.495277404785, 'total_duration': 35746.84037947655, 'accumulated_submission_time': 33449.495277404785, 'accumulated_eval_time': 2295.1769857406616, 'accumulated_logging_time': 1.9192168712615967}
I0417 06:58:53.864998 140332837598976 logging_writer.py:48] [12799] accumulated_eval_time=2295.18, accumulated_logging_time=1.91922, accumulated_submission_time=33449.5, global_step=12799, preemption_count=0, score=33449.5, test/ctc_loss=0.08614546060562134, test/num_examples=2472, test/wer=0.113765, total_duration=35746.8, train/ctc_loss=0.07816621661186218, train/wer=0.108497, validation/ctc_loss=0.14017623662948608, validation/num_examples=5348, validation/wer=0.167508
I0417 07:28:13.100234 140347980027072 spec.py:333] Evaluating on the training split.
I0417 07:28:57.867440 140347980027072 spec.py:346] Evaluating on the validation split.
/usr/local/lib/python3.11/multiprocessing/popen_fork.py:66: RuntimeWarning: os.fork() was called. os.fork() is incompatible with multithreaded code, and JAX is multithreaded, so this will likely lead to a deadlock.
  self.pid = os.fork()
I0417 07:29:43.507065 140347980027072 spec.py:363] Evaluating on the test split.
I0417 07:30:05.342679 140347980027072 submission_runner.py:516] Time since start: 37618.35s, 	Step: 13372, 	{'train/ctc_loss': Array(0.07641531, dtype=float32), 'train/wer': np.float64(0.10457495444227756), 'validation/ctc_loss': Array(0.14026774, dtype=float32), 'validation/wer': np.float64(0.16654275092936802), 'validation/num_examples': 5348, 'test/ctc_loss': Array(0.0871345, dtype=float32), 'test/wer': np.float64(0.11595880811650722), 'test/num_examples': 2472, 'score': 35208.713482141495, 'total_duration': 37618.35329890251, 'accumulated_submission_time': 35208.713482141495, 'accumulated_eval_time': 2407.4170043468475, 'accumulated_logging_time': 1.9651086330413818}
I0417 07:30:05.378717 140332837598976 logging_writer.py:48] [13372] accumulated_eval_time=2407.42, accumulated_logging_time=1.96511, accumulated_submission_time=35208.7, global_step=13372, preemption_count=0, score=35208.7, test/ctc_loss=0.08713450282812119, test/num_examples=2472, test/wer=0.115959, total_duration=37618.4, train/ctc_loss=0.07641530781984329, train/wer=0.104575, validation/ctc_loss=0.1402677446603775, validation/num_examples=5348, validation/wer=0.166543
/usr/local/lib/python3.11/multiprocessing/popen_fork.py:66: RuntimeWarning: os.fork() was called. os.fork() is incompatible with multithreaded code, and JAX is multithreaded, so this will likely lead to a deadlock.
  self.pid = os.fork()
I0417 07:59:15.493599 140347980027072 spec.py:333] Evaluating on the training split.
I0417 08:00:00.895261 140347980027072 spec.py:346] Evaluating on the validation split.
I0417 08:00:42.967580 140347980027072 spec.py:363] Evaluating on the test split.
I0417 08:01:04.761426 140347980027072 submission_runner.py:516] Time since start: 39477.77s, 	Step: 14141, 	{'train/ctc_loss': Array(0.06326552, dtype=float32), 'train/wer': np.float64(0.09059274520053709), 'validation/ctc_loss': Array(0.14004417, dtype=float32), 'validation/wer': np.float64(0.1659537488533771), 'validation/num_examples': 5348, 'test/ctc_loss': Array(0.08574725, dtype=float32), 'test/wer': np.float64(0.11130745638088274), 'test/num_examples': 2472, 'score': 36958.81011772156, 'total_duration': 39477.771745443344, 'accumulated_submission_time': 36958.81011772156, 'accumulated_eval_time': 2516.682166814804, 'accumulated_logging_time': 2.011892318725586}
I0417 08:01:04.798980 140332837598976 logging_writer.py:48] [14141] accumulated_eval_time=2516.68, accumulated_logging_time=2.01189, accumulated_submission_time=36958.8, global_step=14141, preemption_count=0, score=36958.8, test/ctc_loss=0.08574724942445755, test/num_examples=2472, test/wer=0.111307, total_duration=39477.8, train/ctc_loss=0.06326552480459213, train/wer=0.0905927, validation/ctc_loss=0.140044167637825, validation/num_examples=5348, validation/wer=0.165954
/usr/local/lib/python3.11/multiprocessing/popen_fork.py:66: RuntimeWarning: os.fork() was called. os.fork() is incompatible with multithreaded code, and JAX is multithreaded, so this will likely lead to a deadlock.
  self.pid = os.fork()
I0417 08:30:13.585970 140347980027072 spec.py:333] Evaluating on the training split.
I0417 08:30:58.645265 140347980027072 spec.py:346] Evaluating on the validation split.
I0417 08:31:49.116489 140347980027072 spec.py:363] Evaluating on the test split.
I0417 08:32:16.173748 140347980027072 submission_runner.py:516] Time since start: 41349.18s, 	Step: 14849, 	{'train/ctc_loss': Array(0.07033768, dtype=float32), 'train/wer': np.float64(0.09894722392346518), 'validation/ctc_loss': Array(0.13584028, dtype=float32), 'validation/wer': np.float64(0.16321150967991116), 'validation/num_examples': 5348, 'test/ctc_loss': Array(0.0841151, dtype=float32), 'test/wer': np.float64(0.10927629841772794), 'test/num_examples': 2472, 'score': 38707.57912278175, 'total_duration': 41349.184138298035, 'accumulated_submission_time': 38707.57912278175, 'accumulated_eval_time': 2639.267452955246, 'accumulated_logging_time': 2.060208320617676}
I0417 08:32:16.209772 140332837598976 logging_writer.py:48] [14849] accumulated_eval_time=2639.27, accumulated_logging_time=2.06021, accumulated_submission_time=38707.6, global_step=14849, preemption_count=0, score=38707.6, test/ctc_loss=0.08411509543657303, test/num_examples=2472, test/wer=0.109276, total_duration=41349.2, train/ctc_loss=0.070337675511837, train/wer=0.0989472, validation/ctc_loss=0.1358402818441391, validation/num_examples=5348, validation/wer=0.163212
I0417 09:01:25.283204 140347980027072 spec.py:333] Evaluating on the training split.
I0417 09:02:09.606483 140347980027072 spec.py:346] Evaluating on the validation split.
/usr/local/lib/python3.11/multiprocessing/popen_fork.py:66: RuntimeWarning: os.fork() was called. os.fork() is incompatible with multithreaded code, and JAX is multithreaded, so this will likely lead to a deadlock.
  self.pid = os.fork()
I0417 09:02:55.000398 140347980027072 spec.py:363] Evaluating on the test split.
I0417 09:03:19.264762 140347980027072 submission_runner.py:516] Time since start: 43212.28s, 	Step: 15395, 	{'train/ctc_loss': Array(0.0898179, dtype=float32), 'train/wer': np.float64(0.1233924377451007), 'validation/ctc_loss': Array(0.13613471, dtype=float32), 'validation/wer': np.float64(0.16155071694105153), 'validation/num_examples': 5348, 'test/ctc_loss': Array(0.08337624, dtype=float32), 'test/wer': np.float64(0.10935754473625414), 'test/num_examples': 2472, 'score': 40456.63608574867, 'total_duration': 43212.27541422844, 'accumulated_submission_time': 40456.63608574867, 'accumulated_eval_time': 2753.2466130256653, 'accumulated_logging_time': 2.1069493293762207}
I0417 09:03:19.337251 140332837598976 logging_writer.py:48] [15395] accumulated_eval_time=2753.25, accumulated_logging_time=2.10695, accumulated_submission_time=40456.6, global_step=15395, preemption_count=0, score=40456.6, test/ctc_loss=0.08337624371051788, test/num_examples=2472, test/wer=0.109358, total_duration=43212.3, train/ctc_loss=0.08981790393590927, train/wer=0.123392, validation/ctc_loss=0.13613471388816833, validation/num_examples=5348, validation/wer=0.161551
/usr/local/lib/python3.11/multiprocessing/popen_fork.py:66: RuntimeWarning: os.fork() was called. os.fork() is incompatible with multithreaded code, and JAX is multithreaded, so this will likely lead to a deadlock.
  self.pid = os.fork()
I0417 09:32:37.231743 140347980027072 spec.py:333] Evaluating on the training split.
I0417 09:33:21.674255 140347980027072 spec.py:346] Evaluating on the validation split.
I0417 09:34:05.550990 140347980027072 spec.py:363] Evaluating on the test split.
I0417 09:34:26.894048 140347980027072 submission_runner.py:516] Time since start: 45079.90s, 	Step: 16164, 	{'train/ctc_loss': Array(0.09478445, dtype=float32), 'train/wer': np.float64(0.12891299399901188), 'validation/ctc_loss': Array(0.13530682, dtype=float32), 'validation/wer': np.float64(0.15976439916960364), 'validation/num_examples': 5348, 'test/ctc_loss': Array(0.08217288, dtype=float32), 'test/wer': np.float64(0.10962159527146426), 'test/num_examples': 2472, 'score': 42214.51137757301, 'total_duration': 45079.90457701683, 'accumulated_submission_time': 42214.51137757301, 'accumulated_eval_time': 2862.9065651893616, 'accumulated_logging_time': 2.190687417984009}
I0417 09:34:26.938798 140332837598976 logging_writer.py:48] [16164] accumulated_eval_time=2862.91, accumulated_logging_time=2.19069, accumulated_submission_time=42214.5, global_step=16164, preemption_count=0, score=42214.5, test/ctc_loss=0.08217287808656693, test/num_examples=2472, test/wer=0.109622, total_duration=45079.9, train/ctc_loss=0.0947844460606575, train/wer=0.128913, validation/ctc_loss=0.13530682027339935, validation/num_examples=5348, validation/wer=0.159764
/usr/local/lib/python3.11/multiprocessing/popen_fork.py:66: RuntimeWarning: os.fork() was called. os.fork() is incompatible with multithreaded code, and JAX is multithreaded, so this will likely lead to a deadlock.
  self.pid = os.fork()
I0417 10:03:40.255804 140347980027072 spec.py:333] Evaluating on the training split.
I0417 10:04:23.352179 140347980027072 spec.py:346] Evaluating on the validation split.
I0417 10:05:16.716394 140347980027072 spec.py:363] Evaluating on the test split.
I0417 10:05:42.956739 140347980027072 submission_runner.py:516] Time since start: 46955.97s, 	Step: 16843, 	{'train/ctc_loss': Array(0.10723402, dtype=float32), 'train/wer': np.float64(0.14705383413960726), 'validation/ctc_loss': Array(0.13330474, dtype=float32), 'validation/wer': np.float64(0.15786221213730509), 'validation/num_examples': 5348, 'test/ctc_loss': Array(0.08064629, dtype=float32), 'test/wer': np.float64(0.10692015518046838), 'test/num_examples': 2472, 'score': 43967.810623407364, 'total_duration': 46955.96739387512, 'accumulated_submission_time': 43967.810623407364, 'accumulated_eval_time': 2985.605185985565, 'accumulated_logging_time': 2.2464165687561035}
I0417 10:05:42.993842 140332837598976 logging_writer.py:48] [16843] accumulated_eval_time=2985.61, accumulated_logging_time=2.24642, accumulated_submission_time=43967.8, global_step=16843, preemption_count=0, score=43967.8, test/ctc_loss=0.08064629137516022, test/num_examples=2472, test/wer=0.10692, total_duration=46956, train/ctc_loss=0.10723401606082916, train/wer=0.147054, validation/ctc_loss=0.13330474495887756, validation/num_examples=5348, validation/wer=0.157862
I0417 10:34:57.287779 140347980027072 spec.py:333] Evaluating on the training split.
I0417 10:35:40.491286 140347980027072 spec.py:346] Evaluating on the validation split.
/usr/local/lib/python3.11/multiprocessing/popen_fork.py:66: RuntimeWarning: os.fork() was called. os.fork() is incompatible with multithreaded code, and JAX is multithreaded, so this will likely lead to a deadlock.
  self.pid = os.fork()
I0417 10:36:23.286258 140347980027072 spec.py:363] Evaluating on the test split.
I0417 10:36:44.835481 140347980027072 submission_runner.py:516] Time since start: 48817.85s, 	Step: 17413, 	{'train/ctc_loss': Array(0.09853192, dtype=float32), 'train/wer': np.float64(0.1324823814093695), 'validation/ctc_loss': Array(0.13232069, dtype=float32), 'validation/wer': np.float64(0.15714768502872592), 'validation/num_examples': 5348, 'test/ctc_loss': Array(0.07995097, dtype=float32), 'test/wer': np.float64(0.10600613409704873), 'test/num_examples': 2472, 'score': 45722.088099479675, 'total_duration': 48817.84578895569, 'accumulated_submission_time': 45722.088099479675, 'accumulated_eval_time': 3093.1501557826996, 'accumulated_logging_time': 2.294110059738159}
I0417 10:36:44.872074 140332837598976 logging_writer.py:48] [17413] accumulated_eval_time=3093.15, accumulated_logging_time=2.29411, accumulated_submission_time=45722.1, global_step=17413, preemption_count=0, score=45722.1, test/ctc_loss=0.0799509659409523, test/num_examples=2472, test/wer=0.106006, total_duration=48817.8, train/ctc_loss=0.09853191673755646, train/wer=0.132482, validation/ctc_loss=0.13232068717479706, validation/num_examples=5348, validation/wer=0.157148
/usr/local/lib/python3.11/multiprocessing/popen_fork.py:66: RuntimeWarning: os.fork() was called. os.fork() is incompatible with multithreaded code, and JAX is multithreaded, so this will likely lead to a deadlock.
  self.pid = os.fork()
I0417 11:05:58.967772 140347980027072 spec.py:333] Evaluating on the training split.
I0417 11:06:43.315330 140347980027072 spec.py:346] Evaluating on the validation split.
I0417 11:07:25.813898 140347980027072 spec.py:363] Evaluating on the test split.
I0417 11:07:46.640806 140347980027072 submission_runner.py:516] Time since start: 50679.65s, 	Step: 18163, 	{'train/ctc_loss': Array(0.09396564, dtype=float32), 'train/wer': np.float64(0.13012036119492723), 'validation/ctc_loss': Array(0.13280094, dtype=float32), 'validation/wer': np.float64(0.15703181576787525), 'validation/num_examples': 5348, 'test/ctc_loss': Array(0.08111513, dtype=float32), 'test/wer': np.float64(0.1057420835618386), 'test/num_examples': 2472, 'score': 47476.165185689926, 'total_duration': 50679.65151524544, 'accumulated_submission_time': 47476.165185689926, 'accumulated_eval_time': 3200.8210179805756, 'accumulated_logging_time': 2.3416330814361572}
I0417 11:07:46.678687 140332837598976 logging_writer.py:48] [18163] accumulated_eval_time=3200.82, accumulated_logging_time=2.34163, accumulated_submission_time=47476.2, global_step=18163, preemption_count=0, score=47476.2, test/ctc_loss=0.08111512660980225, test/num_examples=2472, test/wer=0.105742, total_duration=50679.7, train/ctc_loss=0.09396564215421677, train/wer=0.13012, validation/ctc_loss=0.13280093669891357, validation/num_examples=5348, validation/wer=0.157032
/usr/local/lib/python3.11/multiprocessing/popen_fork.py:66: RuntimeWarning: os.fork() was called. os.fork() is incompatible with multithreaded code, and JAX is multithreaded, so this will likely lead to a deadlock.
  self.pid = os.fork()
I0417 11:36:59.235418 140347980027072 spec.py:333] Evaluating on the training split.
I0417 11:37:43.916302 140347980027072 spec.py:346] Evaluating on the validation split.
I0417 11:38:37.976905 140347980027072 spec.py:363] Evaluating on the test split.
I0417 11:39:07.062326 140347980027072 submission_runner.py:516] Time since start: 52560.07s, 	Step: 18811, 	{'train/ctc_loss': Array(0.08192683, dtype=float32), 'train/wer': np.float64(0.1149659050125613), 'validation/ctc_loss': Array(0.13063382, dtype=float32), 'validation/wer': np.float64(0.1535847052575677), 'validation/num_examples': 5348, 'test/ctc_loss': Array(0.07773922, dtype=float32), 'test/wer': np.float64(0.10261410029858022), 'test/num_examples': 2472, 'score': 49228.70420265198, 'total_duration': 52560.07242822647, 'accumulated_submission_time': 49228.70420265198, 'accumulated_eval_time': 3328.6451382637024, 'accumulated_logging_time': 2.3904531002044678}
I0417 11:39:07.119542 140332837598976 logging_writer.py:48] [18811] accumulated_eval_time=3328.65, accumulated_logging_time=2.39045, accumulated_submission_time=49228.7, global_step=18811, preemption_count=0, score=49228.7, test/ctc_loss=0.07773921638727188, test/num_examples=2472, test/wer=0.102614, total_duration=52560.1, train/ctc_loss=0.08192683011293411, train/wer=0.114966, validation/ctc_loss=0.13063381612300873, validation/num_examples=5348, validation/wer=0.153585
I0417 12:08:21.173979 140347980027072 spec.py:333] Evaluating on the training split.
I0417 12:09:05.536713 140347980027072 spec.py:346] Evaluating on the validation split.
/usr/local/lib/python3.11/multiprocessing/popen_fork.py:66: RuntimeWarning: os.fork() was called. os.fork() is incompatible with multithreaded code, and JAX is multithreaded, so this will likely lead to a deadlock.
  self.pid = os.fork()
I0417 12:09:49.532830 140347980027072 spec.py:363] Evaluating on the test split.
I0417 12:10:11.675241 140347980027072 submission_runner.py:516] Time since start: 54424.69s, 	Step: 19441, 	{'train/ctc_loss': Array(0.09165973, dtype=float32), 'train/wer': np.float64(0.12652679943734488), 'validation/ctc_loss': Array(0.12935105, dtype=float32), 'validation/wer': np.float64(0.15249360305122386), 'validation/num_examples': 5348, 'test/ctc_loss': Array(0.0770312, dtype=float32), 'test/wer': np.float64(0.10139540552068735), 'test/num_examples': 2472, 'score': 50982.74151015282, 'total_duration': 54424.68580508232, 'accumulated_submission_time': 50982.74151015282, 'accumulated_eval_time': 3439.1439213752747, 'accumulated_logging_time': 2.458263635635376}
I0417 12:10:11.713655 140332837598976 logging_writer.py:48] [19441] accumulated_eval_time=3439.14, accumulated_logging_time=2.45826, accumulated_submission_time=50982.7, global_step=19441, preemption_count=0, score=50982.7, test/ctc_loss=0.0770311951637268, test/num_examples=2472, test/wer=0.101395, total_duration=54424.7, train/ctc_loss=0.09165973216295242, train/wer=0.126527, validation/ctc_loss=0.12935104966163635, validation/num_examples=5348, validation/wer=0.152494
/usr/local/lib/python3.11/multiprocessing/popen_fork.py:66: RuntimeWarning: os.fork() was called. os.fork() is incompatible with multithreaded code, and JAX is multithreaded, so this will likely lead to a deadlock.
  self.pid = os.fork()
I0417 12:39:20.529103 140347980027072 spec.py:333] Evaluating on the training split.
I0417 12:40:05.275232 140347980027072 spec.py:346] Evaluating on the validation split.
I0417 12:40:49.108883 140347980027072 spec.py:363] Evaluating on the test split.
I0417 12:41:10.424318 140347980027072 submission_runner.py:516] Time since start: 56283.43s, 	Step: 20222, 	{'train/ctc_loss': Array(0.08394708, dtype=float32), 'train/wer': np.float64(0.11755926816698162), 'validation/ctc_loss': Array(0.12955584, dtype=float32), 'validation/wer': np.float64(0.15139284507314246), 'validation/num_examples': 5348, 'test/ctc_loss': Array(0.07659157, dtype=float32), 'test/wer': np.float64(0.10003452968537363), 'test/num_examples': 2472, 'score': 52731.537635564804, 'total_duration': 56283.43489718437, 'accumulated_submission_time': 52731.537635564804, 'accumulated_eval_time': 3549.036732196808, 'accumulated_logging_time': 2.5078928470611572}
I0417 12:41:10.462973 140332837598976 logging_writer.py:48] [20222] accumulated_eval_time=3549.04, accumulated_logging_time=2.50789, accumulated_submission_time=52731.5, global_step=20222, preemption_count=0, score=52731.5, test/ctc_loss=0.07659157365560532, test/num_examples=2472, test/wer=0.100035, total_duration=56283.4, train/ctc_loss=0.0839470848441124, train/wer=0.117559, validation/ctc_loss=0.1295558363199234, validation/num_examples=5348, validation/wer=0.151393
/usr/local/lib/python3.11/multiprocessing/popen_fork.py:66: RuntimeWarning: os.fork() was called. os.fork() is incompatible with multithreaded code, and JAX is multithreaded, so this will likely lead to a deadlock.
  self.pid = os.fork()
I0417 13:10:19.043066 140347980027072 spec.py:333] Evaluating on the training split.
I0417 13:11:03.669569 140347980027072 spec.py:346] Evaluating on the validation split.
I0417 13:11:56.511254 140347980027072 spec.py:363] Evaluating on the test split.
I0417 13:12:24.196577 140347980027072 submission_runner.py:516] Time since start: 58157.21s, 	Step: 20904, 	{'train/ctc_loss': Array(0.08577904, dtype=float32), 'train/wer': np.float64(0.12043957951377211), 'validation/ctc_loss': Array(0.1273394, dtype=float32), 'validation/wer': np.float64(0.15030174286679862), 'validation/num_examples': 5348, 'test/ctc_loss': Array(0.07385709, dtype=float32), 'test/wer': np.float64(0.09855178437227063), 'test/num_examples': 2472, 'score': 54480.09988331795, 'total_duration': 58157.20666885376, 'accumulated_submission_time': 54480.09988331795, 'accumulated_eval_time': 3674.18745803833, 'accumulated_logging_time': 2.5572023391723633}
I0417 13:12:24.236004 140332837598976 logging_writer.py:48] [20904] accumulated_eval_time=3674.19, accumulated_logging_time=2.5572, accumulated_submission_time=54480.1, global_step=20904, preemption_count=0, score=54480.1, test/ctc_loss=0.07385709136724472, test/num_examples=2472, test/wer=0.0985518, total_duration=58157.2, train/ctc_loss=0.08577904105186462, train/wer=0.12044, validation/ctc_loss=0.12733939290046692, validation/num_examples=5348, validation/wer=0.150302
I0417 13:41:42.771121 140347980027072 spec.py:333] Evaluating on the training split.
I0417 13:42:26.825138 140347980027072 spec.py:346] Evaluating on the validation split.
/usr/local/lib/python3.11/multiprocessing/popen_fork.py:66: RuntimeWarning: os.fork() was called. os.fork() is incompatible with multithreaded code, and JAX is multithreaded, so this will likely lead to a deadlock.
  self.pid = os.fork()
I0417 13:43:08.454240 140347980027072 spec.py:363] Evaluating on the test split.
I0417 13:43:30.038256 140347980027072 submission_runner.py:516] Time since start: 60023.05s, 	Step: 21527, 	{'train/ctc_loss': Array(0.08560252, dtype=float32), 'train/wer': np.float64(0.11681987577639752), 'validation/ctc_loss': Array(0.12565109, dtype=float32), 'validation/wer': np.float64(0.1484381789214503), 'validation/num_examples': 5348, 'test/ctc_loss': Array(0.07330646, dtype=float32), 'test/wer': np.float64(0.09654093798874738), 'test/num_examples': 2472, 'score': 56238.617429971695, 'total_duration': 60023.048815727234, 'accumulated_submission_time': 56238.617429971695, 'accumulated_eval_time': 3781.452115058899, 'accumulated_logging_time': 2.6076602935791016}
I0417 13:43:30.075843 140332837598976 logging_writer.py:48] [21527] accumulated_eval_time=3781.45, accumulated_logging_time=2.60766, accumulated_submission_time=56238.6, global_step=21527, preemption_count=0, score=56238.6, test/ctc_loss=0.07330646365880966, test/num_examples=2472, test/wer=0.0965409, total_duration=60023, train/ctc_loss=0.0856025218963623, train/wer=0.11682, validation/ctc_loss=0.12565109133720398, validation/num_examples=5348, validation/wer=0.148438
/usr/local/lib/python3.11/multiprocessing/popen_fork.py:66: RuntimeWarning: os.fork() was called. os.fork() is incompatible with multithreaded code, and JAX is multithreaded, so this will likely lead to a deadlock.
  self.pid = os.fork()
I0417 14:12:40.230995 140347980027072 spec.py:333] Evaluating on the training split.
I0417 14:13:24.046080 140347980027072 spec.py:346] Evaluating on the validation split.
I0417 14:14:06.378654 140347980027072 spec.py:363] Evaluating on the test split.
I0417 14:14:26.937314 140347980027072 submission_runner.py:516] Time since start: 61879.95s, 	Step: 22308, 	{'train/ctc_loss': Array(0.08895025, dtype=float32), 'train/wer': np.float64(0.12272930187836956), 'validation/ctc_loss': Array(0.12347344, dtype=float32), 'validation/wer': np.float64(0.14653599188915173), 'validation/num_examples': 5348, 'test/ctc_loss': Array(0.07230691, dtype=float32), 'test/wer': np.float64(0.0969268580017468), 'test/num_examples': 2472, 'score': 57988.75261616707, 'total_duration': 61879.947699546814, 'accumulated_submission_time': 57988.75261616707, 'accumulated_eval_time': 3888.155925989151, 'accumulated_logging_time': 2.657235622406006}
I0417 14:14:26.977445 140332837598976 logging_writer.py:48] [22308] accumulated_eval_time=3888.16, accumulated_logging_time=2.65724, accumulated_submission_time=57988.8, global_step=22308, preemption_count=0, score=57988.8, test/ctc_loss=0.07230690866708755, test/num_examples=2472, test/wer=0.0969269, total_duration=61879.9, train/ctc_loss=0.0889502540230751, train/wer=0.122729, validation/ctc_loss=0.12347344309091568, validation/num_examples=5348, validation/wer=0.146536
/usr/local/lib/python3.11/multiprocessing/popen_fork.py:66: RuntimeWarning: os.fork() was called. os.fork() is incompatible with multithreaded code, and JAX is multithreaded, so this will likely lead to a deadlock.
  self.pid = os.fork()
I0417 14:43:35.573297 140347980027072 spec.py:333] Evaluating on the training split.
I0417 14:44:20.436373 140347980027072 spec.py:346] Evaluating on the validation split.
I0417 14:45:16.689756 140347980027072 spec.py:363] Evaluating on the test split.
I0417 14:45:46.367349 140347980027072 submission_runner.py:516] Time since start: 63759.38s, 	Step: 22997, 	{'train/ctc_loss': Array(0.0874194, dtype=float32), 'train/wer': np.float64(0.11860290353848332), 'validation/ctc_loss': Array(0.12259277, dtype=float32), 'validation/wer': np.float64(0.14626563028050016), 'validation/num_examples': 5348, 'test/ctc_loss': Array(0.07405905, dtype=float32), 'test/wer': np.float64(0.09780025592590336), 'test/num_examples': 2472, 'score': 59737.32951641083, 'total_duration': 63759.37805008888, 'accumulated_submission_time': 59737.32951641083, 'accumulated_eval_time': 4018.947700738907, 'accumulated_logging_time': 2.7091281414031982}
I0417 14:45:46.404776 140332837598976 logging_writer.py:48] [22997] accumulated_eval_time=4018.95, accumulated_logging_time=2.70913, accumulated_submission_time=59737.3, global_step=22997, preemption_count=0, score=59737.3, test/ctc_loss=0.07405905425548553, test/num_examples=2472, test/wer=0.0978003, total_duration=63759.4, train/ctc_loss=0.08741939812898636, train/wer=0.118603, validation/ctc_loss=0.12259276956319809, validation/num_examples=5348, validation/wer=0.146266
I0417 15:14:53.746629 140347980027072 spec.py:333] Evaluating on the training split.
I0417 15:15:37.581746 140347980027072 spec.py:346] Evaluating on the validation split.
/usr/local/lib/python3.11/multiprocessing/popen_fork.py:66: RuntimeWarning: os.fork() was called. os.fork() is incompatible with multithreaded code, and JAX is multithreaded, so this will likely lead to a deadlock.
  self.pid = os.fork()
I0417 15:16:18.522042 140347980027072 spec.py:363] Evaluating on the test split.
I0417 15:16:39.794966 140347980027072 submission_runner.py:516] Time since start: 65612.81s, 	Step: 23575, 	{'train/ctc_loss': Array(0.08162937, dtype=float32), 'train/wer': np.float64(0.11470172842827359), 'validation/ctc_loss': Array(0.12451868, dtype=float32), 'validation/wer': np.float64(0.14488485492202965), 'validation/num_examples': 5348, 'test/ctc_loss': Array(0.07337953, dtype=float32), 'test/wer': np.float64(0.09678467694432596), 'test/num_examples': 2472, 'score': 61484.65460538864, 'total_duration': 65612.80536389351, 'accumulated_submission_time': 61484.65460538864, 'accumulated_eval_time': 4124.993395805359, 'accumulated_logging_time': 2.757187604904175}
I0417 15:16:39.833458 140332837598976 logging_writer.py:48] [23575] accumulated_eval_time=4124.99, accumulated_logging_time=2.75719, accumulated_submission_time=61484.7, global_step=23575, preemption_count=0, score=61484.7, test/ctc_loss=0.0733795315027237, test/num_examples=2472, test/wer=0.0967847, total_duration=65612.8, train/ctc_loss=0.08162936568260193, train/wer=0.114702, validation/ctc_loss=0.12451867759227753, validation/num_examples=5348, validation/wer=0.144885
/usr/local/lib/python3.11/multiprocessing/popen_fork.py:66: RuntimeWarning: os.fork() was called. os.fork() is incompatible with multithreaded code, and JAX is multithreaded, so this will likely lead to a deadlock.
  self.pid = os.fork()
I0417 15:45:53.074741 140347980027072 spec.py:333] Evaluating on the training split.
I0417 15:46:36.883945 140347980027072 spec.py:346] Evaluating on the validation split.
I0417 15:47:17.833022 140347980027072 spec.py:363] Evaluating on the test split.
I0417 15:47:38.180254 140347980027072 submission_runner.py:516] Time since start: 67471.19s, 	Step: 24352, 	{'train/ctc_loss': Array(0.08458653, dtype=float32), 'train/wer': np.float64(0.11805714024918991), 'validation/ctc_loss': Array(0.1227324, dtype=float32), 'validation/wer': np.float64(0.14404480278086226), 'validation/num_examples': 5348, 'test/ctc_loss': Array(0.07323049, dtype=float32), 'test/wer': np.float64(0.09603314849795869), 'test/num_examples': 2472, 'score': 63237.87679409981, 'total_duration': 67471.19085860252, 'accumulated_submission_time': 63237.87679409981, 'accumulated_eval_time': 4230.096615552902, 'accumulated_logging_time': 2.806772470474243}
I0417 15:47:38.218790 140332837598976 logging_writer.py:48] [24352] accumulated_eval_time=4230.1, accumulated_logging_time=2.80677, accumulated_submission_time=63237.9, global_step=24352, preemption_count=0, score=63237.9, test/ctc_loss=0.07323049008846283, test/num_examples=2472, test/wer=0.0960331, total_duration=67471.2, train/ctc_loss=0.08458653092384338, train/wer=0.118057, validation/ctc_loss=0.12273240089416504, validation/num_examples=5348, validation/wer=0.144045
/usr/local/lib/python3.11/multiprocessing/popen_fork.py:66: RuntimeWarning: os.fork() was called. os.fork() is incompatible with multithreaded code, and JAX is multithreaded, so this will likely lead to a deadlock.
  self.pid = os.fork()
I0417 16:16:48.954752 140347980027072 spec.py:333] Evaluating on the training split.
I0417 16:17:33.766865 140347980027072 spec.py:346] Evaluating on the validation split.
I0417 16:18:28.481343 140347980027072 spec.py:363] Evaluating on the test split.
I0417 16:18:55.431038 140347980027072 submission_runner.py:516] Time since start: 69348.44s, 	Step: 24995, 	{'train/ctc_loss': Array(0.08100563, dtype=float32), 'train/wer': np.float64(0.11206646431281525), 'validation/ctc_loss': Array(0.12083197, dtype=float32), 'validation/wer': np.float64(0.1421619272920388), 'validation/num_examples': 5348, 'test/ctc_loss': Array(0.07167447, dtype=float32), 'test/wer': np.float64(0.09367700526069912), 'test/num_examples': 2472, 'score': 64988.594796419144, 'total_duration': 69348.44154191017, 'accumulated_submission_time': 64988.594796419144, 'accumulated_eval_time': 4356.570526361465, 'accumulated_logging_time': 2.856626272201538}
I0417 16:18:55.468869 140332837598976 logging_writer.py:48] [24995] accumulated_eval_time=4356.57, accumulated_logging_time=2.85663, accumulated_submission_time=64988.6, global_step=24995, preemption_count=0, score=64988.6, test/ctc_loss=0.07167446613311768, test/num_examples=2472, test/wer=0.093677, total_duration=69348.4, train/ctc_loss=0.08100562542676926, train/wer=0.112066, validation/ctc_loss=0.12083197385072708, validation/num_examples=5348, validation/wer=0.142162
I0417 16:48:15.099098 140332730939136 logging_writer.py:48] [25605] global_step=25605, preemption_count=0, score=66748.2
I0417 16:48:25.854015 140347980027072 submission_runner.py:857] Final librispeech_conformer score: 66748.18599939346
