torchrun --redirects 1:0,2:0,3:0 --standalone --nnodes=1 --nproc_per_node=4 submission_runner.py --framework=pytorch --workload=ogbg --submission_path=submissions_algorithms/submissions/self_tuning/schedule_free_adamw_v2/submission.py --data_dir=/data/ogbg --experiment_dir=/experiment_runs --experiment_name=submissions_a100/schedule_free_adamw_v2/study_2 --overwrite=True --save_checkpoints=False --rng_seed=1368806571 --torch_compile=true --tuning_ruleset=self 2>&1 | tee -a /logs/ogbg_pytorch_03-18-2026-16-02-50.log
W0318 16:03:01.388000 48 site-packages/torch/distributed/run.py:803] 
W0318 16:03:01.388000 48 site-packages/torch/distributed/run.py:803] *****************************************
W0318 16:03:01.388000 48 site-packages/torch/distributed/run.py:803] Setting OMP_NUM_THREADS environment variable for each process to be 1 in default, to avoid your system being overloaded, please further tune the variable for optimal performance in your application as needed. 
W0318 16:03:01.388000 48 site-packages/torch/distributed/run.py:803] *****************************************
2026-03-18 16:03:04.590977: E external/local_xla/xla/stream_executor/cuda/cuda_fft.cc:467] Unable to register cuFFT factory: Attempting to register factory for plugin cuFFT when one has already been registered
2026-03-18 16:03:04.590977: E external/local_xla/xla/stream_executor/cuda/cuda_fft.cc:467] Unable to register cuFFT factory: Attempting to register factory for plugin cuFFT when one has already been registered
2026-03-18 16:03:04.590977: E external/local_xla/xla/stream_executor/cuda/cuda_fft.cc:467] Unable to register cuFFT factory: Attempting to register factory for plugin cuFFT when one has already been registered
2026-03-18 16:03:04.590977: E external/local_xla/xla/stream_executor/cuda/cuda_fft.cc:467] Unable to register cuFFT factory: Attempting to register factory for plugin cuFFT when one has already been registered
WARNING: All log messages before absl::InitializeLog() is called are written to STDERR
WARNING: All log messages before absl::InitializeLog() is called are written to STDERR
WARNING: All log messages before absl::InitializeLog() is called are written to STDERR
WARNING: All log messages before absl::InitializeLog() is called are written to STDERR
E0000 00:00:1773849784.615497      80 cuda_dnn.cc:8579] Unable to register cuDNN factory: Attempting to register factory for plugin cuDNN when one has already been registered
E0000 00:00:1773849784.615499      78 cuda_dnn.cc:8579] Unable to register cuDNN factory: Attempting to register factory for plugin cuDNN when one has already been registered
E0000 00:00:1773849784.615497      79 cuda_dnn.cc:8579] Unable to register cuDNN factory: Attempting to register factory for plugin cuDNN when one has already been registered
E0000 00:00:1773849784.615498      77 cuda_dnn.cc:8579] Unable to register cuDNN factory: Attempting to register factory for plugin cuDNN when one has already been registered
E0000 00:00:1773849784.623563      77 cuda_blas.cc:1407] Unable to register cuBLAS factory: Attempting to register factory for plugin cuBLAS when one has already been registered
E0000 00:00:1773849784.623563      79 cuda_blas.cc:1407] Unable to register cuBLAS factory: Attempting to register factory for plugin cuBLAS when one has already been registered
E0000 00:00:1773849784.623563      78 cuda_blas.cc:1407] Unable to register cuBLAS factory: Attempting to register factory for plugin cuBLAS when one has already been registered
E0000 00:00:1773849784.623609      80 cuda_blas.cc:1407] Unable to register cuBLAS factory: Attempting to register factory for plugin cuBLAS when one has already been registered
W0000 00:00:1773849784.650183      80 computation_placer.cc:177] computation placer already registered. Please check linkage and avoid linking the same target more than once.
W0000 00:00:1773849784.650184      78 computation_placer.cc:177] computation placer already registered. Please check linkage and avoid linking the same target more than once.
W0000 00:00:1773849784.650184      77 computation_placer.cc:177] computation placer already registered. Please check linkage and avoid linking the same target more than once.
W0000 00:00:1773849784.650215      78 computation_placer.cc:177] computation placer already registered. Please check linkage and avoid linking the same target more than once.
W0000 00:00:1773849784.650215      77 computation_placer.cc:177] computation placer already registered. Please check linkage and avoid linking the same target more than once.
W0000 00:00:1773849784.650217      78 computation_placer.cc:177] computation placer already registered. Please check linkage and avoid linking the same target more than once.
W0000 00:00:1773849784.650218      77 computation_placer.cc:177] computation placer already registered. Please check linkage and avoid linking the same target more than once.
W0000 00:00:1773849784.650219      78 computation_placer.cc:177] computation placer already registered. Please check linkage and avoid linking the same target more than once.
W0000 00:00:1773849784.650219      80 computation_placer.cc:177] computation placer already registered. Please check linkage and avoid linking the same target more than once.
W0000 00:00:1773849784.650220      77 computation_placer.cc:177] computation placer already registered. Please check linkage and avoid linking the same target more than once.
W0000 00:00:1773849784.650222      80 computation_placer.cc:177] computation placer already registered. Please check linkage and avoid linking the same target more than once.
W0000 00:00:1773849784.650224      80 computation_placer.cc:177] computation placer already registered. Please check linkage and avoid linking the same target more than once.
W0000 00:00:1773849784.650205      79 computation_placer.cc:177] computation placer already registered. Please check linkage and avoid linking the same target more than once.
W0000 00:00:1773849784.650232      79 computation_placer.cc:177] computation placer already registered. Please check linkage and avoid linking the same target more than once.
W0000 00:00:1773849784.650235      79 computation_placer.cc:177] computation placer already registered. Please check linkage and avoid linking the same target more than once.
W0000 00:00:1773849784.650237      79 computation_placer.cc:177] computation placer already registered. Please check linkage and avoid linking the same target more than once.
W0000 00:00:1773849798.701400      77 gpu_device.cc:2341] Cannot dlopen some GPU libraries. Please make sure the missing libraries mentioned above are installed properly if you would like to use GPU. Follow the guide at https://www.tensorflow.org/install/gpu for how to download and setup the required libraries for your platform.
Skipping registering GPU devices...
W0000 00:00:1773849798.707184      78 gpu_device.cc:2341] Cannot dlopen some GPU libraries. Please make sure the missing libraries mentioned above are installed properly if you would like to use GPU. Follow the guide at https://www.tensorflow.org/install/gpu for how to download and setup the required libraries for your platform.
Skipping registering GPU devices...
W0000 00:00:1773849798.725323      79 gpu_device.cc:2341] Cannot dlopen some GPU libraries. Please make sure the missing libraries mentioned above are installed properly if you would like to use GPU. Follow the guide at https://www.tensorflow.org/install/gpu for how to download and setup the required libraries for your platform.
Skipping registering GPU devices...
W0000 00:00:1773849798.787456      80 gpu_device.cc:2341] Cannot dlopen some GPU libraries. Please make sure the missing libraries mentioned above are installed properly if you would like to use GPU. Follow the guide at https://www.tensorflow.org/install/gpu for how to download and setup the required libraries for your platform.
Skipping registering GPU devices...
/usr/local/lib/python3.11/site-packages/torch/__init__.py:1617: UserWarning: Please use the new API settings to control TF32 behavior, such as torch.backends.cudnn.conv.fp32_precision = 'tf32' or torch.backends.cuda.matmul.fp32_precision = 'ieee'. Old settings, e.g, torch.backends.cuda.matmul.allow_tf32 = True, torch.backends.cudnn.allow_tf32 = True, allowTF32CuDNN() and allowTF32CuBLAS() will be deprecated after Pytorch 2.9. Please see https://pytorch.org/docs/main/notes/cuda.html#tensorfloat-32-tf32-on-ampere-and-later-devices (Triggered internally at /pytorch/aten/src/ATen/Context.cpp:80.)
  _C._set_float32_matmul_precision(precision)
/usr/local/lib/python3.11/site-packages/torch/__init__.py:1617: UserWarning: Please use the new API settings to control TF32 behavior, such as torch.backends.cudnn.conv.fp32_precision = 'tf32' or torch.backends.cuda.matmul.fp32_precision = 'ieee'. Old settings, e.g, torch.backends.cuda.matmul.allow_tf32 = True, torch.backends.cudnn.allow_tf32 = True, allowTF32CuDNN() and allowTF32CuBLAS() will be deprecated after Pytorch 2.9. Please see https://pytorch.org/docs/main/notes/cuda.html#tensorfloat-32-tf32-on-ampere-and-later-devices (Triggered internally at /pytorch/aten/src/ATen/Context.cpp:80.)
  _C._set_float32_matmul_precision(precision)
/usr/local/lib/python3.11/site-packages/torch/__init__.py:1617: UserWarning: Please use the new API settings to control TF32 behavior, such as torch.backends.cudnn.conv.fp32_precision = 'tf32' or torch.backends.cuda.matmul.fp32_precision = 'ieee'. Old settings, e.g, torch.backends.cuda.matmul.allow_tf32 = True, torch.backends.cudnn.allow_tf32 = True, allowTF32CuDNN() and allowTF32CuBLAS() will be deprecated after Pytorch 2.9. Please see https://pytorch.org/docs/main/notes/cuda.html#tensorfloat-32-tf32-on-ampere-and-later-devices (Triggered internally at /pytorch/aten/src/ATen/Context.cpp:80.)
  _C._set_float32_matmul_precision(precision)
/usr/local/lib/python3.11/site-packages/torch/__init__.py:1617: UserWarning: Please use the new API settings to control TF32 behavior, such as torch.backends.cudnn.conv.fp32_precision = 'tf32' or torch.backends.cuda.matmul.fp32_precision = 'ieee'. Old settings, e.g, torch.backends.cuda.matmul.allow_tf32 = True, torch.backends.cudnn.allow_tf32 = True, allowTF32CuDNN() and allowTF32CuBLAS() will be deprecated after Pytorch 2.9. Please see https://pytorch.org/docs/main/notes/cuda.html#tensorfloat-32-tf32-on-ampere-and-later-devices (Triggered internally at /pytorch/aten/src/ATen/Context.cpp:80.)
  _C._set_float32_matmul_precision(precision)
/usr/local/lib/python3.11/site-packages/pydantic/_internal/_generate_schema.py:2249: UnsupportedFieldAttributeWarning: The 'repr' attribute with value False was provided to the `Field()` function, which has no effect in the context it was used. 'repr' is field-specific metadata, and can only be attached to a model field using `Annotated` metadata or by assignment. This may have happened because an `Annotated` type alias using the `type` statement was used, or if the `Field()` function was attached to a single member of a union type.
  warnings.warn(
/usr/local/lib/python3.11/site-packages/pydantic/_internal/_generate_schema.py:2249: UnsupportedFieldAttributeWarning: The 'repr' attribute with value False was provided to the `Field()` function, which has no effect in the context it was used. 'repr' is field-specific metadata, and can only be attached to a model field using `Annotated` metadata or by assignment. This may have happened because an `Annotated` type alias using the `type` statement was used, or if the `Field()` function was attached to a single member of a union type.
  warnings.warn(
/usr/local/lib/python3.11/site-packages/pydantic/_internal/_generate_schema.py:2249: UnsupportedFieldAttributeWarning: The 'repr' attribute with value False was provided to the `Field()` function, which has no effect in the context it was used. 'repr' is field-specific metadata, and can only be attached to a model field using `Annotated` metadata or by assignment. This may have happened because an `Annotated` type alias using the `type` statement was used, or if the `Field()` function was attached to a single member of a union type.
  warnings.warn(
/usr/local/lib/python3.11/site-packages/pydantic/_internal/_generate_schema.py:2249: UnsupportedFieldAttributeWarning: The 'repr' attribute with value False was provided to the `Field()` function, which has no effect in the context it was used. 'repr' is field-specific metadata, and can only be attached to a model field using `Annotated` metadata or by assignment. This may have happened because an `Annotated` type alias using the `type` statement was used, or if the `Field()` function was attached to a single member of a union type.
  warnings.warn(
/usr/local/lib/python3.11/site-packages/pydantic/_internal/_generate_schema.py:2249: UnsupportedFieldAttributeWarning: The 'frozen' attribute with value True was provided to the `Field()` function, which has no effect in the context it was used. 'frozen' is field-specific metadata, and can only be attached to a model field using `Annotated` metadata or by assignment. This may have happened because an `Annotated` type alias using the `type` statement was used, or if the `Field()` function was attached to a single member of a union type.
  warnings.warn(
/usr/local/lib/python3.11/site-packages/pydantic/_internal/_generate_schema.py:2249: UnsupportedFieldAttributeWarning: The 'frozen' attribute with value True was provided to the `Field()` function, which has no effect in the context it was used. 'frozen' is field-specific metadata, and can only be attached to a model field using `Annotated` metadata or by assignment. This may have happened because an `Annotated` type alias using the `type` statement was used, or if the `Field()` function was attached to a single member of a union type.
  warnings.warn(
/usr/local/lib/python3.11/site-packages/pydantic/_internal/_generate_schema.py:2249: UnsupportedFieldAttributeWarning: The 'frozen' attribute with value True was provided to the `Field()` function, which has no effect in the context it was used. 'frozen' is field-specific metadata, and can only be attached to a model field using `Annotated` metadata or by assignment. This may have happened because an `Annotated` type alias using the `type` statement was used, or if the `Field()` function was attached to a single member of a union type.
  warnings.warn(
/usr/local/lib/python3.11/site-packages/pydantic/_internal/_generate_schema.py:2249: UnsupportedFieldAttributeWarning: The 'frozen' attribute with value True was provided to the `Field()` function, which has no effect in the context it was used. 'frozen' is field-specific metadata, and can only be attached to a model field using `Annotated` metadata or by assignment. This may have happened because an `Annotated` type alias using the `type` statement was used, or if the `Field()` function was attached to a single member of a union type.
  warnings.warn(
/usr/local/lib/python3.11/site-packages/torch/distributed/distributed_c10d.py:4876: UserWarning: barrier(): using the device under current context. You can specify `device_id` in `init_process_group` to mute this warning.
  warnings.warn(  # warn only once
[rank0]:[W318 16:03:23.749515610 ProcessGroupNCCL.cpp:5068] Guessing device ID based on global rank. This can cause a hang if rank to GPU mapping is heterogeneous. You can specify device_id in init_process_group()
I0318 16:03:23.875571 139953220129984 logger_utils.py:84] Creating experiment directory at /experiment_runs/submissions_a100/schedule_free_adamw_v2/study_2/ogbg_pytorch.
I0318 16:03:23.875570 140711478863040 logger_utils.py:84] Creating experiment directory at /experiment_runs/submissions_a100/schedule_free_adamw_v2/study_2/ogbg_pytorch.
I0318 16:03:23.875607 139732859270336 logger_utils.py:84] Creating experiment directory at /experiment_runs/submissions_a100/schedule_free_adamw_v2/study_2/ogbg_pytorch.
I0318 16:03:23.875606 139672971613376 logger_utils.py:84] Creating experiment directory at /experiment_runs/submissions_a100/schedule_free_adamw_v2/study_2/ogbg_pytorch.
I0318 16:03:23.902522 139732859270336 submission_runner.py:741] Creating directory at /experiment_runs/submissions_a100/schedule_free_adamw_v2/study_2/ogbg_pytorch/trial_1.
I0318 16:03:24.181543 139732859270336 submission_runner.py:242] Initializing dataset.
I0318 16:03:24.181718 139732859270336 submission_runner.py:251] Initializing model.
W0318 16:03:27.395707 140711478863040 submission_runner.py:273] These workloads cannot be fully compiled under current PyTorch version. Proceeding without `torch.compile`.
W0318 16:03:27.395712 139732859270336 submission_runner.py:273] These workloads cannot be fully compiled under current PyTorch version. Proceeding without `torch.compile`.
W0318 16:03:27.395813 139672971613376 submission_runner.py:273] These workloads cannot be fully compiled under current PyTorch version. Proceeding without `torch.compile`.
W0318 16:03:27.396139 139953220129984 submission_runner.py:273] These workloads cannot be fully compiled under current PyTorch version. Proceeding without `torch.compile`.
I0318 16:03:29.446352 139732859270336 submission_runner.py:294] Initializing optimizer.
I0318 16:03:29.446920 139732859270336 submission_runner.py:299] Initializing metrics bundle.
I0318 16:03:29.447062 139732859270336 submission_runner.py:321] Initializing checkpoint and logger.
I0318 16:03:29.448909 139732859270336 submission_runner.py:344] Saving meta data to /experiment_runs/submissions_a100/schedule_free_adamw_v2/study_2/ogbg_pytorch/trial_1/meta_data_0.json.
I0318 16:03:29.448964 139953220129984 logger_utils.py:283] Unable to record workload.train_mean information. Continuing without it.
I0318 16:03:29.448982 139672971613376 logger_utils.py:283] Unable to record workload.train_mean information. Continuing without it.
I0318 16:03:29.449012 140711478863040 logger_utils.py:283] Unable to record workload.train_mean information. Continuing without it.
I0318 16:03:29.449106 139732859270336 logger_utils.py:283] Unable to record workload.train_mean information. Continuing without it.
I0318 16:03:29.449126 139953220129984 logger_utils.py:283] Unable to record workload.train_stddev information. Continuing without it.
I0318 16:03:29.449141 139672971613376 logger_utils.py:283] Unable to record workload.train_stddev information. Continuing without it.
I0318 16:03:29.449166 139732859270336 logger_utils.py:283] Unable to record workload.train_stddev information. Continuing without it.
I0318 16:03:29.449172 140711478863040 logger_utils.py:283] Unable to record workload.train_stddev information. Continuing without it.
I0318 16:03:29.775128 139732859270336 submission_runner.py:348] Saving flags to /experiment_runs/submissions_a100/schedule_free_adamw_v2/study_2/ogbg_pytorch/trial_1/flags_0.json.
I0318 16:03:29.821583 139732859270336 submission_runner.py:359] Starting training loop.
I0318 16:03:32.116473 139732859270336 dataset_info.py:707] Load dataset info from /data/ogbg/ogbg_molpcba/0.1.3
I0318 16:03:32.169238 139732859270336 reader.py:262] Creating a tf.data.Dataset reading 8 files located in folders: /data/ogbg/ogbg_molpcba/0.1.3.
WARNING:tensorflow:From /usr/local/lib/python3.11/site-packages/tensorflow_datasets/core/reader.py:102: CounterV2 (from tensorflow.python.data.experimental.ops.counter) is deprecated and will be removed in a future version.
Instructions for updating:
Use `tf.data.Dataset.counter(...)` instead.
W0318 16:03:32.599113 139732859270336 deprecation.py:50] From /usr/local/lib/python3.11/site-packages/tensorflow_datasets/core/reader.py:102: CounterV2 (from tensorflow.python.data.experimental.ops.counter) is deprecated and will be removed in a future version.
Instructions for updating:
Use `tf.data.Dataset.counter(...)` instead.
I0318 16:03:32.657328 139732859270336 logging_logger.py:49] Constructing tf.data.Dataset ogbg_molpcba for split train, from /data/ogbg/ogbg_molpcba/0.1.3
I0318 16:03:44.797025 139732859270336 spec.py:333] Evaluating on the training split.
I0318 16:03:44.800258 139732859270336 dataset_info.py:707] Load dataset info from /data/ogbg/ogbg_molpcba/0.1.3
I0318 16:03:44.803703 139732859270336 reader.py:262] Creating a tf.data.Dataset reading 8 files located in folders: /data/ogbg/ogbg_molpcba/0.1.3.
I0318 16:03:44.866359 139732859270336 logging_logger.py:49] Constructing tf.data.Dataset ogbg_molpcba for split train, from /data/ogbg/ogbg_molpcba/0.1.3
I0318 16:04:24.694398 139732859270336 spec.py:346] Evaluating on the validation split.
I0318 16:04:24.697042 139732859270336 dataset_info.py:707] Load dataset info from /data/ogbg/ogbg_molpcba/0.1.3
I0318 16:04:24.700480 139732859270336 reader.py:262] Creating a tf.data.Dataset reading 1 files located in folders: /data/ogbg/ogbg_molpcba/0.1.3.
I0318 16:04:24.769748 139732859270336 logging_logger.py:49] Constructing tf.data.Dataset ogbg_molpcba for split validation, from /data/ogbg/ogbg_molpcba/0.1.3
I0318 16:04:43.832187 139732859270336 spec.py:363] Evaluating on the test split.
I0318 16:04:43.834425 139732859270336 dataset_info.py:707] Load dataset info from /data/ogbg/ogbg_molpcba/0.1.3
I0318 16:04:43.837686 139732859270336 reader.py:262] Creating a tf.data.Dataset reading 1 files located in folders: /data/ogbg/ogbg_molpcba/0.1.3.
I0318 16:04:43.896991 139732859270336 logging_logger.py:49] Constructing tf.data.Dataset ogbg_molpcba for split test, from /data/ogbg/ogbg_molpcba/0.1.3
I0318 16:05:02.657746 139732859270336 submission_runner.py:516] Time since start: 92.84s, 	Step: 1, 	{'train/accuracy': 0.5186373919406406, 'train/loss': 0.7459765824544933, 'train/mean_average_precision': 0.025696070285888713, 'validation/accuracy': 0.510612491434992, 'validation/loss': 0.750992992930418, 'validation/mean_average_precision': 0.02768985482461734, 'validation/num_examples': 43793, 'test/accuracy': 0.5090411450432474, 'test/loss': 0.7518813082285875, 'test/mean_average_precision': 0.028524304151704122, 'test/num_examples': 43793, 'score': 14.544916152954102, 'total_duration': 92.83616876602173, 'accumulated_submission_time': 14.544916152954102, 'accumulated_eval_time': 77.86068320274353, 'accumulated_logging_time': 0}
I0318 16:05:02.679577 139699230004992 logging_writer.py:48] [1] accumulated_eval_time=77.8607, accumulated_logging_time=0, accumulated_submission_time=14.5449, global_step=1, preemption_count=0, score=14.5449, test/accuracy=0.509041, test/loss=0.751881, test/mean_average_precision=0.0285243, test/num_examples=43793, total_duration=92.8362, train/accuracy=0.518637, train/loss=0.745977, train/mean_average_precision=0.0256961, validation/accuracy=0.510612, validation/loss=0.750993, validation/mean_average_precision=0.0276899, validation/num_examples=43793
I0318 16:12:35.296192 139732859270336 spec.py:333] Evaluating on the training split.
I0318 16:13:01.409577 139732859270336 spec.py:346] Evaluating on the validation split.
I0318 16:13:03.394930 139732859270336 spec.py:363] Evaluating on the test split.
I0318 16:13:05.428419 139732859270336 submission_runner.py:516] Time since start: 575.61s, 	Step: 1969, 	{'train/accuracy': 0.9872744942250786, 'train/loss': 0.04595822705648647, 'train/mean_average_precision': 0.11843731360525309, 'validation/accuracy': 0.9846580816330507, 'validation/loss': 0.055352556634593215, 'validation/mean_average_precision': 0.11505067341370302, 'validation/num_examples': 43793, 'test/accuracy': 0.983667989343342, 'test/loss': 0.058528258632002485, 'test/mean_average_precision': 0.11376224902711164, 'test/num_examples': 43793, 'score': 465.7149586677551, 'total_duration': 575.6068160533905, 'accumulated_submission_time': 465.7149586677551, 'accumulated_eval_time': 107.99291062355042, 'accumulated_logging_time': 0.09291863441467285}
I0318 16:13:05.455676 139699238397696 logging_writer.py:48] [1969] accumulated_eval_time=107.993, accumulated_logging_time=0.0929186, accumulated_submission_time=465.715, global_step=1969, preemption_count=0, score=465.715, test/accuracy=0.983668, test/loss=0.0585283, test/mean_average_precision=0.113762, test/num_examples=43793, total_duration=575.607, train/accuracy=0.987274, train/loss=0.0459582, train/mean_average_precision=0.118437, validation/accuracy=0.984658, validation/loss=0.0553526, validation/mean_average_precision=0.115051, validation/num_examples=43793
I0318 16:20:37.961154 139732859270336 spec.py:333] Evaluating on the training split.
I0318 16:21:04.641457 139732859270336 spec.py:346] Evaluating on the validation split.
I0318 16:21:06.654356 139732859270336 spec.py:363] Evaluating on the test split.
I0318 16:21:08.717050 139732859270336 submission_runner.py:516] Time since start: 1058.90s, 	Step: 3942, 	{'train/accuracy': 0.9880102671865465, 'train/loss': 0.041733276635065986, 'train/mean_average_precision': 0.18237466668083047, 'validation/accuracy': 0.9852925417046883, 'validation/loss': 0.05111129202942791, 'validation/mean_average_precision': 0.16587584879774173, 'validation/num_examples': 43793, 'test/accuracy': 0.9843266604281025, 'test/loss': 0.05386650376419575, 'test/mean_average_precision': 0.1671364747687214, 'test/num_examples': 43793, 'score': 916.8504414558411, 'total_duration': 1058.895479440689, 'accumulated_submission_time': 916.8504414558411, 'accumulated_eval_time': 138.7487804889679, 'accumulated_logging_time': 0.13091754913330078}
I0318 16:21:08.742331 139699230004992 logging_writer.py:48] [3942] accumulated_eval_time=138.749, accumulated_logging_time=0.130918, accumulated_submission_time=916.85, global_step=3942, preemption_count=0, score=916.85, test/accuracy=0.984327, test/loss=0.0538665, test/mean_average_precision=0.167136, test/num_examples=43793, total_duration=1058.9, train/accuracy=0.98801, train/loss=0.0417333, train/mean_average_precision=0.182375, validation/accuracy=0.985293, validation/loss=0.0511113, validation/mean_average_precision=0.165876, validation/num_examples=43793
I0318 16:28:41.339280 139732859270336 spec.py:333] Evaluating on the training split.
I0318 16:29:07.966408 139732859270336 spec.py:346] Evaluating on the validation split.
I0318 16:29:09.948659 139732859270336 spec.py:363] Evaluating on the test split.
I0318 16:29:11.977711 139732859270336 submission_runner.py:516] Time since start: 1542.16s, 	Step: 5904, 	{'train/accuracy': 0.9887124129395453, 'train/loss': 0.03880544597181854, 'train/mean_average_precision': 0.23333194524390544, 'validation/accuracy': 0.9857419001815294, 'validation/loss': 0.04876035145657906, 'validation/mean_average_precision': 0.19470335711398798, 'validation/num_examples': 43793, 'test/accuracy': 0.9847983430463454, 'test/loss': 0.05137935514142477, 'test/mean_average_precision': 0.19473918376302987, 'test/num_examples': 43793, 'score': 1368.0843949317932, 'total_duration': 1542.15611577034, 'accumulated_submission_time': 1368.0843949317932, 'accumulated_eval_time': 169.38725090026855, 'accumulated_logging_time': 0.1669785976409912}
I0318 16:29:12.010854 139699238397696 logging_writer.py:48] [5904] accumulated_eval_time=169.387, accumulated_logging_time=0.166979, accumulated_submission_time=1368.08, global_step=5904, preemption_count=0, score=1368.08, test/accuracy=0.984798, test/loss=0.0513794, test/mean_average_precision=0.194739, test/num_examples=43793, total_duration=1542.16, train/accuracy=0.988712, train/loss=0.0388054, train/mean_average_precision=0.233332, validation/accuracy=0.985742, validation/loss=0.0487604, validation/mean_average_precision=0.194703, validation/num_examples=43793
I0318 16:36:44.396623 139732859270336 spec.py:333] Evaluating on the training split.
I0318 16:37:09.450999 139732859270336 spec.py:346] Evaluating on the validation split.
I0318 16:37:11.434042 139732859270336 spec.py:363] Evaluating on the test split.
I0318 16:37:13.474304 139732859270336 submission_runner.py:516] Time since start: 2023.65s, 	Step: 7919, 	{'train/accuracy': 0.9893179065055722, 'train/loss': 0.036453251310946656, 'train/mean_average_precision': 0.29120245531401556, 'validation/accuracy': 0.9861673091099211, 'validation/loss': 0.04705431082738789, 'validation/mean_average_precision': 0.21819008864158854, 'validation/num_examples': 43793, 'test/accuracy': 0.9852026424334106, 'test/loss': 0.04961771466191727, 'test/mean_average_precision': 0.2216305555570012, 'test/num_examples': 43793, 'score': 1819.1036567687988, 'total_duration': 2023.6527287960052, 'accumulated_submission_time': 1819.1036567687988, 'accumulated_eval_time': 198.46486473083496, 'accumulated_logging_time': 0.21084356307983398}
I0318 16:37:13.499801 139699230004992 logging_writer.py:48] [7919] accumulated_eval_time=198.465, accumulated_logging_time=0.210844, accumulated_submission_time=1819.1, global_step=7919, preemption_count=0, score=1819.1, test/accuracy=0.985203, test/loss=0.0496177, test/mean_average_precision=0.221631, test/num_examples=43793, total_duration=2023.65, train/accuracy=0.989318, train/loss=0.0364533, train/mean_average_precision=0.291202, validation/accuracy=0.986167, validation/loss=0.0470543, validation/mean_average_precision=0.21819, validation/num_examples=43793
I0318 16:44:46.069257 139732859270336 spec.py:333] Evaluating on the training split.
I0318 16:45:11.329690 139732859270336 spec.py:346] Evaluating on the validation split.
I0318 16:45:13.335067 139732859270336 spec.py:363] Evaluating on the test split.
I0318 16:45:15.388597 139732859270336 submission_runner.py:516] Time since start: 2505.57s, 	Step: 9986, 	{'train/accuracy': 0.9898487148318669, 'train/loss': 0.034419656423793715, 'train/mean_average_precision': 0.33141361645418344, 'validation/accuracy': 0.9864672873523652, 'validation/loss': 0.04585931652149452, 'validation/mean_average_precision': 0.23584205703415112, 'validation/num_examples': 43793, 'test/accuracy': 0.9855227127815039, 'test/loss': 0.04840725124637921, 'test/mean_average_precision': 0.2375253046342301, 'test/num_examples': 43793, 'score': 2270.3011462688446, 'total_duration': 2505.5669996738434, 'accumulated_submission_time': 2270.3011462688446, 'accumulated_eval_time': 227.78418707847595, 'accumulated_logging_time': 0.24621343612670898}
I0318 16:45:15.413705 139699238397696 logging_writer.py:48] [9986] accumulated_eval_time=227.784, accumulated_logging_time=0.246213, accumulated_submission_time=2270.3, global_step=9986, preemption_count=0, score=2270.3, test/accuracy=0.985523, test/loss=0.0484073, test/mean_average_precision=0.237525, test/num_examples=43793, total_duration=2505.57, train/accuracy=0.989849, train/loss=0.0344197, train/mean_average_precision=0.331414, validation/accuracy=0.986467, validation/loss=0.0458593, validation/mean_average_precision=0.235842, validation/num_examples=43793
I0318 16:52:48.005896 139732859270336 spec.py:333] Evaluating on the training split.
I0318 16:53:13.205123 139732859270336 spec.py:346] Evaluating on the validation split.
I0318 16:53:15.188675 139732859270336 spec.py:363] Evaluating on the test split.
I0318 16:53:17.248682 139732859270336 submission_runner.py:516] Time since start: 2987.43s, 	Step: 12060, 	{'train/accuracy': 0.9902592669351719, 'train/loss': 0.032587844936686414, 'train/mean_average_precision': 0.36562305929288585, 'validation/accuracy': 0.9866917636285109, 'validation/loss': 0.04509085377907637, 'validation/mean_average_precision': 0.24912282581978099, 'validation/num_examples': 43793, 'test/accuracy': 0.9857821382215375, 'test/loss': 0.04768985014811677, 'test/mean_average_precision': 0.2465165434668876, 'test/num_examples': 43793, 'score': 2721.516725063324, 'total_duration': 2987.427041053772, 'accumulated_submission_time': 2721.516725063324, 'accumulated_eval_time': 257.0268745422363, 'accumulated_logging_time': 0.28151702880859375}
I0318 16:53:17.274861 139699230004992 logging_writer.py:48] [12060] accumulated_eval_time=257.027, accumulated_logging_time=0.281517, accumulated_submission_time=2721.52, global_step=12060, preemption_count=0, score=2721.52, test/accuracy=0.985782, test/loss=0.0476899, test/mean_average_precision=0.246517, test/num_examples=43793, total_duration=2987.43, train/accuracy=0.990259, train/loss=0.0325878, train/mean_average_precision=0.365623, validation/accuracy=0.986692, validation/loss=0.0450909, validation/mean_average_precision=0.249123, validation/num_examples=43793
I0318 17:00:49.808805 139732859270336 spec.py:333] Evaluating on the training split.
I0318 17:01:14.610799 139732859270336 spec.py:346] Evaluating on the validation split.
I0318 17:01:16.577596 139732859270336 spec.py:363] Evaluating on the test split.
I0318 17:01:18.558539 139732859270336 submission_runner.py:516] Time since start: 3468.74s, 	Step: 14125, 	{'train/accuracy': 0.9907759107673181, 'train/loss': 0.03113825412742896, 'train/mean_average_precision': 0.4016228535398244, 'validation/accuracy': 0.9868249068809082, 'validation/loss': 0.04456320260465547, 'validation/mean_average_precision': 0.2604071254847803, 'validation/num_examples': 43793, 'test/accuracy': 0.9859615460745478, 'test/loss': 0.047281816387643935, 'test/mean_average_precision': 0.2513638855811673, 'test/num_examples': 43793, 'score': 3172.6760025024414, 'total_duration': 3468.736959218979, 'accumulated_submission_time': 3172.6760025024414, 'accumulated_eval_time': 285.77657437324524, 'accumulated_logging_time': 0.31778383255004883}
I0318 17:01:18.583962 139699238397696 logging_writer.py:48] [14125] accumulated_eval_time=285.777, accumulated_logging_time=0.317784, accumulated_submission_time=3172.68, global_step=14125, preemption_count=0, score=3172.68, test/accuracy=0.985962, test/loss=0.0472818, test/mean_average_precision=0.251364, test/num_examples=43793, total_duration=3468.74, train/accuracy=0.990776, train/loss=0.0311383, train/mean_average_precision=0.401623, validation/accuracy=0.986825, validation/loss=0.0445632, validation/mean_average_precision=0.260407, validation/num_examples=43793
I0318 17:08:51.073595 139732859270336 spec.py:333] Evaluating on the training split.
I0318 17:09:16.087137 139732859270336 spec.py:346] Evaluating on the validation split.
I0318 17:09:18.041102 139732859270336 spec.py:363] Evaluating on the test split.
I0318 17:09:20.041119 139732859270336 submission_runner.py:516] Time since start: 3950.22s, 	Step: 16194, 	{'train/accuracy': 0.9912257965629081, 'train/loss': 0.029607741464502606, 'train/mean_average_precision': 0.4373974764261788, 'validation/accuracy': 0.9868797066951571, 'validation/loss': 0.04452286385250001, 'validation/mean_average_precision': 0.26532549951110707, 'validation/num_examples': 43793, 'test/accuracy': 0.9859859724958496, 'test/loss': 0.04722493875496004, 'test/mean_average_precision': 0.2560252528771765, 'test/num_examples': 43793, 'score': 3623.7950456142426, 'total_duration': 3950.219547510147, 'accumulated_submission_time': 3623.7950456142426, 'accumulated_eval_time': 314.74406599998474, 'accumulated_logging_time': 0.3534228801727295}
I0318 17:09:20.067666 139699230004992 logging_writer.py:48] [16194] accumulated_eval_time=314.744, accumulated_logging_time=0.353423, accumulated_submission_time=3623.8, global_step=16194, preemption_count=0, score=3623.8, test/accuracy=0.985986, test/loss=0.0472249, test/mean_average_precision=0.256025, test/num_examples=43793, total_duration=3950.22, train/accuracy=0.991226, train/loss=0.0296077, train/mean_average_precision=0.437397, validation/accuracy=0.98688, validation/loss=0.0445229, validation/mean_average_precision=0.265325, validation/num_examples=43793
I0318 17:16:52.663931 139732859270336 spec.py:333] Evaluating on the training split.
I0318 17:17:17.943533 139732859270336 spec.py:346] Evaluating on the validation split.
I0318 17:17:19.933047 139732859270336 spec.py:363] Evaluating on the test split.
I0318 17:17:21.958840 139732859270336 submission_runner.py:516] Time since start: 4432.14s, 	Step: 18256, 	{'train/accuracy': 0.9913419308299477, 'train/loss': 0.028983346501137555, 'train/mean_average_precision': 0.45210069222161986, 'validation/accuracy': 0.9868707763550574, 'validation/loss': 0.04481049945159593, 'validation/mean_average_precision': 0.26859243943652433, 'validation/num_examples': 43793, 'test/accuracy': 0.9860226121278024, 'test/loss': 0.0474621915585236, 'test/mean_average_precision': 0.25893095463897803, 'test/num_examples': 43793, 'score': 4075.018378019333, 'total_duration': 4432.137249946594, 'accumulated_submission_time': 4075.018378019333, 'accumulated_eval_time': 344.03895688056946, 'accumulated_logging_time': 0.3901066780090332}
I0318 17:17:21.983285 139699238397696 logging_writer.py:48] [18256] accumulated_eval_time=344.039, accumulated_logging_time=0.390107, accumulated_submission_time=4075.02, global_step=18256, preemption_count=0, score=4075.02, test/accuracy=0.986023, test/loss=0.0474622, test/mean_average_precision=0.258931, test/num_examples=43793, total_duration=4432.14, train/accuracy=0.991342, train/loss=0.0289833, train/mean_average_precision=0.452101, validation/accuracy=0.986871, validation/loss=0.0448105, validation/mean_average_precision=0.268592, validation/num_examples=43793
I0318 17:24:54.473625 139732859270336 spec.py:333] Evaluating on the training split.
I0318 17:25:19.758501 139732859270336 spec.py:346] Evaluating on the validation split.
I0318 17:25:21.749121 139732859270336 spec.py:363] Evaluating on the test split.
I0318 17:25:23.748852 139732859270336 submission_runner.py:516] Time since start: 4913.93s, 	Step: 20321, 	{'train/accuracy': 0.991063998064063, 'train/loss': 0.028941348387997976, 'train/mean_average_precision': 0.4652232332707893, 'validation/accuracy': 0.9867729485385093, 'validation/loss': 0.04564175047655542, 'validation/mean_average_precision': 0.26940498930154927, 'validation/num_examples': 43793, 'test/accuracy': 0.9859181681194772, 'test/loss': 0.04841413104796086, 'test/mean_average_precision': 0.2616242332542293, 'test/num_examples': 43793, 'score': 4526.139356851578, 'total_duration': 4913.927235364914, 'accumulated_submission_time': 4526.139356851578, 'accumulated_eval_time': 373.31410455703735, 'accumulated_logging_time': 0.424724817276001}
I0318 17:25:23.774697 139699230004992 logging_writer.py:48] [20321] accumulated_eval_time=373.314, accumulated_logging_time=0.424725, accumulated_submission_time=4526.14, global_step=20321, preemption_count=0, score=4526.14, test/accuracy=0.985918, test/loss=0.0484141, test/mean_average_precision=0.261624, test/num_examples=43793, total_duration=4913.93, train/accuracy=0.991064, train/loss=0.0289413, train/mean_average_precision=0.465223, validation/accuracy=0.986773, validation/loss=0.0456418, validation/mean_average_precision=0.269405, validation/num_examples=43793
I0318 17:32:56.256869 139732859270336 spec.py:333] Evaluating on the training split.
I0318 17:33:21.546812 139732859270336 spec.py:346] Evaluating on the validation split.
I0318 17:33:23.536170 139732859270336 spec.py:363] Evaluating on the test split.
I0318 17:33:25.596263 139732859270336 submission_runner.py:516] Time since start: 5395.77s, 	Step: 22381, 	{'train/accuracy': 0.9912721578765991, 'train/loss': 0.028426477214734715, 'train/mean_average_precision': 0.4742048577192125, 'validation/accuracy': 0.986783502576809, 'validation/loss': 0.045433850509963014, 'validation/mean_average_precision': 0.27644811995918295, 'validation/num_examples': 43793, 'test/accuracy': 0.9859404888148048, 'test/loss': 0.04819479665635984, 'test/mean_average_precision': 0.2628971090716096, 'test/num_examples': 43793, 'score': 4977.280465126038, 'total_duration': 5395.774664402008, 'accumulated_submission_time': 4977.280465126038, 'accumulated_eval_time': 402.6533958911896, 'accumulated_logging_time': 0.46088600158691406}
I0318 17:33:25.623006 139699238397696 logging_writer.py:48] [22381] accumulated_eval_time=402.653, accumulated_logging_time=0.460886, accumulated_submission_time=4977.28, global_step=22381, preemption_count=0, score=4977.28, test/accuracy=0.98594, test/loss=0.0481948, test/mean_average_precision=0.262897, test/num_examples=43793, total_duration=5395.77, train/accuracy=0.991272, train/loss=0.0284265, train/mean_average_precision=0.474205, validation/accuracy=0.986784, validation/loss=0.0454339, validation/mean_average_precision=0.276448, validation/num_examples=43793
I0318 17:40:58.128710 139732859270336 spec.py:333] Evaluating on the training split.
I0318 17:41:23.264510 139732859270336 spec.py:346] Evaluating on the validation split.
I0318 17:41:25.244816 139732859270336 spec.py:363] Evaluating on the test split.
I0318 17:41:27.205941 139732859270336 submission_runner.py:516] Time since start: 5877.38s, 	Step: 24439, 	{'train/accuracy': 0.9911269070420804, 'train/loss': 0.028599759906687797, 'train/mean_average_precision': 0.46405756823365396, 'validation/accuracy': 0.9867733544630592, 'validation/loss': 0.0454849557765499, 'validation/mean_average_precision': 0.27714454238051284, 'validation/num_examples': 43793, 'test/accuracy': 0.9858971108597342, 'test/loss': 0.04836194194576661, 'test/mean_average_precision': 0.264907826229203, 'test/num_examples': 43793, 'score': 5428.464891433716, 'total_duration': 5877.384332895279, 'accumulated_submission_time': 5428.464891433716, 'accumulated_eval_time': 431.7306168079376, 'accumulated_logging_time': 0.49784088134765625}
I0318 17:41:27.232588 139699230004992 logging_writer.py:48] [24439] accumulated_eval_time=431.731, accumulated_logging_time=0.497841, accumulated_submission_time=5428.46, global_step=24439, preemption_count=0, score=5428.46, test/accuracy=0.985897, test/loss=0.0483619, test/mean_average_precision=0.264908, test/num_examples=43793, total_duration=5877.38, train/accuracy=0.991127, train/loss=0.0285998, train/mean_average_precision=0.464058, validation/accuracy=0.986773, validation/loss=0.045485, validation/mean_average_precision=0.277145, validation/num_examples=43793
I0318 17:48:59.818783 139732859270336 spec.py:333] Evaluating on the training split.
I0318 17:49:24.982652 139732859270336 spec.py:346] Evaluating on the validation split.
I0318 17:49:26.954708 139732859270336 spec.py:363] Evaluating on the test split.
I0318 17:49:29.003848 139732859270336 submission_runner.py:516] Time since start: 6359.18s, 	Step: 26505, 	{'train/accuracy': 0.9912198590709507, 'train/loss': 0.028601791366640497, 'train/mean_average_precision': 0.46644561213090924, 'validation/accuracy': 0.9867692952175593, 'validation/loss': 0.04542723837959791, 'validation/mean_average_precision': 0.2792934239913971, 'validation/num_examples': 43793, 'test/accuracy': 0.9858815284875244, 'test/loss': 0.0483828774682267, 'test/mean_average_precision': 0.2683899574870054, 'test/num_examples': 43793, 'score': 5879.733811378479, 'total_duration': 6359.182276725769, 'accumulated_submission_time': 5879.733811378479, 'accumulated_eval_time': 460.91563963890076, 'accumulated_logging_time': 0.5345504283905029}
I0318 17:49:29.029818 139699238397696 logging_writer.py:48] [26505] accumulated_eval_time=460.916, accumulated_logging_time=0.53455, accumulated_submission_time=5879.73, global_step=26505, preemption_count=0, score=5879.73, test/accuracy=0.985882, test/loss=0.0483829, test/mean_average_precision=0.26839, test/num_examples=43793, total_duration=6359.18, train/accuracy=0.99122, train/loss=0.0286018, train/mean_average_precision=0.466446, validation/accuracy=0.986769, validation/loss=0.0454272, validation/mean_average_precision=0.279293, validation/num_examples=43793
I0318 17:57:01.527591 139732859270336 spec.py:333] Evaluating on the training split.
I0318 17:57:26.876971 139732859270336 spec.py:346] Evaluating on the validation split.
I0318 17:57:28.838158 139732859270336 spec.py:363] Evaluating on the test split.
I0318 17:57:30.784445 139732859270336 submission_runner.py:516] Time since start: 6840.96s, 	Step: 28582, 	{'train/accuracy': 0.9917832734818155, 'train/loss': 0.027291538176793143, 'train/mean_average_precision': 0.49785380338488305, 'validation/accuracy': 0.9870449179870039, 'validation/loss': 0.04413982012772822, 'validation/mean_average_precision': 0.28440029474098355, 'validation/num_examples': 43793, 'test/accuracy': 0.9861670649296392, 'test/loss': 0.046958330815236024, 'test/mean_average_precision': 0.2750146199878213, 'test/num_examples': 43793, 'score': 6330.916296482086, 'total_duration': 6840.962894439697, 'accumulated_submission_time': 6330.916296482086, 'accumulated_eval_time': 490.1724705696106, 'accumulated_logging_time': 0.5707993507385254}
I0318 17:57:30.809660 139699230004992 logging_writer.py:48] [28582] accumulated_eval_time=490.172, accumulated_logging_time=0.570799, accumulated_submission_time=6330.92, global_step=28582, preemption_count=0, score=6330.92, test/accuracy=0.986167, test/loss=0.0469583, test/mean_average_precision=0.275015, test/num_examples=43793, total_duration=6840.96, train/accuracy=0.991783, train/loss=0.0272915, train/mean_average_precision=0.497854, validation/accuracy=0.987045, validation/loss=0.0441398, validation/mean_average_precision=0.2844, validation/num_examples=43793
I0318 17:57:31.247528 139699238397696 logging_writer.py:48] [28582] global_step=28582, preemption_count=0, score=6330.92
I0318 17:57:31.381996 139732859270336 submission_runner.py:857] Final ogbg score: 6330.916296482086
