python submission_runner.py --framework=jax --workload=librispeech_conformer --submission_path=submissions_algorithms/submissions/self_tuning/single_worker_dilocov2/submission.py --data_dir=/data/librispeech --experiment_dir=/experiment_runs --experiment_name=submissions_a100/single_worker_dilocov2/study_1 --overwrite=True --save_checkpoints=False --rng_seed=-191542681 --librispeech_tokenizer_vocab_path=/data/librispeech/spm_model.vocab --tuning_ruleset=self 2>&1 | tee -a /logs/librispeech_conformer_jax_06-15-2026-18-57-26.log
2026-06-15 18:57:27.437879: E external/local_xla/xla/stream_executor/cuda/cuda_fft.cc:467] Unable to register cuFFT factory: Attempting to register factory for plugin cuFFT when one has already been registered
WARNING: All log messages before absl::InitializeLog() is called are written to STDERR
E0000 00:00:1781549847.461180       9 cuda_dnn.cc:8579] Unable to register cuDNN factory: Attempting to register factory for plugin cuDNN when one has already been registered
E0000 00:00:1781549847.468896       9 cuda_blas.cc:1407] Unable to register cuBLAS factory: Attempting to register factory for plugin cuBLAS when one has already been registered
W0000 00:00:1781549847.487949       9 computation_placer.cc:177] computation placer already registered. Please check linkage and avoid linking the same target more than once.
W0000 00:00:1781549847.487977       9 computation_placer.cc:177] computation placer already registered. Please check linkage and avoid linking the same target more than once.
W0000 00:00:1781549847.487979       9 computation_placer.cc:177] computation placer already registered. Please check linkage and avoid linking the same target more than once.
W0000 00:00:1781549847.487981       9 computation_placer.cc:177] computation placer already registered. Please check linkage and avoid linking the same target more than once.
/usr/local/lib/python3.11/site-packages/torch/__init__.py:1617: UserWarning: Please use the new API settings to control TF32 behavior, such as torch.backends.cudnn.conv.fp32_precision = 'tf32' or torch.backends.cuda.matmul.fp32_precision = 'ieee'. Old settings, e.g, torch.backends.cuda.matmul.allow_tf32 = True, torch.backends.cudnn.allow_tf32 = True, allowTF32CuDNN() and allowTF32CuBLAS() will be deprecated after Pytorch 2.9. Please see https://pytorch.org/docs/main/notes/cuda.html#tensorfloat-32-tf32-on-ampere-and-later-devices (Triggered internally at /pytorch/aten/src/ATen/Context.cpp:80.)
  _C._set_float32_matmul_precision(precision)
/usr/local/lib/python3.11/site-packages/pydantic/_internal/_generate_schema.py:2249: UnsupportedFieldAttributeWarning: The 'repr' attribute with value False was provided to the `Field()` function, which has no effect in the context it was used. 'repr' is field-specific metadata, and can only be attached to a model field using `Annotated` metadata or by assignment. This may have happened because an `Annotated` type alias using the `type` statement was used, or if the `Field()` function was attached to a single member of a union type.
  warnings.warn(
/usr/local/lib/python3.11/site-packages/pydantic/_internal/_generate_schema.py:2249: UnsupportedFieldAttributeWarning: The 'frozen' attribute with value True was provided to the `Field()` function, which has no effect in the context it was used. 'frozen' is field-specific metadata, and can only be attached to a model field using `Annotated` metadata or by assignment. This may have happened because an `Annotated` type alias using the `type` statement was used, or if the `Field()` function was attached to a single member of a union type.
  warnings.warn(
INFO:2026-06-15 18:57:36,078:jax._src.xla_bridge:830: Unable to initialize backend 'tpu': INTERNAL: Failed to open libtpu.so: libtpu.so: cannot open shared object file: No such file or directory
I0615 18:57:36.078673 140243058078912 xla_bridge.py:830] Unable to initialize backend 'tpu': INTERNAL: Failed to open libtpu.so: libtpu.so: cannot open shared object file: No such file or directory
I0615 18:57:36.743118 140243058078912 logger_utils.py:84] Creating experiment directory at /experiment_runs/submissions_a100/single_worker_dilocov2/study_1/librispeech_conformer_jax.
I0615 18:57:37.127236 140243058078912 submission_runner.py:741] Creating directory at /experiment_runs/submissions_a100/single_worker_dilocov2/study_1/librispeech_conformer_jax/trial_1.
I0615 18:57:37.397753 140243058078912 submission_runner.py:242] Initializing dataset.
I0615 18:57:37.397971 140243058078912 submission_runner.py:251] Initializing model.
I0615 18:58:00.529589 140243058078912 submission_runner.py:294] Initializing optimizer.
I0615 18:58:01.527936 140243058078912 submission_runner.py:299] Initializing metrics bundle.
I0615 18:58:01.528219 140243058078912 submission_runner.py:321] Initializing checkpoint and logger.
I0615 18:58:01.530455 140243058078912 checkpoints.py:1098] Found no checkpoint files in /experiment_runs/submissions_a100/single_worker_dilocov2/study_1/librispeech_conformer_jax/trial_1 with prefix checkpoint_
I0615 18:58:01.530616 140243058078912 submission_runner.py:344] Saving meta data to /experiment_runs/submissions_a100/single_worker_dilocov2/study_1/librispeech_conformer_jax/trial_1/meta_data_0.json.
I0615 18:58:01.530797 140243058078912 logger_utils.py:283] Unable to record workload.train_mean information. Continuing without it.
I0615 18:58:01.530854 140243058078912 logger_utils.py:283] Unable to record workload.train_stddev information. Continuing without it.
I0615 18:58:01.695796 140243058078912 submission_runner.py:348] Saving flags to /experiment_runs/submissions_a100/single_worker_dilocov2/study_1/librispeech_conformer_jax/trial_1/flags_0.json.
I0615 18:58:01.709981 140243058078912 submission_runner.py:359] Starting training loop.
I0615 18:58:01.898912 140243058078912 input_pipeline.py:19] Loading split = train-clean-100
I0615 18:58:01.924316 140243058078912 input_pipeline.py:19] Loading split = train-clean-360
I0615 18:58:02.014551 140243058078912 input_pipeline.py:19] Loading split = train-other-500
/usr/local/lib/python3.11/multiprocessing/popen_fork.py:66: RuntimeWarning: os.fork() was called. os.fork() is incompatible with multithreaded code, and JAX is multithreaded, so this will likely lead to a deadlock.
  self.pid = os.fork()
/usr/local/lib/python3.11/site-packages/jax/_src/interpreters/mlir.py:1268: UserWarning: Some donated buffers were not usable: float32[512], float32[512], float32[512], float32[512], float32[512], float32[512], float32[512], float32[512].
See an explanation at https://docs.jax.dev/en/latest/faq.html#buffer-donation.
  warnings.warn("Some donated buffers were not usable:"
2026-06-15 18:58:35.776054: E external/xla/xla/stream_executor/cuda/cuda_timer.cc:86] Delay kernel timed out: measured time has sub-optimal accuracy. There may be a missing warmup execution, please investigate in Nsight Systems.
2026-06-15 18:58:35.936093: E external/xla/xla/stream_executor/cuda/cuda_timer.cc:86] Delay kernel timed out: measured time has sub-optimal accuracy. There may be a missing warmup execution, please investigate in Nsight Systems.
2026-06-15 18:58:44.580214: E external/xla/xla/service/slow_operation_alarm.cc:73] Trying algorithm eng0{} for conv (f32[64,512,999,41]{3,2,1,0}, u8[0]{0}) custom-call(f32[64,512,500,20]{3,2,1,0}, f32[512,512,3,3]{3,2,1,0}), window={size=3x3 stride=2x2 pad=1_1x0_0}, dim_labels=bf01_oi01->bf01, custom_call_target="__cudnn$convBackwardInput", backend_config={"operation_queue_id":"0","wait_on_operation_queues":[],"cudnn_conv_backend_config":{"activation_mode":"kNone","conv_result_scale":1,"side_input_scale":0,"leakyrelu_alpha":0},"force_earliest_schedule":false,"reification_cost":[]} is taking a while...
2026-06-15 18:59:20.093685: E external/xla/xla/service/slow_operation_alarm.cc:140] The operation took 36.513562556s
Trying algorithm eng0{} for conv (f32[64,512,999,41]{3,2,1,0}, u8[0]{0}) custom-call(f32[64,512,500,20]{3,2,1,0}, f32[512,512,3,3]{3,2,1,0}), window={size=3x3 stride=2x2 pad=1_1x0_0}, dim_labels=bf01_oi01->bf01, custom_call_target="__cudnn$convBackwardInput", backend_config={"operation_queue_id":"0","wait_on_operation_queues":[],"cudnn_conv_backend_config":{"activation_mode":"kNone","conv_result_scale":1,"side_input_scale":0,"leakyrelu_alpha":0},"force_earliest_schedule":false,"reification_cost":[]} is taking a while...
2026-06-15 18:59:30.268054: E external/xla/xla/service/slow_operation_alarm.cc:73] Trying algorithm eng0{} for conv (f32[512,512,3,3]{3,2,1,0}, u8[0]{0}) custom-call(f32[64,512,999,41]{3,2,1,0}, f32[64,512,500,20]{3,2,1,0}), window={size=3x3 stride=2x2 pad=1_1x0_0}, dim_labels=bf01_oi01->bf01, custom_call_target="__cudnn$convBackwardFilter", backend_config={"operation_queue_id":"0","wait_on_operation_queues":[],"cudnn_conv_backend_config":{"activation_mode":"kNone","conv_result_scale":1,"side_input_scale":0,"leakyrelu_alpha":0},"force_earliest_schedule":false,"reification_cost":[]} is taking a while...
2026-06-15 18:59:45.912379: E external/xla/xla/service/slow_operation_alarm.cc:140] The operation took 16.64444066s
Trying algorithm eng0{} for conv (f32[512,512,3,3]{3,2,1,0}, u8[0]{0}) custom-call(f32[64,512,999,41]{3,2,1,0}, f32[64,512,500,20]{3,2,1,0}), window={size=3x3 stride=2x2 pad=1_1x0_0}, dim_labels=bf01_oi01->bf01, custom_call_target="__cudnn$convBackwardFilter", backend_config={"operation_queue_id":"0","wait_on_operation_queues":[],"cudnn_conv_backend_config":{"activation_mode":"kNone","conv_result_scale":1,"side_input_scale":0,"leakyrelu_alpha":0},"force_earliest_schedule":false,"reification_cost":[]} is taking a while...
I0615 19:01:02.321674 140243058078912 spec.py:333] Evaluating on the training split.
I0615 19:01:02.322028 140243058078912 input_pipeline.py:19] Loading split = train-clean-100
I0615 19:01:02.349888 140243058078912 input_pipeline.py:19] Loading split = train-clean-360
I0615 19:01:02.749580 140243058078912 input_pipeline.py:19] Loading split = train-other-500
/usr/local/lib/python3.11/site-packages/jax/_src/ops/scatter.py:110: FutureWarning: scatter inputs have incompatible types: cannot safely cast value from dtype=float32 to dtype=int32 with jax_numpy_dtype_promotion='standard'. In future JAX releases this will result in an error.
  warnings.warn(
2026-06-15 19:01:16.451248: E external/xla/xla/service/slow_operation_alarm.cc:73] Constant folding an instruction is taking > 1s:

  %reduce-window.10 = f32[256,500]{1,0} reduce-window(%broadcast.219, %constant.69), window={size=1x500 pad=0_0x499_0}, to_apply=%region_53.2129.clone, metadata={op_name="jit(_eval_step)/jit(cumsum)/LibriSpeechConformerWorkload.sequence_mask/reduce_window_sum" source_file="/algorithmic-efficiency/algoperf/workloads/librispeech_conformer/librispeech_jax/workload.py" source_line=251}

This isn't necessarily a bug; constant-folding is inherently a trade-off between compilation time and speed at runtime. XLA has some guards that attempt to keep constant folding from taking too long, but fundamentally you'll always be able to come up with an input program that takes a long time.

If you'd like to file a bug, run with envvar XLA_FLAGS=--xla_dump_to=/tmp/foo and attach the results.
2026-06-15 19:01:22.982606: E external/xla/xla/service/slow_operation_alarm.cc:140] The operation took 7.531625275s
Constant folding an instruction is taking > 1s:

  %reduce-window.10 = f32[256,500]{1,0} reduce-window(%broadcast.219, %constant.69), window={size=1x500 pad=0_0x499_0}, to_apply=%region_53.2129.clone, metadata={op_name="jit(_eval_step)/jit(cumsum)/LibriSpeechConformerWorkload.sequence_mask/reduce_window_sum" source_file="/algorithmic-efficiency/algoperf/workloads/librispeech_conformer/librispeech_jax/workload.py" source_line=251}

This isn't necessarily a bug; constant-folding is inherently a trade-off between compilation time and speed at runtime. XLA has some guards that attempt to keep constant folding from taking too long, but fundamentally you'll always be able to come up with an input program that takes a long time.

If you'd like to file a bug, run with envvar XLA_FLAGS=--xla_dump_to=/tmp/foo and attach the results.
2026-06-15 19:01:24.982733: E external/xla/xla/service/slow_operation_alarm.cc:73] Constant folding an instruction is taking > 2s:

  %reduce-window.11 = f32[256,500]{1,0} reduce-window(%broadcast.219, %constant.72), window={size=1x500 pad=0_0x499_0}, to_apply=%region_53.2129, metadata={op_name="jit(_eval_step)/jit(cumsum)/LibriSpeechConformerWorkload.sequence_mask/reduce_window_sum" source_file="/algorithmic-efficiency/algoperf/workloads/librispeech_conformer/librispeech_jax/workload.py" source_line=251}

This isn't necessarily a bug; constant-folding is inherently a trade-off between compilation time and speed at runtime. XLA has some guards that attempt to keep constant folding from taking too long, but fundamentally you'll always be able to come up with an input program that takes a long time.

If you'd like to file a bug, run with envvar XLA_FLAGS=--xla_dump_to=/tmp/foo and attach the results.
2026-06-15 19:01:30.417124: E external/xla/xla/service/slow_operation_alarm.cc:140] The operation took 7.434469598s
Constant folding an instruction is taking > 2s:

  %reduce-window.11 = f32[256,500]{1,0} reduce-window(%broadcast.219, %constant.72), window={size=1x500 pad=0_0x499_0}, to_apply=%region_53.2129, metadata={op_name="jit(_eval_step)/jit(cumsum)/LibriSpeechConformerWorkload.sequence_mask/reduce_window_sum" source_file="/algorithmic-efficiency/algoperf/workloads/librispeech_conformer/librispeech_jax/workload.py" source_line=251}

This isn't necessarily a bug; constant-folding is inherently a trade-off between compilation time and speed at runtime. XLA has some guards that attempt to keep constant folding from taking too long, but fundamentally you'll always be able to come up with an input program that takes a long time.

If you'd like to file a bug, run with envvar XLA_FLAGS=--xla_dump_to=/tmp/foo and attach the results.
I0615 19:02:46.482310 140243058078912 spec.py:346] Evaluating on the validation split.
I0615 19:02:46.482764 140243058078912 input_pipeline.py:19] Loading split = dev-clean
I0615 19:02:46.536000 140243058078912 input_pipeline.py:19] Loading split = dev-other
2026-06-15 19:03:32.443720: E external/xla/xla/service/slow_operation_alarm.cc:73] Constant folding an instruction is taking > 4s:

  %reduce-window.10 = f32[228,500]{1,0} reduce-window(%broadcast.216, %constant.69), window={size=1x500 pad=0_0x499_0}, to_apply=%region_53.2126.clone, metadata={op_name="jit(_eval_step)/jit(cumsum)/LibriSpeechConformerWorkload.sequence_mask/reduce_window_sum" source_file="/algorithmic-efficiency/algoperf/workloads/librispeech_conformer/librispeech_jax/workload.py" source_line=251}

This isn't necessarily a bug; constant-folding is inherently a trade-off between compilation time and speed at runtime. XLA has some guards that attempt to keep constant folding from taking too long, but fundamentally you'll always be able to come up with an input program that takes a long time.

If you'd like to file a bug, run with envvar XLA_FLAGS=--xla_dump_to=/tmp/foo and attach the results.
2026-06-15 19:03:34.579160: E external/xla/xla/service/slow_operation_alarm.cc:140] The operation took 6.135662504s
Constant folding an instruction is taking > 4s:

  %reduce-window.10 = f32[228,500]{1,0} reduce-window(%broadcast.216, %constant.69), window={size=1x500 pad=0_0x499_0}, to_apply=%region_53.2126.clone, metadata={op_name="jit(_eval_step)/jit(cumsum)/LibriSpeechConformerWorkload.sequence_mask/reduce_window_sum" source_file="/algorithmic-efficiency/algoperf/workloads/librispeech_conformer/librispeech_jax/workload.py" source_line=251}

This isn't necessarily a bug; constant-folding is inherently a trade-off between compilation time and speed at runtime. XLA has some guards that attempt to keep constant folding from taking too long, but fundamentally you'll always be able to come up with an input program that takes a long time.

If you'd like to file a bug, run with envvar XLA_FLAGS=--xla_dump_to=/tmp/foo and attach the results.
2026-06-15 19:03:48.876554: E external/xla/xla/stream_executor/cuda/cuda_timer.cc:86] Delay kernel timed out: measured time has sub-optimal accuracy. There may be a missing warmup execution, please investigate in Nsight Systems.
2026-06-15 19:03:49.036582: E external/xla/xla/stream_executor/cuda/cuda_timer.cc:86] Delay kernel timed out: measured time has sub-optimal accuracy. There may be a missing warmup execution, please investigate in Nsight Systems.
I0615 19:04:28.302071 140243058078912 spec.py:363] Evaluating on the test split.
I0615 19:04:28.302672 140243058078912 input_pipeline.py:19] Loading split = test-clean
2026-06-15 19:05:02.009734: E external/xla/xla/stream_executor/cuda/cuda_timer.cc:86] Delay kernel timed out: measured time has sub-optimal accuracy. There may be a missing warmup execution, please investigate in Nsight Systems.
2026-06-15 19:05:02.169822: E external/xla/xla/stream_executor/cuda/cuda_timer.cc:86] Delay kernel timed out: measured time has sub-optimal accuracy. There may be a missing warmup execution, please investigate in Nsight Systems.
I0615 19:05:24.255744 140243058078912 submission_runner.py:516] Time since start: 442.54s, 	Step: 1, 	{'train/ctc_loss': Array(7.7630796, dtype=float32), 'train/wer': np.float64(1.4653343189721593), 'validation/ctc_loss': Array(7.5522285, dtype=float32), 'validation/wer': np.float64(1.7525322261381742), 'validation/num_examples': 5348, 'test/ctc_loss': Array(7.5704126, dtype=float32), 'test/wer': np.float64(1.7537830317063758), 'test/num_examples': 2472, 'score': 180.61153841018677, 'total_duration': 442.54360127449036, 'accumulated_submission_time': 180.61153841018677, 'accumulated_eval_time': 261.93196749687195, 'accumulated_logging_time': 0}
I0615 19:05:24.282803 140182363830016 logging_writer.py:48] [1] accumulated_eval_time=261.932, accumulated_logging_time=0, accumulated_submission_time=180.612, global_step=1, preemption_count=0, score=180.612, test/ctc_loss=7.570412635803223, test/num_examples=2472, test/wer=1.75378, total_duration=442.544, train/ctc_loss=7.763079643249512, train/wer=1.46533, validation/ctc_loss=7.5522284507751465, validation/num_examples=5348, validation/wer=1.75253
I0615 19:34:40.660713 140243058078912 spec.py:333] Evaluating on the training split.
I0615 19:35:13.669055 140243058078912 spec.py:346] Evaluating on the validation split.
/usr/local/lib/python3.11/multiprocessing/popen_fork.py:66: RuntimeWarning: os.fork() was called. os.fork() is incompatible with multithreaded code, and JAX is multithreaded, so this will likely lead to a deadlock.
  self.pid = os.fork()
I0615 19:36:20.340223 140243058078912 spec.py:363] Evaluating on the test split.
I0615 19:36:52.482903 140243058078912 submission_runner.py:516] Time since start: 2330.77s, 	Step: 503, 	{'train/ctc_loss': Array(1.5612469, dtype=float32), 'train/wer': np.float64(0.944635537887994), 'validation/ctc_loss': Array(1.6074548, dtype=float32), 'validation/wer': np.float64(0.8967218654950997), 'validation/num_examples': 5348, 'test/ctc_loss': Array(1.6006178, dtype=float32), 'test/wer': np.float64(0.899579550301627), 'test/num_examples': 2472, 'score': 1936.8847064971924, 'total_duration': 2330.770536184311, 'accumulated_submission_time': 1936.8847064971924, 'accumulated_eval_time': 393.7517874240875, 'accumulated_logging_time': 0.12697052955627441}
I0615 19:36:52.512525 140227873728256 logging_writer.py:48] [503] accumulated_eval_time=393.752, accumulated_logging_time=0.126971, accumulated_submission_time=1936.88, global_step=503, preemption_count=0, score=1936.88, test/ctc_loss=1.60061776638031, test/num_examples=2472, test/wer=0.89958, total_duration=2330.77, train/ctc_loss=1.5612468719482422, train/wer=0.944636, validation/ctc_loss=1.607454776763916, validation/num_examples=5348, validation/wer=0.896722
I0615 20:06:13.249425 140243058078912 spec.py:333] Evaluating on the training split.
I0615 20:06:46.400961 140243058078912 spec.py:346] Evaluating on the validation split.
/usr/local/lib/python3.11/multiprocessing/popen_fork.py:66: RuntimeWarning: os.fork() was called. os.fork() is incompatible with multithreaded code, and JAX is multithreaded, so this will likely lead to a deadlock.
  self.pid = os.fork()
I0615 20:07:46.822833 140243058078912 spec.py:363] Evaluating on the test split.
I0615 20:08:19.892438 140243058078912 submission_runner.py:516] Time since start: 4218.18s, 	Step: 987, 	{'train/ctc_loss': Array(1.4995697, dtype=float32), 'train/wer': np.float64(0.9427216791412514), 'validation/ctc_loss': Array(1.5243387, dtype=float32), 'validation/wer': np.float64(0.8967218654950997), 'validation/num_examples': 5348, 'test/ctc_loss': Array(1.5195636, dtype=float32), 'test/wer': np.float64(0.899579550301627), 'test/num_examples': 2472, 'score': 3697.6067111492157, 'total_duration': 4218.180051326752, 'accumulated_submission_time': 3697.6067111492157, 'accumulated_eval_time': 520.3924114704132, 'accumulated_logging_time': 0.1667487621307373}
I0615 20:08:19.924475 140227873728256 logging_writer.py:48] [987] accumulated_eval_time=520.392, accumulated_logging_time=0.166749, accumulated_submission_time=3697.61, global_step=987, preemption_count=0, score=3697.61, test/ctc_loss=1.5195635557174683, test/num_examples=2472, test/wer=0.89958, total_duration=4218.18, train/ctc_loss=1.4995696544647217, train/wer=0.942722, validation/ctc_loss=1.524338722229004, validation/num_examples=5348, validation/wer=0.896722
/usr/local/lib/python3.11/multiprocessing/popen_fork.py:66: RuntimeWarning: os.fork() was called. os.fork() is incompatible with multithreaded code, and JAX is multithreaded, so this will likely lead to a deadlock.
  self.pid = os.fork()
I0615 20:37:29.893391 140243058078912 spec.py:333] Evaluating on the training split.
I0615 20:38:03.664619 140243058078912 spec.py:346] Evaluating on the validation split.
I0615 20:38:39.536604 140243058078912 spec.py:363] Evaluating on the test split.
I0615 20:38:58.023409 140243058078912 submission_runner.py:516] Time since start: 6056.31s, 	Step: 1628, 	{'train/ctc_loss': Array(1.4617863, dtype=float32), 'train/wer': np.float64(0.9433243196230056), 'validation/ctc_loss': Array(1.4466227, dtype=float32), 'validation/wer': np.float64(0.8967218654950997), 'validation/num_examples': 5348, 'test/ctc_loss': Array(1.44746, dtype=float32), 'test/wer': np.float64(0.899579550301627), 'test/num_examples': 2472, 'score': 5447.557026147842, 'total_duration': 6056.310840368271, 'accumulated_submission_time': 5447.557026147842, 'accumulated_eval_time': 608.5199739933014, 'accumulated_logging_time': 0.2109675407409668}
I0615 20:38:58.055155 140227872679680 logging_writer.py:48] [1628] accumulated_eval_time=608.52, accumulated_logging_time=0.210968, accumulated_submission_time=5447.56, global_step=1628, preemption_count=0, score=5447.56, test/ctc_loss=1.4474600553512573, test/num_examples=2472, test/wer=0.89958, total_duration=6056.31, train/ctc_loss=1.4617862701416016, train/wer=0.943324, validation/ctc_loss=1.4466227293014526, validation/num_examples=5348, validation/wer=0.896722
/usr/local/lib/python3.11/multiprocessing/popen_fork.py:66: RuntimeWarning: os.fork() was called. os.fork() is incompatible with multithreaded code, and JAX is multithreaded, so this will likely lead to a deadlock.
  self.pid = os.fork()
I0615 21:08:09.114917 140243058078912 spec.py:333] Evaluating on the training split.
I0615 21:08:44.396398 140243058078912 spec.py:346] Evaluating on the validation split.
I0615 21:09:22.853510 140243058078912 spec.py:363] Evaluating on the test split.
I0615 21:09:41.162771 140243058078912 submission_runner.py:516] Time since start: 7899.45s, 	Step: 2165, 	{'train/ctc_loss': Array(2.662283, dtype=float32), 'train/wer': np.float64(0.9418571772664914), 'validation/ctc_loss': Array(2.605995, dtype=float32), 'validation/wer': np.float64(0.8924153913001497), 'validation/num_examples': 5348, 'test/ctc_loss': Array(2.624842, dtype=float32), 'test/wer': np.float64(0.8945016553937399), 'test/num_examples': 2472, 'score': 7198.599776506424, 'total_duration': 7899.450449705124, 'accumulated_submission_time': 7198.599776506424, 'accumulated_eval_time': 700.5656797885895, 'accumulated_logging_time': 0.25403499603271484}
I0615 21:09:41.194348 140227871631104 logging_writer.py:48] [2165] accumulated_eval_time=700.566, accumulated_logging_time=0.254035, accumulated_submission_time=7198.6, global_step=2165, preemption_count=0, score=7198.6, test/ctc_loss=2.6248419284820557, test/num_examples=2472, test/wer=0.894502, total_duration=7899.45, train/ctc_loss=2.662282943725586, train/wer=0.941857, validation/ctc_loss=2.605994939804077, validation/num_examples=5348, validation/wer=0.892415
I0615 21:38:49.325356 140243058078912 spec.py:333] Evaluating on the training split.
I0615 21:39:23.695530 140243058078912 spec.py:346] Evaluating on the validation split.
/usr/local/lib/python3.11/multiprocessing/popen_fork.py:66: RuntimeWarning: os.fork() was called. os.fork() is incompatible with multithreaded code, and JAX is multithreaded, so this will likely lead to a deadlock.
  self.pid = os.fork()
I0615 21:40:02.233195 140243058078912 spec.py:363] Evaluating on the test split.
I0615 21:40:20.589983 140243058078912 submission_runner.py:516] Time since start: 9738.88s, 	Step: 2851, 	{'train/ctc_loss': Array(1.8920181, dtype=float32), 'train/wer': np.float64(0.9415512405140359), 'validation/ctc_loss': Array(1.8509893, dtype=float32), 'validation/wer': np.float64(0.8967218654950997), 'validation/num_examples': 5348, 'test/ctc_loss': Array(1.8654292, dtype=float32), 'test/wer': np.float64(0.899579550301627), 'test/num_examples': 2472, 'score': 8946.71371793747, 'total_duration': 9738.877447128296, 'accumulated_submission_time': 8946.71371793747, 'accumulated_eval_time': 791.8277678489685, 'accumulated_logging_time': 0.29572200775146484}
I0615 21:40:20.621755 140227871631104 logging_writer.py:48] [2851] accumulated_eval_time=791.828, accumulated_logging_time=0.295722, accumulated_submission_time=8946.71, global_step=2851, preemption_count=0, score=8946.71, test/ctc_loss=1.865429162979126, test/num_examples=2472, test/wer=0.89958, total_duration=9738.88, train/ctc_loss=1.8920180797576904, train/wer=0.941551, validation/ctc_loss=1.8509893417358398, validation/num_examples=5348, validation/wer=0.896722
/usr/local/lib/python3.11/multiprocessing/popen_fork.py:66: RuntimeWarning: os.fork() was called. os.fork() is incompatible with multithreaded code, and JAX is multithreaded, so this will likely lead to a deadlock.
  self.pid = os.fork()
I0615 22:09:33.216493 140243058078912 spec.py:333] Evaluating on the training split.
I0615 22:10:08.286890 140243058078912 spec.py:346] Evaluating on the validation split.
I0615 22:10:47.348119 140243058078912 spec.py:363] Evaluating on the test split.
I0615 22:11:05.918017 140243058078912 submission_runner.py:516] Time since start: 11584.21s, 	Step: 3564, 	{'train/ctc_loss': Array(3.9590101, dtype=float32), 'train/wer': np.float64(0.9148097369445882), 'validation/ctc_loss': Array(3.9783902, dtype=float32), 'validation/wer': np.float64(0.8823637329213537), 'validation/num_examples': 5348, 'test/ctc_loss': Array(3.9670877, dtype=float32), 'test/wer': np.float64(0.8807304044035504), 'test/num_examples': 2472, 'score': 10699.290264844894, 'total_duration': 11584.20524430275, 'accumulated_submission_time': 10699.290264844894, 'accumulated_eval_time': 884.5266642570496, 'accumulated_logging_time': 0.3385188579559326}
I0615 22:11:05.949358 140227870582528 logging_writer.py:48] [3564] accumulated_eval_time=884.527, accumulated_logging_time=0.338519, accumulated_submission_time=10699.3, global_step=3564, preemption_count=0, score=10699.3, test/ctc_loss=3.967087745666504, test/num_examples=2472, test/wer=0.88073, total_duration=11584.2, train/ctc_loss=3.959010124206543, train/wer=0.91481, validation/ctc_loss=3.9783902168273926, validation/num_examples=5348, validation/wer=0.882364
I0615 22:40:20.685004 140243058078912 spec.py:333] Evaluating on the training split.
I0615 22:40:54.491549 140243058078912 spec.py:346] Evaluating on the validation split.
/usr/local/lib/python3.11/multiprocessing/popen_fork.py:66: RuntimeWarning: os.fork() was called. os.fork() is incompatible with multithreaded code, and JAX is multithreaded, so this will likely lead to a deadlock.
  self.pid = os.fork()
I0615 22:41:30.830504 140243058078912 spec.py:363] Evaluating on the test split.
I0615 22:41:49.537432 140243058078912 submission_runner.py:516] Time since start: 13427.83s, 	Step: 4084, 	{'train/ctc_loss': Array(2.0451992, dtype=float32), 'train/wer': np.float64(0.9428243251866505), 'validation/ctc_loss': Array(2.0169165, dtype=float32), 'validation/wer': np.float64(0.8967218654950997), 'validation/num_examples': 5348, 'test/ctc_loss': Array(2.0217845, dtype=float32), 'test/wer': np.float64(0.899579550301627), 'test/num_examples': 2472, 'score': 12454.009810686111, 'total_duration': 13427.825043439865, 'accumulated_submission_time': 12454.009810686111, 'accumulated_eval_time': 973.3767066001892, 'accumulated_logging_time': 0.38050389289855957}
I0615 22:41:49.569501 140227870582528 logging_writer.py:48] [4084] accumulated_eval_time=973.377, accumulated_logging_time=0.380504, accumulated_submission_time=12454, global_step=4084, preemption_count=0, score=12454, test/ctc_loss=2.021784543991089, test/num_examples=2472, test/wer=0.89958, total_duration=13427.8, train/ctc_loss=2.045199155807495, train/wer=0.942824, validation/ctc_loss=2.016916513442993, validation/num_examples=5348, validation/wer=0.896722
/usr/local/lib/python3.11/multiprocessing/popen_fork.py:66: RuntimeWarning: os.fork() was called. os.fork() is incompatible with multithreaded code, and JAX is multithreaded, so this will likely lead to a deadlock.
  self.pid = os.fork()
I0615 23:11:05.609642 140243058078912 spec.py:333] Evaluating on the training split.
I0615 23:11:42.133011 140243058078912 spec.py:346] Evaluating on the validation split.
I0615 23:12:18.669864 140243058078912 spec.py:363] Evaluating on the test split.
I0615 23:12:36.951786 140243058078912 submission_runner.py:516] Time since start: 15275.24s, 	Step: 4843, 	{'train/ctc_loss': Array(2.0401762, dtype=float32), 'train/wer': np.float64(0.9440859096700382), 'validation/ctc_loss': Array(1.9991739, dtype=float32), 'validation/wer': np.float64(0.8967218654950997), 'validation/num_examples': 5348, 'test/ctc_loss': Array(2.0151641, dtype=float32), 'test/wer': np.float64(0.899579550301627), 'test/num_examples': 2472, 'score': 14210.031881570816, 'total_duration': 15275.239307880402, 'accumulated_submission_time': 14210.031881570816, 'accumulated_eval_time': 1064.716542005539, 'accumulated_logging_time': 0.4229273796081543}
I0615 23:12:36.984433 140227870582528 logging_writer.py:48] [4843] accumulated_eval_time=1064.72, accumulated_logging_time=0.422927, accumulated_submission_time=14210, global_step=4843, preemption_count=0, score=14210, test/ctc_loss=2.0151641368865967, test/num_examples=2472, test/wer=0.89958, total_duration=15275.2, train/ctc_loss=2.0401761531829834, train/wer=0.944086, validation/ctc_loss=1.999173879623413, validation/num_examples=5348, validation/wer=0.896722
/usr/local/lib/python3.11/multiprocessing/popen_fork.py:66: RuntimeWarning: os.fork() was called. os.fork() is incompatible with multithreaded code, and JAX is multithreaded, so this will likely lead to a deadlock.
  self.pid = os.fork()
I0615 23:41:44.432393 140243058078912 spec.py:333] Evaluating on the training split.
I0615 23:42:18.793775 140243058078912 spec.py:346] Evaluating on the validation split.
I0615 23:43:31.324911 140243058078912 spec.py:363] Evaluating on the test split.
I0615 23:44:06.654936 140243058078912 submission_runner.py:516] Time since start: 17164.94s, 	Step: 5523, 	{'train/ctc_loss': Array(2.10756, dtype=float32), 'train/wer': np.float64(0.9427990785714666), 'validation/ctc_loss': Array(2.0734649, dtype=float32), 'validation/wer': np.float64(0.8967218654950997), 'validation/num_examples': 5348, 'test/ctc_loss': Array(2.0974476, dtype=float32), 'test/wer': np.float64(0.899579550301627), 'test/num_examples': 2472, 'score': 15957.462099552155, 'total_duration': 17164.94252371788, 'accumulated_submission_time': 15957.462099552155, 'accumulated_eval_time': 1206.9368331432343, 'accumulated_logging_time': 0.46605515480041504}
I0615 23:44:06.686048 140227870582528 logging_writer.py:48] [5523] accumulated_eval_time=1206.94, accumulated_logging_time=0.466055, accumulated_submission_time=15957.5, global_step=5523, preemption_count=0, score=15957.5, test/ctc_loss=2.097447633743286, test/num_examples=2472, test/wer=0.89958, total_duration=17164.9, train/ctc_loss=2.1075599193573, train/wer=0.942799, validation/ctc_loss=2.073464870452881, validation/num_examples=5348, validation/wer=0.896722
I0616 00:13:19.255601 140243058078912 spec.py:333] Evaluating on the training split.
I0616 00:13:53.399417 140243058078912 spec.py:346] Evaluating on the validation split.
/usr/local/lib/python3.11/multiprocessing/popen_fork.py:66: RuntimeWarning: os.fork() was called. os.fork() is incompatible with multithreaded code, and JAX is multithreaded, so this will likely lead to a deadlock.
  self.pid = os.fork()
I0616 00:14:29.501663 140243058078912 spec.py:363] Evaluating on the test split.
I0616 00:14:47.952053 140243058078912 submission_runner.py:516] Time since start: 19006.24s, 	Step: 6097, 	{'train/ctc_loss': Array(1.9640498, dtype=float32), 'train/wer': np.float64(0.9423383225986367), 'validation/ctc_loss': Array(1.9113717, dtype=float32), 'validation/wer': np.float64(0.8967218654950997), 'validation/num_examples': 5348, 'test/ctc_loss': Array(1.9291464, dtype=float32), 'test/wer': np.float64(0.899579550301627), 'test/num_examples': 2472, 'score': 17710.01593399048, 'total_duration': 19006.23954319954, 'accumulated_submission_time': 17710.01593399048, 'accumulated_eval_time': 1295.6307709217072, 'accumulated_logging_time': 0.5069458484649658}
I0616 00:14:48.001476 140227870582528 logging_writer.py:48] [6097] accumulated_eval_time=1295.63, accumulated_logging_time=0.506946, accumulated_submission_time=17710, global_step=6097, preemption_count=0, score=17710, test/ctc_loss=1.929146409034729, test/num_examples=2472, test/wer=0.89958, total_duration=19006.2, train/ctc_loss=1.9640498161315918, train/wer=0.942338, validation/ctc_loss=1.9113717079162598, validation/num_examples=5348, validation/wer=0.896722
/usr/local/lib/python3.11/multiprocessing/popen_fork.py:66: RuntimeWarning: os.fork() was called. os.fork() is incompatible with multithreaded code, and JAX is multithreaded, so this will likely lead to a deadlock.
  self.pid = os.fork()
I0616 00:43:56.657983 140243058078912 spec.py:333] Evaluating on the training split.
I0616 00:44:31.483464 140243058078912 spec.py:346] Evaluating on the validation split.
I0616 00:45:07.679618 140243058078912 spec.py:363] Evaluating on the test split.
I0616 00:45:26.086388 140243058078912 submission_runner.py:516] Time since start: 20844.37s, 	Step: 6845, 	{'train/ctc_loss': Array(2.0248902, dtype=float32), 'train/wer': np.float64(0.9431396916893625), 'validation/ctc_loss': Array(1.9619899, dtype=float32), 'validation/wer': np.float64(0.8967218654950997), 'validation/num_examples': 5348, 'test/ctc_loss': Array(1.9870243, dtype=float32), 'test/wer': np.float64(0.899579550301627), 'test/num_examples': 2472, 'score': 19458.65393638611, 'total_duration': 20844.373809576035, 'accumulated_submission_time': 19458.65393638611, 'accumulated_eval_time': 1385.056636095047, 'accumulated_logging_time': 0.5673282146453857}
I0616 00:45:26.118001 140227870582528 logging_writer.py:48] [6845] accumulated_eval_time=1385.06, accumulated_logging_time=0.567328, accumulated_submission_time=19458.7, global_step=6845, preemption_count=0, score=19458.7, test/ctc_loss=1.9870243072509766, test/num_examples=2472, test/wer=0.89958, total_duration=20844.4, train/ctc_loss=2.024890184402466, train/wer=0.94314, validation/ctc_loss=1.9619898796081543, validation/num_examples=5348, validation/wer=0.896722
/usr/local/lib/python3.11/multiprocessing/popen_fork.py:66: RuntimeWarning: os.fork() was called. os.fork() is incompatible with multithreaded code, and JAX is multithreaded, so this will likely lead to a deadlock.
  self.pid = os.fork()
I0616 01:14:39.435814 140243058078912 spec.py:333] Evaluating on the training split.
I0616 01:15:14.242434 140243058078912 spec.py:346] Evaluating on the validation split.
I0616 01:15:53.062441 140243058078912 spec.py:363] Evaluating on the test split.
I0616 01:16:11.557015 140243058078912 submission_runner.py:516] Time since start: 22689.84s, 	Step: 7467, 	{'train/ctc_loss': Array(1.7291905, dtype=float32), 'train/wer': np.float64(0.9432716912443612), 'validation/ctc_loss': Array(1.704417, dtype=float32), 'validation/wer': np.float64(0.8967218654950997), 'validation/num_examples': 5348, 'test/ctc_loss': Array(1.7176654, dtype=float32), 'test/wer': np.float64(0.899579550301627), 'test/num_examples': 2472, 'score': 21211.954654932022, 'total_duration': 22689.844476222992, 'accumulated_submission_time': 21211.954654932022, 'accumulated_eval_time': 1477.1754534244537, 'accumulated_logging_time': 0.6095037460327148}
I0616 01:16:11.599170 140227870582528 logging_writer.py:48] [7467] accumulated_eval_time=1477.18, accumulated_logging_time=0.609504, accumulated_submission_time=21212, global_step=7467, preemption_count=0, score=21212, test/ctc_loss=1.717665433883667, test/num_examples=2472, test/wer=0.89958, total_duration=22689.8, train/ctc_loss=1.729190468788147, train/wer=0.943272, validation/ctc_loss=1.7044169902801514, validation/num_examples=5348, validation/wer=0.896722
I0616 01:45:23.472129 140243058078912 spec.py:333] Evaluating on the training split.
I0616 01:45:58.138640 140243058078912 spec.py:346] Evaluating on the validation split.
/usr/local/lib/python3.11/multiprocessing/popen_fork.py:66: RuntimeWarning: os.fork() was called. os.fork() is incompatible with multithreaded code, and JAX is multithreaded, so this will likely lead to a deadlock.
  self.pid = os.fork()
I0616 01:46:34.494527 140243058078912 spec.py:363] Evaluating on the test split.
I0616 01:46:53.130172 140243058078912 submission_runner.py:516] Time since start: 24531.42s, 	Step: 8072, 	{'train/ctc_loss': Array(1.5089751, dtype=float32), 'train/wer': np.float64(0.944685667249717), 'validation/ctc_loss': Array(1.4929402, dtype=float32), 'validation/wer': np.float64(0.8967218654950997), 'validation/num_examples': 5348, 'test/ctc_loss': Array(1.4850059, dtype=float32), 'test/wer': np.float64(0.899579550301627), 'test/num_examples': 2472, 'score': 22963.81138253212, 'total_duration': 24531.4175863266, 'accumulated_submission_time': 22963.81138253212, 'accumulated_eval_time': 1566.8309032917023, 'accumulated_logging_time': 0.6618514060974121}
I0616 01:46:53.162116 140227870582528 logging_writer.py:48] [8072] accumulated_eval_time=1566.83, accumulated_logging_time=0.661851, accumulated_submission_time=22963.8, global_step=8072, preemption_count=0, score=22963.8, test/ctc_loss=1.4850058555603027, test/num_examples=2472, test/wer=0.89958, total_duration=24531.4, train/ctc_loss=1.5089751482009888, train/wer=0.944686, validation/ctc_loss=1.4929401874542236, validation/num_examples=5348, validation/wer=0.896722
/usr/local/lib/python3.11/multiprocessing/popen_fork.py:66: RuntimeWarning: os.fork() was called. os.fork() is incompatible with multithreaded code, and JAX is multithreaded, so this will likely lead to a deadlock.
  self.pid = os.fork()
I0616 02:16:02.554264 140243058078912 spec.py:333] Evaluating on the training split.
I0616 02:16:36.848342 140243058078912 spec.py:346] Evaluating on the validation split.
I0616 02:17:13.435055 140243058078912 spec.py:363] Evaluating on the test split.
I0616 02:17:31.970692 140243058078912 submission_runner.py:516] Time since start: 26370.26s, 	Step: 8789, 	{'train/ctc_loss': Array(1.6913807, dtype=float32), 'train/wer': np.float64(0.9432456399645285), 'validation/ctc_loss': Array(1.6780522, dtype=float32), 'validation/wer': np.float64(0.8967218654950997), 'validation/num_examples': 5348, 'test/ctc_loss': Array(1.6829268, dtype=float32), 'test/wer': np.float64(0.899579550301627), 'test/num_examples': 2472, 'score': 24713.18581533432, 'total_duration': 26370.258127450943, 'accumulated_submission_time': 24713.18581533432, 'accumulated_eval_time': 1656.244903087616, 'accumulated_logging_time': 0.7041060924530029}
I0616 02:17:32.001073 140227870582528 logging_writer.py:48] [8789] accumulated_eval_time=1656.24, accumulated_logging_time=0.704106, accumulated_submission_time=24713.2, global_step=8789, preemption_count=0, score=24713.2, test/ctc_loss=1.6829267740249634, test/num_examples=2472, test/wer=0.89958, total_duration=26370.3, train/ctc_loss=1.6913807392120361, train/wer=0.943246, validation/ctc_loss=1.6780521869659424, validation/num_examples=5348, validation/wer=0.896722
I0616 02:46:47.123468 140243058078912 spec.py:333] Evaluating on the training split.
I0616 02:47:21.052311 140243058078912 spec.py:346] Evaluating on the validation split.
/usr/local/lib/python3.11/multiprocessing/popen_fork.py:66: RuntimeWarning: os.fork() was called. os.fork() is incompatible with multithreaded code, and JAX is multithreaded, so this will likely lead to a deadlock.
  self.pid = os.fork()
I0616 02:47:56.848973 140243058078912 spec.py:363] Evaluating on the test split.
I0616 02:48:15.315272 140243058078912 submission_runner.py:516] Time since start: 28213.60s, 	Step: 9265, 	{'train/ctc_loss': Array(1.6381239, dtype=float32), 'train/wer': np.float64(0.9439109001278072), 'validation/ctc_loss': Array(1.6135916, dtype=float32), 'validation/wer': np.float64(0.8967218654950997), 'validation/num_examples': 5348, 'test/ctc_loss': Array(1.6124249, dtype=float32), 'test/wer': np.float64(0.899579550301627), 'test/num_examples': 2472, 'score': 26468.292811870575, 'total_duration': 28213.602682113647, 'accumulated_submission_time': 26468.292811870575, 'accumulated_eval_time': 1744.4341125488281, 'accumulated_logging_time': 0.7446153163909912}
I0616 02:48:15.346640 140227870582528 logging_writer.py:48] [9265] accumulated_eval_time=1744.43, accumulated_logging_time=0.744615, accumulated_submission_time=26468.3, global_step=9265, preemption_count=0, score=26468.3, test/ctc_loss=1.6124248504638672, test/num_examples=2472, test/wer=0.89958, total_duration=28213.6, train/ctc_loss=1.638123869895935, train/wer=0.943911, validation/ctc_loss=1.6135915517807007, validation/num_examples=5348, validation/wer=0.896722
/usr/local/lib/python3.11/multiprocessing/popen_fork.py:66: RuntimeWarning: os.fork() was called. os.fork() is incompatible with multithreaded code, and JAX is multithreaded, so this will likely lead to a deadlock.
  self.pid = os.fork()
I0616 03:17:33.458287 140243058078912 spec.py:333] Evaluating on the training split.
I0616 03:18:08.473665 140243058078912 spec.py:346] Evaluating on the validation split.
I0616 03:18:44.815082 140243058078912 spec.py:363] Evaluating on the test split.
I0616 03:19:03.258532 140243058078912 submission_runner.py:516] Time since start: 30061.55s, 	Step: 9969, 	{'train/ctc_loss': Array(1.5938586, dtype=float32), 'train/wer': np.float64(0.9450143703143059), 'validation/ctc_loss': Array(1.5787647, dtype=float32), 'validation/wer': np.float64(0.8967218654950997), 'validation/num_examples': 5348, 'test/ctc_loss': Array(1.5815102, dtype=float32), 'test/wer': np.float64(0.899579550301627), 'test/num_examples': 2472, 'score': 28226.38680624962, 'total_duration': 30061.545838594437, 'accumulated_submission_time': 28226.38680624962, 'accumulated_eval_time': 1834.2318382263184, 'accumulated_logging_time': 0.7862300872802734}
I0616 03:19:03.289474 140227870582528 logging_writer.py:48] [9969] accumulated_eval_time=1834.23, accumulated_logging_time=0.78623, accumulated_submission_time=28226.4, global_step=9969, preemption_count=0, score=28226.4, test/ctc_loss=1.5815101861953735, test/num_examples=2472, test/wer=0.89958, total_duration=30061.5, train/ctc_loss=1.5938585996627808, train/wer=0.945014, validation/ctc_loss=1.5787646770477295, validation/num_examples=5348, validation/wer=0.896722
/usr/local/lib/python3.11/multiprocessing/popen_fork.py:66: RuntimeWarning: os.fork() was called. os.fork() is incompatible with multithreaded code, and JAX is multithreaded, so this will likely lead to a deadlock.
  self.pid = os.fork()
I0616 03:48:10.541391 140243058078912 spec.py:333] Evaluating on the training split.
I0616 03:48:44.529578 140243058078912 spec.py:346] Evaluating on the validation split.
I0616 03:49:21.292306 140243058078912 spec.py:363] Evaluating on the test split.
I0616 03:49:57.451820 140243058078912 submission_runner.py:516] Time since start: 31915.74s, 	Step: 10543, 	{'train/ctc_loss': Array(1.5912648, dtype=float32), 'train/wer': np.float64(0.9417576703068122), 'validation/ctc_loss': Array(1.5652186, dtype=float32), 'validation/wer': np.float64(0.8967218654950997), 'validation/num_examples': 5348, 'test/ctc_loss': Array(1.5633898, dtype=float32), 'test/wer': np.float64(0.899579550301627), 'test/num_examples': 2472, 'score': 29973.621972322464, 'total_duration': 31915.739315271378, 'accumulated_submission_time': 29973.621972322464, 'accumulated_eval_time': 1941.139912366867, 'accumulated_logging_time': 0.8277671337127686}
I0616 03:49:57.483818 140227870582528 logging_writer.py:48] [10543] accumulated_eval_time=1941.14, accumulated_logging_time=0.827767, accumulated_submission_time=29973.6, global_step=10543, preemption_count=0, score=29973.6, test/ctc_loss=1.563389778137207, test/num_examples=2472, test/wer=0.89958, total_duration=31915.7, train/ctc_loss=1.5912648439407349, train/wer=0.941758, validation/ctc_loss=1.5652185678482056, validation/num_examples=5348, validation/wer=0.896722
I0616 04:19:05.552609 140243058078912 spec.py:333] Evaluating on the training split.
I0616 04:19:41.450359 140243058078912 spec.py:346] Evaluating on the validation split.
/usr/local/lib/python3.11/multiprocessing/popen_fork.py:66: RuntimeWarning: os.fork() was called. os.fork() is incompatible with multithreaded code, and JAX is multithreaded, so this will likely lead to a deadlock.
  self.pid = os.fork()
I0616 04:20:18.484492 140243058078912 spec.py:363] Evaluating on the test split.
I0616 04:20:37.195528 140243058078912 submission_runner.py:516] Time since start: 33755.48s, 	Step: 11125, 	{'train/ctc_loss': Array(1.8349781, dtype=float32), 'train/wer': np.float64(0.9372487099767226), 'validation/ctc_loss': Array(1.800052, dtype=float32), 'validation/wer': np.float64(0.893931347462946), 'validation/num_examples': 5348, 'test/ctc_loss': Array(1.795337, dtype=float32), 'test/wer': np.float64(0.8969390449495257), 'test/num_examples': 2472, 'score': 31721.673605680466, 'total_duration': 33755.48281741142, 'accumulated_submission_time': 31721.673605680466, 'accumulated_eval_time': 2032.7801163196564, 'accumulated_logging_time': 0.8705544471740723}
I0616 04:20:37.227266 140227870582528 logging_writer.py:48] [11125] accumulated_eval_time=2032.78, accumulated_logging_time=0.870554, accumulated_submission_time=31721.7, global_step=11125, preemption_count=0, score=31721.7, test/ctc_loss=1.7953369617462158, test/num_examples=2472, test/wer=0.896939, total_duration=33755.5, train/ctc_loss=1.8349781036376953, train/wer=0.937249, validation/ctc_loss=1.8000520467758179, validation/num_examples=5348, validation/wer=0.893931
/usr/local/lib/python3.11/multiprocessing/popen_fork.py:66: RuntimeWarning: os.fork() was called. os.fork() is incompatible with multithreaded code, and JAX is multithreaded, so this will likely lead to a deadlock.
  self.pid = os.fork()
I0616 04:49:49.757274 140243058078912 spec.py:333] Evaluating on the training split.
I0616 04:50:24.980704 140243058078912 spec.py:346] Evaluating on the validation split.
I0616 04:51:01.428799 140243058078912 spec.py:363] Evaluating on the test split.
I0616 04:51:20.147332 140243058078912 submission_runner.py:516] Time since start: 35598.43s, 	Step: 11801, 	{'train/ctc_loss': Array(1.6344583, dtype=float32), 'train/wer': np.float64(0.9416137135342556), 'validation/ctc_loss': Array(1.6208359, dtype=float32), 'validation/wer': np.float64(0.8948293342345387), 'validation/num_examples': 5348, 'test/ctc_loss': Array(1.614662, dtype=float32), 'test/wer': np.float64(0.8974671460199459), 'test/num_examples': 2472, 'score': 33474.185856342316, 'total_duration': 35598.43478131294, 'accumulated_submission_time': 33474.185856342316, 'accumulated_eval_time': 2123.167689561844, 'accumulated_logging_time': 0.9126732349395752}
I0616 04:51:20.179455 140227870582528 logging_writer.py:48] [11801] accumulated_eval_time=2123.17, accumulated_logging_time=0.912673, accumulated_submission_time=33474.2, global_step=11801, preemption_count=0, score=33474.2, test/ctc_loss=1.6146620512008667, test/num_examples=2472, test/wer=0.897467, total_duration=35598.4, train/ctc_loss=1.634458303451538, train/wer=0.941614, validation/ctc_loss=1.6208359003067017, validation/num_examples=5348, validation/wer=0.894829
I0616 05:20:30.634524 140243058078912 spec.py:333] Evaluating on the training split.
I0616 05:21:09.175119 140243058078912 spec.py:346] Evaluating on the validation split.
/usr/local/lib/python3.11/multiprocessing/popen_fork.py:66: RuntimeWarning: os.fork() was called. os.fork() is incompatible with multithreaded code, and JAX is multithreaded, so this will likely lead to a deadlock.
  self.pid = os.fork()
I0616 05:21:47.069500 140243058078912 spec.py:363] Evaluating on the test split.
I0616 05:22:06.176793 140243058078912 submission_runner.py:516] Time since start: 37444.46s, 	Step: 12305, 	{'train/ctc_loss': Array(1.3432889, dtype=float32), 'train/wer': np.float64(0.9042701706150026), 'validation/ctc_loss': Array(1.3505815, dtype=float32), 'validation/wer': np.float64(0.8644426205764496), 'validation/num_examples': 5348, 'test/ctc_loss': Array(1.3269838, dtype=float32), 'test/wer': np.float64(0.8649889301891008), 'test/num_examples': 2472, 'score': 35224.624175071716, 'total_duration': 37444.46414041519, 'accumulated_submission_time': 35224.624175071716, 'accumulated_eval_time': 2218.707293510437, 'accumulated_logging_time': 0.9562575817108154}
I0616 05:22:06.209065 140227870582528 logging_writer.py:48] [12305] accumulated_eval_time=2218.71, accumulated_logging_time=0.956258, accumulated_submission_time=35224.6, global_step=12305, preemption_count=0, score=35224.6, test/ctc_loss=1.3269838094711304, test/num_examples=2472, test/wer=0.864989, total_duration=37444.5, train/ctc_loss=1.3432888984680176, train/wer=0.90427, validation/ctc_loss=1.3505815267562866, validation/num_examples=5348, validation/wer=0.864443
/usr/local/lib/python3.11/multiprocessing/popen_fork.py:66: RuntimeWarning: os.fork() was called. os.fork() is incompatible with multithreaded code, and JAX is multithreaded, so this will likely lead to a deadlock.
  self.pid = os.fork()
I0616 05:51:23.827880 140243058078912 spec.py:333] Evaluating on the training split.
I0616 05:52:04.051404 140243058078912 spec.py:346] Evaluating on the validation split.
I0616 05:52:42.241614 140243058078912 spec.py:363] Evaluating on the test split.
I0616 05:53:01.706783 140243058078912 submission_runner.py:516] Time since start: 39299.99s, 	Step: 13042, 	{'train/ctc_loss': Array(0.8584131, dtype=float32), 'train/wer': np.float64(0.7638807744739297), 'validation/ctc_loss': Array(0.93435425, dtype=float32), 'validation/wer': np.float64(0.771351325254671), 'validation/num_examples': 5348, 'test/ctc_loss': Array(0.86786336, dtype=float32), 'test/wer': np.float64(0.7515081347876424), 'test/num_examples': 2472, 'score': 36982.22391843796, 'total_duration': 39299.99430370331, 'accumulated_submission_time': 36982.22391843796, 'accumulated_eval_time': 2316.58376789093, 'accumulated_logging_time': 1.00026273727417}
I0616 05:53:01.739199 140227870582528 logging_writer.py:48] [13042] accumulated_eval_time=2316.58, accumulated_logging_time=1.00026, accumulated_submission_time=36982.2, global_step=13042, preemption_count=0, score=36982.2, test/ctc_loss=0.8678633570671082, test/num_examples=2472, test/wer=0.751508, total_duration=39300, train/ctc_loss=0.8584131002426147, train/wer=0.763881, validation/ctc_loss=0.9343542456626892, validation/num_examples=5348, validation/wer=0.771351
/usr/local/lib/python3.11/multiprocessing/popen_fork.py:66: RuntimeWarning: os.fork() was called. os.fork() is incompatible with multithreaded code, and JAX is multithreaded, so this will likely lead to a deadlock.
  self.pid = os.fork()
I0616 06:22:11.027540 140243058078912 spec.py:333] Evaluating on the training split.
I0616 06:22:53.791818 140243058078912 spec.py:346] Evaluating on the validation split.
I0616 06:23:42.206053 140243058078912 spec.py:363] Evaluating on the test split.
I0616 06:24:08.337219 140243058078912 submission_runner.py:516] Time since start: 41166.62s, 	Step: 13618, 	{'train/ctc_loss': Array(0.6438833, dtype=float32), 'train/wer': np.float64(0.6219931997212308), 'validation/ctc_loss': Array(0.72069454, dtype=float32), 'validation/wer': np.float64(0.6436247767102786), 'validation/num_examples': 5348, 'test/ctc_loss': Array(0.6451044, dtype=float32), 'test/wer': np.float64(0.6018727276420287), 'test/num_examples': 2472, 'score': 38731.49562859535, 'total_duration': 41166.624841451645, 'accumulated_submission_time': 38731.49562859535, 'accumulated_eval_time': 2433.891226053238, 'accumulated_logging_time': 1.043257236480713}
I0616 06:24:08.369744 140227870582528 logging_writer.py:48] [13618] accumulated_eval_time=2433.89, accumulated_logging_time=1.04326, accumulated_submission_time=38731.5, global_step=13618, preemption_count=0, score=38731.5, test/ctc_loss=0.6451044082641602, test/num_examples=2472, test/wer=0.601873, total_duration=41166.6, train/ctc_loss=0.6438832879066467, train/wer=0.621993, validation/ctc_loss=0.7206945419311523, validation/num_examples=5348, validation/wer=0.643625
I0616 06:53:17.455005 140243058078912 spec.py:333] Evaluating on the training split.
I0616 06:53:59.312544 140243058078912 spec.py:346] Evaluating on the validation split.
/usr/local/lib/python3.11/multiprocessing/popen_fork.py:66: RuntimeWarning: os.fork() was called. os.fork() is incompatible with multithreaded code, and JAX is multithreaded, so this will likely lead to a deadlock.
  self.pid = os.fork()
I0616 06:54:38.841218 140243058078912 spec.py:363] Evaluating on the test split.
I0616 06:54:58.854921 140243058078912 submission_runner.py:516] Time since start: 43017.14s, 	Step: 14219, 	{'train/ctc_loss': Array(0.67873925, dtype=float32), 'train/wer': np.float64(0.6285914201873478), 'validation/ctc_loss': Array(0.6851026, dtype=float32), 'validation/wer': np.float64(0.6181818181818182), 'validation/num_examples': 5348, 'test/ctc_loss': Array(0.61307406, dtype=float32), 'test/wer': np.float64(0.5820080027623749), 'test/num_examples': 2472, 'score': 40480.564680576324, 'total_duration': 43017.1427257061, 'accumulated_submission_time': 40480.564680576324, 'accumulated_eval_time': 2535.2889318466187, 'accumulated_logging_time': 1.0858309268951416}
I0616 06:54:58.887739 140227870582528 logging_writer.py:48] [14219] accumulated_eval_time=2535.29, accumulated_logging_time=1.08583, accumulated_submission_time=40480.6, global_step=14219, preemption_count=0, score=40480.6, test/ctc_loss=0.6130740642547607, test/num_examples=2472, test/wer=0.582008, total_duration=43017.1, train/ctc_loss=0.6787392497062683, train/wer=0.628591, validation/ctc_loss=0.6851025819778442, validation/num_examples=5348, validation/wer=0.618182
/usr/local/lib/python3.11/multiprocessing/popen_fork.py:66: RuntimeWarning: os.fork() was called. os.fork() is incompatible with multithreaded code, and JAX is multithreaded, so this will likely lead to a deadlock.
  self.pid = os.fork()
I0616 07:24:08.374975 140243058078912 spec.py:333] Evaluating on the training split.
I0616 07:24:50.566738 140243058078912 spec.py:346] Evaluating on the validation split.
I0616 07:25:30.007170 140243058078912 spec.py:363] Evaluating on the test split.
I0616 07:25:50.130530 140243058078912 submission_runner.py:516] Time since start: 44868.42s, 	Step: 14908, 	{'train/ctc_loss': Array(0.6440429, dtype=float32), 'train/wer': np.float64(0.6002209429489778), 'validation/ctc_loss': Array(0.6319996, dtype=float32), 'validation/wer': np.float64(0.5782552020470236), 'validation/num_examples': 5348, 'test/ctc_loss': Array(0.5492386, dtype=float32), 'test/wer': np.float64(0.5311681189446104), 'test/num_examples': 2472, 'score': 42230.03436398506, 'total_duration': 44868.418098688126, 'accumulated_submission_time': 42230.03436398506, 'accumulated_eval_time': 2637.0421934127808, 'accumulated_logging_time': 1.129185676574707}
I0616 07:25:50.162317 140227870582528 logging_writer.py:48] [14908] accumulated_eval_time=2637.04, accumulated_logging_time=1.12919, accumulated_submission_time=42230, global_step=14908, preemption_count=0, score=42230, test/ctc_loss=0.5492386221885681, test/num_examples=2472, test/wer=0.531168, total_duration=44868.4, train/ctc_loss=0.6440429091453552, train/wer=0.600221, validation/ctc_loss=0.6319996118545532, validation/num_examples=5348, validation/wer=0.578255
I0616 07:54:57.659739 140243058078912 spec.py:333] Evaluating on the training split.
I0616 07:55:37.559188 140243058078912 spec.py:346] Evaluating on the validation split.
/usr/local/lib/python3.11/multiprocessing/popen_fork.py:66: RuntimeWarning: os.fork() was called. os.fork() is incompatible with multithreaded code, and JAX is multithreaded, so this will likely lead to a deadlock.
  self.pid = os.fork()
I0616 07:56:16.714717 140243058078912 spec.py:363] Evaluating on the test split.
I0616 07:56:36.583992 140243058078912 submission_runner.py:516] Time since start: 46714.87s, 	Step: 15413, 	{'train/ctc_loss': Array(0.73818356, dtype=float32), 'train/wer': np.float64(0.6630788939520681), 'validation/ctc_loss': Array(0.68444407, dtype=float32), 'validation/wer': np.float64(0.6127552744653116), 'validation/num_examples': 5348, 'test/ctc_loss': Array(0.60108954, dtype=float32), 'test/wer': np.float64(0.5644587979607174), 'test/num_examples': 2472, 'score': 43977.51590299606, 'total_duration': 46714.87150669098, 'accumulated_submission_time': 43977.51590299606, 'accumulated_eval_time': 2735.963957309723, 'accumulated_logging_time': 1.1715247631072998}
I0616 07:56:36.615714 140227870582528 logging_writer.py:48] [15413] accumulated_eval_time=2735.96, accumulated_logging_time=1.17152, accumulated_submission_time=43977.5, global_step=15413, preemption_count=0, score=43977.5, test/ctc_loss=0.6010895371437073, test/num_examples=2472, test/wer=0.564459, total_duration=46714.9, train/ctc_loss=0.7381835579872131, train/wer=0.663079, validation/ctc_loss=0.6844440698623657, validation/num_examples=5348, validation/wer=0.612755
/usr/local/lib/python3.11/multiprocessing/popen_fork.py:66: RuntimeWarning: os.fork() was called. os.fork() is incompatible with multithreaded code, and JAX is multithreaded, so this will likely lead to a deadlock.
  self.pid = os.fork()
I0616 08:25:45.010848 140243058078912 spec.py:333] Evaluating on the training split.
I0616 08:26:27.703406 140243058078912 spec.py:346] Evaluating on the validation split.
I0616 08:27:07.257055 140243058078912 spec.py:363] Evaluating on the test split.
I0616 08:27:27.252032 140243058078912 submission_runner.py:516] Time since start: 48565.54s, 	Step: 16157, 	{'train/ctc_loss': Array(0.57225, dtype=float32), 'train/wer': np.float64(0.55411571454645), 'validation/ctc_loss': Array(0.5570594, dtype=float32), 'validation/wer': np.float64(0.5376623376623376), 'validation/num_examples': 5348, 'test/ctc_loss': Array(0.4614443, dtype=float32), 'test/wer': np.float64(0.4794548372026893), 'test/num_examples': 2472, 'score': 45725.89289498329, 'total_duration': 48565.539308309555, 'accumulated_submission_time': 45725.89289498329, 'accumulated_eval_time': 2838.202482700348, 'accumulated_logging_time': 1.2137043476104736}
I0616 08:27:27.291622 140227870582528 logging_writer.py:48] [16157] accumulated_eval_time=2838.2, accumulated_logging_time=1.2137, accumulated_submission_time=45725.9, global_step=16157, preemption_count=0, score=45725.9, test/ctc_loss=0.46144428849220276, test/num_examples=2472, test/wer=0.479455, total_duration=48565.5, train/ctc_loss=0.5722500085830688, train/wer=0.554116, validation/ctc_loss=0.5570594072341919, validation/num_examples=5348, validation/wer=0.537662
/usr/local/lib/python3.11/multiprocessing/popen_fork.py:66: RuntimeWarning: os.fork() was called. os.fork() is incompatible with multithreaded code, and JAX is multithreaded, so this will likely lead to a deadlock.
  self.pid = os.fork()
I0616 08:56:40.380358 140243058078912 spec.py:333] Evaluating on the training split.
I0616 08:57:22.893748 140243058078912 spec.py:346] Evaluating on the validation split.
I0616 08:58:36.806898 140243058078912 spec.py:363] Evaluating on the test split.
I0616 08:59:13.828161 140243058078912 submission_runner.py:516] Time since start: 50472.12s, 	Step: 16779, 	{'train/ctc_loss': Array(0.45945084, dtype=float32), 'train/wer': np.float64(0.5125427276674869), 'validation/ctc_loss': Array(0.46214235, dtype=float32), 'validation/wer': np.float64(0.4914401583546565), 'validation/num_examples': 5348, 'test/ctc_loss': Array(0.36350244, dtype=float32), 'test/wer': np.float64(0.4274978165051896), 'test/num_examples': 2472, 'score': 47478.96426439285, 'total_duration': 50472.11546421051, 'accumulated_submission_time': 47478.96426439285, 'accumulated_eval_time': 2991.6476566791534, 'accumulated_logging_time': 1.2641165256500244}
I0616 08:59:13.861101 140227870582528 logging_writer.py:48] [16779] accumulated_eval_time=2991.65, accumulated_logging_time=1.26412, accumulated_submission_time=47479, global_step=16779, preemption_count=0, score=47479, test/ctc_loss=0.3635024428367615, test/num_examples=2472, test/wer=0.427498, total_duration=50472.1, train/ctc_loss=0.4594508409500122, train/wer=0.512543, validation/ctc_loss=0.46214234828948975, validation/num_examples=5348, validation/wer=0.49144
I0616 09:28:32.696042 140243058078912 spec.py:333] Evaluating on the training split.
I0616 09:29:15.839153 140243058078912 spec.py:346] Evaluating on the validation split.
/usr/local/lib/python3.11/multiprocessing/popen_fork.py:66: RuntimeWarning: os.fork() was called. os.fork() is incompatible with multithreaded code, and JAX is multithreaded, so this will likely lead to a deadlock.
  self.pid = os.fork()
I0616 09:29:55.800091 140243058078912 spec.py:363] Evaluating on the test split.
I0616 09:30:15.971385 140243058078912 submission_runner.py:516] Time since start: 52334.26s, 	Step: 17364, 	{'train/ctc_loss': Array(0.38193405, dtype=float32), 'train/wer': np.float64(0.44664977324386346), 'validation/ctc_loss': Array(0.39699844, dtype=float32), 'validation/wer': np.float64(0.4389900062762516), 'validation/num_examples': 5348, 'test/ctc_loss': Array(0.30554673, dtype=float32), 'test/wer': np.float64(0.374504905246481), 'test/num_examples': 2472, 'score': 49237.782896757126, 'total_duration': 52334.25901770592, 'accumulated_submission_time': 49237.782896757126, 'accumulated_eval_time': 3094.9206268787384, 'accumulated_logging_time': 1.3074026107788086}
I0616 09:30:16.007394 140227870582528 logging_writer.py:48] [17364] accumulated_eval_time=3094.92, accumulated_logging_time=1.3074, accumulated_submission_time=49237.8, global_step=17364, preemption_count=0, score=49237.8, test/ctc_loss=0.30554673075675964, test/num_examples=2472, test/wer=0.374505, total_duration=52334.3, train/ctc_loss=0.3819340467453003, train/wer=0.44665, validation/ctc_loss=0.39699843525886536, validation/num_examples=5348, validation/wer=0.43899
/usr/local/lib/python3.11/multiprocessing/popen_fork.py:66: RuntimeWarning: os.fork() was called. os.fork() is incompatible with multithreaded code, and JAX is multithreaded, so this will likely lead to a deadlock.
  self.pid = os.fork()
I0616 09:59:31.696743 140243058078912 spec.py:333] Evaluating on the training split.
I0616 10:00:14.829194 140243058078912 spec.py:346] Evaluating on the validation split.
I0616 10:00:54.927489 140243058078912 spec.py:363] Evaluating on the test split.
I0616 10:01:15.271742 140243058078912 submission_runner.py:516] Time since start: 54193.56s, 	Step: 18088, 	{'train/ctc_loss': Array(0.33614758, dtype=float32), 'train/wer': np.float64(0.40392772379933417), 'validation/ctc_loss': Array(0.34465665, dtype=float32), 'validation/wer': np.float64(0.38766957949114084), 'validation/num_examples': 5348, 'test/ctc_loss': Array(0.25927687, dtype=float32), 'test/wer': np.float64(0.323868137225032), 'test/num_examples': 2472, 'score': 50993.45257019997, 'total_duration': 54193.559141397476, 'accumulated_submission_time': 50993.45257019997, 'accumulated_eval_time': 3198.4930832386017, 'accumulated_logging_time': 1.3555808067321777}
I0616 10:01:15.304739 140227870582528 logging_writer.py:48] [18088] accumulated_eval_time=3198.49, accumulated_logging_time=1.35558, accumulated_submission_time=50993.5, global_step=18088, preemption_count=0, score=50993.5, test/ctc_loss=0.2592768669128418, test/num_examples=2472, test/wer=0.323868, total_duration=54193.6, train/ctc_loss=0.33614757657051086, train/wer=0.403928, validation/ctc_loss=0.34465664625167847, validation/num_examples=5348, validation/wer=0.38767
/usr/local/lib/python3.11/multiprocessing/popen_fork.py:66: RuntimeWarning: os.fork() was called. os.fork() is incompatible with multithreaded code, and JAX is multithreaded, so this will likely lead to a deadlock.
  self.pid = os.fork()
I0616 10:30:23.987203 140243058078912 spec.py:333] Evaluating on the training split.
I0616 10:31:08.037709 140243058078912 spec.py:346] Evaluating on the validation split.
I0616 10:31:48.003127 140243058078912 spec.py:363] Evaluating on the test split.
I0616 10:32:08.432647 140243058078912 submission_runner.py:516] Time since start: 56046.72s, 	Step: 18630, 	{'train/ctc_loss': Array(0.26306248, dtype=float32), 'train/wer': np.float64(0.3380271860505068), 'validation/ctc_loss': Array(0.28788, dtype=float32), 'validation/wer': np.float64(0.3360305122386907), 'validation/num_examples': 5348, 'test/ctc_loss': Array(0.20773143, dtype=float32), 'test/wer': np.float64(0.2708346028070603), 'test/num_examples': 2472, 'score': 52742.11826586723, 'total_duration': 56046.72006607056, 'accumulated_submission_time': 52742.11826586723, 'accumulated_eval_time': 3302.9360756874084, 'accumulated_logging_time': 1.399294137954712}
I0616 10:32:08.466325 140227870582528 logging_writer.py:48] [18630] accumulated_eval_time=3302.94, accumulated_logging_time=1.39929, accumulated_submission_time=52742.1, global_step=18630, preemption_count=0, score=52742.1, test/ctc_loss=0.2077314257621765, test/num_examples=2472, test/wer=0.270835, total_duration=56046.7, train/ctc_loss=0.2630624771118164, train/wer=0.338027, validation/ctc_loss=0.287880003452301, validation/num_examples=5348, validation/wer=0.336031
I0616 11:01:27.799944 140243058078912 spec.py:333] Evaluating on the training split.
I0616 11:02:11.910872 140243058078912 spec.py:346] Evaluating on the validation split.
/usr/local/lib/python3.11/multiprocessing/popen_fork.py:66: RuntimeWarning: os.fork() was called. os.fork() is incompatible with multithreaded code, and JAX is multithreaded, so this will likely lead to a deadlock.
  self.pid = os.fork()
I0616 11:02:52.229082 140243058078912 spec.py:363] Evaluating on the test split.
I0616 11:03:12.418313 140243058078912 submission_runner.py:516] Time since start: 57910.71s, 	Step: 19310, 	{'train/ctc_loss': Array(0.22523117, dtype=float32), 'train/wer': np.float64(0.2978281387300795), 'validation/ctc_loss': Array(0.25079134, dtype=float32), 'validation/wer': np.float64(0.30298846135277363), 'validation/num_examples': 5348, 'test/ctc_loss': Array(0.17744648, dtype=float32), 'test/wer': np.float64(0.23831576381695205), 'test/num_examples': 2472, 'score': 54501.43448448181, 'total_duration': 57910.70555830002, 'accumulated_submission_time': 54501.43448448181, 'accumulated_eval_time': 3407.5516843795776, 'accumulated_logging_time': 1.44356369972229}
I0616 11:03:12.452010 140227870582528 logging_writer.py:48] [19310] accumulated_eval_time=3407.55, accumulated_logging_time=1.44356, accumulated_submission_time=54501.4, global_step=19310, preemption_count=0, score=54501.4, test/ctc_loss=0.17744648456573486, test/num_examples=2472, test/wer=0.238316, total_duration=57910.7, train/ctc_loss=0.22523117065429688, train/wer=0.297828, validation/ctc_loss=0.2507913410663605, validation/num_examples=5348, validation/wer=0.302988
/usr/local/lib/python3.11/multiprocessing/popen_fork.py:66: RuntimeWarning: os.fork() was called. os.fork() is incompatible with multithreaded code, and JAX is multithreaded, so this will likely lead to a deadlock.
  self.pid = os.fork()
I0616 11:32:24.101843 140243058078912 spec.py:333] Evaluating on the training split.
I0616 11:33:07.566355 140243058078912 spec.py:346] Evaluating on the validation split.
I0616 11:33:47.950352 140243058078912 spec.py:363] Evaluating on the test split.
I0616 11:34:08.207652 140243058078912 submission_runner.py:516] Time since start: 59766.50s, 	Step: 19991, 	{'train/ctc_loss': Array(0.21206877, dtype=float32), 'train/wer': np.float64(0.276311939268461), 'validation/ctc_loss': Array(0.23659237, dtype=float32), 'validation/wer': np.float64(0.2843914449862405), 'validation/num_examples': 5348, 'test/ctc_loss': Array(0.16267365, dtype=float32), 'test/wer': np.float64(0.2196494221355595), 'test/num_examples': 2472, 'score': 56253.06663417816, 'total_duration': 59766.49517059326, 'accumulated_submission_time': 56253.06663417816, 'accumulated_eval_time': 3511.6551582813263, 'accumulated_logging_time': 1.4877698421478271}
I0616 11:34:08.248076 140227870582528 logging_writer.py:48] [19991] accumulated_eval_time=3511.66, accumulated_logging_time=1.48777, accumulated_submission_time=56253.1, global_step=19991, preemption_count=0, score=56253.1, test/ctc_loss=0.16267365217208862, test/num_examples=2472, test/wer=0.219649, total_duration=59766.5, train/ctc_loss=0.21206876635551453, train/wer=0.276312, validation/ctc_loss=0.2365923672914505, validation/num_examples=5348, validation/wer=0.284391
I0616 12:03:15.663105 140243058078912 spec.py:333] Evaluating on the training split.
I0616 12:03:58.021752 140243058078912 spec.py:346] Evaluating on the validation split.
/usr/local/lib/python3.11/multiprocessing/popen_fork.py:66: RuntimeWarning: os.fork() was called. os.fork() is incompatible with multithreaded code, and JAX is multithreaded, so this will likely lead to a deadlock.
  self.pid = os.fork()
I0616 12:04:38.088994 140243058078912 spec.py:363] Evaluating on the test split.
I0616 12:04:58.357372 140243058078912 submission_runner.py:516] Time since start: 61616.64s, 	Step: 20531, 	{'train/ctc_loss': Array(0.20259437, dtype=float32), 'train/wer': np.float64(0.26559298558886485), 'validation/ctc_loss': Array(0.22112809, dtype=float32), 'validation/wer': np.float64(0.2678511079998069), 'validation/num_examples': 5348, 'test/ctc_loss': Array(0.15313248, dtype=float32), 'test/wer': np.float64(0.20642658379542178), 'test/num_examples': 2472, 'score': 58000.465024232864, 'total_duration': 61616.64493536949, 'accumulated_submission_time': 58000.465024232864, 'accumulated_eval_time': 3614.346986055374, 'accumulated_logging_time': 1.5390937328338623}
I0616 12:04:58.390995 140227870582528 logging_writer.py:48] [20531] accumulated_eval_time=3614.35, accumulated_logging_time=1.53909, accumulated_submission_time=58000.5, global_step=20531, preemption_count=0, score=58000.5, test/ctc_loss=0.15313248336315155, test/num_examples=2472, test/wer=0.206427, total_duration=61616.6, train/ctc_loss=0.20259436964988708, train/wer=0.265593, validation/ctc_loss=0.22112809121608734, validation/num_examples=5348, validation/wer=0.267851
/usr/local/lib/python3.11/multiprocessing/popen_fork.py:66: RuntimeWarning: os.fork() was called. os.fork() is incompatible with multithreaded code, and JAX is multithreaded, so this will likely lead to a deadlock.
  self.pid = os.fork()
I0616 12:34:12.201701 140243058078912 spec.py:333] Evaluating on the training split.
I0616 12:34:55.996282 140243058078912 spec.py:346] Evaluating on the validation split.
I0616 12:35:35.930266 140243058078912 spec.py:363] Evaluating on the test split.
I0616 12:35:56.005010 140243058078912 submission_runner.py:516] Time since start: 63474.29s, 	Step: 21273, 	{'train/ctc_loss': Array(0.1816569, dtype=float32), 'train/wer': np.float64(0.24145873947657892), 'validation/ctc_loss': Array(0.20977339, dtype=float32), 'validation/wer': np.float64(0.2553565393714093), 'validation/num_examples': 5348, 'test/ctc_loss': Array(0.14248046, dtype=float32), 'test/wer': np.float64(0.1928787601811793), 'test/num_examples': 2472, 'score': 59754.257272958755, 'total_duration': 63474.29232621193, 'accumulated_submission_time': 59754.257272958755, 'accumulated_eval_time': 3718.1476590633392, 'accumulated_logging_time': 1.583484411239624}
I0616 12:35:56.046640 140227870582528 logging_writer.py:48] [21273] accumulated_eval_time=3718.15, accumulated_logging_time=1.58348, accumulated_submission_time=59754.3, global_step=21273, preemption_count=0, score=59754.3, test/ctc_loss=0.14248046278953552, test/num_examples=2472, test/wer=0.192879, total_duration=63474.3, train/ctc_loss=0.18165689706802368, train/wer=0.241459, validation/ctc_loss=0.20977339148521423, validation/num_examples=5348, validation/wer=0.255357
/usr/local/lib/python3.11/multiprocessing/popen_fork.py:66: RuntimeWarning: os.fork() was called. os.fork() is incompatible with multithreaded code, and JAX is multithreaded, so this will likely lead to a deadlock.
  self.pid = os.fork()
I0616 13:05:09.292018 140243058078912 spec.py:333] Evaluating on the training split.
I0616 13:05:53.212748 140243058078912 spec.py:346] Evaluating on the validation split.
I0616 13:07:07.754158 140243058078912 spec.py:363] Evaluating on the test split.
I0616 13:07:43.979197 140243058078912 submission_runner.py:516] Time since start: 65382.27s, 	Step: 21892, 	{'train/ctc_loss': Array(0.1693898, dtype=float32), 'train/wer': np.float64(0.22854036362005964), 'validation/ctc_loss': Array(0.19988652, dtype=float32), 'validation/wer': np.float64(0.24277506879737362), 'validation/num_examples': 5348, 'test/ctc_loss': Array(0.1338218, dtype=float32), 'test/wer': np.float64(0.18182926086161721), 'test/num_examples': 2472, 'score': 61507.485256671906, 'total_duration': 65382.26668095589, 'accumulated_submission_time': 61507.485256671906, 'accumulated_eval_time': 3872.832458972931, 'accumulated_logging_time': 1.6358981132507324}
I0616 13:07:44.016878 140227870582528 logging_writer.py:48] [21892] accumulated_eval_time=3872.83, accumulated_logging_time=1.6359, accumulated_submission_time=61507.5, global_step=21892, preemption_count=0, score=61507.5, test/ctc_loss=0.13382180035114288, test/num_examples=2472, test/wer=0.181829, total_duration=65382.3, train/ctc_loss=0.16938979923725128, train/wer=0.22854, validation/ctc_loss=0.1998865157365799, validation/num_examples=5348, validation/wer=0.242775
I0616 13:36:52.036298 140243058078912 spec.py:333] Evaluating on the training split.
I0616 13:37:35.520396 140243058078912 spec.py:346] Evaluating on the validation split.
/usr/local/lib/python3.11/multiprocessing/popen_fork.py:66: RuntimeWarning: os.fork() was called. os.fork() is incompatible with multithreaded code, and JAX is multithreaded, so this will likely lead to a deadlock.
  self.pid = os.fork()
I0616 13:38:15.444641 140243058078912 spec.py:363] Evaluating on the test split.
I0616 13:38:35.886111 140243058078912 submission_runner.py:516] Time since start: 67234.17s, 	Step: 22489, 	{'train/ctc_loss': Array(0.16462615, dtype=float32), 'train/wer': np.float64(0.2267525443840993), 'validation/ctc_loss': Array(0.19137184, dtype=float32), 'validation/wer': np.float64(0.2347897455704147), 'validation/num_examples': 5348, 'test/ctc_loss': Array(0.12697247, dtype=float32), 'test/wer': np.float64(0.1730546584607885), 'test/num_examples': 2472, 'score': 63255.48766589165, 'total_duration': 67234.17382740974, 'accumulated_submission_time': 63255.48766589165, 'accumulated_eval_time': 3976.6799733638763, 'accumulated_logging_time': 1.6844768524169922}
I0616 13:38:35.924722 140227870582528 logging_writer.py:48] [22489] accumulated_eval_time=3976.68, accumulated_logging_time=1.68448, accumulated_submission_time=63255.5, global_step=22489, preemption_count=0, score=63255.5, test/ctc_loss=0.12697246670722961, test/num_examples=2472, test/wer=0.173055, total_duration=67234.2, train/ctc_loss=0.16462615132331848, train/wer=0.226753, validation/ctc_loss=0.1913718432188034, validation/num_examples=5348, validation/wer=0.23479
/usr/local/lib/python3.11/multiprocessing/popen_fork.py:66: RuntimeWarning: os.fork() was called. os.fork() is incompatible with multithreaded code, and JAX is multithreaded, so this will likely lead to a deadlock.
  self.pid = os.fork()
I0616 14:07:54.510754 140243058078912 spec.py:333] Evaluating on the training split.
I0616 14:08:37.543381 140243058078912 spec.py:346] Evaluating on the validation split.
I0616 14:09:17.680418 140243058078912 spec.py:363] Evaluating on the test split.
I0616 14:09:38.104175 140243058078912 submission_runner.py:516] Time since start: 69096.39s, 	Step: 23210, 	{'train/ctc_loss': Array(0.1534193, dtype=float32), 'train/wer': np.float64(0.2106135339017096), 'validation/ctc_loss': Array(0.18487549, dtype=float32), 'validation/wer': np.float64(0.22808863998455076), 'validation/num_examples': 5348, 'test/ctc_loss': Array(0.12232045, dtype=float32), 'test/wer': np.float64(0.1685251762029533), 'test/num_examples': 2472, 'score': 65014.05562067032, 'total_duration': 69096.39150261879, 'accumulated_submission_time': 65014.05562067032, 'accumulated_eval_time': 4080.27086853981, 'accumulated_logging_time': 1.7340662479400635}
I0616 14:09:38.138898 140227870582528 logging_writer.py:48] [23210] accumulated_eval_time=4080.27, accumulated_logging_time=1.73407, accumulated_submission_time=65014.1, global_step=23210, preemption_count=0, score=65014.1, test/ctc_loss=0.12232045084238052, test/num_examples=2472, test/wer=0.168525, total_duration=69096.4, train/ctc_loss=0.15341930091381073, train/wer=0.210614, validation/ctc_loss=0.18487548828125, validation/num_examples=5348, validation/wer=0.228089
/usr/local/lib/python3.11/multiprocessing/popen_fork.py:66: RuntimeWarning: os.fork() was called. os.fork() is incompatible with multithreaded code, and JAX is multithreaded, so this will likely lead to a deadlock.
  self.pid = os.fork()
I0616 14:38:45.638097 140227870582528 logging_writer.py:48] [23721] global_step=23721, preemption_count=0, score=66761.5
I0616 14:38:52.208703 140243058078912 submission_runner.py:857] Final librispeech_conformer score: 66761.50046300888
