torchrun --redirects 1:0,2:0,3:0 --standalone --nnodes=1 --nproc_per_node=4 submission_runner.py --framework=pytorch --workload=fastmri --submission_path=submissions_algorithms/submissions/self_tuning/schedule_free_adamw/submission.py --data_dir=/data/fastmri --experiment_dir=/experiment_runs --experiment_name=submissions_a100/schedule_free_adamw/study_2 --overwrite=True --save_checkpoints=False --rng_seed=-643468202 --torch_compile=true --tuning_ruleset=self 2>&1 | tee -a /logs/fastmri_pytorch_04-25-2026-21-56-46.log
W0425 21:57:08.857000 9 site-packages/torch/distributed/run.py:803] 
W0425 21:57:08.857000 9 site-packages/torch/distributed/run.py:803] *****************************************
W0425 21:57:08.857000 9 site-packages/torch/distributed/run.py:803] Setting OMP_NUM_THREADS environment variable for each process to be 1 in default, to avoid your system being overloaded, please further tune the variable for optimal performance in your application as needed. 
W0425 21:57:08.857000 9 site-packages/torch/distributed/run.py:803] *****************************************
2026-04-25 21:57:18.802162: E external/local_xla/xla/stream_executor/cuda/cuda_fft.cc:467] Unable to register cuFFT factory: Attempting to register factory for plugin cuFFT when one has already been registered
2026-04-25 21:57:18.802162: E external/local_xla/xla/stream_executor/cuda/cuda_fft.cc:467] Unable to register cuFFT factory: Attempting to register factory for plugin cuFFT when one has already been registered
2026-04-25 21:57:18.802162: E external/local_xla/xla/stream_executor/cuda/cuda_fft.cc:467] Unable to register cuFFT factory: Attempting to register factory for plugin cuFFT when one has already been registered
2026-04-25 21:57:18.802162: E external/local_xla/xla/stream_executor/cuda/cuda_fft.cc:467] Unable to register cuFFT factory: Attempting to register factory for plugin cuFFT when one has already been registered
WARNING: All log messages before absl::InitializeLog() is called are written to STDERR
WARNING: All log messages before absl::InitializeLog() is called are written to STDERR
WARNING: All log messages before absl::InitializeLog() is called are written to STDERR
WARNING: All log messages before absl::InitializeLog() is called are written to STDERR
E0000 00:00:1777154239.233162      38 cuda_dnn.cc:8579] Unable to register cuDNN factory: Attempting to register factory for plugin cuDNN when one has already been registered
E0000 00:00:1777154239.233129      40 cuda_dnn.cc:8579] Unable to register cuDNN factory: Attempting to register factory for plugin cuDNN when one has already been registered
E0000 00:00:1777154239.233154      39 cuda_dnn.cc:8579] Unable to register cuDNN factory: Attempting to register factory for plugin cuDNN when one has already been registered
E0000 00:00:1777154239.233131      41 cuda_dnn.cc:8579] Unable to register cuDNN factory: Attempting to register factory for plugin cuDNN when one has already been registered
E0000 00:00:1777154239.403361      38 cuda_blas.cc:1407] Unable to register cuBLAS factory: Attempting to register factory for plugin cuBLAS when one has already been registered
E0000 00:00:1777154239.403368      39 cuda_blas.cc:1407] Unable to register cuBLAS factory: Attempting to register factory for plugin cuBLAS when one has already been registered
E0000 00:00:1777154239.403369      41 cuda_blas.cc:1407] Unable to register cuBLAS factory: Attempting to register factory for plugin cuBLAS when one has already been registered
E0000 00:00:1777154239.403385      40 cuda_blas.cc:1407] Unable to register cuBLAS factory: Attempting to register factory for plugin cuBLAS when one has already been registered
W0000 00:00:1777154240.909600      39 computation_placer.cc:177] computation placer already registered. Please check linkage and avoid linking the same target more than once.
W0000 00:00:1777154240.909604      38 computation_placer.cc:177] computation placer already registered. Please check linkage and avoid linking the same target more than once.
W0000 00:00:1777154240.909606      40 computation_placer.cc:177] computation placer already registered. Please check linkage and avoid linking the same target more than once.
W0000 00:00:1777154240.909616      41 computation_placer.cc:177] computation placer already registered. Please check linkage and avoid linking the same target more than once.
W0000 00:00:1777154240.909644      40 computation_placer.cc:177] computation placer already registered. Please check linkage and avoid linking the same target more than once.
W0000 00:00:1777154240.909644      38 computation_placer.cc:177] computation placer already registered. Please check linkage and avoid linking the same target more than once.
W0000 00:00:1777154240.909645      41 computation_placer.cc:177] computation placer already registered. Please check linkage and avoid linking the same target more than once.
W0000 00:00:1777154240.909646      39 computation_placer.cc:177] computation placer already registered. Please check linkage and avoid linking the same target more than once.
W0000 00:00:1777154240.909647      40 computation_placer.cc:177] computation placer already registered. Please check linkage and avoid linking the same target more than once.
W0000 00:00:1777154240.909648      38 computation_placer.cc:177] computation placer already registered. Please check linkage and avoid linking the same target more than once.
W0000 00:00:1777154240.909648      41 computation_placer.cc:177] computation placer already registered. Please check linkage and avoid linking the same target more than once.
W0000 00:00:1777154240.909649      39 computation_placer.cc:177] computation placer already registered. Please check linkage and avoid linking the same target more than once.
W0000 00:00:1777154240.909650      40 computation_placer.cc:177] computation placer already registered. Please check linkage and avoid linking the same target more than once.
W0000 00:00:1777154240.909650      38 computation_placer.cc:177] computation placer already registered. Please check linkage and avoid linking the same target more than once.
W0000 00:00:1777154240.909651      41 computation_placer.cc:177] computation placer already registered. Please check linkage and avoid linking the same target more than once.
W0000 00:00:1777154240.909651      39 computation_placer.cc:177] computation placer already registered. Please check linkage and avoid linking the same target more than once.
W0000 00:00:1777154269.655567      40 gpu_device.cc:2341] Cannot dlopen some GPU libraries. Please make sure the missing libraries mentioned above are installed properly if you would like to use GPU. Follow the guide at https://www.tensorflow.org/install/gpu for how to download and setup the required libraries for your platform.
Skipping registering GPU devices...
W0000 00:00:1777154269.655565      38 gpu_device.cc:2341] Cannot dlopen some GPU libraries. Please make sure the missing libraries mentioned above are installed properly if you would like to use GPU. Follow the guide at https://www.tensorflow.org/install/gpu for how to download and setup the required libraries for your platform.
Skipping registering GPU devices...
W0000 00:00:1777154269.792212      41 gpu_device.cc:2341] Cannot dlopen some GPU libraries. Please make sure the missing libraries mentioned above are installed properly if you would like to use GPU. Follow the guide at https://www.tensorflow.org/install/gpu for how to download and setup the required libraries for your platform.
Skipping registering GPU devices...
W0000 00:00:1777154269.809858      39 gpu_device.cc:2341] Cannot dlopen some GPU libraries. Please make sure the missing libraries mentioned above are installed properly if you would like to use GPU. Follow the guide at https://www.tensorflow.org/install/gpu for how to download and setup the required libraries for your platform.
Skipping registering GPU devices...
/usr/local/lib/python3.11/site-packages/torch/__init__.py:1617: UserWarning: Please use the new API settings to control TF32 behavior, such as torch.backends.cudnn.conv.fp32_precision = 'tf32' or torch.backends.cuda.matmul.fp32_precision = 'ieee'. Old settings, e.g, torch.backends.cuda.matmul.allow_tf32 = True, torch.backends.cudnn.allow_tf32 = True, allowTF32CuDNN() and allowTF32CuBLAS() will be deprecated after Pytorch 2.9. Please see https://pytorch.org/docs/main/notes/cuda.html#tensorfloat-32-tf32-on-ampere-and-later-devices (Triggered internally at /pytorch/aten/src/ATen/Context.cpp:80.)
  _C._set_float32_matmul_precision(precision)
/usr/local/lib/python3.11/site-packages/torch/__init__.py:1617: UserWarning: Please use the new API settings to control TF32 behavior, such as torch.backends.cudnn.conv.fp32_precision = 'tf32' or torch.backends.cuda.matmul.fp32_precision = 'ieee'. Old settings, e.g, torch.backends.cuda.matmul.allow_tf32 = True, torch.backends.cudnn.allow_tf32 = True, allowTF32CuDNN() and allowTF32CuBLAS() will be deprecated after Pytorch 2.9. Please see https://pytorch.org/docs/main/notes/cuda.html#tensorfloat-32-tf32-on-ampere-and-later-devices (Triggered internally at /pytorch/aten/src/ATen/Context.cpp:80.)
  _C._set_float32_matmul_precision(precision)
/usr/local/lib/python3.11/site-packages/torch/__init__.py:1617: UserWarning: Please use the new API settings to control TF32 behavior, such as torch.backends.cudnn.conv.fp32_precision = 'tf32' or torch.backends.cuda.matmul.fp32_precision = 'ieee'. Old settings, e.g, torch.backends.cuda.matmul.allow_tf32 = True, torch.backends.cudnn.allow_tf32 = True, allowTF32CuDNN() and allowTF32CuBLAS() will be deprecated after Pytorch 2.9. Please see https://pytorch.org/docs/main/notes/cuda.html#tensorfloat-32-tf32-on-ampere-and-later-devices (Triggered internally at /pytorch/aten/src/ATen/Context.cpp:80.)
  _C._set_float32_matmul_precision(precision)
/usr/local/lib/python3.11/site-packages/torch/__init__.py:1617: UserWarning: Please use the new API settings to control TF32 behavior, such as torch.backends.cudnn.conv.fp32_precision = 'tf32' or torch.backends.cuda.matmul.fp32_precision = 'ieee'. Old settings, e.g, torch.backends.cuda.matmul.allow_tf32 = True, torch.backends.cudnn.allow_tf32 = True, allowTF32CuDNN() and allowTF32CuBLAS() will be deprecated after Pytorch 2.9. Please see https://pytorch.org/docs/main/notes/cuda.html#tensorfloat-32-tf32-on-ampere-and-later-devices (Triggered internally at /pytorch/aten/src/ATen/Context.cpp:80.)
  _C._set_float32_matmul_precision(precision)
/usr/local/lib/python3.11/site-packages/pydantic/_internal/_generate_schema.py:2249: UnsupportedFieldAttributeWarning: The 'repr' attribute with value False was provided to the `Field()` function, which has no effect in the context it was used. 'repr' is field-specific metadata, and can only be attached to a model field using `Annotated` metadata or by assignment. This may have happened because an `Annotated` type alias using the `type` statement was used, or if the `Field()` function was attached to a single member of a union type.
  warnings.warn(
/usr/local/lib/python3.11/site-packages/pydantic/_internal/_generate_schema.py:2249: UnsupportedFieldAttributeWarning: The 'repr' attribute with value False was provided to the `Field()` function, which has no effect in the context it was used. 'repr' is field-specific metadata, and can only be attached to a model field using `Annotated` metadata or by assignment. This may have happened because an `Annotated` type alias using the `type` statement was used, or if the `Field()` function was attached to a single member of a union type.
  warnings.warn(
/usr/local/lib/python3.11/site-packages/pydantic/_internal/_generate_schema.py:2249: UnsupportedFieldAttributeWarning: The 'repr' attribute with value False was provided to the `Field()` function, which has no effect in the context it was used. 'repr' is field-specific metadata, and can only be attached to a model field using `Annotated` metadata or by assignment. This may have happened because an `Annotated` type alias using the `type` statement was used, or if the `Field()` function was attached to a single member of a union type.
  warnings.warn(
/usr/local/lib/python3.11/site-packages/pydantic/_internal/_generate_schema.py:2249: UnsupportedFieldAttributeWarning: The 'frozen' attribute with value True was provided to the `Field()` function, which has no effect in the context it was used. 'frozen' is field-specific metadata, and can only be attached to a model field using `Annotated` metadata or by assignment. This may have happened because an `Annotated` type alias using the `type` statement was used, or if the `Field()` function was attached to a single member of a union type.
  warnings.warn(
/usr/local/lib/python3.11/site-packages/pydantic/_internal/_generate_schema.py:2249: UnsupportedFieldAttributeWarning: The 'frozen' attribute with value True was provided to the `Field()` function, which has no effect in the context it was used. 'frozen' is field-specific metadata, and can only be attached to a model field using `Annotated` metadata or by assignment. This may have happened because an `Annotated` type alias using the `type` statement was used, or if the `Field()` function was attached to a single member of a union type.
  warnings.warn(
/usr/local/lib/python3.11/site-packages/pydantic/_internal/_generate_schema.py:2249: UnsupportedFieldAttributeWarning: The 'frozen' attribute with value True was provided to the `Field()` function, which has no effect in the context it was used. 'frozen' is field-specific metadata, and can only be attached to a model field using `Annotated` metadata or by assignment. This may have happened because an `Annotated` type alias using the `type` statement was used, or if the `Field()` function was attached to a single member of a union type.
  warnings.warn(
/usr/local/lib/python3.11/site-packages/pydantic/_internal/_generate_schema.py:2249: UnsupportedFieldAttributeWarning: The 'repr' attribute with value False was provided to the `Field()` function, which has no effect in the context it was used. 'repr' is field-specific metadata, and can only be attached to a model field using `Annotated` metadata or by assignment. This may have happened because an `Annotated` type alias using the `type` statement was used, or if the `Field()` function was attached to a single member of a union type.
  warnings.warn(
/usr/local/lib/python3.11/site-packages/pydantic/_internal/_generate_schema.py:2249: UnsupportedFieldAttributeWarning: The 'frozen' attribute with value True was provided to the `Field()` function, which has no effect in the context it was used. 'frozen' is field-specific metadata, and can only be attached to a model field using `Annotated` metadata or by assignment. This may have happened because an `Annotated` type alias using the `type` statement was used, or if the `Field()` function was attached to a single member of a union type.
  warnings.warn(
I0425 21:58:06.447010 140582814110912 logger_utils.py:59] Removing existing experiment directory /experiment_runs/submissions_a100/schedule_free_adamw/study_2/fastmri_pytorch because --overwrite was set.
I0425 21:58:06.447009 139793301542080 logger_utils.py:59] Removing existing experiment directory /experiment_runs/submissions_a100/schedule_free_adamw/study_2/fastmri_pytorch because --overwrite was set.
I0425 21:58:06.447011 139845300536512 logger_utils.py:59] Removing existing experiment directory /experiment_runs/submissions_a100/schedule_free_adamw/study_2/fastmri_pytorch because --overwrite was set.
I0425 21:58:06.447018 139826868290752 logger_utils.py:59] Removing existing experiment directory /experiment_runs/submissions_a100/schedule_free_adamw/study_2/fastmri_pytorch because --overwrite was set.
/usr/local/lib/python3.11/site-packages/torch/distributed/distributed_c10d.py:4876: UserWarning: barrier(): using the device under current context. You can specify `device_id` in `init_process_group` to mute this warning.
  warnings.warn(  # warn only once
[rank0]:[W425 21:58:06.019166596 ProcessGroupNCCL.cpp:5068] Guessing device ID based on global rank. This can cause a hang if rank to GPU mapping is heterogeneous. You can specify device_id in init_process_group()
I0425 21:58:08.274021 139845300536512 logger_utils.py:84] Creating experiment directory at /experiment_runs/submissions_a100/schedule_free_adamw/study_2/fastmri_pytorch.
I0425 21:58:08.274018 139826868290752 logger_utils.py:84] Creating experiment directory at /experiment_runs/submissions_a100/schedule_free_adamw/study_2/fastmri_pytorch.
I0425 21:58:08.274019 140582814110912 logger_utils.py:84] Creating experiment directory at /experiment_runs/submissions_a100/schedule_free_adamw/study_2/fastmri_pytorch.
I0425 21:58:08.274050 139793301542080 logger_utils.py:84] Creating experiment directory at /experiment_runs/submissions_a100/schedule_free_adamw/study_2/fastmri_pytorch.
I0425 21:58:08.616967 139793301542080 submission_runner.py:741] Creating directory at /experiment_runs/submissions_a100/schedule_free_adamw/study_2/fastmri_pytorch/trial_1.
I0425 21:58:08.937980 139793301542080 submission_runner.py:242] Initializing dataset.
I0425 21:58:08.938175 139793301542080 submission_runner.py:251] Initializing model.
I0425 21:58:09.971336 139793301542080 submission_runner.py:290] Performing `torch.compile`.
I0425 21:58:13.220693 139793301542080 submission_runner.py:294] Initializing optimizer.
I0425 21:58:13.221266 139793301542080 submission_runner.py:299] Initializing metrics bundle.
I0425 21:58:13.221427 139793301542080 submission_runner.py:321] Initializing checkpoint and logger.
I0425 21:58:13.224318 139793301542080 submission_runner.py:344] Saving meta data to /experiment_runs/submissions_a100/schedule_free_adamw/study_2/fastmri_pytorch/trial_1/meta_data_0.json.
I0425 21:58:13.224391 139826868290752 logger_utils.py:283] Unable to record workload.train_mean information. Continuing without it.
I0425 21:58:13.224402 139845300536512 logger_utils.py:283] Unable to record workload.train_mean information. Continuing without it.
I0425 21:58:13.224414 140582814110912 logger_utils.py:283] Unable to record workload.train_mean information. Continuing without it.
I0425 21:58:13.224513 139793301542080 logger_utils.py:283] Unable to record workload.train_mean information. Continuing without it.
I0425 21:58:13.224547 139826868290752 logger_utils.py:283] Unable to record workload.train_stddev information. Continuing without it.
I0425 21:58:13.224555 139845300536512 logger_utils.py:283] Unable to record workload.train_stddev information. Continuing without it.
I0425 21:58:13.224570 139793301542080 logger_utils.py:283] Unable to record workload.train_stddev information. Continuing without it.
I0425 21:58:13.224569 140582814110912 logger_utils.py:283] Unable to record workload.train_stddev information. Continuing without it.
I0425 21:58:13.658358 139793301542080 submission_runner.py:348] Saving flags to /experiment_runs/submissions_a100/schedule_free_adamw/study_2/fastmri_pytorch/trial_1/flags_0.json.
I0425 21:58:13.827113 139793301542080 submission_runner.py:359] Starting training loop.
WARNING:tensorflow:AutoGraph could not transform <function array at 0x7f2417b08220> and will run it as-is.
Please report this to the TensorFlow team. When filing the bug, set the verbosity to 10 (on Linux, `export AUTOGRAPH_VERBOSITY=10`) and attach the full output.
Cause: (<gast.gast.NamedExpr object at 0x7f21805fe800>, (leaf_jax_array := getattr(leaf, '__jax_array__', None)))
To silence this warning, decorate the function with @tf.autograph.experimental.do_not_convert
W0425 21:58:15.879345 139793301542080 ag_logging.py:142] AutoGraph could not transform <function array at 0x7f2417b08220> and will run it as-is.
Please report this to the TensorFlow team. When filing the bug, set the verbosity to 10 (on Linux, `export AUTOGRAPH_VERBOSITY=10`) and attach the full output.
Cause: (<gast.gast.NamedExpr object at 0x7f21805fe800>, (leaf_jax_array := getattr(leaf, '__jax_array__', None)))
To silence this warning, decorate the function with @tf.autograph.experimental.do_not_convert
WARNING:tensorflow:AutoGraph could not transform <function standard_insert_pvary at 0x7f241879cf40> and will run it as-is.
Please report this to the TensorFlow team. When filing the bug, set the verbosity to 10 (on Linux, `export AUTOGRAPH_VERBOSITY=10`) and attach the full output.
Cause: (<gast.gast.NamedExpr object at 0x7f21807091b0>, (aval := get_aval(a)))
To silence this warning, decorate the function with @tf.autograph.experimental.do_not_convert
W0425 21:58:18.047478 139793301542080 ag_logging.py:142] AutoGraph could not transform <function standard_insert_pvary at 0x7f241879cf40> and will run it as-is.
Please report this to the TensorFlow team. When filing the bug, set the verbosity to 10 (on Linux, `export AUTOGRAPH_VERBOSITY=10`) and attach the full output.
Cause: (<gast.gast.NamedExpr object at 0x7f21807091b0>, (aval := get_aval(a)))
To silence this warning, decorate the function with @tf.autograph.experimental.do_not_convert
[rank0]:W0425 22:00:25.212000 38 site-packages/torch/_logging/_internal.py:1199] [0/0] Profiler function <class 'torch.autograd.profiler.record_function'> will be ignored
[rank3]:W0425 22:00:25.212000 41 site-packages/torch/_logging/_internal.py:1199] [0/0] Profiler function <class 'torch.autograd.profiler.record_function'> will be ignored
[rank2]:W0425 22:00:25.212000 40 site-packages/torch/_logging/_internal.py:1199] [0/0] Profiler function <class 'torch.autograd.profiler.record_function'> will be ignored
[rank1]:W0425 22:00:25.212000 39 site-packages/torch/_logging/_internal.py:1199] [0/0] Profiler function <class 'torch.autograd.profiler.record_function'> will be ignored
I0425 22:01:41.416276 139793301542080 spec.py:333] Evaluating on the training split.
[rank3]:W0425 22:03:25.572000 41 site-packages/torch/_dynamo/convert_frame.py:1358] [5/8] torch._dynamo hit config.recompile_limit (8)
[rank3]:W0425 22:03:25.572000 41 site-packages/torch/_dynamo/convert_frame.py:1358] [5/8]    function: 'forward' (/algorithmic-efficiency/algoperf/workloads/fastmri/fastmri_pytorch/models.py:139)
[rank3]:W0425 22:03:25.572000 41 site-packages/torch/_dynamo/convert_frame.py:1358] [5/8]    last reason: 5/7: GLOBAL_STATE changed: grad_mode 
[rank3]:W0425 22:03:25.572000 41 site-packages/torch/_dynamo/convert_frame.py:1358] [5/8] To log all recompilation reasons, use TORCH_LOGS="recompiles".
[rank3]:W0425 22:03:25.572000 41 site-packages/torch/_dynamo/convert_frame.py:1358] [5/8] To diagnose recompilation issues, see https://pytorch.org/docs/main/torch.compiler_troubleshooting.html
[rank2]:W0425 22:03:25.575000 40 site-packages/torch/_dynamo/convert_frame.py:1358] [5/8] torch._dynamo hit config.recompile_limit (8)
[rank2]:W0425 22:03:25.575000 40 site-packages/torch/_dynamo/convert_frame.py:1358] [5/8]    function: 'forward' (/algorithmic-efficiency/algoperf/workloads/fastmri/fastmri_pytorch/models.py:139)
[rank2]:W0425 22:03:25.575000 40 site-packages/torch/_dynamo/convert_frame.py:1358] [5/8]    last reason: 5/7: GLOBAL_STATE changed: grad_mode 
[rank2]:W0425 22:03:25.575000 40 site-packages/torch/_dynamo/convert_frame.py:1358] [5/8] To log all recompilation reasons, use TORCH_LOGS="recompiles".
[rank2]:W0425 22:03:25.575000 40 site-packages/torch/_dynamo/convert_frame.py:1358] [5/8] To diagnose recompilation issues, see https://pytorch.org/docs/main/torch.compiler_troubleshooting.html
[rank1]:W0425 22:03:25.576000 39 site-packages/torch/_dynamo/convert_frame.py:1358] [5/8] torch._dynamo hit config.recompile_limit (8)
[rank1]:W0425 22:03:25.576000 39 site-packages/torch/_dynamo/convert_frame.py:1358] [5/8]    function: 'forward' (/algorithmic-efficiency/algoperf/workloads/fastmri/fastmri_pytorch/models.py:139)
[rank1]:W0425 22:03:25.576000 39 site-packages/torch/_dynamo/convert_frame.py:1358] [5/8]    last reason: 5/7: GLOBAL_STATE changed: grad_mode 
[rank1]:W0425 22:03:25.576000 39 site-packages/torch/_dynamo/convert_frame.py:1358] [5/8] To log all recompilation reasons, use TORCH_LOGS="recompiles".
[rank1]:W0425 22:03:25.576000 39 site-packages/torch/_dynamo/convert_frame.py:1358] [5/8] To diagnose recompilation issues, see https://pytorch.org/docs/main/torch.compiler_troubleshooting.html
[rank0]:W0425 22:03:25.577000 38 site-packages/torch/_dynamo/convert_frame.py:1358] [5/8] torch._dynamo hit config.recompile_limit (8)
[rank0]:W0425 22:03:25.577000 38 site-packages/torch/_dynamo/convert_frame.py:1358] [5/8]    function: 'forward' (/algorithmic-efficiency/algoperf/workloads/fastmri/fastmri_pytorch/models.py:139)
[rank0]:W0425 22:03:25.577000 38 site-packages/torch/_dynamo/convert_frame.py:1358] [5/8]    last reason: 5/7: GLOBAL_STATE changed: grad_mode 
[rank0]:W0425 22:03:25.577000 38 site-packages/torch/_dynamo/convert_frame.py:1358] [5/8] To log all recompilation reasons, use TORCH_LOGS="recompiles".
[rank0]:W0425 22:03:25.577000 38 site-packages/torch/_dynamo/convert_frame.py:1358] [5/8] To diagnose recompilation issues, see https://pytorch.org/docs/main/torch.compiler_troubleshooting.html
I0425 22:04:48.898279 139793301542080 spec.py:346] Evaluating on the validation split.
I0425 22:06:42.070702 139793301542080 spec.py:363] Evaluating on the test split.
I0425 22:08:07.233041 139793301542080 submission_runner.py:516] Time since start: 593.41s, 	Step: 1, 	{'train/ssim': 0.18349414212363108, 'train/loss': 1.2107712881905692, 'validation/ssim': 0.18313133226865855, 'validation/loss': 1.1978629932822171, 'validation/num_examples': 3554, 'test/ssim': 0.20324918378900797, 'test/loss': 1.1932025686784418, 'test/num_examples': 3581, 'score': 206.92909955978394, 'total_duration': 593.4060776233673, 'accumulated_submission_time': 206.92909955978394, 'accumulated_eval_time': 385.8169026374817, 'accumulated_logging_time': 0}
I0425 22:08:07.393886 139718615234304 logging_writer.py:48] [1] accumulated_eval_time=385.817, accumulated_logging_time=0, accumulated_submission_time=206.929, global_step=1, preemption_count=0, score=206.929, test/loss=1.1932, test/num_examples=3581, test/ssim=0.203249, total_duration=593.406, train/loss=1.21077, train/ssim=0.183494, validation/loss=1.19786, validation/num_examples=3554, validation/ssim=0.183131
I0425 22:09:57.842577 139793301542080 spec.py:333] Evaluating on the training split.
I0425 22:09:59.812350 139793301542080 spec.py:346] Evaluating on the validation split.
I0425 22:10:01.834682 139793301542080 spec.py:363] Evaluating on the test split.
I0425 22:10:03.852407 139793301542080 submission_runner.py:516] Time since start: 710.03s, 	Step: 644, 	{'train/ssim': 0.7328868593488421, 'train/loss': 0.27974091257367817, 'validation/ssim': 0.7070875108812253, 'validation/loss': 0.3011749387793683, 'validation/num_examples': 3554, 'test/ssim': 0.724268900752234, 'test/loss': 0.3032023055165282, 'test/num_examples': 3581, 'score': 315.5003550052643, 'total_duration': 710.0255734920502, 'accumulated_submission_time': 315.5003550052643, 'accumulated_eval_time': 391.8268404006958, 'accumulated_logging_time': 0.48894333839416504}
I0425 22:10:03.893669 139718606841600 logging_writer.py:48] [644] accumulated_eval_time=391.827, accumulated_logging_time=0.488943, accumulated_submission_time=315.5, global_step=644, preemption_count=0, score=315.5, test/loss=0.303202, test/num_examples=3581, test/ssim=0.724269, total_duration=710.026, train/loss=0.279741, train/ssim=0.732887, validation/loss=0.301175, validation/num_examples=3554, validation/ssim=0.707088
I0425 22:11:54.939619 139793301542080 spec.py:333] Evaluating on the training split.
I0425 22:11:56.917147 139793301542080 spec.py:346] Evaluating on the validation split.
I0425 22:11:58.939927 139793301542080 spec.py:363] Evaluating on the test split.
I0425 22:12:00.954025 139793301542080 submission_runner.py:516] Time since start: 827.13s, 	Step: 944, 	{'train/ssim': 0.7368488311767578, 'train/loss': 0.2754111460277012, 'validation/ssim': 0.7108635846053742, 'validation/loss': 0.2969647838483047, 'validation/num_examples': 3554, 'test/ssim': 0.728050660168249, 'test/loss': 0.2987358138002653, 'test/num_examples': 3581, 'score': 425.3296675682068, 'total_duration': 827.1272161006927, 'accumulated_submission_time': 425.3296675682068, 'accumulated_eval_time': 397.8417227268219, 'accumulated_logging_time': 0.5394423007965088}
I0425 22:12:00.995157 139718615234304 logging_writer.py:48] [944] accumulated_eval_time=397.842, accumulated_logging_time=0.539442, accumulated_submission_time=425.33, global_step=944, preemption_count=0, score=425.33, test/loss=0.298736, test/num_examples=3581, test/ssim=0.728051, total_duration=827.127, train/loss=0.275411, train/ssim=0.736849, validation/loss=0.296965, validation/num_examples=3554, validation/ssim=0.710864
I0425 22:13:51.580249 139793301542080 spec.py:333] Evaluating on the training split.
I0425 22:13:53.555587 139793301542080 spec.py:346] Evaluating on the validation split.
I0425 22:13:55.574576 139793301542080 spec.py:363] Evaluating on the test split.
I0425 22:13:57.583719 139793301542080 submission_runner.py:516] Time since start: 943.76s, 	Step: 1238, 	{'train/ssim': 0.7392692565917969, 'train/loss': 0.2729317290442331, 'validation/ssim': 0.7130705361696328, 'validation/loss': 0.29452763666379433, 'validation/num_examples': 3554, 'test/ssim': 0.730363076174602, 'test/loss': 0.29616466736334124, 'test/num_examples': 3581, 'score': 534.6988408565521, 'total_duration': 943.7568938732147, 'accumulated_submission_time': 534.6988408565521, 'accumulated_eval_time': 403.845410823822, 'accumulated_logging_time': 0.5898640155792236}
I0425 22:13:57.623483 139718606841600 logging_writer.py:48] [1238] accumulated_eval_time=403.845, accumulated_logging_time=0.589864, accumulated_submission_time=534.699, global_step=1238, preemption_count=0, score=534.699, test/loss=0.296165, test/num_examples=3581, test/ssim=0.730363, total_duration=943.757, train/loss=0.272932, train/ssim=0.739269, validation/loss=0.294528, validation/num_examples=3554, validation/ssim=0.713071
I0425 22:15:48.780665 139793301542080 spec.py:333] Evaluating on the training split.
I0425 22:15:50.739415 139793301542080 spec.py:346] Evaluating on the validation split.
I0425 22:15:52.756850 139793301542080 spec.py:363] Evaluating on the test split.
I0425 22:15:54.762075 139793301542080 submission_runner.py:516] Time since start: 1060.94s, 	Step: 1522, 	{'train/ssim': 0.7409118924822126, 'train/loss': 0.27178646836962017, 'validation/ssim': 0.7147446923800647, 'validation/loss': 0.2933978165007738, 'validation/num_examples': 3554, 'test/ssim': 0.7319608644146188, 'test/loss': 0.2950888737324595, 'test/num_examples': 3581, 'score': 644.6360304355621, 'total_duration': 1060.9352412223816, 'accumulated_submission_time': 644.6360304355621, 'accumulated_eval_time': 409.8272798061371, 'accumulated_logging_time': 0.6391303539276123}
I0425 22:15:54.801200 139718615234304 logging_writer.py:48] [1522] accumulated_eval_time=409.827, accumulated_logging_time=0.63913, accumulated_submission_time=644.636, global_step=1522, preemption_count=0, score=644.636, test/loss=0.295089, test/num_examples=3581, test/ssim=0.731961, total_duration=1060.94, train/loss=0.271786, train/ssim=0.740912, validation/loss=0.293398, validation/num_examples=3554, validation/ssim=0.714745
I0425 22:17:45.906760 139793301542080 spec.py:333] Evaluating on the training split.
I0425 22:17:47.885798 139793301542080 spec.py:346] Evaluating on the validation split.
I0425 22:17:49.898044 139793301542080 spec.py:363] Evaluating on the test split.
I0425 22:17:51.919584 139793301542080 submission_runner.py:516] Time since start: 1178.09s, 	Step: 1810, 	{'train/ssim': 0.7420551436288017, 'train/loss': 0.27051378999437603, 'validation/ssim': 0.715815503877673, 'validation/loss': 0.29227211801403347, 'validation/num_examples': 3554, 'test/ssim': 0.7329976950834264, 'test/loss': 0.2938894076375314, 'test/num_examples': 3581, 'score': 754.5260581970215, 'total_duration': 1178.0927727222443, 'accumulated_submission_time': 754.5260581970215, 'accumulated_eval_time': 415.840215921402, 'accumulated_logging_time': 0.687354326248169}
I0425 22:17:51.958378 139718606841600 logging_writer.py:48] [1810] accumulated_eval_time=415.84, accumulated_logging_time=0.687354, accumulated_submission_time=754.526, global_step=1810, preemption_count=0, score=754.526, test/loss=0.293889, test/num_examples=3581, test/ssim=0.732998, total_duration=1178.09, train/loss=0.270514, train/ssim=0.742055, validation/loss=0.292272, validation/num_examples=3554, validation/ssim=0.715816
I0425 22:19:42.476213 139793301542080 spec.py:333] Evaluating on the training split.
I0425 22:19:44.391968 139793301542080 spec.py:346] Evaluating on the validation split.
I0425 22:19:46.370135 139793301542080 spec.py:363] Evaluating on the test split.
I0425 22:19:48.339909 139793301542080 submission_runner.py:516] Time since start: 1294.51s, 	Step: 3639, 	{'train/ssim': 0.7450489316667829, 'train/loss': 0.2682767254965646, 'validation/ssim': 0.7185963988639561, 'validation/loss': 0.2902259461720069, 'validation/num_examples': 3554, 'test/ssim': 0.7358078007190729, 'test/loss': 0.2918016678193068, 'test/num_examples': 3581, 'score': 863.3806130886078, 'total_duration': 1294.5130596160889, 'accumulated_submission_time': 863.3806130886078, 'accumulated_eval_time': 421.70397877693176, 'accumulated_logging_time': 0.7351851463317871}
I0425 22:19:48.379872 139718615234304 logging_writer.py:48] [3639] accumulated_eval_time=421.704, accumulated_logging_time=0.735185, accumulated_submission_time=863.381, global_step=3639, preemption_count=0, score=863.381, test/loss=0.291802, test/num_examples=3581, test/ssim=0.735808, total_duration=1294.51, train/loss=0.268277, train/ssim=0.745049, validation/loss=0.290226, validation/num_examples=3554, validation/ssim=0.718596
I0425 22:21:38.914390 139793301542080 spec.py:333] Evaluating on the training split.
I0425 22:21:40.830801 139793301542080 spec.py:346] Evaluating on the validation split.
I0425 22:21:42.803186 139793301542080 spec.py:363] Evaluating on the test split.
I0425 22:21:44.779291 139793301542080 submission_runner.py:516] Time since start: 1410.95s, 	Step: 6890, 	{'train/ssim': 0.7491241182599749, 'train/loss': 0.26512197085789274, 'validation/ssim': 0.7220823065779756, 'validation/loss': 0.28767617418313873, 'validation/num_examples': 3554, 'test/ssim': 0.739375212711184, 'test/loss': 0.2890922932010961, 'test/num_examples': 3581, 'score': 971.8862247467041, 'total_duration': 1410.952467918396, 'accumulated_submission_time': 971.8862247467041, 'accumulated_eval_time': 427.56896924972534, 'accumulated_logging_time': 0.7841787338256836}
I0425 22:21:44.817780 139718606841600 logging_writer.py:48] [6890] accumulated_eval_time=427.569, accumulated_logging_time=0.784179, accumulated_submission_time=971.886, global_step=6890, preemption_count=0, score=971.886, test/loss=0.289092, test/num_examples=3581, test/ssim=0.739375, total_duration=1410.95, train/loss=0.265122, train/ssim=0.749124, validation/loss=0.287676, validation/num_examples=3554, validation/ssim=0.722082
I0425 22:23:35.361209 139793301542080 spec.py:333] Evaluating on the training split.
I0425 22:23:37.276727 139793301542080 spec.py:346] Evaluating on the validation split.
I0425 22:23:39.252241 139793301542080 spec.py:363] Evaluating on the test split.
I0425 22:23:41.220131 139793301542080 submission_runner.py:516] Time since start: 1527.39s, 	Step: 10136, 	{'train/ssim': 0.750762939453125, 'train/loss': 0.2638071264539446, 'validation/ssim': 0.7234911642251688, 'validation/loss': 0.2866109956431134, 'validation/num_examples': 3554, 'test/ssim': 0.7407939690379782, 'test/loss': 0.2879683668471621, 'test/num_examples': 3581, 'score': 1080.4002380371094, 'total_duration': 1527.3933112621307, 'accumulated_submission_time': 1080.4002380371094, 'accumulated_eval_time': 433.42801213264465, 'accumulated_logging_time': 0.8317153453826904}
I0425 22:23:41.259015 139718615234304 logging_writer.py:48] [10136] accumulated_eval_time=433.428, accumulated_logging_time=0.831715, accumulated_submission_time=1080.4, global_step=10136, preemption_count=0, score=1080.4, test/loss=0.287968, test/num_examples=3581, test/ssim=0.740794, total_duration=1527.39, train/loss=0.263807, train/ssim=0.750763, validation/loss=0.286611, validation/num_examples=3554, validation/ssim=0.723491
I0425 22:25:31.795931 139793301542080 spec.py:333] Evaluating on the training split.
I0425 22:25:33.703910 139793301542080 spec.py:346] Evaluating on the validation split.
I0425 22:25:35.671076 139793301542080 spec.py:363] Evaluating on the test split.
I0425 22:25:37.633648 139793301542080 submission_runner.py:516] Time since start: 1643.81s, 	Step: 13391, 	{'train/ssim': 0.7518032618931362, 'train/loss': 0.26300604002816336, 'validation/ssim': 0.7243006614466094, 'validation/loss': 0.2859914561772387, 'validation/num_examples': 3554, 'test/ssim': 0.7416033623638648, 'test/loss': 0.2873419596808678, 'test/num_examples': 3581, 'score': 1188.9131379127502, 'total_duration': 1643.806810617447, 'accumulated_submission_time': 1188.9131379127502, 'accumulated_eval_time': 439.2658085823059, 'accumulated_logging_time': 0.8798465728759766}
I0425 22:25:37.674513 139718606841600 logging_writer.py:48] [13391] accumulated_eval_time=439.266, accumulated_logging_time=0.879847, accumulated_submission_time=1188.91, global_step=13391, preemption_count=0, score=1188.91, test/loss=0.287342, test/num_examples=3581, test/ssim=0.741603, total_duration=1643.81, train/loss=0.263006, train/ssim=0.751803, validation/loss=0.285991, validation/num_examples=3554, validation/ssim=0.724301
I0425 22:25:38.241428 139718615234304 logging_writer.py:48] [13391] global_step=13391, preemption_count=0, score=1188.91
I0425 22:25:38.394797 139793301542080 submission_runner.py:857] Final fastmri score: 1188.9131379127502
