torchrun --redirects 1:0,2:0,3:0 --standalone --nnodes=1 --nproc_per_node=4 submission_runner.py --framework=pytorch --workload=librispeech_conformer --submission_path=submissions_algorithms/submissions/self_tuning/schedule_free_adamw/submission.py --data_dir=/data/librispeech --experiment_dir=/experiment_runs --experiment_name=submissions_a100/schedule_free_adamw/study_0 --overwrite=True --save_checkpoints=False --rng_seed=-675319495 --librispeech_tokenizer_vocab_path=/data/librispeech/spm_model.vocab --torch_compile=true --tuning_ruleset=self 2>&1 | tee -a /logs/librispeech_conformer_pytorch_04-26-2026-22-46-22.log
W0426 22:46:35.906000 9 site-packages/torch/distributed/run.py:803] 
W0426 22:46:35.906000 9 site-packages/torch/distributed/run.py:803] *****************************************
W0426 22:46:35.906000 9 site-packages/torch/distributed/run.py:803] Setting OMP_NUM_THREADS environment variable for each process to be 1 in default, to avoid your system being overloaded, please further tune the variable for optimal performance in your application as needed. 
W0426 22:46:35.906000 9 site-packages/torch/distributed/run.py:803] *****************************************
2026-04-26 22:46:42.061678: E external/local_xla/xla/stream_executor/cuda/cuda_fft.cc:467] Unable to register cuFFT factory: Attempting to register factory for plugin cuFFT when one has already been registered
2026-04-26 22:46:42.061678: E external/local_xla/xla/stream_executor/cuda/cuda_fft.cc:467] Unable to register cuFFT factory: Attempting to register factory for plugin cuFFT when one has already been registered
2026-04-26 22:46:42.061677: E external/local_xla/xla/stream_executor/cuda/cuda_fft.cc:467] Unable to register cuFFT factory: Attempting to register factory for plugin cuFFT when one has already been registered
2026-04-26 22:46:42.061677: E external/local_xla/xla/stream_executor/cuda/cuda_fft.cc:467] Unable to register cuFFT factory: Attempting to register factory for plugin cuFFT when one has already been registered
WARNING: All log messages before absl::InitializeLog() is called are written to STDERR
WARNING: All log messages before absl::InitializeLog() is called are written to STDERR
WARNING: All log messages before absl::InitializeLog() is called are written to STDERR
E0000 00:00:1777243602.101299      41 cuda_dnn.cc:8579] Unable to register cuDNN factory: Attempting to register factory for plugin cuDNN when one has already been registered
E0000 00:00:1777243602.101300      39 cuda_dnn.cc:8579] Unable to register cuDNN factory: Attempting to register factory for plugin cuDNN when one has already been registered
E0000 00:00:1777243602.101300      38 cuda_dnn.cc:8579] Unable to register cuDNN factory: Attempting to register factory for plugin cuDNN when one has already been registered
WARNING: All log messages before absl::InitializeLog() is called are written to STDERR
E0000 00:00:1777243602.101328      40 cuda_dnn.cc:8579] Unable to register cuDNN factory: Attempting to register factory for plugin cuDNN when one has already been registered
E0000 00:00:1777243602.111552      39 cuda_blas.cc:1407] Unable to register cuBLAS factory: Attempting to register factory for plugin cuBLAS when one has already been registered
E0000 00:00:1777243602.111552      38 cuda_blas.cc:1407] Unable to register cuBLAS factory: Attempting to register factory for plugin cuBLAS when one has already been registered
E0000 00:00:1777243602.111554      41 cuda_blas.cc:1407] Unable to register cuBLAS factory: Attempting to register factory for plugin cuBLAS when one has already been registered
E0000 00:00:1777243602.111552      40 cuda_blas.cc:1407] Unable to register cuBLAS factory: Attempting to register factory for plugin cuBLAS when one has already been registered
W0000 00:00:1777243602.275386      39 computation_placer.cc:177] computation placer already registered. Please check linkage and avoid linking the same target more than once.
W0000 00:00:1777243602.275386      41 computation_placer.cc:177] computation placer already registered. Please check linkage and avoid linking the same target more than once.
W0000 00:00:1777243602.275386      38 computation_placer.cc:177] computation placer already registered. Please check linkage and avoid linking the same target more than once.
W0000 00:00:1777243602.275420      41 computation_placer.cc:177] computation placer already registered. Please check linkage and avoid linking the same target more than once.
W0000 00:00:1777243602.275420      38 computation_placer.cc:177] computation placer already registered. Please check linkage and avoid linking the same target more than once.
W0000 00:00:1777243602.275422      41 computation_placer.cc:177] computation placer already registered. Please check linkage and avoid linking the same target more than once.
W0000 00:00:1777243602.275423      38 computation_placer.cc:177] computation placer already registered. Please check linkage and avoid linking the same target more than once.
W0000 00:00:1777243602.275424      41 computation_placer.cc:177] computation placer already registered. Please check linkage and avoid linking the same target more than once.
W0000 00:00:1777243602.275424      39 computation_placer.cc:177] computation placer already registered. Please check linkage and avoid linking the same target more than once.
W0000 00:00:1777243602.275425      38 computation_placer.cc:177] computation placer already registered. Please check linkage and avoid linking the same target more than once.
W0000 00:00:1777243602.275426      39 computation_placer.cc:177] computation placer already registered. Please check linkage and avoid linking the same target more than once.
W0000 00:00:1777243602.275429      39 computation_placer.cc:177] computation placer already registered. Please check linkage and avoid linking the same target more than once.
W0000 00:00:1777243602.275423      40 computation_placer.cc:177] computation placer already registered. Please check linkage and avoid linking the same target more than once.
W0000 00:00:1777243602.275453      40 computation_placer.cc:177] computation placer already registered. Please check linkage and avoid linking the same target more than once.
W0000 00:00:1777243602.275455      40 computation_placer.cc:177] computation placer already registered. Please check linkage and avoid linking the same target more than once.
W0000 00:00:1777243602.275458      40 computation_placer.cc:177] computation placer already registered. Please check linkage and avoid linking the same target more than once.
W0000 00:00:1777243621.732419      38 gpu_device.cc:2341] Cannot dlopen some GPU libraries. Please make sure the missing libraries mentioned above are installed properly if you would like to use GPU. Follow the guide at https://www.tensorflow.org/install/gpu for how to download and setup the required libraries for your platform.
Skipping registering GPU devices...
W0000 00:00:1777243621.732446      41 gpu_device.cc:2341] Cannot dlopen some GPU libraries. Please make sure the missing libraries mentioned above are installed properly if you would like to use GPU. Follow the guide at https://www.tensorflow.org/install/gpu for how to download and setup the required libraries for your platform.
Skipping registering GPU devices...
W0000 00:00:1777243621.887788      39 gpu_device.cc:2341] Cannot dlopen some GPU libraries. Please make sure the missing libraries mentioned above are installed properly if you would like to use GPU. Follow the guide at https://www.tensorflow.org/install/gpu for how to download and setup the required libraries for your platform.
Skipping registering GPU devices...
W0000 00:00:1777243621.901340      40 gpu_device.cc:2341] Cannot dlopen some GPU libraries. Please make sure the missing libraries mentioned above are installed properly if you would like to use GPU. Follow the guide at https://www.tensorflow.org/install/gpu for how to download and setup the required libraries for your platform.
Skipping registering GPU devices...
/usr/local/lib/python3.11/site-packages/torch/__init__.py:1617: UserWarning: Please use the new API settings to control TF32 behavior, such as torch.backends.cudnn.conv.fp32_precision = 'tf32' or torch.backends.cuda.matmul.fp32_precision = 'ieee'. Old settings, e.g, torch.backends.cuda.matmul.allow_tf32 = True, torch.backends.cudnn.allow_tf32 = True, allowTF32CuDNN() and allowTF32CuBLAS() will be deprecated after Pytorch 2.9. Please see https://pytorch.org/docs/main/notes/cuda.html#tensorfloat-32-tf32-on-ampere-and-later-devices (Triggered internally at /pytorch/aten/src/ATen/Context.cpp:80.)
  _C._set_float32_matmul_precision(precision)
/usr/local/lib/python3.11/site-packages/torch/__init__.py:1617: UserWarning: Please use the new API settings to control TF32 behavior, such as torch.backends.cudnn.conv.fp32_precision = 'tf32' or torch.backends.cuda.matmul.fp32_precision = 'ieee'. Old settings, e.g, torch.backends.cuda.matmul.allow_tf32 = True, torch.backends.cudnn.allow_tf32 = True, allowTF32CuDNN() and allowTF32CuBLAS() will be deprecated after Pytorch 2.9. Please see https://pytorch.org/docs/main/notes/cuda.html#tensorfloat-32-tf32-on-ampere-and-later-devices (Triggered internally at /pytorch/aten/src/ATen/Context.cpp:80.)
  _C._set_float32_matmul_precision(precision)
/usr/local/lib/python3.11/site-packages/torch/__init__.py:1617: UserWarning: Please use the new API settings to control TF32 behavior, such as torch.backends.cudnn.conv.fp32_precision = 'tf32' or torch.backends.cuda.matmul.fp32_precision = 'ieee'. Old settings, e.g, torch.backends.cuda.matmul.allow_tf32 = True, torch.backends.cudnn.allow_tf32 = True, allowTF32CuDNN() and allowTF32CuBLAS() will be deprecated after Pytorch 2.9. Please see https://pytorch.org/docs/main/notes/cuda.html#tensorfloat-32-tf32-on-ampere-and-later-devices (Triggered internally at /pytorch/aten/src/ATen/Context.cpp:80.)
  _C._set_float32_matmul_precision(precision)
/usr/local/lib/python3.11/site-packages/torch/__init__.py:1617: UserWarning: Please use the new API settings to control TF32 behavior, such as torch.backends.cudnn.conv.fp32_precision = 'tf32' or torch.backends.cuda.matmul.fp32_precision = 'ieee'. Old settings, e.g, torch.backends.cuda.matmul.allow_tf32 = True, torch.backends.cudnn.allow_tf32 = True, allowTF32CuDNN() and allowTF32CuBLAS() will be deprecated after Pytorch 2.9. Please see https://pytorch.org/docs/main/notes/cuda.html#tensorfloat-32-tf32-on-ampere-and-later-devices (Triggered internally at /pytorch/aten/src/ATen/Context.cpp:80.)
  _C._set_float32_matmul_precision(precision)
/usr/local/lib/python3.11/site-packages/pydantic/_internal/_generate_schema.py:2249: UnsupportedFieldAttributeWarning: The 'repr' attribute with value False was provided to the `Field()` function, which has no effect in the context it was used. 'repr' is field-specific metadata, and can only be attached to a model field using `Annotated` metadata or by assignment. This may have happened because an `Annotated` type alias using the `type` statement was used, or if the `Field()` function was attached to a single member of a union type.
  warnings.warn(
/usr/local/lib/python3.11/site-packages/pydantic/_internal/_generate_schema.py:2249: UnsupportedFieldAttributeWarning: The 'repr' attribute with value False was provided to the `Field()` function, which has no effect in the context it was used. 'repr' is field-specific metadata, and can only be attached to a model field using `Annotated` metadata or by assignment. This may have happened because an `Annotated` type alias using the `type` statement was used, or if the `Field()` function was attached to a single member of a union type.
  warnings.warn(
/usr/local/lib/python3.11/site-packages/pydantic/_internal/_generate_schema.py:2249: UnsupportedFieldAttributeWarning: The 'repr' attribute with value False was provided to the `Field()` function, which has no effect in the context it was used. 'repr' is field-specific metadata, and can only be attached to a model field using `Annotated` metadata or by assignment. This may have happened because an `Annotated` type alias using the `type` statement was used, or if the `Field()` function was attached to a single member of a union type.
  warnings.warn(
/usr/local/lib/python3.11/site-packages/pydantic/_internal/_generate_schema.py:2249: UnsupportedFieldAttributeWarning: The 'repr' attribute with value False was provided to the `Field()` function, which has no effect in the context it was used. 'repr' is field-specific metadata, and can only be attached to a model field using `Annotated` metadata or by assignment. This may have happened because an `Annotated` type alias using the `type` statement was used, or if the `Field()` function was attached to a single member of a union type.
  warnings.warn(
/usr/local/lib/python3.11/site-packages/pydantic/_internal/_generate_schema.py:2249: UnsupportedFieldAttributeWarning: The 'frozen' attribute with value True was provided to the `Field()` function, which has no effect in the context it was used. 'frozen' is field-specific metadata, and can only be attached to a model field using `Annotated` metadata or by assignment. This may have happened because an `Annotated` type alias using the `type` statement was used, or if the `Field()` function was attached to a single member of a union type.
  warnings.warn(
/usr/local/lib/python3.11/site-packages/pydantic/_internal/_generate_schema.py:2249: UnsupportedFieldAttributeWarning: The 'frozen' attribute with value True was provided to the `Field()` function, which has no effect in the context it was used. 'frozen' is field-specific metadata, and can only be attached to a model field using `Annotated` metadata or by assignment. This may have happened because an `Annotated` type alias using the `type` statement was used, or if the `Field()` function was attached to a single member of a union type.
  warnings.warn(
/usr/local/lib/python3.11/site-packages/pydantic/_internal/_generate_schema.py:2249: UnsupportedFieldAttributeWarning: The 'frozen' attribute with value True was provided to the `Field()` function, which has no effect in the context it was used. 'frozen' is field-specific metadata, and can only be attached to a model field using `Annotated` metadata or by assignment. This may have happened because an `Annotated` type alias using the `type` statement was used, or if the `Field()` function was attached to a single member of a union type.
  warnings.warn(
/usr/local/lib/python3.11/site-packages/pydantic/_internal/_generate_schema.py:2249: UnsupportedFieldAttributeWarning: The 'frozen' attribute with value True was provided to the `Field()` function, which has no effect in the context it was used. 'frozen' is field-specific metadata, and can only be attached to a model field using `Annotated` metadata or by assignment. This may have happened because an `Annotated` type alias using the `type` statement was used, or if the `Field()` function was attached to a single member of a union type.
  warnings.warn(
I0426 22:47:07.657897 139828850988224 logger_utils.py:59] Removing existing experiment directory /experiment_runs/submissions_a100/schedule_free_adamw/study_0/librispeech_conformer_pytorch because --overwrite was set.
I0426 22:47:07.657888 139844741022912 logger_utils.py:59] Removing existing experiment directory /experiment_runs/submissions_a100/schedule_free_adamw/study_0/librispeech_conformer_pytorch because --overwrite was set.
I0426 22:47:07.657901 140612688639168 logger_utils.py:59] Removing existing experiment directory /experiment_runs/submissions_a100/schedule_free_adamw/study_0/librispeech_conformer_pytorch because --overwrite was set.
I0426 22:47:07.658890 140301812380864 logger_utils.py:59] Removing existing experiment directory /experiment_runs/submissions_a100/schedule_free_adamw/study_0/librispeech_conformer_pytorch because --overwrite was set.
/usr/local/lib/python3.11/site-packages/torch/distributed/distributed_c10d.py:4876: UserWarning: barrier(): using the device under current context. You can specify `device_id` in `init_process_group` to mute this warning.
  warnings.warn(  # warn only once
[rank0]:[W426 22:47:07.024719529 ProcessGroupNCCL.cpp:5068] Guessing device ID based on global rank. This can cause a hang if rank to GPU mapping is heterogeneous. You can specify device_id in init_process_group()
I0426 22:47:08.456537 139828850988224 logger_utils.py:84] Creating experiment directory at /experiment_runs/submissions_a100/schedule_free_adamw/study_0/librispeech_conformer_pytorch.
I0426 22:47:08.456543 140301812380864 logger_utils.py:84] Creating experiment directory at /experiment_runs/submissions_a100/schedule_free_adamw/study_0/librispeech_conformer_pytorch.
I0426 22:47:08.456536 140612688639168 logger_utils.py:84] Creating experiment directory at /experiment_runs/submissions_a100/schedule_free_adamw/study_0/librispeech_conformer_pytorch.
I0426 22:47:08.456573 139844741022912 logger_utils.py:84] Creating experiment directory at /experiment_runs/submissions_a100/schedule_free_adamw/study_0/librispeech_conformer_pytorch.
I0426 22:47:08.493644 140301812380864 submission_runner.py:741] Creating directory at /experiment_runs/submissions_a100/schedule_free_adamw/study_0/librispeech_conformer_pytorch/trial_1.
I0426 22:47:08.776388 140301812380864 submission_runner.py:242] Initializing dataset.
I0426 22:47:08.776599 140301812380864 input_pipeline.py:19] Loading split = train-clean-100
I0426 22:47:08.821183 140301812380864 input_pipeline.py:19] Loading split = train-clean-360
I0426 22:47:09.010234 140301812380864 input_pipeline.py:19] Loading split = train-other-500
I0426 22:47:09.530136 140301812380864 submission_runner.py:251] Initializing model.
W0426 22:47:15.143162 140301812380864 submission_runner.py:273] These workloads cannot be fully compiled under current PyTorch version. Proceeding without `torch.compile`.
W0426 22:47:15.143159 140612688639168 submission_runner.py:273] These workloads cannot be fully compiled under current PyTorch version. Proceeding without `torch.compile`.
W0426 22:47:15.143166 139828850988224 submission_runner.py:273] These workloads cannot be fully compiled under current PyTorch version. Proceeding without `torch.compile`.
W0426 22:47:15.143169 139844741022912 submission_runner.py:273] These workloads cannot be fully compiled under current PyTorch version. Proceeding without `torch.compile`.
I0426 22:47:15.143350 140301812380864 submission_runner.py:294] Initializing optimizer.
I0426 22:47:15.143969 140301812380864 submission_runner.py:299] Initializing metrics bundle.
I0426 22:47:15.144123 140301812380864 submission_runner.py:321] Initializing checkpoint and logger.
I0426 22:47:15.147453 140301812380864 submission_runner.py:344] Saving meta data to /experiment_runs/submissions_a100/schedule_free_adamw/study_0/librispeech_conformer_pytorch/trial_1/meta_data_0.json.
I0426 22:47:15.147551 139828850988224 logger_utils.py:283] Unable to record workload.train_mean information. Continuing without it.
I0426 22:47:15.147569 139844741022912 logger_utils.py:283] Unable to record workload.train_mean information. Continuing without it.
I0426 22:47:15.147583 140612688639168 logger_utils.py:283] Unable to record workload.train_mean information. Continuing without it.
I0426 22:47:15.147672 140301812380864 logger_utils.py:283] Unable to record workload.train_mean information. Continuing without it.
I0426 22:47:15.147686 139828850988224 logger_utils.py:283] Unable to record workload.train_stddev information. Continuing without it.
I0426 22:47:15.147695 139844741022912 logger_utils.py:283] Unable to record workload.train_stddev information. Continuing without it.
I0426 22:47:15.147729 140301812380864 logger_utils.py:283] Unable to record workload.train_stddev information. Continuing without it.
I0426 22:47:15.147722 140612688639168 logger_utils.py:283] Unable to record workload.train_stddev information. Continuing without it.
I0426 22:47:15.597924 140301812380864 submission_runner.py:348] Saving flags to /experiment_runs/submissions_a100/schedule_free_adamw/study_0/librispeech_conformer_pytorch/trial_1/flags_0.json.
I0426 22:47:15.623061 140301812380864 submission_runner.py:359] Starting training loop.
/usr/local/lib/python3.11/multiprocessing/popen_fork.py:66: RuntimeWarning: os.fork() was called. os.fork() is incompatible with multithreaded code, and JAX is multithreaded, so this will likely lead to a deadlock.
  self.pid = os.fork()
/usr/local/lib/python3.11/multiprocessing/popen_fork.py:66: RuntimeWarning: os.fork() was called. os.fork() is incompatible with multithreaded code, and JAX is multithreaded, so this will likely lead to a deadlock.
  self.pid = os.fork()
/usr/local/lib/python3.11/multiprocessing/popen_fork.py:66: RuntimeWarning: os.fork() was called. os.fork() is incompatible with multithreaded code, and JAX is multithreaded, so this will likely lead to a deadlock.
  self.pid = os.fork()
/usr/local/lib/python3.11/multiprocessing/popen_fork.py:66: RuntimeWarning: os.fork() was called. os.fork() is incompatible with multithreaded code, and JAX is multithreaded, so this will likely lead to a deadlock.
  self.pid = os.fork()
/algorithmic-efficiency/algoperf/workloads/librispeech_conformer/librispeech_pytorch/preprocessor.py:516: UserWarning: Specified kernel cache directory could not be created! This disables kernel caching. Specified directory is /root/.cache/torch/kernels. This warning will appear only once per process. (Triggered internally at /pytorch/aten/src/ATen/native/cuda/jit_utils.cpp:1487.)
  spectrum = torch.abs(spectrum)
/algorithmic-efficiency/algoperf/workloads/librispeech_conformer/librispeech_pytorch/preprocessor.py:516: UserWarning: Specified kernel cache directory could not be created! This disables kernel caching. Specified directory is /root/.cache/torch/kernels. This warning will appear only once per process. (Triggered internally at /pytorch/aten/src/ATen/native/cuda/jit_utils.cpp:1487.)
  spectrum = torch.abs(spectrum)
/algorithmic-efficiency/algoperf/workloads/librispeech_conformer/librispeech_pytorch/preprocessor.py:516: UserWarning: Specified kernel cache directory could not be created! This disables kernel caching. Specified directory is /root/.cache/torch/kernels. This warning will appear only once per process. (Triggered internally at /pytorch/aten/src/ATen/native/cuda/jit_utils.cpp:1487.)
  spectrum = torch.abs(spectrum)
I0426 22:47:36.512462 140301812380864 spec.py:333] Evaluating on the training split.
I0426 22:47:36.514006 140301812380864 input_pipeline.py:19] Loading split = train-clean-100
I0426 22:47:36.538535 140301812380864 input_pipeline.py:19] Loading split = train-clean-360
I0426 22:47:36.627646 140301812380864 input_pipeline.py:19] Loading split = train-other-500
/usr/local/lib/python3.11/site-packages/torch/distributed/distributed_c10d.py:4876: UserWarning: barrier(): using the device under current context. You can specify `device_id` in `init_process_group` to mute this warning.
  warnings.warn(  # warn only once
I0426 22:48:10.708357 140301812380864 spec.py:346] Evaluating on the validation split.
I0426 22:48:10.709712 140301812380864 input_pipeline.py:19] Loading split = dev-clean
I0426 22:48:10.713128 140301812380864 input_pipeline.py:19] Loading split = dev-other
I0426 22:48:30.670531 140301812380864 spec.py:363] Evaluating on the test split.
I0426 22:48:30.672024 140301812380864 input_pipeline.py:19] Loading split = test-clean
I0426 22:48:41.248161 140301812380864 submission_runner.py:516] Time since start: 85.62s, 	Step: 1, 	{'train/ctc_loss': 31.981882336974962, 'train/wer': 2.0216436162153975, 'validation/ctc_loss': 30.80077104681535, 'validation/wer': 1.9337034712499397, 'validation/num_examples': 5348, 'test/ctc_loss': 30.923359571585262, 'test/wer': 1.9903316880953832, 'test/num_examples': 2472, 'score': 20.10005784034729, 'total_duration': 85.62495851516724, 'accumulated_submission_time': 20.10005784034729, 'accumulated_eval_time': 64.73557591438293, 'accumulated_logging_time': 0}
I0426 22:48:41.291739 140282506970880 logging_writer.py:48] [1] accumulated_eval_time=64.7356, accumulated_logging_time=0, accumulated_submission_time=20.1001, global_step=1, preemption_count=0, score=20.1001, test/ctc_loss=30.9234, test/num_examples=2472, test/wer=1.99033, total_duration=85.625, train/ctc_loss=31.9819, train/wer=2.02164, validation/ctc_loss=30.8008, validation/num_examples=5348, validation/wer=1.9337
/usr/local/lib/python3.11/multiprocessing/popen_fork.py:66: RuntimeWarning: os.fork() was called. os.fork() is incompatible with multithreaded code, and JAX is multithreaded, so this will likely lead to a deadlock.
  self.pid = os.fork()
I0426 23:17:50.867791 140301812380864 spec.py:333] Evaluating on the training split.
/usr/local/lib/python3.11/site-packages/torch/distributed/distributed_c10d.py:4876: UserWarning: barrier(): using the device under current context. You can specify `device_id` in `init_process_group` to mute this warning.
  warnings.warn(  # warn only once
I0426 23:18:11.354016 140301812380864 spec.py:346] Evaluating on the validation split.
I0426 23:18:31.013794 140301812380864 spec.py:363] Evaluating on the test split.
I0426 23:18:41.462388 140301812380864 submission_runner.py:516] Time since start: 1885.84s, 	Step: 1617, 	{'train/ctc_loss': 2.282265301621768, 'train/wer': 0.5574692119559336, 'validation/ctc_loss': 2.442317080445047, 'validation/wer': 0.5525322261381741, 'validation/num_examples': 5348, 'test/ctc_loss': 2.1762904058326344, 'test/wer': 0.5239371965957793, 'test/num_examples': 2472, 'score': 1767.2997651100159, 'total_duration': 1885.8392498493195, 'accumulated_submission_time': 1767.2997651100159, 'accumulated_eval_time': 115.33006000518799, 'accumulated_logging_time': 0.10906195640563965}
I0426 23:18:41.521081 140282506970880 logging_writer.py:48] [1617] accumulated_eval_time=115.33, accumulated_logging_time=0.109062, accumulated_submission_time=1767.3, global_step=1617, preemption_count=0, score=1767.3, test/ctc_loss=2.17629, test/num_examples=2472, test/wer=0.523937, total_duration=1885.84, train/ctc_loss=2.28227, train/wer=0.557469, validation/ctc_loss=2.44232, validation/num_examples=5348, validation/wer=0.552532
/usr/local/lib/python3.11/multiprocessing/popen_fork.py:66: RuntimeWarning: os.fork() was called. os.fork() is incompatible with multithreaded code, and JAX is multithreaded, so this will likely lead to a deadlock.
  self.pid = os.fork()
I0426 23:47:50.167996 140301812380864 spec.py:333] Evaluating on the training split.
/usr/local/lib/python3.11/site-packages/torch/distributed/distributed_c10d.py:4876: UserWarning: barrier(): using the device under current context. You can specify `device_id` in `init_process_group` to mute this warning.
  warnings.warn(  # warn only once
I0426 23:48:06.696312 140301812380864 spec.py:346] Evaluating on the validation split.
I0426 23:48:28.418394 140301812380864 spec.py:363] Evaluating on the test split.
I0426 23:48:38.777530 140301812380864 submission_runner.py:516] Time since start: 3683.15s, 	Step: 3501, 	{'train/ctc_loss': 0.6921938615389835, 'train/wer': 0.23003917494534987, 'validation/ctc_loss': 0.882446853180882, 'validation/wer': 0.26492540916332735, 'validation/num_examples': 5348, 'test/ctc_loss': 0.6248551317826957, 'test/wer': 0.20528913533605508, 'test/num_examples': 2472, 'score': 3513.436551809311, 'total_duration': 3683.1543707847595, 'accumulated_submission_time': 3513.436551809311, 'accumulated_eval_time': 163.93946361541748, 'accumulated_logging_time': 0.1784663200378418}
I0426 23:48:38.832125 140282506970880 logging_writer.py:48] [3501] accumulated_eval_time=163.939, accumulated_logging_time=0.178466, accumulated_submission_time=3513.44, global_step=3501, preemption_count=0, score=3513.44, test/ctc_loss=0.624855, test/num_examples=2472, test/wer=0.205289, total_duration=3683.15, train/ctc_loss=0.692194, train/wer=0.230039, validation/ctc_loss=0.882447, validation/num_examples=5348, validation/wer=0.264925
/usr/local/lib/python3.11/multiprocessing/popen_fork.py:66: RuntimeWarning: os.fork() was called. os.fork() is incompatible with multithreaded code, and JAX is multithreaded, so this will likely lead to a deadlock.
  self.pid = os.fork()
I0427 00:17:47.077257 140301812380864 spec.py:333] Evaluating on the training split.
/usr/local/lib/python3.11/site-packages/torch/distributed/distributed_c10d.py:4876: UserWarning: barrier(): using the device under current context. You can specify `device_id` in `init_process_group` to mute this warning.
  warnings.warn(  # warn only once
I0427 00:18:05.273571 140301812380864 spec.py:346] Evaluating on the validation split.
I0427 00:18:25.370091 140301812380864 spec.py:363] Evaluating on the test split.
I0427 00:18:35.597837 140301812380864 submission_runner.py:516] Time since start: 5479.97s, 	Step: 6240, 	{'train/ctc_loss': 0.419812297491009, 'train/wer': 0.14375689890266866, 'validation/ctc_loss': 0.622812054591747, 'validation/wer': 0.18837445082798243, 'validation/num_examples': 5348, 'test/ctc_loss': 0.3981341034098974, 'test/wer': 0.1328580423699551, 'test/num_examples': 2472, 'score': 5258.694536209106, 'total_duration': 5479.9746816158295, 'accumulated_submission_time': 5258.694536209106, 'accumulated_eval_time': 212.45993995666504, 'accumulated_logging_time': 0.24410319328308105}
I0427 00:18:35.711298 140282506970880 logging_writer.py:48] [6240] accumulated_eval_time=212.46, accumulated_logging_time=0.244103, accumulated_submission_time=5258.69, global_step=6240, preemption_count=0, score=5258.69, test/ctc_loss=0.398134, test/num_examples=2472, test/wer=0.132858, total_duration=5479.97, train/ctc_loss=0.419812, train/wer=0.143757, validation/ctc_loss=0.622812, validation/num_examples=5348, validation/wer=0.188374
/usr/local/lib/python3.11/multiprocessing/popen_fork.py:66: RuntimeWarning: os.fork() was called. os.fork() is incompatible with multithreaded code, and JAX is multithreaded, so this will likely lead to a deadlock.
  self.pid = os.fork()
I0427 00:47:45.536007 140301812380864 spec.py:333] Evaluating on the training split.
/usr/local/lib/python3.11/site-packages/torch/distributed/distributed_c10d.py:4876: UserWarning: barrier(): using the device under current context. You can specify `device_id` in `init_process_group` to mute this warning.
  warnings.warn(  # warn only once
I0427 00:48:03.414846 140301812380864 spec.py:346] Evaluating on the validation split.
I0427 00:48:23.439636 140301812380864 spec.py:363] Evaluating on the test split.
I0427 00:48:34.866403 140301812380864 submission_runner.py:516] Time since start: 7279.24s, 	Step: 9024, 	{'train/ctc_loss': 0.3311211788355839, 'train/wer': 0.11501417656862109, 'validation/ctc_loss': 0.5381089927730058, 'validation/wer': 0.1618597016366533, 'validation/num_examples': 5348, 'test/ctc_loss': 0.3330574754822892, 'test/wer': 0.11130745638088274, 'test/num_examples': 2472, 'score': 7005.605149030685, 'total_duration': 7279.242857456207, 'accumulated_submission_time': 7005.605149030685, 'accumulated_eval_time': 261.7898705005646, 'accumulated_logging_time': 0.3688063621520996}
I0427 00:48:35.630300 140282506970880 logging_writer.py:48] [9024] accumulated_eval_time=261.79, accumulated_logging_time=0.368806, accumulated_submission_time=7005.61, global_step=9024, preemption_count=0, score=7005.61, test/ctc_loss=0.333057, test/num_examples=2472, test/wer=0.111307, total_duration=7279.24, train/ctc_loss=0.331121, train/wer=0.115014, validation/ctc_loss=0.538109, validation/num_examples=5348, validation/wer=0.16186
/usr/local/lib/python3.11/multiprocessing/popen_fork.py:66: RuntimeWarning: os.fork() was called. os.fork() is incompatible with multithreaded code, and JAX is multithreaded, so this will likely lead to a deadlock.
  self.pid = os.fork()
I0427 01:17:45.059339 140301812380864 spec.py:333] Evaluating on the training split.
/usr/local/lib/python3.11/site-packages/torch/distributed/distributed_c10d.py:4876: UserWarning: barrier(): using the device under current context. You can specify `device_id` in `init_process_group` to mute this warning.
  warnings.warn(  # warn only once
I0427 01:18:04.586809 140301812380864 spec.py:346] Evaluating on the validation split.
I0427 01:18:24.824513 140301812380864 spec.py:363] Evaluating on the test split.
I0427 01:18:35.303710 140301812380864 submission_runner.py:516] Time since start: 9079.67s, 	Step: 11656, 	{'train/ctc_loss': 0.28267644258499014, 'train/wer': 0.09961474363136592, 'validation/ctc_loss': 0.49242599944117943, 'validation/wer': 0.14884372133442766, 'validation/num_examples': 5348, 'test/ctc_loss': 0.29623075480676175, 'test/wer': 0.09871427700932302, 'test/num_examples': 2472, 'score': 8749.972777605057, 'total_duration': 9079.669035673141, 'accumulated_submission_time': 8749.972777605057, 'accumulated_eval_time': 312.02269172668457, 'accumulated_logging_time': 1.3380274772644043}
I0427 01:18:36.578815 140282506970880 logging_writer.py:48] [11656] accumulated_eval_time=312.023, accumulated_logging_time=1.33803, accumulated_submission_time=8749.97, global_step=11656, preemption_count=0, score=8749.97, test/ctc_loss=0.296231, test/num_examples=2472, test/wer=0.0987143, total_duration=9079.67, train/ctc_loss=0.282676, train/wer=0.0996147, validation/ctc_loss=0.492426, validation/num_examples=5348, validation/wer=0.148844
/usr/local/lib/python3.11/multiprocessing/popen_fork.py:66: RuntimeWarning: os.fork() was called. os.fork() is incompatible with multithreaded code, and JAX is multithreaded, so this will likely lead to a deadlock.
  self.pid = os.fork()
I0427 01:47:43.426028 140301812380864 spec.py:333] Evaluating on the training split.
/usr/local/lib/python3.11/site-packages/torch/distributed/distributed_c10d.py:4876: UserWarning: barrier(): using the device under current context. You can specify `device_id` in `init_process_group` to mute this warning.
  warnings.warn(  # warn only once
I0427 01:48:02.099056 140301812380864 spec.py:346] Evaluating on the validation split.
I0427 01:48:21.944277 140301812380864 spec.py:363] Evaluating on the test split.
I0427 01:48:32.238493 140301812380864 submission_runner.py:516] Time since start: 10876.62s, 	Step: 14488, 	{'train/ctc_loss': 0.24757975249372327, 'train/wer': 0.08842499404800554, 'validation/ctc_loss': 0.4588840109817661, 'validation/wer': 0.13742094336889876, 'validation/num_examples': 5348, 'test/ctc_loss': 0.26908026324278983, 'test/wer': 0.08914752300286394, 'test/num_examples': 2472, 'score': 10493.226193666458, 'total_duration': 10876.615291595459, 'accumulated_submission_time': 10493.226193666458, 'accumulated_eval_time': 360.83502316474915, 'accumulated_logging_time': 3.177891731262207}
I0427 01:48:32.925996 140282506970880 logging_writer.py:48] [14488] accumulated_eval_time=360.835, accumulated_logging_time=3.17789, accumulated_submission_time=10493.2, global_step=14488, preemption_count=0, score=10493.2, test/ctc_loss=0.26908, test/num_examples=2472, test/wer=0.0891475, total_duration=10876.6, train/ctc_loss=0.24758, train/wer=0.088425, validation/ctc_loss=0.458884, validation/num_examples=5348, validation/wer=0.137421
/usr/local/lib/python3.11/multiprocessing/popen_fork.py:66: RuntimeWarning: os.fork() was called. os.fork() is incompatible with multithreaded code, and JAX is multithreaded, so this will likely lead to a deadlock.
  self.pid = os.fork()
I0427 02:17:42.638314 140301812380864 spec.py:333] Evaluating on the training split.
/usr/local/lib/python3.11/site-packages/torch/distributed/distributed_c10d.py:4876: UserWarning: barrier(): using the device under current context. You can specify `device_id` in `init_process_group` to mute this warning.
  warnings.warn(  # warn only once
I0427 02:17:59.225537 140301812380864 spec.py:346] Evaluating on the validation split.
I0427 02:18:19.010464 140301812380864 spec.py:363] Evaluating on the test split.
I0427 02:18:29.355290 140301812380864 submission_runner.py:516] Time since start: 12673.70s, 	Step: 17278, 	{'train/ctc_loss': 0.22526342072674221, 'train/wer': 0.08048719780100859, 'validation/ctc_loss': 0.43712959496496384, 'validation/wer': 0.13055568966349634, 'validation/num_examples': 5348, 'test/ctc_loss': 0.2524385141783341, 'test/wer': 0.0829931143745049, 'test/num_examples': 2472, 'score': 12238.194512605667, 'total_duration': 12673.698796510696, 'accumulated_submission_time': 12238.194512605667, 'accumulated_eval_time': 407.51852202415466, 'accumulated_logging_time': 4.108664274215698}
I0427 02:18:31.408546 140282506970880 logging_writer.py:48] [17278] accumulated_eval_time=407.519, accumulated_logging_time=4.10866, accumulated_submission_time=12238.2, global_step=17278, preemption_count=0, score=12238.2, test/ctc_loss=0.252439, test/num_examples=2472, test/wer=0.0829931, total_duration=12673.7, train/ctc_loss=0.225263, train/wer=0.0804872, validation/ctc_loss=0.43713, validation/num_examples=5348, validation/wer=0.130556
/usr/local/lib/python3.11/multiprocessing/popen_fork.py:66: RuntimeWarning: os.fork() was called. os.fork() is incompatible with multithreaded code, and JAX is multithreaded, so this will likely lead to a deadlock.
  self.pid = os.fork()
I0427 02:47:40.012411 140301812380864 spec.py:333] Evaluating on the training split.
/usr/local/lib/python3.11/site-packages/torch/distributed/distributed_c10d.py:4876: UserWarning: barrier(): using the device under current context. You can specify `device_id` in `init_process_group` to mute this warning.
  warnings.warn(  # warn only once
I0427 02:47:54.671724 140301812380864 spec.py:346] Evaluating on the validation split.
I0427 02:48:14.064596 140301812380864 spec.py:363] Evaluating on the test split.
I0427 02:48:24.496341 140301812380864 submission_runner.py:516] Time since start: 14468.87s, 	Step: 19919, 	{'train/ctc_loss': 0.20869300326134899, 'train/wer': 0.0757364240417289, 'validation/ctc_loss': 0.42067671444896526, 'validation/wer': 0.12426012649060976, 'validation/num_examples': 5348, 'test/ctc_loss': 0.2402166823262791, 'test/wer': 0.0790932910852477, 'test/num_examples': 2472, 'score': 13983.485072612762, 'total_duration': 14468.873135566711, 'accumulated_submission_time': 13983.485072612762, 'accumulated_eval_time': 452.0022625923157, 'accumulated_logging_time': 6.661527872085571}
I0427 02:48:25.160067 140282506970880 logging_writer.py:48] [19919] accumulated_eval_time=452.002, accumulated_logging_time=6.66153, accumulated_submission_time=13983.5, global_step=19919, preemption_count=0, score=13983.5, test/ctc_loss=0.240217, test/num_examples=2472, test/wer=0.0790933, total_duration=14468.9, train/ctc_loss=0.208693, train/wer=0.0757364, validation/ctc_loss=0.420677, validation/num_examples=5348, validation/wer=0.12426
/usr/local/lib/python3.11/multiprocessing/popen_fork.py:66: RuntimeWarning: os.fork() was called. os.fork() is incompatible with multithreaded code, and JAX is multithreaded, so this will likely lead to a deadlock.
  self.pid = os.fork()
I0427 03:17:34.668817 140301812380864 spec.py:333] Evaluating on the training split.
/usr/local/lib/python3.11/site-packages/torch/distributed/distributed_c10d.py:4876: UserWarning: barrier(): using the device under current context. You can specify `device_id` in `init_process_group` to mute this warning.
  warnings.warn(  # warn only once
I0427 03:17:51.213087 140301812380864 spec.py:346] Evaluating on the validation split.
I0427 03:18:10.485893 140301812380864 spec.py:363] Evaluating on the test split.
I0427 03:18:21.055961 140301812380864 submission_runner.py:516] Time since start: 16265.43s, 	Step: 22775, 	{'train/ctc_loss': 0.19414218887833345, 'train/wer': 0.06969785511763306, 'validation/ctc_loss': 0.4085250158541792, 'validation/wer': 0.11993434075218462, 'validation/num_examples': 5348, 'test/ctc_loss': 0.23146679826117814, 'test/wer': 0.07559969938862145, 'test/num_examples': 2472, 'score': 15727.903088092804, 'total_duration': 16265.432729244232, 'accumulated_submission_time': 15727.903088092804, 'accumulated_eval_time': 498.3892147541046, 'accumulated_logging_time': 7.6109418869018555}
I0427 03:18:22.616660 140282506970880 logging_writer.py:48] [22775] accumulated_eval_time=498.389, accumulated_logging_time=7.61094, accumulated_submission_time=15727.9, global_step=22775, preemption_count=0, score=15727.9, test/ctc_loss=0.231467, test/num_examples=2472, test/wer=0.0755997, total_duration=16265.4, train/ctc_loss=0.194142, train/wer=0.0696979, validation/ctc_loss=0.408525, validation/num_examples=5348, validation/wer=0.119934
/usr/local/lib/python3.11/multiprocessing/popen_fork.py:66: RuntimeWarning: os.fork() was called. os.fork() is incompatible with multithreaded code, and JAX is multithreaded, so this will likely lead to a deadlock.
  self.pid = os.fork()
I0427 03:47:31.033374 140301812380864 spec.py:333] Evaluating on the training split.
/usr/local/lib/python3.11/site-packages/torch/distributed/distributed_c10d.py:4876: UserWarning: barrier(): using the device under current context. You can specify `device_id` in `init_process_group` to mute this warning.
  warnings.warn(  # warn only once
I0427 03:47:51.323691 140301812380864 spec.py:346] Evaluating on the validation split.
I0427 03:48:10.597208 140301812380864 spec.py:363] Evaluating on the test split.
I0427 03:48:20.830271 140301812380864 submission_runner.py:516] Time since start: 18065.21s, 	Step: 25548, 	{'train/ctc_loss': 0.18247886378672729, 'train/wer': 0.06595350951236932, 'validation/ctc_loss': 0.39790114605309423, 'validation/wer': 0.11651619755708975, 'validation/num_examples': 5348, 'test/ctc_loss': 0.22427366785760372, 'test/wer': 0.07297950561615177, 'test/num_examples': 2472, 'score': 17470.937791109085, 'total_duration': 18065.2070043087, 'accumulated_submission_time': 17470.937791109085, 'accumulated_eval_time': 548.185845375061, 'accumulated_logging_time': 9.776646852493286}
I0427 03:48:22.371757 140282506970880 logging_writer.py:48] [25548] accumulated_eval_time=548.186, accumulated_logging_time=9.77665, accumulated_submission_time=17470.9, global_step=25548, preemption_count=0, score=17470.9, test/ctc_loss=0.224274, test/num_examples=2472, test/wer=0.0729795, total_duration=18065.2, train/ctc_loss=0.182479, train/wer=0.0659535, validation/ctc_loss=0.397901, validation/num_examples=5348, validation/wer=0.116516
/usr/local/lib/python3.11/multiprocessing/popen_fork.py:66: RuntimeWarning: os.fork() was called. os.fork() is incompatible with multithreaded code, and JAX is multithreaded, so this will likely lead to a deadlock.
  self.pid = os.fork()
I0427 04:17:30.227159 140301812380864 spec.py:333] Evaluating on the training split.
/usr/local/lib/python3.11/site-packages/torch/distributed/distributed_c10d.py:4876: UserWarning: barrier(): using the device under current context. You can specify `device_id` in `init_process_group` to mute this warning.
  warnings.warn(  # warn only once
I0427 04:17:48.613366 140301812380864 spec.py:346] Evaluating on the validation split.
I0427 04:18:08.102458 140301812380864 spec.py:363] Evaluating on the test split.
I0427 04:18:18.540804 140301812380864 submission_runner.py:516] Time since start: 19862.92s, 	Step: 28183, 	{'train/ctc_loss': 0.17398779962848612, 'train/wer': 0.06325346838949852, 'validation/ctc_loss': 0.38987793557395267, 'validation/wer': 0.11340703905759668, 'validation/num_examples': 5348, 'test/ctc_loss': 0.21806845401316213, 'test/wer': 0.07046086974183982, 'test/num_examples': 2472, 'score': 19215.52737402916, 'total_duration': 19862.917536497116, 'accumulated_submission_time': 19215.52737402916, 'accumulated_eval_time': 596.4993362426758, 'accumulated_logging_time': 11.79787015914917}
I0427 04:18:19.037951 140282506970880 logging_writer.py:48] [28183] accumulated_eval_time=596.499, accumulated_logging_time=11.7979, accumulated_submission_time=19215.5, global_step=28183, preemption_count=0, score=19215.5, test/ctc_loss=0.218068, test/num_examples=2472, test/wer=0.0704609, total_duration=19862.9, train/ctc_loss=0.173988, train/wer=0.0632535, validation/ctc_loss=0.389878, validation/num_examples=5348, validation/wer=0.113407
/usr/local/lib/python3.11/multiprocessing/popen_fork.py:66: RuntimeWarning: os.fork() was called. os.fork() is incompatible with multithreaded code, and JAX is multithreaded, so this will likely lead to a deadlock.
  self.pid = os.fork()
I0427 04:47:28.387308 140301812380864 spec.py:333] Evaluating on the training split.
/usr/local/lib/python3.11/site-packages/torch/distributed/distributed_c10d.py:4876: UserWarning: barrier(): using the device under current context. You can specify `device_id` in `init_process_group` to mute this warning.
  warnings.warn(  # warn only once
I0427 04:47:48.766852 140301812380864 spec.py:346] Evaluating on the validation split.
I0427 04:48:08.258867 140301812380864 spec.py:363] Evaluating on the test split.
I0427 04:48:18.464319 140301812380864 submission_runner.py:516] Time since start: 21662.84s, 	Step: 31050, 	{'train/ctc_loss': 0.1658871484189455, 'train/wer': 0.05985542064368115, 'validation/ctc_loss': 0.3791558846475035, 'validation/wer': 0.11034615941679139, 'validation/num_examples': 5348, 'test/ctc_loss': 0.21370748717659205, 'test/wer': 0.06909999390652612, 'test/num_examples': 2472, 'score': 20959.771569013596, 'total_duration': 21662.841161489487, 'accumulated_submission_time': 20959.771569013596, 'accumulated_eval_time': 646.5765187740326, 'accumulated_logging_time': 12.608731031417847}
I0427 04:48:20.489233 140282506970880 logging_writer.py:48] [31050] accumulated_eval_time=646.577, accumulated_logging_time=12.6087, accumulated_submission_time=20959.8, global_step=31050, preemption_count=0, score=20959.8, test/ctc_loss=0.213707, test/num_examples=2472, test/wer=0.0691, total_duration=21662.8, train/ctc_loss=0.165887, train/wer=0.0598554, validation/ctc_loss=0.379156, validation/num_examples=5348, validation/wer=0.110346
/usr/local/lib/python3.11/multiprocessing/popen_fork.py:66: RuntimeWarning: os.fork() was called. os.fork() is incompatible with multithreaded code, and JAX is multithreaded, so this will likely lead to a deadlock.
  self.pid = os.fork()
I0427 05:17:28.725867 140301812380864 spec.py:333] Evaluating on the training split.
/usr/local/lib/python3.11/site-packages/torch/distributed/distributed_c10d.py:4876: UserWarning: barrier(): using the device under current context. You can specify `device_id` in `init_process_group` to mute this warning.
  warnings.warn(  # warn only once
I0427 05:17:45.831173 140301812380864 spec.py:346] Evaluating on the validation split.
I0427 05:18:04.963156 140301812380864 spec.py:363] Evaluating on the test split.
I0427 05:18:15.413891 140301812380864 submission_runner.py:516] Time since start: 23459.79s, 	Step: 33810, 	{'train/ctc_loss': 0.15878992395840402, 'train/wer': 0.057734346254572216, 'validation/ctc_loss': 0.3712530030719434, 'validation/wer': 0.10854053010186838, 'validation/num_examples': 5348, 'test/ctc_loss': 0.20879565314697723, 'test/wer': 0.06810472650458026, 'test/num_examples': 2472, 'score': 22702.690792798996, 'total_duration': 23459.790655612946, 'accumulated_submission_time': 22702.690792798996, 'accumulated_eval_time': 693.2643885612488, 'accumulated_logging_time': 15.145317554473877}
I0427 05:18:17.097478 140282506970880 logging_writer.py:48] [33810] accumulated_eval_time=693.264, accumulated_logging_time=15.1453, accumulated_submission_time=22702.7, global_step=33810, preemption_count=0, score=22702.7, test/ctc_loss=0.208796, test/num_examples=2472, test/wer=0.0681047, total_duration=23459.8, train/ctc_loss=0.15879, train/wer=0.0577343, validation/ctc_loss=0.371253, validation/num_examples=5348, validation/wer=0.108541
/usr/local/lib/python3.11/multiprocessing/popen_fork.py:66: RuntimeWarning: os.fork() was called. os.fork() is incompatible with multithreaded code, and JAX is multithreaded, so this will likely lead to a deadlock.
  self.pid = os.fork()
I0427 05:47:24.235466 140301812380864 spec.py:333] Evaluating on the training split.
/usr/local/lib/python3.11/site-packages/torch/distributed/distributed_c10d.py:4876: UserWarning: barrier(): using the device under current context. You can specify `device_id` in `init_process_group` to mute this warning.
  warnings.warn(  # warn only once
I0427 05:47:39.096613 140301812380864 spec.py:346] Evaluating on the validation split.
I0427 05:47:58.211683 140301812380864 spec.py:363] Evaluating on the test split.
I0427 05:48:08.263022 140301812380864 submission_runner.py:516] Time since start: 25252.64s, 	Step: 36438, 	{'train/ctc_loss': 0.15324393427257924, 'train/wer': 0.05570525723437872, 'validation/ctc_loss': 0.36370056164607195, 'validation/wer': 0.10606865253705403, 'validation/num_examples': 5348, 'test/ctc_loss': 0.2045881236289438, 'test/wer': 0.06674385066926655, 'test/num_examples': 2472, 'score': 24446.39229273796, 'total_duration': 25252.639840126038, 'accumulated_submission_time': 24446.39229273796, 'accumulated_eval_time': 737.2918403148651, 'accumulated_logging_time': 17.406890630722046}
I0427 05:48:08.821148 140282506970880 logging_writer.py:48] [36438] accumulated_eval_time=737.292, accumulated_logging_time=17.4069, accumulated_submission_time=24446.4, global_step=36438, preemption_count=0, score=24446.4, test/ctc_loss=0.204588, test/num_examples=2472, test/wer=0.0667439, total_duration=25252.6, train/ctc_loss=0.153244, train/wer=0.0557053, validation/ctc_loss=0.363701, validation/num_examples=5348, validation/wer=0.106069
/usr/local/lib/python3.11/multiprocessing/popen_fork.py:66: RuntimeWarning: os.fork() was called. os.fork() is incompatible with multithreaded code, and JAX is multithreaded, so this will likely lead to a deadlock.
  self.pid = os.fork()
I0427 06:17:18.202776 140301812380864 spec.py:333] Evaluating on the training split.
/usr/local/lib/python3.11/site-packages/torch/distributed/distributed_c10d.py:4876: UserWarning: barrier(): using the device under current context. You can specify `device_id` in `init_process_group` to mute this warning.
  warnings.warn(  # warn only once
I0427 06:17:35.227995 140301812380864 spec.py:346] Evaluating on the validation split.
I0427 06:17:54.896951 140301812380864 spec.py:363] Evaluating on the test split.
I0427 06:18:05.293666 140301812380864 submission_runner.py:516] Time since start: 27049.67s, 	Step: 39337, 	{'train/ctc_loss': 0.14719305044276312, 'train/wer': 0.05328117221825423, 'validation/ctc_loss': 0.356639540911631, 'validation/wer': 0.10218703229855647, 'validation/num_examples': 5348, 'test/ctc_loss': 0.19953913357313374, 'test/wer': 0.06387991794121829, 'test/num_examples': 2472, 'score': 26190.459316253662, 'total_duration': 27049.670466423035, 'accumulated_submission_time': 26190.459316253662, 'accumulated_eval_time': 784.3825325965881, 'accumulated_logging_time': 18.305499792099}
I0427 06:18:06.771186 140282506970880 logging_writer.py:48] [39337] accumulated_eval_time=784.383, accumulated_logging_time=18.3055, accumulated_submission_time=26190.5, global_step=39337, preemption_count=0, score=26190.5, test/ctc_loss=0.199539, test/num_examples=2472, test/wer=0.0638799, total_duration=27049.7, train/ctc_loss=0.147193, train/wer=0.0532812, validation/ctc_loss=0.35664, validation/num_examples=5348, validation/wer=0.102187
/usr/local/lib/python3.11/multiprocessing/popen_fork.py:66: RuntimeWarning: os.fork() was called. os.fork() is incompatible with multithreaded code, and JAX is multithreaded, so this will likely lead to a deadlock.
  self.pid = os.fork()
I0427 06:47:16.549953 140301812380864 spec.py:333] Evaluating on the training split.
/usr/local/lib/python3.11/site-packages/torch/distributed/distributed_c10d.py:4876: UserWarning: barrier(): using the device under current context. You can specify `device_id` in `init_process_group` to mute this warning.
  warnings.warn(  # warn only once
I0427 06:47:33.227594 140301812380864 spec.py:346] Evaluating on the validation split.
I0427 06:47:52.373338 140301812380864 spec.py:363] Evaluating on the test split.
I0427 06:48:02.828055 140301812380864 submission_runner.py:516] Time since start: 28847.20s, 	Step: 42079, 	{'train/ctc_loss': 0.14162707492196513, 'train/wer': 0.051311603142653074, 'validation/ctc_loss': 0.34818941545170284, 'validation/wer': 0.10037174721189591, 'validation/num_examples': 5348, 'test/ctc_loss': 0.19451178049793535, 'test/wer': 0.06260028842443077, 'test/num_examples': 2472, 'score': 27934.57661676407, 'total_duration': 28847.204828500748, 'accumulated_submission_time': 27934.57661676407, 'accumulated_eval_time': 830.6604926586151, 'accumulated_logging_time': 20.398266553878784}
I0427 06:48:04.250040 140282506970880 logging_writer.py:48] [42079] accumulated_eval_time=830.66, accumulated_logging_time=20.3983, accumulated_submission_time=27934.6, global_step=42079, preemption_count=0, score=27934.6, test/ctc_loss=0.194512, test/num_examples=2472, test/wer=0.0626003, total_duration=28847.2, train/ctc_loss=0.141627, train/wer=0.0513116, validation/ctc_loss=0.348189, validation/num_examples=5348, validation/wer=0.100372
/usr/local/lib/python3.11/multiprocessing/popen_fork.py:66: RuntimeWarning: os.fork() was called. os.fork() is incompatible with multithreaded code, and JAX is multithreaded, so this will likely lead to a deadlock.
  self.pid = os.fork()
I0427 07:17:13.026432 140301812380864 spec.py:333] Evaluating on the training split.
/usr/local/lib/python3.11/site-packages/torch/distributed/distributed_c10d.py:4876: UserWarning: barrier(): using the device under current context. You can specify `device_id` in `init_process_group` to mute this warning.
  warnings.warn(  # warn only once
I0427 07:17:26.955869 140301812380864 spec.py:346] Evaluating on the validation split.
I0427 07:17:46.173982 140301812380864 spec.py:363] Evaluating on the test split.
I0427 07:17:56.548256 140301812380864 submission_runner.py:516] Time since start: 30640.93s, 	Step: 44699, 	{'train/ctc_loss': 0.13643201688352447, 'train/wer': 0.049709975542713676, 'validation/ctc_loss': 0.34379434461020697, 'validation/wer': 0.09835369091874668, 'validation/num_examples': 5348, 'test/ctc_loss': 0.18995776945286794, 'test/wer': 0.060751934677959904, 'test/num_examples': 2472, 'score': 29679.8371489048, 'total_duration': 30640.925085306168, 'accumulated_submission_time': 29679.8371489048, 'accumulated_eval_time': 874.1821973323822, 'accumulated_logging_time': 22.384541749954224}
I0427 07:17:57.124653 140282506970880 logging_writer.py:48] [44699] accumulated_eval_time=874.182, accumulated_logging_time=22.3845, accumulated_submission_time=29679.8, global_step=44699, preemption_count=0, score=29679.8, test/ctc_loss=0.189958, test/num_examples=2472, test/wer=0.0607519, total_duration=30640.9, train/ctc_loss=0.136432, train/wer=0.04971, validation/ctc_loss=0.343794, validation/num_examples=5348, validation/wer=0.0983537
/usr/local/lib/python3.11/multiprocessing/popen_fork.py:66: RuntimeWarning: os.fork() was called. os.fork() is incompatible with multithreaded code, and JAX is multithreaded, so this will likely lead to a deadlock.
  self.pid = os.fork()
I0427 07:47:07.158194 140301812380864 spec.py:333] Evaluating on the training split.
/usr/local/lib/python3.11/site-packages/torch/distributed/distributed_c10d.py:4876: UserWarning: barrier(): using the device under current context. You can specify `device_id` in `init_process_group` to mute this warning.
  warnings.warn(  # warn only once
I0427 07:47:27.945080 140301812380864 spec.py:346] Evaluating on the validation split.
I0427 07:47:47.227394 140301812380864 spec.py:363] Evaluating on the test split.
I0427 07:47:57.423206 140301812380864 submission_runner.py:516] Time since start: 32441.75s, 	Step: 47600, 	{'train/ctc_loss': 0.1315740541451788, 'train/wer': 0.04809752613466658, 'validation/ctc_loss': 0.3402816039720213, 'validation/wer': 0.0965673731472988, 'validation/num_examples': 5348, 'test/ctc_loss': 0.18771085029679335, 'test/wer': 0.05993947149269799, 'test/num_examples': 2472, 'score': 31424.581744670868, 'total_duration': 32441.75435757637, 'accumulated_submission_time': 31424.581744670868, 'accumulated_eval_time': 924.4014122486115, 'accumulated_logging_time': 23.329981803894043}
I0427 07:47:59.003770 140282506970880 logging_writer.py:48] [47600] accumulated_eval_time=924.401, accumulated_logging_time=23.33, accumulated_submission_time=31424.6, global_step=47600, preemption_count=0, score=31424.6, test/ctc_loss=0.187711, test/num_examples=2472, test/wer=0.0599395, total_duration=32441.8, train/ctc_loss=0.131574, train/wer=0.0480975, validation/ctc_loss=0.340282, validation/num_examples=5348, validation/wer=0.0965674
/usr/local/lib/python3.11/multiprocessing/popen_fork.py:66: RuntimeWarning: os.fork() was called. os.fork() is incompatible with multithreaded code, and JAX is multithreaded, so this will likely lead to a deadlock.
  self.pid = os.fork()
I0427 08:17:08.261143 140301812380864 spec.py:333] Evaluating on the training split.
/usr/local/lib/python3.11/site-packages/torch/distributed/distributed_c10d.py:4876: UserWarning: barrier(): using the device under current context. You can specify `device_id` in `init_process_group` to mute this warning.
  warnings.warn(  # warn only once
I0427 08:17:28.916775 140301812380864 spec.py:346] Evaluating on the validation split.
I0427 08:17:48.589324 140301812380864 spec.py:363] Evaluating on the test split.
I0427 08:17:58.941397 140301812380864 submission_runner.py:516] Time since start: 34243.32s, 	Step: 50326, 	{'train/ctc_loss': 0.12827370097373958, 'train/wer': 0.04720472696578144, 'validation/ctc_loss': 0.338175921740004, 'validation/wer': 0.09573697677786897, 'validation/num_examples': 5348, 'test/ctc_loss': 0.18461443076972708, 'test/wer': 0.059472305161172384, 'test/num_examples': 2472, 'score': 33168.40313458443, 'total_duration': 34243.31820034981, 'accumulated_submission_time': 33168.40313458443, 'accumulated_eval_time': 975.0815238952637, 'accumulated_logging_time': 25.506287574768066}
I0427 08:18:00.438890 140282506970880 logging_writer.py:48] [50326] accumulated_eval_time=975.082, accumulated_logging_time=25.5063, accumulated_submission_time=33168.4, global_step=50326, preemption_count=0, score=33168.4, test/ctc_loss=0.184614, test/num_examples=2472, test/wer=0.0594723, total_duration=34243.3, train/ctc_loss=0.128274, train/wer=0.0472047, validation/ctc_loss=0.338176, validation/num_examples=5348, validation/wer=0.095737
/usr/local/lib/python3.11/multiprocessing/popen_fork.py:66: RuntimeWarning: os.fork() was called. os.fork() is incompatible with multithreaded code, and JAX is multithreaded, so this will likely lead to a deadlock.
  self.pid = os.fork()
I0427 08:47:08.361661 140301812380864 spec.py:333] Evaluating on the training split.
/usr/local/lib/python3.11/site-packages/torch/distributed/distributed_c10d.py:4876: UserWarning: barrier(): using the device under current context. You can specify `device_id` in `init_process_group` to mute this warning.
  warnings.warn(  # warn only once
I0427 08:47:26.978446 140301812380864 spec.py:346] Evaluating on the validation split.
I0427 08:47:46.519494 140301812380864 spec.py:363] Evaluating on the test split.
I0427 08:47:56.595497 140301812380864 submission_runner.py:516] Time since start: 36040.97s, 	Step: 52950, 	{'train/ctc_loss': 0.1260774193993011, 'train/wer': 0.04607925892258079, 'validation/ctc_loss': 0.33543658740361915, 'validation/wer': 0.09405687249553421, 'validation/num_examples': 5348, 'test/ctc_loss': 0.18265520658590878, 'test/wer': 0.05886295777222594, 'test/num_examples': 2472, 'score': 34912.918056726456, 'total_duration': 36040.97230911255, 'accumulated_submission_time': 34912.918056726456, 'accumulated_eval_time': 1023.315197467804, 'accumulated_logging_time': 27.554396390914917}
I0427 08:47:57.082995 140282506970880 logging_writer.py:48] [52950] accumulated_eval_time=1023.32, accumulated_logging_time=27.5544, accumulated_submission_time=34912.9, global_step=52950, preemption_count=0, score=34912.9, test/ctc_loss=0.182655, test/num_examples=2472, test/wer=0.058863, total_duration=36041, train/ctc_loss=0.126077, train/wer=0.0460793, validation/ctc_loss=0.335437, validation/num_examples=5348, validation/wer=0.0940569
/usr/local/lib/python3.11/multiprocessing/popen_fork.py:66: RuntimeWarning: os.fork() was called. os.fork() is incompatible with multithreaded code, and JAX is multithreaded, so this will likely lead to a deadlock.
  self.pid = os.fork()
I0427 09:17:06.334540 140301812380864 spec.py:333] Evaluating on the training split.
/usr/local/lib/python3.11/site-packages/torch/distributed/distributed_c10d.py:4876: UserWarning: barrier(): using the device under current context. You can specify `device_id` in `init_process_group` to mute this warning.
  warnings.warn(  # warn only once
I0427 09:17:22.703032 140301812380864 spec.py:346] Evaluating on the validation split.
I0427 09:17:42.240514 140301812380864 spec.py:363] Evaluating on the test split.
I0427 09:17:52.471495 140301812380864 submission_runner.py:516] Time since start: 37836.85s, 	Step: 55901, 	{'train/ctc_loss': 0.12287312546651286, 'train/wer': 0.04563015388611129, 'validation/ctc_loss': 0.33239802505588206, 'validation/wer': 0.09235745666972432, 'validation/num_examples': 5348, 'test/ctc_loss': 0.18069772142557583, 'test/wer': 0.05865984197591047, 'test/num_examples': 2472, 'score': 36657.264244794846, 'total_duration': 37836.84829688072, 'accumulated_submission_time': 36657.264244794846, 'accumulated_eval_time': 1069.4520864486694, 'accumulated_logging_time': 28.30950951576233}
I0427 09:17:53.785097 140282506970880 logging_writer.py:48] [55901] accumulated_eval_time=1069.45, accumulated_logging_time=28.3095, accumulated_submission_time=36657.3, global_step=55901, preemption_count=0, score=36657.3, test/ctc_loss=0.180698, test/num_examples=2472, test/wer=0.0586598, total_duration=37836.8, train/ctc_loss=0.122873, train/wer=0.0456302, validation/ctc_loss=0.332398, validation/num_examples=5348, validation/wer=0.0923575
/usr/local/lib/python3.11/multiprocessing/popen_fork.py:66: RuntimeWarning: os.fork() was called. os.fork() is incompatible with multithreaded code, and JAX is multithreaded, so this will likely lead to a deadlock.
  self.pid = os.fork()
I0427 09:47:03.404818 140301812380864 spec.py:333] Evaluating on the training split.
/usr/local/lib/python3.11/site-packages/torch/distributed/distributed_c10d.py:4876: UserWarning: barrier(): using the device under current context. You can specify `device_id` in `init_process_group` to mute this warning.
  warnings.warn(  # warn only once
I0427 09:47:23.215876 140301812380864 spec.py:346] Evaluating on the validation split.
I0427 09:47:42.986386 140301812380864 spec.py:363] Evaluating on the test split.
I0427 09:47:53.100363 140301812380864 submission_runner.py:516] Time since start: 39637.48s, 	Step: 58612, 	{'train/ctc_loss': 0.12026364868188913, 'train/wer': 0.044721122005064604, 'validation/ctc_loss': 0.33130996333132406, 'validation/wer': 0.09199053734369719, 'validation/num_examples': 5348, 'test/ctc_loss': 0.1776648644670624, 'test/wer': 0.05695366928686044, 'test/num_examples': 2472, 'score': 38402.102346897125, 'total_duration': 39637.477216243744, 'accumulated_submission_time': 38402.102346897125, 'accumulated_eval_time': 1119.147498846054, 'accumulated_logging_time': 30.06957483291626}
I0427 09:47:54.532365 140282506970880 logging_writer.py:48] [58612] accumulated_eval_time=1119.15, accumulated_logging_time=30.0696, accumulated_submission_time=38402.1, global_step=58612, preemption_count=0, score=38402.1, test/ctc_loss=0.177665, test/num_examples=2472, test/wer=0.0569537, total_duration=39637.5, train/ctc_loss=0.120264, train/wer=0.0447211, validation/ctc_loss=0.33131, validation/num_examples=5348, validation/wer=0.0919905
/usr/local/lib/python3.11/multiprocessing/popen_fork.py:66: RuntimeWarning: os.fork() was called. os.fork() is incompatible with multithreaded code, and JAX is multithreaded, so this will likely lead to a deadlock.
  self.pid = os.fork()
I0427 10:17:01.286400 140301812380864 spec.py:333] Evaluating on the training split.
/usr/local/lib/python3.11/site-packages/torch/distributed/distributed_c10d.py:4876: UserWarning: barrier(): using the device under current context. You can specify `device_id` in `init_process_group` to mute this warning.
  warnings.warn(  # warn only once
I0427 10:17:15.451000 140301812380864 spec.py:346] Evaluating on the validation split.
I0427 10:17:35.013711 140301812380864 spec.py:363] Evaluating on the test split.
I0427 10:17:45.407080 140301812380864 submission_runner.py:516] Time since start: 41429.77s, 	Step: 61272, 	{'train/ctc_loss': 0.11743847596610572, 'train/wer': 0.043525312209163905, 'validation/ctc_loss': 0.3286200751974709, 'validation/wer': 0.09196157002848453, 'validation/num_examples': 5348, 'test/ctc_loss': 0.1750570601329118, 'test/wer': 0.05599902504417768, 'test/num_examples': 2472, 'score': 40145.1042342186, 'total_duration': 41429.770080804825, 'accumulated_submission_time': 40145.1042342186, 'accumulated_eval_time': 1163.2542414665222, 'accumulated_logging_time': 32.26769948005676}
I0427 10:17:45.961743 140282506970880 logging_writer.py:48] [61272] accumulated_eval_time=1163.25, accumulated_logging_time=32.2677, accumulated_submission_time=40145.1, global_step=61272, preemption_count=0, score=40145.1, test/ctc_loss=0.175057, test/num_examples=2472, test/wer=0.055999, total_duration=41429.8, train/ctc_loss=0.117438, train/wer=0.0435253, validation/ctc_loss=0.32862, validation/num_examples=5348, validation/wer=0.0919616
/usr/local/lib/python3.11/multiprocessing/popen_fork.py:66: RuntimeWarning: os.fork() was called. os.fork() is incompatible with multithreaded code, and JAX is multithreaded, so this will likely lead to a deadlock.
  self.pid = os.fork()
I0427 10:46:55.209344 140301812380864 spec.py:333] Evaluating on the training split.
/usr/local/lib/python3.11/site-packages/torch/distributed/distributed_c10d.py:4876: UserWarning: barrier(): using the device under current context. You can specify `device_id` in `init_process_group` to mute this warning.
  warnings.warn(  # warn only once
I0427 10:47:14.846375 140301812380864 spec.py:346] Evaluating on the validation split.
I0427 10:47:34.204312 140301812380864 spec.py:363] Evaluating on the test split.
I0427 10:47:44.500412 140301812380864 submission_runner.py:516] Time since start: 43228.88s, 	Step: 64194, 	{'train/ctc_loss': 0.11438396976996675, 'train/wer': 0.042367378741640156, 'validation/ctc_loss': 0.3240708038225839, 'validation/wer': 0.09000144836576063, 'validation/num_examples': 5348, 'test/ctc_loss': 0.17285999298341828, 'test/wer': 0.05467877236812707, 'test/num_examples': 2472, 'score': 41889.49879813194, 'total_duration': 43228.87726473808, 'accumulated_submission_time': 41889.49879813194, 'accumulated_eval_time': 1212.5452864170074, 'accumulated_logging_time': 33.09236669540405}
I0427 10:47:46.061984 140282506970880 logging_writer.py:48] [64194] accumulated_eval_time=1212.55, accumulated_logging_time=33.0924, accumulated_submission_time=41889.5, global_step=64194, preemption_count=0, score=41889.5, test/ctc_loss=0.17286, test/num_examples=2472, test/wer=0.0546788, total_duration=43228.9, train/ctc_loss=0.114384, train/wer=0.0423674, validation/ctc_loss=0.324071, validation/num_examples=5348, validation/wer=0.0900014
/usr/local/lib/python3.11/multiprocessing/popen_fork.py:66: RuntimeWarning: os.fork() was called. os.fork() is incompatible with multithreaded code, and JAX is multithreaded, so this will likely lead to a deadlock.
  self.pid = os.fork()
I0427 11:16:54.996408 140301812380864 spec.py:333] Evaluating on the training split.
/usr/local/lib/python3.11/site-packages/torch/distributed/distributed_c10d.py:4876: UserWarning: barrier(): using the device under current context. You can specify `device_id` in `init_process_group` to mute this warning.
  warnings.warn(  # warn only once
I0427 11:17:14.975507 140301812380864 spec.py:346] Evaluating on the validation split.
I0427 11:17:34.805436 140301812380864 spec.py:363] Evaluating on the test split.
I0427 11:17:45.180095 140301812380864 submission_runner.py:516] Time since start: 45029.56s, 	Step: 66888, 	{'train/ctc_loss': 0.1123031633812852, 'train/wer': 0.041496223188970414, 'validation/ctc_loss': 0.32145474161612164, 'validation/wer': 0.08912277313764302, 'validation/num_examples': 5348, 'test/ctc_loss': 0.17156167333376346, 'test/wer': 0.05402880181991754, 'test/num_examples': 2472, 'score': 43633.706822156906, 'total_duration': 45029.556896448135, 'accumulated_submission_time': 43633.706822156906, 'accumulated_eval_time': 1262.7580351829529, 'accumulated_logging_time': 35.05121469497681}
I0427 11:17:45.627721 140282506970880 logging_writer.py:48] [66888] accumulated_eval_time=1262.76, accumulated_logging_time=35.0512, accumulated_submission_time=43633.7, global_step=66888, preemption_count=0, score=43633.7, test/ctc_loss=0.171562, test/num_examples=2472, test/wer=0.0540288, total_duration=45029.6, train/ctc_loss=0.112303, train/wer=0.0414962, validation/ctc_loss=0.321455, validation/num_examples=5348, validation/wer=0.0891228
/usr/local/lib/python3.11/multiprocessing/popen_fork.py:66: RuntimeWarning: os.fork() was called. os.fork() is incompatible with multithreaded code, and JAX is multithreaded, so this will likely lead to a deadlock.
  self.pid = os.fork()
I0427 11:46:53.198559 140301812380864 spec.py:333] Evaluating on the training split.
/usr/local/lib/python3.11/site-packages/torch/distributed/distributed_c10d.py:4876: UserWarning: barrier(): using the device under current context. You can specify `device_id` in `init_process_group` to mute this warning.
  warnings.warn(  # warn only once
I0427 11:47:10.713990 140301812380864 spec.py:346] Evaluating on the validation split.
I0427 11:47:31.130937 140301812380864 spec.py:363] Evaluating on the test split.
I0427 11:47:41.643266 140301812380864 submission_runner.py:516] Time since start: 46825.93s, 	Step: 69613, 	{'train/ctc_loss': 0.11025753100189999, 'train/wer': 0.0408144492781854, 'validation/ctc_loss': 0.31957769901704086, 'validation/wer': 0.08833099985516342, 'validation/num_examples': 5348, 'test/ctc_loss': 0.17068811647122395, 'test/wer': 0.05417098287733837, 'test/num_examples': 2472, 'score': 45378.13080763817, 'total_duration': 46825.93192911148, 'accumulated_submission_time': 45378.13080763817, 'accumulated_eval_time': 1311.1144556999207, 'accumulated_logging_time': 35.74187469482422}
I0427 11:47:42.906312 140282506970880 logging_writer.py:48] [69613] accumulated_eval_time=1311.11, accumulated_logging_time=35.7419, accumulated_submission_time=45378.1, global_step=69613, preemption_count=0, score=45378.1, test/ctc_loss=0.170688, test/num_examples=2472, test/wer=0.054171, total_duration=46825.9, train/ctc_loss=0.110258, train/wer=0.0408144, validation/ctc_loss=0.319578, validation/num_examples=5348, validation/wer=0.088331
/usr/local/lib/python3.11/multiprocessing/popen_fork.py:66: RuntimeWarning: os.fork() was called. os.fork() is incompatible with multithreaded code, and JAX is multithreaded, so this will likely lead to a deadlock.
  self.pid = os.fork()
I0427 12:16:52.157040 140301812380864 spec.py:333] Evaluating on the training split.
/usr/local/lib/python3.11/site-packages/torch/distributed/distributed_c10d.py:4876: UserWarning: barrier(): using the device under current context. You can specify `device_id` in `init_process_group` to mute this warning.
  warnings.warn(  # warn only once
I0427 12:17:08.404958 140301812380864 spec.py:346] Evaluating on the validation split.
I0427 12:17:28.144760 140301812380864 spec.py:363] Evaluating on the test split.
I0427 12:17:38.565599 140301812380864 submission_runner.py:516] Time since start: 48622.94s, 	Step: 72495, 	{'train/ctc_loss': 0.10822692113176019, 'train/wer': 0.0400244572863234, 'validation/ctc_loss': 0.3169932274399739, 'validation/wer': 0.08814754019214986, 'validation/num_examples': 5348, 'test/ctc_loss': 0.16875693089070262, 'test/wer': 0.05335851969207645, 'test/num_examples': 2472, 'score': 47122.521102666855, 'total_duration': 48622.94240689278, 'accumulated_submission_time': 47122.521102666855, 'accumulated_eval_time': 1357.5492691993713, 'accumulated_logging_time': 37.50556683540344}
I0427 12:17:39.940679 140282506970880 logging_writer.py:48] [72495] accumulated_eval_time=1357.55, accumulated_logging_time=37.5056, accumulated_submission_time=47122.5, global_step=72495, preemption_count=0, score=47122.5, test/ctc_loss=0.168757, test/num_examples=2472, test/wer=0.0533585, total_duration=48622.9, train/ctc_loss=0.108227, train/wer=0.0400245, validation/ctc_loss=0.316993, validation/num_examples=5348, validation/wer=0.0881475
/usr/local/lib/python3.11/multiprocessing/popen_fork.py:66: RuntimeWarning: os.fork() was called. os.fork() is incompatible with multithreaded code, and JAX is multithreaded, so this will likely lead to a deadlock.
  self.pid = os.fork()
I0427 12:46:46.732643 140301812380864 spec.py:333] Evaluating on the training split.
/usr/local/lib/python3.11/site-packages/torch/distributed/distributed_c10d.py:4876: UserWarning: barrier(): using the device under current context. You can specify `device_id` in `init_process_group` to mute this warning.
  warnings.warn(  # warn only once
I0427 12:47:06.406642 140301812380864 spec.py:346] Evaluating on the validation split.
I0427 12:47:26.207481 140301812380864 spec.py:363] Evaluating on the test split.
I0427 12:47:36.683064 140301812380864 submission_runner.py:516] Time since start: 50421.06s, 	Step: 75167, 	{'train/ctc_loss': 0.10631405274564022, 'train/wer': 0.03958076315390775, 'validation/ctc_loss': 0.3155722868162297, 'validation/wer': 0.08748129194225848, 'validation/num_examples': 5348, 'test/ctc_loss': 0.16828970064600943, 'test/wer': 0.05339914285133955, 'test/num_examples': 2472, 'score': 48865.958852529526, 'total_duration': 50421.05991268158, 'accumulated_submission_time': 48865.958852529526, 'accumulated_eval_time': 1407.4995484352112, 'accumulated_logging_time': 39.320027589797974}
I0427 12:47:37.195084 140282506970880 logging_writer.py:48] [75167] accumulated_eval_time=1407.5, accumulated_logging_time=39.32, accumulated_submission_time=48866, global_step=75167, preemption_count=0, score=48866, test/ctc_loss=0.16829, test/num_examples=2472, test/wer=0.0533991, total_duration=50421.1, train/ctc_loss=0.106314, train/wer=0.0395808, validation/ctc_loss=0.315572, validation/num_examples=5348, validation/wer=0.0874813
/usr/local/lib/python3.11/multiprocessing/popen_fork.py:66: RuntimeWarning: os.fork() was called. os.fork() is incompatible with multithreaded code, and JAX is multithreaded, so this will likely lead to a deadlock.
  self.pid = os.fork()
I0427 13:16:46.400922 140301812380864 spec.py:333] Evaluating on the training split.
/usr/local/lib/python3.11/site-packages/torch/distributed/distributed_c10d.py:4876: UserWarning: barrier(): using the device under current context. You can specify `device_id` in `init_process_group` to mute this warning.
  warnings.warn(  # warn only once
I0427 13:17:01.929491 140301812380864 spec.py:346] Evaluating on the validation split.
I0427 13:17:21.750286 140301812380864 spec.py:363] Evaluating on the test split.
I0427 13:17:32.332177 140301812380864 submission_runner.py:516] Time since start: 52216.68s, 	Step: 77947, 	{'train/ctc_loss': 0.10438668535192033, 'train/wer': 0.03873666212150726, 'validation/ctc_loss': 0.3137122413492691, 'validation/wer': 0.08683435523584222, 'validation/num_examples': 5348, 'test/ctc_loss': 0.1674890063471837, 'test/wer': 0.052769483882761564, 'test/num_examples': 2472, 'score': 50610.40315556526, 'total_duration': 52216.68145942688, 'accumulated_submission_time': 50610.40315556526, 'accumulated_eval_time': 1453.403136253357, 'accumulated_logging_time': 40.02735114097595}
I0427 13:17:33.591104 140282506970880 logging_writer.py:48] [77947] accumulated_eval_time=1453.4, accumulated_logging_time=40.0274, accumulated_submission_time=50610.4, global_step=77947, preemption_count=0, score=50610.4, test/ctc_loss=0.167489, test/num_examples=2472, test/wer=0.0527695, total_duration=52216.7, train/ctc_loss=0.104387, train/wer=0.0387367, validation/ctc_loss=0.313712, validation/num_examples=5348, validation/wer=0.0868344
/usr/local/lib/python3.11/multiprocessing/popen_fork.py:66: RuntimeWarning: os.fork() was called. os.fork() is incompatible with multithreaded code, and JAX is multithreaded, so this will likely lead to a deadlock.
  self.pid = os.fork()
I0427 13:46:42.087339 140301812380864 spec.py:333] Evaluating on the training split.
/usr/local/lib/python3.11/site-packages/torch/distributed/distributed_c10d.py:4876: UserWarning: barrier(): using the device under current context. You can specify `device_id` in `init_process_group` to mute this warning.
  warnings.warn(  # warn only once
I0427 13:47:01.981063 140301812380864 spec.py:346] Evaluating on the validation split.
I0427 13:47:21.531000 140301812380864 spec.py:363] Evaluating on the test split.
I0427 13:47:31.750953 140301812380864 submission_runner.py:516] Time since start: 54016.13s, 	Step: 80796, 	{'train/ctc_loss': 0.10262398241882677, 'train/wer': 0.03790338289721447, 'validation/ctc_loss': 0.31298737375521146, 'validation/wer': 0.08651571476850287, 'validation/num_examples': 5348, 'test/ctc_loss': 0.16747170432366604, 'test/wer': 0.05207889017528893, 'test/num_examples': 2472, 'score': 52353.756138801575, 'total_duration': 54016.1277320385, 'accumulated_submission_time': 52353.756138801575, 'accumulated_eval_time': 1503.0665533542633, 'accumulated_logging_time': 41.82515811920166}
I0427 13:47:33.008030 140282506970880 logging_writer.py:48] [80796] accumulated_eval_time=1503.07, accumulated_logging_time=41.8252, accumulated_submission_time=52353.8, global_step=80796, preemption_count=0, score=52353.8, test/ctc_loss=0.167472, test/num_examples=2472, test/wer=0.0520789, total_duration=54016.1, train/ctc_loss=0.102624, train/wer=0.0379034, validation/ctc_loss=0.312987, validation/num_examples=5348, validation/wer=0.0865157
/usr/local/lib/python3.11/multiprocessing/popen_fork.py:66: RuntimeWarning: os.fork() was called. os.fork() is incompatible with multithreaded code, and JAX is multithreaded, so this will likely lead to a deadlock.
  self.pid = os.fork()
I0427 14:16:41.299133 140301812380864 spec.py:333] Evaluating on the training split.
/usr/local/lib/python3.11/site-packages/torch/distributed/distributed_c10d.py:4876: UserWarning: barrier(): using the device under current context. You can specify `device_id` in `init_process_group` to mute this warning.
  warnings.warn(  # warn only once
I0427 14:16:59.685408 140301812380864 spec.py:346] Evaluating on the validation split.
I0427 14:17:19.180046 140301812380864 spec.py:363] Evaluating on the test split.
I0427 14:17:29.537958 140301812380864 submission_runner.py:516] Time since start: 55813.91s, 	Step: 83451, 	{'train/ctc_loss': 0.1012446351021239, 'train/wer': 0.03751379780533732, 'validation/ctc_loss': 0.31160540635360157, 'validation/wer': 0.08594602423598706, 'validation/num_examples': 5348, 'test/ctc_loss': 0.1659111323714433, 'test/wer': 0.051266426990027016, 'test/num_examples': 2472, 'score': 54098.72453522682, 'total_duration': 55813.914803504944, 'accumulated_submission_time': 54098.72453522682, 'accumulated_eval_time': 1551.3052899837494, 'accumulated_logging_time': 43.551029682159424}
I0427 14:17:30.033648 140282506970880 logging_writer.py:48] [83451] accumulated_eval_time=1551.31, accumulated_logging_time=43.551, accumulated_submission_time=54098.7, global_step=83451, preemption_count=0, score=54098.7, test/ctc_loss=0.165911, test/num_examples=2472, test/wer=0.0512664, total_duration=55813.9, train/ctc_loss=0.101245, train/wer=0.0375138, validation/ctc_loss=0.311605, validation/num_examples=5348, validation/wer=0.085946
/usr/local/lib/python3.11/multiprocessing/popen_fork.py:66: RuntimeWarning: os.fork() was called. os.fork() is incompatible with multithreaded code, and JAX is multithreaded, so this will likely lead to a deadlock.
  self.pid = os.fork()
I0427 14:46:39.284668 140301812380864 spec.py:333] Evaluating on the training split.
/usr/local/lib/python3.11/site-packages/torch/distributed/distributed_c10d.py:4876: UserWarning: barrier(): using the device under current context. You can specify `device_id` in `init_process_group` to mute this warning.
  warnings.warn(  # warn only once
I0427 14:46:59.156850 140301812380864 spec.py:346] Evaluating on the validation split.
I0427 14:47:18.626418 140301812380864 spec.py:363] Evaluating on the test split.
I0427 14:47:28.878297 140301812380864 submission_runner.py:516] Time since start: 57613.24s, 	Step: 86295, 	{'train/ctc_loss': 0.10008087106432788, 'train/wer': 0.03709174728913707, 'validation/ctc_loss': 0.3101975140333032, 'validation/wer': 0.08479698739921789, 'validation/num_examples': 5348, 'test/ctc_loss': 0.16567715810294212, 'test/wer': 0.050961753295553795, 'test/num_examples': 2472, 'score': 55843.257081747055, 'total_duration': 57613.237389326096, 'accumulated_submission_time': 55843.257081747055, 'accumulated_eval_time': 1600.8810634613037, 'accumulated_logging_time': 44.3153133392334}
I0427 14:47:30.238398 140282506970880 logging_writer.py:48] [86295] accumulated_eval_time=1600.88, accumulated_logging_time=44.3153, accumulated_submission_time=55843.3, global_step=86295, preemption_count=0, score=55843.3, test/ctc_loss=0.165677, test/num_examples=2472, test/wer=0.0509618, total_duration=57613.2, train/ctc_loss=0.100081, train/wer=0.0370917, validation/ctc_loss=0.310198, validation/num_examples=5348, validation/wer=0.084797
I0427 14:47:31.576524 140281550731008 logging_writer.py:48] [86295] global_step=86295, preemption_count=0, score=55843.3
I0427 14:47:31.710710 140301812380864 submission_runner.py:857] Final librispeech_conformer score: 55843.257081747055
[W427 14:47:41.101095672 AllocatorConfig.cpp:28] Warning: PYTORCH_CUDA_ALLOC_CONF is deprecated, use PYTORCH_ALLOC_CONF instead (function operator())
[W427 14:47:41.101092929 AllocatorConfig.cpp:28] Warning: PYTORCH_CUDA_ALLOC_CONF is deprecated, use PYTORCH_ALLOC_CONF instead (function operator())
[W427 14:47:41.101095692 AllocatorConfig.cpp:28] Warning: PYTORCH_CUDA_ALLOC_CONF is deprecated, use PYTORCH_ALLOC_CONF instead (function operator())
[W427 14:47:41.101100692 AllocatorConfig.cpp:28] Warning: PYTORCH_CUDA_ALLOC_CONF is deprecated, use PYTORCH_ALLOC_CONF instead (function operator())
