python submission_runner.py --framework=jax --workload=imagenet_resnet --submission_path=submissions_algorithms/submissions/self_tuning/nadamw_baselinev05/submission.py --data_dir=/data/imagenet/jax --experiment_dir=/experiment_runs --experiment_name=submissions_a100/nadamw_baselinev05/study_0 --overwrite=True --save_checkpoints=False --rng_seed=-920381620 --imagenet_v2_data_dir=/data/imagenet/jax --tuning_ruleset=self 2>&1 | tee -a /logs/imagenet_resnet_jax_04-08-2026-23-06-55.log
2026-04-08 23:06:56.761134: E external/local_xla/xla/stream_executor/cuda/cuda_fft.cc:467] Unable to register cuFFT factory: Attempting to register factory for plugin cuFFT when one has already been registered
WARNING: All log messages before absl::InitializeLog() is called are written to STDERR
E0000 00:00:1775689616.783830       9 cuda_dnn.cc:8579] Unable to register cuDNN factory: Attempting to register factory for plugin cuDNN when one has already been registered
E0000 00:00:1775689616.791301       9 cuda_blas.cc:1407] Unable to register cuBLAS factory: Attempting to register factory for plugin cuBLAS when one has already been registered
W0000 00:00:1775689616.809311       9 computation_placer.cc:177] computation placer already registered. Please check linkage and avoid linking the same target more than once.
W0000 00:00:1775689616.809336       9 computation_placer.cc:177] computation placer already registered. Please check linkage and avoid linking the same target more than once.
W0000 00:00:1775689616.809339       9 computation_placer.cc:177] computation placer already registered. Please check linkage and avoid linking the same target more than once.
W0000 00:00:1775689616.809341       9 computation_placer.cc:177] computation placer already registered. Please check linkage and avoid linking the same target more than once.
/usr/local/lib/python3.11/site-packages/torch/__init__.py:1617: UserWarning: Please use the new API settings to control TF32 behavior, such as torch.backends.cudnn.conv.fp32_precision = 'tf32' or torch.backends.cuda.matmul.fp32_precision = 'ieee'. Old settings, e.g, torch.backends.cuda.matmul.allow_tf32 = True, torch.backends.cudnn.allow_tf32 = True, allowTF32CuDNN() and allowTF32CuBLAS() will be deprecated after Pytorch 2.9. Please see https://pytorch.org/docs/main/notes/cuda.html#tensorfloat-32-tf32-on-ampere-and-later-devices (Triggered internally at /pytorch/aten/src/ATen/Context.cpp:80.)
  _C._set_float32_matmul_precision(precision)
/usr/local/lib/python3.11/site-packages/pydantic/_internal/_generate_schema.py:2249: UnsupportedFieldAttributeWarning: The 'repr' attribute with value False was provided to the `Field()` function, which has no effect in the context it was used. 'repr' is field-specific metadata, and can only be attached to a model field using `Annotated` metadata or by assignment. This may have happened because an `Annotated` type alias using the `type` statement was used, or if the `Field()` function was attached to a single member of a union type.
  warnings.warn(
/usr/local/lib/python3.11/site-packages/pydantic/_internal/_generate_schema.py:2249: UnsupportedFieldAttributeWarning: The 'frozen' attribute with value True was provided to the `Field()` function, which has no effect in the context it was used. 'frozen' is field-specific metadata, and can only be attached to a model field using `Annotated` metadata or by assignment. This may have happened because an `Annotated` type alias using the `type` statement was used, or if the `Field()` function was attached to a single member of a union type.
  warnings.warn(
INFO:2026-04-08 23:07:06,551:jax._src.xla_bridge:830: Unable to initialize backend 'tpu': INTERNAL: Failed to open libtpu.so: libtpu.so: cannot open shared object file: No such file or directory
I0408 23:07:06.551332 140426313979072 xla_bridge.py:830] Unable to initialize backend 'tpu': INTERNAL: Failed to open libtpu.so: libtpu.so: cannot open shared object file: No such file or directory
I0408 23:07:07.354592 140426313979072 logger_utils.py:59] Removing existing experiment directory /experiment_runs/submissions_a100/nadamw_baselinev05/study_0/imagenet_resnet_jax because --overwrite was set.
I0408 23:07:07.364787 140426313979072 logger_utils.py:84] Creating experiment directory at /experiment_runs/submissions_a100/nadamw_baselinev05/study_0/imagenet_resnet_jax.
I0408 23:07:07.854853 140426313979072 submission_runner.py:741] Creating directory at /experiment_runs/submissions_a100/nadamw_baselinev05/study_0/imagenet_resnet_jax/trial_1.
I0408 23:07:08.353574 140426313979072 submission_runner.py:242] Initializing dataset.
I0408 23:07:08.586066 140426313979072 dataset_info.py:707] Load dataset info from /data/imagenet/jax/imagenet2012/5.1.0
I0408 23:07:08.664481 140426313979072 dataset_info.py:793] For 'imagenet2012/5.1.0': fields info.[splits, supervised_keys] differ on disk and in the code. Keeping the one from code.
I0408 23:07:08.942280 140426313979072 reader.py:262] Creating a tf.data.Dataset reading 1024 files located in folders: /data/imagenet/jax/imagenet2012/5.1.0.
I0408 23:07:09.019314 140426313979072 logging_logger.py:49] Constructing tf.data.Dataset imagenet2012 for split train, from /data/imagenet/jax/imagenet2012/5.1.0
I0408 23:07:09.895845 140426313979072 submission_runner.py:251] Initializing model.
I0408 23:07:32.766786 140426313979072 submission_runner.py:294] Initializing optimizer.
I0408 23:07:33.908777 140426313979072 submission_runner.py:299] Initializing metrics bundle.
I0408 23:07:33.908994 140426313979072 submission_runner.py:321] Initializing checkpoint and logger.
I0408 23:07:33.910919 140426313979072 checkpoints.py:1098] Found no checkpoint files in /experiment_runs/submissions_a100/nadamw_baselinev05/study_0/imagenet_resnet_jax/trial_1 with prefix checkpoint_
I0408 23:07:33.911023 140426313979072 submission_runner.py:344] Saving meta data to /experiment_runs/submissions_a100/nadamw_baselinev05/study_0/imagenet_resnet_jax/trial_1/meta_data_0.json.
I0408 23:07:34.141954 140426313979072 submission_runner.py:348] Saving flags to /experiment_runs/submissions_a100/nadamw_baselinev05/study_0/imagenet_resnet_jax/trial_1/flags_0.json.
I0408 23:07:34.152671 140426313979072 submission_runner.py:359] Starting training loop.
I0408 23:08:28.875520 140426313979072 spec.py:333] Evaluating on the training split.
I0408 23:08:29.161700 140426313979072 dataset_info.py:707] Load dataset info from /data/imagenet/jax/imagenet2012/5.1.0
I0408 23:08:29.167241 140426313979072 dataset_info.py:793] For 'imagenet2012/5.1.0': fields info.[splits, supervised_keys] differ on disk and in the code. Keeping the one from code.
I0408 23:08:29.185359 140426313979072 reader.py:262] Creating a tf.data.Dataset reading 1024 files located in folders: /data/imagenet/jax/imagenet2012/5.1.0.
I0408 23:08:29.226696 140426313979072 logging_logger.py:49] Constructing tf.data.Dataset imagenet2012 for split train, from /data/imagenet/jax/imagenet2012/5.1.0
I0408 23:08:51.129205 140426313979072 spec.py:346] Evaluating on the validation split.
I0408 23:08:51.133506 140426313979072 dataset_info.py:707] Load dataset info from /data/imagenet/jax/imagenet2012/5.1.0
I0408 23:08:51.143833 140426313979072 dataset_info.py:793] For 'imagenet2012/5.1.0': fields info.[splits, supervised_keys] differ on disk and in the code. Keeping the one from code.
I0408 23:08:51.146331 140426313979072 reader.py:262] Creating a tf.data.Dataset reading 64 files located in folders: /data/imagenet/jax/imagenet2012/5.1.0.
I0408 23:08:51.225968 140426313979072 logging_logger.py:49] Constructing tf.data.Dataset imagenet2012 for split validation, from /data/imagenet/jax/imagenet2012/5.1.0
I0408 23:09:18.284592 140426313979072 spec.py:363] Evaluating on the test split.
I0408 23:09:18.406269 140426313979072 dataset_info.py:707] Load dataset info from /data/imagenet/jax/imagenet_v2/matched-frequency/3.0.0
I0408 23:09:18.459002 140426313979072 reader.py:262] Creating a tf.data.Dataset reading 16 files located in folders: /data/imagenet/jax/imagenet_v2/matched-frequency/3.0.0.
I0408 23:09:18.505898 140426313979072 logging_logger.py:49] Constructing tf.data.Dataset imagenet_v2 for split test, from /data/imagenet/jax/imagenet_v2/matched-frequency/3.0.0
I0408 23:09:22.873646 140426313979072 submission_runner.py:516] Time since start: 108.72s, 	Step: 1, 	{'train/accuracy': Array(0.00131537, dtype=float32), 'train/loss': Array(6.910645, dtype=float32), 'validation/accuracy': Array(0.0013, dtype=float32), 'validation/loss': Array(6.9107227, dtype=float32), 'validation/num_examples': 50000, 'test/accuracy': Array(0.0014, dtype=float32), 'test/loss': Array(6.9103284, dtype=float32), 'test/num_examples': 10000, 'score': 54.72272038459778, 'total_duration': 108.71933245658875, 'accumulated_submission_time': 54.72272038459778, 'accumulated_eval_time': 53.99652576446533, 'accumulated_logging_time': 0}
I0408 23:09:22.892079 140211203856128 logging_writer.py:48] [1] accumulated_eval_time=53.9965, accumulated_logging_time=0, accumulated_submission_time=54.7227, global_step=1, preemption_count=0, score=54.7227, test/accuracy=0.0014000000664964318, test/loss=6.910328388214111, test/num_examples=10000, total_duration=108.719, train/accuracy=0.0013153698528185487, train/loss=6.910645008087158, validation/accuracy=0.0013000000035390258, validation/loss=6.910722732543945, validation/num_examples=50000
I0408 23:42:38.882052 140426313979072 spec.py:333] Evaluating on the training split.
I0408 23:42:50.461516 140426313979072 spec.py:346] Evaluating on the validation split.
I0408 23:43:00.315595 140426313979072 spec.py:363] Evaluating on the test split.
I0408 23:43:01.227752 140426313979072 submission_runner.py:516] Time since start: 2127.07s, 	Step: 7420, 	{'train/accuracy': Array(0.5674027, dtype=float32), 'train/loss': Array(1.8195473, dtype=float32), 'validation/accuracy': Array(0.53205997, dtype=float32), 'validation/loss': Array(2.0221603, dtype=float32), 'validation/num_examples': 50000, 'test/accuracy': Array(0.4074, dtype=float32), 'test/loss': Array(2.7439125, dtype=float32), 'test/num_examples': 10000, 'score': 2050.6129372119904, 'total_duration': 2127.070311307907, 'accumulated_submission_time': 2050.6129372119904, 'accumulated_eval_time': 76.33750796318054, 'accumulated_logging_time': 0.05271410942077637}
I0408 23:43:01.285236 140211212248832 logging_writer.py:48] [7420] accumulated_eval_time=76.3375, accumulated_logging_time=0.0527141, accumulated_submission_time=2050.61, global_step=7420, preemption_count=0, score=2050.61, test/accuracy=0.4074000120162964, test/loss=2.7439124584198, test/num_examples=10000, total_duration=2127.07, train/accuracy=0.567402720451355, train/loss=1.8195472955703735, validation/accuracy=0.5320599675178528, validation/loss=2.022160291671753, validation/num_examples=50000
I0409 00:16:17.283960 140426313979072 spec.py:333] Evaluating on the training split.
I0409 00:16:30.522526 140426313979072 spec.py:346] Evaluating on the validation split.
I0409 00:16:39.842432 140426313979072 spec.py:363] Evaluating on the test split.
I0409 00:16:40.715881 140426313979072 submission_runner.py:516] Time since start: 4146.56s, 	Step: 15390, 	{'train/accuracy': Array(0.6384327, dtype=float32), 'train/loss': Array(1.4769303, dtype=float32), 'validation/accuracy': Array(0.57054, dtype=float32), 'validation/loss': Array(1.8275179, dtype=float32), 'validation/num_examples': 50000, 'test/accuracy': Array(0.44810003, dtype=float32), 'test/loss': Array(2.590235, dtype=float32), 'test/num_examples': 10000, 'score': 4046.5205597877502, 'total_duration': 4146.561139345169, 'accumulated_submission_time': 4046.5205597877502, 'accumulated_eval_time': 99.76737070083618, 'accumulated_logging_time': 0.1315462589263916}
I0409 00:16:40.759115 140211220641536 logging_writer.py:48] [15390] accumulated_eval_time=99.7674, accumulated_logging_time=0.131546, accumulated_submission_time=4046.52, global_step=15390, preemption_count=0, score=4046.52, test/accuracy=0.4481000304222107, test/loss=2.5902349948883057, test/num_examples=10000, total_duration=4146.56, train/accuracy=0.6384326815605164, train/loss=1.4769302606582642, validation/accuracy=0.5705400109291077, validation/loss=1.8275178670883179, validation/num_examples=50000
I0409 00:49:56.720867 140426313979072 spec.py:333] Evaluating on the training split.
I0409 00:50:09.905226 140426313979072 spec.py:346] Evaluating on the validation split.
I0409 00:50:19.291801 140426313979072 spec.py:363] Evaluating on the test split.
I0409 00:50:20.161181 140426313979072 submission_runner.py:516] Time since start: 6166.01s, 	Step: 23361, 	{'train/accuracy': Array(0.669025, dtype=float32), 'train/loss': Array(1.304926, dtype=float32), 'validation/accuracy': Array(0.61094, dtype=float32), 'validation/loss': Array(1.6129831, dtype=float32), 'validation/num_examples': 50000, 'test/accuracy': Array(0.48060003, dtype=float32), 'test/loss': Array(2.4097662, dtype=float32), 'test/num_examples': 10000, 'score': 6042.40009355545, 'total_duration': 6166.005535125732, 'accumulated_submission_time': 6042.40009355545, 'accumulated_eval_time': 123.20471954345703, 'accumulated_logging_time': 0.1874542236328125}
I0409 00:50:20.198946 140211212248832 logging_writer.py:48] [23361] accumulated_eval_time=123.205, accumulated_logging_time=0.187454, accumulated_submission_time=6042.4, global_step=23361, preemption_count=0, score=6042.4, test/accuracy=0.4806000292301178, test/loss=2.40976619720459, test/num_examples=10000, total_duration=6166.01, train/accuracy=0.6690250039100647, train/loss=1.3049260377883911, validation/accuracy=0.6109399795532227, validation/loss=1.6129831075668335, validation/num_examples=50000
I0409 01:23:36.386744 140426313979072 spec.py:333] Evaluating on the training split.
I0409 01:23:49.174469 140426313979072 spec.py:346] Evaluating on the validation split.
I0409 01:23:58.660612 140426313979072 spec.py:363] Evaluating on the test split.
I0409 01:23:59.542075 140426313979072 submission_runner.py:516] Time since start: 8185.38s, 	Step: 31333, 	{'train/accuracy': Array(0.6733498, dtype=float32), 'train/loss': Array(1.2992538, dtype=float32), 'validation/accuracy': Array(0.62024, dtype=float32), 'validation/loss': Array(1.5868448, dtype=float32), 'validation/num_examples': 50000, 'test/accuracy': Array(0.4857, dtype=float32), 'test/loss': Array(2.366869, dtype=float32), 'test/num_examples': 10000, 'score': 8038.500613212585, 'total_duration': 8185.381682872772, 'accumulated_submission_time': 8038.500613212585, 'accumulated_eval_time': 146.35237884521484, 'accumulated_logging_time': 0.2436997890472412}
I0409 01:23:59.584814 140211220641536 logging_writer.py:48] [31333] accumulated_eval_time=146.352, accumulated_logging_time=0.2437, accumulated_submission_time=8038.5, global_step=31333, preemption_count=0, score=8038.5, test/accuracy=0.48570001125335693, test/loss=2.3668689727783203, test/num_examples=10000, total_duration=8185.38, train/accuracy=0.6733497977256775, train/loss=1.2992538213729858, validation/accuracy=0.6202399730682373, validation/loss=1.586844801902771, validation/num_examples=50000
I0409 01:57:15.647709 140426313979072 spec.py:333] Evaluating on the training split.
I0409 01:57:28.055632 140426313979072 spec.py:346] Evaluating on the validation split.
I0409 01:57:37.414553 140426313979072 spec.py:363] Evaluating on the test split.
I0409 01:57:38.289660 140426313979072 submission_runner.py:516] Time since start: 10204.13s, 	Step: 39305, 	{'train/accuracy': Array(0.68534756, dtype=float32), 'train/loss': Array(1.2300227, dtype=float32), 'validation/accuracy': Array(0.612, dtype=float32), 'validation/loss': Array(1.615977, dtype=float32), 'validation/num_examples': 50000, 'test/accuracy': Array(0.49080002, dtype=float32), 'test/loss': Array(2.3763983, dtype=float32), 'test/num_examples': 10000, 'score': 10034.473410129547, 'total_duration': 10204.134566307068, 'accumulated_submission_time': 10034.473410129547, 'accumulated_eval_time': 168.99196529388428, 'accumulated_logging_time': 0.30716848373413086}
I0409 01:57:38.324755 140211220641536 logging_writer.py:48] [39305] accumulated_eval_time=168.992, accumulated_logging_time=0.307168, accumulated_submission_time=10034.5, global_step=39305, preemption_count=0, score=10034.5, test/accuracy=0.49080002307891846, test/loss=2.3763983249664307, test/num_examples=10000, total_duration=10204.1, train/accuracy=0.6853475570678711, train/loss=1.230022668838501, validation/accuracy=0.6119999885559082, validation/loss=1.6159770488739014, validation/num_examples=50000
I0409 02:30:54.508772 140426313979072 spec.py:333] Evaluating on the training split.
I0409 02:31:06.743793 140426313979072 spec.py:346] Evaluating on the validation split.
I0409 02:31:16.258081 140426313979072 spec.py:363] Evaluating on the test split.
I0409 02:31:17.136080 140426313979072 submission_runner.py:516] Time since start: 12222.98s, 	Step: 47278, 	{'train/accuracy': Array(0.69606984, dtype=float32), 'train/loss': Array(1.1827605, dtype=float32), 'validation/accuracy': Array(0.63255996, dtype=float32), 'validation/loss': Array(1.5250754, dtype=float32), 'validation/num_examples': 50000, 'test/accuracy': Array(0.50460005, dtype=float32), 'test/loss': Array(2.292886, dtype=float32), 'test/num_examples': 10000, 'score': 12030.560815811157, 'total_duration': 12222.979586362839, 'accumulated_submission_time': 12030.560815811157, 'accumulated_eval_time': 191.61550045013428, 'accumulated_logging_time': 0.3693277835845947}
I0409 02:31:17.169517 140211212248832 logging_writer.py:48] [47278] accumulated_eval_time=191.616, accumulated_logging_time=0.369328, accumulated_submission_time=12030.6, global_step=47278, preemption_count=0, score=12030.6, test/accuracy=0.5046000480651855, test/loss=2.2928860187530518, test/num_examples=10000, total_duration=12223, train/accuracy=0.6960698366165161, train/loss=1.18276047706604, validation/accuracy=0.6325599551200867, validation/loss=1.5250754356384277, validation/num_examples=50000
I0409 03:04:33.262525 140426313979072 spec.py:333] Evaluating on the training split.
I0409 03:04:45.208306 140426313979072 spec.py:346] Evaluating on the validation split.
I0409 03:04:55.013835 140426313979072 spec.py:363] Evaluating on the test split.
I0409 03:04:55.906276 140426313979072 submission_runner.py:516] Time since start: 14241.75s, 	Step: 55251, 	{'train/accuracy': Array(0.705397, dtype=float32), 'train/loss': Array(1.1415232, dtype=float32), 'validation/accuracy': Array(0.64401996, dtype=float32), 'validation/loss': Array(1.4664686, dtype=float32), 'validation/num_examples': 50000, 'test/accuracy': Array(0.5137, dtype=float32), 'test/loss': Array(2.2117434, dtype=float32), 'test/num_examples': 10000, 'score': 14026.537544250488, 'total_duration': 14241.751855134964, 'accumulated_submission_time': 14026.537544250488, 'accumulated_eval_time': 214.25751399993896, 'accumulated_logging_time': 0.450009822845459}
I0409 03:04:55.938373 140211220641536 logging_writer.py:48] [55251] accumulated_eval_time=214.258, accumulated_logging_time=0.45001, accumulated_submission_time=14026.5, global_step=55251, preemption_count=0, score=14026.5, test/accuracy=0.513700008392334, test/loss=2.2117433547973633, test/num_examples=10000, total_duration=14241.8, train/accuracy=0.7053970098495483, train/loss=1.1415232419967651, validation/accuracy=0.6440199613571167, validation/loss=1.4664685726165771, validation/num_examples=50000
I0409 03:38:12.066056 140426313979072 spec.py:333] Evaluating on the training split.
I0409 03:38:23.778597 140426313979072 spec.py:346] Evaluating on the validation split.
I0409 03:38:33.165417 140426313979072 spec.py:363] Evaluating on the test split.
I0409 03:38:34.034944 140426313979072 submission_runner.py:516] Time since start: 16259.88s, 	Step: 63224, 	{'train/accuracy': Array(0.7370257, dtype=float32), 'train/loss': Array(1.0046328, dtype=float32), 'validation/accuracy': Array(0.6541, dtype=float32), 'validation/loss': Array(1.4222189, dtype=float32), 'validation/num_examples': 50000, 'test/accuracy': Array(0.5259, dtype=float32), 'test/loss': Array(2.1641724, dtype=float32), 'test/num_examples': 10000, 'score': 16022.565532922745, 'total_duration': 16259.879607915878, 'accumulated_submission_time': 16022.565532922745, 'accumulated_eval_time': 236.2237856388092, 'accumulated_logging_time': 0.512681245803833}
I0409 03:38:34.088941 140211212248832 logging_writer.py:48] [63224] accumulated_eval_time=236.224, accumulated_logging_time=0.512681, accumulated_submission_time=16022.6, global_step=63224, preemption_count=0, score=16022.6, test/accuracy=0.5259000062942505, test/loss=2.164172410964966, test/num_examples=10000, total_duration=16259.9, train/accuracy=0.7370256781578064, train/loss=1.004632830619812, validation/accuracy=0.6541000008583069, validation/loss=1.422218918800354, validation/num_examples=50000
I0409 04:11:50.118381 140426313979072 spec.py:333] Evaluating on the training split.
I0409 04:12:01.693215 140426313979072 spec.py:346] Evaluating on the validation split.
I0409 04:12:11.060811 140426313979072 spec.py:363] Evaluating on the test split.
I0409 04:12:11.935448 140426313979072 submission_runner.py:516] Time since start: 18277.78s, 	Step: 71196, 	{'train/accuracy': Array(0.7277383, dtype=float32), 'train/loss': Array(1.0456669, dtype=float32), 'validation/accuracy': Array(0.65238, dtype=float32), 'validation/loss': Array(1.4191067, dtype=float32), 'validation/num_examples': 50000, 'test/accuracy': Array(0.52940005, dtype=float32), 'test/loss': Array(2.148096, dtype=float32), 'test/num_examples': 10000, 'score': 18018.5050945282, 'total_duration': 18277.78085398674, 'accumulated_submission_time': 18018.5050945282, 'accumulated_eval_time': 258.0389504432678, 'accumulated_logging_time': 0.5878467559814453}
I0409 04:12:11.963814 140211220641536 logging_writer.py:48] [71196] accumulated_eval_time=258.039, accumulated_logging_time=0.587847, accumulated_submission_time=18018.5, global_step=71196, preemption_count=0, score=18018.5, test/accuracy=0.5294000506401062, test/loss=2.1480960845947266, test/num_examples=10000, total_duration=18277.8, train/accuracy=0.7277383208274841, train/loss=1.0456669330596924, validation/accuracy=0.6523799896240234, validation/loss=1.4191067218780518, validation/num_examples=50000
I0409 04:45:28.114656 140426313979072 spec.py:333] Evaluating on the training split.
I0409 04:45:38.774364 140426313979072 spec.py:346] Evaluating on the validation split.
I0409 04:45:48.197304 140426313979072 spec.py:363] Evaluating on the test split.
I0409 04:45:49.085493 140426313979072 submission_runner.py:516] Time since start: 20294.93s, 	Step: 79170, 	{'train/accuracy': Array(0.7163584, dtype=float32), 'train/loss': Array(1.0897101, dtype=float32), 'validation/accuracy': Array(0.64471996, dtype=float32), 'validation/loss': Array(1.4671122, dtype=float32), 'validation/num_examples': 50000, 'test/accuracy': Array(0.5174, dtype=float32), 'test/loss': Array(2.2054238, dtype=float32), 'test/num_examples': 10000, 'score': 20014.560002803802, 'total_duration': 20294.93107843399, 'accumulated_submission_time': 20014.560002803802, 'accumulated_eval_time': 279.0080523490906, 'accumulated_logging_time': 0.6436634063720703}
I0409 04:45:49.109821 140211212248832 logging_writer.py:48] [79170] accumulated_eval_time=279.008, accumulated_logging_time=0.643663, accumulated_submission_time=20014.6, global_step=79170, preemption_count=0, score=20014.6, test/accuracy=0.5174000263214111, test/loss=2.2054238319396973, test/num_examples=10000, total_duration=20294.9, train/accuracy=0.7163584232330322, train/loss=1.0897101163864136, validation/accuracy=0.6447199583053589, validation/loss=1.4671121835708618, validation/num_examples=50000
I0409 05:19:05.133653 140426313979072 spec.py:333] Evaluating on the training split.
I0409 05:19:16.456162 140426313979072 spec.py:346] Evaluating on the validation split.
I0409 05:19:26.558933 140426313979072 spec.py:363] Evaluating on the test split.
I0409 05:19:27.454512 140426313979072 submission_runner.py:516] Time since start: 22313.30s, 	Step: 87143, 	{'train/accuracy': Array(0.7612205, dtype=float32), 'train/loss': Array(0.8855968, dtype=float32), 'validation/accuracy': Array(0.66674, dtype=float32), 'validation/loss': Array(1.3716758, dtype=float32), 'validation/num_examples': 50000, 'test/accuracy': Array(0.5399, dtype=float32), 'test/loss': Array(2.1194074, dtype=float32), 'test/num_examples': 10000, 'score': 22010.503659963608, 'total_duration': 22313.29751944542, 'accumulated_submission_time': 22010.503659963608, 'accumulated_eval_time': 301.3246054649353, 'accumulated_logging_time': 0.6796543598175049}
I0409 05:19:27.504237 140211220641536 logging_writer.py:48] [87143] accumulated_eval_time=301.325, accumulated_logging_time=0.679654, accumulated_submission_time=22010.5, global_step=87143, preemption_count=0, score=22010.5, test/accuracy=0.539900004863739, test/loss=2.1194074153900146, test/num_examples=10000, total_duration=22313.3, train/accuracy=0.7612205147743225, train/loss=0.8855968117713928, validation/accuracy=0.6667400002479553, validation/loss=1.3716758489608765, validation/num_examples=50000
I0409 05:52:43.507602 140426313979072 spec.py:333] Evaluating on the training split.
I0409 05:52:54.945311 140426313979072 spec.py:346] Evaluating on the validation split.
I0409 05:53:04.817947 140426313979072 spec.py:363] Evaluating on the test split.
I0409 05:53:05.702771 140426313979072 submission_runner.py:516] Time since start: 24331.55s, 	Step: 95116, 	{'train/accuracy': Array(0.75273037, dtype=float32), 'train/loss': Array(0.94147354, dtype=float32), 'validation/accuracy': Array(0.6665, dtype=float32), 'validation/loss': Array(1.3620378, dtype=float32), 'validation/num_examples': 50000, 'test/accuracy': Array(0.535, dtype=float32), 'test/loss': Array(2.134613, dtype=float32), 'test/num_examples': 10000, 'score': 24006.420480251312, 'total_duration': 24331.547989606857, 'accumulated_submission_time': 24006.420480251312, 'accumulated_eval_time': 323.51771354675293, 'accumulated_logging_time': 0.7469618320465088}
I0409 05:53:05.756808 140211212248832 logging_writer.py:48] [95116] accumulated_eval_time=323.518, accumulated_logging_time=0.746962, accumulated_submission_time=24006.4, global_step=95116, preemption_count=0, score=24006.4, test/accuracy=0.5350000262260437, test/loss=2.134613037109375, test/num_examples=10000, total_duration=24331.5, train/accuracy=0.7527303695678711, train/loss=0.9414735436439514, validation/accuracy=0.6664999723434448, validation/loss=1.3620377779006958, validation/num_examples=50000
I0409 06:26:21.785241 140426313979072 spec.py:333] Evaluating on the training split.
I0409 06:26:32.381425 140426313979072 spec.py:346] Evaluating on the validation split.
I0409 06:26:41.656480 140426313979072 spec.py:363] Evaluating on the test split.
I0409 06:26:42.537685 140426313979072 submission_runner.py:516] Time since start: 26348.38s, 	Step: 103089, 	{'train/accuracy': Array(0.7480867, dtype=float32), 'train/loss': Array(0.95415044, dtype=float32), 'validation/accuracy': Array(0.6662, dtype=float32), 'validation/loss': Array(1.3684236, dtype=float32), 'validation/num_examples': 50000, 'test/accuracy': Array(0.5386, dtype=float32), 'test/loss': Array(2.1275759, dtype=float32), 'test/num_examples': 10000, 'score': 26002.350701332092, 'total_duration': 26348.38309764862, 'accumulated_submission_time': 26002.350701332092, 'accumulated_eval_time': 344.26828932762146, 'accumulated_logging_time': 0.8309192657470703}
I0409 06:26:42.564475 140211220641536 logging_writer.py:48] [103089] accumulated_eval_time=344.268, accumulated_logging_time=0.830919, accumulated_submission_time=26002.4, global_step=103089, preemption_count=0, score=26002.4, test/accuracy=0.5386000275611877, test/loss=2.1275758743286133, test/num_examples=10000, total_duration=26348.4, train/accuracy=0.74808669090271, train/loss=0.9541504383087158, validation/accuracy=0.6661999821662903, validation/loss=1.368423581123352, validation/num_examples=50000
I0409 06:59:58.738534 140426313979072 spec.py:333] Evaluating on the training split.
I0409 07:00:08.987452 140426313979072 spec.py:346] Evaluating on the validation split.
I0409 07:00:18.566079 140426313979072 spec.py:363] Evaluating on the test split.
I0409 07:00:19.452067 140426313979072 submission_runner.py:516] Time since start: 28365.30s, 	Step: 111063, 	{'train/accuracy': Array(0.8055046, dtype=float32), 'train/loss': Array(0.7100141, dtype=float32), 'validation/accuracy': Array(0.69391996, dtype=float32), 'validation/loss': Array(1.2417995, dtype=float32), 'validation/num_examples': 50000, 'test/accuracy': Array(0.57210004, dtype=float32), 'test/loss': Array(1.9365606, dtype=float32), 'test/num_examples': 10000, 'score': 27998.42070555687, 'total_duration': 28365.297261238098, 'accumulated_submission_time': 27998.42070555687, 'accumulated_eval_time': 364.9797375202179, 'accumulated_logging_time': 0.8936982154846191}
I0409 07:00:19.497175 140211212248832 logging_writer.py:48] [111063] accumulated_eval_time=364.98, accumulated_logging_time=0.893698, accumulated_submission_time=27998.4, global_step=111063, preemption_count=0, score=27998.4, test/accuracy=0.572100043296814, test/loss=1.9365606307983398, test/num_examples=10000, total_duration=28365.3, train/accuracy=0.8055046200752258, train/loss=0.7100141048431396, validation/accuracy=0.6939199566841125, validation/loss=1.2417994737625122, validation/num_examples=50000
I0409 07:33:35.606861 140426313979072 spec.py:333] Evaluating on the training split.
I0409 07:33:46.004740 140426313979072 spec.py:346] Evaluating on the validation split.
I0409 07:33:55.662475 140426313979072 spec.py:363] Evaluating on the test split.
I0409 07:33:56.512903 140426313979072 submission_runner.py:516] Time since start: 30382.36s, 	Step: 119037, 	{'train/accuracy': Array(0.79338723, dtype=float32), 'train/loss': Array(0.7438114, dtype=float32), 'validation/accuracy': Array(0.69501996, dtype=float32), 'validation/loss': Array(1.247845, dtype=float32), 'validation/num_examples': 50000, 'test/accuracy': Array(0.5686, dtype=float32), 'test/loss': Array(1.9901253, dtype=float32), 'test/num_examples': 10000, 'score': 29994.420372009277, 'total_duration': 30382.358476161957, 'accumulated_submission_time': 29994.420372009277, 'accumulated_eval_time': 385.88407731056213, 'accumulated_logging_time': 0.9798352718353271}
I0409 07:33:56.553692 140211220641536 logging_writer.py:48] [119037] accumulated_eval_time=385.884, accumulated_logging_time=0.979835, accumulated_submission_time=29994.4, global_step=119037, preemption_count=0, score=29994.4, test/accuracy=0.5685999989509583, test/loss=1.990125298500061, test/num_examples=10000, total_duration=30382.4, train/accuracy=0.793387234210968, train/loss=0.7438114285469055, validation/accuracy=0.6950199604034424, validation/loss=1.2478450536727905, validation/num_examples=50000
I0409 08:07:12.680193 140426313979072 spec.py:333] Evaluating on the training split.
I0409 08:07:23.285189 140426313979072 spec.py:346] Evaluating on the validation split.
I0409 08:07:33.041185 140426313979072 spec.py:363] Evaluating on the test split.
I0409 08:07:33.929521 140426313979072 submission_runner.py:516] Time since start: 32399.77s, 	Step: 127011, 	{'train/accuracy': Array(0.81562895, dtype=float32), 'train/loss': Array(0.6627401, dtype=float32), 'validation/accuracy': Array(0.70875996, dtype=float32), 'validation/loss': Array(1.1851873, dtype=float32), 'validation/num_examples': 50000, 'test/accuracy': Array(0.57570004, dtype=float32), 'test/loss': Array(1.9253464, dtype=float32), 'test/num_examples': 10000, 'score': 31990.469453811646, 'total_duration': 32399.774927139282, 'accumulated_submission_time': 31990.469453811646, 'accumulated_eval_time': 407.13149976730347, 'accumulated_logging_time': 1.0296502113342285}
I0409 08:07:33.955104 140211212248832 logging_writer.py:48] [127011] accumulated_eval_time=407.131, accumulated_logging_time=1.02965, accumulated_submission_time=31990.5, global_step=127011, preemption_count=0, score=31990.5, test/accuracy=0.575700044631958, test/loss=1.9253463745117188, test/num_examples=10000, total_duration=32399.8, train/accuracy=0.8156289458274841, train/loss=0.6627401113510132, validation/accuracy=0.7087599635124207, validation/loss=1.1851873397827148, validation/num_examples=50000
I0409 08:40:50.027946 140426313979072 spec.py:333] Evaluating on the training split.
I0409 08:41:00.640838 140426313979072 spec.py:346] Evaluating on the validation split.
I0409 08:41:10.777773 140426313979072 spec.py:363] Evaluating on the test split.
I0409 08:41:11.658220 140426313979072 submission_runner.py:516] Time since start: 34417.50s, 	Step: 134985, 	{'train/accuracy': Array(0.8550502, dtype=float32), 'train/loss': Array(0.50632024, dtype=float32), 'validation/accuracy': Array(0.7188, dtype=float32), 'validation/loss': Array(1.1678008, dtype=float32), 'validation/num_examples': 50000, 'test/accuracy': Array(0.587, dtype=float32), 'test/loss': Array(1.9245714, dtype=float32), 'test/num_examples': 10000, 'score': 33986.425263404846, 'total_duration': 34417.50291109085, 'accumulated_submission_time': 33986.425263404846, 'accumulated_eval_time': 428.7591528892517, 'accumulated_logging_time': 1.104121446609497}
I0409 08:41:11.687330 140211220641536 logging_writer.py:48] [134985] accumulated_eval_time=428.759, accumulated_logging_time=1.10412, accumulated_submission_time=33986.4, global_step=134985, preemption_count=0, score=33986.4, test/accuracy=0.5870000123977661, test/loss=1.9245713949203491, test/num_examples=10000, total_duration=34417.5, train/accuracy=0.8550502061843872, train/loss=0.5063202381134033, validation/accuracy=0.7188000082969666, validation/loss=1.167800784111023, validation/num_examples=50000
I0409 09:14:27.795141 140426313979072 spec.py:333] Evaluating on the training split.
I0409 09:14:38.124357 140426313979072 spec.py:346] Evaluating on the validation split.
I0409 09:14:48.137213 140426313979072 spec.py:363] Evaluating on the test split.
I0409 09:14:49.033246 140426313979072 submission_runner.py:516] Time since start: 36434.88s, 	Step: 142959, 	{'train/accuracy': Array(0.85435265, dtype=float32), 'train/loss': Array(0.49581236, dtype=float32), 'validation/accuracy': Array(0.71786, dtype=float32), 'validation/loss': Array(1.167035, dtype=float32), 'validation/num_examples': 50000, 'test/accuracy': Array(0.58720005, dtype=float32), 'test/loss': Array(1.9218899, dtype=float32), 'test/num_examples': 10000, 'score': 35982.44984602928, 'total_duration': 36434.87816143036, 'accumulated_submission_time': 35982.44984602928, 'accumulated_eval_time': 449.99485993385315, 'accumulated_logging_time': 1.1482579708099365}
I0409 09:14:49.060437 140211212248832 logging_writer.py:48] [142959] accumulated_eval_time=449.995, accumulated_logging_time=1.14826, accumulated_submission_time=35982.4, global_step=142959, preemption_count=0, score=35982.4, test/accuracy=0.5872000455856323, test/loss=1.9218899011611938, test/num_examples=10000, total_duration=36434.9, train/accuracy=0.8543526530265808, train/loss=0.4958123564720154, validation/accuracy=0.7178599834442139, validation/loss=1.1670349836349487, validation/num_examples=50000
I0409 09:48:05.177789 140426313979072 spec.py:333] Evaluating on the training split.
I0409 09:48:16.210084 140426313979072 spec.py:346] Evaluating on the validation split.
I0409 09:48:26.634683 140426313979072 spec.py:363] Evaluating on the test split.
I0409 09:48:27.527141 140426313979072 submission_runner.py:516] Time since start: 38453.37s, 	Step: 150933, 	{'train/accuracy': Array(0.87753105, dtype=float32), 'train/loss': Array(0.41457775, dtype=float32), 'validation/accuracy': Array(0.72672, dtype=float32), 'validation/loss': Array(1.139712, dtype=float32), 'validation/num_examples': 50000, 'test/accuracy': Array(0.59550005, dtype=float32), 'test/loss': Array(1.9276079, dtype=float32), 'test/num_examples': 10000, 'score': 37978.48601269722, 'total_duration': 38453.37223625183, 'accumulated_submission_time': 37978.48601269722, 'accumulated_eval_time': 472.34198689460754, 'accumulated_logging_time': 1.187891960144043}
I0409 09:48:27.552680 140211220641536 logging_writer.py:48] [150933] accumulated_eval_time=472.342, accumulated_logging_time=1.18789, accumulated_submission_time=37978.5, global_step=150933, preemption_count=0, score=37978.5, test/accuracy=0.5955000519752502, test/loss=1.9276078939437866, test/num_examples=10000, total_duration=38453.4, train/accuracy=0.8775310516357422, train/loss=0.41457775235176086, validation/accuracy=0.7267199754714966, validation/loss=1.1397119760513306, validation/num_examples=50000
I0409 10:21:43.651715 140426313979072 spec.py:333] Evaluating on the training split.
I0409 10:21:54.591005 140426313979072 spec.py:346] Evaluating on the validation split.
I0409 10:22:05.887086 140426313979072 spec.py:363] Evaluating on the test split.
I0409 10:22:06.784734 140426313979072 submission_runner.py:516] Time since start: 40472.63s, 	Step: 158906, 	{'train/accuracy': Array(0.9187061, dtype=float32), 'train/loss': Array(0.28725496, dtype=float32), 'validation/accuracy': Array(0.73094, dtype=float32), 'validation/loss': Array(1.1370666, dtype=float32), 'validation/num_examples': 50000, 'test/accuracy': Array(0.60340005, dtype=float32), 'test/loss': Array(1.9004098, dtype=float32), 'test/num_examples': 10000, 'score': 39974.50588822365, 'total_duration': 40472.6288022995, 'accumulated_submission_time': 39974.50588822365, 'accumulated_eval_time': 495.4717538356781, 'accumulated_logging_time': 1.2238471508026123}
I0409 10:22:06.813943 140211212248832 logging_writer.py:48] [158906] accumulated_eval_time=495.472, accumulated_logging_time=1.22385, accumulated_submission_time=39974.5, global_step=158906, preemption_count=0, score=39974.5, test/accuracy=0.6034000515937805, test/loss=1.9004098176956177, test/num_examples=10000, total_duration=40472.6, train/accuracy=0.9187061190605164, train/loss=0.2872549593448639, validation/accuracy=0.7309399843215942, validation/loss=1.1370666027069092, validation/num_examples=50000
I0409 10:55:22.946394 140426313979072 spec.py:333] Evaluating on the training split.
I0409 10:55:33.598995 140426313979072 spec.py:346] Evaluating on the validation split.
I0409 10:55:43.896606 140426313979072 spec.py:363] Evaluating on the test split.
I0409 10:55:44.776774 140426313979072 submission_runner.py:516] Time since start: 42490.62s, 	Step: 166880, 	{'train/accuracy': Array(0.9337532, dtype=float32), 'train/loss': Array(0.22856604, dtype=float32), 'validation/accuracy': Array(0.73754, dtype=float32), 'validation/loss': Array(1.1199626, dtype=float32), 'validation/num_examples': 50000, 'test/accuracy': Array(0.61350006, dtype=float32), 'test/loss': Array(1.9182806, dtype=float32), 'test/num_examples': 10000, 'score': 41970.55674123764, 'total_duration': 42490.62223148346, 'accumulated_submission_time': 41970.55674123764, 'accumulated_eval_time': 517.3002800941467, 'accumulated_logging_time': 1.2654967308044434}
I0409 10:55:44.805439 140211220641536 logging_writer.py:48] [166880] accumulated_eval_time=517.3, accumulated_logging_time=1.2655, accumulated_submission_time=41970.6, global_step=166880, preemption_count=0, score=41970.6, test/accuracy=0.6135000586509705, test/loss=1.9182806015014648, test/num_examples=10000, total_duration=42490.6, train/accuracy=0.9337531924247742, train/loss=0.2285660356283188, validation/accuracy=0.7375400066375732, validation/loss=1.1199625730514526, validation/num_examples=50000
I0409 11:29:00.972485 140426313979072 spec.py:333] Evaluating on the training split.
I0409 11:29:10.874288 140426313979072 spec.py:346] Evaluating on the validation split.
I0409 11:29:55.685497 140426313979072 spec.py:363] Evaluating on the test split.
I0409 11:29:56.578512 140426313979072 submission_runner.py:516] Time since start: 44542.42s, 	Step: 174846, 	{'train/accuracy': Array(0.9499561, dtype=float32), 'train/loss': Array(0.17272119, dtype=float32), 'validation/accuracy': Array(0.74322, dtype=float32), 'validation/loss': Array(1.11676, dtype=float32), 'validation/num_examples': 50000, 'test/accuracy': Array(0.619, dtype=float32), 'test/loss': Array(1.9050962, dtype=float32), 'test/num_examples': 10000, 'score': 43966.64495277405, 'total_duration': 44542.423659324646, 'accumulated_submission_time': 43966.64495277405, 'accumulated_eval_time': 572.9041349887848, 'accumulated_logging_time': 1.3039381504058838}
I0409 11:29:56.607860 140211212248832 logging_writer.py:48] [174846] accumulated_eval_time=572.904, accumulated_logging_time=1.30394, accumulated_submission_time=43966.6, global_step=174846, preemption_count=0, score=43966.6, test/accuracy=0.6190000176429749, test/loss=1.905096173286438, test/num_examples=10000, total_duration=44542.4, train/accuracy=0.9499561190605164, train/loss=0.17272119224071503, validation/accuracy=0.7432199716567993, validation/loss=1.116760015487671, validation/num_examples=50000
I0409 12:03:12.645378 140426313979072 spec.py:333] Evaluating on the training split.
I0409 12:03:25.196376 140426313979072 spec.py:346] Evaluating on the validation split.
I0409 12:04:08.737280 140426313979072 spec.py:363] Evaluating on the test split.
I0409 12:04:10.470632 140426313979072 submission_runner.py:516] Time since start: 46596.04s, 	Step: 181178, 	{'train/accuracy': Array(0.961934, dtype=float32), 'train/loss': Array(0.14265184, dtype=float32), 'validation/accuracy': Array(0.74666, dtype=float32), 'validation/loss': Array(1.1108509, dtype=float32), 'validation/num_examples': 50000, 'test/accuracy': Array(0.619, dtype=float32), 'test/loss': Array(1.9096694, dtype=float32), 'test/num_examples': 10000, 'score': 45962.579533576965, 'total_duration': 46596.04417204857, 'accumulated_submission_time': 45962.579533576965, 'accumulated_eval_time': 630.4668550491333, 'accumulated_logging_time': 1.3425805568695068}
I0409 12:04:12.078615 140211220641536 logging_writer.py:48] [181178] accumulated_eval_time=630.467, accumulated_logging_time=1.34258, accumulated_submission_time=45962.6, global_step=181178, preemption_count=0, score=45962.6, test/accuracy=0.6190000176429749, test/loss=1.9096693992614746, test/num_examples=10000, total_duration=46596, train/accuracy=0.961933970451355, train/loss=0.14265184104442596, validation/accuracy=0.7466599941253662, validation/loss=1.1108509302139282, validation/num_examples=50000
I0409 12:37:26.600780 140426313979072 spec.py:333] Evaluating on the training split.
I0409 12:37:38.650586 140426313979072 spec.py:346] Evaluating on the validation split.
I0409 12:38:07.881310 140426313979072 spec.py:363] Evaluating on the test split.
I0409 12:38:09.426867 140426313979072 submission_runner.py:516] Time since start: 48635.03s, 	Step: 187017, 	{'train/accuracy': Array(0.9661392, dtype=float32), 'train/loss': Array(0.1272944, dtype=float32), 'validation/accuracy': Array(0.74784, dtype=float32), 'validation/loss': Array(1.1045885, dtype=float32), 'validation/num_examples': 50000, 'test/accuracy': Array(0.62060004, dtype=float32), 'test/loss': Array(1.9026135, dtype=float32), 'test/num_examples': 10000, 'score': 47955.6160492897, 'total_duration': 48635.02640390396, 'accumulated_submission_time': 47955.6160492897, 'accumulated_eval_time': 673.0508854389191, 'accumulated_logging_time': 4.330115795135498}
I0409 12:38:11.130117 140211212248832 logging_writer.py:48] [187017] accumulated_eval_time=673.051, accumulated_logging_time=4.33012, accumulated_submission_time=47955.6, global_step=187017, preemption_count=0, score=47955.6, test/accuracy=0.6206000447273254, test/loss=1.9026135206222534, test/num_examples=10000, total_duration=48635, train/accuracy=0.9661391973495483, train/loss=0.1272944062948227, validation/accuracy=0.7478399872779846, validation/loss=1.104588508605957, validation/num_examples=50000
I0409 13:11:25.474278 140426313979072 spec.py:333] Evaluating on the training split.
I0409 13:11:34.489730 140426313979072 spec.py:346] Evaluating on the validation split.
I0409 13:12:03.317562 140426313979072 spec.py:363] Evaluating on the test split.
I0409 13:12:04.783719 140426313979072 submission_runner.py:516] Time since start: 50670.40s, 	Step: 192837, 	{'train/accuracy': Array(0.970165, dtype=float32), 'train/loss': Array(0.11712695, dtype=float32), 'validation/accuracy': Array(0.74887997, dtype=float32), 'validation/loss': Array(1.1024357, dtype=float32), 'validation/num_examples': 50000, 'test/accuracy': Array(0.62350005, dtype=float32), 'test/loss': Array(1.8985472, dtype=float32), 'test/num_examples': 10000, 'score': 49948.561957120895, 'total_duration': 50670.40322995186, 'accumulated_submission_time': 49948.561957120895, 'accumulated_eval_time': 712.1420478820801, 'accumulated_logging_time': 7.341612339019775}
I0409 13:12:06.103648 140211220641536 logging_writer.py:48] [192837] accumulated_eval_time=712.142, accumulated_logging_time=7.34161, accumulated_submission_time=49948.6, global_step=192837, preemption_count=0, score=49948.6, test/accuracy=0.6235000491142273, test/loss=1.8985471725463867, test/num_examples=10000, total_duration=50670.4, train/accuracy=0.9701650142669678, train/loss=0.1171269491314888, validation/accuracy=0.7488799691200256, validation/loss=1.1024357080459595, validation/num_examples=50000
I0409 13:45:20.636437 140426313979072 spec.py:333] Evaluating on the training split.
I0409 13:45:29.509283 140426313979072 spec.py:346] Evaluating on the validation split.
I0409 13:45:57.814373 140426313979072 spec.py:363] Evaluating on the test split.
I0409 13:45:59.392642 140426313979072 submission_runner.py:516] Time since start: 52704.98s, 	Step: 198675, 	{'train/accuracy': Array(0.9698461, dtype=float32), 'train/loss': Array(0.1195558, dtype=float32), 'validation/accuracy': Array(0.74864, dtype=float32), 'validation/loss': Array(1.1014342, dtype=float32), 'validation/num_examples': 50000, 'test/accuracy': Array(0.6226, dtype=float32), 'test/loss': Array(1.8999015, dtype=float32), 'test/num_examples': 10000, 'score': 51941.94766998291, 'total_duration': 52704.98411178589, 'accumulated_submission_time': 51941.94766998291, 'accumulated_eval_time': 750.6634044647217, 'accumulated_logging_time': 9.707873344421387}
I0409 13:46:01.036634 140211212248832 logging_writer.py:48] [198675] accumulated_eval_time=750.663, accumulated_logging_time=9.70787, accumulated_submission_time=51941.9, global_step=198675, preemption_count=0, score=51941.9, test/accuracy=0.6226000189781189, test/loss=1.8999015092849731, test/num_examples=10000, total_duration=52705, train/accuracy=0.9698461294174194, train/loss=0.11955580115318298, validation/accuracy=0.7486400008201599, validation/loss=1.1014342308044434, validation/num_examples=50000
I0409 14:19:15.411479 140426313979072 spec.py:333] Evaluating on the training split.
I0409 14:19:24.277724 140426313979072 spec.py:346] Evaluating on the validation split.
I0409 14:19:53.281195 140426313979072 spec.py:363] Evaluating on the test split.
I0409 14:19:54.936182 140426313979072 submission_runner.py:516] Time since start: 54740.48s, 	Step: 204502, 	{'train/accuracy': Array(0.97038424, dtype=float32), 'train/loss': Array(0.11542636, dtype=float32), 'validation/accuracy': Array(0.74877995, dtype=float32), 'validation/loss': Array(1.1016302, dtype=float32), 'validation/num_examples': 50000, 'test/accuracy': Array(0.62170005, dtype=float32), 'test/loss': Array(1.8983443, dtype=float32), 'test/num_examples': 10000, 'score': 53935.01764297485, 'total_duration': 54740.48193573952, 'accumulated_submission_time': 53935.01764297485, 'accumulated_eval_time': 789.8949460983276, 'accumulated_logging_time': 12.568889141082764}
I0409 14:19:56.370195 140211220641536 logging_writer.py:48] [204502] accumulated_eval_time=789.895, accumulated_logging_time=12.5689, accumulated_submission_time=53935, global_step=204502, preemption_count=0, score=53935, test/accuracy=0.6217000484466553, test/loss=1.8983442783355713, test/num_examples=10000, total_duration=54740.5, train/accuracy=0.9703842401504517, train/loss=0.11542636156082153, validation/accuracy=0.7487799525260925, validation/loss=1.1016302108764648, validation/num_examples=50000
I0409 14:53:11.370635 140426313979072 spec.py:333] Evaluating on the training split.
I0409 14:53:20.496874 140426313979072 spec.py:346] Evaluating on the validation split.
I0409 14:53:48.740910 140426313979072 spec.py:363] Evaluating on the test split.
I0409 14:53:50.487671 140426313979072 submission_runner.py:516] Time since start: 56776.07s, 	Step: 210204, 	{'train/accuracy': Array(0.9701849, dtype=float32), 'train/loss': Array(0.11593559, dtype=float32), 'validation/accuracy': Array(0.74906, dtype=float32), 'validation/loss': Array(1.1007977, dtype=float32), 'validation/num_examples': 50000, 'test/accuracy': Array(0.6233, dtype=float32), 'test/loss': Array(1.8987693, dtype=float32), 'test/num_examples': 10000, 'score': 55928.79369997978, 'total_duration': 56776.0731420517, 'accumulated_submission_time': 55928.79369997978, 'accumulated_eval_time': 828.7524831295013, 'accumulated_logging_time': 15.146196842193604}
I0409 14:53:52.243899 140211212248832 logging_writer.py:48] [210204] accumulated_eval_time=828.752, accumulated_logging_time=15.1462, accumulated_submission_time=55928.8, global_step=210204, preemption_count=0, score=55928.8, test/accuracy=0.6233000159263611, test/loss=1.8987692594528198, test/num_examples=10000, total_duration=56776.1, train/accuracy=0.9701849222183228, train/loss=0.11593559384346008, validation/accuracy=0.7490599751472473, validation/loss=1.1007976531982422, validation/num_examples=50000
I0409 15:27:06.309284 140426313979072 spec.py:333] Evaluating on the training split.
I0409 15:27:15.165248 140426313979072 spec.py:346] Evaluating on the validation split.
I0409 15:27:59.428228 140426313979072 spec.py:363] Evaluating on the test split.
I0409 15:28:00.864259 140426313979072 submission_runner.py:516] Time since start: 58826.49s, 	Step: 215957, 	{'train/accuracy': Array(0.97034436, dtype=float32), 'train/loss': Array(0.11800554, dtype=float32), 'validation/accuracy': Array(0.74887997, dtype=float32), 'validation/loss': Array(1.1033508, dtype=float32), 'validation/num_examples': 50000, 'test/accuracy': Array(0.62310004, dtype=float32), 'test/loss': Array(1.8996544, dtype=float32), 'test/num_examples': 10000, 'score': 57921.66041827202, 'total_duration': 58826.48665380478, 'accumulated_submission_time': 57921.66041827202, 'accumulated_eval_time': 883.0935063362122, 'accumulated_logging_time': 18.003701210021973}
I0409 15:28:02.344968 140211220641536 logging_writer.py:48] [215957] accumulated_eval_time=883.094, accumulated_logging_time=18.0037, accumulated_submission_time=57921.7, global_step=215957, preemption_count=0, score=57921.7, test/accuracy=0.6231000423431396, test/loss=1.8996543884277344, test/num_examples=10000, total_duration=58826.5, train/accuracy=0.9703443646430969, train/loss=0.11800553649663925, validation/accuracy=0.7488799691200256, validation/loss=1.1033507585525513, validation/num_examples=50000
I0409 16:01:16.970581 140426313979072 spec.py:333] Evaluating on the training split.
I0409 16:01:25.970032 140426313979072 spec.py:346] Evaluating on the validation split.
I0409 16:01:54.974863 140426313979072 spec.py:363] Evaluating on the test split.
I0409 16:01:56.575044 140426313979072 submission_runner.py:516] Time since start: 60862.15s, 	Step: 221771, 	{'train/accuracy': Array(0.970165, dtype=float32), 'train/loss': Array(0.11894009, dtype=float32), 'validation/accuracy': Array(0.74872, dtype=float32), 'validation/loss': Array(1.1010437, dtype=float32), 'validation/num_examples': 50000, 'test/accuracy': Array(0.62240005, dtype=float32), 'test/loss': Array(1.8976214, dtype=float32), 'test/num_examples': 10000, 'score': 59914.7561814785, 'total_duration': 60862.14757347107, 'accumulated_submission_time': 59914.7561814785, 'accumulated_eval_time': 922.4240181446075, 'accumulated_logging_time': 20.885281324386597}
I0409 16:01:57.922799 140211212248832 logging_writer.py:48] [221771] accumulated_eval_time=922.424, accumulated_logging_time=20.8853, accumulated_submission_time=59914.8, global_step=221771, preemption_count=0, score=59914.8, test/accuracy=0.6224000453948975, test/loss=1.8976213932037354, test/num_examples=10000, total_duration=60862.1, train/accuracy=0.9701650142669678, train/loss=0.1189400851726532, validation/accuracy=0.7487199902534485, validation/loss=1.101043701171875, validation/num_examples=50000
I0409 16:35:12.388918 140426313979072 spec.py:333] Evaluating on the training split.
I0409 16:35:21.539635 140426313979072 spec.py:346] Evaluating on the validation split.
I0409 16:35:50.021203 140426313979072 spec.py:363] Evaluating on the test split.
I0409 16:35:51.705687 140426313979072 submission_runner.py:516] Time since start: 62897.31s, 	Step: 227617, 	{'train/accuracy': Array(0.968471, dtype=float32), 'train/loss': Array(0.12014636, dtype=float32), 'validation/accuracy': Array(0.74909997, dtype=float32), 'validation/loss': Array(1.1014838, dtype=float32), 'validation/num_examples': 50000, 'test/accuracy': Array(0.6229, dtype=float32), 'test/loss': Array(1.8997178, dtype=float32), 'test/num_examples': 10000, 'score': 61908.166714668274, 'total_duration': 62897.31071019173, 'accumulated_submission_time': 61908.166714668274, 'accumulated_eval_time': 961.4992632865906, 'accumulated_logging_time': 23.210968017578125}
I0409 16:35:53.426489 140211220641536 logging_writer.py:48] [227617] accumulated_eval_time=961.499, accumulated_logging_time=23.211, accumulated_submission_time=61908.2, global_step=227617, preemption_count=0, score=61908.2, test/accuracy=0.6229000091552734, test/loss=1.8997178077697754, test/num_examples=10000, total_duration=62897.3, train/accuracy=0.9684709906578064, train/loss=0.12014635652303696, validation/accuracy=0.7490999698638916, validation/loss=1.1014838218688965, validation/num_examples=50000
I0409 17:09:07.695727 140426313979072 spec.py:333] Evaluating on the training split.
I0409 17:09:16.676937 140426313979072 spec.py:346] Evaluating on the validation split.
I0409 17:09:45.285285 140426313979072 spec.py:363] Evaluating on the test split.
I0409 17:09:47.004419 140426313979072 submission_runner.py:516] Time since start: 64932.56s, 	Step: 233472, 	{'train/accuracy': Array(0.9713608, dtype=float32), 'train/loss': Array(0.11564475, dtype=float32), 'validation/accuracy': Array(0.74898, dtype=float32), 'validation/loss': Array(1.1022055, dtype=float32), 'validation/num_examples': 50000, 'test/accuracy': Array(0.6229, dtype=float32), 'test/loss': Array(1.8993069, dtype=float32), 'test/num_examples': 10000, 'score': 63901.142606019974, 'total_duration': 64932.56037116051, 'accumulated_submission_time': 63901.142606019974, 'accumulated_eval_time': 1000.5186257362366, 'accumulated_logging_time': 26.142194032669067}
I0409 17:09:48.543803 140211212248832 logging_writer.py:48] [233472] accumulated_eval_time=1000.52, accumulated_logging_time=26.1422, accumulated_submission_time=63901.1, global_step=233472, preemption_count=0, score=63901.1, test/accuracy=0.6229000091552734, test/loss=1.8993068933486938, test/num_examples=10000, total_duration=64932.6, train/accuracy=0.9713608026504517, train/loss=0.11564475297927856, validation/accuracy=0.7489799857139587, validation/loss=1.102205514907837, validation/num_examples=50000
I0409 17:43:02.818124 140426313979072 spec.py:333] Evaluating on the training split.
I0409 17:43:11.837238 140426313979072 spec.py:346] Evaluating on the validation split.
I0409 17:43:40.847720 140426313979072 spec.py:363] Evaluating on the test split.
I0409 17:43:42.610192 140426313979072 submission_runner.py:516] Time since start: 66968.21s, 	Step: 239179, 	{'train/accuracy': Array(0.97032446, dtype=float32), 'train/loss': Array(0.11806579, dtype=float32), 'validation/accuracy': Array(0.74898, dtype=float32), 'validation/loss': Array(1.1015253, dtype=float32), 'validation/num_examples': 50000, 'test/accuracy': Array(0.62310004, dtype=float32), 'test/loss': Array(1.8987916, dtype=float32), 'test/num_examples': 10000, 'score': 65894.19567537308, 'total_duration': 66968.20502614975, 'accumulated_submission_time': 65894.19567537308, 'accumulated_eval_time': 1040.0588414669037, 'accumulated_logging_time': 28.83109760284424}
I0409 17:43:44.231702 140211220641536 logging_writer.py:48] [239179] accumulated_eval_time=1040.06, accumulated_logging_time=28.8311, accumulated_submission_time=65894.2, global_step=239179, preemption_count=0, score=65894.2, test/accuracy=0.6231000423431396, test/loss=1.8987915515899658, test/num_examples=10000, total_duration=66968.2, train/accuracy=0.9703244566917419, train/loss=0.11806578934192657, validation/accuracy=0.7489799857139587, validation/loss=1.1015253067016602, validation/num_examples=50000
I0409 18:16:58.614564 140426313979072 spec.py:333] Evaluating on the training split.
I0409 18:17:07.565629 140426313979072 spec.py:346] Evaluating on the validation split.
I0409 18:17:36.227281 140426313979072 spec.py:363] Evaluating on the test split.
I0409 18:17:37.968505 140426313979072 submission_runner.py:516] Time since start: 69003.44s, 	Step: 244963, 	{'train/accuracy': Array(0.9699856, dtype=float32), 'train/loss': Array(0.11960556, dtype=float32), 'validation/accuracy': Array(0.7489, dtype=float32), 'validation/loss': Array(1.1014279, dtype=float32), 'validation/num_examples': 50000, 'test/accuracy': Array(0.623, dtype=float32), 'test/loss': Array(1.8976704, dtype=float32), 'test/num_examples': 10000, 'score': 67887.18590068817, 'total_duration': 69003.43937373161, 'accumulated_submission_time': 67887.18590068817, 'accumulated_eval_time': 1079.0382838249207, 'accumulated_logging_time': 31.764818906784058}
I0409 18:17:39.912113 140211212248832 logging_writer.py:48] [244963] accumulated_eval_time=1079.04, accumulated_logging_time=31.7648, accumulated_submission_time=67887.2, global_step=244963, preemption_count=0, score=67887.2, test/accuracy=0.6230000257492065, test/loss=1.8976703882217407, test/num_examples=10000, total_duration=69003.4, train/accuracy=0.9699856042861938, train/loss=0.11960555613040924, validation/accuracy=0.7488999962806702, validation/loss=1.1014279127120972, validation/num_examples=50000
I0409 18:50:53.713267 140426313979072 spec.py:333] Evaluating on the training split.
I0409 18:51:02.640573 140426313979072 spec.py:346] Evaluating on the validation split.
I0409 18:51:31.208294 140426313979072 spec.py:363] Evaluating on the test split.
I0409 18:51:32.912974 140426313979072 submission_runner.py:516] Time since start: 71038.44s, 	Step: 250758, 	{'train/accuracy': Array(0.968172, dtype=float32), 'train/loss': Array(0.12160473, dtype=float32), 'validation/accuracy': Array(0.7488, dtype=float32), 'validation/loss': Array(1.1010003, dtype=float32), 'validation/num_examples': 50000, 'test/accuracy': Array(0.6226, dtype=float32), 'test/loss': Array(1.8994347, dtype=float32), 'test/num_examples': 10000, 'score': 69879.50416851044, 'total_duration': 71038.44110321999, 'accumulated_submission_time': 69879.50416851044, 'accumulated_eval_time': 1117.9208071231842, 'accumulated_logging_time': 35.11048674583435}
I0409 18:51:34.365820 140211220641536 logging_writer.py:48] [250758] accumulated_eval_time=1117.92, accumulated_logging_time=35.1105, accumulated_submission_time=69879.5, global_step=250758, preemption_count=0, score=69879.5, test/accuracy=0.6226000189781189, test/loss=1.8994346857070923, test/num_examples=10000, total_duration=71038.4, train/accuracy=0.968172013759613, train/loss=0.12160472571849823, validation/accuracy=0.7487999796867371, validation/loss=1.1010003089904785, validation/num_examples=50000
I0409 19:24:48.849362 140426313979072 spec.py:333] Evaluating on the training split.
I0409 19:24:57.810515 140426313979072 spec.py:346] Evaluating on the validation split.
I0409 19:25:26.694991 140426313979072 spec.py:363] Evaluating on the test split.
I0409 19:25:28.323420 140426313979072 submission_runner.py:516] Time since start: 73073.91s, 	Step: 256499, 	{'train/accuracy': Array(0.9701849, dtype=float32), 'train/loss': Array(0.1170688, dtype=float32), 'validation/accuracy': Array(0.74854, dtype=float32), 'validation/loss': Array(1.1023611, dtype=float32), 'validation/num_examples': 50000, 'test/accuracy': Array(0.62280005, dtype=float32), 'test/loss': Array(1.9011294, dtype=float32), 'test/num_examples': 10000, 'score': 71872.6923379898, 'total_duration': 73073.91082334518, 'accumulated_submission_time': 71872.6923379898, 'accumulated_eval_time': 1157.1357655525208, 'accumulated_logging_time': 37.7541606426239}
I0409 19:25:29.799368 140211212248832 logging_writer.py:48] [256499] accumulated_eval_time=1157.14, accumulated_logging_time=37.7542, accumulated_submission_time=71872.7, global_step=256499, preemption_count=0, score=71872.7, test/accuracy=0.6228000521659851, test/loss=1.9011293649673462, test/num_examples=10000, total_duration=73073.9, train/accuracy=0.9701849222183228, train/loss=0.1170688048005104, validation/accuracy=0.7485399842262268, validation/loss=1.1023610830307007, validation/num_examples=50000
I0409 19:58:44.125346 140426313979072 spec.py:333] Evaluating on the training split.
I0409 19:58:53.141637 140426313979072 spec.py:346] Evaluating on the validation split.
I0409 19:59:22.564880 140426313979072 spec.py:363] Evaluating on the test split.
I0409 19:59:24.250000 140426313979072 submission_runner.py:516] Time since start: 75109.72s, 	Step: 262339, 	{'train/accuracy': Array(0.969886, dtype=float32), 'train/loss': Array(0.11846416, dtype=float32), 'validation/accuracy': Array(0.74862, dtype=float32), 'validation/loss': Array(1.1029412, dtype=float32), 'validation/num_examples': 50000, 'test/accuracy': Array(0.6222, dtype=float32), 'test/loss': Array(1.8992506, dtype=float32), 'test/num_examples': 10000, 'score': 73865.75269007683, 'total_duration': 75109.71916913986, 'accumulated_submission_time': 73865.75269007683, 'accumulated_eval_time': 1196.8830862045288, 'accumulated_logging_time': 40.418107986450195}
I0409 19:59:25.723892 140211220641536 logging_writer.py:48] [262339] accumulated_eval_time=1196.88, accumulated_logging_time=40.4181, accumulated_submission_time=73865.8, global_step=262339, preemption_count=0, score=73865.8, test/accuracy=0.6222000122070312, test/loss=1.8992506265640259, test/num_examples=10000, total_duration=75109.7, train/accuracy=0.9698860049247742, train/loss=0.1184641569852829, validation/accuracy=0.7486199736595154, validation/loss=1.1029411554336548, validation/num_examples=50000
I0409 20:32:42.167531 140211212248832 logging_writer.py:48] [268033] global_step=268033, preemption_count=0, score=75858.9
I0409 20:32:44.233695 140426313979072 submission_runner.py:857] Final imagenet_resnet score: 75858.8565940857
