python submission_runner.py --framework=jax --workload=criteo1tb --submission_path=submissions_algorithms/submissions/self_tuning/nadamw_baselinev05/submission.py --data_dir=/data/criteo1tb --experiment_dir=/experiment_runs --experiment_name=submissions_a100/nadamw_baselinev05/study_1 --overwrite=True --save_checkpoints=False --rng_seed=742997948 --tuning_ruleset=self 2>&1 | tee -a /logs/criteo1tb_jax_04-12-2026-01-18-16.log
2026-04-12 01:18:17.142813: E external/local_xla/xla/stream_executor/cuda/cuda_fft.cc:467] Unable to register cuFFT factory: Attempting to register factory for plugin cuFFT when one has already been registered
WARNING: All log messages before absl::InitializeLog() is called are written to STDERR
E0000 00:00:1775956697.168690       9 cuda_dnn.cc:8579] Unable to register cuDNN factory: Attempting to register factory for plugin cuDNN when one has already been registered
E0000 00:00:1775956697.177333       9 cuda_blas.cc:1407] Unable to register cuBLAS factory: Attempting to register factory for plugin cuBLAS when one has already been registered
W0000 00:00:1775956697.202949       9 computation_placer.cc:177] computation placer already registered. Please check linkage and avoid linking the same target more than once.
W0000 00:00:1775956697.202987       9 computation_placer.cc:177] computation placer already registered. Please check linkage and avoid linking the same target more than once.
W0000 00:00:1775956697.202990       9 computation_placer.cc:177] computation placer already registered. Please check linkage and avoid linking the same target more than once.
W0000 00:00:1775956697.202992       9 computation_placer.cc:177] computation placer already registered. Please check linkage and avoid linking the same target more than once.
/usr/local/lib/python3.11/site-packages/torch/__init__.py:1617: UserWarning: Please use the new API settings to control TF32 behavior, such as torch.backends.cudnn.conv.fp32_precision = 'tf32' or torch.backends.cuda.matmul.fp32_precision = 'ieee'. Old settings, e.g, torch.backends.cuda.matmul.allow_tf32 = True, torch.backends.cudnn.allow_tf32 = True, allowTF32CuDNN() and allowTF32CuBLAS() will be deprecated after Pytorch 2.9. Please see https://pytorch.org/docs/main/notes/cuda.html#tensorfloat-32-tf32-on-ampere-and-later-devices (Triggered internally at /pytorch/aten/src/ATen/Context.cpp:80.)
  _C._set_float32_matmul_precision(precision)
/usr/local/lib/python3.11/site-packages/pydantic/_internal/_generate_schema.py:2249: UnsupportedFieldAttributeWarning: The 'repr' attribute with value False was provided to the `Field()` function, which has no effect in the context it was used. 'repr' is field-specific metadata, and can only be attached to a model field using `Annotated` metadata or by assignment. This may have happened because an `Annotated` type alias using the `type` statement was used, or if the `Field()` function was attached to a single member of a union type.
  warnings.warn(
/usr/local/lib/python3.11/site-packages/pydantic/_internal/_generate_schema.py:2249: UnsupportedFieldAttributeWarning: The 'frozen' attribute with value True was provided to the `Field()` function, which has no effect in the context it was used. 'frozen' is field-specific metadata, and can only be attached to a model field using `Annotated` metadata or by assignment. This may have happened because an `Annotated` type alias using the `type` statement was used, or if the `Field()` function was attached to a single member of a union type.
  warnings.warn(
INFO:2026-04-12 01:18:24,561:jax._src.xla_bridge:830: Unable to initialize backend 'tpu': INTERNAL: Failed to open libtpu.so: libtpu.so: cannot open shared object file: No such file or directory
I0412 01:18:24.561744 140652501468352 xla_bridge.py:830] Unable to initialize backend 'tpu': INTERNAL: Failed to open libtpu.so: libtpu.so: cannot open shared object file: No such file or directory
I0412 01:18:25.180663 140652501468352 logger_utils.py:59] Removing existing experiment directory /experiment_runs/submissions_a100/nadamw_baselinev05/study_1/criteo1tb_jax because --overwrite was set.
I0412 01:18:25.190403 140652501468352 logger_utils.py:84] Creating experiment directory at /experiment_runs/submissions_a100/nadamw_baselinev05/study_1/criteo1tb_jax.
I0412 01:18:25.666530 140652501468352 submission_runner.py:741] Creating directory at /experiment_runs/submissions_a100/nadamw_baselinev05/study_1/criteo1tb_jax/trial_1.
I0412 01:18:25.940654 140652501468352 submission_runner.py:242] Initializing dataset.
I0412 01:18:25.940954 140652501468352 submission_runner.py:251] Initializing model.
I0412 01:18:32.739080 140652501468352 submission_runner.py:294] Initializing optimizer.
I0412 01:18:33.224738 140652501468352 submission_runner.py:299] Initializing metrics bundle.
I0412 01:18:33.224989 140652501468352 submission_runner.py:321] Initializing checkpoint and logger.
I0412 01:18:33.226837 140652501468352 checkpoints.py:1098] Found no checkpoint files in /experiment_runs/submissions_a100/nadamw_baselinev05/study_1/criteo1tb_jax/trial_1 with prefix checkpoint_
I0412 01:18:33.226973 140652501468352 submission_runner.py:344] Saving meta data to /experiment_runs/submissions_a100/nadamw_baselinev05/study_1/criteo1tb_jax/trial_1/meta_data_0.json.
I0412 01:18:33.227151 140652501468352 logger_utils.py:283] Unable to record workload.train_mean information. Continuing without it.
I0412 01:18:33.227213 140652501468352 logger_utils.py:283] Unable to record workload.train_stddev information. Continuing without it.
I0412 01:18:33.385809 140652501468352 submission_runner.py:348] Saving flags to /experiment_runs/submissions_a100/nadamw_baselinev05/study_1/criteo1tb_jax/trial_1/flags_0.json.
I0412 01:18:33.419921 140652501468352 submission_runner.py:359] Starting training loop.
I0412 01:18:41.804967 140652501468352 spec.py:333] Evaluating on the training split.
I0412 01:24:09.824880 140652501468352 spec.py:346] Evaluating on the validation split.
I0412 01:29:29.534986 140652501468352 spec.py:363] Evaluating on the test split.
I0412 01:35:27.259857 140652501468352 submission_runner.py:516] Time since start: 1013.84s, 	Step: 1, 	{'train/loss': 1.218673972963537, 'validation/loss': 1.1995562011857674, 'validation/num_examples': 83274637, 'test/loss': 1.2088497075657896, 'test/num_examples': 95000000, 'score': 8.3849778175354, 'total_duration': 1013.8398070335388, 'accumulated_submission_time': 8.3849778175354, 'accumulated_eval_time': 1005.4547564983368, 'accumulated_logging_time': 0}
I0412 01:35:27.277865 140476657571584 logging_writer.py:48] [1] accumulated_eval_time=1005.45, accumulated_logging_time=0, accumulated_submission_time=8.38498, global_step=1, preemption_count=0, score=8.38498, test/loss=1.20885, test/num_examples=95000000, total_duration=1013.84, train/loss=1.21867, validation/loss=1.19956, validation/num_examples=83274637
I0412 01:41:23.473619 140652501468352 spec.py:333] Evaluating on the training split.
I0412 01:46:15.282116 140652501468352 spec.py:346] Evaluating on the validation split.
I0412 01:50:36.572212 140652501468352 spec.py:363] Evaluating on the test split.
I0412 01:55:36.043615 140652501468352 submission_runner.py:516] Time since start: 2222.62s, 	Step: 366, 	{'train/loss': 0.1278676650715324, 'validation/loss': 0.12750413093050506, 'validation/num_examples': 83274637, 'test/loss': 0.1297735007504112, 'test/num_examples': 95000000, 'score': 364.54811835289, 'total_duration': 2222.6235201358795, 'accumulated_submission_time': 364.54811835289, 'accumulated_eval_time': 1858.024605512619, 'accumulated_logging_time': 0.047269344329833984}
I0412 01:55:36.068144 140475369391872 logging_writer.py:48] [366] accumulated_eval_time=1858.02, accumulated_logging_time=0.0472693, accumulated_submission_time=364.548, global_step=366, preemption_count=0, score=364.548, test/loss=0.129774, test/num_examples=95000000, total_duration=2222.62, train/loss=0.127868, validation/loss=0.127504, validation/num_examples=83274637
I0412 02:01:32.608330 140652501468352 spec.py:333] Evaluating on the training split.
I0412 02:06:12.371415 140652501468352 spec.py:346] Evaluating on the validation split.
I0412 02:10:34.233242 140652501468352 spec.py:363] Evaluating on the test split.
I0412 02:15:35.636197 140652501468352 submission_runner.py:516] Time since start: 3422.22s, 	Step: 764, 	{'train/loss': 0.12385283036848659, 'validation/loss': 0.12616280347877898, 'validation/num_examples': 83274637, 'test/loss': 0.12839437020970396, 'test/num_examples': 95000000, 'score': 721.0765557289124, 'total_duration': 3422.2161757946014, 'accumulated_submission_time': 721.0765557289124, 'accumulated_eval_time': 2701.052395105362, 'accumulated_logging_time': 0.07998204231262207}
I0412 02:15:35.660930 140475377784576 logging_writer.py:48] [764] accumulated_eval_time=2701.05, accumulated_logging_time=0.079982, accumulated_submission_time=721.077, global_step=764, preemption_count=0, score=721.077, test/loss=0.128394, test/num_examples=95000000, total_duration=3422.22, train/loss=0.123853, validation/loss=0.126163, validation/num_examples=83274637
I0412 02:21:32.062251 140652501468352 spec.py:333] Evaluating on the training split.
I0412 02:26:14.271404 140652501468352 spec.py:346] Evaluating on the validation split.
I0412 02:30:34.832958 140652501468352 spec.py:363] Evaluating on the test split.
I0412 02:35:32.896723 140652501468352 submission_runner.py:516] Time since start: 4619.48s, 	Step: 1163, 	{'train/loss': 0.12652265746732178, 'validation/loss': 0.12587141876755306, 'validation/num_examples': 83274637, 'test/loss': 0.1282762632709704, 'test/num_examples': 95000000, 'score': 1077.466867685318, 'total_duration': 4619.476700305939, 'accumulated_submission_time': 1077.466867685318, 'accumulated_eval_time': 3541.88684797287, 'accumulated_logging_time': 0.11174893379211426}
I0412 02:35:32.919374 140475369391872 logging_writer.py:48] [1163] accumulated_eval_time=3541.89, accumulated_logging_time=0.111749, accumulated_submission_time=1077.47, global_step=1163, preemption_count=0, score=1077.47, test/loss=0.128276, test/num_examples=95000000, total_duration=4619.48, train/loss=0.126523, validation/loss=0.125871, validation/num_examples=83274637
I0412 02:41:29.042283 140652501468352 spec.py:333] Evaluating on the training split.
I0412 02:46:06.632420 140652501468352 spec.py:346] Evaluating on the validation split.
I0412 02:50:10.664830 140652501468352 spec.py:363] Evaluating on the test split.
I0412 02:54:55.453109 140652501468352 submission_runner.py:516] Time since start: 5782.03s, 	Step: 1574, 	{'train/loss': 0.12577398605176113, 'validation/loss': 0.12552585914008735, 'validation/num_examples': 83274637, 'test/loss': 0.12793463452919407, 'test/num_examples': 95000000, 'score': 1433.579090833664, 'total_duration': 5782.033087253571, 'accumulated_submission_time': 1433.579090833664, 'accumulated_eval_time': 4348.297585487366, 'accumulated_logging_time': 0.1415252685546875}
I0412 02:54:55.479662 140475377784576 logging_writer.py:48] [1574] accumulated_eval_time=4348.3, accumulated_logging_time=0.141525, accumulated_submission_time=1433.58, global_step=1574, preemption_count=0, score=1433.58, test/loss=0.127935, test/num_examples=95000000, total_duration=5782.03, train/loss=0.125774, validation/loss=0.125526, validation/num_examples=83274637
I0412 03:00:51.767425 140652501468352 spec.py:333] Evaluating on the training split.
I0412 03:05:10.159879 140652501468352 spec.py:346] Evaluating on the validation split.
I0412 03:09:12.204231 140652501468352 spec.py:363] Evaluating on the test split.
I0412 03:13:54.261634 140652501468352 submission_runner.py:516] Time since start: 6920.84s, 	Step: 1987, 	{'train/loss': 0.12247215477316259, 'validation/loss': 0.12546299167737215, 'validation/num_examples': 83274637, 'test/loss': 0.12788765804893093, 'test/num_examples': 95000000, 'score': 1789.8543708324432, 'total_duration': 6920.841594219208, 'accumulated_submission_time': 1789.8543708324432, 'accumulated_eval_time': 5130.791707038879, 'accumulated_logging_time': 0.1768331527709961}
I0412 03:13:54.285513 140475369391872 logging_writer.py:48] [1987] accumulated_eval_time=5130.79, accumulated_logging_time=0.176833, accumulated_submission_time=1789.85, global_step=1987, preemption_count=0, score=1789.85, test/loss=0.127888, test/num_examples=95000000, total_duration=6920.84, train/loss=0.122472, validation/loss=0.125463, validation/num_examples=83274637
I0412 03:19:50.635053 140652501468352 spec.py:333] Evaluating on the training split.
I0412 03:24:00.773302 140652501468352 spec.py:346] Evaluating on the validation split.
I0412 03:27:52.560146 140652501468352 spec.py:363] Evaluating on the test split.
I0412 03:32:23.880039 140652501468352 submission_runner.py:516] Time since start: 8030.46s, 	Step: 2391, 	{'train/loss': 0.12395745105807136, 'validation/loss': 0.12519132394571597, 'validation/num_examples': 83274637, 'test/loss': 0.12760655213815789, 'test/num_examples': 95000000, 'score': 2146.1937210559845, 'total_duration': 8030.46001291275, 'accumulated_submission_time': 2146.1937210559845, 'accumulated_eval_time': 5884.036602973938, 'accumulated_logging_time': 0.20763611793518066}
I0412 03:32:23.909544 140475377784576 logging_writer.py:48] [2391] accumulated_eval_time=5884.04, accumulated_logging_time=0.207636, accumulated_submission_time=2146.19, global_step=2391, preemption_count=0, score=2146.19, test/loss=0.127607, test/num_examples=95000000, total_duration=8030.46, train/loss=0.123957, validation/loss=0.125191, validation/num_examples=83274637
I0412 03:38:20.171556 140652501468352 spec.py:333] Evaluating on the training split.
I0412 03:42:14.281201 140652501468352 spec.py:346] Evaluating on the validation split.
I0412 03:45:42.446398 140652501468352 spec.py:363] Evaluating on the test split.
I0412 03:49:45.565889 140652501468352 submission_runner.py:516] Time since start: 9072.15s, 	Step: 2802, 	{'train/loss': 0.12341755193968613, 'validation/loss': 0.12472143442347729, 'validation/num_examples': 83274637, 'test/loss': 0.1271887025287829, 'test/num_examples': 95000000, 'score': 2502.445608139038, 'total_duration': 9072.145800113678, 'accumulated_submission_time': 2502.445608139038, 'accumulated_eval_time': 6569.43084859848, 'accumulated_logging_time': 0.24387836456298828}
I0412 03:49:45.590903 140475369391872 logging_writer.py:48] [2802] accumulated_eval_time=6569.43, accumulated_logging_time=0.243878, accumulated_submission_time=2502.45, global_step=2802, preemption_count=0, score=2502.45, test/loss=0.127189, test/num_examples=95000000, total_duration=9072.15, train/loss=0.123418, validation/loss=0.124721, validation/num_examples=83274637
I0412 03:55:42.288511 140652501468352 spec.py:333] Evaluating on the training split.
I0412 03:58:33.509269 140652501468352 spec.py:346] Evaluating on the validation split.
I0412 04:01:03.027683 140652501468352 spec.py:363] Evaluating on the test split.
I0412 04:04:13.691718 140652501468352 submission_runner.py:516] Time since start: 9940.27s, 	Step: 3201, 	{'train/loss': 0.12287544719171974, 'validation/loss': 0.12462330164290825, 'validation/num_examples': 83274637, 'test/loss': 0.1269274679893092, 'test/num_examples': 95000000, 'score': 2859.1330864429474, 'total_duration': 9940.271704673767, 'accumulated_submission_time': 2859.1330864429474, 'accumulated_eval_time': 7080.833970546722, 'accumulated_logging_time': 0.27562880516052246}
I0412 04:04:13.717514 140475377784576 logging_writer.py:48] [3201] accumulated_eval_time=7080.83, accumulated_logging_time=0.275629, accumulated_submission_time=2859.13, global_step=3201, preemption_count=0, score=2859.13, test/loss=0.126927, test/num_examples=95000000, total_duration=9940.27, train/loss=0.122875, validation/loss=0.124623, validation/num_examples=83274637
I0412 04:10:10.050438 140652501468352 spec.py:333] Evaluating on the training split.
I0412 04:10:57.264977 140652501468352 spec.py:346] Evaluating on the validation split.
I0412 04:11:38.186652 140652501468352 spec.py:363] Evaluating on the test split.
I0412 04:12:57.905036 140652501468352 submission_runner.py:516] Time since start: 10464.49s, 	Step: 3599, 	{'train/loss': 0.12378127150143842, 'validation/loss': 0.12474850549310072, 'validation/num_examples': 83274637, 'test/loss': 0.12714305154194078, 'test/num_examples': 95000000, 'score': 3215.455543756485, 'total_duration': 10464.485035181046, 'accumulated_submission_time': 3215.455543756485, 'accumulated_eval_time': 7248.688495397568, 'accumulated_logging_time': 0.30834412574768066}
I0412 04:12:57.930671 140475369391872 logging_writer.py:48] [3599] accumulated_eval_time=7248.69, accumulated_logging_time=0.308344, accumulated_submission_time=3215.46, global_step=3599, preemption_count=0, score=3215.46, test/loss=0.127143, test/num_examples=95000000, total_duration=10464.5, train/loss=0.123781, validation/loss=0.124749, validation/num_examples=83274637
I0412 04:18:54.372169 140652501468352 spec.py:333] Evaluating on the training split.
I0412 04:19:00.906084 140652501468352 spec.py:346] Evaluating on the validation split.
I0412 04:19:07.191398 140652501468352 spec.py:363] Evaluating on the test split.
I0412 04:19:14.244899 140652501468352 submission_runner.py:516] Time since start: 10840.82s, 	Step: 3991, 	{'train/loss': 0.12503920322131812, 'validation/loss': 0.12474287349101001, 'validation/num_examples': 83274637, 'test/loss': 0.12702872515419408, 'test/num_examples': 95000000, 'score': 3571.885492324829, 'total_duration': 10840.82483458519, 'accumulated_submission_time': 3571.885492324829, 'accumulated_eval_time': 7268.561103105545, 'accumulated_logging_time': 0.34222960472106934}
I0412 04:19:14.270272 140475377784576 logging_writer.py:48] [3991] accumulated_eval_time=7268.56, accumulated_logging_time=0.34223, accumulated_submission_time=3571.89, global_step=3991, preemption_count=0, score=3571.89, test/loss=0.127029, test/num_examples=95000000, total_duration=10840.8, train/loss=0.125039, validation/loss=0.124743, validation/num_examples=83274637
I0412 04:25:11.269651 140652501468352 spec.py:333] Evaluating on the training split.
I0412 04:25:17.608265 140652501468352 spec.py:346] Evaluating on the validation split.
I0412 04:25:23.985085 140652501468352 spec.py:363] Evaluating on the test split.
I0412 04:25:31.230451 140652501468352 submission_runner.py:516] Time since start: 11217.81s, 	Step: 4386, 	{'train/loss': 0.12297814998939727, 'validation/loss': 0.12425581691025377, 'validation/num_examples': 83274637, 'test/loss': 0.1266337558490954, 'test/num_examples': 95000000, 'score': 3928.8743376731873, 'total_duration': 11217.81043434143, 'accumulated_submission_time': 3928.8743376731873, 'accumulated_eval_time': 7288.521811008453, 'accumulated_logging_time': 0.3748166561126709}
I0412 04:25:31.265893 140475369391872 logging_writer.py:48] [4386] accumulated_eval_time=7288.52, accumulated_logging_time=0.374817, accumulated_submission_time=3928.87, global_step=4386, preemption_count=0, score=3928.87, test/loss=0.126634, test/num_examples=95000000, total_duration=11217.8, train/loss=0.122978, validation/loss=0.124256, validation/num_examples=83274637
I0412 04:31:27.890232 140652501468352 spec.py:333] Evaluating on the training split.
I0412 04:31:33.747729 140652501468352 spec.py:346] Evaluating on the validation split.
I0412 04:31:39.661897 140652501468352 spec.py:363] Evaluating on the test split.
I0412 04:31:47.054584 140652501468352 submission_runner.py:516] Time since start: 11593.63s, 	Step: 4786, 	{'train/loss': 0.1241644644910622, 'validation/loss': 0.12438531427679775, 'validation/num_examples': 83274637, 'test/loss': 0.12663763563939145, 'test/num_examples': 95000000, 'score': 4285.488474369049, 'total_duration': 11593.634586811066, 'accumulated_submission_time': 4285.488474369049, 'accumulated_eval_time': 7307.686097383499, 'accumulated_logging_time': 0.41713738441467285}
I0412 04:31:47.087260 140475377784576 logging_writer.py:48] [4786] accumulated_eval_time=7307.69, accumulated_logging_time=0.417137, accumulated_submission_time=4285.49, global_step=4786, preemption_count=0, score=4285.49, test/loss=0.126638, test/num_examples=95000000, total_duration=11593.6, train/loss=0.124164, validation/loss=0.124385, validation/num_examples=83274637
I0412 04:37:43.341321 140652501468352 spec.py:333] Evaluating on the training split.
I0412 04:37:49.177391 140652501468352 spec.py:346] Evaluating on the validation split.
I0412 04:37:55.127199 140652501468352 spec.py:363] Evaluating on the test split.
I0412 04:38:02.236359 140652501468352 submission_runner.py:516] Time since start: 11968.82s, 	Step: 5173, 	{'train/loss': 0.1216879601256465, 'validation/loss': 0.12429106395742605, 'validation/num_examples': 83274637, 'test/loss': 0.12657294497327304, 'test/num_examples': 95000000, 'score': 4641.732125997543, 'total_duration': 11968.816361188889, 'accumulated_submission_time': 4641.732125997543, 'accumulated_eval_time': 7326.58106637001, 'accumulated_logging_time': 0.457197904586792}
I0412 04:38:02.274837 140475369391872 logging_writer.py:48] [5173] accumulated_eval_time=7326.58, accumulated_logging_time=0.457198, accumulated_submission_time=4641.73, global_step=5173, preemption_count=0, score=4641.73, test/loss=0.126573, test/num_examples=95000000, total_duration=11968.8, train/loss=0.121688, validation/loss=0.124291, validation/num_examples=83274637
I0412 04:43:58.530441 140652501468352 spec.py:333] Evaluating on the training split.
I0412 04:44:04.332055 140652501468352 spec.py:346] Evaluating on the validation split.
I0412 04:44:10.326591 140652501468352 spec.py:363] Evaluating on the test split.
I0412 04:44:17.642944 140652501468352 submission_runner.py:516] Time since start: 12344.22s, 	Step: 5570, 	{'train/loss': 0.12278398169708327, 'validation/loss': 0.12413766155009816, 'validation/num_examples': 83274637, 'test/loss': 0.12656588078741776, 'test/num_examples': 95000000, 'score': 4997.977105140686, 'total_duration': 12344.222949266434, 'accumulated_submission_time': 4997.977105140686, 'accumulated_eval_time': 7345.693508863449, 'accumulated_logging_time': 0.5029699802398682}
I0412 04:44:17.666825 140475377784576 logging_writer.py:48] [5570] accumulated_eval_time=7345.69, accumulated_logging_time=0.50297, accumulated_submission_time=4997.98, global_step=5570, preemption_count=0, score=4997.98, test/loss=0.126566, test/num_examples=95000000, total_duration=12344.2, train/loss=0.122784, validation/loss=0.124138, validation/num_examples=83274637
I0412 04:50:13.987129 140652501468352 spec.py:333] Evaluating on the training split.
I0412 04:50:19.865793 140652501468352 spec.py:346] Evaluating on the validation split.
I0412 04:50:25.851145 140652501468352 spec.py:363] Evaluating on the test split.
I0412 04:50:32.994651 140652501468352 submission_runner.py:516] Time since start: 12719.57s, 	Step: 5971, 	{'train/loss': 0.12120322638290858, 'validation/loss': 0.12417574581247687, 'validation/num_examples': 83274637, 'test/loss': 0.12649027679893093, 'test/num_examples': 95000000, 'score': 5354.28709769249, 'total_duration': 12719.57465004921, 'accumulated_submission_time': 5354.28709769249, 'accumulated_eval_time': 7364.700966596603, 'accumulated_logging_time': 0.53397536277771}
I0412 04:50:33.017124 140475369391872 logging_writer.py:48] [5971] accumulated_eval_time=7364.7, accumulated_logging_time=0.533975, accumulated_submission_time=5354.29, global_step=5971, preemption_count=0, score=5354.29, test/loss=0.12649, test/num_examples=95000000, total_duration=12719.6, train/loss=0.121203, validation/loss=0.124176, validation/num_examples=83274637
I0412 04:56:29.531087 140652501468352 spec.py:333] Evaluating on the training split.
I0412 04:56:35.421301 140652501468352 spec.py:346] Evaluating on the validation split.
I0412 04:56:41.357192 140652501468352 spec.py:363] Evaluating on the test split.
I0412 04:56:48.607161 140652501468352 submission_runner.py:516] Time since start: 13095.19s, 	Step: 6358, 	{'train/loss': 0.12215031201968778, 'validation/loss': 0.12412896043117846, 'validation/num_examples': 83274637, 'test/loss': 0.1264892730674342, 'test/num_examples': 95000000, 'score': 5710.7907683849335, 'total_duration': 13095.187161445618, 'accumulated_submission_time': 5710.7907683849335, 'accumulated_eval_time': 7383.776974916458, 'accumulated_logging_time': 0.5637173652648926}
I0412 04:56:48.630654 140475377784576 logging_writer.py:48] [6358] accumulated_eval_time=7383.78, accumulated_logging_time=0.563717, accumulated_submission_time=5710.79, global_step=6358, preemption_count=0, score=5710.79, test/loss=0.126489, test/num_examples=95000000, total_duration=13095.2, train/loss=0.12215, validation/loss=0.124129, validation/num_examples=83274637
I0412 05:02:45.545915 140652501468352 spec.py:333] Evaluating on the training split.
I0412 05:02:51.403434 140652501468352 spec.py:346] Evaluating on the validation split.
I0412 05:02:57.397226 140652501468352 spec.py:363] Evaluating on the test split.
I0412 05:03:04.727397 140652501468352 submission_runner.py:516] Time since start: 13471.31s, 	Step: 6759, 	{'train/loss': 0.1199443259938333, 'validation/loss': 0.12399899268253678, 'validation/num_examples': 83274637, 'test/loss': 0.12631890738075657, 'test/num_examples': 95000000, 'score': 6067.686483860016, 'total_duration': 13471.307398319244, 'accumulated_submission_time': 6067.686483860016, 'accumulated_eval_time': 7402.958388328552, 'accumulated_logging_time': 0.6034629344940186}
I0412 05:03:04.751487 140475369391872 logging_writer.py:48] [6759] accumulated_eval_time=7402.96, accumulated_logging_time=0.603463, accumulated_submission_time=6067.69, global_step=6759, preemption_count=0, score=6067.69, test/loss=0.126319, test/num_examples=95000000, total_duration=13471.3, train/loss=0.119944, validation/loss=0.123999, validation/num_examples=83274637
I0412 05:09:01.507016 140652501468352 spec.py:333] Evaluating on the training split.
I0412 05:09:07.343732 140652501468352 spec.py:346] Evaluating on the validation split.
I0412 05:09:13.276871 140652501468352 spec.py:363] Evaluating on the test split.
I0412 05:09:20.637728 140652501468352 submission_runner.py:516] Time since start: 13847.22s, 	Step: 7161, 	{'train/loss': 0.12200883314388353, 'validation/loss': 0.12385251528569408, 'validation/num_examples': 83274637, 'test/loss': 0.12621259783100328, 'test/num_examples': 95000000, 'score': 6424.4318034648895, 'total_duration': 13847.217734098434, 'accumulated_submission_time': 6424.4318034648895, 'accumulated_eval_time': 7422.089035987854, 'accumulated_logging_time': 0.6344826221466064}
I0412 05:09:20.676757 140475377784576 logging_writer.py:48] [7161] accumulated_eval_time=7422.09, accumulated_logging_time=0.634483, accumulated_submission_time=6424.43, global_step=7161, preemption_count=0, score=6424.43, test/loss=0.126213, test/num_examples=95000000, total_duration=13847.2, train/loss=0.122009, validation/loss=0.123853, validation/num_examples=83274637
I0412 05:15:17.310024 140652501468352 spec.py:333] Evaluating on the training split.
I0412 05:15:23.148308 140652501468352 spec.py:346] Evaluating on the validation split.
I0412 05:15:29.101278 140652501468352 spec.py:363] Evaluating on the test split.
I0412 05:15:36.192907 140652501468352 submission_runner.py:516] Time since start: 14222.77s, 	Step: 7561, 	{'train/loss': 0.12261930026067128, 'validation/loss': 0.12385864621342481, 'validation/num_examples': 83274637, 'test/loss': 0.12611990885074012, 'test/num_examples': 95000000, 'score': 6781.054500102997, 'total_duration': 14222.772912979126, 'accumulated_submission_time': 6781.054500102997, 'accumulated_eval_time': 7440.971854686737, 'accumulated_logging_time': 0.6808297634124756}
I0412 05:15:36.215875 140475369391872 logging_writer.py:48] [7561] accumulated_eval_time=7440.97, accumulated_logging_time=0.68083, accumulated_submission_time=6781.05, global_step=7561, preemption_count=0, score=6781.05, test/loss=0.12612, test/num_examples=95000000, total_duration=14222.8, train/loss=0.122619, validation/loss=0.123859, validation/num_examples=83274637
I0412 05:21:32.348439 140652501468352 spec.py:333] Evaluating on the training split.
I0412 05:21:38.215951 140652501468352 spec.py:346] Evaluating on the validation split.
I0412 05:21:44.139910 140652501468352 spec.py:363] Evaluating on the test split.
I0412 05:21:51.349474 140652501468352 submission_runner.py:516] Time since start: 14597.93s, 	Step: 7957, 	{'train/loss': 0.12103560914830216, 'validation/loss': 0.12378783364866994, 'validation/num_examples': 83274637, 'test/loss': 0.1261347027446546, 'test/num_examples': 95000000, 'score': 7137.176605463028, 'total_duration': 14597.929481267929, 'accumulated_submission_time': 7137.176605463028, 'accumulated_eval_time': 7459.972899436951, 'accumulated_logging_time': 0.7109439373016357}
I0412 05:21:51.374430 140475377784576 logging_writer.py:48] [7957] accumulated_eval_time=7459.97, accumulated_logging_time=0.710944, accumulated_submission_time=7137.18, global_step=7957, preemption_count=0, score=7137.18, test/loss=0.126135, test/num_examples=95000000, total_duration=14597.9, train/loss=0.121036, validation/loss=0.123788, validation/num_examples=83274637
I0412 05:27:47.507457 140652501468352 spec.py:333] Evaluating on the training split.
I0412 05:27:53.363752 140652501468352 spec.py:346] Evaluating on the validation split.
I0412 05:27:59.362978 140652501468352 spec.py:363] Evaluating on the test split.
I0412 05:28:06.411471 140652501468352 submission_runner.py:516] Time since start: 14972.99s, 	Step: 8351, 	{'train/loss': 0.1225930291971883, 'validation/loss': 0.1237383129364279, 'validation/num_examples': 83274637, 'test/loss': 0.12602032360197368, 'test/num_examples': 95000000, 'score': 7493.299447059631, 'total_duration': 14972.991480112076, 'accumulated_submission_time': 7493.299447059631, 'accumulated_eval_time': 7478.876850605011, 'accumulated_logging_time': 0.7429406642913818}
I0412 05:28:06.433547 140475369391872 logging_writer.py:48] [8351] accumulated_eval_time=7478.88, accumulated_logging_time=0.742941, accumulated_submission_time=7493.3, global_step=8351, preemption_count=0, score=7493.3, test/loss=0.12602, test/num_examples=95000000, total_duration=14973, train/loss=0.122593, validation/loss=0.123738, validation/num_examples=83274637
I0412 05:34:03.191089 140652501468352 spec.py:333] Evaluating on the training split.
I0412 05:34:09.038854 140652501468352 spec.py:346] Evaluating on the validation split.
I0412 05:34:15.001155 140652501468352 spec.py:363] Evaluating on the test split.
I0412 05:34:22.185097 140652501468352 submission_runner.py:516] Time since start: 15348.77s, 	Step: 8749, 	{'train/loss': 0.1225988055995238, 'validation/loss': 0.12377660808562727, 'validation/num_examples': 83274637, 'test/loss': 0.12612593904194078, 'test/num_examples': 95000000, 'score': 7850.046856164932, 'total_duration': 15348.765102386475, 'accumulated_submission_time': 7850.046856164932, 'accumulated_eval_time': 7497.870796203613, 'accumulated_logging_time': 0.7719836235046387}
I0412 05:34:22.217476 140475377784576 logging_writer.py:48] [8749] accumulated_eval_time=7497.87, accumulated_logging_time=0.771984, accumulated_submission_time=7850.05, global_step=8749, preemption_count=0, score=7850.05, test/loss=0.126126, test/num_examples=95000000, total_duration=15348.8, train/loss=0.122599, validation/loss=0.123777, validation/num_examples=83274637
I0412 05:40:18.284200 140652501468352 spec.py:333] Evaluating on the training split.
I0412 05:40:24.122374 140652501468352 spec.py:346] Evaluating on the validation split.
I0412 05:40:30.083976 140652501468352 spec.py:363] Evaluating on the test split.
I0412 05:40:37.393828 140652501468352 submission_runner.py:516] Time since start: 15723.97s, 	Step: 9145, 	{'train/loss': 0.12285188183703888, 'validation/loss': 0.12366376342507916, 'validation/num_examples': 83274637, 'test/loss': 0.12596389146792764, 'test/num_examples': 95000000, 'score': 8206.103132247925, 'total_duration': 15723.973836183548, 'accumulated_submission_time': 8206.103132247925, 'accumulated_eval_time': 7516.980360984802, 'accumulated_logging_time': 0.8116145133972168}
I0412 05:40:37.417489 140475369391872 logging_writer.py:48] [9145] accumulated_eval_time=7516.98, accumulated_logging_time=0.811615, accumulated_submission_time=8206.1, global_step=9145, preemption_count=0, score=8206.1, test/loss=0.125964, test/num_examples=95000000, total_duration=15724, train/loss=0.122852, validation/loss=0.123664, validation/num_examples=83274637
I0412 05:40:37.476294 140475377784576 logging_writer.py:48] [9145] global_step=9145, preemption_count=0, score=8206.1
I0412 05:40:40.454540 140652501468352 submission_runner.py:857] Final criteo1tb score: 8206.103132247925
