torchrun --redirects 1:0,2:0,3:0 --standalone --nnodes=1 --nproc_per_node=4 submission_runner.py --framework=pytorch --workload=ogbg --submission_path=submissions_algorithms/submissions/self_tuning/muon_torch_replicated_torch_hps/submission.py --data_dir=/data/ogbg --experiment_dir=/experiment_runs --experiment_name=submissions_a100/muon_torch_replicated_torch_hps/study_1 --overwrite=True --save_checkpoints=False --rng_seed=1142797073 --torch_compile=true --tuning_ruleset=self 2>&1 | tee -a /logs/ogbg_pytorch_06-15-2026-11-00-49.log
W0615 11:01:01.422000 9 site-packages/torch/distributed/run.py:803] 
W0615 11:01:01.422000 9 site-packages/torch/distributed/run.py:803] *****************************************
W0615 11:01:01.422000 9 site-packages/torch/distributed/run.py:803] Setting OMP_NUM_THREADS environment variable for each process to be 1 in default, to avoid your system being overloaded, please further tune the variable for optimal performance in your application as needed. 
W0615 11:01:01.422000 9 site-packages/torch/distributed/run.py:803] *****************************************
2026-06-15 11:01:12.857339: E external/local_xla/xla/stream_executor/cuda/cuda_fft.cc:467] Unable to register cuFFT factory: Attempting to register factory for plugin cuFFT when one has already been registered
2026-06-15 11:01:12.857322: E external/local_xla/xla/stream_executor/cuda/cuda_fft.cc:467] Unable to register cuFFT factory: Attempting to register factory for plugin cuFFT when one has already been registered
2026-06-15 11:01:12.857322: E external/local_xla/xla/stream_executor/cuda/cuda_fft.cc:467] Unable to register cuFFT factory: Attempting to register factory for plugin cuFFT when one has already been registered
2026-06-15 11:01:12.857322: E external/local_xla/xla/stream_executor/cuda/cuda_fft.cc:467] Unable to register cuFFT factory: Attempting to register factory for plugin cuFFT when one has already been registered
WARNING: All log messages before absl::InitializeLog() is called are written to STDERR
WARNING: All log messages before absl::InitializeLog() is called are written to STDERR
WARNING: All log messages before absl::InitializeLog() is called are written to STDERR
WARNING: All log messages before absl::InitializeLog() is called are written to STDERR
E0000 00:00:1781521273.370224      40 cuda_dnn.cc:8579] Unable to register cuDNN factory: Attempting to register factory for plugin cuDNN when one has already been registered
E0000 00:00:1781521273.370239      39 cuda_dnn.cc:8579] Unable to register cuDNN factory: Attempting to register factory for plugin cuDNN when one has already been registered
E0000 00:00:1781521273.370256      38 cuda_dnn.cc:8579] Unable to register cuDNN factory: Attempting to register factory for plugin cuDNN when one has already been registered
E0000 00:00:1781521273.370239      41 cuda_dnn.cc:8579] Unable to register cuDNN factory: Attempting to register factory for plugin cuDNN when one has already been registered
E0000 00:00:1781521273.544456      39 cuda_blas.cc:1407] Unable to register cuBLAS factory: Attempting to register factory for plugin cuBLAS when one has already been registered
E0000 00:00:1781521273.544468      40 cuda_blas.cc:1407] Unable to register cuBLAS factory: Attempting to register factory for plugin cuBLAS when one has already been registered
E0000 00:00:1781521273.544467      41 cuda_blas.cc:1407] Unable to register cuBLAS factory: Attempting to register factory for plugin cuBLAS when one has already been registered
E0000 00:00:1781521273.544481      38 cuda_blas.cc:1407] Unable to register cuBLAS factory: Attempting to register factory for plugin cuBLAS when one has already been registered
W0000 00:00:1781521275.037334      39 computation_placer.cc:177] computation placer already registered. Please check linkage and avoid linking the same target more than once.
W0000 00:00:1781521275.037334      41 computation_placer.cc:177] computation placer already registered. Please check linkage and avoid linking the same target more than once.
W0000 00:00:1781521275.037374      41 computation_placer.cc:177] computation placer already registered. Please check linkage and avoid linking the same target more than once.
W0000 00:00:1781521275.037350      40 computation_placer.cc:177] computation placer already registered. Please check linkage and avoid linking the same target more than once.
W0000 00:00:1781521275.037377      41 computation_placer.cc:177] computation placer already registered. Please check linkage and avoid linking the same target more than once.
W0000 00:00:1781521275.037376      39 computation_placer.cc:177] computation placer already registered. Please check linkage and avoid linking the same target more than once.
W0000 00:00:1781521275.037379      41 computation_placer.cc:177] computation placer already registered. Please check linkage and avoid linking the same target more than once.
W0000 00:00:1781521275.037380      39 computation_placer.cc:177] computation placer already registered. Please check linkage and avoid linking the same target more than once.
W0000 00:00:1781521275.037379      40 computation_placer.cc:177] computation placer already registered. Please check linkage and avoid linking the same target more than once.
W0000 00:00:1781521275.037382      39 computation_placer.cc:177] computation placer already registered. Please check linkage and avoid linking the same target more than once.
W0000 00:00:1781521275.037382      40 computation_placer.cc:177] computation placer already registered. Please check linkage and avoid linking the same target more than once.
W0000 00:00:1781521275.037384      40 computation_placer.cc:177] computation placer already registered. Please check linkage and avoid linking the same target more than once.
W0000 00:00:1781521275.037373      38 computation_placer.cc:177] computation placer already registered. Please check linkage and avoid linking the same target more than once.
W0000 00:00:1781521275.037404      38 computation_placer.cc:177] computation placer already registered. Please check linkage and avoid linking the same target more than once.
W0000 00:00:1781521275.037407      38 computation_placer.cc:177] computation placer already registered. Please check linkage and avoid linking the same target more than once.
W0000 00:00:1781521275.037409      38 computation_placer.cc:177] computation placer already registered. Please check linkage and avoid linking the same target more than once.
W0000 00:00:1781521300.810417      38 gpu_device.cc:2341] Cannot dlopen some GPU libraries. Please make sure the missing libraries mentioned above are installed properly if you would like to use GPU. Follow the guide at https://www.tensorflow.org/install/gpu for how to download and setup the required libraries for your platform.
Skipping registering GPU devices...
W0000 00:00:1781521301.090403      41 gpu_device.cc:2341] Cannot dlopen some GPU libraries. Please make sure the missing libraries mentioned above are installed properly if you would like to use GPU. Follow the guide at https://www.tensorflow.org/install/gpu for how to download and setup the required libraries for your platform.
Skipping registering GPU devices...
W0000 00:00:1781521301.141546      40 gpu_device.cc:2341] Cannot dlopen some GPU libraries. Please make sure the missing libraries mentioned above are installed properly if you would like to use GPU. Follow the guide at https://www.tensorflow.org/install/gpu for how to download and setup the required libraries for your platform.
Skipping registering GPU devices...
W0000 00:00:1781521301.151244      39 gpu_device.cc:2341] Cannot dlopen some GPU libraries. Please make sure the missing libraries mentioned above are installed properly if you would like to use GPU. Follow the guide at https://www.tensorflow.org/install/gpu for how to download and setup the required libraries for your platform.
Skipping registering GPU devices...
/usr/local/lib/python3.11/site-packages/torch/__init__.py:1617: UserWarning: Please use the new API settings to control TF32 behavior, such as torch.backends.cudnn.conv.fp32_precision = 'tf32' or torch.backends.cuda.matmul.fp32_precision = 'ieee'. Old settings, e.g, torch.backends.cuda.matmul.allow_tf32 = True, torch.backends.cudnn.allow_tf32 = True, allowTF32CuDNN() and allowTF32CuBLAS() will be deprecated after Pytorch 2.9. Please see https://pytorch.org/docs/main/notes/cuda.html#tensorfloat-32-tf32-on-ampere-and-later-devices (Triggered internally at /pytorch/aten/src/ATen/Context.cpp:80.)
  _C._set_float32_matmul_precision(precision)
/usr/local/lib/python3.11/site-packages/torch/__init__.py:1617: UserWarning: Please use the new API settings to control TF32 behavior, such as torch.backends.cudnn.conv.fp32_precision = 'tf32' or torch.backends.cuda.matmul.fp32_precision = 'ieee'. Old settings, e.g, torch.backends.cuda.matmul.allow_tf32 = True, torch.backends.cudnn.allow_tf32 = True, allowTF32CuDNN() and allowTF32CuBLAS() will be deprecated after Pytorch 2.9. Please see https://pytorch.org/docs/main/notes/cuda.html#tensorfloat-32-tf32-on-ampere-and-later-devices (Triggered internally at /pytorch/aten/src/ATen/Context.cpp:80.)
  _C._set_float32_matmul_precision(precision)
/usr/local/lib/python3.11/site-packages/torch/__init__.py:1617: UserWarning: Please use the new API settings to control TF32 behavior, such as torch.backends.cudnn.conv.fp32_precision = 'tf32' or torch.backends.cuda.matmul.fp32_precision = 'ieee'. Old settings, e.g, torch.backends.cuda.matmul.allow_tf32 = True, torch.backends.cudnn.allow_tf32 = True, allowTF32CuDNN() and allowTF32CuBLAS() will be deprecated after Pytorch 2.9. Please see https://pytorch.org/docs/main/notes/cuda.html#tensorfloat-32-tf32-on-ampere-and-later-devices (Triggered internally at /pytorch/aten/src/ATen/Context.cpp:80.)
  _C._set_float32_matmul_precision(precision)
/usr/local/lib/python3.11/site-packages/torch/__init__.py:1617: UserWarning: Please use the new API settings to control TF32 behavior, such as torch.backends.cudnn.conv.fp32_precision = 'tf32' or torch.backends.cuda.matmul.fp32_precision = 'ieee'. Old settings, e.g, torch.backends.cuda.matmul.allow_tf32 = True, torch.backends.cudnn.allow_tf32 = True, allowTF32CuDNN() and allowTF32CuBLAS() will be deprecated after Pytorch 2.9. Please see https://pytorch.org/docs/main/notes/cuda.html#tensorfloat-32-tf32-on-ampere-and-later-devices (Triggered internally at /pytorch/aten/src/ATen/Context.cpp:80.)
  _C._set_float32_matmul_precision(precision)
/usr/local/lib/python3.11/site-packages/pydantic/_internal/_generate_schema.py:2249: UnsupportedFieldAttributeWarning: The 'repr' attribute with value False was provided to the `Field()` function, which has no effect in the context it was used. 'repr' is field-specific metadata, and can only be attached to a model field using `Annotated` metadata or by assignment. This may have happened because an `Annotated` type alias using the `type` statement was used, or if the `Field()` function was attached to a single member of a union type.
  warnings.warn(
/usr/local/lib/python3.11/site-packages/pydantic/_internal/_generate_schema.py:2249: UnsupportedFieldAttributeWarning: The 'repr' attribute with value False was provided to the `Field()` function, which has no effect in the context it was used. 'repr' is field-specific metadata, and can only be attached to a model field using `Annotated` metadata or by assignment. This may have happened because an `Annotated` type alias using the `type` statement was used, or if the `Field()` function was attached to a single member of a union type.
  warnings.warn(
/usr/local/lib/python3.11/site-packages/pydantic/_internal/_generate_schema.py:2249: UnsupportedFieldAttributeWarning: The 'repr' attribute with value False was provided to the `Field()` function, which has no effect in the context it was used. 'repr' is field-specific metadata, and can only be attached to a model field using `Annotated` metadata or by assignment. This may have happened because an `Annotated` type alias using the `type` statement was used, or if the `Field()` function was attached to a single member of a union type.
  warnings.warn(
/usr/local/lib/python3.11/site-packages/pydantic/_internal/_generate_schema.py:2249: UnsupportedFieldAttributeWarning: The 'repr' attribute with value False was provided to the `Field()` function, which has no effect in the context it was used. 'repr' is field-specific metadata, and can only be attached to a model field using `Annotated` metadata or by assignment. This may have happened because an `Annotated` type alias using the `type` statement was used, or if the `Field()` function was attached to a single member of a union type.
  warnings.warn(
/usr/local/lib/python3.11/site-packages/pydantic/_internal/_generate_schema.py:2249: UnsupportedFieldAttributeWarning: The 'frozen' attribute with value True was provided to the `Field()` function, which has no effect in the context it was used. 'frozen' is field-specific metadata, and can only be attached to a model field using `Annotated` metadata or by assignment. This may have happened because an `Annotated` type alias using the `type` statement was used, or if the `Field()` function was attached to a single member of a union type.
  warnings.warn(
/usr/local/lib/python3.11/site-packages/pydantic/_internal/_generate_schema.py:2249: UnsupportedFieldAttributeWarning: The 'frozen' attribute with value True was provided to the `Field()` function, which has no effect in the context it was used. 'frozen' is field-specific metadata, and can only be attached to a model field using `Annotated` metadata or by assignment. This may have happened because an `Annotated` type alias using the `type` statement was used, or if the `Field()` function was attached to a single member of a union type.
  warnings.warn(
/usr/local/lib/python3.11/site-packages/pydantic/_internal/_generate_schema.py:2249: UnsupportedFieldAttributeWarning: The 'frozen' attribute with value True was provided to the `Field()` function, which has no effect in the context it was used. 'frozen' is field-specific metadata, and can only be attached to a model field using `Annotated` metadata or by assignment. This may have happened because an `Annotated` type alias using the `type` statement was used, or if the `Field()` function was attached to a single member of a union type.
  warnings.warn(
/usr/local/lib/python3.11/site-packages/pydantic/_internal/_generate_schema.py:2249: UnsupportedFieldAttributeWarning: The 'frozen' attribute with value True was provided to the `Field()` function, which has no effect in the context it was used. 'frozen' is field-specific metadata, and can only be attached to a model field using `Annotated` metadata or by assignment. This may have happened because an `Annotated` type alias using the `type` statement was used, or if the `Field()` function was attached to a single member of a union type.
  warnings.warn(
/usr/local/lib/python3.11/site-packages/torch/distributed/distributed_c10d.py:4876: UserWarning: barrier(): using the device under current context. You can specify `device_id` in `init_process_group` to mute this warning.
  warnings.warn(  # warn only once
[rank0]:[W615 11:01:49.263623426 ProcessGroupNCCL.cpp:5068] Guessing device ID based on global rank. This can cause a hang if rank to GPU mapping is heterogeneous. You can specify device_id in init_process_group()
I0615 11:01:52.213949 140507978642624 logger_utils.py:84] Creating experiment directory at /experiment_runs/submissions_a100/muon_torch_replicated_torch_hps/study_1/ogbg_pytorch.
I0615 11:01:52.213950 140455494661312 logger_utils.py:84] Creating experiment directory at /experiment_runs/submissions_a100/muon_torch_replicated_torch_hps/study_1/ogbg_pytorch.
I0615 11:01:52.213950 139938558620864 logger_utils.py:84] Creating experiment directory at /experiment_runs/submissions_a100/muon_torch_replicated_torch_hps/study_1/ogbg_pytorch.
I0615 11:01:52.213956 140633658700992 logger_utils.py:84] Creating experiment directory at /experiment_runs/submissions_a100/muon_torch_replicated_torch_hps/study_1/ogbg_pytorch.
I0615 11:02:01.499477 140507978642624 submission_runner.py:741] Creating directory at /experiment_runs/submissions_a100/muon_torch_replicated_torch_hps/study_1/ogbg_pytorch/trial_1.
I0615 11:02:01.852317 140507978642624 submission_runner.py:242] Initializing dataset.
I0615 11:02:01.852488 140507978642624 submission_runner.py:251] Initializing model.
W0615 11:02:02.368957 140507978642624 submission_runner.py:273] These workloads cannot be fully compiled under current PyTorch version. Proceeding without `torch.compile`.
W0615 11:02:02.368957 139938558620864 submission_runner.py:273] These workloads cannot be fully compiled under current PyTorch version. Proceeding without `torch.compile`.
W0615 11:02:02.368957 140455494661312 submission_runner.py:273] These workloads cannot be fully compiled under current PyTorch version. Proceeding without `torch.compile`.
W0615 11:02:02.368987 140633658700992 submission_runner.py:273] These workloads cannot be fully compiled under current PyTorch version. Proceeding without `torch.compile`.
I0615 11:02:02.370941 140507978642624 submission_runner.py:294] Initializing optimizer.
I0615 11:02:02.371238 140633658700992 muon.py:227] Muon params:
	module.node_embedder.weight (ndim=2)
	module.edge_embedder.weight (ndim=2)
	module.graph_network.0.update_edge_fn.dense_0.weight (ndim=2)
	module.graph_network.0.update_node_fn.dense_0.weight (ndim=2)
	module.graph_network.0.update_global_fn.dense_0.weight (ndim=2)
	module.graph_network.1.update_edge_fn.dense_0.weight (ndim=2)
	module.graph_network.1.update_node_fn.dense_0.weight (ndim=2)
	module.graph_network.1.update_global_fn.dense_0.weight (ndim=2)
	module.graph_network.2.update_edge_fn.dense_0.weight (ndim=2)
	module.graph_network.2.update_node_fn.dense_0.weight (ndim=2)
	module.graph_network.2.update_global_fn.dense_0.weight (ndim=2)
	module.graph_network.3.update_edge_fn.dense_0.weight (ndim=2)
	module.graph_network.3.update_node_fn.dense_0.weight (ndim=2)
	module.graph_network.3.update_global_fn.dense_0.weight (ndim=2)
	module.graph_network.4.update_edge_fn.dense_0.weight (ndim=2)
	module.graph_network.4.update_node_fn.dense_0.weight (ndim=2)
	module.graph_network.4.update_global_fn.dense_0.weight (ndim=2)
	module.decoder.weight (ndim=2)
I0615 11:02:02.371235 140455494661312 muon.py:227] Muon params:
	module.node_embedder.weight (ndim=2)
	module.edge_embedder.weight (ndim=2)
	module.graph_network.0.update_edge_fn.dense_0.weight (ndim=2)
	module.graph_network.0.update_node_fn.dense_0.weight (ndim=2)
	module.graph_network.0.update_global_fn.dense_0.weight (ndim=2)
	module.graph_network.1.update_edge_fn.dense_0.weight (ndim=2)
	module.graph_network.1.update_node_fn.dense_0.weight (ndim=2)
	module.graph_network.1.update_global_fn.dense_0.weight (ndim=2)
	module.graph_network.2.update_edge_fn.dense_0.weight (ndim=2)
	module.graph_network.2.update_node_fn.dense_0.weight (ndim=2)
	module.graph_network.2.update_global_fn.dense_0.weight (ndim=2)
	module.graph_network.3.update_edge_fn.dense_0.weight (ndim=2)
	module.graph_network.3.update_node_fn.dense_0.weight (ndim=2)
	module.graph_network.3.update_global_fn.dense_0.weight (ndim=2)
	module.graph_network.4.update_edge_fn.dense_0.weight (ndim=2)
	module.graph_network.4.update_node_fn.dense_0.weight (ndim=2)
	module.graph_network.4.update_global_fn.dense_0.weight (ndim=2)
	module.decoder.weight (ndim=2)
I0615 11:02:02.371238 139938558620864 muon.py:227] Muon params:
	module.node_embedder.weight (ndim=2)
	module.edge_embedder.weight (ndim=2)
	module.graph_network.0.update_edge_fn.dense_0.weight (ndim=2)
	module.graph_network.0.update_node_fn.dense_0.weight (ndim=2)
	module.graph_network.0.update_global_fn.dense_0.weight (ndim=2)
	module.graph_network.1.update_edge_fn.dense_0.weight (ndim=2)
	module.graph_network.1.update_node_fn.dense_0.weight (ndim=2)
	module.graph_network.1.update_global_fn.dense_0.weight (ndim=2)
	module.graph_network.2.update_edge_fn.dense_0.weight (ndim=2)
	module.graph_network.2.update_node_fn.dense_0.weight (ndim=2)
	module.graph_network.2.update_global_fn.dense_0.weight (ndim=2)
	module.graph_network.3.update_edge_fn.dense_0.weight (ndim=2)
	module.graph_network.3.update_node_fn.dense_0.weight (ndim=2)
	module.graph_network.3.update_global_fn.dense_0.weight (ndim=2)
	module.graph_network.4.update_edge_fn.dense_0.weight (ndim=2)
	module.graph_network.4.update_node_fn.dense_0.weight (ndim=2)
	module.graph_network.4.update_global_fn.dense_0.weight (ndim=2)
	module.decoder.weight (ndim=2)
I0615 11:02:02.371357 140455494661312 muon.py:228] Adam params:
	module.node_embedder.bias (ndim=1)
	module.edge_embedder.bias (ndim=1)
	module.graph_network.0.update_edge_fn.dense_0.bias (ndim=1)
	module.graph_network.0.update_edge_fn.norm_0.weight (ndim=1)
	module.graph_network.0.update_edge_fn.norm_0.bias (ndim=1)
	module.graph_network.0.update_node_fn.dense_0.bias (ndim=1)
	module.graph_network.0.update_node_fn.norm_0.weight (ndim=1)
	module.graph_network.0.update_node_fn.norm_0.bias (ndim=1)
	module.graph_network.0.update_global_fn.dense_0.bias (ndim=1)
	module.graph_network.0.update_global_fn.norm_0.weight (ndim=1)
	module.graph_network.0.update_global_fn.norm_0.bias (ndim=1)
	module.graph_network.1.update_edge_fn.dense_0.bias (ndim=1)
	module.graph_network.1.update_edge_fn.norm_0.weight (ndim=1)
	module.graph_network.1.update_edge_fn.norm_0.bias (ndim=1)
	module.graph_network.1.update_node_fn.dense_0.bias (ndim=1)
	module.graph_network.1.update_node_fn.norm_0.weight (ndim=1)
	module.graph_network.1.update_node_fn.norm_0.bias (ndim=1)
	module.graph_network.1.update_global_fn.dense_0.bias (ndim=1)
	module.graph_network.1.update_global_fn.norm_0.weight (ndim=1)
	module.graph_network.1.update_global_fn.norm_0.bias (ndim=1)
	module.graph_network.2.update_edge_fn.dense_0.bias (ndim=1)
	module.graph_network.2.update_edge_fn.norm_0.weight (ndim=1)
	module.graph_network.2.update_edge_fn.norm_0.bias (ndim=1)
	module.graph_network.2.update_node_fn.dense_0.bias (ndim=1)
	module.graph_network.2.update_node_fn.norm_0.weight (ndim=1)
	module.graph_network.2.update_node_fn.norm_0.bias (ndim=1)
	module.graph_network.2.update_global_fn.dense_0.bias (ndim=1)
	module.graph_network.2.update_global_fn.norm_0.weight (ndim=1)
	module.graph_network.2.update_global_fn.norm_0.bias (ndim=1)
	module.graph_network.3.update_edge_fn.dense_0.bias (ndim=1)
	module.graph_network.3.update_edge_fn.norm_0.weight (ndim=1)
	module.graph_network.3.update_edge_fn.norm_0.bias (ndim=1)
	module.graph_network.3.update_node_fn.dense_0.bias (ndim=1)
	module.graph_network.3.update_node_fn.norm_0.weight (ndim=1)
	module.graph_network.3.update_node_fn.norm_0.bias (ndim=1)
	module.graph_network.3.update_global_fn.dense_0.bias (ndim=1)
	module.graph_network.3.update_global_fn.norm_0.weight (ndim=1)
	module.graph_network.3.update_global_fn.norm_0.bias (ndim=1)
	module.graph_network.4.update_edge_fn.dense_0.bias (ndim=1)
	module.graph_network.4.update_edge_fn.norm_0.weight (ndim=1)
	module.graph_network.4.update_edge_fn.norm_0.bias (ndim=1)
	module.graph_network.4.update_node_fn.dense_0.bias (ndim=1)
	module.graph_network.4.update_node_fn.norm_0.weight (ndim=1)
	module.graph_network.4.update_node_fn.norm_0.bias (ndim=1)
	module.graph_network.4.update_global_fn.dense_0.bias (ndim=1)
	module.graph_network.4.update_global_fn.norm_0.weight (ndim=1)
	module.graph_network.4.update_global_fn.norm_0.bias (ndim=1)
	module.decoder.bias (ndim=1)
I0615 11:02:02.371360 140633658700992 muon.py:228] Adam params:
	module.node_embedder.bias (ndim=1)
	module.edge_embedder.bias (ndim=1)
	module.graph_network.0.update_edge_fn.dense_0.bias (ndim=1)
	module.graph_network.0.update_edge_fn.norm_0.weight (ndim=1)
	module.graph_network.0.update_edge_fn.norm_0.bias (ndim=1)
	module.graph_network.0.update_node_fn.dense_0.bias (ndim=1)
	module.graph_network.0.update_node_fn.norm_0.weight (ndim=1)
	module.graph_network.0.update_node_fn.norm_0.bias (ndim=1)
	module.graph_network.0.update_global_fn.dense_0.bias (ndim=1)
	module.graph_network.0.update_global_fn.norm_0.weight (ndim=1)
	module.graph_network.0.update_global_fn.norm_0.bias (ndim=1)
	module.graph_network.1.update_edge_fn.dense_0.bias (ndim=1)
	module.graph_network.1.update_edge_fn.norm_0.weight (ndim=1)
	module.graph_network.1.update_edge_fn.norm_0.bias (ndim=1)
	module.graph_network.1.update_node_fn.dense_0.bias (ndim=1)
	module.graph_network.1.update_node_fn.norm_0.weight (ndim=1)
	module.graph_network.1.update_node_fn.norm_0.bias (ndim=1)
	module.graph_network.1.update_global_fn.dense_0.bias (ndim=1)
	module.graph_network.1.update_global_fn.norm_0.weight (ndim=1)
	module.graph_network.1.update_global_fn.norm_0.bias (ndim=1)
	module.graph_network.2.update_edge_fn.dense_0.bias (ndim=1)
	module.graph_network.2.update_edge_fn.norm_0.weight (ndim=1)
	module.graph_network.2.update_edge_fn.norm_0.bias (ndim=1)
	module.graph_network.2.update_node_fn.dense_0.bias (ndim=1)
	module.graph_network.2.update_node_fn.norm_0.weight (ndim=1)
	module.graph_network.2.update_node_fn.norm_0.bias (ndim=1)
	module.graph_network.2.update_global_fn.dense_0.bias (ndim=1)
	module.graph_network.2.update_global_fn.norm_0.weight (ndim=1)
	module.graph_network.2.update_global_fn.norm_0.bias (ndim=1)
	module.graph_network.3.update_edge_fn.dense_0.bias (ndim=1)
	module.graph_network.3.update_edge_fn.norm_0.weight (ndim=1)
	module.graph_network.3.update_edge_fn.norm_0.bias (ndim=1)
	module.graph_network.3.update_node_fn.dense_0.bias (ndim=1)
	module.graph_network.3.update_node_fn.norm_0.weight (ndim=1)
	module.graph_network.3.update_node_fn.norm_0.bias (ndim=1)
	module.graph_network.3.update_global_fn.dense_0.bias (ndim=1)
	module.graph_network.3.update_global_fn.norm_0.weight (ndim=1)
	module.graph_network.3.update_global_fn.norm_0.bias (ndim=1)
	module.graph_network.4.update_edge_fn.dense_0.bias (ndim=1)
	module.graph_network.4.update_edge_fn.norm_0.weight (ndim=1)
	module.graph_network.4.update_edge_fn.norm_0.bias (ndim=1)
	module.graph_network.4.update_node_fn.dense_0.bias (ndim=1)
	module.graph_network.4.update_node_fn.norm_0.weight (ndim=1)
	module.graph_network.4.update_node_fn.norm_0.bias (ndim=1)
	module.graph_network.4.update_global_fn.dense_0.bias (ndim=1)
	module.graph_network.4.update_global_fn.norm_0.weight (ndim=1)
	module.graph_network.4.update_global_fn.norm_0.bias (ndim=1)
	module.decoder.bias (ndim=1)
I0615 11:02:02.371351 140507978642624 muon.py:227] Muon params:
	module.node_embedder.weight (ndim=2)
	module.edge_embedder.weight (ndim=2)
	module.graph_network.0.update_edge_fn.dense_0.weight (ndim=2)
	module.graph_network.0.update_node_fn.dense_0.weight (ndim=2)
	module.graph_network.0.update_global_fn.dense_0.weight (ndim=2)
	module.graph_network.1.update_edge_fn.dense_0.weight (ndim=2)
	module.graph_network.1.update_node_fn.dense_0.weight (ndim=2)
	module.graph_network.1.update_global_fn.dense_0.weight (ndim=2)
	module.graph_network.2.update_edge_fn.dense_0.weight (ndim=2)
	module.graph_network.2.update_node_fn.dense_0.weight (ndim=2)
	module.graph_network.2.update_global_fn.dense_0.weight (ndim=2)
	module.graph_network.3.update_edge_fn.dense_0.weight (ndim=2)
	module.graph_network.3.update_node_fn.dense_0.weight (ndim=2)
	module.graph_network.3.update_global_fn.dense_0.weight (ndim=2)
	module.graph_network.4.update_edge_fn.dense_0.weight (ndim=2)
	module.graph_network.4.update_node_fn.dense_0.weight (ndim=2)
	module.graph_network.4.update_global_fn.dense_0.weight (ndim=2)
	module.decoder.weight (ndim=2)
I0615 11:02:02.371363 139938558620864 muon.py:228] Adam params:
	module.node_embedder.bias (ndim=1)
	module.edge_embedder.bias (ndim=1)
	module.graph_network.0.update_edge_fn.dense_0.bias (ndim=1)
	module.graph_network.0.update_edge_fn.norm_0.weight (ndim=1)
	module.graph_network.0.update_edge_fn.norm_0.bias (ndim=1)
	module.graph_network.0.update_node_fn.dense_0.bias (ndim=1)
	module.graph_network.0.update_node_fn.norm_0.weight (ndim=1)
	module.graph_network.0.update_node_fn.norm_0.bias (ndim=1)
	module.graph_network.0.update_global_fn.dense_0.bias (ndim=1)
	module.graph_network.0.update_global_fn.norm_0.weight (ndim=1)
	module.graph_network.0.update_global_fn.norm_0.bias (ndim=1)
	module.graph_network.1.update_edge_fn.dense_0.bias (ndim=1)
	module.graph_network.1.update_edge_fn.norm_0.weight (ndim=1)
	module.graph_network.1.update_edge_fn.norm_0.bias (ndim=1)
	module.graph_network.1.update_node_fn.dense_0.bias (ndim=1)
	module.graph_network.1.update_node_fn.norm_0.weight (ndim=1)
	module.graph_network.1.update_node_fn.norm_0.bias (ndim=1)
	module.graph_network.1.update_global_fn.dense_0.bias (ndim=1)
	module.graph_network.1.update_global_fn.norm_0.weight (ndim=1)
	module.graph_network.1.update_global_fn.norm_0.bias (ndim=1)
	module.graph_network.2.update_edge_fn.dense_0.bias (ndim=1)
	module.graph_network.2.update_edge_fn.norm_0.weight (ndim=1)
	module.graph_network.2.update_edge_fn.norm_0.bias (ndim=1)
	module.graph_network.2.update_node_fn.dense_0.bias (ndim=1)
	module.graph_network.2.update_node_fn.norm_0.weight (ndim=1)
	module.graph_network.2.update_node_fn.norm_0.bias (ndim=1)
	module.graph_network.2.update_global_fn.dense_0.bias (ndim=1)
	module.graph_network.2.update_global_fn.norm_0.weight (ndim=1)
	module.graph_network.2.update_global_fn.norm_0.bias (ndim=1)
	module.graph_network.3.update_edge_fn.dense_0.bias (ndim=1)
	module.graph_network.3.update_edge_fn.norm_0.weight (ndim=1)
	module.graph_network.3.update_edge_fn.norm_0.bias (ndim=1)
	module.graph_network.3.update_node_fn.dense_0.bias (ndim=1)
	module.graph_network.3.update_node_fn.norm_0.weight (ndim=1)
	module.graph_network.3.update_node_fn.norm_0.bias (ndim=1)
	module.graph_network.3.update_global_fn.dense_0.bias (ndim=1)
	module.graph_network.3.update_global_fn.norm_0.weight (ndim=1)
	module.graph_network.3.update_global_fn.norm_0.bias (ndim=1)
	module.graph_network.4.update_edge_fn.dense_0.bias (ndim=1)
	module.graph_network.4.update_edge_fn.norm_0.weight (ndim=1)
	module.graph_network.4.update_edge_fn.norm_0.bias (ndim=1)
	module.graph_network.4.update_node_fn.dense_0.bias (ndim=1)
	module.graph_network.4.update_node_fn.norm_0.weight (ndim=1)
	module.graph_network.4.update_node_fn.norm_0.bias (ndim=1)
	module.graph_network.4.update_global_fn.dense_0.bias (ndim=1)
	module.graph_network.4.update_global_fn.norm_0.weight (ndim=1)
	module.graph_network.4.update_global_fn.norm_0.bias (ndim=1)
	module.decoder.bias (ndim=1)
I0615 11:02:02.371421 140507978642624 muon.py:228] Adam params:
	module.node_embedder.bias (ndim=1)
	module.edge_embedder.bias (ndim=1)
	module.graph_network.0.update_edge_fn.dense_0.bias (ndim=1)
	module.graph_network.0.update_edge_fn.norm_0.weight (ndim=1)
	module.graph_network.0.update_edge_fn.norm_0.bias (ndim=1)
	module.graph_network.0.update_node_fn.dense_0.bias (ndim=1)
	module.graph_network.0.update_node_fn.norm_0.weight (ndim=1)
	module.graph_network.0.update_node_fn.norm_0.bias (ndim=1)
	module.graph_network.0.update_global_fn.dense_0.bias (ndim=1)
	module.graph_network.0.update_global_fn.norm_0.weight (ndim=1)
	module.graph_network.0.update_global_fn.norm_0.bias (ndim=1)
	module.graph_network.1.update_edge_fn.dense_0.bias (ndim=1)
	module.graph_network.1.update_edge_fn.norm_0.weight (ndim=1)
	module.graph_network.1.update_edge_fn.norm_0.bias (ndim=1)
	module.graph_network.1.update_node_fn.dense_0.bias (ndim=1)
	module.graph_network.1.update_node_fn.norm_0.weight (ndim=1)
	module.graph_network.1.update_node_fn.norm_0.bias (ndim=1)
	module.graph_network.1.update_global_fn.dense_0.bias (ndim=1)
	module.graph_network.1.update_global_fn.norm_0.weight (ndim=1)
	module.graph_network.1.update_global_fn.norm_0.bias (ndim=1)
	module.graph_network.2.update_edge_fn.dense_0.bias (ndim=1)
	module.graph_network.2.update_edge_fn.norm_0.weight (ndim=1)
	module.graph_network.2.update_edge_fn.norm_0.bias (ndim=1)
	module.graph_network.2.update_node_fn.dense_0.bias (ndim=1)
	module.graph_network.2.update_node_fn.norm_0.weight (ndim=1)
	module.graph_network.2.update_node_fn.norm_0.bias (ndim=1)
	module.graph_network.2.update_global_fn.dense_0.bias (ndim=1)
	module.graph_network.2.update_global_fn.norm_0.weight (ndim=1)
	module.graph_network.2.update_global_fn.norm_0.bias (ndim=1)
	module.graph_network.3.update_edge_fn.dense_0.bias (ndim=1)
	module.graph_network.3.update_edge_fn.norm_0.weight (ndim=1)
	module.graph_network.3.update_edge_fn.norm_0.bias (ndim=1)
	module.graph_network.3.update_node_fn.dense_0.bias (ndim=1)
	module.graph_network.3.update_node_fn.norm_0.weight (ndim=1)
	module.graph_network.3.update_node_fn.norm_0.bias (ndim=1)
	module.graph_network.3.update_global_fn.dense_0.bias (ndim=1)
	module.graph_network.3.update_global_fn.norm_0.weight (ndim=1)
	module.graph_network.3.update_global_fn.norm_0.bias (ndim=1)
	module.graph_network.4.update_edge_fn.dense_0.bias (ndim=1)
	module.graph_network.4.update_edge_fn.norm_0.weight (ndim=1)
	module.graph_network.4.update_edge_fn.norm_0.bias (ndim=1)
	module.graph_network.4.update_node_fn.dense_0.bias (ndim=1)
	module.graph_network.4.update_node_fn.norm_0.weight (ndim=1)
	module.graph_network.4.update_node_fn.norm_0.bias (ndim=1)
	module.graph_network.4.update_global_fn.dense_0.bias (ndim=1)
	module.graph_network.4.update_global_fn.norm_0.weight (ndim=1)
	module.graph_network.4.update_global_fn.norm_0.bias (ndim=1)
	module.decoder.bias (ndim=1)
I0615 11:02:02.371839 140507978642624 submission_runner.py:299] Initializing metrics bundle.
I0615 11:02:02.371976 140507978642624 submission_runner.py:321] Initializing checkpoint and logger.
I0615 11:02:02.374761 140507978642624 submission_runner.py:344] Saving meta data to /experiment_runs/submissions_a100/muon_torch_replicated_torch_hps/study_1/ogbg_pytorch/trial_1/meta_data_0.json.
I0615 11:02:02.374842 140455494661312 logger_utils.py:283] Unable to record workload.train_mean information. Continuing without it.
I0615 11:02:02.374840 139938558620864 logger_utils.py:283] Unable to record workload.train_mean information. Continuing without it.
I0615 11:02:02.374867 140633658700992 logger_utils.py:283] Unable to record workload.train_mean information. Continuing without it.
I0615 11:02:02.374940 140507978642624 logger_utils.py:283] Unable to record workload.train_mean information. Continuing without it.
I0615 11:02:02.374946 139938558620864 logger_utils.py:283] Unable to record workload.train_stddev information. Continuing without it.
I0615 11:02:02.374953 140455494661312 logger_utils.py:283] Unable to record workload.train_stddev information. Continuing without it.
I0615 11:02:02.374965 140633658700992 logger_utils.py:283] Unable to record workload.train_stddev information. Continuing without it.
I0615 11:02:02.374997 140507978642624 logger_utils.py:283] Unable to record workload.train_stddev information. Continuing without it.
I0615 11:02:02.746401 140507978642624 submission_runner.py:348] Saving flags to /experiment_runs/submissions_a100/muon_torch_replicated_torch_hps/study_1/ogbg_pytorch/trial_1/flags_0.json.
I0615 11:02:02.791745 140507978642624 submission_runner.py:359] Starting training loop.
I0615 11:02:06.127750 140507978642624 dataset_info.py:707] Load dataset info from /data/ogbg/ogbg_molpcba/0.1.3
I0615 11:02:06.172555 140507978642624 reader.py:262] Creating a tf.data.Dataset reading 8 files located in folders: /data/ogbg/ogbg_molpcba/0.1.3.
WARNING:tensorflow:From /usr/local/lib/python3.11/site-packages/tensorflow_datasets/core/reader.py:102: CounterV2 (from tensorflow.python.data.experimental.ops.counter) is deprecated and will be removed in a future version.
Instructions for updating:
Use `tf.data.Dataset.counter(...)` instead.
W0615 11:02:06.339480 140507978642624 deprecation.py:50] From /usr/local/lib/python3.11/site-packages/tensorflow_datasets/core/reader.py:102: CounterV2 (from tensorflow.python.data.experimental.ops.counter) is deprecated and will be removed in a future version.
Instructions for updating:
Use `tf.data.Dataset.counter(...)` instead.
I0615 11:02:06.443379 140507978642624 logging_logger.py:49] Constructing tf.data.Dataset ogbg_molpcba for split train, from /data/ogbg/ogbg_molpcba/0.1.3
I0615 11:02:43.127265 140507978642624 spec.py:333] Evaluating on the training split.
I0615 11:02:43.132080 140507978642624 dataset_info.py:707] Load dataset info from /data/ogbg/ogbg_molpcba/0.1.3
I0615 11:02:43.135642 140507978642624 reader.py:262] Creating a tf.data.Dataset reading 8 files located in folders: /data/ogbg/ogbg_molpcba/0.1.3.
I0615 11:02:43.204317 140507978642624 logging_logger.py:49] Constructing tf.data.Dataset ogbg_molpcba for split train, from /data/ogbg/ogbg_molpcba/0.1.3
I0615 11:03:13.063965 140507978642624 spec.py:346] Evaluating on the validation split.
I0615 11:03:13.066251 140507978642624 dataset_info.py:707] Load dataset info from /data/ogbg/ogbg_molpcba/0.1.3
I0615 11:03:13.069396 140507978642624 reader.py:262] Creating a tf.data.Dataset reading 1 files located in folders: /data/ogbg/ogbg_molpcba/0.1.3.
I0615 11:03:13.128700 140507978642624 logging_logger.py:49] Constructing tf.data.Dataset ogbg_molpcba for split validation, from /data/ogbg/ogbg_molpcba/0.1.3
I0615 11:03:31.927664 140507978642624 spec.py:363] Evaluating on the test split.
I0615 11:03:31.929874 140507978642624 dataset_info.py:707] Load dataset info from /data/ogbg/ogbg_molpcba/0.1.3
I0615 11:03:31.932962 140507978642624 reader.py:262] Creating a tf.data.Dataset reading 1 files located in folders: /data/ogbg/ogbg_molpcba/0.1.3.
I0615 11:03:31.992806 140507978642624 logging_logger.py:49] Constructing tf.data.Dataset ogbg_molpcba for split test, from /data/ogbg/ogbg_molpcba/0.1.3
I0615 11:03:50.738416 140507978642624 submission_runner.py:516] Time since start: 107.95s, 	Step: 1, 	{'train/accuracy': 0.5489294510717302, 'train/loss': 0.7313447866482122, 'train/mean_average_precision': 0.021246055253773335, 'validation/accuracy': 0.5487795472479939, 'validation/loss': 0.7293259582254927, 'validation/mean_average_precision': 0.025581027055558626, 'validation/num_examples': 43793, 'test/accuracy': 0.5508122206228063, 'test/loss': 0.7276001820189533, 'test/mean_average_precision': 0.02812690235602606, 'test/num_examples': 43793, 'score': 39.88840341567993, 'total_duration': 107.94663500785828, 'accumulated_submission_time': 39.88840341567993, 'accumulated_eval_time': 67.611079454422, 'accumulated_logging_time': 0}
I0615 11:03:50.884879 140474328991488 logging_writer.py:48] [1] accumulated_eval_time=67.6111, accumulated_logging_time=0, accumulated_submission_time=39.8884, global_step=1, preemption_count=0, score=39.8884, test/accuracy=0.550812, test/loss=0.7276, test/mean_average_precision=0.0281269, test/num_examples=43793, total_duration=107.947, train/accuracy=0.548929, train/loss=0.731345, train/mean_average_precision=0.0212461, validation/accuracy=0.54878, validation/loss=0.729326, validation/mean_average_precision=0.025581, validation/num_examples=43793
I0615 11:11:23.257834 140507978642624 spec.py:333] Evaluating on the training split.
I0615 11:11:49.303813 140507978642624 spec.py:346] Evaluating on the validation split.
I0615 11:11:51.310687 140507978642624 spec.py:363] Evaluating on the test split.
I0615 11:11:53.319588 140507978642624 submission_runner.py:516] Time since start: 590.53s, 	Step: 1906, 	{'train/accuracy': 0.9884584089579493, 'train/loss': 0.04002506921524908, 'train/mean_average_precision': 0.19981804749739882, 'validation/accuracy': 0.9855600459831331, 'validation/loss': 0.04959852539788724, 'validation/mean_average_precision': 0.17548353739305503, 'validation/num_examples': 43793, 'test/accuracy': 0.9846816858273693, 'test/loss': 0.052265092580348185, 'test/mean_average_precision': 0.17370807021814486, 'test/num_examples': 43793, 'score': 490.5803439617157, 'total_duration': 590.5278635025024, 'accumulated_submission_time': 490.5803439617157, 'accumulated_eval_time': 97.67277693748474, 'accumulated_logging_time': 0.4498908519744873}
I0615 11:11:53.359004 140474337384192 logging_writer.py:48] [1906] accumulated_eval_time=97.6728, accumulated_logging_time=0.449891, accumulated_submission_time=490.58, global_step=1906, preemption_count=0, score=490.58, test/accuracy=0.984682, test/loss=0.0522651, test/mean_average_precision=0.173708, test/num_examples=43793, total_duration=590.528, train/accuracy=0.988458, train/loss=0.0400251, train/mean_average_precision=0.199818, validation/accuracy=0.98556, validation/loss=0.0495985, validation/mean_average_precision=0.175484, validation/num_examples=43793
I0615 11:19:25.777080 140507978642624 spec.py:333] Evaluating on the training split.
I0615 11:19:52.143253 140507978642624 spec.py:346] Evaluating on the validation split.
I0615 11:19:54.135467 140507978642624 spec.py:363] Evaluating on the test split.
I0615 11:19:56.134680 140507978642624 submission_runner.py:516] Time since start: 1073.34s, 	Step: 3803, 	{'train/accuracy': 0.9894664083376242, 'train/loss': 0.034996972768021134, 'train/mean_average_precision': 0.31624694907071815, 'validation/accuracy': 0.9862513354917695, 'validation/loss': 0.04663543791850821, 'validation/mean_average_precision': 0.2409247643939791, 'validation/num_examples': 43793, 'test/accuracy': 0.9853268802658942, 'test/loss': 0.04946551673673119, 'test/mean_average_precision': 0.2354216217534066, 'test/num_examples': 43793, 'score': 941.6201498508453, 'total_duration': 1073.3429505825043, 'accumulated_submission_time': 941.6201498508453, 'accumulated_eval_time': 128.0302882194519, 'accumulated_logging_time': 0.499896764755249}
I0615 11:19:56.174820 140474328991488 logging_writer.py:48] [3803] accumulated_eval_time=128.03, accumulated_logging_time=0.499897, accumulated_submission_time=941.62, global_step=3803, preemption_count=0, score=941.62, test/accuracy=0.985327, test/loss=0.0494655, test/mean_average_precision=0.235422, test/num_examples=43793, total_duration=1073.34, train/accuracy=0.989466, train/loss=0.034997, train/mean_average_precision=0.316247, validation/accuracy=0.986251, validation/loss=0.0466354, validation/mean_average_precision=0.240925, validation/num_examples=43793
I0615 11:27:28.700893 140507978642624 spec.py:333] Evaluating on the training split.
I0615 11:27:54.966141 140507978642624 spec.py:346] Evaluating on the validation split.
I0615 11:27:56.944235 140507978642624 spec.py:363] Evaluating on the test split.
I0615 11:27:58.973881 140507978642624 submission_runner.py:516] Time since start: 1556.18s, 	Step: 5687, 	{'train/accuracy': 0.9903566464572773, 'train/loss': 0.03232851372840436, 'train/mean_average_precision': 0.3591855662210503, 'validation/accuracy': 0.9867678744816344, 'validation/loss': 0.044545862015285494, 'validation/mean_average_precision': 0.2694335465216301, 'validation/num_examples': 43793, 'test/accuracy': 0.9858680518412889, 'test/loss': 0.04720206201636739, 'test/mean_average_precision': 0.261228988405837, 'test/num_examples': 43793, 'score': 1392.7708530426025, 'total_duration': 1556.1821649074554, 'accumulated_submission_time': 1392.7708530426025, 'accumulated_eval_time': 158.30322933197021, 'accumulated_logging_time': 0.5508005619049072}
I0615 11:27:59.012657 140474337384192 logging_writer.py:48] [5687] accumulated_eval_time=158.303, accumulated_logging_time=0.550801, accumulated_submission_time=1392.77, global_step=5687, preemption_count=0, score=1392.77, test/accuracy=0.985868, test/loss=0.0472021, test/mean_average_precision=0.261229, test/num_examples=43793, total_duration=1556.18, train/accuracy=0.990357, train/loss=0.0323285, train/mean_average_precision=0.359186, validation/accuracy=0.986768, validation/loss=0.0445459, validation/mean_average_precision=0.269434, validation/num_examples=43793
I0615 11:35:31.618855 140507978642624 spec.py:333] Evaluating on the training split.
I0615 11:35:57.217073 140507978642624 spec.py:346] Evaluating on the validation split.
I0615 11:35:59.119547 140507978642624 spec.py:363] Evaluating on the test split.
I0615 11:36:01.089829 140507978642624 submission_runner.py:516] Time since start: 2038.30s, 	Step: 7585, 	{'train/accuracy': 0.991197772399459, 'train/loss': 0.02931941803305802, 'train/mean_average_precision': 0.45175465368650675, 'validation/accuracy': 0.9870148795703045, 'validation/loss': 0.043731279267160056, 'validation/mean_average_precision': 0.2799077494293829, 'validation/num_examples': 43793, 'test/accuracy': 0.9861561151545729, 'test/loss': 0.046363190141159444, 'test/mean_average_precision': 0.27498246692373535, 'test/num_examples': 43793, 'score': 1844.0098247528076, 'total_duration': 2038.298119544983, 'accumulated_submission_time': 1844.0098247528076, 'accumulated_eval_time': 187.77417516708374, 'accumulated_logging_time': 0.5999438762664795}
I0615 11:36:01.136287 140474328991488 logging_writer.py:48] [7585] accumulated_eval_time=187.774, accumulated_logging_time=0.599944, accumulated_submission_time=1844.01, global_step=7585, preemption_count=0, score=1844.01, test/accuracy=0.986156, test/loss=0.0463632, test/mean_average_precision=0.274982, test/num_examples=43793, total_duration=2038.3, train/accuracy=0.991198, train/loss=0.0293194, train/mean_average_precision=0.451755, validation/accuracy=0.987015, validation/loss=0.0437313, validation/mean_average_precision=0.279908, validation/num_examples=43793
I0615 11:43:33.747747 140507978642624 spec.py:333] Evaluating on the training split.
I0615 11:43:59.177963 140507978642624 spec.py:346] Evaluating on the validation split.
I0615 11:44:01.181790 140507978642624 spec.py:363] Evaluating on the test split.
I0615 11:44:03.179869 140507978642624 submission_runner.py:516] Time since start: 2520.39s, 	Step: 9522, 	{'train/accuracy': 0.9909644003872147, 'train/loss': 0.029679321362386116, 'train/mean_average_precision': 0.4420527883673968, 'validation/accuracy': 0.9871216377269524, 'validation/loss': 0.04391652991237713, 'validation/mean_average_precision': 0.2909125253469708, 'validation/num_examples': 43793, 'test/accuracy': 0.9862971987948509, 'test/loss': 0.04660282833742827, 'test/mean_average_precision': 0.27739265602509017, 'test/num_examples': 43793, 'score': 2295.2346851825714, 'total_duration': 2520.388174533844, 'accumulated_submission_time': 2295.2346851825714, 'accumulated_eval_time': 217.2062828540802, 'accumulated_logging_time': 0.6565272808074951}
I0615 11:44:03.217509 140474337384192 logging_writer.py:48] [9522] accumulated_eval_time=217.206, accumulated_logging_time=0.656527, accumulated_submission_time=2295.23, global_step=9522, preemption_count=0, score=2295.23, test/accuracy=0.986297, test/loss=0.0466028, test/mean_average_precision=0.277393, test/num_examples=43793, total_duration=2520.39, train/accuracy=0.990964, train/loss=0.0296793, train/mean_average_precision=0.442053, validation/accuracy=0.987122, validation/loss=0.0439165, validation/mean_average_precision=0.290913, validation/num_examples=43793
I0615 11:44:03.687014 140474328991488 logging_writer.py:48] [9522] global_step=9522, preemption_count=0, score=2295.23
I0615 11:44:03.808177 140507978642624 submission_runner.py:857] Final ogbg score: 2295.2346851825714
