python submission_runner.py --framework=jax --workload=criteo1tb --submission_path=submissions_algorithms/submissions/self_tuning/single_worker_diloco/submission.py --data_dir=/data/criteo1tb --experiment_dir=/experiment_runs --experiment_name=submissions_a100/single_worker_diloco/study_1 --overwrite=True --save_checkpoints=False --rng_seed=1791373337 --tuning_ruleset=self 2>&1 | tee -a /logs/criteo1tb_jax_06-13-2026-11-21-13.log
2026-06-13 11:21:30.009583: E external/local_xla/xla/stream_executor/cuda/cuda_fft.cc:467] Unable to register cuFFT factory: Attempting to register factory for plugin cuFFT when one has already been registered
WARNING: All log messages before absl::InitializeLog() is called are written to STDERR
E0000 00:00:1781349691.397776       9 cuda_dnn.cc:8579] Unable to register cuDNN factory: Attempting to register factory for plugin cuDNN when one has already been registered
E0000 00:00:1781349691.699369       9 cuda_blas.cc:1407] Unable to register cuBLAS factory: Attempting to register factory for plugin cuBLAS when one has already been registered
W0000 00:00:1781349694.063654       9 computation_placer.cc:177] computation placer already registered. Please check linkage and avoid linking the same target more than once.
W0000 00:00:1781349694.063710       9 computation_placer.cc:177] computation placer already registered. Please check linkage and avoid linking the same target more than once.
W0000 00:00:1781349694.063714       9 computation_placer.cc:177] computation placer already registered. Please check linkage and avoid linking the same target more than once.
W0000 00:00:1781349694.063716       9 computation_placer.cc:177] computation placer already registered. Please check linkage and avoid linking the same target more than once.
/usr/local/lib/python3.11/site-packages/torch/__init__.py:1617: UserWarning: Please use the new API settings to control TF32 behavior, such as torch.backends.cudnn.conv.fp32_precision = 'tf32' or torch.backends.cuda.matmul.fp32_precision = 'ieee'. Old settings, e.g, torch.backends.cuda.matmul.allow_tf32 = True, torch.backends.cudnn.allow_tf32 = True, allowTF32CuDNN() and allowTF32CuBLAS() will be deprecated after Pytorch 2.9. Please see https://pytorch.org/docs/main/notes/cuda.html#tensorfloat-32-tf32-on-ampere-and-later-devices (Triggered internally at /pytorch/aten/src/ATen/Context.cpp:80.)
  _C._set_float32_matmul_precision(precision)
/usr/local/lib/python3.11/site-packages/pydantic/_internal/_generate_schema.py:2249: UnsupportedFieldAttributeWarning: The 'repr' attribute with value False was provided to the `Field()` function, which has no effect in the context it was used. 'repr' is field-specific metadata, and can only be attached to a model field using `Annotated` metadata or by assignment. This may have happened because an `Annotated` type alias using the `type` statement was used, or if the `Field()` function was attached to a single member of a union type.
  warnings.warn(
/usr/local/lib/python3.11/site-packages/pydantic/_internal/_generate_schema.py:2249: UnsupportedFieldAttributeWarning: The 'frozen' attribute with value True was provided to the `Field()` function, which has no effect in the context it was used. 'frozen' is field-specific metadata, and can only be attached to a model field using `Annotated` metadata or by assignment. This may have happened because an `Annotated` type alias using the `type` statement was used, or if the `Field()` function was attached to a single member of a union type.
  warnings.warn(
INFO:2026-06-13 11:22:30,483:jax._src.xla_bridge:830: Unable to initialize backend 'tpu': INTERNAL: Failed to open libtpu.so: libtpu.so: cannot open shared object file: No such file or directory
I0613 11:22:30.483680 140611110343872 xla_bridge.py:830] Unable to initialize backend 'tpu': INTERNAL: Failed to open libtpu.so: libtpu.so: cannot open shared object file: No such file or directory
I0613 11:22:31.390284 140611110343872 logger_utils.py:84] Creating experiment directory at /experiment_runs/submissions_a100/single_worker_diloco/study_1/criteo1tb_jax.
I0613 11:22:35.536288 140611110343872 submission_runner.py:741] Creating directory at /experiment_runs/submissions_a100/single_worker_diloco/study_1/criteo1tb_jax/trial_1.
I0613 11:22:35.867330 140611110343872 submission_runner.py:242] Initializing dataset.
I0613 11:22:35.867639 140611110343872 submission_runner.py:251] Initializing model.
I0613 11:22:43.381609 140611110343872 submission_runner.py:294] Initializing optimizer.
I0613 11:22:46.544856 140611110343872 submission_runner.py:299] Initializing metrics bundle.
I0613 11:22:46.545175 140611110343872 submission_runner.py:321] Initializing checkpoint and logger.
I0613 11:22:46.551950 140611110343872 checkpoints.py:1098] Found no checkpoint files in /experiment_runs/submissions_a100/single_worker_diloco/study_1/criteo1tb_jax/trial_1 with prefix checkpoint_
I0613 11:22:46.552115 140611110343872 submission_runner.py:344] Saving meta data to /experiment_runs/submissions_a100/single_worker_diloco/study_1/criteo1tb_jax/trial_1/meta_data_0.json.
I0613 11:22:46.552355 140611110343872 logger_utils.py:283] Unable to record workload.train_mean information. Continuing without it.
I0613 11:22:46.552426 140611110343872 logger_utils.py:283] Unable to record workload.train_stddev information. Continuing without it.
I0613 11:22:47.029145 140611110343872 submission_runner.py:348] Saving flags to /experiment_runs/submissions_a100/single_worker_diloco/study_1/criteo1tb_jax/trial_1/flags_0.json.
I0613 11:22:47.140110 140611110343872 submission_runner.py:359] Starting training loop.
I0613 11:23:02.200039 140611110343872 spec.py:333] Evaluating on the training split.
I0613 11:36:35.722694 140611110343872 spec.py:346] Evaluating on the validation split.
I0613 11:50:07.225562 140611110343872 spec.py:363] Evaluating on the test split.
I0613 12:05:37.118089 140611110343872 submission_runner.py:516] Time since start: 2569.98s, 	Step: 1, 	{'train/loss': 0.9920065160255013, 'validation/loss': 0.9838706414238858, 'validation/num_examples': 83274637, 'test/loss': 0.9878927272203948, 'test/num_examples': 95000000, 'score': 15.059802770614624, 'total_duration': 2569.977869987488, 'accumulated_submission_time': 15.059802770614624, 'accumulated_eval_time': 2554.917941570282, 'accumulated_logging_time': 0}
I0613 12:05:37.293264 140431375906560 logging_writer.py:48] [1] accumulated_eval_time=2554.92, accumulated_logging_time=0, accumulated_submission_time=15.0598, global_step=1, preemption_count=0, score=15.0598, test/loss=0.987893, test/num_examples=95000000, total_duration=2569.98, train/loss=0.992007, validation/loss=0.983871, validation/num_examples=83274637
I0613 12:11:40.579010 140611110343872 spec.py:333] Evaluating on the training split.
I0613 12:24:30.389234 140611110343872 spec.py:346] Evaluating on the validation split.
I0613 12:29:03.642395 140611110343872 spec.py:363] Evaluating on the test split.
I0613 12:34:16.071831 140611110343872 submission_runner.py:516] Time since start: 4288.93s, 	Step: 150, 	{'train/loss': 0.16393232575190142, 'validation/loss': 0.16460250187309058, 'validation/num_examples': 83274637, 'test/loss': 0.16551785417351975, 'test/num_examples': 95000000, 'score': 378.08918738365173, 'total_duration': 4288.931603908539, 'accumulated_submission_time': 378.08918738365173, 'accumulated_eval_time': 3910.4106504917145, 'accumulated_logging_time': 0.42989277839660645}
I0613 12:34:16.111062 140430096086784 logging_writer.py:48] [150] accumulated_eval_time=3910.41, accumulated_logging_time=0.429893, accumulated_submission_time=378.089, global_step=150, preemption_count=0, score=378.089, test/loss=0.165518, test/num_examples=95000000, total_duration=4288.93, train/loss=0.163932, validation/loss=0.164603, validation/num_examples=83274637
I0613 12:40:14.282812 140611110343872 spec.py:333] Evaluating on the training split.
I0613 12:52:05.682351 140611110343872 spec.py:346] Evaluating on the validation split.
I0613 12:56:36.731214 140611110343872 spec.py:363] Evaluating on the test split.
I0613 13:01:41.513014 140611110343872 submission_runner.py:516] Time since start: 5934.37s, 	Step: 308, 	{'train/loss': 0.12817864303928125, 'validation/loss': 0.12826413206803816, 'validation/num_examples': 83274637, 'test/loss': 0.13072648993626645, 'test/num_examples': 95000000, 'score': 736.251787185669, 'total_duration': 5934.372792005539, 'accumulated_submission_time': 736.251787185669, 'accumulated_eval_time': 5197.640746831894, 'accumulated_logging_time': 0.4766197204589844}
I0613 13:01:41.561150 140430104479488 logging_writer.py:48] [308] accumulated_eval_time=5197.64, accumulated_logging_time=0.47662, accumulated_submission_time=736.252, global_step=308, preemption_count=0, score=736.252, test/loss=0.130726, test/num_examples=95000000, total_duration=5934.37, train/loss=0.128179, validation/loss=0.128264, validation/num_examples=83274637
I0613 13:07:38.398928 140611110343872 spec.py:333] Evaluating on the training split.
I0613 13:19:38.947634 140611110343872 spec.py:346] Evaluating on the validation split.
I0613 13:24:11.240790 140611110343872 spec.py:363] Evaluating on the test split.
I0613 13:29:19.827976 140611110343872 submission_runner.py:516] Time since start: 7592.69s, 	Step: 467, 	{'train/loss': 0.12673574068683124, 'validation/loss': 0.12840167224020554, 'validation/num_examples': 83274637, 'test/loss': 0.13075774480879934, 'test/num_examples': 95000000, 'score': 1093.0805032253265, 'total_duration': 7592.687768936157, 'accumulated_submission_time': 1093.0805032253265, 'accumulated_eval_time': 6499.069720029831, 'accumulated_logging_time': 0.532163143157959}
I0613 13:29:19.870072 140430096086784 logging_writer.py:48] [467] accumulated_eval_time=6499.07, accumulated_logging_time=0.532163, accumulated_submission_time=1093.08, global_step=467, preemption_count=0, score=1093.08, test/loss=0.130758, test/num_examples=95000000, total_duration=7592.69, train/loss=0.126736, validation/loss=0.128402, validation/num_examples=83274637
I0613 13:35:18.246348 140611110343872 spec.py:333] Evaluating on the training split.
I0613 13:47:49.625982 140611110343872 spec.py:346] Evaluating on the validation split.
I0613 13:52:20.925549 140611110343872 spec.py:363] Evaluating on the test split.
I0613 13:57:21.689961 140611110343872 submission_runner.py:516] Time since start: 9274.55s, 	Step: 654, 	{'train/loss': 0.12702935900094, 'validation/loss': 0.12645997194546837, 'validation/num_examples': 83274637, 'test/loss': 0.12874937526726973, 'test/num_examples': 95000000, 'score': 1451.4476022720337, 'total_duration': 9274.549739599228, 'accumulated_submission_time': 1451.4476022720337, 'accumulated_eval_time': 7822.513225317001, 'accumulated_logging_time': 0.5815863609313965}
I0613 13:57:21.736372 140430104479488 logging_writer.py:48] [654] accumulated_eval_time=7822.51, accumulated_logging_time=0.581586, accumulated_submission_time=1451.45, global_step=654, preemption_count=0, score=1451.45, test/loss=0.128749, test/num_examples=95000000, total_duration=9274.55, train/loss=0.127029, validation/loss=0.12646, validation/num_examples=83274637
I0613 14:03:20.324766 140611110343872 spec.py:333] Evaluating on the training split.
I0613 14:14:35.424093 140611110343872 spec.py:346] Evaluating on the validation split.
I0613 14:18:55.666104 140611110343872 spec.py:363] Evaluating on the test split.
I0613 14:23:51.510741 140611110343872 submission_runner.py:516] Time since start: 10864.37s, 	Step: 829, 	{'train/loss': 0.1255332356986572, 'validation/loss': 0.1262583928878309, 'validation/num_examples': 83274637, 'test/loss': 0.12847787749794407, 'test/num_examples': 95000000, 'score': 1810.0271627902985, 'total_duration': 10864.370525360107, 'accumulated_submission_time': 1810.0271627902985, 'accumulated_eval_time': 9053.699097394943, 'accumulated_logging_time': 0.6351051330566406}
I0613 14:23:51.549776 140430096086784 logging_writer.py:48] [829] accumulated_eval_time=9053.7, accumulated_logging_time=0.635105, accumulated_submission_time=1810.03, global_step=829, preemption_count=0, score=1810.03, test/loss=0.128478, test/num_examples=95000000, total_duration=10864.4, train/loss=0.125533, validation/loss=0.126258, validation/num_examples=83274637
I0613 14:29:50.274449 140611110343872 spec.py:333] Evaluating on the training split.
I0613 14:40:05.302265 140611110343872 spec.py:346] Evaluating on the validation split.
I0613 14:44:23.634416 140611110343872 spec.py:363] Evaluating on the test split.
I0613 14:49:07.039806 140611110343872 submission_runner.py:516] Time since start: 12379.90s, 	Step: 998, 	{'train/loss': 0.1248017597076653, 'validation/loss': 0.1260598271850899, 'validation/num_examples': 83274637, 'test/loss': 0.12846851317845395, 'test/num_examples': 95000000, 'score': 2168.7428510189056, 'total_duration': 12379.8995885849, 'accumulated_submission_time': 2168.7428510189056, 'accumulated_eval_time': 10210.464349269867, 'accumulated_logging_time': 0.681476354598999}
I0613 14:49:07.078233 140430104479488 logging_writer.py:48] [998] accumulated_eval_time=10210.5, accumulated_logging_time=0.681476, accumulated_submission_time=2168.74, global_step=998, preemption_count=0, score=2168.74, test/loss=0.128469, test/num_examples=95000000, total_duration=12379.9, train/loss=0.124802, validation/loss=0.12606, validation/num_examples=83274637
I0613 14:55:03.844418 140611110343872 spec.py:333] Evaluating on the training split.
I0613 15:03:45.194453 140611110343872 spec.py:346] Evaluating on the validation split.
I0613 15:07:29.742686 140611110343872 spec.py:363] Evaluating on the test split.
I0613 15:12:23.600721 140611110343872 submission_runner.py:516] Time since start: 13776.46s, 	Step: 1143, 	{'train/loss': 0.12530453035713368, 'validation/loss': 0.12588013388852268, 'validation/num_examples': 83274637, 'test/loss': 0.12829563947368422, 'test/num_examples': 95000000, 'score': 2525.5001742839813, 'total_duration': 13776.460499286652, 'accumulated_submission_time': 2525.5001742839813, 'accumulated_eval_time': 11250.220542907715, 'accumulated_logging_time': 0.7272508144378662}
I0613 15:12:23.655162 140430096086784 logging_writer.py:48] [1143] accumulated_eval_time=11250.2, accumulated_logging_time=0.727251, accumulated_submission_time=2525.5, global_step=1143, preemption_count=0, score=2525.5, test/loss=0.128296, test/num_examples=95000000, total_duration=13776.5, train/loss=0.125305, validation/loss=0.12588, validation/num_examples=83274637
I0613 15:18:20.586142 140611110343872 spec.py:333] Evaluating on the training split.
I0613 15:25:06.585934 140611110343872 spec.py:346] Evaluating on the validation split.
I0613 15:27:50.402021 140611110343872 spec.py:363] Evaluating on the test split.
I0613 15:32:45.185657 140611110343872 submission_runner.py:516] Time since start: 14998.05s, 	Step: 1295, 	{'train/loss': 0.12472447184787232, 'validation/loss': 0.12588659473222547, 'validation/num_examples': 83274637, 'test/loss': 0.12814153562911185, 'test/num_examples': 95000000, 'score': 2882.4221529960632, 'total_duration': 14998.045437335968, 'accumulated_submission_time': 2882.4221529960632, 'accumulated_eval_time': 12114.819953680038, 'accumulated_logging_time': 0.7891237735748291}
I0613 15:32:45.226273 140430104479488 logging_writer.py:48] [1295] accumulated_eval_time=12114.8, accumulated_logging_time=0.789124, accumulated_submission_time=2882.42, global_step=1295, preemption_count=0, score=2882.42, test/loss=0.128142, test/num_examples=95000000, total_duration=14998, train/loss=0.124724, validation/loss=0.125887, validation/num_examples=83274637
I0613 15:38:43.832229 140611110343872 spec.py:333] Evaluating on the training split.
I0613 15:40:44.448196 140611110343872 spec.py:346] Evaluating on the validation split.
I0613 15:41:27.926416 140611110343872 spec.py:363] Evaluating on the test split.
I0613 15:46:21.577953 140611110343872 submission_runner.py:516] Time since start: 15814.44s, 	Step: 1415, 	{'train/loss': 0.12484279708386217, 'validation/loss': 0.1255991874651143, 'validation/num_examples': 83274637, 'test/loss': 0.12798371805098685, 'test/num_examples': 95000000, 'score': 3241.0196449756622, 'total_duration': 15814.437733888626, 'accumulated_submission_time': 3241.0196449756622, 'accumulated_eval_time': 12572.565570354462, 'accumulated_logging_time': 0.8368604183197021}
I0613 15:46:21.619511 140430096086784 logging_writer.py:48] [1415] accumulated_eval_time=12572.6, accumulated_logging_time=0.83686, accumulated_submission_time=3241.02, global_step=1415, preemption_count=0, score=3241.02, test/loss=0.127984, test/num_examples=95000000, total_duration=15814.4, train/loss=0.124843, validation/loss=0.125599, validation/num_examples=83274637
I0613 15:52:18.210655 140611110343872 spec.py:333] Evaluating on the training split.
I0613 15:54:10.516861 140611110343872 spec.py:346] Evaluating on the validation split.
I0613 15:54:54.325432 140611110343872 spec.py:363] Evaluating on the test split.
I0613 15:59:44.802655 140611110343872 submission_runner.py:516] Time since start: 16617.66s, 	Step: 1574, 	{'train/loss': 0.12456993568899496, 'validation/loss': 0.12531975601308198, 'validation/num_examples': 83274637, 'test/loss': 0.12777201958264803, 'test/num_examples': 95000000, 'score': 3597.6018760204315, 'total_duration': 16617.662385225296, 'accumulated_submission_time': 3597.6018760204315, 'accumulated_eval_time': 13019.157414913177, 'accumulated_logging_time': 0.8857276439666748}
I0613 15:59:44.842114 140430104479488 logging_writer.py:48] [1574] accumulated_eval_time=13019.2, accumulated_logging_time=0.885728, accumulated_submission_time=3597.6, global_step=1574, preemption_count=0, score=3597.6, test/loss=0.127772, test/num_examples=95000000, total_duration=16617.7, train/loss=0.12457, validation/loss=0.12532, validation/num_examples=83274637
I0613 16:05:42.703719 140611110343872 spec.py:333] Evaluating on the training split.
I0613 16:06:04.606692 140611110343872 spec.py:346] Evaluating on the validation split.
I0613 16:06:48.837621 140611110343872 spec.py:363] Evaluating on the test split.
I0613 16:11:46.055499 140611110343872 submission_runner.py:516] Time since start: 17338.92s, 	Step: 1742, 	{'train/loss': 0.12355639786699658, 'validation/loss': 0.12515768578567926, 'validation/num_examples': 83274637, 'test/loss': 0.12753691313733553, 'test/num_examples': 95000000, 'score': 3955.45463848114, 'total_duration': 17338.915276765823, 'accumulated_submission_time': 3955.45463848114, 'accumulated_eval_time': 13382.50909113884, 'accumulated_logging_time': 0.9324140548706055}
I0613 16:11:46.096314 140430096086784 logging_writer.py:48] [1742] accumulated_eval_time=13382.5, accumulated_logging_time=0.932414, accumulated_submission_time=3955.45, global_step=1742, preemption_count=0, score=3955.45, test/loss=0.127537, test/num_examples=95000000, total_duration=17338.9, train/loss=0.123556, validation/loss=0.125158, validation/num_examples=83274637
I0613 16:17:44.089104 140611110343872 spec.py:333] Evaluating on the training split.
I0613 16:18:05.753500 140611110343872 spec.py:346] Evaluating on the validation split.
I0613 16:18:49.615847 140611110343872 spec.py:363] Evaluating on the test split.
I0613 16:23:43.478526 140611110343872 submission_runner.py:516] Time since start: 18056.34s, 	Step: 1930, 	{'train/loss': 0.12354399192398824, 'validation/loss': 0.12523379498349313, 'validation/num_examples': 83274637, 'test/loss': 0.12778363855879935, 'test/num_examples': 95000000, 'score': 4313.438018083572, 'total_duration': 18056.338310480118, 'accumulated_submission_time': 4313.438018083572, 'accumulated_eval_time': 13741.898412942886, 'accumulated_logging_time': 0.980769157409668}
I0613 16:23:43.523494 140430104479488 logging_writer.py:48] [1930] accumulated_eval_time=13741.9, accumulated_logging_time=0.980769, accumulated_submission_time=4313.44, global_step=1930, preemption_count=0, score=4313.44, test/loss=0.127784, test/num_examples=95000000, total_duration=18056.3, train/loss=0.123544, validation/loss=0.125234, validation/num_examples=83274637
I0613 16:29:41.364438 140611110343872 spec.py:333] Evaluating on the training split.
I0613 16:30:03.082572 140611110343872 spec.py:346] Evaluating on the validation split.
I0613 16:30:46.919414 140611110343872 spec.py:363] Evaluating on the test split.
I0613 16:35:40.179349 140611110343872 submission_runner.py:516] Time since start: 18773.04s, 	Step: 2079, 	{'train/loss': 0.12521055147473542, 'validation/loss': 0.12495965687509354, 'validation/num_examples': 83274637, 'test/loss': 0.12732168549547698, 'test/num_examples': 95000000, 'score': 4671.270045757294, 'total_duration': 18773.039077043533, 'accumulated_submission_time': 4671.270045757294, 'accumulated_eval_time': 14100.713186264038, 'accumulated_logging_time': 1.033137559890747}
I0613 16:35:40.219645 140430096086784 logging_writer.py:48] [2079] accumulated_eval_time=14100.7, accumulated_logging_time=1.03314, accumulated_submission_time=4671.27, global_step=2079, preemption_count=0, score=4671.27, test/loss=0.127322, test/num_examples=95000000, total_duration=18773, train/loss=0.125211, validation/loss=0.12496, validation/num_examples=83274637
I0613 16:41:57.414178 140611110343872 spec.py:333] Evaluating on the training split.
I0613 16:42:19.041840 140611110343872 spec.py:346] Evaluating on the validation split.
I0613 16:43:02.846370 140611110343872 spec.py:363] Evaluating on the test split.
I0613 16:47:53.419866 140611110343872 submission_runner.py:516] Time since start: 19506.28s, 	Step: 2200, 	{'train/loss': 0.12370476550744765, 'validation/loss': 0.12495499734116974, 'validation/num_examples': 83274637, 'test/loss': 0.12717815988898026, 'test/num_examples': 95000000, 'score': 5048.45591211319, 'total_duration': 19506.27959895134, 'accumulated_submission_time': 5048.45591211319, 'accumulated_eval_time': 14456.718725442886, 'accumulated_logging_time': 1.0807311534881592}
I0613 16:47:53.458654 140430104479488 logging_writer.py:48] [2200] accumulated_eval_time=14456.7, accumulated_logging_time=1.08073, accumulated_submission_time=5048.46, global_step=2200, preemption_count=0, score=5048.46, test/loss=0.127178, test/num_examples=95000000, total_duration=19506.3, train/loss=0.123705, validation/loss=0.124955, validation/num_examples=83274637
I0613 16:55:09.811258 140611110343872 spec.py:333] Evaluating on the training split.
I0613 16:55:31.395397 140611110343872 spec.py:346] Evaluating on the validation split.
I0613 16:56:15.071385 140611110343872 spec.py:363] Evaluating on the test split.
I0613 17:01:04.735611 140611110343872 submission_runner.py:516] Time since start: 20297.60s, 	Step: 2350, 	{'train/loss': 0.1241239015739294, 'validation/loss': 0.12481033055362493, 'validation/num_examples': 83274637, 'test/loss': 0.12706753588610198, 'test/num_examples': 95000000, 'score': 5484.799622058868, 'total_duration': 20297.595396518707, 'accumulated_submission_time': 5484.799622058868, 'accumulated_eval_time': 14811.642980337143, 'accumulated_logging_time': 1.126786231994629}
I0613 17:01:04.774122 140430096086784 logging_writer.py:48] [2350] accumulated_eval_time=14811.6, accumulated_logging_time=1.12679, accumulated_submission_time=5484.8, global_step=2350, preemption_count=0, score=5484.8, test/loss=0.127068, test/num_examples=95000000, total_duration=20297.6, train/loss=0.124124, validation/loss=0.12481, validation/num_examples=83274637
I0613 17:07:01.360521 140611110343872 spec.py:333] Evaluating on the training split.
I0613 17:07:40.943728 140611110343872 spec.py:346] Evaluating on the validation split.
I0613 17:08:24.636355 140611110343872 spec.py:363] Evaluating on the test split.
I0613 17:13:09.770561 140611110343872 submission_runner.py:516] Time since start: 21022.63s, 	Step: 2494, 	{'train/loss': 0.12314611548007284, 'validation/loss': 0.1249340687855629, 'validation/num_examples': 83274637, 'test/loss': 0.12735957643914475, 'test/num_examples': 95000000, 'score': 5841.377126216888, 'total_duration': 21022.630282878876, 'accumulated_submission_time': 5841.377126216888, 'accumulated_eval_time': 15180.052858114243, 'accumulated_logging_time': 1.172715425491333}
I0613 17:13:09.811054 140430104479488 logging_writer.py:48] [2494] accumulated_eval_time=15180.1, accumulated_logging_time=1.17272, accumulated_submission_time=5841.38, global_step=2494, preemption_count=0, score=5841.38, test/loss=0.12736, test/num_examples=95000000, total_duration=21022.6, train/loss=0.123146, validation/loss=0.124934, validation/num_examples=83274637
I0613 17:19:16.184347 140611110343872 spec.py:333] Evaluating on the training split.
I0613 17:19:51.709027 140611110343872 spec.py:346] Evaluating on the validation split.
I0613 17:20:35.379670 140611110343872 spec.py:363] Evaluating on the test split.
I0613 17:25:17.884267 140611110343872 submission_runner.py:516] Time since start: 21750.74s, 	Step: 2650, 	{'train/loss': 0.12313700945309873, 'validation/loss': 0.1249935885563268, 'validation/num_examples': 83274637, 'test/loss': 0.12730688482730262, 'test/num_examples': 95000000, 'score': 6207.741484880447, 'total_duration': 21750.744048833847, 'accumulated_submission_time': 6207.741484880447, 'accumulated_eval_time': 15541.752670764923, 'accumulated_logging_time': 1.2204842567443848}
I0613 17:25:17.924446 140430096086784 logging_writer.py:48] [2650] accumulated_eval_time=15541.8, accumulated_logging_time=1.22048, accumulated_submission_time=6207.74, global_step=2650, preemption_count=0, score=6207.74, test/loss=0.127307, test/num_examples=95000000, total_duration=21750.7, train/loss=0.123137, validation/loss=0.124994, validation/num_examples=83274637
I0613 17:31:15.601427 140611110343872 spec.py:333] Evaluating on the training split.
I0613 17:32:40.990445 140611110343872 spec.py:346] Evaluating on the validation split.
I0613 17:33:24.918650 140611110343872 spec.py:363] Evaluating on the test split.
I0613 17:38:10.711867 140611110343872 submission_runner.py:516] Time since start: 22523.57s, 	Step: 2780, 	{'train/loss': 0.12430880210543953, 'validation/loss': 0.12488796119026088, 'validation/num_examples': 83274637, 'test/loss': 0.12733689185855263, 'test/num_examples': 95000000, 'score': 6565.40984916687, 'total_duration': 22523.571627616882, 'accumulated_submission_time': 6565.40984916687, 'accumulated_eval_time': 15956.86298942566, 'accumulated_logging_time': 1.2678723335266113}
I0613 17:38:10.752645 140430104479488 logging_writer.py:48] [2780] accumulated_eval_time=15956.9, accumulated_logging_time=1.26787, accumulated_submission_time=6565.41, global_step=2780, preemption_count=0, score=6565.41, test/loss=0.127337, test/num_examples=95000000, total_duration=22523.6, train/loss=0.124309, validation/loss=0.124888, validation/num_examples=83274637
I0613 17:44:09.330268 140611110343872 spec.py:333] Evaluating on the training split.
I0613 17:44:31.335443 140611110343872 spec.py:346] Evaluating on the validation split.
I0613 17:45:15.393861 140611110343872 spec.py:363] Evaluating on the test split.
I0613 17:49:58.409064 140611110343872 submission_runner.py:516] Time since start: 23231.27s, 	Step: 2928, 	{'train/loss': 0.12377691271263848, 'validation/loss': 0.12484991339301973, 'validation/num_examples': 83274637, 'test/loss': 0.12731123163034538, 'test/num_examples': 95000000, 'score': 6923.978693962097, 'total_duration': 23231.268827676773, 'accumulated_submission_time': 6923.978693962097, 'accumulated_eval_time': 16305.941664934158, 'accumulated_logging_time': 1.3158345222473145}
I0613 17:49:58.449470 140430096086784 logging_writer.py:48] [2928] accumulated_eval_time=16305.9, accumulated_logging_time=1.31583, accumulated_submission_time=6923.98, global_step=2928, preemption_count=0, score=6923.98, test/loss=0.127311, test/num_examples=95000000, total_duration=23231.3, train/loss=0.123777, validation/loss=0.12485, validation/num_examples=83274637
I0613 17:56:43.520191 140611110343872 spec.py:333] Evaluating on the training split.
I0613 17:57:21.515192 140611110343872 spec.py:346] Evaluating on the validation split.
I0613 17:58:05.314667 140611110343872 spec.py:363] Evaluating on the test split.
I0613 18:02:47.554720 140611110343872 submission_runner.py:516] Time since start: 24000.41s, 	Step: 3050, 	{'train/loss': 0.12370634240643033, 'validation/loss': 0.12471185166794656, 'validation/num_examples': 83274637, 'test/loss': 0.12705668936060854, 'test/num_examples': 95000000, 'score': 7329.040776729584, 'total_duration': 24000.414443731308, 'accumulated_submission_time': 7329.040776729584, 'accumulated_eval_time': 16669.976032733917, 'accumulated_logging_time': 1.3635172843933105}
I0613 18:02:47.594763 140430104479488 logging_writer.py:48] [3050] accumulated_eval_time=16670, accumulated_logging_time=1.36352, accumulated_submission_time=7329.04, global_step=3050, preemption_count=0, score=7329.04, test/loss=0.127057, test/num_examples=95000000, total_duration=24000.4, train/loss=0.123706, validation/loss=0.124712, validation/num_examples=83274637
I0613 18:08:45.558013 140611110343872 spec.py:333] Evaluating on the training split.
I0613 18:10:26.257723 140611110343872 spec.py:346] Evaluating on the validation split.
I0613 18:11:10.089278 140611110343872 spec.py:363] Evaluating on the test split.
I0613 18:15:55.498421 140611110343872 submission_runner.py:516] Time since start: 24788.36s, 	Step: 3187, 	{'train/loss': 0.12345033481061084, 'validation/loss': 0.12469544945674756, 'validation/num_examples': 83274637, 'test/loss': 0.12704288157894736, 'test/num_examples': 95000000, 'score': 7686.995312213898, 'total_duration': 24788.358109235764, 'accumulated_submission_time': 7686.995312213898, 'accumulated_eval_time': 17099.916244745255, 'accumulated_logging_time': 1.41078519821167}
I0613 18:15:55.537703 140430096086784 logging_writer.py:48] [3187] accumulated_eval_time=17099.9, accumulated_logging_time=1.41079, accumulated_submission_time=7687, global_step=3187, preemption_count=0, score=7687, test/loss=0.127043, test/num_examples=95000000, total_duration=24788.4, train/loss=0.12345, validation/loss=0.124695, validation/num_examples=83274637
I0613 18:22:10.937202 140611110343872 spec.py:333] Evaluating on the training split.
I0613 18:23:24.113350 140611110343872 spec.py:346] Evaluating on the validation split.
I0613 18:24:06.542376 140611110343872 spec.py:363] Evaluating on the test split.
I0613 18:28:50.188906 140611110343872 submission_runner.py:516] Time since start: 25563.05s, 	Step: 3300, 	{'train/loss': 0.1229560773632249, 'validation/loss': 0.1246231865364417, 'validation/num_examples': 83274637, 'test/loss': 0.12700682083675988, 'test/num_examples': 95000000, 'score': 8062.386024713516, 'total_duration': 25563.04868412018, 'accumulated_submission_time': 8062.386024713516, 'accumulated_eval_time': 17499.16784095764, 'accumulated_logging_time': 1.4575960636138916}
I0613 18:28:50.233870 140430104479488 logging_writer.py:48] [3300] accumulated_eval_time=17499.2, accumulated_logging_time=1.4576, accumulated_submission_time=8062.39, global_step=3300, preemption_count=0, score=8062.39, test/loss=0.127007, test/num_examples=95000000, total_duration=25563, train/loss=0.122956, validation/loss=0.124623, validation/num_examples=83274637
I0613 18:34:46.915693 140611110343872 spec.py:333] Evaluating on the training split.
I0613 18:35:58.901094 140611110343872 spec.py:346] Evaluating on the validation split.
I0613 18:36:41.381957 140611110343872 spec.py:363] Evaluating on the test split.
I0613 18:41:28.579050 140611110343872 submission_runner.py:516] Time since start: 26321.44s, 	Step: 3446, 	{'train/loss': 0.12483865529907949, 'validation/loss': 0.12447926615549222, 'validation/num_examples': 83274637, 'test/loss': 0.1268206933490954, 'test/num_examples': 95000000, 'score': 8419.059023141861, 'total_duration': 26321.43882918358, 'accumulated_submission_time': 8419.059023141861, 'accumulated_eval_time': 17900.83109641075, 'accumulated_logging_time': 1.509868860244751}
I0613 18:41:28.618684 140430096086784 logging_writer.py:48] [3446] accumulated_eval_time=17900.8, accumulated_logging_time=1.50987, accumulated_submission_time=8419.06, global_step=3446, preemption_count=0, score=8419.06, test/loss=0.126821, test/num_examples=95000000, total_duration=26321.4, train/loss=0.124839, validation/loss=0.124479, validation/num_examples=83274637
I0613 18:47:28.267051 140611110343872 spec.py:333] Evaluating on the training split.
I0613 18:47:49.957039 140611110343872 spec.py:346] Evaluating on the validation split.
I0613 18:48:32.355368 140611110343872 spec.py:363] Evaluating on the test split.
I0613 18:53:15.867912 140611110343872 submission_runner.py:516] Time since start: 27028.73s, 	Step: 3550, 	{'train/loss': 0.12284247763454914, 'validation/loss': 0.12461790596352285, 'validation/num_examples': 83274637, 'test/loss': 0.1269492715049342, 'test/num_examples': 95000000, 'score': 8778.69898033142, 'total_duration': 27028.727635383606, 'accumulated_submission_time': 8778.69898033142, 'accumulated_eval_time': 18248.431802988052, 'accumulated_logging_time': 1.5566284656524658}
I0613 18:53:15.908968 140430104479488 logging_writer.py:48] [3550] accumulated_eval_time=18248.4, accumulated_logging_time=1.55663, accumulated_submission_time=8778.7, global_step=3550, preemption_count=0, score=8778.7, test/loss=0.126949, test/num_examples=95000000, total_duration=27028.7, train/loss=0.122842, validation/loss=0.124618, validation/num_examples=83274637
I0613 18:59:13.775329 140611110343872 spec.py:333] Evaluating on the training split.
I0613 19:00:00.419634 140611110343872 spec.py:346] Evaluating on the validation split.
I0613 19:00:43.299890 140611110343872 spec.py:363] Evaluating on the test split.
I0613 19:05:27.204194 140611110343872 submission_runner.py:516] Time since start: 27760.06s, 	Step: 3729, 	{'train/loss': 0.12568945268977363, 'validation/loss': 0.12453168936720531, 'validation/num_examples': 83274637, 'test/loss': 0.12703777046669407, 'test/num_examples': 95000000, 'score': 9136.556324243546, 'total_duration': 27760.063920736313, 'accumulated_submission_time': 9136.556324243546, 'accumulated_eval_time': 18621.860512256622, 'accumulated_logging_time': 1.6049227714538574}
I0613 19:05:27.242757 140430096086784 logging_writer.py:48] [3729] accumulated_eval_time=18621.9, accumulated_logging_time=1.60492, accumulated_submission_time=9136.56, global_step=3729, preemption_count=0, score=9136.56, test/loss=0.127038, test/num_examples=95000000, total_duration=27760.1, train/loss=0.125689, validation/loss=0.124532, validation/num_examples=83274637
I0613 19:11:25.279855 140611110343872 spec.py:333] Evaluating on the training split.
I0613 19:14:17.163171 140611110343872 spec.py:346] Evaluating on the validation split.
I0613 19:15:00.766891 140611110343872 spec.py:363] Evaluating on the test split.
I0613 19:19:48.937921 140611110343872 submission_runner.py:516] Time since start: 28621.80s, 	Step: 3889, 	{'train/loss': 0.12192379197094051, 'validation/loss': 0.12458524444646858, 'validation/num_examples': 83274637, 'test/loss': 0.1270781597245066, 'test/num_examples': 95000000, 'score': 9494.584563732147, 'total_duration': 28621.797647714615, 'accumulated_submission_time': 9494.584563732147, 'accumulated_eval_time': 19125.518423318863, 'accumulated_logging_time': 1.6507925987243652}
I0613 19:19:48.978333 140430104479488 logging_writer.py:48] [3889] accumulated_eval_time=19125.5, accumulated_logging_time=1.65079, accumulated_submission_time=9494.58, global_step=3889, preemption_count=0, score=9494.58, test/loss=0.127078, test/num_examples=95000000, total_duration=28621.8, train/loss=0.121924, validation/loss=0.124585, validation/num_examples=83274637
I0613 19:25:46.149023 140611110343872 spec.py:333] Evaluating on the training split.
I0613 19:27:49.491134 140611110343872 spec.py:346] Evaluating on the validation split.
I0613 19:28:32.969304 140611110343872 spec.py:363] Evaluating on the test split.
I0613 19:33:18.604564 140611110343872 submission_runner.py:516] Time since start: 29431.46s, 	Step: 4021, 	{'train/loss': 0.12452560063428099, 'validation/loss': 0.12454040540288171, 'validation/num_examples': 83274637, 'test/loss': 0.12680684460320724, 'test/num_examples': 95000000, 'score': 9851.74638581276, 'total_duration': 29431.464348077774, 'accumulated_submission_time': 9851.74638581276, 'accumulated_eval_time': 19577.973861932755, 'accumulated_logging_time': 1.6986868381500244}
I0613 19:33:18.650854 140430096086784 logging_writer.py:48] [4021] accumulated_eval_time=19578, accumulated_logging_time=1.69869, accumulated_submission_time=9851.75, global_step=4021, preemption_count=0, score=9851.75, test/loss=0.126807, test/num_examples=95000000, total_duration=29431.5, train/loss=0.124526, validation/loss=0.12454, validation/num_examples=83274637
I0613 19:39:15.328237 140611110343872 spec.py:333] Evaluating on the training split.
I0613 19:39:37.084744 140611110343872 spec.py:346] Evaluating on the validation split.
I0613 19:40:21.031352 140611110343872 spec.py:363] Evaluating on the test split.
I0613 19:45:13.373733 140611110343872 submission_runner.py:516] Time since start: 30146.23s, 	Step: 4196, 	{'train/loss': 0.12179825165596023, 'validation/loss': 0.12456643440453394, 'validation/num_examples': 83274637, 'test/loss': 0.12692264440789475, 'test/num_examples': 95000000, 'score': 10208.414831161499, 'total_duration': 30146.23344397545, 'accumulated_submission_time': 10208.414831161499, 'accumulated_eval_time': 19936.01918578148, 'accumulated_logging_time': 1.752157211303711}
I0613 19:45:13.414088 140430104479488 logging_writer.py:48] [4196] accumulated_eval_time=19936, accumulated_logging_time=1.75216, accumulated_submission_time=10208.4, global_step=4196, preemption_count=0, score=10208.4, test/loss=0.126923, test/num_examples=95000000, total_duration=30146.2, train/loss=0.121798, validation/loss=0.124566, validation/num_examples=83274637
I0613 19:51:10.630863 140611110343872 spec.py:333] Evaluating on the training split.
I0613 19:51:32.438767 140611110343872 spec.py:346] Evaluating on the validation split.
I0613 19:52:16.114612 140611110343872 spec.py:363] Evaluating on the test split.
I0613 19:57:03.739419 140611110343872 submission_runner.py:516] Time since start: 30856.60s, 	Step: 4328, 	{'train/loss': 0.12406554761922585, 'validation/loss': 0.12455660745161069, 'validation/num_examples': 83274637, 'test/loss': 0.12680419808799342, 'test/num_examples': 95000000, 'score': 10565.623086690903, 'total_duration': 30856.599201202393, 'accumulated_submission_time': 10565.623086690903, 'accumulated_eval_time': 20289.127634763718, 'accumulated_logging_time': 1.799694538116455}
I0613 19:57:03.780948 140430096086784 logging_writer.py:48] [4328] accumulated_eval_time=20289.1, accumulated_logging_time=1.79969, accumulated_submission_time=10565.6, global_step=4328, preemption_count=0, score=10565.6, test/loss=0.126804, test/num_examples=95000000, total_duration=30856.6, train/loss=0.124066, validation/loss=0.124557, validation/num_examples=83274637
I0613 20:03:03.102446 140611110343872 spec.py:333] Evaluating on the training split.
I0613 20:03:58.795691 140611110343872 spec.py:346] Evaluating on the validation split.
I0613 20:04:41.836666 140611110343872 spec.py:363] Evaluating on the test split.
I0613 20:09:29.295756 140611110343872 submission_runner.py:516] Time since start: 31602.16s, 	Step: 4482, 	{'train/loss': 0.12462843550404287, 'validation/loss': 0.12444456242655627, 'validation/num_examples': 83274637, 'test/loss': 0.1267324428042763, 'test/num_examples': 95000000, 'score': 10924.935689210892, 'total_duration': 31602.155527591705, 'accumulated_submission_time': 10924.935689210892, 'accumulated_eval_time': 20675.320834875107, 'accumulated_logging_time': 1.8485116958618164}
I0613 20:09:29.336826 140430104479488 logging_writer.py:48] [4482] accumulated_eval_time=20675.3, accumulated_logging_time=1.84851, accumulated_submission_time=10924.9, global_step=4482, preemption_count=0, score=10924.9, test/loss=0.126732, test/num_examples=95000000, total_duration=31602.2, train/loss=0.124628, validation/loss=0.124445, validation/num_examples=83274637
I0613 20:15:58.590635 140611110343872 spec.py:333] Evaluating on the training split.
I0613 20:16:20.733759 140611110343872 spec.py:346] Evaluating on the validation split.
I0613 20:17:03.351016 140611110343872 spec.py:363] Evaluating on the test split.
I0613 20:21:49.778626 140611110343872 submission_runner.py:516] Time since start: 32342.64s, 	Step: 4600, 	{'train/loss': 0.12304528639798269, 'validation/loss': 0.12442553158847754, 'validation/num_examples': 83274637, 'test/loss': 0.12672687345805922, 'test/num_examples': 95000000, 'score': 11314.180876493454, 'total_duration': 32342.63840508461, 'accumulated_submission_time': 11314.180876493454, 'accumulated_eval_time': 21026.508722782135, 'accumulated_logging_time': 1.8968534469604492}
I0613 20:21:49.819099 140430096086784 logging_writer.py:48] [4600] accumulated_eval_time=21026.5, accumulated_logging_time=1.89685, accumulated_submission_time=11314.2, global_step=4600, preemption_count=0, score=11314.2, test/loss=0.126727, test/num_examples=95000000, total_duration=32342.6, train/loss=0.123045, validation/loss=0.124426, validation/num_examples=83274637
I0613 20:27:46.483543 140611110343872 spec.py:333] Evaluating on the training split.
I0613 20:28:08.260723 140611110343872 spec.py:346] Evaluating on the validation split.
I0613 20:28:51.605989 140611110343872 spec.py:363] Evaluating on the test split.
I0613 20:33:39.833619 140611110343872 submission_runner.py:516] Time since start: 33052.69s, 	Step: 4765, 	{'train/loss': 0.12219650126150194, 'validation/loss': 0.12436967014643253, 'validation/num_examples': 83274637, 'test/loss': 0.12663944440789474, 'test/num_examples': 95000000, 'score': 11670.836370706558, 'total_duration': 33052.69339585304, 'accumulated_submission_time': 11670.836370706558, 'accumulated_eval_time': 21379.858695745468, 'accumulated_logging_time': 1.9446310997009277}
I0613 20:33:39.881025 140430104479488 logging_writer.py:48] [4765] accumulated_eval_time=21379.9, accumulated_logging_time=1.94463, accumulated_submission_time=11670.8, global_step=4765, preemption_count=0, score=11670.8, test/loss=0.126639, test/num_examples=95000000, total_duration=33052.7, train/loss=0.122197, validation/loss=0.12437, validation/num_examples=83274637
I0613 20:39:42.443214 140611110343872 spec.py:333] Evaluating on the training split.
I0613 20:40:57.359668 140611110343872 spec.py:346] Evaluating on the validation split.
I0613 20:41:40.428958 140611110343872 spec.py:363] Evaluating on the test split.
I0613 20:46:24.997817 140611110343872 submission_runner.py:516] Time since start: 33817.86s, 	Step: 4900, 	{'train/loss': 0.12308029912459026, 'validation/loss': 0.1244209021812424, 'validation/num_examples': 83274637, 'test/loss': 0.12672283855879934, 'test/num_examples': 95000000, 'score': 12033.389926433563, 'total_duration': 33817.85759973526, 'accumulated_submission_time': 12033.389926433563, 'accumulated_eval_time': 21782.413194656372, 'accumulated_logging_time': 1.999155044555664}
I0613 20:46:25.038083 140430096086784 logging_writer.py:48] [4900] accumulated_eval_time=21782.4, accumulated_logging_time=1.99916, accumulated_submission_time=12033.4, global_step=4900, preemption_count=0, score=12033.4, test/loss=0.126723, test/num_examples=95000000, total_duration=33817.9, train/loss=0.12308, validation/loss=0.124421, validation/num_examples=83274637
I0613 20:53:49.600845 140611110343872 spec.py:333] Evaluating on the training split.
I0613 20:54:11.346162 140611110343872 spec.py:346] Evaluating on the validation split.
I0613 20:54:54.656074 140611110343872 spec.py:363] Evaluating on the test split.
I0613 20:59:39.383497 140611110343872 submission_runner.py:516] Time since start: 34612.24s, 	Step: 5050, 	{'train/loss': 0.12295727915593288, 'validation/loss': 0.12441435590040834, 'validation/num_examples': 83274637, 'test/loss': 0.1268221263877467, 'test/num_examples': 95000000, 'score': 12477.9438226223, 'total_duration': 34612.24327492714, 'accumulated_submission_time': 12477.9438226223, 'accumulated_eval_time': 22132.195725679398, 'accumulated_logging_time': 2.0466768741607666}
I0613 20:59:39.422625 140430104479488 logging_writer.py:48] [5050] accumulated_eval_time=22132.2, accumulated_logging_time=2.04668, accumulated_submission_time=12477.9, global_step=5050, preemption_count=0, score=12477.9, test/loss=0.126822, test/num_examples=95000000, total_duration=34612.2, train/loss=0.122957, validation/loss=0.124414, validation/num_examples=83274637
I0613 21:05:36.937308 140611110343872 spec.py:333] Evaluating on the training split.
I0613 21:05:58.817996 140611110343872 spec.py:346] Evaluating on the validation split.
I0613 21:06:41.973119 140611110343872 spec.py:363] Evaluating on the test split.
I0613 21:11:27.429859 140611110343872 submission_runner.py:516] Time since start: 35320.29s, 	Step: 5227, 	{'train/loss': 0.12350497814188213, 'validation/loss': 0.12463483223720777, 'validation/num_examples': 83274637, 'test/loss': 0.12704606895559212, 'test/num_examples': 95000000, 'score': 12835.449552059174, 'total_duration': 35320.28964185715, 'accumulated_submission_time': 12835.449552059174, 'accumulated_eval_time': 22482.68817591667, 'accumulated_logging_time': 2.0930163860321045}
I0613 21:11:27.470512 140430096086784 logging_writer.py:48] [5227] accumulated_eval_time=22482.7, accumulated_logging_time=2.09302, accumulated_submission_time=12835.4, global_step=5227, preemption_count=0, score=12835.4, test/loss=0.127046, test/num_examples=95000000, total_duration=35320.3, train/loss=0.123505, validation/loss=0.124635, validation/num_examples=83274637
I0613 21:18:10.636947 140611110343872 spec.py:333] Evaluating on the training split.
I0613 21:18:32.551473 140611110343872 spec.py:346] Evaluating on the validation split.
I0613 21:19:15.806542 140611110343872 spec.py:363] Evaluating on the test split.
I0613 21:24:00.870030 140611110343872 submission_runner.py:516] Time since start: 36073.73s, 	Step: 5400, 	{'train/loss': 0.11868247952101366, 'validation/loss': 0.12417705804730422, 'validation/num_examples': 83274637, 'test/loss': 0.1265137058696546, 'test/num_examples': 95000000, 'score': 13238.60691356659, 'total_duration': 36073.729811668396, 'accumulated_submission_time': 13238.60691356659, 'accumulated_eval_time': 22832.921156406403, 'accumulated_logging_time': 2.1409831047058105}
I0613 21:24:00.909677 140430104479488 logging_writer.py:48] [5400] accumulated_eval_time=22832.9, accumulated_logging_time=2.14098, accumulated_submission_time=13238.6, global_step=5400, preemption_count=0, score=13238.6, test/loss=0.126514, test/num_examples=95000000, total_duration=36073.7, train/loss=0.118682, validation/loss=0.124177, validation/num_examples=83274637
I0613 21:29:59.994045 140430096086784 logging_writer.py:48] [5546] global_step=5546, preemption_count=0, score=13597.6
I0613 21:30:12.762861 140611110343872 submission_runner.py:857] Final criteo1tb score: 13597.644316196442
