python submission_runner.py --framework=jax --workload=wmt --submission_path=submissions_algorithms/submissions/self_tuning/nadamw_baselinev05/submission.py --data_dir=/data/wmt --experiment_dir=/experiment_runs --experiment_name=submissions_a100/nadamw_baselinev05/study_1 --overwrite=True --save_checkpoints=False --rng_seed=-881192203 --tuning_ruleset=self 2>&1 | tee -a /logs/wmt_jax_04-10-2026-19-19-45.log
2026-04-10 19:19:57.114132: E external/local_xla/xla/stream_executor/cuda/cuda_fft.cc:467] Unable to register cuFFT factory: Attempting to register factory for plugin cuFFT when one has already been registered
WARNING: All log messages before absl::InitializeLog() is called are written to STDERR
E0000 00:00:1775848797.605120       9 cuda_dnn.cc:8579] Unable to register cuDNN factory: Attempting to register factory for plugin cuDNN when one has already been registered
E0000 00:00:1775848797.732000       9 cuda_blas.cc:1407] Unable to register cuBLAS factory: Attempting to register factory for plugin cuBLAS when one has already been registered
W0000 00:00:1775848798.938050       9 computation_placer.cc:177] computation placer already registered. Please check linkage and avoid linking the same target more than once.
W0000 00:00:1775848798.938112       9 computation_placer.cc:177] computation placer already registered. Please check linkage and avoid linking the same target more than once.
W0000 00:00:1775848798.938115       9 computation_placer.cc:177] computation placer already registered. Please check linkage and avoid linking the same target more than once.
W0000 00:00:1775848798.938117       9 computation_placer.cc:177] computation placer already registered. Please check linkage and avoid linking the same target more than once.
/usr/local/lib/python3.11/site-packages/torch/__init__.py:1617: UserWarning: Please use the new API settings to control TF32 behavior, such as torch.backends.cudnn.conv.fp32_precision = 'tf32' or torch.backends.cuda.matmul.fp32_precision = 'ieee'. Old settings, e.g, torch.backends.cuda.matmul.allow_tf32 = True, torch.backends.cudnn.allow_tf32 = True, allowTF32CuDNN() and allowTF32CuBLAS() will be deprecated after Pytorch 2.9. Please see https://pytorch.org/docs/main/notes/cuda.html#tensorfloat-32-tf32-on-ampere-and-later-devices (Triggered internally at /pytorch/aten/src/ATen/Context.cpp:80.)
  _C._set_float32_matmul_precision(precision)
/usr/local/lib/python3.11/site-packages/pydantic/_internal/_generate_schema.py:2249: UnsupportedFieldAttributeWarning: The 'repr' attribute with value False was provided to the `Field()` function, which has no effect in the context it was used. 'repr' is field-specific metadata, and can only be attached to a model field using `Annotated` metadata or by assignment. This may have happened because an `Annotated` type alias using the `type` statement was used, or if the `Field()` function was attached to a single member of a union type.
  warnings.warn(
/usr/local/lib/python3.11/site-packages/pydantic/_internal/_generate_schema.py:2249: UnsupportedFieldAttributeWarning: The 'frozen' attribute with value True was provided to the `Field()` function, which has no effect in the context it was used. 'frozen' is field-specific metadata, and can only be attached to a model field using `Annotated` metadata or by assignment. This may have happened because an `Annotated` type alias using the `type` statement was used, or if the `Field()` function was attached to a single member of a union type.
  warnings.warn(
INFO:2026-04-10 19:20:47,429:jax._src.xla_bridge:830: Unable to initialize backend 'tpu': INTERNAL: Failed to open libtpu.so: libtpu.so: cannot open shared object file: No such file or directory
I0410 19:20:47.429210 139759857063104 xla_bridge.py:830] Unable to initialize backend 'tpu': INTERNAL: Failed to open libtpu.so: libtpu.so: cannot open shared object file: No such file or directory
I0410 19:20:48.299906 139759857063104 logger_utils.py:59] Removing existing experiment directory /experiment_runs/submissions_a100/nadamw_baselinev05/study_1/wmt_jax because --overwrite was set.
I0410 19:20:48.311039 139759857063104 logger_utils.py:84] Creating experiment directory at /experiment_runs/submissions_a100/nadamw_baselinev05/study_1/wmt_jax.
I0410 19:20:51.182568 139759857063104 submission_runner.py:741] Creating directory at /experiment_runs/submissions_a100/nadamw_baselinev05/study_1/wmt_jax/trial_1.
I0410 19:20:51.554436 139759857063104 submission_runner.py:242] Initializing dataset.
I0410 19:20:52.666124 139759857063104 dataset_info.py:707] Load dataset info from /data/wmt/wmt17_translate/de-en/1.0.0
I0410 19:20:52.722459 139759857063104 dataset_info.py:793] For 'wmt17_translate/de-en/1.0.0': fields info.[splits, supervised_keys] differ on disk and in the code. Keeping the one from code.
I0410 19:20:52.726101 139759857063104 reader.py:262] Creating a tf.data.Dataset reading 16 files located in folders: /data/wmt/wmt17_translate/de-en/1.0.0.
I0410 19:20:52.868577 139759857063104 logging_logger.py:49] Constructing tf.data.Dataset wmt17_translate for split train, from /data/wmt/wmt17_translate/de-en/1.0.0
I0410 19:20:55.021001 139759857063104 submission_runner.py:251] Initializing model.
I0410 19:21:40.995586 139759857063104 submission_runner.py:294] Initializing optimizer.
I0410 19:21:41.372405 139759857063104 submission_runner.py:299] Initializing metrics bundle.
I0410 19:21:41.372646 139759857063104 submission_runner.py:321] Initializing checkpoint and logger.
I0410 19:21:41.375718 139759857063104 checkpoints.py:1098] Found no checkpoint files in /experiment_runs/submissions_a100/nadamw_baselinev05/study_1/wmt_jax/trial_1 with prefix checkpoint_
I0410 19:21:41.375842 139759857063104 submission_runner.py:344] Saving meta data to /experiment_runs/submissions_a100/nadamw_baselinev05/study_1/wmt_jax/trial_1/meta_data_0.json.
I0410 19:21:41.376110 139759857063104 logger_utils.py:283] Unable to record workload.train_mean information. Continuing without it.
I0410 19:21:41.376176 139759857063104 logger_utils.py:283] Unable to record workload.train_stddev information. Continuing without it.
I0410 19:21:41.681600 139759857063104 submission_runner.py:348] Saving flags to /experiment_runs/submissions_a100/nadamw_baselinev05/study_1/wmt_jax/trial_1/flags_0.json.
I0410 19:21:41.693249 139759857063104 submission_runner.py:359] Starting training loop.
I0410 19:22:41.751638 139759857063104 spec.py:333] Evaluating on the training split.
I0410 19:22:41.756857 139759857063104 dataset_info.py:707] Load dataset info from /data/wmt/wmt17_translate/de-en/1.0.0
I0410 19:22:41.759109 139759857063104 dataset_info.py:793] For 'wmt17_translate/de-en/1.0.0': fields info.[splits, supervised_keys] differ on disk and in the code. Keeping the one from code.
I0410 19:22:41.760257 139759857063104 reader.py:262] Creating a tf.data.Dataset reading 16 files located in folders: /data/wmt/wmt17_translate/de-en/1.0.0.
I0410 19:22:41.797565 139759857063104 logging_logger.py:49] Constructing tf.data.Dataset wmt17_translate for split train, from /data/wmt/wmt17_translate/de-en/1.0.0
I0410 19:22:50.212470 139759857063104 workload.py:200] Translating evaluation dataset.
I0410 19:27:56.830513 139759857063104 spec.py:346] Evaluating on the validation split.
I0410 19:27:56.893007 139759857063104 dataset_info.py:707] Load dataset info from /data/wmt/wmt14_translate/de-en/1.0.0
I0410 19:27:56.907944 139759857063104 dataset_info.py:793] For 'wmt14_translate/de-en/1.0.0': fields info.[splits, supervised_keys] differ on disk and in the code. Keeping the one from code.
I0410 19:27:56.908771 139759857063104 reader.py:262] Creating a tf.data.Dataset reading 1 files located in folders: /data/wmt/wmt14_translate/de-en/1.0.0.
I0410 19:27:56.945071 139759857063104 logging_logger.py:49] Constructing tf.data.Dataset wmt14_translate for split validation, from /data/wmt/wmt14_translate/de-en/1.0.0
I0410 19:28:04.257792 139759857063104 workload.py:200] Translating evaluation dataset.
I0410 19:33:00.800778 139759857063104 spec.py:363] Evaluating on the test split.
I0410 19:33:00.803592 139759857063104 dataset_info.py:707] Load dataset info from /data/wmt/wmt14_translate/de-en/1.0.0
I0410 19:33:00.805824 139759857063104 dataset_info.py:793] For 'wmt14_translate/de-en/1.0.0': fields info.[splits, supervised_keys] differ on disk and in the code. Keeping the one from code.
I0410 19:33:00.806626 139759857063104 reader.py:262] Creating a tf.data.Dataset reading 1 files located in folders: /data/wmt/wmt14_translate/de-en/1.0.0.
I0410 19:33:00.841453 139759857063104 logging_logger.py:49] Constructing tf.data.Dataset wmt14_translate for split test, from /data/wmt/wmt14_translate/de-en/1.0.0
I0410 19:33:01.870285 139759857063104 workload.py:200] Translating evaluation dataset.
I0410 19:37:56.992842 139759857063104 submission_runner.py:516] Time since start: 975.30s, 	Step: 1, 	{'train/accuracy': 0.0006161570199765265, 'train/loss': 11.008485794067383, 'train/bleu': 0.0, 'validation/accuracy': 0.0004835649742744863, 'validation/loss': 11.016655921936035, 'validation/bleu': 0.0, 'validation/num_examples': 3000, 'test/accuracy': 0.0007088489946909249, 'test/loss': 11.007011413574219, 'test/bleu': 0.0, 'test/num_examples': 3003, 'score': 60.05821514129639, 'total_duration': 975.2994980812073, 'accumulated_submission_time': 60.05821514129639, 'accumulated_eval_time': 915.241138458252, 'accumulated_logging_time': 0}
I0410 19:37:57.210659 139595336697600 logging_writer.py:48] [1] accumulated_eval_time=915.241, accumulated_logging_time=0, accumulated_submission_time=60.0582, global_step=1, preemption_count=0, score=60.0582, test/accuracy=0.000708849, test/bleu=0, test/loss=11.007, test/num_examples=3003, total_duration=975.299, train/accuracy=0.000616157, train/bleu=0, train/loss=11.0085, validation/accuracy=0.000483565, validation/bleu=0, validation/loss=11.0167, validation/num_examples=3000
I0410 19:48:41.045737 139759857063104 spec.py:333] Evaluating on the training split.
I0410 19:48:42.305799 139759857063104 workload.py:200] Translating evaluation dataset.
I0410 19:52:57.422322 139759857063104 spec.py:346] Evaluating on the validation split.
I0410 19:52:58.351811 139759857063104 workload.py:200] Translating evaluation dataset.
I0410 19:55:54.850770 139759857063104 spec.py:363] Evaluating on the test split.
I0410 19:55:55.773394 139759857063104 workload.py:200] Translating evaluation dataset.
I0410 19:58:35.283844 139759857063104 submission_runner.py:516] Time since start: 2213.59s, 	Step: 4758, 	{'train/accuracy': 0.5799304842948914, 'train/loss': 2.2188830375671387, 'train/bleu': 27.219828886812795, 'validation/accuracy': 0.5933218598365784, 'validation/loss': 2.1058342456817627, 'validation/bleu': 23.654318094488968, 'validation/num_examples': 3000, 'test/accuracy': 0.5985823273658752, 'test/loss': 2.0787880420684814, 'test/bleu': 22.44741280034718, 'test/num_examples': 3003, 'score': 703.5853009223938, 'total_duration': 2213.590499162674, 'accumulated_submission_time': 703.5853009223938, 'accumulated_eval_time': 1509.479169845581, 'accumulated_logging_time': 0.47554755210876465}
I0410 19:58:35.311639 139595353483008 logging_writer.py:48] [4758] accumulated_eval_time=1509.48, accumulated_logging_time=0.475548, accumulated_submission_time=703.585, global_step=4758, preemption_count=0, score=703.585, test/accuracy=0.598582, test/bleu=22.4474, test/loss=2.07879, test/num_examples=3003, total_duration=2213.59, train/accuracy=0.57993, train/bleu=27.2198, train/loss=2.21888, validation/accuracy=0.593322, validation/bleu=23.6543, validation/loss=2.10583, validation/num_examples=3000
I0410 20:09:19.403937 139759857063104 spec.py:333] Evaluating on the training split.
I0410 20:09:20.663021 139759857063104 workload.py:200] Translating evaluation dataset.
I0410 20:12:18.391697 139759857063104 spec.py:346] Evaluating on the validation split.
I0410 20:12:19.326154 139759857063104 workload.py:200] Translating evaluation dataset.
I0410 20:15:07.467058 139759857063104 spec.py:363] Evaluating on the test split.
I0410 20:15:08.366385 139759857063104 workload.py:200] Translating evaluation dataset.
I0410 20:17:39.399157 139759857063104 submission_runner.py:516] Time since start: 3357.71s, 	Step: 9913, 	{'train/accuracy': 0.6194018125534058, 'train/loss': 1.9050023555755615, 'train/bleu': 30.03159251659001, 'validation/accuracy': 0.6348836421966553, 'validation/loss': 1.7757428884506226, 'validation/bleu': 26.536378549408496, 'validation/num_examples': 3000, 'test/accuracy': 0.6437162160873413, 'test/loss': 1.715719223022461, 'test/bleu': 25.481868178480834, 'test/num_examples': 3003, 'score': 1347.6121354103088, 'total_duration': 3357.7058067321777, 'accumulated_submission_time': 1347.6121354103088, 'accumulated_eval_time': 2009.474309206009, 'accumulated_logging_time': 0.5128471851348877}
I0410 20:17:39.424597 139595345090304 logging_writer.py:48] [9913] accumulated_eval_time=2009.47, accumulated_logging_time=0.512847, accumulated_submission_time=1347.61, global_step=9913, preemption_count=0, score=1347.61, test/accuracy=0.643716, test/bleu=25.4819, test/loss=1.71572, test/num_examples=3003, total_duration=3357.71, train/accuracy=0.619402, train/bleu=30.0316, train/loss=1.905, validation/accuracy=0.634884, validation/bleu=26.5364, validation/loss=1.77574, validation/num_examples=3000
I0410 20:28:23.444380 139759857063104 spec.py:333] Evaluating on the training split.
I0410 20:28:24.699851 139759857063104 workload.py:200] Translating evaluation dataset.
I0410 20:32:10.938925 139759857063104 spec.py:346] Evaluating on the validation split.
I0410 20:32:11.861496 139759857063104 workload.py:200] Translating evaluation dataset.
I0410 20:35:29.479411 139759857063104 spec.py:363] Evaluating on the test split.
I0410 20:35:30.378793 139759857063104 workload.py:200] Translating evaluation dataset.
I0410 20:38:37.610824 139759857063104 submission_runner.py:516] Time since start: 4615.92s, 	Step: 15066, 	{'train/accuracy': 0.6314549446105957, 'train/loss': 1.7990463972091675, 'train/bleu': 30.879528744145905, 'validation/accuracy': 0.6473942995071411, 'validation/loss': 1.6756175756454468, 'validation/bleu': 26.82997088559094, 'validation/num_examples': 3000, 'test/accuracy': 0.6580559015274048, 'test/loss': 1.608899474143982, 'test/bleu': 26.6442584362994, 'test/num_examples': 3003, 'score': 1991.5667955875397, 'total_duration': 4615.917478084564, 'accumulated_submission_time': 1991.5667955875397, 'accumulated_eval_time': 2623.6406784057617, 'accumulated_logging_time': 0.5481307506561279}
I0410 20:38:37.641636 139595353483008 logging_writer.py:48] [15066] accumulated_eval_time=2623.64, accumulated_logging_time=0.548131, accumulated_submission_time=1991.57, global_step=15066, preemption_count=0, score=1991.57, test/accuracy=0.658056, test/bleu=26.6443, test/loss=1.6089, test/num_examples=3003, total_duration=4615.92, train/accuracy=0.631455, train/bleu=30.8795, train/loss=1.79905, validation/accuracy=0.647394, validation/bleu=26.83, validation/loss=1.67562, validation/num_examples=3000
I0410 20:49:21.643146 139759857063104 spec.py:333] Evaluating on the training split.
I0410 20:49:22.897457 139759857063104 workload.py:200] Translating evaluation dataset.
I0410 20:53:45.189221 139759857063104 spec.py:346] Evaluating on the validation split.
I0410 20:53:46.121266 139759857063104 workload.py:200] Translating evaluation dataset.
I0410 20:57:55.514400 139759857063104 spec.py:363] Evaluating on the test split.
I0410 20:57:56.413048 139759857063104 workload.py:200] Translating evaluation dataset.
I0410 21:01:23.087892 139759857063104 submission_runner.py:516] Time since start: 5981.39s, 	Step: 20222, 	{'train/accuracy': 0.6373159885406494, 'train/loss': 1.735874891281128, 'train/bleu': 30.9648434132798, 'validation/accuracy': 0.6556273102760315, 'validation/loss': 1.6257599592208862, 'validation/bleu': 28.0195772064163, 'validation/num_examples': 3000, 'test/accuracy': 0.663598895072937, 'test/loss': 1.55707585811615, 'test/bleu': 27.20619889587672, 'test/num_examples': 3003, 'score': 2635.5035140514374, 'total_duration': 5981.39453792572, 'accumulated_submission_time': 2635.5035140514374, 'accumulated_eval_time': 3345.0853402614594, 'accumulated_logging_time': 0.5887386798858643}
I0410 21:01:23.116259 139595336697600 logging_writer.py:48] [20222] accumulated_eval_time=3345.09, accumulated_logging_time=0.588739, accumulated_submission_time=2635.5, global_step=20222, preemption_count=0, score=2635.5, test/accuracy=0.663599, test/bleu=27.2062, test/loss=1.55708, test/num_examples=3003, total_duration=5981.39, train/accuracy=0.637316, train/bleu=30.9648, train/loss=1.73587, validation/accuracy=0.655627, validation/bleu=28.0196, validation/loss=1.62576, validation/num_examples=3000
I0410 21:12:07.090285 139759857063104 spec.py:333] Evaluating on the training split.
I0410 21:12:08.345758 139759857063104 workload.py:200] Translating evaluation dataset.
I0410 21:16:03.645093 139759857063104 spec.py:346] Evaluating on the validation split.
I0410 21:16:04.577028 139759857063104 workload.py:200] Translating evaluation dataset.
I0410 21:18:57.940056 139759857063104 spec.py:363] Evaluating on the test split.
I0410 21:18:58.862536 139759857063104 workload.py:200] Translating evaluation dataset.
I0410 21:21:40.982461 139759857063104 submission_runner.py:516] Time since start: 7199.29s, 	Step: 25376, 	{'train/accuracy': 0.6583379507064819, 'train/loss': 1.5901074409484863, 'train/bleu': 32.179710619952566, 'validation/accuracy': 0.6575739979743958, 'validation/loss': 1.6031224727630615, 'validation/bleu': 27.923378801345567, 'validation/num_examples': 3000, 'test/accuracy': 0.6691883206367493, 'test/loss': 1.5287328958511353, 'test/bleu': 27.412899030836495, 'test/num_examples': 3003, 'score': 3279.4126374721527, 'total_duration': 7199.28910112381, 'accumulated_submission_time': 3279.4126374721527, 'accumulated_eval_time': 3918.9774293899536, 'accumulated_logging_time': 0.6268343925476074}
I0410 21:21:41.011959 139595336697600 logging_writer.py:48] [25376] accumulated_eval_time=3918.98, accumulated_logging_time=0.626834, accumulated_submission_time=3279.41, global_step=25376, preemption_count=0, score=3279.41, test/accuracy=0.669188, test/bleu=27.4129, test/loss=1.52873, test/num_examples=3003, total_duration=7199.29, train/accuracy=0.658338, train/bleu=32.1797, train/loss=1.59011, validation/accuracy=0.657574, validation/bleu=27.9234, validation/loss=1.60312, validation/num_examples=3000
I0410 21:32:25.064132 139759857063104 spec.py:333] Evaluating on the training split.
I0410 21:32:26.323566 139759857063104 workload.py:200] Translating evaluation dataset.
I0410 21:36:22.522107 139759857063104 spec.py:346] Evaluating on the validation split.
I0410 21:36:23.452679 139759857063104 workload.py:200] Translating evaluation dataset.
I0410 21:39:20.399376 139759857063104 spec.py:363] Evaluating on the test split.
I0410 21:39:21.297311 139759857063104 workload.py:200] Translating evaluation dataset.
I0410 21:42:11.340378 139759857063104 submission_runner.py:516] Time since start: 8429.65s, 	Step: 30531, 	{'train/accuracy': 0.6427237391471863, 'train/loss': 1.7150676250457764, 'train/bleu': 31.297649321561426, 'validation/accuracy': 0.6620252728462219, 'validation/loss': 1.5747241973876953, 'validation/bleu': 28.370738480509505, 'validation/num_examples': 3000, 'test/accuracy': 0.674254834651947, 'test/loss': 1.4993976354599, 'test/bleu': 27.740951072716758, 'test/num_examples': 3003, 'score': 3923.3995735645294, 'total_duration': 8429.647000551224, 'accumulated_submission_time': 3923.3995735645294, 'accumulated_eval_time': 4505.253581047058, 'accumulated_logging_time': 0.6659047603607178}
I0410 21:42:11.371263 139594254513920 logging_writer.py:48] [30531] accumulated_eval_time=4505.25, accumulated_logging_time=0.665905, accumulated_submission_time=3923.4, global_step=30531, preemption_count=0, score=3923.4, test/accuracy=0.674255, test/bleu=27.741, test/loss=1.4994, test/num_examples=3003, total_duration=8429.65, train/accuracy=0.642724, train/bleu=31.2976, train/loss=1.71507, validation/accuracy=0.662025, validation/bleu=28.3707, validation/loss=1.57472, validation/num_examples=3000
I0410 21:52:55.455398 139759857063104 spec.py:333] Evaluating on the training split.
I0410 21:52:56.710815 139759857063104 workload.py:200] Translating evaluation dataset.
I0410 21:57:16.399580 139759857063104 spec.py:346] Evaluating on the validation split.
I0410 21:57:17.330552 139759857063104 workload.py:200] Translating evaluation dataset.
I0410 22:00:09.689264 139759857063104 spec.py:363] Evaluating on the test split.
I0410 22:00:10.588187 139759857063104 workload.py:200] Translating evaluation dataset.
I0410 22:02:47.927209 139759857063104 submission_runner.py:516] Time since start: 9666.23s, 	Step: 35686, 	{'train/accuracy': 0.6447193622589111, 'train/loss': 1.697052001953125, 'train/bleu': 31.53624408606155, 'validation/accuracy': 0.6648150682449341, 'validation/loss': 1.55424165725708, 'validation/bleu': 28.5827759727626, 'validation/num_examples': 3000, 'test/accuracy': 0.676416277885437, 'test/loss': 1.4757040739059448, 'test/bleu': 27.836025010753012, 'test/num_examples': 3003, 'score': 4567.41791677475, 'total_duration': 9666.233788251877, 'accumulated_submission_time': 4567.41791677475, 'accumulated_eval_time': 5097.72523856163, 'accumulated_logging_time': 0.7066826820373535}
I0410 22:02:47.957617 139595370268416 logging_writer.py:48] [35686] accumulated_eval_time=5097.73, accumulated_logging_time=0.706683, accumulated_submission_time=4567.42, global_step=35686, preemption_count=0, score=4567.42, test/accuracy=0.676416, test/bleu=27.836, test/loss=1.4757, test/num_examples=3003, total_duration=9666.23, train/accuracy=0.644719, train/bleu=31.5362, train/loss=1.69705, validation/accuracy=0.664815, validation/bleu=28.5828, validation/loss=1.55424, validation/num_examples=3000
I0410 22:13:32.027544 139759857063104 spec.py:333] Evaluating on the training split.
I0410 22:13:33.289118 139759857063104 workload.py:200] Translating evaluation dataset.
I0410 22:17:36.876974 139759857063104 spec.py:346] Evaluating on the validation split.
I0410 22:17:37.806983 139759857063104 workload.py:200] Translating evaluation dataset.
I0410 22:21:04.286727 139759857063104 spec.py:363] Evaluating on the test split.
I0410 22:21:05.184947 139759857063104 workload.py:200] Translating evaluation dataset.
I0410 22:24:21.491670 139759857063104 submission_runner.py:516] Time since start: 10959.80s, 	Step: 40839, 	{'train/accuracy': 0.6514684557914734, 'train/loss': 1.6567058563232422, 'train/bleu': 32.05254405701718, 'validation/accuracy': 0.6672452688217163, 'validation/loss': 1.5378804206848145, 'validation/bleu': 28.766130407791128, 'validation/num_examples': 3000, 'test/accuracy': 0.6788914203643799, 'test/loss': 1.4554418325424194, 'test/bleu': 28.43916968834391, 'test/num_examples': 3003, 'score': 5211.422335386276, 'total_duration': 10959.798307418823, 'accumulated_submission_time': 5211.422335386276, 'accumulated_eval_time': 5747.189288139343, 'accumulated_logging_time': 0.7469573020935059}
I0410 22:24:21.518918 139595336697600 logging_writer.py:48] [40839] accumulated_eval_time=5747.19, accumulated_logging_time=0.746957, accumulated_submission_time=5211.42, global_step=40839, preemption_count=0, score=5211.42, test/accuracy=0.678891, test/bleu=28.4392, test/loss=1.45544, test/num_examples=3003, total_duration=10959.8, train/accuracy=0.651468, train/bleu=32.0525, train/loss=1.65671, validation/accuracy=0.667245, validation/bleu=28.7661, validation/loss=1.53788, validation/num_examples=3000
I0410 22:35:05.499562 139759857063104 spec.py:333] Evaluating on the training split.
I0410 22:35:06.762868 139759857063104 workload.py:200] Translating evaluation dataset.
I0410 22:39:43.137173 139759857063104 spec.py:346] Evaluating on the validation split.
I0410 22:39:44.060421 139759857063104 workload.py:200] Translating evaluation dataset.
I0410 22:43:00.055938 139759857063104 spec.py:363] Evaluating on the test split.
I0410 22:43:00.953581 139759857063104 workload.py:200] Translating evaluation dataset.
I0410 22:46:11.935732 139759857063104 submission_runner.py:516] Time since start: 12270.24s, 	Step: 45995, 	{'train/accuracy': 0.6546744704246521, 'train/loss': 1.6304070949554443, 'train/bleu': 32.039724445566364, 'validation/accuracy': 0.6705186367034912, 'validation/loss': 1.515591025352478, 'validation/bleu': 29.020623547231992, 'validation/num_examples': 3000, 'test/accuracy': 0.6831328868865967, 'test/loss': 1.4326564073562622, 'test/bleu': 28.769633082062384, 'test/num_examples': 3003, 'score': 5855.33780670166, 'total_duration': 12270.242381811142, 'accumulated_submission_time': 5855.33780670166, 'accumulated_eval_time': 6413.625376224518, 'accumulated_logging_time': 0.7837677001953125}
I0410 22:46:11.967921 139595378661120 logging_writer.py:48] [45995] accumulated_eval_time=6413.63, accumulated_logging_time=0.783768, accumulated_submission_time=5855.34, global_step=45995, preemption_count=0, score=5855.34, test/accuracy=0.683133, test/bleu=28.7696, test/loss=1.43266, test/num_examples=3003, total_duration=12270.2, train/accuracy=0.654674, train/bleu=32.0397, train/loss=1.63041, validation/accuracy=0.670519, validation/bleu=29.0206, validation/loss=1.51559, validation/num_examples=3000
I0410 22:56:55.992988 139759857063104 spec.py:333] Evaluating on the training split.
I0410 22:56:57.250491 139759857063104 workload.py:200] Translating evaluation dataset.
I0410 23:00:48.371882 139759857063104 spec.py:346] Evaluating on the validation split.
I0410 23:00:49.304482 139759857063104 workload.py:200] Translating evaluation dataset.
I0410 23:03:31.862366 139759857063104 spec.py:363] Evaluating on the test split.
I0410 23:03:32.759491 139759857063104 workload.py:200] Translating evaluation dataset.
I0410 23:06:15.710495 139759857063104 submission_runner.py:516] Time since start: 13474.02s, 	Step: 51148, 	{'train/accuracy': 0.6640520095825195, 'train/loss': 1.5508077144622803, 'train/bleu': 32.47389548080204, 'validation/accuracy': 0.6728000640869141, 'validation/loss': 1.5046002864837646, 'validation/bleu': 29.024264186614303, 'validation/num_examples': 3000, 'test/accuracy': 0.6836093068122864, 'test/loss': 1.4300087690353394, 'test/bleu': 28.754650007918446, 'test/num_examples': 3003, 'score': 6499.296671867371, 'total_duration': 13474.017133951187, 'accumulated_submission_time': 6499.296671867371, 'accumulated_eval_time': 6973.3427991867065, 'accumulated_logging_time': 0.8255162239074707}
I0410 23:06:15.740262 139595336697600 logging_writer.py:48] [51148] accumulated_eval_time=6973.34, accumulated_logging_time=0.825516, accumulated_submission_time=6499.3, global_step=51148, preemption_count=0, score=6499.3, test/accuracy=0.683609, test/bleu=28.7547, test/loss=1.43001, test/num_examples=3003, total_duration=13474, train/accuracy=0.664052, train/bleu=32.4739, train/loss=1.55081, validation/accuracy=0.6728, validation/bleu=29.0243, validation/loss=1.5046, validation/num_examples=3000
I0410 23:16:59.762694 139759857063104 spec.py:333] Evaluating on the training split.
I0410 23:17:01.019003 139759857063104 workload.py:200] Translating evaluation dataset.
I0410 23:20:37.067861 139759857063104 spec.py:346] Evaluating on the validation split.
I0410 23:20:37.998086 139759857063104 workload.py:200] Translating evaluation dataset.
I0410 23:23:32.890665 139759857063104 spec.py:363] Evaluating on the test split.
I0410 23:23:33.788350 139759857063104 workload.py:200] Translating evaluation dataset.
I0410 23:26:21.413369 139759857063104 submission_runner.py:516] Time since start: 14679.72s, 	Step: 56303, 	{'train/accuracy': 0.6977459788322449, 'train/loss': 1.3767839670181274, 'train/bleu': 35.69129854365752, 'validation/accuracy': 0.6746103763580322, 'validation/loss': 1.4912950992584229, 'validation/bleu': 29.124501633103012, 'validation/num_examples': 3000, 'test/accuracy': 0.6878275871276855, 'test/loss': 1.399875521659851, 'test/bleu': 28.83882698816819, 'test/num_examples': 3003, 'score': 7143.253793001175, 'total_duration': 14679.719992399216, 'accumulated_submission_time': 7143.253793001175, 'accumulated_eval_time': 7534.993366956711, 'accumulated_logging_time': 0.8649673461914062}
I0410 23:26:21.440827 139595336697600 logging_writer.py:48] [56303] accumulated_eval_time=7534.99, accumulated_logging_time=0.864967, accumulated_submission_time=7143.25, global_step=56303, preemption_count=0, score=7143.25, test/accuracy=0.687828, test/bleu=28.8388, test/loss=1.39988, test/num_examples=3003, total_duration=14679.7, train/accuracy=0.697746, train/bleu=35.6913, train/loss=1.37678, validation/accuracy=0.67461, validation/bleu=29.1245, validation/loss=1.4913, validation/num_examples=3000
I0410 23:37:05.526359 139759857063104 spec.py:333] Evaluating on the training split.
I0410 23:37:06.787514 139759857063104 workload.py:200] Translating evaluation dataset.
I0410 23:41:08.615921 139759857063104 spec.py:346] Evaluating on the validation split.
I0410 23:41:09.545849 139759857063104 workload.py:200] Translating evaluation dataset.
I0410 23:44:04.956098 139759857063104 spec.py:363] Evaluating on the test split.
I0410 23:44:05.852651 139759857063104 workload.py:200] Translating evaluation dataset.
I0410 23:46:46.315037 139759857063104 submission_runner.py:516] Time since start: 15904.62s, 	Step: 61459, 	{'train/accuracy': 0.6586036086082458, 'train/loss': 1.5969617366790771, 'train/bleu': 32.45282963934169, 'validation/accuracy': 0.6759742498397827, 'validation/loss': 1.4740586280822754, 'validation/bleu': 29.206288272886415, 'validation/num_examples': 3000, 'test/accuracy': 0.6886875033378601, 'test/loss': 1.3908801078796387, 'test/bleu': 28.89945920963471, 'test/num_examples': 3003, 'score': 7787.280337810516, 'total_duration': 15904.621629476547, 'accumulated_submission_time': 7787.280337810516, 'accumulated_eval_time': 8115.781920671463, 'accumulated_logging_time': 0.9017603397369385}
I0410 23:46:46.343520 139595345090304 logging_writer.py:48] [61459] accumulated_eval_time=8115.78, accumulated_logging_time=0.90176, accumulated_submission_time=7787.28, global_step=61459, preemption_count=0, score=7787.28, test/accuracy=0.688688, test/bleu=28.8995, test/loss=1.39088, test/num_examples=3003, total_duration=15904.6, train/accuracy=0.658604, train/bleu=32.4528, train/loss=1.59696, validation/accuracy=0.675974, validation/bleu=29.2063, validation/loss=1.47406, validation/num_examples=3000
I0410 23:57:30.408967 139759857063104 spec.py:333] Evaluating on the training split.
I0410 23:57:31.664746 139759857063104 workload.py:200] Translating evaluation dataset.
I0411 00:01:39.371499 139759857063104 spec.py:346] Evaluating on the validation split.
I0411 00:01:40.301233 139759857063104 workload.py:200] Translating evaluation dataset.
I0411 00:04:36.111082 139759857063104 spec.py:363] Evaluating on the test split.
I0411 00:04:37.009153 139759857063104 workload.py:200] Translating evaluation dataset.
I0411 00:07:32.900428 139759857063104 submission_runner.py:516] Time since start: 17151.21s, 	Step: 66615, 	{'train/accuracy': 0.6691266298294067, 'train/loss': 1.5436491966247559, 'train/bleu': 33.07705896322634, 'validation/accuracy': 0.6797559857368469, 'validation/loss': 1.4592667818069458, 'validation/bleu': 29.63056783561026, 'validation/num_examples': 3000, 'test/accuracy': 0.6944047808647156, 'test/loss': 1.3667012453079224, 'test/bleu': 29.557217079317304, 'test/num_examples': 3003, 'score': 8431.286786317825, 'total_duration': 17151.207075595856, 'accumulated_submission_time': 8431.286786317825, 'accumulated_eval_time': 8718.273311853409, 'accumulated_logging_time': 0.9393229484558105}
I0411 00:07:32.928970 139595336697600 logging_writer.py:48] [66615] accumulated_eval_time=8718.27, accumulated_logging_time=0.939323, accumulated_submission_time=8431.29, global_step=66615, preemption_count=0, score=8431.29, test/accuracy=0.694405, test/bleu=29.5572, test/loss=1.3667, test/num_examples=3003, total_duration=17151.2, train/accuracy=0.669127, train/bleu=33.0771, train/loss=1.54365, validation/accuracy=0.679756, validation/bleu=29.6306, validation/loss=1.45927, validation/num_examples=3000
I0411 00:18:16.984395 139759857063104 spec.py:333] Evaluating on the training split.
I0411 00:18:18.239660 139759857063104 workload.py:200] Translating evaluation dataset.
I0411 00:22:38.431169 139759857063104 spec.py:346] Evaluating on the validation split.
I0411 00:22:39.360584 139759857063104 workload.py:200] Translating evaluation dataset.
I0411 00:25:36.527656 139759857063104 spec.py:363] Evaluating on the test split.
I0411 00:25:37.424690 139759857063104 workload.py:200] Translating evaluation dataset.
I0411 00:28:24.237553 139759857063104 submission_runner.py:516] Time since start: 18402.54s, 	Step: 71771, 	{'train/accuracy': 0.6716026067733765, 'train/loss': 1.5142723321914673, 'train/bleu': 33.318619222107486, 'validation/accuracy': 0.6812191009521484, 'validation/loss': 1.4402798414230347, 'validation/bleu': 29.893223238746216, 'validation/num_examples': 3000, 'test/accuracy': 0.6971588134765625, 'test/loss': 1.3477044105529785, 'test/bleu': 29.775545287008534, 'test/num_examples': 3003, 'score': 9075.282405138016, 'total_duration': 18402.544194221497, 'accumulated_submission_time': 9075.282405138016, 'accumulated_eval_time': 9325.526384353638, 'accumulated_logging_time': 0.9771325588226318}
I0411 00:28:24.266810 139595336697600 logging_writer.py:48] [71771] accumulated_eval_time=9325.53, accumulated_logging_time=0.977133, accumulated_submission_time=9075.28, global_step=71771, preemption_count=0, score=9075.28, test/accuracy=0.697159, test/bleu=29.7755, test/loss=1.3477, test/num_examples=3003, total_duration=18402.5, train/accuracy=0.671603, train/bleu=33.3186, train/loss=1.51427, validation/accuracy=0.681219, validation/bleu=29.8932, validation/loss=1.44028, validation/num_examples=3000
I0411 00:39:08.304396 139759857063104 spec.py:333] Evaluating on the training split.
I0411 00:39:09.558929 139759857063104 workload.py:200] Translating evaluation dataset.
I0411 00:43:25.494687 139759857063104 spec.py:346] Evaluating on the validation split.
I0411 00:43:26.424863 139759857063104 workload.py:200] Translating evaluation dataset.
I0411 00:47:19.185117 139759857063104 spec.py:363] Evaluating on the test split.
I0411 00:47:20.083255 139759857063104 workload.py:200] Translating evaluation dataset.
I0411 00:51:22.683625 139759857063104 submission_runner.py:516] Time since start: 19780.99s, 	Step: 76928, 	{'train/accuracy': 0.6754547953605652, 'train/loss': 1.4844272136688232, 'train/bleu': 34.02626452629299, 'validation/accuracy': 0.6839096546173096, 'validation/loss': 1.422585368156433, 'validation/bleu': 30.06042661139977, 'validation/num_examples': 3000, 'test/accuracy': 0.6992156505584717, 'test/loss': 1.334308385848999, 'test/bleu': 29.570530075655043, 'test/num_examples': 3003, 'score': 9719.260936498642, 'total_duration': 19780.990270853043, 'accumulated_submission_time': 9719.260936498642, 'accumulated_eval_time': 10059.90553689003, 'accumulated_logging_time': 1.015493392944336}
I0411 00:51:22.711414 139595370268416 logging_writer.py:48] [76928] accumulated_eval_time=10059.9, accumulated_logging_time=1.01549, accumulated_submission_time=9719.26, global_step=76928, preemption_count=0, score=9719.26, test/accuracy=0.699216, test/bleu=29.5705, test/loss=1.33431, test/num_examples=3003, total_duration=19781, train/accuracy=0.675455, train/bleu=34.0263, train/loss=1.48443, validation/accuracy=0.68391, validation/bleu=30.0604, validation/loss=1.42259, validation/num_examples=3000
I0411 01:02:06.694295 139759857063104 spec.py:333] Evaluating on the training split.
I0411 01:02:07.948383 139759857063104 workload.py:200] Translating evaluation dataset.
I0411 01:05:54.344341 139759857063104 spec.py:346] Evaluating on the validation split.
I0411 01:05:55.268437 139759857063104 workload.py:200] Translating evaluation dataset.
I0411 01:09:14.453425 139759857063104 spec.py:363] Evaluating on the test split.
I0411 01:09:15.351281 139759857063104 workload.py:200] Translating evaluation dataset.
I0411 01:12:26.259650 139759857063104 submission_runner.py:516] Time since start: 21044.57s, 	Step: 82082, 	{'train/accuracy': 0.6870304346084595, 'train/loss': 1.4146554470062256, 'train/bleu': 35.164782364370446, 'validation/accuracy': 0.6871086359024048, 'validation/loss': 1.4114733934402466, 'validation/bleu': 30.400829081685377, 'validation/num_examples': 3000, 'test/accuracy': 0.7011911273002625, 'test/loss': 1.3211843967437744, 'test/bleu': 30.09643044753859, 'test/num_examples': 3003, 'score': 10363.185010194778, 'total_duration': 21044.56622838974, 'accumulated_submission_time': 10363.185010194778, 'accumulated_eval_time': 10679.470745801926, 'accumulated_logging_time': 1.0525097846984863}
I0411 01:12:26.288555 139595345090304 logging_writer.py:48] [82082] accumulated_eval_time=10679.5, accumulated_logging_time=1.05251, accumulated_submission_time=10363.2, global_step=82082, preemption_count=0, score=10363.2, test/accuracy=0.701191, test/bleu=30.0964, test/loss=1.32118, test/num_examples=3003, total_duration=21044.6, train/accuracy=0.68703, train/bleu=35.1648, train/loss=1.41466, validation/accuracy=0.687109, validation/bleu=30.4008, validation/loss=1.41147, validation/num_examples=3000
I0411 01:23:10.346379 139759857063104 spec.py:333] Evaluating on the training split.
I0411 01:23:11.601885 139759857063104 workload.py:200] Translating evaluation dataset.
I0411 01:27:00.074829 139759857063104 spec.py:346] Evaluating on the validation split.
I0411 01:27:01.001919 139759857063104 workload.py:200] Translating evaluation dataset.
I0411 01:29:41.116216 139759857063104 spec.py:363] Evaluating on the test split.
I0411 01:29:42.013570 139759857063104 workload.py:200] Translating evaluation dataset.
I0411 01:32:14.270601 139759857063104 submission_runner.py:516] Time since start: 22232.58s, 	Step: 87236, 	{'train/accuracy': 0.6814525127410889, 'train/loss': 1.4594091176986694, 'train/bleu': 34.337919879035454, 'validation/accuracy': 0.6883113384246826, 'validation/loss': 1.3982658386230469, 'validation/bleu': 30.60543743571462, 'validation/num_examples': 3000, 'test/accuracy': 0.7053861021995544, 'test/loss': 1.3018373250961304, 'test/bleu': 30.330589596298577, 'test/num_examples': 3003, 'score': 11007.183843374252, 'total_duration': 22232.57725095749, 'accumulated_submission_time': 11007.183843374252, 'accumulated_eval_time': 11223.3948969841, 'accumulated_logging_time': 1.090505599975586}
I0411 01:32:14.299543 139594254513920 logging_writer.py:48] [87236] accumulated_eval_time=11223.4, accumulated_logging_time=1.09051, accumulated_submission_time=11007.2, global_step=87236, preemption_count=0, score=11007.2, test/accuracy=0.705386, test/bleu=30.3306, test/loss=1.30184, test/num_examples=3003, total_duration=22232.6, train/accuracy=0.681453, train/bleu=34.3379, train/loss=1.45941, validation/accuracy=0.688311, validation/bleu=30.6054, validation/loss=1.39827, validation/num_examples=3000
I0411 01:42:58.337629 139759857063104 spec.py:333] Evaluating on the training split.
I0411 01:42:59.593248 139759857063104 workload.py:200] Translating evaluation dataset.
I0411 01:47:04.951005 139759857063104 spec.py:346] Evaluating on the validation split.
I0411 01:47:05.883680 139759857063104 workload.py:200] Translating evaluation dataset.
I0411 01:49:57.796967 139759857063104 spec.py:363] Evaluating on the test split.
I0411 01:49:58.694238 139759857063104 workload.py:200] Translating evaluation dataset.
I0411 01:52:48.563678 139759857063104 submission_runner.py:516] Time since start: 23466.87s, 	Step: 92392, 	{'train/accuracy': 0.6835985779762268, 'train/loss': 1.4364967346191406, 'train/bleu': 34.650146352566495, 'validation/accuracy': 0.6903448104858398, 'validation/loss': 1.3867169618606567, 'validation/bleu': 30.525301634834538, 'validation/num_examples': 3000, 'test/accuracy': 0.7070245742797852, 'test/loss': 1.2909349203109741, 'test/bleu': 30.477191038485998, 'test/num_examples': 3003, 'score': 11651.162232160568, 'total_duration': 23466.87032365799, 'accumulated_submission_time': 11651.162232160568, 'accumulated_eval_time': 11813.620869636536, 'accumulated_logging_time': 1.1287403106689453}
I0411 01:52:48.591331 139595378661120 logging_writer.py:48] [92392] accumulated_eval_time=11813.6, accumulated_logging_time=1.12874, accumulated_submission_time=11651.2, global_step=92392, preemption_count=0, score=11651.2, test/accuracy=0.707025, test/bleu=30.4772, test/loss=1.29093, test/num_examples=3003, total_duration=23466.9, train/accuracy=0.683599, train/bleu=34.6501, train/loss=1.4365, validation/accuracy=0.690345, validation/bleu=30.5253, validation/loss=1.38672, validation/num_examples=3000
I0411 02:03:32.672122 139759857063104 spec.py:333] Evaluating on the training split.
I0411 02:03:33.928131 139759857063104 workload.py:200] Translating evaluation dataset.
I0411 02:07:54.387918 139759857063104 spec.py:346] Evaluating on the validation split.
I0411 02:07:55.321328 139759857063104 workload.py:200] Translating evaluation dataset.
I0411 02:11:25.609841 139759857063104 spec.py:363] Evaluating on the test split.
I0411 02:11:26.506856 139759857063104 workload.py:200] Translating evaluation dataset.
I0411 02:14:57.286540 139759857063104 submission_runner.py:516] Time since start: 24795.59s, 	Step: 97547, 	{'train/accuracy': 0.6914072632789612, 'train/loss': 1.3933380842208862, 'train/bleu': 35.34834386466276, 'validation/accuracy': 0.692725419998169, 'validation/loss': 1.3765329122543335, 'validation/bleu': 30.684895861416333, 'validation/num_examples': 3000, 'test/accuracy': 0.7094184160232544, 'test/loss': 1.279040813446045, 'test/bleu': 30.78822729765224, 'test/num_examples': 3003, 'score': 12295.183186769485, 'total_duration': 24795.593191862106, 'accumulated_submission_time': 12295.183186769485, 'accumulated_eval_time': 12498.235224962234, 'accumulated_logging_time': 1.1659226417541504}
I0411 02:14:57.315087 139595336697600 logging_writer.py:48] [97547] accumulated_eval_time=12498.2, accumulated_logging_time=1.16592, accumulated_submission_time=12295.2, global_step=97547, preemption_count=0, score=12295.2, test/accuracy=0.709418, test/bleu=30.7882, test/loss=1.27904, test/num_examples=3003, total_duration=24795.6, train/accuracy=0.691407, train/bleu=35.3483, train/loss=1.39334, validation/accuracy=0.692725, validation/bleu=30.6849, validation/loss=1.37653, validation/num_examples=3000
I0411 02:25:41.371354 139759857063104 spec.py:333] Evaluating on the training split.
I0411 02:25:42.627443 139759857063104 workload.py:200] Translating evaluation dataset.
I0411 02:29:46.951424 139759857063104 spec.py:346] Evaluating on the validation split.
I0411 02:29:47.888352 139759857063104 workload.py:200] Translating evaluation dataset.
I0411 02:33:04.066452 139759857063104 spec.py:363] Evaluating on the test split.
I0411 02:33:04.964947 139759857063104 workload.py:200] Translating evaluation dataset.
I0411 02:36:24.707495 139759857063104 submission_runner.py:516] Time since start: 26083.01s, 	Step: 102700, 	{'train/accuracy': 0.700364887714386, 'train/loss': 1.3495428562164307, 'train/bleu': 36.18338922799034, 'validation/accuracy': 0.695068895816803, 'validation/loss': 1.365203857421875, 'validation/bleu': 30.863299473481064, 'validation/num_examples': 3000, 'test/accuracy': 0.7109639644622803, 'test/loss': 1.2653142213821411, 'test/bleu': 31.044333274694097, 'test/num_examples': 3003, 'score': 12939.180624485016, 'total_duration': 26083.0141415596, 'accumulated_submission_time': 12939.180624485016, 'accumulated_eval_time': 13141.571279525757, 'accumulated_logging_time': 1.2038280963897705}
I0411 02:36:24.735600 139595336697600 logging_writer.py:48] [102700] accumulated_eval_time=13141.6, accumulated_logging_time=1.20383, accumulated_submission_time=12939.2, global_step=102700, preemption_count=0, score=12939.2, test/accuracy=0.710964, test/bleu=31.0443, test/loss=1.26531, test/num_examples=3003, total_duration=26083, train/accuracy=0.700365, train/bleu=36.1834, train/loss=1.34954, validation/accuracy=0.695069, validation/bleu=30.8633, validation/loss=1.3652, validation/num_examples=3000
I0411 02:36:24.754727 139595370268416 logging_writer.py:48] [102700] global_step=102700, preemption_count=0, score=12939.2
I0411 02:36:24.772275 139759857063104 submission_runner.py:857] Final wmt score: 12939.180624485016
