torchrun --redirects 1:0,2:0,3:0 --standalone --nnodes=1 --nproc_per_node=4 submission_runner.py --framework=pytorch --workload=ogbg --submission_path=submissions_algorithms/submissions/self_tuning/muon_torch_replicated_jax_hps/submission.py --data_dir=/data/ogbg --experiment_dir=/experiment_runs --experiment_name=submissions_a100/muon_torch_replicated_jax_hps/study_1 --overwrite=True --save_checkpoints=False --rng_seed=1350375411 --torch_compile=true --tuning_ruleset=self 2>&1 | tee -a /logs/ogbg_pytorch_06-15-2026-00-44-31.log
W0615 00:44:48.142000 9 site-packages/torch/distributed/run.py:803] 
W0615 00:44:48.142000 9 site-packages/torch/distributed/run.py:803] *****************************************
W0615 00:44:48.142000 9 site-packages/torch/distributed/run.py:803] Setting OMP_NUM_THREADS environment variable for each process to be 1 in default, to avoid your system being overloaded, please further tune the variable for optimal performance in your application as needed. 
W0615 00:44:48.142000 9 site-packages/torch/distributed/run.py:803] *****************************************
2026-06-15 00:44:57.121869: E external/local_xla/xla/stream_executor/cuda/cuda_fft.cc:467] Unable to register cuFFT factory: Attempting to register factory for plugin cuFFT when one has already been registered
2026-06-15 00:44:57.121870: E external/local_xla/xla/stream_executor/cuda/cuda_fft.cc:467] Unable to register cuFFT factory: Attempting to register factory for plugin cuFFT when one has already been registered
2026-06-15 00:44:57.121870: E external/local_xla/xla/stream_executor/cuda/cuda_fft.cc:467] Unable to register cuFFT factory: Attempting to register factory for plugin cuFFT when one has already been registered
2026-06-15 00:44:57.121869: E external/local_xla/xla/stream_executor/cuda/cuda_fft.cc:467] Unable to register cuFFT factory: Attempting to register factory for plugin cuFFT when one has already been registered
WARNING: All log messages before absl::InitializeLog() is called are written to STDERR
WARNING: All log messages before absl::InitializeLog() is called are written to STDERR
WARNING: All log messages before absl::InitializeLog() is called are written to STDERR
WARNING: All log messages before absl::InitializeLog() is called are written to STDERR
E0000 00:00:1781484297.494333      39 cuda_dnn.cc:8579] Unable to register cuDNN factory: Attempting to register factory for plugin cuDNN when one has already been registered
E0000 00:00:1781484297.494345      38 cuda_dnn.cc:8579] Unable to register cuDNN factory: Attempting to register factory for plugin cuDNN when one has already been registered
E0000 00:00:1781484297.494333      40 cuda_dnn.cc:8579] Unable to register cuDNN factory: Attempting to register factory for plugin cuDNN when one has already been registered
E0000 00:00:1781484297.494327      41 cuda_dnn.cc:8579] Unable to register cuDNN factory: Attempting to register factory for plugin cuDNN when one has already been registered
E0000 00:00:1781484297.570520      41 cuda_blas.cc:1407] Unable to register cuBLAS factory: Attempting to register factory for plugin cuBLAS when one has already been registered
E0000 00:00:1781484297.570521      38 cuda_blas.cc:1407] Unable to register cuBLAS factory: Attempting to register factory for plugin cuBLAS when one has already been registered
E0000 00:00:1781484297.570523      40 cuda_blas.cc:1407] Unable to register cuBLAS factory: Attempting to register factory for plugin cuBLAS when one has already been registered
E0000 00:00:1781484297.570533      39 cuda_blas.cc:1407] Unable to register cuBLAS factory: Attempting to register factory for plugin cuBLAS when one has already been registered
W0000 00:00:1781484298.514764      41 computation_placer.cc:177] computation placer already registered. Please check linkage and avoid linking the same target more than once.
W0000 00:00:1781484298.514764      38 computation_placer.cc:177] computation placer already registered. Please check linkage and avoid linking the same target more than once.
W0000 00:00:1781484298.514769      39 computation_placer.cc:177] computation placer already registered. Please check linkage and avoid linking the same target more than once.
W0000 00:00:1781484298.514764      40 computation_placer.cc:177] computation placer already registered. Please check linkage and avoid linking the same target more than once.
W0000 00:00:1781484298.514802      38 computation_placer.cc:177] computation placer already registered. Please check linkage and avoid linking the same target more than once.
W0000 00:00:1781484298.514802      40 computation_placer.cc:177] computation placer already registered. Please check linkage and avoid linking the same target more than once.
W0000 00:00:1781484298.514802      39 computation_placer.cc:177] computation placer already registered. Please check linkage and avoid linking the same target more than once.
W0000 00:00:1781484298.514805      38 computation_placer.cc:177] computation placer already registered. Please check linkage and avoid linking the same target more than once.
W0000 00:00:1781484298.514805      40 computation_placer.cc:177] computation placer already registered. Please check linkage and avoid linking the same target more than once.
W0000 00:00:1781484298.514806      39 computation_placer.cc:177] computation placer already registered. Please check linkage and avoid linking the same target more than once.
W0000 00:00:1781484298.514805      41 computation_placer.cc:177] computation placer already registered. Please check linkage and avoid linking the same target more than once.
W0000 00:00:1781484298.514807      38 computation_placer.cc:177] computation placer already registered. Please check linkage and avoid linking the same target more than once.
W0000 00:00:1781484298.514808      40 computation_placer.cc:177] computation placer already registered. Please check linkage and avoid linking the same target more than once.
W0000 00:00:1781484298.514808      39 computation_placer.cc:177] computation placer already registered. Please check linkage and avoid linking the same target more than once.
W0000 00:00:1781484298.514809      41 computation_placer.cc:177] computation placer already registered. Please check linkage and avoid linking the same target more than once.
W0000 00:00:1781484298.514811      41 computation_placer.cc:177] computation placer already registered. Please check linkage and avoid linking the same target more than once.
W0000 00:00:1781484323.557372      40 gpu_device.cc:2341] Cannot dlopen some GPU libraries. Please make sure the missing libraries mentioned above are installed properly if you would like to use GPU. Follow the guide at https://www.tensorflow.org/install/gpu for how to download and setup the required libraries for your platform.
Skipping registering GPU devices...
W0000 00:00:1781484323.798323      38 gpu_device.cc:2341] Cannot dlopen some GPU libraries. Please make sure the missing libraries mentioned above are installed properly if you would like to use GPU. Follow the guide at https://www.tensorflow.org/install/gpu for how to download and setup the required libraries for your platform.
Skipping registering GPU devices...
W0000 00:00:1781484323.875419      41 gpu_device.cc:2341] Cannot dlopen some GPU libraries. Please make sure the missing libraries mentioned above are installed properly if you would like to use GPU. Follow the guide at https://www.tensorflow.org/install/gpu for how to download and setup the required libraries for your platform.
Skipping registering GPU devices...
W0000 00:00:1781484323.876329      39 gpu_device.cc:2341] Cannot dlopen some GPU libraries. Please make sure the missing libraries mentioned above are installed properly if you would like to use GPU. Follow the guide at https://www.tensorflow.org/install/gpu for how to download and setup the required libraries for your platform.
Skipping registering GPU devices...
/usr/local/lib/python3.11/site-packages/torch/__init__.py:1617: UserWarning: Please use the new API settings to control TF32 behavior, such as torch.backends.cudnn.conv.fp32_precision = 'tf32' or torch.backends.cuda.matmul.fp32_precision = 'ieee'. Old settings, e.g, torch.backends.cuda.matmul.allow_tf32 = True, torch.backends.cudnn.allow_tf32 = True, allowTF32CuDNN() and allowTF32CuBLAS() will be deprecated after Pytorch 2.9. Please see https://pytorch.org/docs/main/notes/cuda.html#tensorfloat-32-tf32-on-ampere-and-later-devices (Triggered internally at /pytorch/aten/src/ATen/Context.cpp:80.)
  _C._set_float32_matmul_precision(precision)
/usr/local/lib/python3.11/site-packages/torch/__init__.py:1617: UserWarning: Please use the new API settings to control TF32 behavior, such as torch.backends.cudnn.conv.fp32_precision = 'tf32' or torch.backends.cuda.matmul.fp32_precision = 'ieee'. Old settings, e.g, torch.backends.cuda.matmul.allow_tf32 = True, torch.backends.cudnn.allow_tf32 = True, allowTF32CuDNN() and allowTF32CuBLAS() will be deprecated after Pytorch 2.9. Please see https://pytorch.org/docs/main/notes/cuda.html#tensorfloat-32-tf32-on-ampere-and-later-devices (Triggered internally at /pytorch/aten/src/ATen/Context.cpp:80.)
  _C._set_float32_matmul_precision(precision)
/usr/local/lib/python3.11/site-packages/torch/__init__.py:1617: UserWarning: Please use the new API settings to control TF32 behavior, such as torch.backends.cudnn.conv.fp32_precision = 'tf32' or torch.backends.cuda.matmul.fp32_precision = 'ieee'. Old settings, e.g, torch.backends.cuda.matmul.allow_tf32 = True, torch.backends.cudnn.allow_tf32 = True, allowTF32CuDNN() and allowTF32CuBLAS() will be deprecated after Pytorch 2.9. Please see https://pytorch.org/docs/main/notes/cuda.html#tensorfloat-32-tf32-on-ampere-and-later-devices (Triggered internally at /pytorch/aten/src/ATen/Context.cpp:80.)
  _C._set_float32_matmul_precision(precision)
/usr/local/lib/python3.11/site-packages/torch/__init__.py:1617: UserWarning: Please use the new API settings to control TF32 behavior, such as torch.backends.cudnn.conv.fp32_precision = 'tf32' or torch.backends.cuda.matmul.fp32_precision = 'ieee'. Old settings, e.g, torch.backends.cuda.matmul.allow_tf32 = True, torch.backends.cudnn.allow_tf32 = True, allowTF32CuDNN() and allowTF32CuBLAS() will be deprecated after Pytorch 2.9. Please see https://pytorch.org/docs/main/notes/cuda.html#tensorfloat-32-tf32-on-ampere-and-later-devices (Triggered internally at /pytorch/aten/src/ATen/Context.cpp:80.)
  _C._set_float32_matmul_precision(precision)
/usr/local/lib/python3.11/site-packages/pydantic/_internal/_generate_schema.py:2249: UnsupportedFieldAttributeWarning: The 'repr' attribute with value False was provided to the `Field()` function, which has no effect in the context it was used. 'repr' is field-specific metadata, and can only be attached to a model field using `Annotated` metadata or by assignment. This may have happened because an `Annotated` type alias using the `type` statement was used, or if the `Field()` function was attached to a single member of a union type.
  warnings.warn(
/usr/local/lib/python3.11/site-packages/pydantic/_internal/_generate_schema.py:2249: UnsupportedFieldAttributeWarning: The 'repr' attribute with value False was provided to the `Field()` function, which has no effect in the context it was used. 'repr' is field-specific metadata, and can only be attached to a model field using `Annotated` metadata or by assignment. This may have happened because an `Annotated` type alias using the `type` statement was used, or if the `Field()` function was attached to a single member of a union type.
  warnings.warn(
/usr/local/lib/python3.11/site-packages/pydantic/_internal/_generate_schema.py:2249: UnsupportedFieldAttributeWarning: The 'repr' attribute with value False was provided to the `Field()` function, which has no effect in the context it was used. 'repr' is field-specific metadata, and can only be attached to a model field using `Annotated` metadata or by assignment. This may have happened because an `Annotated` type alias using the `type` statement was used, or if the `Field()` function was attached to a single member of a union type.
  warnings.warn(
/usr/local/lib/python3.11/site-packages/pydantic/_internal/_generate_schema.py:2249: UnsupportedFieldAttributeWarning: The 'repr' attribute with value False was provided to the `Field()` function, which has no effect in the context it was used. 'repr' is field-specific metadata, and can only be attached to a model field using `Annotated` metadata or by assignment. This may have happened because an `Annotated` type alias using the `type` statement was used, or if the `Field()` function was attached to a single member of a union type.
  warnings.warn(
/usr/local/lib/python3.11/site-packages/pydantic/_internal/_generate_schema.py:2249: UnsupportedFieldAttributeWarning: The 'frozen' attribute with value True was provided to the `Field()` function, which has no effect in the context it was used. 'frozen' is field-specific metadata, and can only be attached to a model field using `Annotated` metadata or by assignment. This may have happened because an `Annotated` type alias using the `type` statement was used, or if the `Field()` function was attached to a single member of a union type.
  warnings.warn(
/usr/local/lib/python3.11/site-packages/pydantic/_internal/_generate_schema.py:2249: UnsupportedFieldAttributeWarning: The 'frozen' attribute with value True was provided to the `Field()` function, which has no effect in the context it was used. 'frozen' is field-specific metadata, and can only be attached to a model field using `Annotated` metadata or by assignment. This may have happened because an `Annotated` type alias using the `type` statement was used, or if the `Field()` function was attached to a single member of a union type.
  warnings.warn(
/usr/local/lib/python3.11/site-packages/pydantic/_internal/_generate_schema.py:2249: UnsupportedFieldAttributeWarning: The 'frozen' attribute with value True was provided to the `Field()` function, which has no effect in the context it was used. 'frozen' is field-specific metadata, and can only be attached to a model field using `Annotated` metadata or by assignment. This may have happened because an `Annotated` type alias using the `type` statement was used, or if the `Field()` function was attached to a single member of a union type.
  warnings.warn(
/usr/local/lib/python3.11/site-packages/pydantic/_internal/_generate_schema.py:2249: UnsupportedFieldAttributeWarning: The 'frozen' attribute with value True was provided to the `Field()` function, which has no effect in the context it was used. 'frozen' is field-specific metadata, and can only be attached to a model field using `Annotated` metadata or by assignment. This may have happened because an `Annotated` type alias using the `type` statement was used, or if the `Field()` function was attached to a single member of a union type.
  warnings.warn(
/usr/local/lib/python3.11/site-packages/torch/distributed/distributed_c10d.py:4876: UserWarning: barrier(): using the device under current context. You can specify `device_id` in `init_process_group` to mute this warning.
  warnings.warn(  # warn only once
[rank0]:[W615 00:45:32.824724187 ProcessGroupNCCL.cpp:5068] Guessing device ID based on global rank. This can cause a hang if rank to GPU mapping is heterogeneous. You can specify device_id in init_process_group()
I0615 00:45:34.293175 140265196430528 logger_utils.py:84] Creating experiment directory at /experiment_runs/submissions_a100/muon_torch_replicated_jax_hps/study_1/ogbg_pytorch.
I0615 00:45:34.293174 140318955484352 logger_utils.py:84] Creating experiment directory at /experiment_runs/submissions_a100/muon_torch_replicated_jax_hps/study_1/ogbg_pytorch.
I0615 00:45:34.293174 140067752895680 logger_utils.py:84] Creating experiment directory at /experiment_runs/submissions_a100/muon_torch_replicated_jax_hps/study_1/ogbg_pytorch.
I0615 00:45:34.293214 140609006052544 logger_utils.py:84] Creating experiment directory at /experiment_runs/submissions_a100/muon_torch_replicated_jax_hps/study_1/ogbg_pytorch.
I0615 00:45:44.184079 140609006052544 submission_runner.py:741] Creating directory at /experiment_runs/submissions_a100/muon_torch_replicated_jax_hps/study_1/ogbg_pytorch/trial_1.
I0615 00:45:44.546058 140609006052544 submission_runner.py:242] Initializing dataset.
I0615 00:45:44.546232 140609006052544 submission_runner.py:251] Initializing model.
W0615 00:45:45.180539 140609006052544 submission_runner.py:273] These workloads cannot be fully compiled under current PyTorch version. Proceeding without `torch.compile`.
W0615 00:45:45.180538 140067752895680 submission_runner.py:273] These workloads cannot be fully compiled under current PyTorch version. Proceeding without `torch.compile`.
W0615 00:45:45.180538 140265196430528 submission_runner.py:273] These workloads cannot be fully compiled under current PyTorch version. Proceeding without `torch.compile`.
W0615 00:45:45.180535 140318955484352 submission_runner.py:273] These workloads cannot be fully compiled under current PyTorch version. Proceeding without `torch.compile`.
I0615 00:45:45.182521 140609006052544 submission_runner.py:294] Initializing optimizer.
I0615 00:45:45.182831 140067752895680 muon.py:227] Muon params:
	module.node_embedder.weight (ndim=2)
	module.edge_embedder.weight (ndim=2)
	module.graph_network.0.update_edge_fn.dense_0.weight (ndim=2)
	module.graph_network.0.update_node_fn.dense_0.weight (ndim=2)
	module.graph_network.0.update_global_fn.dense_0.weight (ndim=2)
	module.graph_network.1.update_edge_fn.dense_0.weight (ndim=2)
	module.graph_network.1.update_node_fn.dense_0.weight (ndim=2)
	module.graph_network.1.update_global_fn.dense_0.weight (ndim=2)
	module.graph_network.2.update_edge_fn.dense_0.weight (ndim=2)
	module.graph_network.2.update_node_fn.dense_0.weight (ndim=2)
	module.graph_network.2.update_global_fn.dense_0.weight (ndim=2)
	module.graph_network.3.update_edge_fn.dense_0.weight (ndim=2)
	module.graph_network.3.update_node_fn.dense_0.weight (ndim=2)
	module.graph_network.3.update_global_fn.dense_0.weight (ndim=2)
	module.graph_network.4.update_edge_fn.dense_0.weight (ndim=2)
	module.graph_network.4.update_node_fn.dense_0.weight (ndim=2)
	module.graph_network.4.update_global_fn.dense_0.weight (ndim=2)
	module.decoder.weight (ndim=2)
I0615 00:45:45.182841 140318955484352 muon.py:227] Muon params:
	module.node_embedder.weight (ndim=2)
	module.edge_embedder.weight (ndim=2)
	module.graph_network.0.update_edge_fn.dense_0.weight (ndim=2)
	module.graph_network.0.update_node_fn.dense_0.weight (ndim=2)
	module.graph_network.0.update_global_fn.dense_0.weight (ndim=2)
	module.graph_network.1.update_edge_fn.dense_0.weight (ndim=2)
	module.graph_network.1.update_node_fn.dense_0.weight (ndim=2)
	module.graph_network.1.update_global_fn.dense_0.weight (ndim=2)
	module.graph_network.2.update_edge_fn.dense_0.weight (ndim=2)
	module.graph_network.2.update_node_fn.dense_0.weight (ndim=2)
	module.graph_network.2.update_global_fn.dense_0.weight (ndim=2)
	module.graph_network.3.update_edge_fn.dense_0.weight (ndim=2)
	module.graph_network.3.update_node_fn.dense_0.weight (ndim=2)
	module.graph_network.3.update_global_fn.dense_0.weight (ndim=2)
	module.graph_network.4.update_edge_fn.dense_0.weight (ndim=2)
	module.graph_network.4.update_node_fn.dense_0.weight (ndim=2)
	module.graph_network.4.update_global_fn.dense_0.weight (ndim=2)
	module.decoder.weight (ndim=2)
I0615 00:45:45.182879 140265196430528 muon.py:227] Muon params:
	module.node_embedder.weight (ndim=2)
	module.edge_embedder.weight (ndim=2)
	module.graph_network.0.update_edge_fn.dense_0.weight (ndim=2)
	module.graph_network.0.update_node_fn.dense_0.weight (ndim=2)
	module.graph_network.0.update_global_fn.dense_0.weight (ndim=2)
	module.graph_network.1.update_edge_fn.dense_0.weight (ndim=2)
	module.graph_network.1.update_node_fn.dense_0.weight (ndim=2)
	module.graph_network.1.update_global_fn.dense_0.weight (ndim=2)
	module.graph_network.2.update_edge_fn.dense_0.weight (ndim=2)
	module.graph_network.2.update_node_fn.dense_0.weight (ndim=2)
	module.graph_network.2.update_global_fn.dense_0.weight (ndim=2)
	module.graph_network.3.update_edge_fn.dense_0.weight (ndim=2)
	module.graph_network.3.update_node_fn.dense_0.weight (ndim=2)
	module.graph_network.3.update_global_fn.dense_0.weight (ndim=2)
	module.graph_network.4.update_edge_fn.dense_0.weight (ndim=2)
	module.graph_network.4.update_node_fn.dense_0.weight (ndim=2)
	module.graph_network.4.update_global_fn.dense_0.weight (ndim=2)
	module.decoder.weight (ndim=2)
I0615 00:45:45.182938 140609006052544 muon.py:227] Muon params:
	module.node_embedder.weight (ndim=2)
	module.edge_embedder.weight (ndim=2)
	module.graph_network.0.update_edge_fn.dense_0.weight (ndim=2)
	module.graph_network.0.update_node_fn.dense_0.weight (ndim=2)
	module.graph_network.0.update_global_fn.dense_0.weight (ndim=2)
	module.graph_network.1.update_edge_fn.dense_0.weight (ndim=2)
	module.graph_network.1.update_node_fn.dense_0.weight (ndim=2)
	module.graph_network.1.update_global_fn.dense_0.weight (ndim=2)
	module.graph_network.2.update_edge_fn.dense_0.weight (ndim=2)
	module.graph_network.2.update_node_fn.dense_0.weight (ndim=2)
	module.graph_network.2.update_global_fn.dense_0.weight (ndim=2)
	module.graph_network.3.update_edge_fn.dense_0.weight (ndim=2)
	module.graph_network.3.update_node_fn.dense_0.weight (ndim=2)
	module.graph_network.3.update_global_fn.dense_0.weight (ndim=2)
	module.graph_network.4.update_edge_fn.dense_0.weight (ndim=2)
	module.graph_network.4.update_node_fn.dense_0.weight (ndim=2)
	module.graph_network.4.update_global_fn.dense_0.weight (ndim=2)
	module.decoder.weight (ndim=2)
I0615 00:45:45.182964 140318955484352 muon.py:228] Adam params:
	module.node_embedder.bias (ndim=1)
	module.edge_embedder.bias (ndim=1)
	module.graph_network.0.update_edge_fn.dense_0.bias (ndim=1)
	module.graph_network.0.update_edge_fn.norm_0.weight (ndim=1)
	module.graph_network.0.update_edge_fn.norm_0.bias (ndim=1)
	module.graph_network.0.update_node_fn.dense_0.bias (ndim=1)
	module.graph_network.0.update_node_fn.norm_0.weight (ndim=1)
	module.graph_network.0.update_node_fn.norm_0.bias (ndim=1)
	module.graph_network.0.update_global_fn.dense_0.bias (ndim=1)
	module.graph_network.0.update_global_fn.norm_0.weight (ndim=1)
	module.graph_network.0.update_global_fn.norm_0.bias (ndim=1)
	module.graph_network.1.update_edge_fn.dense_0.bias (ndim=1)
	module.graph_network.1.update_edge_fn.norm_0.weight (ndim=1)
	module.graph_network.1.update_edge_fn.norm_0.bias (ndim=1)
	module.graph_network.1.update_node_fn.dense_0.bias (ndim=1)
	module.graph_network.1.update_node_fn.norm_0.weight (ndim=1)
	module.graph_network.1.update_node_fn.norm_0.bias (ndim=1)
	module.graph_network.1.update_global_fn.dense_0.bias (ndim=1)
	module.graph_network.1.update_global_fn.norm_0.weight (ndim=1)
	module.graph_network.1.update_global_fn.norm_0.bias (ndim=1)
	module.graph_network.2.update_edge_fn.dense_0.bias (ndim=1)
	module.graph_network.2.update_edge_fn.norm_0.weight (ndim=1)
	module.graph_network.2.update_edge_fn.norm_0.bias (ndim=1)
	module.graph_network.2.update_node_fn.dense_0.bias (ndim=1)
	module.graph_network.2.update_node_fn.norm_0.weight (ndim=1)
	module.graph_network.2.update_node_fn.norm_0.bias (ndim=1)
	module.graph_network.2.update_global_fn.dense_0.bias (ndim=1)
	module.graph_network.2.update_global_fn.norm_0.weight (ndim=1)
	module.graph_network.2.update_global_fn.norm_0.bias (ndim=1)
	module.graph_network.3.update_edge_fn.dense_0.bias (ndim=1)
	module.graph_network.3.update_edge_fn.norm_0.weight (ndim=1)
	module.graph_network.3.update_edge_fn.norm_0.bias (ndim=1)
	module.graph_network.3.update_node_fn.dense_0.bias (ndim=1)
	module.graph_network.3.update_node_fn.norm_0.weight (ndim=1)
	module.graph_network.3.update_node_fn.norm_0.bias (ndim=1)
	module.graph_network.3.update_global_fn.dense_0.bias (ndim=1)
	module.graph_network.3.update_global_fn.norm_0.weight (ndim=1)
	module.graph_network.3.update_global_fn.norm_0.bias (ndim=1)
	module.graph_network.4.update_edge_fn.dense_0.bias (ndim=1)
	module.graph_network.4.update_edge_fn.norm_0.weight (ndim=1)
	module.graph_network.4.update_edge_fn.norm_0.bias (ndim=1)
	module.graph_network.4.update_node_fn.dense_0.bias (ndim=1)
	module.graph_network.4.update_node_fn.norm_0.weight (ndim=1)
	module.graph_network.4.update_node_fn.norm_0.bias (ndim=1)
	module.graph_network.4.update_global_fn.dense_0.bias (ndim=1)
	module.graph_network.4.update_global_fn.norm_0.weight (ndim=1)
	module.graph_network.4.update_global_fn.norm_0.bias (ndim=1)
	module.decoder.bias (ndim=1)
I0615 00:45:45.182967 140067752895680 muon.py:228] Adam params:
	module.node_embedder.bias (ndim=1)
	module.edge_embedder.bias (ndim=1)
	module.graph_network.0.update_edge_fn.dense_0.bias (ndim=1)
	module.graph_network.0.update_edge_fn.norm_0.weight (ndim=1)
	module.graph_network.0.update_edge_fn.norm_0.bias (ndim=1)
	module.graph_network.0.update_node_fn.dense_0.bias (ndim=1)
	module.graph_network.0.update_node_fn.norm_0.weight (ndim=1)
	module.graph_network.0.update_node_fn.norm_0.bias (ndim=1)
	module.graph_network.0.update_global_fn.dense_0.bias (ndim=1)
	module.graph_network.0.update_global_fn.norm_0.weight (ndim=1)
	module.graph_network.0.update_global_fn.norm_0.bias (ndim=1)
	module.graph_network.1.update_edge_fn.dense_0.bias (ndim=1)
	module.graph_network.1.update_edge_fn.norm_0.weight (ndim=1)
	module.graph_network.1.update_edge_fn.norm_0.bias (ndim=1)
	module.graph_network.1.update_node_fn.dense_0.bias (ndim=1)
	module.graph_network.1.update_node_fn.norm_0.weight (ndim=1)
	module.graph_network.1.update_node_fn.norm_0.bias (ndim=1)
	module.graph_network.1.update_global_fn.dense_0.bias (ndim=1)
	module.graph_network.1.update_global_fn.norm_0.weight (ndim=1)
	module.graph_network.1.update_global_fn.norm_0.bias (ndim=1)
	module.graph_network.2.update_edge_fn.dense_0.bias (ndim=1)
	module.graph_network.2.update_edge_fn.norm_0.weight (ndim=1)
	module.graph_network.2.update_edge_fn.norm_0.bias (ndim=1)
	module.graph_network.2.update_node_fn.dense_0.bias (ndim=1)
	module.graph_network.2.update_node_fn.norm_0.weight (ndim=1)
	module.graph_network.2.update_node_fn.norm_0.bias (ndim=1)
	module.graph_network.2.update_global_fn.dense_0.bias (ndim=1)
	module.graph_network.2.update_global_fn.norm_0.weight (ndim=1)
	module.graph_network.2.update_global_fn.norm_0.bias (ndim=1)
	module.graph_network.3.update_edge_fn.dense_0.bias (ndim=1)
	module.graph_network.3.update_edge_fn.norm_0.weight (ndim=1)
	module.graph_network.3.update_edge_fn.norm_0.bias (ndim=1)
	module.graph_network.3.update_node_fn.dense_0.bias (ndim=1)
	module.graph_network.3.update_node_fn.norm_0.weight (ndim=1)
	module.graph_network.3.update_node_fn.norm_0.bias (ndim=1)
	module.graph_network.3.update_global_fn.dense_0.bias (ndim=1)
	module.graph_network.3.update_global_fn.norm_0.weight (ndim=1)
	module.graph_network.3.update_global_fn.norm_0.bias (ndim=1)
	module.graph_network.4.update_edge_fn.dense_0.bias (ndim=1)
	module.graph_network.4.update_edge_fn.norm_0.weight (ndim=1)
	module.graph_network.4.update_edge_fn.norm_0.bias (ndim=1)
	module.graph_network.4.update_node_fn.dense_0.bias (ndim=1)
	module.graph_network.4.update_node_fn.norm_0.weight (ndim=1)
	module.graph_network.4.update_node_fn.norm_0.bias (ndim=1)
	module.graph_network.4.update_global_fn.dense_0.bias (ndim=1)
	module.graph_network.4.update_global_fn.norm_0.weight (ndim=1)
	module.graph_network.4.update_global_fn.norm_0.bias (ndim=1)
	module.decoder.bias (ndim=1)
I0615 00:45:45.183018 140609006052544 muon.py:228] Adam params:
	module.node_embedder.bias (ndim=1)
	module.edge_embedder.bias (ndim=1)
	module.graph_network.0.update_edge_fn.dense_0.bias (ndim=1)
	module.graph_network.0.update_edge_fn.norm_0.weight (ndim=1)
	module.graph_network.0.update_edge_fn.norm_0.bias (ndim=1)
	module.graph_network.0.update_node_fn.dense_0.bias (ndim=1)
	module.graph_network.0.update_node_fn.norm_0.weight (ndim=1)
	module.graph_network.0.update_node_fn.norm_0.bias (ndim=1)
	module.graph_network.0.update_global_fn.dense_0.bias (ndim=1)
	module.graph_network.0.update_global_fn.norm_0.weight (ndim=1)
	module.graph_network.0.update_global_fn.norm_0.bias (ndim=1)
	module.graph_network.1.update_edge_fn.dense_0.bias (ndim=1)
	module.graph_network.1.update_edge_fn.norm_0.weight (ndim=1)
	module.graph_network.1.update_edge_fn.norm_0.bias (ndim=1)
	module.graph_network.1.update_node_fn.dense_0.bias (ndim=1)
	module.graph_network.1.update_node_fn.norm_0.weight (ndim=1)
	module.graph_network.1.update_node_fn.norm_0.bias (ndim=1)
	module.graph_network.1.update_global_fn.dense_0.bias (ndim=1)
	module.graph_network.1.update_global_fn.norm_0.weight (ndim=1)
	module.graph_network.1.update_global_fn.norm_0.bias (ndim=1)
	module.graph_network.2.update_edge_fn.dense_0.bias (ndim=1)
	module.graph_network.2.update_edge_fn.norm_0.weight (ndim=1)
	module.graph_network.2.update_edge_fn.norm_0.bias (ndim=1)
	module.graph_network.2.update_node_fn.dense_0.bias (ndim=1)
	module.graph_network.2.update_node_fn.norm_0.weight (ndim=1)
	module.graph_network.2.update_node_fn.norm_0.bias (ndim=1)
	module.graph_network.2.update_global_fn.dense_0.bias (ndim=1)
	module.graph_network.2.update_global_fn.norm_0.weight (ndim=1)
	module.graph_network.2.update_global_fn.norm_0.bias (ndim=1)
	module.graph_network.3.update_edge_fn.dense_0.bias (ndim=1)
	module.graph_network.3.update_edge_fn.norm_0.weight (ndim=1)
	module.graph_network.3.update_edge_fn.norm_0.bias (ndim=1)
	module.graph_network.3.update_node_fn.dense_0.bias (ndim=1)
	module.graph_network.3.update_node_fn.norm_0.weight (ndim=1)
	module.graph_network.3.update_node_fn.norm_0.bias (ndim=1)
	module.graph_network.3.update_global_fn.dense_0.bias (ndim=1)
	module.graph_network.3.update_global_fn.norm_0.weight (ndim=1)
	module.graph_network.3.update_global_fn.norm_0.bias (ndim=1)
	module.graph_network.4.update_edge_fn.dense_0.bias (ndim=1)
	module.graph_network.4.update_edge_fn.norm_0.weight (ndim=1)
	module.graph_network.4.update_edge_fn.norm_0.bias (ndim=1)
	module.graph_network.4.update_node_fn.dense_0.bias (ndim=1)
	module.graph_network.4.update_node_fn.norm_0.weight (ndim=1)
	module.graph_network.4.update_node_fn.norm_0.bias (ndim=1)
	module.graph_network.4.update_global_fn.dense_0.bias (ndim=1)
	module.graph_network.4.update_global_fn.norm_0.weight (ndim=1)
	module.graph_network.4.update_global_fn.norm_0.bias (ndim=1)
	module.decoder.bias (ndim=1)
I0615 00:45:45.183030 140265196430528 muon.py:228] Adam params:
	module.node_embedder.bias (ndim=1)
	module.edge_embedder.bias (ndim=1)
	module.graph_network.0.update_edge_fn.dense_0.bias (ndim=1)
	module.graph_network.0.update_edge_fn.norm_0.weight (ndim=1)
	module.graph_network.0.update_edge_fn.norm_0.bias (ndim=1)
	module.graph_network.0.update_node_fn.dense_0.bias (ndim=1)
	module.graph_network.0.update_node_fn.norm_0.weight (ndim=1)
	module.graph_network.0.update_node_fn.norm_0.bias (ndim=1)
	module.graph_network.0.update_global_fn.dense_0.bias (ndim=1)
	module.graph_network.0.update_global_fn.norm_0.weight (ndim=1)
	module.graph_network.0.update_global_fn.norm_0.bias (ndim=1)
	module.graph_network.1.update_edge_fn.dense_0.bias (ndim=1)
	module.graph_network.1.update_edge_fn.norm_0.weight (ndim=1)
	module.graph_network.1.update_edge_fn.norm_0.bias (ndim=1)
	module.graph_network.1.update_node_fn.dense_0.bias (ndim=1)
	module.graph_network.1.update_node_fn.norm_0.weight (ndim=1)
	module.graph_network.1.update_node_fn.norm_0.bias (ndim=1)
	module.graph_network.1.update_global_fn.dense_0.bias (ndim=1)
	module.graph_network.1.update_global_fn.norm_0.weight (ndim=1)
	module.graph_network.1.update_global_fn.norm_0.bias (ndim=1)
	module.graph_network.2.update_edge_fn.dense_0.bias (ndim=1)
	module.graph_network.2.update_edge_fn.norm_0.weight (ndim=1)
	module.graph_network.2.update_edge_fn.norm_0.bias (ndim=1)
	module.graph_network.2.update_node_fn.dense_0.bias (ndim=1)
	module.graph_network.2.update_node_fn.norm_0.weight (ndim=1)
	module.graph_network.2.update_node_fn.norm_0.bias (ndim=1)
	module.graph_network.2.update_global_fn.dense_0.bias (ndim=1)
	module.graph_network.2.update_global_fn.norm_0.weight (ndim=1)
	module.graph_network.2.update_global_fn.norm_0.bias (ndim=1)
	module.graph_network.3.update_edge_fn.dense_0.bias (ndim=1)
	module.graph_network.3.update_edge_fn.norm_0.weight (ndim=1)
	module.graph_network.3.update_edge_fn.norm_0.bias (ndim=1)
	module.graph_network.3.update_node_fn.dense_0.bias (ndim=1)
	module.graph_network.3.update_node_fn.norm_0.weight (ndim=1)
	module.graph_network.3.update_node_fn.norm_0.bias (ndim=1)
	module.graph_network.3.update_global_fn.dense_0.bias (ndim=1)
	module.graph_network.3.update_global_fn.norm_0.weight (ndim=1)
	module.graph_network.3.update_global_fn.norm_0.bias (ndim=1)
	module.graph_network.4.update_edge_fn.dense_0.bias (ndim=1)
	module.graph_network.4.update_edge_fn.norm_0.weight (ndim=1)
	module.graph_network.4.update_edge_fn.norm_0.bias (ndim=1)
	module.graph_network.4.update_node_fn.dense_0.bias (ndim=1)
	module.graph_network.4.update_node_fn.norm_0.weight (ndim=1)
	module.graph_network.4.update_node_fn.norm_0.bias (ndim=1)
	module.graph_network.4.update_global_fn.dense_0.bias (ndim=1)
	module.graph_network.4.update_global_fn.norm_0.weight (ndim=1)
	module.graph_network.4.update_global_fn.norm_0.bias (ndim=1)
	module.decoder.bias (ndim=1)
I0615 00:45:45.183376 140609006052544 submission_runner.py:299] Initializing metrics bundle.
I0615 00:45:45.183516 140609006052544 submission_runner.py:321] Initializing checkpoint and logger.
I0615 00:45:45.185287 140609006052544 submission_runner.py:344] Saving meta data to /experiment_runs/submissions_a100/muon_torch_replicated_jax_hps/study_1/ogbg_pytorch/trial_1/meta_data_0.json.
I0615 00:45:45.185354 140067752895680 logger_utils.py:283] Unable to record workload.train_mean information. Continuing without it.
I0615 00:45:45.185359 140318955484352 logger_utils.py:283] Unable to record workload.train_mean information. Continuing without it.
I0615 00:45:45.185388 140265196430528 logger_utils.py:283] Unable to record workload.train_mean information. Continuing without it.
I0615 00:45:45.185463 140318955484352 logger_utils.py:283] Unable to record workload.train_stddev information. Continuing without it.
I0615 00:45:45.185470 140067752895680 logger_utils.py:283] Unable to record workload.train_stddev information. Continuing without it.
I0615 00:45:45.185471 140609006052544 logger_utils.py:283] Unable to record workload.train_mean information. Continuing without it.
I0615 00:45:45.185504 140265196430528 logger_utils.py:283] Unable to record workload.train_stddev information. Continuing without it.
I0615 00:45:45.185525 140609006052544 logger_utils.py:283] Unable to record workload.train_stddev information. Continuing without it.
I0615 00:45:45.635110 140609006052544 submission_runner.py:348] Saving flags to /experiment_runs/submissions_a100/muon_torch_replicated_jax_hps/study_1/ogbg_pytorch/trial_1/flags_0.json.
I0615 00:45:45.700559 140609006052544 submission_runner.py:359] Starting training loop.
I0615 00:45:48.779592 140609006052544 dataset_info.py:707] Load dataset info from /data/ogbg/ogbg_molpcba/0.1.3
I0615 00:45:48.834100 140609006052544 reader.py:262] Creating a tf.data.Dataset reading 8 files located in folders: /data/ogbg/ogbg_molpcba/0.1.3.
WARNING:tensorflow:From /usr/local/lib/python3.11/site-packages/tensorflow_datasets/core/reader.py:102: CounterV2 (from tensorflow.python.data.experimental.ops.counter) is deprecated and will be removed in a future version.
Instructions for updating:
Use `tf.data.Dataset.counter(...)` instead.
W0615 00:45:49.169800 140609006052544 deprecation.py:50] From /usr/local/lib/python3.11/site-packages/tensorflow_datasets/core/reader.py:102: CounterV2 (from tensorflow.python.data.experimental.ops.counter) is deprecated and will be removed in a future version.
Instructions for updating:
Use `tf.data.Dataset.counter(...)` instead.
I0615 00:45:49.317929 140609006052544 logging_logger.py:49] Constructing tf.data.Dataset ogbg_molpcba for split train, from /data/ogbg/ogbg_molpcba/0.1.3
I0615 00:46:30.926254 140609006052544 spec.py:333] Evaluating on the training split.
I0615 00:46:30.930736 140609006052544 dataset_info.py:707] Load dataset info from /data/ogbg/ogbg_molpcba/0.1.3
I0615 00:46:30.934804 140609006052544 reader.py:262] Creating a tf.data.Dataset reading 8 files located in folders: /data/ogbg/ogbg_molpcba/0.1.3.
I0615 00:46:31.002070 140609006052544 logging_logger.py:49] Constructing tf.data.Dataset ogbg_molpcba for split train, from /data/ogbg/ogbg_molpcba/0.1.3
I0615 00:47:01.521281 140609006052544 spec.py:346] Evaluating on the validation split.
I0615 00:47:01.523593 140609006052544 dataset_info.py:707] Load dataset info from /data/ogbg/ogbg_molpcba/0.1.3
I0615 00:47:01.526813 140609006052544 reader.py:262] Creating a tf.data.Dataset reading 1 files located in folders: /data/ogbg/ogbg_molpcba/0.1.3.
I0615 00:47:01.590191 140609006052544 logging_logger.py:49] Constructing tf.data.Dataset ogbg_molpcba for split validation, from /data/ogbg/ogbg_molpcba/0.1.3
I0615 00:47:20.526904 140609006052544 spec.py:363] Evaluating on the test split.
I0615 00:47:20.529388 140609006052544 dataset_info.py:707] Load dataset info from /data/ogbg/ogbg_molpcba/0.1.3
I0615 00:47:20.532737 140609006052544 reader.py:262] Creating a tf.data.Dataset reading 1 files located in folders: /data/ogbg/ogbg_molpcba/0.1.3.
I0615 00:47:20.595241 140609006052544 logging_logger.py:49] Constructing tf.data.Dataset ogbg_molpcba for split test, from /data/ogbg/ogbg_molpcba/0.1.3
I0615 00:47:39.549696 140609006052544 submission_runner.py:516] Time since start: 113.85s, 	Step: 1, 	{'train/accuracy': 0.54110167202798, 'train/loss': 0.7204531771843425, 'train/mean_average_precision': 0.022652496584312592, 'validation/accuracy': 0.5513094720058194, 'validation/loss': 0.7127741309967234, 'validation/mean_average_precision': 0.02783107919435938, 'validation/num_examples': 43793, 'test/accuracy': 0.5507254647126653, 'test/loss': 0.7131237897339963, 'test/mean_average_precision': 0.028923773056236515, 'test/num_examples': 43793, 'score': 44.75749468803406, 'total_duration': 113.84928059577942, 'accumulated_submission_time': 44.75749468803406, 'accumulated_eval_time': 68.62346005439758, 'accumulated_logging_time': 0}
I0615 00:47:39.690113 140575311046400 logging_writer.py:48] [1] accumulated_eval_time=68.6235, accumulated_logging_time=0, accumulated_submission_time=44.7575, global_step=1, preemption_count=0, score=44.7575, test/accuracy=0.550725, test/loss=0.713124, test/mean_average_precision=0.0289238, test/num_examples=43793, total_duration=113.849, train/accuracy=0.541102, train/loss=0.720453, train/mean_average_precision=0.0226525, validation/accuracy=0.551309, validation/loss=0.712774, validation/mean_average_precision=0.0278311, validation/num_examples=43793
I0615 00:55:12.242530 140609006052544 spec.py:333] Evaluating on the training split.
I0615 00:55:38.803883 140609006052544 spec.py:346] Evaluating on the validation split.
I0615 00:55:40.856931 140609006052544 spec.py:363] Evaluating on the test split.
I0615 00:55:42.878303 140609006052544 submission_runner.py:516] Time since start: 597.18s, 	Step: 1863, 	{'train/accuracy': 0.9894745127052778, 'train/loss': 0.03567449871018902, 'train/mean_average_precision': 0.2714490507615054, 'validation/accuracy': 0.9863706773094671, 'validation/loss': 0.04612497828303658, 'validation/mean_average_precision': 0.22501513053665242, 'validation/num_examples': 43793, 'test/accuracy': 0.9854624890186391, 'test/loss': 0.048664755211461214, 'test/mean_average_precision': 0.21588841395302621, 'test/num_examples': 43793, 'score': 495.7025604248047, 'total_duration': 597.1778602600098, 'accumulated_submission_time': 495.7025604248047, 'accumulated_eval_time': 99.25914978981018, 'accumulated_logging_time': 0.3336515426635742}
I0615 00:55:42.903254 140575319439104 logging_writer.py:48] [1863] accumulated_eval_time=99.2591, accumulated_logging_time=0.333652, accumulated_submission_time=495.703, global_step=1863, preemption_count=0, score=495.703, test/accuracy=0.985462, test/loss=0.0486648, test/mean_average_precision=0.215888, test/num_examples=43793, total_duration=597.178, train/accuracy=0.989475, train/loss=0.0356745, train/mean_average_precision=0.271449, validation/accuracy=0.986371, validation/loss=0.046125, validation/mean_average_precision=0.225015, validation/num_examples=43793
I0615 01:03:15.453811 140609006052544 spec.py:333] Evaluating on the training split.
I0615 01:03:41.998403 140609006052544 spec.py:346] Evaluating on the validation split.
I0615 01:03:44.022153 140609006052544 spec.py:363] Evaluating on the test split.
I0615 01:03:46.103357 140609006052544 submission_runner.py:516] Time since start: 1080.40s, 	Step: 3715, 	{'train/accuracy': 0.9906477213886467, 'train/loss': 0.03130668349677803, 'train/mean_average_precision': 0.3651818188759057, 'validation/accuracy': 0.9867240346302352, 'validation/loss': 0.04444419377194022, 'validation/mean_average_precision': 0.26414710625923643, 'validation/num_examples': 43793, 'test/accuracy': 0.9858448888555716, 'test/loss': 0.04734271464086001, 'test/mean_average_precision': 0.2471278493304211, 'test/num_examples': 43793, 'score': 946.8283388614655, 'total_duration': 1080.4028732776642, 'accumulated_submission_time': 946.8283388614655, 'accumulated_eval_time': 129.90859031677246, 'accumulated_logging_time': 0.36916065216064453}
I0615 01:03:46.126342 140575311046400 logging_writer.py:48] [3715] accumulated_eval_time=129.909, accumulated_logging_time=0.369161, accumulated_submission_time=946.828, global_step=3715, preemption_count=0, score=946.828, test/accuracy=0.985845, test/loss=0.0473427, test/mean_average_precision=0.247128, test/num_examples=43793, total_duration=1080.4, train/accuracy=0.990648, train/loss=0.0313067, train/mean_average_precision=0.365182, validation/accuracy=0.986724, validation/loss=0.0444442, validation/mean_average_precision=0.264147, validation/num_examples=43793
I0615 01:11:18.679089 140609006052544 spec.py:333] Evaluating on the training split.
I0615 01:11:45.039221 140609006052544 spec.py:346] Evaluating on the validation split.
I0615 01:11:47.052122 140609006052544 spec.py:363] Evaluating on the test split.
I0615 01:11:49.117645 140609006052544 submission_runner.py:516] Time since start: 1563.42s, 	Step: 5569, 	{'train/accuracy': 0.9912370739662467, 'train/loss': 0.028440424085223567, 'train/mean_average_precision': 0.43344193034611456, 'validation/accuracy': 0.9870158943816795, 'validation/loss': 0.04432136671142661, 'validation/mean_average_precision': 0.2728898055394725, 'validation/num_examples': 43793, 'test/accuracy': 0.9861716975267827, 'test/loss': 0.047212284657933236, 'test/mean_average_precision': 0.266822222017456, 'test/num_examples': 43793, 'score': 1397.9649450778961, 'total_duration': 1563.4171633720398, 'accumulated_submission_time': 1397.9649450778961, 'accumulated_eval_time': 160.34706258773804, 'accumulated_logging_time': 0.40255212783813477}
I0615 01:11:49.143170 140575319439104 logging_writer.py:48] [5569] accumulated_eval_time=160.347, accumulated_logging_time=0.402552, accumulated_submission_time=1397.96, global_step=5569, preemption_count=0, score=1397.96, test/accuracy=0.986172, test/loss=0.0472123, test/mean_average_precision=0.266822, test/num_examples=43793, total_duration=1563.42, train/accuracy=0.991237, train/loss=0.0284404, train/mean_average_precision=0.433442, validation/accuracy=0.987016, validation/loss=0.0443214, validation/mean_average_precision=0.27289, validation/num_examples=43793
I0615 01:19:21.573178 140609006052544 spec.py:333] Evaluating on the training split.
I0615 01:19:48.130495 140609006052544 spec.py:346] Evaluating on the validation split.
I0615 01:19:50.153301 140609006052544 spec.py:363] Evaluating on the test split.
I0615 01:19:52.228948 140609006052544 submission_runner.py:516] Time since start: 2046.53s, 	Step: 7422, 	{'train/accuracy': 0.9918870497717612, 'train/loss': 0.02671608092523846, 'train/mean_average_precision': 0.4888562300661961, 'validation/accuracy': 0.9867516374996347, 'validation/loss': 0.04472451955785074, 'validation/mean_average_precision': 0.2773777813695201, 'validation/num_examples': 43793, 'test/accuracy': 0.986020927547023, 'test/loss': 0.047445530001751966, 'test/mean_average_precision': 0.26756790248561996, 'test/num_examples': 43793, 'score': 1848.9805471897125, 'total_duration': 2046.5285069942474, 'accumulated_submission_time': 1848.9805471897125, 'accumulated_eval_time': 191.00285506248474, 'accumulated_logging_time': 0.4384763240814209}
I0615 01:19:52.254567 140575311046400 logging_writer.py:48] [7422] accumulated_eval_time=191.003, accumulated_logging_time=0.438476, accumulated_submission_time=1848.98, global_step=7422, preemption_count=0, score=1848.98, test/accuracy=0.986021, test/loss=0.0474455, test/mean_average_precision=0.267568, test/num_examples=43793, total_duration=2046.53, train/accuracy=0.991887, train/loss=0.0267161, train/mean_average_precision=0.488856, validation/accuracy=0.986752, validation/loss=0.0447245, validation/mean_average_precision=0.277378, validation/num_examples=43793
I0615 01:27:24.896826 140609006052544 spec.py:333] Evaluating on the training split.
I0615 01:27:51.563157 140609006052544 spec.py:346] Evaluating on the validation split.
I0615 01:27:53.591680 140609006052544 spec.py:363] Evaluating on the test split.
I0615 01:27:55.641909 140609006052544 submission_runner.py:516] Time since start: 2529.94s, 	Step: 9276, 	{'train/accuracy': 0.9921799893084945, 'train/loss': 0.02504456169162238, 'train/mean_average_precision': 0.5275417300089129, 'validation/accuracy': 0.9868673259963824, 'validation/loss': 0.045535680488871175, 'validation/mean_average_precision': 0.27687078408759325, 'validation/num_examples': 43793, 'test/accuracy': 0.9860451433957274, 'test/loss': 0.0484678402210928, 'test/mean_average_precision': 0.26653420035718645, 'test/num_examples': 43793, 'score': 2300.2055745124817, 'total_duration': 2529.9414823055267, 'accumulated_submission_time': 2300.2055745124817, 'accumulated_eval_time': 221.74793434143066, 'accumulated_logging_time': 0.4757239818572998}
I0615 01:27:55.667219 140575319439104 logging_writer.py:48] [9276] accumulated_eval_time=221.748, accumulated_logging_time=0.475724, accumulated_submission_time=2300.21, global_step=9276, preemption_count=0, score=2300.21, test/accuracy=0.986045, test/loss=0.0484678, test/mean_average_precision=0.266534, test/num_examples=43793, total_duration=2529.94, train/accuracy=0.99218, train/loss=0.0250446, train/mean_average_precision=0.527542, validation/accuracy=0.986867, validation/loss=0.0455357, validation/mean_average_precision=0.276871, validation/num_examples=43793
I0615 01:35:28.158426 140609006052544 spec.py:333] Evaluating on the training split.
I0615 01:35:54.696067 140609006052544 spec.py:346] Evaluating on the validation split.
I0615 01:35:56.724790 140609006052544 spec.py:363] Evaluating on the test split.
I0615 01:35:58.783907 140609006052544 submission_runner.py:516] Time since start: 3013.08s, 	Step: 11129, 	{'train/accuracy': 0.9927306507229281, 'train/loss': 0.023235332298553672, 'train/mean_average_precision': 0.5544034219119844, 'validation/accuracy': 0.9867761959349092, 'validation/loss': 0.04643282765620788, 'validation/mean_average_precision': 0.2737961657238078, 'validation/num_examples': 43793, 'test/accuracy': 0.9859257487329847, 'test/loss': 0.049660411546243004, 'test/mean_average_precision': 0.26025313770417463, 'test/num_examples': 43793, 'score': 2751.27370595932, 'total_duration': 3013.0834352970123, 'accumulated_submission_time': 2751.27370595932, 'accumulated_eval_time': 252.37337160110474, 'accumulated_logging_time': 0.5117795467376709}
I0615 01:35:58.808348 140575311046400 logging_writer.py:48] [11129] accumulated_eval_time=252.373, accumulated_logging_time=0.51178, accumulated_submission_time=2751.27, global_step=11129, preemption_count=0, score=2751.27, test/accuracy=0.985926, test/loss=0.0496604, test/mean_average_precision=0.260253, test/num_examples=43793, total_duration=3013.08, train/accuracy=0.992731, train/loss=0.0232353, train/mean_average_precision=0.554403, validation/accuracy=0.986776, validation/loss=0.0464328, validation/mean_average_precision=0.273796, validation/num_examples=43793
I0615 01:43:31.325223 140609006052544 spec.py:333] Evaluating on the training split.
I0615 01:43:58.088567 140609006052544 spec.py:346] Evaluating on the validation split.
I0615 01:44:00.068531 140609006052544 spec.py:363] Evaluating on the test split.
I0615 01:44:02.114446 140609006052544 submission_runner.py:516] Time since start: 3496.41s, 	Step: 12980, 	{'train/accuracy': 0.9927108887309266, 'train/loss': 0.022905801974389246, 'train/mean_average_precision': 0.5710238444130953, 'validation/accuracy': 0.9868387083156079, 'validation/loss': 0.0473361398026476, 'validation/mean_average_precision': 0.27918886985166375, 'validation/num_examples': 43793, 'test/accuracy': 0.986046406831312, 'test/loss': 0.05042787956974122, 'test/mean_average_precision': 0.2645176234255245, 'test/num_examples': 43793, 'score': 3202.3710107803345, 'total_duration': 3496.4140050411224, 'accumulated_submission_time': 3202.3710107803345, 'accumulated_eval_time': 283.16259765625, 'accumulated_logging_time': 0.5466113090515137}
I0615 01:44:02.138075 140575319439104 logging_writer.py:48] [12980] accumulated_eval_time=283.163, accumulated_logging_time=0.546611, accumulated_submission_time=3202.37, global_step=12980, preemption_count=0, score=3202.37, test/accuracy=0.986046, test/loss=0.0504279, test/mean_average_precision=0.264518, test/num_examples=43793, total_duration=3496.41, train/accuracy=0.992711, train/loss=0.0229058, train/mean_average_precision=0.571024, validation/accuracy=0.986839, validation/loss=0.0473361, validation/mean_average_precision=0.279189, validation/num_examples=43793
I0615 01:51:34.773265 140609006052544 spec.py:333] Evaluating on the training split.
I0615 01:52:01.357119 140609006052544 spec.py:346] Evaluating on the validation split.
I0615 01:52:03.381269 140609006052544 spec.py:363] Evaluating on the test split.
I0615 01:52:05.438876 140609006052544 submission_runner.py:516] Time since start: 3979.74s, 	Step: 14847, 	{'train/accuracy': 0.9937026618125873, 'train/loss': 0.019947067578845033, 'train/mean_average_precision': 0.6513260790860873, 'validation/accuracy': 0.9865604470365884, 'validation/loss': 0.04865558169596901, 'validation/mean_average_precision': 0.2756823809384609, 'validation/num_examples': 43793, 'test/accuracy': 0.985777505624394, 'test/loss': 0.051653086357296214, 'test/mean_average_precision': 0.26330684464502674, 'test/num_examples': 43793, 'score': 3653.590462207794, 'total_duration': 3979.7384090423584, 'accumulated_submission_time': 3653.590462207794, 'accumulated_eval_time': 313.82819390296936, 'accumulated_logging_time': 0.5808422565460205}
I0615 01:52:05.463036 140575311046400 logging_writer.py:48] [14847] accumulated_eval_time=313.828, accumulated_logging_time=0.580842, accumulated_submission_time=3653.59, global_step=14847, preemption_count=0, score=3653.59, test/accuracy=0.985778, test/loss=0.0516531, test/mean_average_precision=0.263307, test/num_examples=43793, total_duration=3979.74, train/accuracy=0.993703, train/loss=0.0199471, train/mean_average_precision=0.651326, validation/accuracy=0.98656, validation/loss=0.0486556, validation/mean_average_precision=0.275682, validation/num_examples=43793
I0615 01:59:38.026111 140609006052544 spec.py:333] Evaluating on the training split.
I0615 02:00:04.528323 140609006052544 spec.py:346] Evaluating on the validation split.
I0615 02:00:06.577024 140609006052544 spec.py:363] Evaluating on the test split.
I0615 02:00:08.667295 140609006052544 submission_runner.py:516] Time since start: 4462.97s, 	Step: 16714, 	{'train/accuracy': 0.9933814676366021, 'train/loss': 0.020490675747564392, 'train/mean_average_precision': 0.6357234458633836, 'validation/accuracy': 0.9866396023238369, 'validation/loss': 0.04999492340609666, 'validation/mean_average_precision': 0.2750934228799255, 'validation/num_examples': 43793, 'test/accuracy': 0.985795614867773, 'test/loss': 0.05321282719823052, 'test/mean_average_precision': 0.25208267353739877, 'test/num_examples': 43793, 'score': 4104.743461608887, 'total_duration': 4462.966771841049, 'accumulated_submission_time': 4104.743461608887, 'accumulated_eval_time': 344.46927642822266, 'accumulated_logging_time': 0.6153204441070557}
I0615 02:00:08.692125 140575319439104 logging_writer.py:48] [16714] accumulated_eval_time=344.469, accumulated_logging_time=0.61532, accumulated_submission_time=4104.74, global_step=16714, preemption_count=0, score=4104.74, test/accuracy=0.985796, test/loss=0.0532128, test/mean_average_precision=0.252083, test/num_examples=43793, total_duration=4462.97, train/accuracy=0.993381, train/loss=0.0204907, train/mean_average_precision=0.635723, validation/accuracy=0.98664, validation/loss=0.0499949, validation/mean_average_precision=0.275093, validation/num_examples=43793
I0615 02:07:41.266666 140609006052544 spec.py:333] Evaluating on the training split.
I0615 02:08:07.806068 140609006052544 spec.py:346] Evaluating on the validation split.
I0615 02:08:09.785006 140609006052544 spec.py:363] Evaluating on the test split.
I0615 02:08:11.811001 140609006052544 submission_runner.py:516] Time since start: 4946.11s, 	Step: 18572, 	{'train/accuracy': 0.9948894554377744, 'train/loss': 0.01616015887916551, 'train/mean_average_precision': 0.7318670550518465, 'validation/accuracy': 0.9861642646757962, 'validation/loss': 0.05100785738003306, 'validation/mean_average_precision': 0.263854168166302, 'validation/num_examples': 43793, 'test/accuracy': 0.9853572027199241, 'test/loss': 0.05424686367909073, 'test/mean_average_precision': 0.2511252235919981, 'test/num_examples': 43793, 'score': 4555.901465892792, 'total_duration': 4946.110566854477, 'accumulated_submission_time': 4555.901465892792, 'accumulated_eval_time': 375.01361179351807, 'accumulated_logging_time': 0.6504693031311035}
I0615 02:08:11.844201 140575311046400 logging_writer.py:48] [18572] accumulated_eval_time=375.014, accumulated_logging_time=0.650469, accumulated_submission_time=4555.9, global_step=18572, preemption_count=0, score=4555.9, test/accuracy=0.985357, test/loss=0.0542469, test/mean_average_precision=0.251125, test/num_examples=43793, total_duration=4946.11, train/accuracy=0.994889, train/loss=0.0161602, train/mean_average_precision=0.731867, validation/accuracy=0.986164, validation/loss=0.0510079, validation/mean_average_precision=0.263854, validation/num_examples=43793
I0615 02:15:44.444189 140609006052544 spec.py:333] Evaluating on the training split.
I0615 02:16:09.833770 140609006052544 spec.py:346] Evaluating on the validation split.
I0615 02:16:11.850360 140609006052544 spec.py:363] Evaluating on the test split.
I0615 02:16:13.924704 140609006052544 submission_runner.py:516] Time since start: 5428.22s, 	Step: 20464, 	{'train/accuracy': 0.9939105936127036, 'train/loss': 0.01830415478406919, 'train/mean_average_precision': 0.6714173510799142, 'validation/accuracy': 0.9863613410448173, 'validation/loss': 0.05332995511083364, 'validation/mean_average_precision': 0.2493781365698059, 'validation/num_examples': 43793, 'test/accuracy': 0.9855111312886453, 'test/loss': 0.05688880619235049, 'test/mean_average_precision': 0.25170583069967445, 'test/num_examples': 43793, 'score': 5007.094956874847, 'total_duration': 5428.224215269089, 'accumulated_submission_time': 5007.094956874847, 'accumulated_eval_time': 404.4940941333771, 'accumulated_logging_time': 0.6942188739776611}
I0615 02:16:13.948985 140575319439104 logging_writer.py:48] [20464] accumulated_eval_time=404.494, accumulated_logging_time=0.694219, accumulated_submission_time=5007.09, global_step=20464, preemption_count=0, score=5007.09, test/accuracy=0.985511, test/loss=0.0568888, test/mean_average_precision=0.251706, test/num_examples=43793, total_duration=5428.22, train/accuracy=0.993911, train/loss=0.0183042, train/mean_average_precision=0.671417, validation/accuracy=0.986361, validation/loss=0.05333, validation/mean_average_precision=0.249378, validation/num_examples=43793
I0615 02:23:46.554851 140609006052544 spec.py:333] Evaluating on the training split.
I0615 02:24:11.824236 140609006052544 spec.py:346] Evaluating on the validation split.
I0615 02:24:13.830435 140609006052544 spec.py:363] Evaluating on the test split.
I0615 02:24:15.887977 140609006052544 submission_runner.py:516] Time since start: 5910.19s, 	Step: 22415, 	{'train/accuracy': 0.9954345363136403, 'train/loss': 0.01382199859757201, 'train/mean_average_precision': 0.7827669494736313, 'validation/accuracy': 0.9859994593084994, 'validation/loss': 0.05588792037546397, 'validation/mean_average_precision': 0.25708783967597393, 'validation/num_examples': 43793, 'test/accuracy': 0.9852738159713419, 'test/loss': 0.059167714967247535, 'test/mean_average_precision': 0.24329271945593584, 'test/num_examples': 43793, 'score': 5458.302361249924, 'total_duration': 5910.187541484833, 'accumulated_submission_time': 5458.302361249924, 'accumulated_eval_time': 433.8271791934967, 'accumulated_logging_time': 0.7292439937591553}
I0615 02:24:15.911169 140575311046400 logging_writer.py:48] [22415] accumulated_eval_time=433.827, accumulated_logging_time=0.729244, accumulated_submission_time=5458.3, global_step=22415, preemption_count=0, score=5458.3, test/accuracy=0.985274, test/loss=0.0591677, test/mean_average_precision=0.243293, test/num_examples=43793, total_duration=5910.19, train/accuracy=0.995435, train/loss=0.013822, train/mean_average_precision=0.782767, validation/accuracy=0.985999, validation/loss=0.0558879, validation/mean_average_precision=0.257088, validation/num_examples=43793
I0615 02:31:48.371075 140609006052544 spec.py:333] Evaluating on the training split.
I0615 02:32:13.623595 140609006052544 spec.py:346] Evaluating on the validation split.
I0615 02:32:15.644826 140609006052544 spec.py:363] Evaluating on the test split.
I0615 02:32:17.720839 140609006052544 submission_runner.py:516] Time since start: 6392.02s, 	Step: 24372, 	{'train/accuracy': 0.9951307433852397, 'train/loss': 0.014215968516815034, 'train/mean_average_precision': 0.7625531609597564, 'validation/accuracy': 0.9860144785168491, 'validation/loss': 0.05867931128405301, 'validation/mean_average_precision': 0.24918302617785984, 'validation/num_examples': 43793, 'test/accuracy': 0.9852133816358796, 'test/loss': 0.062296099921751225, 'test/mean_average_precision': 0.23757825396886578, 'test/num_examples': 43793, 'score': 5909.396270751953, 'total_duration': 6392.020388841629, 'accumulated_submission_time': 5909.396270751953, 'accumulated_eval_time': 463.17687582969666, 'accumulated_logging_time': 0.7636516094207764}
I0615 02:32:17.745766 140575319439104 logging_writer.py:48] [24372] accumulated_eval_time=463.177, accumulated_logging_time=0.763652, accumulated_submission_time=5909.4, global_step=24372, preemption_count=0, score=5909.4, test/accuracy=0.985213, test/loss=0.0622961, test/mean_average_precision=0.237578, test/num_examples=43793, total_duration=6392.02, train/accuracy=0.995131, train/loss=0.014216, train/mean_average_precision=0.762553, validation/accuracy=0.986014, validation/loss=0.0586793, validation/mean_average_precision=0.249183, validation/num_examples=43793
I0615 02:39:50.260153 140609006052544 spec.py:333] Evaluating on the training split.
I0615 02:40:15.747601 140609006052544 spec.py:346] Evaluating on the validation split.
I0615 02:40:17.778758 140609006052544 spec.py:363] Evaluating on the test split.
I0615 02:40:19.842656 140609006052544 submission_runner.py:516] Time since start: 6874.14s, 	Step: 26327, 	{'train/accuracy': 0.9950924423770171, 'train/loss': 0.014050095144616075, 'train/mean_average_precision': 0.7729951647270603, 'validation/accuracy': 0.9857301283695797, 'validation/loss': 0.06210271403183747, 'validation/mean_average_precision': 0.24350294497510908, 'validation/num_examples': 43793, 'test/accuracy': 0.9849815412061093, 'test/loss': 0.06573954096437196, 'test/mean_average_precision': 0.23729528737645816, 'test/num_examples': 43793, 'score': 6360.528223991394, 'total_duration': 6874.142207622528, 'accumulated_submission_time': 6360.528223991394, 'accumulated_eval_time': 492.7593410015106, 'accumulated_logging_time': 0.7985646724700928}
I0615 02:40:19.867437 140575311046400 logging_writer.py:48] [26327] accumulated_eval_time=492.759, accumulated_logging_time=0.798565, accumulated_submission_time=6360.53, global_step=26327, preemption_count=0, score=6360.53, test/accuracy=0.984982, test/loss=0.0657395, test/mean_average_precision=0.237295, test/num_examples=43793, total_duration=6874.14, train/accuracy=0.995092, train/loss=0.0140501, train/mean_average_precision=0.772995, validation/accuracy=0.98573, validation/loss=0.0621027, validation/mean_average_precision=0.243503, validation/num_examples=43793
I0615 02:47:52.300638 140609006052544 spec.py:333] Evaluating on the training split.
I0615 02:48:17.643716 140609006052544 spec.py:346] Evaluating on the validation split.
I0615 02:48:19.667306 140609006052544 spec.py:363] Evaluating on the test split.
I0615 02:48:21.733666 140609006052544 submission_runner.py:516] Time since start: 7356.03s, 	Step: 28283, 	{'train/accuracy': 0.9967619800940658, 'train/loss': 0.009457658864553476, 'train/mean_average_precision': 0.8750808927571276, 'validation/accuracy': 0.9853946317290113, 'validation/loss': 0.06489495484495306, 'validation/mean_average_precision': 0.24615126087479988, 'validation/num_examples': 43793, 'test/accuracy': 0.9845970356432024, 'test/loss': 0.06897177769177057, 'test/mean_average_precision': 0.23514819075369278, 'test/num_examples': 43793, 'score': 6811.595221042633, 'total_duration': 7356.033158302307, 'accumulated_submission_time': 6811.595221042633, 'accumulated_eval_time': 522.1922886371613, 'accumulated_logging_time': 0.8333313465118408}
I0615 02:48:21.758473 140575319439104 logging_writer.py:48] [28283] accumulated_eval_time=522.192, accumulated_logging_time=0.833331, accumulated_submission_time=6811.6, global_step=28283, preemption_count=0, score=6811.6, test/accuracy=0.984597, test/loss=0.0689718, test/mean_average_precision=0.235148, test/num_examples=43793, total_duration=7356.03, train/accuracy=0.996762, train/loss=0.00945766, train/mean_average_precision=0.875081, validation/accuracy=0.985395, validation/loss=0.064895, validation/mean_average_precision=0.246151, validation/num_examples=43793
I0615 02:55:54.241832 140609006052544 spec.py:333] Evaluating on the training split.
I0615 02:56:19.476993 140609006052544 spec.py:346] Evaluating on the validation split.
I0615 02:56:21.471674 140609006052544 spec.py:363] Evaluating on the test split.
I0615 02:56:23.466721 140609006052544 submission_runner.py:516] Time since start: 7837.77s, 	Step: 30237, 	{'train/accuracy': 0.9959858018512407, 'train/loss': 0.011136625556313364, 'train/mean_average_precision': 0.8332650271630643, 'validation/accuracy': 0.9854912417719094, 'validation/loss': 0.06951980546471866, 'validation/mean_average_precision': 0.24067112346549183, 'validation/num_examples': 43793, 'test/accuracy': 0.9848440372999876, 'test/loss': 0.07342109771073894, 'test/mean_average_precision': 0.23470201797087986, 'test/num_examples': 43793, 'score': 7262.716304540634, 'total_duration': 7837.766360998154, 'accumulated_submission_time': 7262.716304540634, 'accumulated_eval_time': 551.4172585010529, 'accumulated_logging_time': 0.86832594871521}
I0615 02:56:23.493274 140575311046400 logging_writer.py:48] [30237] accumulated_eval_time=551.417, accumulated_logging_time=0.868326, accumulated_submission_time=7262.72, global_step=30237, preemption_count=0, score=7262.72, test/accuracy=0.984844, test/loss=0.0734211, test/mean_average_precision=0.234702, test/num_examples=43793, total_duration=7837.77, train/accuracy=0.995986, train/loss=0.0111366, train/mean_average_precision=0.833265, validation/accuracy=0.985491, validation/loss=0.0695198, validation/mean_average_precision=0.240671, validation/num_examples=43793
I0615 03:03:55.953446 140609006052544 spec.py:333] Evaluating on the training split.
I0615 03:04:21.400282 140609006052544 spec.py:346] Evaluating on the validation split.
I0615 03:04:23.445034 140609006052544 spec.py:363] Evaluating on the test split.
I0615 03:04:25.463531 140609006052544 submission_runner.py:516] Time since start: 8319.76s, 	Step: 32203, 	{'train/accuracy': 0.9966367193683136, 'train/loss': 0.0092830405312572, 'train/mean_average_precision': 0.8721721945278634, 'validation/accuracy': 0.9851744176606406, 'validation/loss': 0.07417995883519138, 'validation/mean_average_precision': 0.24001799478499264, 'validation/num_examples': 43793, 'test/accuracy': 0.9844068885877233, 'test/loss': 0.07845576348780658, 'test/mean_average_precision': 0.23427599166041843, 'test/num_examples': 43793, 'score': 7713.804357767105, 'total_duration': 8319.763050079346, 'accumulated_submission_time': 7713.804357767105, 'accumulated_eval_time': 580.927255153656, 'accumulated_logging_time': 0.9051730632781982}
I0615 03:04:25.488803 140575319439104 logging_writer.py:48] [32203] accumulated_eval_time=580.927, accumulated_logging_time=0.905173, accumulated_submission_time=7713.8, global_step=32203, preemption_count=0, score=7713.8, test/accuracy=0.984407, test/loss=0.0784558, test/mean_average_precision=0.234276, test/num_examples=43793, total_duration=8319.76, train/accuracy=0.996637, train/loss=0.00928304, train/mean_average_precision=0.872172, validation/accuracy=0.985174, validation/loss=0.07418, validation/mean_average_precision=0.240018, validation/num_examples=43793
I0615 03:11:58.070011 140609006052544 spec.py:333] Evaluating on the training split.
I0615 03:12:23.606359 140609006052544 spec.py:346] Evaluating on the validation split.
I0615 03:12:25.610858 140609006052544 spec.py:363] Evaluating on the test split.
I0615 03:12:27.578363 140609006052544 submission_runner.py:516] Time since start: 8801.88s, 	Step: 34166, 	{'train/accuracy': 0.9986703810203532, 'train/loss': 0.0044559206256135735, 'train/mean_average_precision': 0.9699152767717769, 'validation/accuracy': 0.9852428159473142, 'validation/loss': 0.07963799496410004, 'validation/mean_average_precision': 0.24277854438025961, 'validation/num_examples': 43793, 'test/accuracy': 0.9844391061951301, 'test/loss': 0.08391564114302175, 'test/mean_average_precision': 0.22672260054688884, 'test/num_examples': 43793, 'score': 8165.016832113266, 'total_duration': 8801.877843856812, 'accumulated_submission_time': 8165.016832113266, 'accumulated_eval_time': 610.4355585575104, 'accumulated_logging_time': 0.940528154373169}
I0615 03:12:27.604159 140575311046400 logging_writer.py:48] [34166] accumulated_eval_time=610.436, accumulated_logging_time=0.940528, accumulated_submission_time=8165.02, global_step=34166, preemption_count=0, score=8165.02, test/accuracy=0.984439, test/loss=0.0839156, test/mean_average_precision=0.226723, test/num_examples=43793, total_duration=8801.88, train/accuracy=0.99867, train/loss=0.00445592, train/mean_average_precision=0.969915, validation/accuracy=0.985243, validation/loss=0.079638, validation/mean_average_precision=0.242779, validation/num_examples=43793
I0615 03:20:00.215219 140609006052544 spec.py:333] Evaluating on the training split.
I0615 03:20:25.818427 140609006052544 spec.py:346] Evaluating on the validation split.
I0615 03:20:27.802667 140609006052544 spec.py:363] Evaluating on the test split.
I0615 03:20:29.833888 140609006052544 submission_runner.py:516] Time since start: 9284.13s, 	Step: 36137, 	{'train/accuracy': 0.9982484988751041, 'train/loss': 0.005001660619723758, 'train/mean_average_precision': 0.9541841385878758, 'validation/accuracy': 0.9853006601956881, 'validation/loss': 0.08492395079666752, 'validation/mean_average_precision': 0.2400393488128801, 'validation/num_examples': 43793, 'test/accuracy': 0.9844999616757872, 'test/loss': 0.08995865354406316, 'test/mean_average_precision': 0.22444827011878965, 'test/num_examples': 43793, 'score': 8616.259788751602, 'total_duration': 9284.133427619934, 'accumulated_submission_time': 8616.259788751602, 'accumulated_eval_time': 640.0541563034058, 'accumulated_logging_time': 0.9771082401275635}
I0615 03:20:29.858391 140575319439104 logging_writer.py:48] [36137] accumulated_eval_time=640.054, accumulated_logging_time=0.977108, accumulated_submission_time=8616.26, global_step=36137, preemption_count=0, score=8616.26, test/accuracy=0.9845, test/loss=0.0899587, test/mean_average_precision=0.224448, test/num_examples=43793, total_duration=9284.13, train/accuracy=0.998248, train/loss=0.00500166, train/mean_average_precision=0.954184, validation/accuracy=0.985301, validation/loss=0.084924, validation/mean_average_precision=0.240039, validation/num_examples=43793
I0615 03:28:02.459277 140609006052544 spec.py:333] Evaluating on the training split.
I0615 03:28:28.092512 140609006052544 spec.py:346] Evaluating on the validation split.
I0615 03:28:30.115561 140609006052544 spec.py:363] Evaluating on the test split.
I0615 03:28:32.207583 140609006052544 submission_runner.py:516] Time since start: 9766.51s, 	Step: 38106, 	{'train/accuracy': 0.9980760408489447, 'train/loss': 0.005211641334341542, 'train/mean_average_precision': 0.9609446605724614, 'validation/accuracy': 0.9852724484394637, 'validation/loss': 0.09040932974956079, 'validation/mean_average_precision': 0.23845113702200357, 'validation/num_examples': 43793, 'test/accuracy': 0.9844264718392842, 'test/loss': 0.09584500651301044, 'test/mean_average_precision': 0.22541637865263464, 'test/num_examples': 43793, 'score': 9067.490152597427, 'total_duration': 9766.507117033005, 'accumulated_submission_time': 9067.490152597427, 'accumulated_eval_time': 669.8024199008942, 'accumulated_logging_time': 1.0116078853607178}
I0615 03:28:32.234547 140575311046400 logging_writer.py:48] [38106] accumulated_eval_time=669.802, accumulated_logging_time=1.01161, accumulated_submission_time=9067.49, global_step=38106, preemption_count=0, score=9067.49, test/accuracy=0.984426, test/loss=0.095845, test/mean_average_precision=0.225416, test/num_examples=43793, total_duration=9766.51, train/accuracy=0.998076, train/loss=0.00521164, train/mean_average_precision=0.960945, validation/accuracy=0.985272, validation/loss=0.0904093, validation/mean_average_precision=0.238451, validation/num_examples=43793
I0615 03:36:04.832467 140609006052544 spec.py:333] Evaluating on the training split.
I0615 03:36:29.874930 140609006052544 spec.py:346] Evaluating on the validation split.
I0615 03:36:31.955730 140609006052544 spec.py:363] Evaluating on the test split.
I0615 03:36:33.959911 140609006052544 submission_runner.py:516] Time since start: 10248.26s, 	Step: 40083, 	{'train/accuracy': 0.9994386034125653, 'train/loss': 0.0021066101116357628, 'train/mean_average_precision': 0.9947034122237136, 'validation/accuracy': 0.9853384111788374, 'validation/loss': 0.09654303363450228, 'validation/mean_average_precision': 0.2353153630673227, 'validation/num_examples': 43793, 'test/accuracy': 0.9845125960316331, 'test/loss': 0.10213817257940482, 'test/mean_average_precision': 0.2229829754450433, 'test/num_examples': 43793, 'score': 9518.721048116684, 'total_duration': 10248.259433031082, 'accumulated_submission_time': 9518.721048116684, 'accumulated_eval_time': 698.9298524856567, 'accumulated_logging_time': 1.048588752746582}
I0615 03:36:33.985283 140575319439104 logging_writer.py:48] [40083] accumulated_eval_time=698.93, accumulated_logging_time=1.04859, accumulated_submission_time=9518.72, global_step=40083, preemption_count=0, score=9518.72, test/accuracy=0.984513, test/loss=0.102138, test/mean_average_precision=0.222983, test/num_examples=43793, total_duration=10248.3, train/accuracy=0.999439, train/loss=0.00210661, train/mean_average_precision=0.994703, validation/accuracy=0.985338, validation/loss=0.096543, validation/mean_average_precision=0.235315, validation/num_examples=43793
I0615 03:44:06.435388 140609006052544 spec.py:333] Evaluating on the training split.
I0615 03:44:31.946106 140609006052544 spec.py:346] Evaluating on the validation split.
I0615 03:44:33.935672 140609006052544 spec.py:363] Evaluating on the test split.
I0615 03:44:35.921564 140609006052544 submission_runner.py:516] Time since start: 10730.22s, 	Step: 42041, 	{'train/accuracy': 0.9994883883623885, 'train/loss': 0.0019915785156980424, 'train/mean_average_precision': 0.9945177796248252, 'validation/accuracy': 0.9853258275177876, 'validation/loss': 0.10102320386505119, 'validation/mean_average_precision': 0.237633890936942, 'validation/num_examples': 43793, 'test/accuracy': 0.9844801678516288, 'test/loss': 0.10695084877602572, 'test/mean_average_precision': 0.22599618136625751, 'test/num_examples': 43793, 'score': 9969.80568933487, 'total_duration': 10730.221120119095, 'accumulated_submission_time': 9969.80568933487, 'accumulated_eval_time': 728.4159808158875, 'accumulated_logging_time': 1.0838375091552734}
I0615 03:44:35.947275 140575311046400 logging_writer.py:48] [42041] accumulated_eval_time=728.416, accumulated_logging_time=1.08384, accumulated_submission_time=9969.81, global_step=42041, preemption_count=0, score=9969.81, test/accuracy=0.98448, test/loss=0.106951, test/mean_average_precision=0.225996, test/num_examples=43793, total_duration=10730.2, train/accuracy=0.999488, train/loss=0.00199158, train/mean_average_precision=0.994518, validation/accuracy=0.985326, validation/loss=0.101023, validation/mean_average_precision=0.237634, validation/num_examples=43793
I0615 03:52:08.389412 140609006052544 spec.py:333] Evaluating on the training split.
I0615 03:52:33.918192 140609006052544 spec.py:346] Evaluating on the validation split.
I0615 03:52:35.943138 140609006052544 spec.py:363] Evaluating on the test split.
I0615 03:52:37.972363 140609006052544 submission_runner.py:516] Time since start: 11212.27s, 	Step: 43998, 	{'train/accuracy': 0.9995760167878474, 'train/loss': 0.0016910824021869157, 'train/mean_average_precision': 0.9961779736803555, 'validation/accuracy': 0.9853148675549378, 'validation/loss': 0.10591057350238196, 'validation/mean_average_precision': 0.2362069383590428, 'validation/num_examples': 43793, 'test/accuracy': 0.9844490031072093, 'test/loss': 0.11237640967825349, 'test/mean_average_precision': 0.2224596618968122, 'test/num_examples': 43793, 'score': 10420.87793469429, 'total_duration': 11212.271904468536, 'accumulated_submission_time': 10420.87793469429, 'accumulated_eval_time': 757.998831987381, 'accumulated_logging_time': 1.119537591934204}
I0615 03:52:37.998182 140575319439104 logging_writer.py:48] [43998] accumulated_eval_time=757.999, accumulated_logging_time=1.11954, accumulated_submission_time=10420.9, global_step=43998, preemption_count=0, score=10420.9, test/accuracy=0.984449, test/loss=0.112376, test/mean_average_precision=0.22246, test/num_examples=43793, total_duration=11212.3, train/accuracy=0.999576, train/loss=0.00169108, train/mean_average_precision=0.996178, validation/accuracy=0.985315, validation/loss=0.105911, validation/mean_average_precision=0.236207, validation/num_examples=43793
I0615 04:00:10.421788 140609006052544 spec.py:333] Evaluating on the training split.
I0615 04:00:35.723181 140609006052544 spec.py:346] Evaluating on the validation split.
I0615 04:00:37.690966 140609006052544 spec.py:363] Evaluating on the test split.
I0615 04:00:39.693485 140609006052544 submission_runner.py:516] Time since start: 11693.99s, 	Step: 45965, 	{'train/accuracy': 0.9999574359494788, 'train/loss': 0.0005048816126534695, 'train/mean_average_precision': 0.9994937063026186, 'validation/accuracy': 0.9853219712345627, 'validation/loss': 0.10951229129389262, 'validation/mean_average_precision': 0.23869125770238284, 'validation/num_examples': 43793, 'test/accuracy': 0.9844378427595455, 'test/loss': 0.1159523666885943, 'test/mean_average_precision': 0.22453805267182755, 'test/num_examples': 43793, 'score': 10871.925154209137, 'total_duration': 11693.993022441864, 'accumulated_submission_time': 10871.925154209137, 'accumulated_eval_time': 787.2704312801361, 'accumulated_logging_time': 1.1553544998168945}
I0615 04:00:39.720489 140575311046400 logging_writer.py:48] [45965] accumulated_eval_time=787.27, accumulated_logging_time=1.15535, accumulated_submission_time=10871.9, global_step=45965, preemption_count=0, score=10871.9, test/accuracy=0.984438, test/loss=0.115952, test/mean_average_precision=0.224538, test/num_examples=43793, total_duration=11694, train/accuracy=0.999957, train/loss=0.000504882, train/mean_average_precision=0.999494, validation/accuracy=0.985322, validation/loss=0.109512, validation/mean_average_precision=0.238691, validation/num_examples=43793
I0615 04:08:12.234702 140609006052544 spec.py:333] Evaluating on the training split.
I0615 04:08:37.589037 140609006052544 spec.py:346] Evaluating on the validation split.
I0615 04:08:39.593590 140609006052544 spec.py:363] Evaluating on the test split.
I0615 04:08:41.632886 140609006052544 submission_runner.py:516] Time since start: 12175.93s, 	Step: 47946, 	{'train/accuracy': 0.999979927676664, 'train/loss': 0.0004982644673791784, 'train/mean_average_precision': 0.9999879537926633, 'validation/accuracy': 0.9853662170105119, 'validation/loss': 0.11256346122933437, 'validation/mean_average_precision': 0.23795828662368682, 'validation/num_examples': 43793, 'test/accuracy': 0.9844854321665646, 'test/loss': 0.11931772477993058, 'test/mean_average_precision': 0.22212290913451482, 'test/num_examples': 43793, 'score': 11323.067906618118, 'total_duration': 12175.932468175888, 'accumulated_submission_time': 11323.067906618118, 'accumulated_eval_time': 816.6686146259308, 'accumulated_logging_time': 1.1932613849639893}
I0615 04:08:41.659162 140575319439104 logging_writer.py:48] [47946] accumulated_eval_time=816.669, accumulated_logging_time=1.19326, accumulated_submission_time=11323.1, global_step=47946, preemption_count=0, score=11323.1, test/accuracy=0.984485, test/loss=0.119318, test/mean_average_precision=0.222123, test/num_examples=43793, total_duration=12175.9, train/accuracy=0.99998, train/loss=0.000498264, train/mean_average_precision=0.999988, validation/accuracy=0.985366, validation/loss=0.112563, validation/mean_average_precision=0.237958, validation/num_examples=43793
I0615 04:16:14.245668 140609006052544 spec.py:333] Evaluating on the training split.
I0615 04:16:39.554076 140609006052544 spec.py:346] Evaluating on the validation split.
I0615 04:16:41.590100 140609006052544 spec.py:363] Evaluating on the test split.
I0615 04:16:43.612325 140609006052544 submission_runner.py:516] Time since start: 12657.91s, 	Step: 49918, 	{'train/accuracy': 0.9999895813716497, 'train/loss': 0.00044123539923839825, 'train/mean_average_precision': 0.9990333973585445, 'validation/accuracy': 0.9853704792182867, 'validation/loss': 0.11384265633778118, 'validation/mean_average_precision': 0.2379604367729397, 'validation/num_examples': 43793, 'test/accuracy': 0.9844986982402026, 'test/loss': 0.12072527098587563, 'test/mean_average_precision': 0.22370959328424372, 'test/num_examples': 43793, 'score': 11774.284215211868, 'total_duration': 12657.91191291809, 'accumulated_submission_time': 11774.284215211868, 'accumulated_eval_time': 846.0353109836578, 'accumulated_logging_time': 1.233139991760254}
I0615 04:16:43.638795 140575311046400 logging_writer.py:48] [49918] accumulated_eval_time=846.035, accumulated_logging_time=1.23314, accumulated_submission_time=11774.3, global_step=49918, preemption_count=0, score=11774.3, test/accuracy=0.984499, test/loss=0.120725, test/mean_average_precision=0.22371, test/num_examples=43793, total_duration=12657.9, train/accuracy=0.99999, train/loss=0.000441235, train/mean_average_precision=0.999033, validation/accuracy=0.98537, validation/loss=0.113843, validation/mean_average_precision=0.23796, validation/num_examples=43793
I0615 04:24:16.124300 140609006052544 spec.py:333] Evaluating on the training split.
I0615 04:24:41.362841 140609006052544 spec.py:346] Evaluating on the validation split.
I0615 04:24:43.363974 140609006052544 spec.py:363] Evaluating on the test split.
I0615 04:24:45.319655 140609006052544 submission_runner.py:516] Time since start: 13139.62s, 	Step: 51887, 	{'train/accuracy': 0.999994091037029, 'train/loss': 0.00034447522979956995, 'train/mean_average_precision': 0.9998121496004042, 'validation/accuracy': 0.9853499800285122, 'validation/loss': 0.11400389718012334, 'validation/mean_average_precision': 0.23824477919027764, 'validation/num_examples': 43793, 'test/accuracy': 0.9844721660929265, 'test/loss': 0.12087902846436142, 'test/mean_average_precision': 0.22393540694217345, 'test/num_examples': 43793, 'score': 12225.396474123001, 'total_duration': 13139.619208097458, 'accumulated_submission_time': 12225.396474123001, 'accumulated_eval_time': 875.2306666374207, 'accumulated_logging_time': 1.269454002380371}
I0615 04:24:45.345335 140575319439104 logging_writer.py:48] [51887] accumulated_eval_time=875.231, accumulated_logging_time=1.26945, accumulated_submission_time=12225.4, global_step=51887, preemption_count=0, score=12225.4, test/accuracy=0.984472, test/loss=0.120879, test/mean_average_precision=0.223935, test/num_examples=43793, total_duration=13139.6, train/accuracy=0.999994, train/loss=0.000344475, train/mean_average_precision=0.999812, validation/accuracy=0.98535, validation/loss=0.114004, validation/mean_average_precision=0.238245, validation/num_examples=43793
I0615 04:25:12.292740 140609006052544 spec.py:333] Evaluating on the training split.
I0615 04:25:37.800399 140609006052544 spec.py:346] Evaluating on the validation split.
I0615 04:25:39.826677 140609006052544 spec.py:363] Evaluating on the test split.
I0615 04:25:41.836440 140609006052544 submission_runner.py:516] Time since start: 13196.14s, 	Step: 52001, 	{'train/accuracy': 0.9999970512232018, 'train/loss': 0.00033468928623690375, 'train/mean_average_precision': 0.9999999679745041, 'validation/accuracy': 0.9853518066889871, 'validation/loss': 0.1140046329183702, 'validation/mean_average_precision': 0.23849038350475163, 'validation/num_examples': 43793, 'test/accuracy': 0.9844721660929265, 'test/loss': 0.12087951541349298, 'test/mean_average_precision': 0.22390310960507492, 'test/num_examples': 43793, 'score': 12251.423075437546, 'total_duration': 13196.136043310165, 'accumulated_submission_time': 12251.423075437546, 'accumulated_eval_time': 904.7743828296661, 'accumulated_logging_time': 1.3051261901855469}
I0615 04:25:41.860606 140575311046400 logging_writer.py:48] [52001] accumulated_eval_time=904.774, accumulated_logging_time=1.30513, accumulated_submission_time=12251.4, global_step=52001, preemption_count=0, score=12251.4, test/accuracy=0.984472, test/loss=0.12088, test/mean_average_precision=0.223903, test/num_examples=43793, total_duration=13196.1, train/accuracy=0.999997, train/loss=0.000334689, train/mean_average_precision=1, validation/accuracy=0.985352, validation/loss=0.114005, validation/mean_average_precision=0.23849, validation/num_examples=43793
I0615 04:25:42.329694 140575319439104 logging_writer.py:48] [52001] global_step=52001, preemption_count=0, score=12251.4
I0615 04:25:42.463245 140609006052544 submission_runner.py:857] Final ogbg score: 12251.423075437546
