python submission_runner.py --framework=jax --workload=imagenet_resnet --submission_path=submissions_algorithms/submissions/self_tuning/nadamw_baselinev05/submission.py --data_dir=/data/imagenet/jax --experiment_dir=/experiment_runs --experiment_name=submissions_a100/nadamw_baselinev05/study_2 --overwrite=True --save_checkpoints=False --rng_seed=-608509513 --imagenet_v2_data_dir=/data/imagenet/jax --tuning_ruleset=self 2>&1 | tee -a /logs/imagenet_resnet_jax_04-11-2026-02-37-08.log
2026-04-11 02:37:09.133006: E external/local_xla/xla/stream_executor/cuda/cuda_fft.cc:467] Unable to register cuFFT factory: Attempting to register factory for plugin cuFFT when one has already been registered
WARNING: All log messages before absl::InitializeLog() is called are written to STDERR
E0000 00:00:1775875029.159222       9 cuda_dnn.cc:8579] Unable to register cuDNN factory: Attempting to register factory for plugin cuDNN when one has already been registered
E0000 00:00:1775875029.167945       9 cuda_blas.cc:1407] Unable to register cuBLAS factory: Attempting to register factory for plugin cuBLAS when one has already been registered
W0000 00:00:1775875029.193416       9 computation_placer.cc:177] computation placer already registered. Please check linkage and avoid linking the same target more than once.
W0000 00:00:1775875029.193448       9 computation_placer.cc:177] computation placer already registered. Please check linkage and avoid linking the same target more than once.
W0000 00:00:1775875029.193451       9 computation_placer.cc:177] computation placer already registered. Please check linkage and avoid linking the same target more than once.
W0000 00:00:1775875029.193453       9 computation_placer.cc:177] computation placer already registered. Please check linkage and avoid linking the same target more than once.
/usr/local/lib/python3.11/site-packages/torch/__init__.py:1617: UserWarning: Please use the new API settings to control TF32 behavior, such as torch.backends.cudnn.conv.fp32_precision = 'tf32' or torch.backends.cuda.matmul.fp32_precision = 'ieee'. Old settings, e.g, torch.backends.cuda.matmul.allow_tf32 = True, torch.backends.cudnn.allow_tf32 = True, allowTF32CuDNN() and allowTF32CuBLAS() will be deprecated after Pytorch 2.9. Please see https://pytorch.org/docs/main/notes/cuda.html#tensorfloat-32-tf32-on-ampere-and-later-devices (Triggered internally at /pytorch/aten/src/ATen/Context.cpp:80.)
  _C._set_float32_matmul_precision(precision)
/usr/local/lib/python3.11/site-packages/pydantic/_internal/_generate_schema.py:2249: UnsupportedFieldAttributeWarning: The 'repr' attribute with value False was provided to the `Field()` function, which has no effect in the context it was used. 'repr' is field-specific metadata, and can only be attached to a model field using `Annotated` metadata or by assignment. This may have happened because an `Annotated` type alias using the `type` statement was used, or if the `Field()` function was attached to a single member of a union type.
  warnings.warn(
/usr/local/lib/python3.11/site-packages/pydantic/_internal/_generate_schema.py:2249: UnsupportedFieldAttributeWarning: The 'frozen' attribute with value True was provided to the `Field()` function, which has no effect in the context it was used. 'frozen' is field-specific metadata, and can only be attached to a model field using `Annotated` metadata or by assignment. This may have happened because an `Annotated` type alias using the `type` statement was used, or if the `Field()` function was attached to a single member of a union type.
  warnings.warn(
INFO:2026-04-11 02:37:16,957:jax._src.xla_bridge:830: Unable to initialize backend 'tpu': INTERNAL: Failed to open libtpu.so: libtpu.so: cannot open shared object file: No such file or directory
I0411 02:37:16.957988 140106108687552 xla_bridge.py:830] Unable to initialize backend 'tpu': INTERNAL: Failed to open libtpu.so: libtpu.so: cannot open shared object file: No such file or directory
I0411 02:37:17.591890 140106108687552 logger_utils.py:59] Removing existing experiment directory /experiment_runs/submissions_a100/nadamw_baselinev05/study_2/imagenet_resnet_jax because --overwrite was set.
I0411 02:37:17.601310 140106108687552 logger_utils.py:84] Creating experiment directory at /experiment_runs/submissions_a100/nadamw_baselinev05/study_2/imagenet_resnet_jax.
I0411 02:37:17.995694 140106108687552 submission_runner.py:741] Creating directory at /experiment_runs/submissions_a100/nadamw_baselinev05/study_2/imagenet_resnet_jax/trial_1.
I0411 02:37:18.546343 140106108687552 submission_runner.py:242] Initializing dataset.
I0411 02:37:18.867883 140106108687552 dataset_info.py:707] Load dataset info from /data/imagenet/jax/imagenet2012/5.1.0
I0411 02:37:19.118791 140106108687552 dataset_info.py:793] For 'imagenet2012/5.1.0': fields info.[splits, supervised_keys] differ on disk and in the code. Keeping the one from code.
I0411 02:37:19.412184 140106108687552 reader.py:262] Creating a tf.data.Dataset reading 1024 files located in folders: /data/imagenet/jax/imagenet2012/5.1.0.
I0411 02:37:19.500572 140106108687552 logging_logger.py:49] Constructing tf.data.Dataset imagenet2012 for split train, from /data/imagenet/jax/imagenet2012/5.1.0
I0411 02:37:20.500553 140106108687552 submission_runner.py:251] Initializing model.
I0411 02:37:45.697266 140106108687552 submission_runner.py:294] Initializing optimizer.
I0411 02:37:46.974645 140106108687552 submission_runner.py:299] Initializing metrics bundle.
I0411 02:37:46.974903 140106108687552 submission_runner.py:321] Initializing checkpoint and logger.
I0411 02:37:46.978101 140106108687552 checkpoints.py:1098] Found no checkpoint files in /experiment_runs/submissions_a100/nadamw_baselinev05/study_2/imagenet_resnet_jax/trial_1 with prefix checkpoint_
I0411 02:37:46.978245 140106108687552 submission_runner.py:344] Saving meta data to /experiment_runs/submissions_a100/nadamw_baselinev05/study_2/imagenet_resnet_jax/trial_1/meta_data_0.json.
I0411 02:37:47.147701 140106108687552 submission_runner.py:348] Saving flags to /experiment_runs/submissions_a100/nadamw_baselinev05/study_2/imagenet_resnet_jax/trial_1/flags_0.json.
I0411 02:37:47.159823 140106108687552 submission_runner.py:359] Starting training loop.
I0411 02:38:44.239960 140106108687552 spec.py:333] Evaluating on the training split.
I0411 02:38:44.547017 140106108687552 dataset_info.py:707] Load dataset info from /data/imagenet/jax/imagenet2012/5.1.0
I0411 02:38:44.552660 140106108687552 dataset_info.py:793] For 'imagenet2012/5.1.0': fields info.[splits, supervised_keys] differ on disk and in the code. Keeping the one from code.
I0411 02:38:44.571393 140106108687552 reader.py:262] Creating a tf.data.Dataset reading 1024 files located in folders: /data/imagenet/jax/imagenet2012/5.1.0.
I0411 02:38:44.618697 140106108687552 logging_logger.py:49] Constructing tf.data.Dataset imagenet2012 for split train, from /data/imagenet/jax/imagenet2012/5.1.0
I0411 02:39:05.093266 140106108687552 spec.py:346] Evaluating on the validation split.
I0411 02:39:05.097653 140106108687552 dataset_info.py:707] Load dataset info from /data/imagenet/jax/imagenet2012/5.1.0
I0411 02:39:05.112566 140106108687552 dataset_info.py:793] For 'imagenet2012/5.1.0': fields info.[splits, supervised_keys] differ on disk and in the code. Keeping the one from code.
I0411 02:39:05.115340 140106108687552 reader.py:262] Creating a tf.data.Dataset reading 64 files located in folders: /data/imagenet/jax/imagenet2012/5.1.0.
I0411 02:39:05.172238 140106108687552 logging_logger.py:49] Constructing tf.data.Dataset imagenet2012 for split validation, from /data/imagenet/jax/imagenet2012/5.1.0
I0411 02:39:30.816333 140106108687552 spec.py:363] Evaluating on the test split.
I0411 02:39:30.969054 140106108687552 dataset_info.py:707] Load dataset info from /data/imagenet/jax/imagenet_v2/matched-frequency/3.0.0
I0411 02:39:31.076288 140106108687552 reader.py:262] Creating a tf.data.Dataset reading 16 files located in folders: /data/imagenet/jax/imagenet_v2/matched-frequency/3.0.0.
I0411 02:39:31.127601 140106108687552 logging_logger.py:49] Constructing tf.data.Dataset imagenet_v2 for split test, from /data/imagenet/jax/imagenet_v2/matched-frequency/3.0.0
I0411 02:39:35.722470 140106108687552 submission_runner.py:516] Time since start: 108.56s, 	Step: 1, 	{'train/accuracy': Array(0.00107621, dtype=float32), 'train/loss': Array(6.9112244, dtype=float32), 'validation/accuracy': Array(0.0012, dtype=float32), 'validation/loss': Array(6.911796, dtype=float32), 'validation/num_examples': 50000, 'test/accuracy': Array(0.0012, dtype=float32), 'test/loss': Array(6.9114122, dtype=float32), 'test/num_examples': 10000, 'score': 57.07999563217163, 'total_duration': 108.56070137023926, 'accumulated_submission_time': 57.07999563217163, 'accumulated_eval_time': 51.48059797286987, 'accumulated_logging_time': 0}
I0411 02:39:35.742360 139889517500160 logging_writer.py:48] [1] accumulated_eval_time=51.4806, accumulated_logging_time=0, accumulated_submission_time=57.08, global_step=1, preemption_count=0, score=57.08, test/accuracy=0.0012000000569969416, test/loss=6.911412239074707, test/num_examples=10000, total_duration=108.561, train/accuracy=0.0010762116871774197, train/loss=6.911224365234375, validation/accuracy=0.0011999999405816197, validation/loss=6.9117960929870605, validation/num_examples=50000
I0411 03:12:51.925138 140106108687552 spec.py:333] Evaluating on the training split.
I0411 03:13:03.274524 140106108687552 spec.py:346] Evaluating on the validation split.
I0411 03:13:12.907988 140106108687552 spec.py:363] Evaluating on the test split.
I0411 03:13:13.872408 140106108687552 submission_runner.py:516] Time since start: 2126.71s, 	Step: 7656, 	{'train/accuracy': Array(0.5935507, dtype=float32), 'train/loss': Array(1.6877141, dtype=float32), 'validation/accuracy': Array(0.51824, dtype=float32), 'validation/loss': Array(2.0946105, dtype=float32), 'validation/num_examples': 50000, 'test/accuracy': Array(0.38340002, dtype=float32), 'test/loss': Array(2.9113579, dtype=float32), 'test/num_examples': 10000, 'score': 2053.151053905487, 'total_duration': 2126.7098500728607, 'accumulated_submission_time': 2053.151053905487, 'accumulated_eval_time': 73.4251639842987, 'accumulated_logging_time': 0.058893442153930664}
I0411 03:13:13.900186 139889525892864 logging_writer.py:48] [7656] accumulated_eval_time=73.4252, accumulated_logging_time=0.0588934, accumulated_submission_time=2053.15, global_step=7656, preemption_count=0, score=2053.15, test/accuracy=0.383400022983551, test/loss=2.911357879638672, test/num_examples=10000, total_duration=2126.71, train/accuracy=0.5935506820678711, train/loss=1.6877140998840332, validation/accuracy=0.5182399749755859, validation/loss=2.0946104526519775, validation/num_examples=50000
I0411 03:46:29.950846 140106108687552 spec.py:333] Evaluating on the training split.
I0411 03:46:42.781987 140106108687552 spec.py:346] Evaluating on the validation split.
I0411 03:46:51.861284 140106108687552 spec.py:363] Evaluating on the test split.
I0411 03:46:52.752926 140106108687552 submission_runner.py:516] Time since start: 4145.59s, 	Step: 15628, 	{'train/accuracy': Array(0.6397281, dtype=float32), 'train/loss': Array(1.4586077, dtype=float32), 'validation/accuracy': Array(0.57927996, dtype=float32), 'validation/loss': Array(1.7764231, dtype=float32), 'validation/num_examples': 50000, 'test/accuracy': Array(0.46040002, dtype=float32), 'test/loss': Array(2.529522, dtype=float32), 'test/num_examples': 10000, 'score': 4049.106110095978, 'total_duration': 4145.588413000107, 'accumulated_submission_time': 4049.106110095978, 'accumulated_eval_time': 96.22257614135742, 'accumulated_logging_time': 0.10680842399597168}
I0411 03:46:52.799642 139889534285568 logging_writer.py:48] [15628] accumulated_eval_time=96.2226, accumulated_logging_time=0.106808, accumulated_submission_time=4049.11, global_step=15628, preemption_count=0, score=4049.11, test/accuracy=0.4604000151157379, test/loss=2.529521942138672, test/num_examples=10000, total_duration=4145.59, train/accuracy=0.6397281289100647, train/loss=1.4586076736450195, validation/accuracy=0.5792799592018127, validation/loss=1.7764230966567993, validation/num_examples=50000
I0411 04:20:08.985304 140106108687552 spec.py:333] Evaluating on the training split.
I0411 04:20:21.763114 140106108687552 spec.py:346] Evaluating on the validation split.
I0411 04:20:31.000910 140106108687552 spec.py:363] Evaluating on the test split.
I0411 04:20:31.872058 140106108687552 submission_runner.py:516] Time since start: 6164.71s, 	Step: 23600, 	{'train/accuracy': Array(0.64775985, dtype=float32), 'train/loss': Array(1.4102483, dtype=float32), 'validation/accuracy': Array(0.5966, dtype=float32), 'validation/loss': Array(1.6975641, dtype=float32), 'validation/num_examples': 50000, 'test/accuracy': Array(0.47410002, dtype=float32), 'test/loss': Array(2.4342024, dtype=float32), 'test/num_examples': 10000, 'score': 6045.183855295181, 'total_duration': 6164.70946764946, 'accumulated_submission_time': 6045.183855295181, 'accumulated_eval_time': 119.10657978057861, 'accumulated_logging_time': 0.1872425079345703}
I0411 04:20:31.910454 139889525892864 logging_writer.py:48] [23600] accumulated_eval_time=119.107, accumulated_logging_time=0.187243, accumulated_submission_time=6045.18, global_step=23600, preemption_count=0, score=6045.18, test/accuracy=0.4741000235080719, test/loss=2.4342024326324463, test/num_examples=10000, total_duration=6164.71, train/accuracy=0.6477598547935486, train/loss=1.4102482795715332, validation/accuracy=0.5965999960899353, validation/loss=1.6975641250610352, validation/num_examples=50000
I0411 04:53:47.998347 140106108687552 spec.py:333] Evaluating on the training split.
I0411 04:54:00.670280 140106108687552 spec.py:346] Evaluating on the validation split.
I0411 04:54:09.839724 140106108687552 spec.py:363] Evaluating on the test split.
I0411 04:54:10.715989 140106108687552 submission_runner.py:516] Time since start: 8183.55s, 	Step: 31573, 	{'train/accuracy': Array(0.7085459, dtype=float32), 'train/loss': Array(1.114864, dtype=float32), 'validation/accuracy': Array(0.61682, dtype=float32), 'validation/loss': Array(1.5903008, dtype=float32), 'validation/num_examples': 50000, 'test/accuracy': Array(0.485, dtype=float32), 'test/loss': Array(2.344609, dtype=float32), 'test/num_examples': 10000, 'score': 8041.174651861191, 'total_duration': 8183.553595304489, 'accumulated_submission_time': 8041.174651861191, 'accumulated_eval_time': 141.8216757774353, 'accumulated_logging_time': 0.24750399589538574}
I0411 04:54:10.761403 139889534285568 logging_writer.py:48] [31573] accumulated_eval_time=141.822, accumulated_logging_time=0.247504, accumulated_submission_time=8041.17, global_step=31573, preemption_count=0, score=8041.17, test/accuracy=0.48500001430511475, test/loss=2.344609022140503, test/num_examples=10000, total_duration=8183.55, train/accuracy=0.7085459232330322, train/loss=1.1148639917373657, validation/accuracy=0.6168199777603149, validation/loss=1.5903007984161377, validation/num_examples=50000
I0411 05:27:26.792119 140106108687552 spec.py:333] Evaluating on the training split.
I0411 05:27:39.241761 140106108687552 spec.py:346] Evaluating on the validation split.
I0411 05:27:48.524410 140106108687552 spec.py:363] Evaluating on the test split.
I0411 05:27:49.407385 140106108687552 submission_runner.py:516] Time since start: 10202.24s, 	Step: 39545, 	{'train/accuracy': Array(0.69056916, dtype=float32), 'train/loss': Array(1.2046963, dtype=float32), 'validation/accuracy': Array(0.62634, dtype=float32), 'validation/loss': Array(1.5444171, dtype=float32), 'validation/num_examples': 50000, 'test/accuracy': Array(0.49920002, dtype=float32), 'test/loss': Array(2.279848, dtype=float32), 'test/num_examples': 10000, 'score': 10037.083438634872, 'total_duration': 10202.244901657104, 'accumulated_submission_time': 10037.083438634872, 'accumulated_eval_time': 164.43430066108704, 'accumulated_logging_time': 0.33997535705566406}
I0411 05:27:49.451633 139889525892864 logging_writer.py:48] [39545] accumulated_eval_time=164.434, accumulated_logging_time=0.339975, accumulated_submission_time=10037.1, global_step=39545, preemption_count=0, score=10037.1, test/accuracy=0.4992000162601471, test/loss=2.279848098754883, test/num_examples=10000, total_duration=10202.2, train/accuracy=0.6905691623687744, train/loss=1.2046962976455688, validation/accuracy=0.6263399720191956, validation/loss=1.544417142868042, validation/num_examples=50000
I0411 06:01:05.622190 140106108687552 spec.py:333] Evaluating on the training split.
I0411 06:01:17.514912 140106108687552 spec.py:346] Evaluating on the validation split.
I0411 06:01:26.843603 140106108687552 spec.py:363] Evaluating on the test split.
I0411 06:01:27.720918 140106108687552 submission_runner.py:516] Time since start: 12220.56s, 	Step: 47518, 	{'train/accuracy': Array(0.69487405, dtype=float32), 'train/loss': Array(1.1866579, dtype=float32), 'validation/accuracy': Array(0.63154, dtype=float32), 'validation/loss': Array(1.5085012, dtype=float32), 'validation/num_examples': 50000, 'test/accuracy': Array(0.504, dtype=float32), 'test/loss': Array(2.24424, dtype=float32), 'test/num_examples': 10000, 'score': 12033.145267009735, 'total_duration': 12220.558474302292, 'accumulated_submission_time': 12033.145267009735, 'accumulated_eval_time': 186.5304253101349, 'accumulated_logging_time': 0.4184422492980957}
I0411 06:01:27.837202 139889534285568 logging_writer.py:48] [47518] accumulated_eval_time=186.53, accumulated_logging_time=0.418442, accumulated_submission_time=12033.1, global_step=47518, preemption_count=0, score=12033.1, test/accuracy=0.5040000081062317, test/loss=2.2442400455474854, test/num_examples=10000, total_duration=12220.6, train/accuracy=0.6948740482330322, train/loss=1.1866579055786133, validation/accuracy=0.6315400004386902, validation/loss=1.5085011720657349, validation/num_examples=50000
I0411 06:34:43.850693 140106108687552 spec.py:333] Evaluating on the training split.
I0411 06:34:55.157851 140106108687552 spec.py:346] Evaluating on the validation split.
I0411 06:35:04.408145 140106108687552 spec.py:363] Evaluating on the test split.
I0411 06:35:05.292348 140106108687552 submission_runner.py:516] Time since start: 14238.13s, 	Step: 55489, 	{'train/accuracy': Array(0.74790734, dtype=float32), 'train/loss': Array(0.94791085, dtype=float32), 'validation/accuracy': Array(0.63975996, dtype=float32), 'validation/loss': Array(1.4788239, dtype=float32), 'validation/num_examples': 50000, 'test/accuracy': Array(0.52510005, dtype=float32), 'test/loss': Array(2.1681752, dtype=float32), 'test/num_examples': 10000, 'score': 14028.999059915543, 'total_duration': 14238.129618167877, 'accumulated_submission_time': 14028.999059915543, 'accumulated_eval_time': 207.96919226646423, 'accumulated_logging_time': 0.6204876899719238}
I0411 06:35:05.332001 139889525892864 logging_writer.py:48] [55489] accumulated_eval_time=207.969, accumulated_logging_time=0.620488, accumulated_submission_time=14029, global_step=55489, preemption_count=0, score=14029, test/accuracy=0.52510005235672, test/loss=2.168175220489502, test/num_examples=10000, total_duration=14238.1, train/accuracy=0.7479073405265808, train/loss=0.9479108452796936, validation/accuracy=0.6397599577903748, validation/loss=1.4788239002227783, validation/num_examples=50000
I0411 07:08:21.362222 140106108687552 spec.py:333] Evaluating on the training split.
I0411 07:08:32.355100 140106108687552 spec.py:346] Evaluating on the validation split.
I0411 07:08:41.563405 140106108687552 spec.py:363] Evaluating on the test split.
I0411 07:08:42.436331 140106108687552 submission_runner.py:516] Time since start: 16255.27s, 	Step: 63460, 	{'train/accuracy': Array(0.7098015, dtype=float32), 'train/loss': Array(1.11678, dtype=float32), 'validation/accuracy': Array(0.6423, dtype=float32), 'validation/loss': Array(1.4696094, dtype=float32), 'validation/num_examples': 50000, 'test/accuracy': Array(0.5113, dtype=float32), 'test/loss': Array(2.2310948, dtype=float32), 'test/num_examples': 10000, 'score': 16024.943979024887, 'total_duration': 16255.274232149124, 'accumulated_submission_time': 16024.943979024887, 'accumulated_eval_time': 229.0410451889038, 'accumulated_logging_time': 0.6702463626861572}
I0411 07:08:42.474321 139889534285568 logging_writer.py:48] [63460] accumulated_eval_time=229.041, accumulated_logging_time=0.670246, accumulated_submission_time=16024.9, global_step=63460, preemption_count=0, score=16024.9, test/accuracy=0.5113000273704529, test/loss=2.2310948371887207, test/num_examples=10000, total_duration=16255.3, train/accuracy=0.7098014950752258, train/loss=1.1167800426483154, validation/accuracy=0.642300009727478, validation/loss=1.4696093797683716, validation/num_examples=50000
I0411 07:41:58.468563 140106108687552 spec.py:333] Evaluating on the training split.
I0411 07:42:09.711107 140106108687552 spec.py:346] Evaluating on the validation split.
I0411 07:42:18.987933 140106108687552 spec.py:363] Evaluating on the test split.
I0411 07:42:19.882597 140106108687552 submission_runner.py:516] Time since start: 18272.72s, 	Step: 71432, 	{'train/accuracy': Array(0.71807235, dtype=float32), 'train/loss': Array(1.0912285, dtype=float32), 'validation/accuracy': Array(0.64852, dtype=float32), 'validation/loss': Array(1.4331806, dtype=float32), 'validation/num_examples': 50000, 'test/accuracy': Array(0.5192, dtype=float32), 'test/loss': Array(2.196363, dtype=float32), 'test/num_examples': 10000, 'score': 18020.83939886093, 'total_duration': 18272.719710350037, 'accumulated_submission_time': 18020.83939886093, 'accumulated_eval_time': 250.45203137397766, 'accumulated_logging_time': 0.732229471206665}
I0411 07:42:19.912548 139889525892864 logging_writer.py:48] [71432] accumulated_eval_time=250.452, accumulated_logging_time=0.732229, accumulated_submission_time=18020.8, global_step=71432, preemption_count=0, score=18020.8, test/accuracy=0.5192000269889832, test/loss=2.1963629722595215, test/num_examples=10000, total_duration=18272.7, train/accuracy=0.7180723547935486, train/loss=1.0912284851074219, validation/accuracy=0.6485199928283691, validation/loss=1.433180570602417, validation/num_examples=50000
I0411 08:15:35.904995 140106108687552 spec.py:333] Evaluating on the training split.
I0411 08:15:46.921347 140106108687552 spec.py:346] Evaluating on the validation split.
I0411 08:15:56.071677 140106108687552 spec.py:363] Evaluating on the test split.
I0411 08:15:56.951910 140106108687552 submission_runner.py:516] Time since start: 20289.79s, 	Step: 79404, 	{'train/accuracy': Array(0.7674386, dtype=float32), 'train/loss': Array(0.87195486, dtype=float32), 'validation/accuracy': Array(0.65466, dtype=float32), 'validation/loss': Array(1.4269059, dtype=float32), 'validation/num_examples': 50000, 'test/accuracy': Array(0.52610004, dtype=float32), 'test/loss': Array(2.1622522, dtype=float32), 'test/num_examples': 10000, 'score': 20016.746079444885, 'total_duration': 20289.789701461792, 'accumulated_submission_time': 20016.746079444885, 'accumulated_eval_time': 271.4965789318085, 'accumulated_logging_time': 0.7728376388549805}
I0411 08:15:56.991320 139889534285568 logging_writer.py:48] [79404] accumulated_eval_time=271.497, accumulated_logging_time=0.772838, accumulated_submission_time=20016.7, global_step=79404, preemption_count=0, score=20016.7, test/accuracy=0.5261000394821167, test/loss=2.162252187728882, test/num_examples=10000, total_duration=20289.8, train/accuracy=0.7674385905265808, train/loss=0.8719548583030701, validation/accuracy=0.6546599864959717, validation/loss=1.426905870437622, validation/num_examples=50000
I0411 08:49:13.198700 140106108687552 spec.py:333] Evaluating on the training split.
I0411 08:49:24.257747 140106108687552 spec.py:346] Evaluating on the validation split.
I0411 08:49:33.379533 140106108687552 spec.py:363] Evaluating on the test split.
I0411 08:49:34.276654 140106108687552 submission_runner.py:516] Time since start: 22307.11s, 	Step: 87377, 	{'train/accuracy': Array(0.74376196, dtype=float32), 'train/loss': Array(0.96694165, dtype=float32), 'validation/accuracy': Array(0.66448, dtype=float32), 'validation/loss': Array(1.3752439, dtype=float32), 'validation/num_examples': 50000, 'test/accuracy': Array(0.5324, dtype=float32), 'test/loss': Array(2.149448, dtype=float32), 'test/num_examples': 10000, 'score': 22012.838754177094, 'total_duration': 22307.11456680298, 'accumulated_submission_time': 22012.838754177094, 'accumulated_eval_time': 292.5722813606262, 'accumulated_logging_time': 0.852104663848877}
I0411 08:49:34.313962 139889525892864 logging_writer.py:48] [87377] accumulated_eval_time=292.572, accumulated_logging_time=0.852105, accumulated_submission_time=22012.8, global_step=87377, preemption_count=0, score=22012.8, test/accuracy=0.5324000120162964, test/loss=2.1494479179382324, test/num_examples=10000, total_duration=22307.1, train/accuracy=0.7437619566917419, train/loss=0.9669416546821594, validation/accuracy=0.6644799709320068, validation/loss=1.375243902206421, validation/num_examples=50000
I0411 09:22:50.337604 140106108687552 spec.py:333] Evaluating on the training split.
I0411 09:22:59.961351 140106108687552 spec.py:346] Evaluating on the validation split.
I0411 09:23:08.998975 140106108687552 spec.py:363] Evaluating on the test split.
I0411 09:23:09.870152 140106108687552 submission_runner.py:516] Time since start: 24322.70s, 	Step: 95349, 	{'train/accuracy': Array(0.7558992, dtype=float32), 'train/loss': Array(0.92107725, dtype=float32), 'validation/accuracy': Array(0.67548, dtype=float32), 'validation/loss': Array(1.3194784, dtype=float32), 'validation/num_examples': 50000, 'test/accuracy': Array(0.5478, dtype=float32), 'test/loss': Array(2.0567582, dtype=float32), 'test/num_examples': 10000, 'score': 24008.748074531555, 'total_duration': 24322.70383644104, 'accumulated_submission_time': 24008.748074531555, 'accumulated_eval_time': 312.09835410118103, 'accumulated_logging_time': 0.9300837516784668}
I0411 09:23:09.907028 139889534285568 logging_writer.py:48] [95349] accumulated_eval_time=312.098, accumulated_logging_time=0.930084, accumulated_submission_time=24008.7, global_step=95349, preemption_count=0, score=24008.7, test/accuracy=0.5478000044822693, test/loss=2.056758165359497, test/num_examples=10000, total_duration=24322.7, train/accuracy=0.75589919090271, train/loss=0.9210772514343262, validation/accuracy=0.6754800081253052, validation/loss=1.3194783926010132, validation/num_examples=50000
I0411 09:56:25.959725 140106108687552 spec.py:333] Evaluating on the training split.
I0411 09:56:36.023194 140106108687552 spec.py:346] Evaluating on the validation split.
I0411 09:56:45.175114 140106108687552 spec.py:363] Evaluating on the test split.
I0411 09:56:46.045401 140106108687552 submission_runner.py:516] Time since start: 26338.88s, 	Step: 103322, 	{'train/accuracy': Array(0.8172433, dtype=float32), 'train/loss': Array(0.6691173, dtype=float32), 'validation/accuracy': Array(0.68588, dtype=float32), 'validation/loss': Array(1.2622592, dtype=float32), 'validation/num_examples': 50000, 'test/accuracy': Array(0.56130004, dtype=float32), 'test/loss': Array(1.9696497, dtype=float32), 'test/num_examples': 10000, 'score': 26004.688462495804, 'total_duration': 26338.8833527565, 'accumulated_submission_time': 26004.688462495804, 'accumulated_eval_time': 332.18182277679443, 'accumulated_logging_time': 1.0054740905761719}
I0411 09:56:46.094635 139889525892864 logging_writer.py:48] [103322] accumulated_eval_time=332.182, accumulated_logging_time=1.00547, accumulated_submission_time=26004.7, global_step=103322, preemption_count=0, score=26004.7, test/accuracy=0.5613000392913818, test/loss=1.9696496725082397, test/num_examples=10000, total_duration=26338.9, train/accuracy=0.8172432780265808, train/loss=0.669117271900177, validation/accuracy=0.6858800053596497, validation/loss=1.2622592449188232, validation/num_examples=50000
I0411 10:30:02.216476 140106108687552 spec.py:333] Evaluating on the training split.
I0411 10:30:11.353934 140106108687552 spec.py:346] Evaluating on the validation split.
I0411 10:30:21.336116 140106108687552 spec.py:363] Evaluating on the test split.
I0411 10:30:22.225294 140106108687552 submission_runner.py:516] Time since start: 28355.06s, 	Step: 111294, 	{'train/accuracy': Array(0.7934471, dtype=float32), 'train/loss': Array(0.7575679, dtype=float32), 'validation/accuracy': Array(0.69442, dtype=float32), 'validation/loss': Array(1.2429861, dtype=float32), 'validation/num_examples': 50000, 'test/accuracy': Array(0.5643, dtype=float32), 'test/loss': Array(1.9577005, dtype=float32), 'test/num_examples': 10000, 'score': 28000.713964939117, 'total_duration': 28355.0631275177, 'accumulated_submission_time': 28000.713964939117, 'accumulated_eval_time': 352.1883125305176, 'accumulated_logging_time': 1.0762569904327393}
I0411 10:30:22.270714 139889534285568 logging_writer.py:48] [111294] accumulated_eval_time=352.188, accumulated_logging_time=1.07626, accumulated_submission_time=28000.7, global_step=111294, preemption_count=0, score=28000.7, test/accuracy=0.564300000667572, test/loss=1.957700490951538, test/num_examples=10000, total_duration=28355.1, train/accuracy=0.7934470772743225, train/loss=0.7575678825378418, validation/accuracy=0.6944199800491333, validation/loss=1.2429860830307007, validation/num_examples=50000
I0411 11:03:38.377682 140106108687552 spec.py:333] Evaluating on the training split.
I0411 11:03:48.823622 140106108687552 spec.py:346] Evaluating on the validation split.
I0411 11:03:58.116257 140106108687552 spec.py:363] Evaluating on the test split.
I0411 11:03:58.999769 140106108687552 submission_runner.py:516] Time since start: 30371.84s, 	Step: 119265, 	{'train/accuracy': Array(0.7855548, dtype=float32), 'train/loss': Array(0.7842913, dtype=float32), 'validation/accuracy': Array(0.68913996, dtype=float32), 'validation/loss': Array(1.2688152, dtype=float32), 'validation/num_examples': 50000, 'test/accuracy': Array(0.55780005, dtype=float32), 'test/loss': Array(2.0436056, dtype=float32), 'test/num_examples': 10000, 'score': 29996.715447425842, 'total_duration': 30371.837109088898, 'accumulated_submission_time': 29996.715447425842, 'accumulated_eval_time': 372.8075804710388, 'accumulated_logging_time': 1.1523284912109375}
I0411 11:03:59.035973 139889525892864 logging_writer.py:48] [119265] accumulated_eval_time=372.808, accumulated_logging_time=1.15233, accumulated_submission_time=29996.7, global_step=119265, preemption_count=0, score=29996.7, test/accuracy=0.5578000545501709, test/loss=2.0436055660247803, test/num_examples=10000, total_duration=30371.8, train/accuracy=0.785554826259613, train/loss=0.7842913269996643, validation/accuracy=0.6891399621963501, validation/loss=1.2688151597976685, validation/num_examples=50000
I0411 11:37:15.032190 140106108687552 spec.py:333] Evaluating on the training split.
I0411 11:37:24.145448 140106108687552 spec.py:346] Evaluating on the validation split.
I0411 11:37:33.803567 140106108687552 spec.py:363] Evaluating on the test split.
I0411 11:37:34.669987 140106108687552 submission_runner.py:516] Time since start: 32387.51s, 	Step: 127237, 	{'train/accuracy': Array(0.8577009, dtype=float32), 'train/loss': Array(0.49621162, dtype=float32), 'validation/accuracy': Array(0.70712, dtype=float32), 'validation/loss': Array(1.2025514, dtype=float32), 'validation/num_examples': 50000, 'test/accuracy': Array(0.57640004, dtype=float32), 'test/loss': Array(1.9497075, dtype=float32), 'test/num_examples': 10000, 'score': 31992.592839717865, 'total_duration': 32387.507754087448, 'accumulated_submission_time': 31992.592839717865, 'accumulated_eval_time': 392.4429850578308, 'accumulated_logging_time': 1.233532428741455}
I0411 11:37:34.716619 139889534285568 logging_writer.py:48] [127237] accumulated_eval_time=392.443, accumulated_logging_time=1.23353, accumulated_submission_time=31992.6, global_step=127237, preemption_count=0, score=31992.6, test/accuracy=0.5764000415802002, test/loss=1.9497075080871582, test/num_examples=10000, total_duration=32387.5, train/accuracy=0.8577008843421936, train/loss=0.49621161818504333, validation/accuracy=0.7071200013160706, validation/loss=1.2025513648986816, validation/num_examples=50000
I0411 12:10:50.753612 140106108687552 spec.py:333] Evaluating on the training split.
I0411 12:11:00.958956 140106108687552 spec.py:346] Evaluating on the validation split.
I0411 12:11:10.881820 140106108687552 spec.py:363] Evaluating on the test split.
I0411 12:11:11.775245 140106108687552 submission_runner.py:516] Time since start: 34404.61s, 	Step: 135209, 	{'train/accuracy': Array(0.825295, dtype=float32), 'train/loss': Array(0.60992813, dtype=float32), 'validation/accuracy': Array(0.70375997, dtype=float32), 'validation/loss': Array(1.2162541, dtype=float32), 'validation/num_examples': 50000, 'test/accuracy': Array(0.573, dtype=float32), 'test/loss': Array(1.995232, dtype=float32), 'test/num_examples': 10000, 'score': 33988.51994085312, 'total_duration': 34404.611181497574, 'accumulated_submission_time': 33988.51994085312, 'accumulated_eval_time': 413.4603934288025, 'accumulated_logging_time': 1.3152611255645752}
I0411 12:11:11.808183 139889525892864 logging_writer.py:48] [135209] accumulated_eval_time=413.46, accumulated_logging_time=1.31526, accumulated_submission_time=33988.5, global_step=135209, preemption_count=0, score=33988.5, test/accuracy=0.5730000138282776, test/loss=1.9952319860458374, test/num_examples=10000, total_duration=34404.6, train/accuracy=0.8252949714660645, train/loss=0.6099281311035156, validation/accuracy=0.7037599682807922, validation/loss=1.2162541151046753, validation/num_examples=50000
I0411 12:44:27.962611 140106108687552 spec.py:333] Evaluating on the training split.
I0411 12:44:37.465722 140106108687552 spec.py:346] Evaluating on the validation split.
I0411 12:44:47.403397 140106108687552 spec.py:363] Evaluating on the test split.
I0411 12:44:48.284305 140106108687552 submission_runner.py:516] Time since start: 36421.12s, 	Step: 143182, 	{'train/accuracy': Array(0.8555684, dtype=float32), 'train/loss': Array(0.4970088, dtype=float32), 'validation/accuracy': Array(0.72132, dtype=float32), 'validation/loss': Array(1.1540452, dtype=float32), 'validation/num_examples': 50000, 'test/accuracy': Array(0.5946, dtype=float32), 'test/loss': Array(1.9062502, dtype=float32), 'test/num_examples': 10000, 'score': 35984.591339588165, 'total_duration': 36421.12188029289, 'accumulated_submission_time': 35984.591339588165, 'accumulated_eval_time': 433.77950167655945, 'accumulated_logging_time': 1.3577790260314941}
I0411 12:44:48.315801 139889534285568 logging_writer.py:48] [143182] accumulated_eval_time=433.78, accumulated_logging_time=1.35778, accumulated_submission_time=35984.6, global_step=143182, preemption_count=0, score=35984.6, test/accuracy=0.5946000218391418, test/loss=1.906250238418579, test/num_examples=10000, total_duration=36421.1, train/accuracy=0.8555684089660645, train/loss=0.4970088005065918, validation/accuracy=0.7213199734687805, validation/loss=1.1540452241897583, validation/num_examples=50000
I0411 13:18:04.485780 140106108687552 spec.py:333] Evaluating on the training split.
I0411 13:18:14.759249 140106108687552 spec.py:346] Evaluating on the validation split.
I0411 13:18:24.288726 140106108687552 spec.py:363] Evaluating on the test split.
I0411 13:18:25.166427 140106108687552 submission_runner.py:516] Time since start: 38438.00s, 	Step: 151154, 	{'train/accuracy': Array(0.91191006, dtype=float32), 'train/loss': Array(0.3137357, dtype=float32), 'validation/accuracy': Array(0.7277, dtype=float32), 'validation/loss': Array(1.1312238, dtype=float32), 'validation/num_examples': 50000, 'test/accuracy': Array(0.6043, dtype=float32), 'test/loss': Array(1.8643827, dtype=float32), 'test/num_examples': 10000, 'score': 37980.67356324196, 'total_duration': 38438.00418519974, 'accumulated_submission_time': 37980.67356324196, 'accumulated_eval_time': 454.457745552063, 'accumulated_logging_time': 1.402334213256836}
I0411 13:18:25.194121 139889525892864 logging_writer.py:48] [151154] accumulated_eval_time=454.458, accumulated_logging_time=1.40233, accumulated_submission_time=37980.7, global_step=151154, preemption_count=0, score=37980.7, test/accuracy=0.6043000221252441, test/loss=1.8643827438354492, test/num_examples=10000, total_duration=38438, train/accuracy=0.9119100570678711, train/loss=0.313735693693161, validation/accuracy=0.7276999950408936, validation/loss=1.1312237977981567, validation/num_examples=50000
I0411 13:51:41.363790 140106108687552 spec.py:333] Evaluating on the training split.
I0411 13:51:50.891869 140106108687552 spec.py:346] Evaluating on the validation split.
I0411 13:52:00.680255 140106108687552 spec.py:363] Evaluating on the test split.
I0411 13:52:01.559300 140106108687552 submission_runner.py:516] Time since start: 40454.40s, 	Step: 159127, 	{'train/accuracy': Array(0.91083384, dtype=float32), 'train/loss': Array(0.30624503, dtype=float32), 'validation/accuracy': Array(0.73394, dtype=float32), 'validation/loss': Array(1.127241, dtype=float32), 'validation/num_examples': 50000, 'test/accuracy': Array(0.60380006, dtype=float32), 'test/loss': Array(1.896952, dtype=float32), 'test/num_examples': 10000, 'score': 39976.758224487305, 'total_duration': 40454.3960955143, 'accumulated_submission_time': 39976.758224487305, 'accumulated_eval_time': 474.6498899459839, 'accumulated_logging_time': 1.4414892196655273}
I0411 13:52:01.589898 139889534285568 logging_writer.py:48] [159127] accumulated_eval_time=474.65, accumulated_logging_time=1.44149, accumulated_submission_time=39976.8, global_step=159127, preemption_count=0, score=39976.8, test/accuracy=0.6038000583648682, test/loss=1.8969520330429077, test/num_examples=10000, total_duration=40454.4, train/accuracy=0.9108338356018066, train/loss=0.30624502897262573, validation/accuracy=0.7339400053024292, validation/loss=1.1272410154342651, validation/num_examples=50000
I0411 14:25:17.743943 140106108687552 spec.py:333] Evaluating on the training split.
I0411 14:25:28.090541 140106108687552 spec.py:346] Evaluating on the validation split.
I0411 14:25:58.943324 140106108687552 spec.py:363] Evaluating on the test split.
I0411 14:25:59.944702 140106108687552 submission_runner.py:516] Time since start: 42492.68s, 	Step: 167100, 	{'train/accuracy': Array(0.93102276, dtype=float32), 'train/loss': Array(0.23597085, dtype=float32), 'validation/accuracy': Array(0.73969996, dtype=float32), 'validation/loss': Array(1.1062943, dtype=float32), 'validation/num_examples': 50000, 'test/accuracy': Array(0.6111, dtype=float32), 'test/loss': Array(1.8910428, dtype=float32), 'test/num_examples': 10000, 'score': 41972.82826924324, 'total_duration': 42492.6750395298, 'accumulated_submission_time': 41972.82826924324, 'accumulated_eval_time': 516.7408275604248, 'accumulated_logging_time': 1.4826219081878662}
I0411 14:26:00.903614 139889525892864 logging_writer.py:48] [167100] accumulated_eval_time=516.741, accumulated_logging_time=1.48262, accumulated_submission_time=41972.8, global_step=167100, preemption_count=0, score=41972.8, test/accuracy=0.6111000180244446, test/loss=1.8910428285598755, test/num_examples=10000, total_duration=42492.7, train/accuracy=0.9310227632522583, train/loss=0.2359708547592163, validation/accuracy=0.7396999597549438, validation/loss=1.1062942743301392, validation/num_examples=50000
I0411 14:59:15.984082 140106108687552 spec.py:333] Evaluating on the training split.
I0411 14:59:25.854691 140106108687552 spec.py:346] Evaluating on the validation split.
I0411 14:59:35.032311 140106108687552 spec.py:363] Evaluating on the test split.
I0411 14:59:35.923140 140106108687552 submission_runner.py:516] Time since start: 44508.76s, 	Step: 175060, 	{'train/accuracy': Array(0.9635483, dtype=float32), 'train/loss': Array(0.14295422, dtype=float32), 'validation/accuracy': Array(0.74509996, dtype=float32), 'validation/loss': Array(1.1024714, dtype=float32), 'validation/num_examples': 50000, 'test/accuracy': Array(0.61620003, dtype=float32), 'test/loss': Array(1.8817617, dtype=float32), 'test/num_examples': 10000, 'score': 43967.15910720825, 'total_duration': 44508.760436058044, 'accumulated_submission_time': 43967.15910720825, 'accumulated_eval_time': 536.6770224571228, 'accumulated_logging_time': 3.1171202659606934}
I0411 14:59:35.953439 139889534285568 logging_writer.py:48] [175060] accumulated_eval_time=536.677, accumulated_logging_time=3.11712, accumulated_submission_time=43967.2, global_step=175060, preemption_count=0, score=43967.2, test/accuracy=0.6162000298500061, test/loss=1.8817616701126099, test/num_examples=10000, total_duration=44508.8, train/accuracy=0.9635483026504517, train/loss=0.14295421540737152, validation/accuracy=0.7450999617576599, validation/loss=1.1024713516235352, validation/num_examples=50000
I0411 15:32:52.295344 140106108687552 spec.py:333] Evaluating on the training split.
I0411 15:33:02.332407 140106108687552 spec.py:346] Evaluating on the validation split.
I0411 15:33:36.690720 140106108687552 spec.py:363] Evaluating on the test split.
I0411 15:33:38.230915 140106108687552 submission_runner.py:516] Time since start: 46550.84s, 	Step: 182911, 	{'train/accuracy': Array(0.96631855, dtype=float32), 'train/loss': Array(0.1312775, dtype=float32), 'validation/accuracy': Array(0.747, dtype=float32), 'validation/loss': Array(1.1022986, dtype=float32), 'validation/num_examples': 50000, 'test/accuracy': Array(0.62160003, dtype=float32), 'test/loss': Array(1.901605, dtype=float32), 'test/num_examples': 10000, 'score': 45963.27552509308, 'total_duration': 46550.8421626091, 'accumulated_submission_time': 45963.27552509308, 'accumulated_eval_time': 582.4788181781769, 'accumulated_logging_time': 3.1643545627593994}
I0411 15:33:39.578545 139889525892864 logging_writer.py:48] [182911] accumulated_eval_time=582.479, accumulated_logging_time=3.16435, accumulated_submission_time=45963.3, global_step=182911, preemption_count=0, score=45963.3, test/accuracy=0.6216000318527222, test/loss=1.9016050100326538, test/num_examples=10000, total_duration=46550.8, train/accuracy=0.9663185477256775, train/loss=0.13127750158309937, validation/accuracy=0.746999979019165, validation/loss=1.102298617362976, validation/num_examples=50000
I0411 16:06:54.166514 140106108687552 spec.py:333] Evaluating on the training split.
I0411 16:07:05.187146 140106108687552 spec.py:346] Evaluating on the validation split.
I0411 16:07:33.972836 140106108687552 spec.py:363] Evaluating on the test split.
I0411 16:07:35.678485 140106108687552 submission_runner.py:516] Time since start: 48588.27s, 	Step: 190083, 	{'train/accuracy': Array(0.9684311, dtype=float32), 'train/loss': Array(0.1230161, dtype=float32), 'validation/accuracy': Array(0.7485, dtype=float32), 'validation/loss': Array(1.0952466, dtype=float32), 'validation/num_examples': 50000, 'test/accuracy': Array(0.6222, dtype=float32), 'test/loss': Array(1.8928981, dtype=float32), 'test/num_examples': 10000, 'score': 47956.43151450157, 'total_duration': 48588.26952958107, 'accumulated_submission_time': 47956.43151450157, 'accumulated_eval_time': 623.7665753364563, 'accumulated_logging_time': 5.817418336868286}
I0411 16:07:37.081206 139889534285568 logging_writer.py:48] [190083] accumulated_eval_time=623.767, accumulated_logging_time=5.81742, accumulated_submission_time=47956.4, global_step=190083, preemption_count=0, score=47956.4, test/accuracy=0.6222000122070312, test/loss=1.8928980827331543, test/num_examples=10000, total_duration=48588.3, train/accuracy=0.9684311151504517, train/loss=0.1230161041021347, validation/accuracy=0.7484999895095825, validation/loss=1.0952465534210205, validation/num_examples=50000
I0411 16:40:51.644320 140106108687552 spec.py:333] Evaluating on the training split.
I0411 16:41:00.465228 140106108687552 spec.py:346] Evaluating on the validation split.
I0411 16:41:31.364716 140106108687552 spec.py:363] Evaluating on the test split.
I0411 16:41:32.926165 140106108687552 submission_runner.py:516] Time since start: 50625.53s, 	Step: 195998, 	{'train/accuracy': Array(0.96859056, dtype=float32), 'train/loss': Array(0.12125134, dtype=float32), 'validation/accuracy': Array(0.74924, dtype=float32), 'validation/loss': Array(1.0925831, dtype=float32), 'validation/num_examples': 50000, 'test/accuracy': Array(0.62340003, dtype=float32), 'test/loss': Array(1.8920355, dtype=float32), 'test/num_examples': 10000, 'score': 49949.65945029259, 'total_duration': 50625.53287410736, 'accumulated_submission_time': 49949.65945029259, 'accumulated_eval_time': 664.82763671875, 'accumulated_logging_time': 8.461751937866211}
I0411 16:41:34.182828 139889525892864 logging_writer.py:48] [195998] accumulated_eval_time=664.828, accumulated_logging_time=8.46175, accumulated_submission_time=49949.7, global_step=195998, preemption_count=0, score=49949.7, test/accuracy=0.6234000325202942, test/loss=1.8920354843139648, test/num_examples=10000, total_duration=50625.5, train/accuracy=0.9685905575752258, train/loss=0.12125134468078613, validation/accuracy=0.749239981174469, validation/loss=1.0925830602645874, validation/num_examples=50000
I0411 17:14:48.791826 140106108687552 spec.py:333] Evaluating on the training split.
I0411 17:14:57.706373 140106108687552 spec.py:346] Evaluating on the validation split.
I0411 17:15:29.919485 140106108687552 spec.py:363] Evaluating on the test split.
I0411 17:15:31.515459 140106108687552 submission_runner.py:516] Time since start: 52664.12s, 	Step: 201892, 	{'train/accuracy': Array(0.96924824, dtype=float32), 'train/loss': Array(0.12145138, dtype=float32), 'validation/accuracy': Array(0.74891996, dtype=float32), 'validation/loss': Array(1.0930659, dtype=float32), 'validation/num_examples': 50000, 'test/accuracy': Array(0.62490004, dtype=float32), 'test/loss': Array(1.8943305, dtype=float32), 'test/num_examples': 10000, 'score': 51943.02275443077, 'total_duration': 52664.11959886551, 'accumulated_submission_time': 51943.02275443077, 'accumulated_eval_time': 707.3433520793915, 'accumulated_logging_time': 10.848963737487793}
I0411 17:15:32.852391 139889534285568 logging_writer.py:48] [201892] accumulated_eval_time=707.343, accumulated_logging_time=10.849, accumulated_submission_time=51943, global_step=201892, preemption_count=0, score=51943, test/accuracy=0.6249000430107117, test/loss=1.8943305015563965, test/num_examples=10000, total_duration=52664.1, train/accuracy=0.9692482352256775, train/loss=0.12145137786865234, validation/accuracy=0.7489199638366699, validation/loss=1.093065857887268, validation/num_examples=50000
I0411 17:48:47.475206 140106108687552 spec.py:333] Evaluating on the training split.
I0411 17:48:56.830822 140106108687552 spec.py:346] Evaluating on the validation split.
I0411 17:49:28.017793 140106108687552 spec.py:363] Evaluating on the test split.
I0411 17:49:29.761794 140106108687552 submission_runner.py:516] Time since start: 54702.31s, 	Step: 207732, 	{'train/accuracy': Array(0.97074294, dtype=float32), 'train/loss': Array(0.11735981, dtype=float32), 'validation/accuracy': Array(0.74928, dtype=float32), 'validation/loss': Array(1.0922917, dtype=float32), 'validation/num_examples': 50000, 'test/accuracy': Array(0.62490004, dtype=float32), 'test/loss': Array(1.8911799, dtype=float32), 'test/num_examples': 10000, 'score': 53936.439504146576, 'total_duration': 54702.30835008621, 'accumulated_submission_time': 53936.439504146576, 'accumulated_eval_time': 749.4030401706696, 'accumulated_logging_time': 13.217211961746216}
I0411 17:49:31.261412 139889525892864 logging_writer.py:48] [207732] accumulated_eval_time=749.403, accumulated_logging_time=13.2172, accumulated_submission_time=53936.4, global_step=207732, preemption_count=0, score=53936.4, test/accuracy=0.6249000430107117, test/loss=1.8911799192428589, test/num_examples=10000, total_duration=54702.3, train/accuracy=0.97074294090271, train/loss=0.11735980957746506, validation/accuracy=0.7492799758911133, validation/loss=1.0922917127609253, validation/num_examples=50000
I0411 18:22:45.676478 140106108687552 spec.py:333] Evaluating on the training split.
I0411 18:22:54.245189 140106108687552 spec.py:346] Evaluating on the validation split.
I0411 18:23:25.930886 140106108687552 spec.py:363] Evaluating on the test split.
I0411 18:23:27.602434 140106108687552 submission_runner.py:516] Time since start: 56740.20s, 	Step: 213657, 	{'train/accuracy': Array(0.97072303, dtype=float32), 'train/loss': Array(0.11811914, dtype=float32), 'validation/accuracy': Array(0.74921995, dtype=float32), 'validation/loss': Array(1.0936118, dtype=float32), 'validation/num_examples': 50000, 'test/accuracy': Array(0.62490004, dtype=float32), 'test/loss': Array(1.892856, dtype=float32), 'test/num_examples': 10000, 'score': 55929.73205566406, 'total_duration': 56740.19643974304, 'accumulated_submission_time': 55929.73205566406, 'accumulated_eval_time': 791.1008124351501, 'accumulated_logging_time': 15.738098621368408}
I0411 18:23:28.839537 139889534285568 logging_writer.py:48] [213657] accumulated_eval_time=791.101, accumulated_logging_time=15.7381, accumulated_submission_time=55929.7, global_step=213657, preemption_count=0, score=55929.7, test/accuracy=0.6249000430107117, test/loss=1.8928560018539429, test/num_examples=10000, total_duration=56740.2, train/accuracy=0.970723032951355, train/loss=0.11811914294958115, validation/accuracy=0.7492199540138245, validation/loss=1.0936118364334106, validation/num_examples=50000
I0411 18:56:43.492516 140106108687552 spec.py:333] Evaluating on the training split.
I0411 18:56:52.788090 140106108687552 spec.py:346] Evaluating on the validation split.
I0411 18:57:25.772547 140106108687552 spec.py:363] Evaluating on the test split.
I0411 18:57:27.409481 140106108687552 submission_runner.py:516] Time since start: 58780.01s, 	Step: 219571, 	{'train/accuracy': Array(0.96948737, dtype=float32), 'train/loss': Array(0.11990377, dtype=float32), 'validation/accuracy': Array(0.7492, dtype=float32), 'validation/loss': Array(1.0933034, dtype=float32), 'validation/num_examples': 50000, 'test/accuracy': Array(0.6243, dtype=float32), 'test/loss': Array(1.8929622, dtype=float32), 'test/num_examples': 10000, 'score': 57923.300371170044, 'total_duration': 58780.01452040672, 'accumulated_submission_time': 57923.300371170044, 'accumulated_eval_time': 834.7999966144562, 'accumulated_logging_time': 17.96626615524292}
I0411 18:57:28.881583 139889525892864 logging_writer.py:48] [219571] accumulated_eval_time=834.8, accumulated_logging_time=17.9663, accumulated_submission_time=57923.3, global_step=219571, preemption_count=0, score=57923.3, test/accuracy=0.6243000030517578, test/loss=1.8929622173309326, test/num_examples=10000, total_duration=58780, train/accuracy=0.9694873690605164, train/loss=0.11990376561880112, validation/accuracy=0.7491999864578247, validation/loss=1.0933034420013428, validation/num_examples=50000
I0411 19:30:43.272321 140106108687552 spec.py:333] Evaluating on the training split.
I0411 19:30:52.246627 140106108687552 spec.py:346] Evaluating on the validation split.
I0411 19:31:25.405128 140106108687552 spec.py:363] Evaluating on the test split.
I0411 19:31:26.901363 140106108687552 submission_runner.py:516] Time since start: 60819.51s, 	Step: 225540, 	{'train/accuracy': Array(0.9699856, dtype=float32), 'train/loss': Array(0.11936739, dtype=float32), 'validation/accuracy': Array(0.74972, dtype=float32), 'validation/loss': Array(1.0939391, dtype=float32), 'validation/num_examples': 50000, 'test/accuracy': Array(0.62450004, dtype=float32), 'test/loss': Array(1.8932534, dtype=float32), 'test/num_examples': 10000, 'score': 59916.65886712074, 'total_duration': 60819.505789756775, 'accumulated_submission_time': 59916.65886712074, 'accumulated_eval_time': 878.2110872268677, 'accumulated_logging_time': 20.37497854232788}
I0411 19:31:28.276377 139889534285568 logging_writer.py:48] [225540] accumulated_eval_time=878.211, accumulated_logging_time=20.375, accumulated_submission_time=59916.7, global_step=225540, preemption_count=0, score=59916.7, test/accuracy=0.624500036239624, test/loss=1.8932534456253052, test/num_examples=10000, total_duration=60819.5, train/accuracy=0.9699856042861938, train/loss=0.11936739087104797, validation/accuracy=0.7497199773788452, validation/loss=1.0939390659332275, validation/num_examples=50000
I0411 20:04:42.961840 140106108687552 spec.py:333] Evaluating on the training split.
I0411 20:04:51.590404 140106108687552 spec.py:346] Evaluating on the validation split.
I0411 20:05:22.889840 140106108687552 spec.py:363] Evaluating on the test split.
I0411 20:05:24.436879 140106108687552 submission_runner.py:516] Time since start: 62857.09s, 	Step: 231442, 	{'train/accuracy': Array(0.96875, dtype=float32), 'train/loss': Array(0.12258404, dtype=float32), 'validation/accuracy': Array(0.74902, dtype=float32), 'validation/loss': Array(1.0937113, dtype=float32), 'validation/num_examples': 50000, 'test/accuracy': Array(0.62390006, dtype=float32), 'test/loss': Array(1.8927965, dtype=float32), 'test/num_examples': 10000, 'score': 61910.20584106445, 'total_duration': 62857.08665776253, 'accumulated_submission_time': 61910.20584106445, 'accumulated_eval_time': 919.5166592597961, 'accumulated_logging_time': 22.772598028182983}
I0411 20:05:25.882547 139889525892864 logging_writer.py:48] [231442] accumulated_eval_time=919.517, accumulated_logging_time=22.7726, accumulated_submission_time=61910.2, global_step=231442, preemption_count=0, score=61910.2, test/accuracy=0.6239000558853149, test/loss=1.892796516418457, test/num_examples=10000, total_duration=62857.1, train/accuracy=0.96875, train/loss=0.1225840374827385, validation/accuracy=0.749019980430603, validation/loss=1.093711256980896, validation/num_examples=50000
I0411 20:38:40.448609 140106108687552 spec.py:333] Evaluating on the training split.
I0411 20:38:49.122659 140106108687552 spec.py:346] Evaluating on the validation split.
I0411 20:39:05.425024 140106108687552 spec.py:363] Evaluating on the test split.
I0411 20:39:06.934251 140106108687552 submission_runner.py:516] Time since start: 64879.57s, 	Step: 237359, 	{'train/accuracy': Array(0.96944755, dtype=float32), 'train/loss': Array(0.11844481, dtype=float32), 'validation/accuracy': Array(0.74912, dtype=float32), 'validation/loss': Array(1.0931835, dtype=float32), 'validation/num_examples': 50000, 'test/accuracy': Array(0.6265, dtype=float32), 'test/loss': Array(1.8935062, dtype=float32), 'test/num_examples': 10000, 'score': 63903.509039878845, 'total_duration': 64879.57230114937, 'accumulated_submission_time': 63903.509039878845, 'accumulated_eval_time': 945.826789855957, 'accumulated_logging_time': 25.377203702926636}
I0411 20:39:08.187016 139889534285568 logging_writer.py:48] [237359] accumulated_eval_time=945.827, accumulated_logging_time=25.3772, accumulated_submission_time=63903.5, global_step=237359, preemption_count=0, score=63903.5, test/accuracy=0.6265000104904175, test/loss=1.8935061693191528, test/num_examples=10000, total_duration=64879.6, train/accuracy=0.9694475531578064, train/loss=0.11844480782747269, validation/accuracy=0.7491199970245361, validation/loss=1.0931835174560547, validation/num_examples=50000
I0411 21:12:23.059248 140106108687552 spec.py:333] Evaluating on the training split.
I0411 21:12:31.637737 140106108687552 spec.py:346] Evaluating on the validation split.
I0411 21:13:03.221427 140106108687552 spec.py:363] Evaluating on the test split.
I0411 21:13:04.916065 140106108687552 submission_runner.py:516] Time since start: 66917.56s, 	Step: 243249, 	{'train/accuracy': Array(0.9698262, dtype=float32), 'train/loss': Array(0.11766841, dtype=float32), 'validation/accuracy': Array(0.7493, dtype=float32), 'validation/loss': Array(1.0932679, dtype=float32), 'validation/num_examples': 50000, 'test/accuracy': Array(0.6254, dtype=float32), 'test/loss': Array(1.8940306, dtype=float32), 'test/num_examples': 10000, 'score': 65897.367664814, 'total_duration': 66917.55745506287, 'accumulated_submission_time': 65897.367664814, 'accumulated_eval_time': 987.4987580776215, 'accumulated_logging_time': 27.53477168083191}
I0411 21:13:06.147125 139889525892864 logging_writer.py:48] [243249] accumulated_eval_time=987.499, accumulated_logging_time=27.5348, accumulated_submission_time=65897.4, global_step=243249, preemption_count=0, score=65897.4, test/accuracy=0.6254000067710876, test/loss=1.8940305709838867, test/num_examples=10000, total_duration=66917.6, train/accuracy=0.9698262214660645, train/loss=0.11766840517520905, validation/accuracy=0.7493000030517578, validation/loss=1.0932679176330566, validation/num_examples=50000
I0411 21:46:20.926372 140106108687552 spec.py:333] Evaluating on the training split.
I0411 21:46:29.566575 140106108687552 spec.py:346] Evaluating on the validation split.
I0411 21:47:02.026357 140106108687552 spec.py:363] Evaluating on the test split.
I0411 21:47:03.649578 140106108687552 submission_runner.py:516] Time since start: 68956.19s, 	Step: 249120, 	{'train/accuracy': Array(0.96946746, dtype=float32), 'train/loss': Array(0.12055576, dtype=float32), 'validation/accuracy': Array(0.7492, dtype=float32), 'validation/loss': Array(1.0927578, dtype=float32), 'validation/num_examples': 50000, 'test/accuracy': Array(0.62520003, dtype=float32), 'test/loss': Array(1.8918395, dtype=float32), 'test/num_examples': 10000, 'score': 67890.87920737267, 'total_duration': 68956.19422411919, 'accumulated_submission_time': 67890.87920737267, 'accumulated_eval_time': 1029.9569087028503, 'accumulated_logging_time': 29.896890878677368}
I0411 21:47:04.850507 139889534285568 logging_writer.py:48] [249120] accumulated_eval_time=1029.96, accumulated_logging_time=29.8969, accumulated_submission_time=67890.9, global_step=249120, preemption_count=0, score=67890.9, test/accuracy=0.6252000331878662, test/loss=1.8918395042419434, test/num_examples=10000, total_duration=68956.2, train/accuracy=0.9694674611091614, train/loss=0.12055575847625732, validation/accuracy=0.7491999864578247, validation/loss=1.0927578210830688, validation/num_examples=50000
I0411 22:20:19.613694 140106108687552 spec.py:333] Evaluating on the training split.
I0411 22:20:28.181010 140106108687552 spec.py:346] Evaluating on the validation split.
I0411 22:20:59.369799 140106108687552 spec.py:363] Evaluating on the test split.
I0411 22:21:01.138643 140106108687552 submission_runner.py:516] Time since start: 70993.71s, 	Step: 255027, 	{'train/accuracy': Array(0.96978635, dtype=float32), 'train/loss': Array(0.12182574, dtype=float32), 'validation/accuracy': Array(0.74898, dtype=float32), 'validation/loss': Array(1.0927141, dtype=float32), 'validation/num_examples': 50000, 'test/accuracy': Array(0.6254, dtype=float32), 'test/loss': Array(1.8923942, dtype=float32), 'test/num_examples': 10000, 'score': 69884.56287431717, 'total_duration': 70993.70616960526, 'accumulated_submission_time': 69884.56287431717, 'accumulated_eval_time': 1071.2304890155792, 'accumulated_logging_time': 32.073463916778564}
I0411 22:21:02.508881 139889525892864 logging_writer.py:48] [255027] accumulated_eval_time=1071.23, accumulated_logging_time=32.0735, accumulated_submission_time=69884.6, global_step=255027, preemption_count=0, score=69884.6, test/accuracy=0.6254000067710876, test/loss=1.8923941850662231, test/num_examples=10000, total_duration=70993.7, train/accuracy=0.9697863459587097, train/loss=0.12182573974132538, validation/accuracy=0.7489799857139587, validation/loss=1.0927140712738037, validation/num_examples=50000
I0411 22:54:17.069733 140106108687552 spec.py:333] Evaluating on the training split.
I0411 22:54:25.733266 140106108687552 spec.py:346] Evaluating on the validation split.
I0411 22:54:38.891478 140106108687552 spec.py:363] Evaluating on the test split.
I0411 22:54:40.474944 140106108687552 submission_runner.py:516] Time since start: 73013.07s, 	Step: 260884, 	{'train/accuracy': Array(0.9696668, dtype=float32), 'train/loss': Array(0.12025427, dtype=float32), 'validation/accuracy': Array(0.74932, dtype=float32), 'validation/loss': Array(1.092657, dtype=float32), 'validation/num_examples': 50000, 'test/accuracy': Array(0.6247, dtype=float32), 'test/loss': Array(1.8911746, dtype=float32), 'test/num_examples': 10000, 'score': 71877.94337844849, 'total_duration': 73013.0748887062, 'accumulated_submission_time': 71877.94337844849, 'accumulated_eval_time': 1094.4106862545013, 'accumulated_logging_time': 34.514212131500244}
I0411 22:54:41.815769 139889534285568 logging_writer.py:48] [260884] accumulated_eval_time=1094.41, accumulated_logging_time=34.5142, accumulated_submission_time=71877.9, global_step=260884, preemption_count=0, score=71877.9, test/accuracy=0.6247000098228455, test/loss=1.891174554824829, test/num_examples=10000, total_duration=73013.1, train/accuracy=0.9696667790412903, train/loss=0.1202542707324028, validation/accuracy=0.7493199706077576, validation/loss=1.0926569700241089, validation/num_examples=50000
I0411 23:27:56.623780 140106108687552 spec.py:333] Evaluating on the training split.
I0411 23:28:05.948100 140106108687552 spec.py:346] Evaluating on the validation split.
I0411 23:28:39.974675 140106108687552 spec.py:363] Evaluating on the test split.
I0411 23:28:41.488854 140106108687552 submission_runner.py:516] Time since start: 75054.09s, 	Step: 266686, 	{'train/accuracy': Array(0.97012514, dtype=float32), 'train/loss': Array(0.11925198, dtype=float32), 'validation/accuracy': Array(0.74932, dtype=float32), 'validation/loss': Array(1.0937232, dtype=float32), 'validation/num_examples': 50000, 'test/accuracy': Array(0.62490004, dtype=float32), 'test/loss': Array(1.8935102, dtype=float32), 'test/num_examples': 10000, 'score': 73871.4778034687, 'total_duration': 75054.09321022034, 'accumulated_submission_time': 73871.4778034687, 'accumulated_eval_time': 1139.070262670517, 'accumulated_logging_time': 37.03766465187073}
I0411 23:28:42.835140 139889525892864 logging_writer.py:48] [266686] accumulated_eval_time=1139.07, accumulated_logging_time=37.0377, accumulated_submission_time=73871.5, global_step=266686, preemption_count=0, score=73871.5, test/accuracy=0.6249000430107117, test/loss=1.8935102224349976, test/num_examples=10000, total_duration=75054.1, train/accuracy=0.970125138759613, train/loss=0.11925198137760162, validation/accuracy=0.7493199706077576, validation/loss=1.093723177909851, validation/num_examples=50000
I0412 00:01:59.906810 139889534285568 logging_writer.py:48] [272593] global_step=272593, preemption_count=0, score=75865.1
I0412 00:02:02.094423 140106108687552 submission_runner.py:857] Final imagenet_resnet score: 75865.13080763817
