torchrun --redirects 1:0,2:0,3:0 --standalone --nnodes=1 --nproc_per_node=4 submission_runner.py --framework=pytorch --workload=librispeech_conformer --submission_path=submissions_algorithms/submissions/self_tuning/schedule_free_adamw_v2/submission.py --data_dir=/data/librispeech --experiment_dir=/experiment_runs --experiment_name=submissions_a100/schedule_free_adamw_v2/study_2 --overwrite=True --save_checkpoints=False --rng_seed=877804292 --librispeech_tokenizer_vocab_path=/data/librispeech/spm_model.vocab --torch_compile=true --tuning_ruleset=self 2>&1 | tee -a /logs/librispeech_conformer_pytorch_03-15-2026-01-26-34.log
W0315 01:26:42.974000 48 site-packages/torch/distributed/run.py:803] 
W0315 01:26:42.974000 48 site-packages/torch/distributed/run.py:803] *****************************************
W0315 01:26:42.974000 48 site-packages/torch/distributed/run.py:803] Setting OMP_NUM_THREADS environment variable for each process to be 1 in default, to avoid your system being overloaded, please further tune the variable for optimal performance in your application as needed. 
W0315 01:26:42.974000 48 site-packages/torch/distributed/run.py:803] *****************************************
2026-03-15 01:26:47.918798: E external/local_xla/xla/stream_executor/cuda/cuda_fft.cc:467] Unable to register cuFFT factory: Attempting to register factory for plugin cuFFT when one has already been registered
2026-03-15 01:26:47.918818: E external/local_xla/xla/stream_executor/cuda/cuda_fft.cc:467] Unable to register cuFFT factory: Attempting to register factory for plugin cuFFT when one has already been registered
2026-03-15 01:26:47.918798: E external/local_xla/xla/stream_executor/cuda/cuda_fft.cc:467] Unable to register cuFFT factory: Attempting to register factory for plugin cuFFT when one has already been registered
2026-03-15 01:26:47.918798: E external/local_xla/xla/stream_executor/cuda/cuda_fft.cc:467] Unable to register cuFFT factory: Attempting to register factory for plugin cuFFT when one has already been registered
WARNING: All log messages before absl::InitializeLog() is called are written to STDERR
WARNING: All log messages before absl::InitializeLog() is called are written to STDERR
WARNING: All log messages before absl::InitializeLog() is called are written to STDERR
WARNING: All log messages before absl::InitializeLog() is called are written to STDERR
E0000 00:00:1773538007.947446      80 cuda_dnn.cc:8579] Unable to register cuDNN factory: Attempting to register factory for plugin cuDNN when one has already been registered
E0000 00:00:1773538007.947446      78 cuda_dnn.cc:8579] Unable to register cuDNN factory: Attempting to register factory for plugin cuDNN when one has already been registered
E0000 00:00:1773538007.947446      77 cuda_dnn.cc:8579] Unable to register cuDNN factory: Attempting to register factory for plugin cuDNN when one has already been registered
E0000 00:00:1773538007.947446      79 cuda_dnn.cc:8579] Unable to register cuDNN factory: Attempting to register factory for plugin cuDNN when one has already been registered
E0000 00:00:1773538007.958133      80 cuda_blas.cc:1407] Unable to register cuBLAS factory: Attempting to register factory for plugin cuBLAS when one has already been registered
E0000 00:00:1773538007.958135      78 cuda_blas.cc:1407] Unable to register cuBLAS factory: Attempting to register factory for plugin cuBLAS when one has already been registered
E0000 00:00:1773538007.958135      77 cuda_blas.cc:1407] Unable to register cuBLAS factory: Attempting to register factory for plugin cuBLAS when one has already been registered
E0000 00:00:1773538007.958134      79 cuda_blas.cc:1407] Unable to register cuBLAS factory: Attempting to register factory for plugin cuBLAS when one has already been registered
W0000 00:00:1773538008.031608      80 computation_placer.cc:177] computation placer already registered. Please check linkage and avoid linking the same target more than once.
W0000 00:00:1773538008.031608      78 computation_placer.cc:177] computation placer already registered. Please check linkage and avoid linking the same target more than once.
W0000 00:00:1773538008.031608      79 computation_placer.cc:177] computation placer already registered. Please check linkage and avoid linking the same target more than once.
W0000 00:00:1773538008.031643      78 computation_placer.cc:177] computation placer already registered. Please check linkage and avoid linking the same target more than once.
W0000 00:00:1773538008.031643      79 computation_placer.cc:177] computation placer already registered. Please check linkage and avoid linking the same target more than once.
W0000 00:00:1773538008.031645      78 computation_placer.cc:177] computation placer already registered. Please check linkage and avoid linking the same target more than once.
W0000 00:00:1773538008.031646      79 computation_placer.cc:177] computation placer already registered. Please check linkage and avoid linking the same target more than once.
W0000 00:00:1773538008.031647      78 computation_placer.cc:177] computation placer already registered. Please check linkage and avoid linking the same target more than once.
W0000 00:00:1773538008.031647      80 computation_placer.cc:177] computation placer already registered. Please check linkage and avoid linking the same target more than once.
W0000 00:00:1773538008.031648      79 computation_placer.cc:177] computation placer already registered. Please check linkage and avoid linking the same target more than once.
W0000 00:00:1773538008.031650      80 computation_placer.cc:177] computation placer already registered. Please check linkage and avoid linking the same target more than once.
W0000 00:00:1773538008.031652      80 computation_placer.cc:177] computation placer already registered. Please check linkage and avoid linking the same target more than once.
W0000 00:00:1773538008.031629      77 computation_placer.cc:177] computation placer already registered. Please check linkage and avoid linking the same target more than once.
W0000 00:00:1773538008.031656      77 computation_placer.cc:177] computation placer already registered. Please check linkage and avoid linking the same target more than once.
W0000 00:00:1773538008.031659      77 computation_placer.cc:177] computation placer already registered. Please check linkage and avoid linking the same target more than once.
W0000 00:00:1773538008.031661      77 computation_placer.cc:177] computation placer already registered. Please check linkage and avoid linking the same target more than once.
W0000 00:00:1773538024.870306      77 gpu_device.cc:2341] Cannot dlopen some GPU libraries. Please make sure the missing libraries mentioned above are installed properly if you would like to use GPU. Follow the guide at https://www.tensorflow.org/install/gpu for how to download and setup the required libraries for your platform.
Skipping registering GPU devices...
W0000 00:00:1773538024.945911      78 gpu_device.cc:2341] Cannot dlopen some GPU libraries. Please make sure the missing libraries mentioned above are installed properly if you would like to use GPU. Follow the guide at https://www.tensorflow.org/install/gpu for how to download and setup the required libraries for your platform.
Skipping registering GPU devices...
W0000 00:00:1773538024.964464      80 gpu_device.cc:2341] Cannot dlopen some GPU libraries. Please make sure the missing libraries mentioned above are installed properly if you would like to use GPU. Follow the guide at https://www.tensorflow.org/install/gpu for how to download and setup the required libraries for your platform.
Skipping registering GPU devices...
W0000 00:00:1773538025.043656      79 gpu_device.cc:2341] Cannot dlopen some GPU libraries. Please make sure the missing libraries mentioned above are installed properly if you would like to use GPU. Follow the guide at https://www.tensorflow.org/install/gpu for how to download and setup the required libraries for your platform.
Skipping registering GPU devices...
/usr/local/lib/python3.11/site-packages/torch/__init__.py:1617: UserWarning: Please use the new API settings to control TF32 behavior, such as torch.backends.cudnn.conv.fp32_precision = 'tf32' or torch.backends.cuda.matmul.fp32_precision = 'ieee'. Old settings, e.g, torch.backends.cuda.matmul.allow_tf32 = True, torch.backends.cudnn.allow_tf32 = True, allowTF32CuDNN() and allowTF32CuBLAS() will be deprecated after Pytorch 2.9. Please see https://pytorch.org/docs/main/notes/cuda.html#tensorfloat-32-tf32-on-ampere-and-later-devices (Triggered internally at /pytorch/aten/src/ATen/Context.cpp:80.)
  _C._set_float32_matmul_precision(precision)
/usr/local/lib/python3.11/site-packages/torch/__init__.py:1617: UserWarning: Please use the new API settings to control TF32 behavior, such as torch.backends.cudnn.conv.fp32_precision = 'tf32' or torch.backends.cuda.matmul.fp32_precision = 'ieee'. Old settings, e.g, torch.backends.cuda.matmul.allow_tf32 = True, torch.backends.cudnn.allow_tf32 = True, allowTF32CuDNN() and allowTF32CuBLAS() will be deprecated after Pytorch 2.9. Please see https://pytorch.org/docs/main/notes/cuda.html#tensorfloat-32-tf32-on-ampere-and-later-devices (Triggered internally at /pytorch/aten/src/ATen/Context.cpp:80.)
  _C._set_float32_matmul_precision(precision)
/usr/local/lib/python3.11/site-packages/torch/__init__.py:1617: UserWarning: Please use the new API settings to control TF32 behavior, such as torch.backends.cudnn.conv.fp32_precision = 'tf32' or torch.backends.cuda.matmul.fp32_precision = 'ieee'. Old settings, e.g, torch.backends.cuda.matmul.allow_tf32 = True, torch.backends.cudnn.allow_tf32 = True, allowTF32CuDNN() and allowTF32CuBLAS() will be deprecated after Pytorch 2.9. Please see https://pytorch.org/docs/main/notes/cuda.html#tensorfloat-32-tf32-on-ampere-and-later-devices (Triggered internally at /pytorch/aten/src/ATen/Context.cpp:80.)
  _C._set_float32_matmul_precision(precision)
/usr/local/lib/python3.11/site-packages/torch/__init__.py:1617: UserWarning: Please use the new API settings to control TF32 behavior, such as torch.backends.cudnn.conv.fp32_precision = 'tf32' or torch.backends.cuda.matmul.fp32_precision = 'ieee'. Old settings, e.g, torch.backends.cuda.matmul.allow_tf32 = True, torch.backends.cudnn.allow_tf32 = True, allowTF32CuDNN() and allowTF32CuBLAS() will be deprecated after Pytorch 2.9. Please see https://pytorch.org/docs/main/notes/cuda.html#tensorfloat-32-tf32-on-ampere-and-later-devices (Triggered internally at /pytorch/aten/src/ATen/Context.cpp:80.)
  _C._set_float32_matmul_precision(precision)
/usr/local/lib/python3.11/site-packages/pydantic/_internal/_generate_schema.py:2249: UnsupportedFieldAttributeWarning: The 'repr' attribute with value False was provided to the `Field()` function, which has no effect in the context it was used. 'repr' is field-specific metadata, and can only be attached to a model field using `Annotated` metadata or by assignment. This may have happened because an `Annotated` type alias using the `type` statement was used, or if the `Field()` function was attached to a single member of a union type.
  warnings.warn(
/usr/local/lib/python3.11/site-packages/pydantic/_internal/_generate_schema.py:2249: UnsupportedFieldAttributeWarning: The 'repr' attribute with value False was provided to the `Field()` function, which has no effect in the context it was used. 'repr' is field-specific metadata, and can only be attached to a model field using `Annotated` metadata or by assignment. This may have happened because an `Annotated` type alias using the `type` statement was used, or if the `Field()` function was attached to a single member of a union type.
  warnings.warn(
/usr/local/lib/python3.11/site-packages/pydantic/_internal/_generate_schema.py:2249: UnsupportedFieldAttributeWarning: The 'repr' attribute with value False was provided to the `Field()` function, which has no effect in the context it was used. 'repr' is field-specific metadata, and can only be attached to a model field using `Annotated` metadata or by assignment. This may have happened because an `Annotated` type alias using the `type` statement was used, or if the `Field()` function was attached to a single member of a union type.
  warnings.warn(
/usr/local/lib/python3.11/site-packages/pydantic/_internal/_generate_schema.py:2249: UnsupportedFieldAttributeWarning: The 'repr' attribute with value False was provided to the `Field()` function, which has no effect in the context it was used. 'repr' is field-specific metadata, and can only be attached to a model field using `Annotated` metadata or by assignment. This may have happened because an `Annotated` type alias using the `type` statement was used, or if the `Field()` function was attached to a single member of a union type.
  warnings.warn(
/usr/local/lib/python3.11/site-packages/pydantic/_internal/_generate_schema.py:2249: UnsupportedFieldAttributeWarning: The 'frozen' attribute with value True was provided to the `Field()` function, which has no effect in the context it was used. 'frozen' is field-specific metadata, and can only be attached to a model field using `Annotated` metadata or by assignment. This may have happened because an `Annotated` type alias using the `type` statement was used, or if the `Field()` function was attached to a single member of a union type.
  warnings.warn(
/usr/local/lib/python3.11/site-packages/pydantic/_internal/_generate_schema.py:2249: UnsupportedFieldAttributeWarning: The 'frozen' attribute with value True was provided to the `Field()` function, which has no effect in the context it was used. 'frozen' is field-specific metadata, and can only be attached to a model field using `Annotated` metadata or by assignment. This may have happened because an `Annotated` type alias using the `type` statement was used, or if the `Field()` function was attached to a single member of a union type.
  warnings.warn(
/usr/local/lib/python3.11/site-packages/pydantic/_internal/_generate_schema.py:2249: UnsupportedFieldAttributeWarning: The 'frozen' attribute with value True was provided to the `Field()` function, which has no effect in the context it was used. 'frozen' is field-specific metadata, and can only be attached to a model field using `Annotated` metadata or by assignment. This may have happened because an `Annotated` type alias using the `type` statement was used, or if the `Field()` function was attached to a single member of a union type.
  warnings.warn(
/usr/local/lib/python3.11/site-packages/pydantic/_internal/_generate_schema.py:2249: UnsupportedFieldAttributeWarning: The 'frozen' attribute with value True was provided to the `Field()` function, which has no effect in the context it was used. 'frozen' is field-specific metadata, and can only be attached to a model field using `Annotated` metadata or by assignment. This may have happened because an `Annotated` type alias using the `type` statement was used, or if the `Field()` function was attached to a single member of a union type.
  warnings.warn(
/usr/local/lib/python3.11/site-packages/torch/distributed/distributed_c10d.py:4876: UserWarning: barrier(): using the device under current context. You can specify `device_id` in `init_process_group` to mute this warning.
  warnings.warn(  # warn only once
[rank0]:[W315 01:27:10.929363175 ProcessGroupNCCL.cpp:5068] Guessing device ID based on global rank. This can cause a hang if rank to GPU mapping is heterogeneous. You can specify device_id in init_process_group()
I0315 01:27:11.121421 140030173082816 logger_utils.py:84] Creating experiment directory at /experiment_runs/submissions_a100/schedule_free_adamw_v2/study_2/librispeech_conformer_pytorch.
I0315 01:27:11.121423 139917239870656 logger_utils.py:84] Creating experiment directory at /experiment_runs/submissions_a100/schedule_free_adamw_v2/study_2/librispeech_conformer_pytorch.
I0315 01:27:11.121421 140288102204608 logger_utils.py:84] Creating experiment directory at /experiment_runs/submissions_a100/schedule_free_adamw_v2/study_2/librispeech_conformer_pytorch.
I0315 01:27:11.121443 140322721182912 logger_utils.py:84] Creating experiment directory at /experiment_runs/submissions_a100/schedule_free_adamw_v2/study_2/librispeech_conformer_pytorch.
I0315 01:27:11.146861 140322721182912 submission_runner.py:741] Creating directory at /experiment_runs/submissions_a100/schedule_free_adamw_v2/study_2/librispeech_conformer_pytorch/trial_1.
I0315 01:27:11.422289 140322721182912 submission_runner.py:242] Initializing dataset.
I0315 01:27:11.422480 140322721182912 input_pipeline.py:19] Loading split = train-clean-100
I0315 01:27:11.458719 140322721182912 input_pipeline.py:19] Loading split = train-clean-360
I0315 01:27:11.566740 140322721182912 input_pipeline.py:19] Loading split = train-other-500
I0315 01:27:12.138175 140322721182912 submission_runner.py:251] Initializing model.
W0315 01:27:16.686234 140030173082816 submission_runner.py:273] These workloads cannot be fully compiled under current PyTorch version. Proceeding without `torch.compile`.
W0315 01:27:16.686227 140288102204608 submission_runner.py:273] These workloads cannot be fully compiled under current PyTorch version. Proceeding without `torch.compile`.
W0315 01:27:16.686228 139917239870656 submission_runner.py:273] These workloads cannot be fully compiled under current PyTorch version. Proceeding without `torch.compile`.
W0315 01:27:16.686770 140322721182912 submission_runner.py:273] These workloads cannot be fully compiled under current PyTorch version. Proceeding without `torch.compile`.
I0315 01:27:16.686956 140322721182912 submission_runner.py:294] Initializing optimizer.
I0315 01:27:16.687566 140322721182912 submission_runner.py:299] Initializing metrics bundle.
I0315 01:27:16.687710 140322721182912 submission_runner.py:321] Initializing checkpoint and logger.
I0315 01:27:16.689679 140322721182912 submission_runner.py:344] Saving meta data to /experiment_runs/submissions_a100/schedule_free_adamw_v2/study_2/librispeech_conformer_pytorch/trial_1/meta_data_0.json.
I0315 01:27:16.689756 139917239870656 logger_utils.py:283] Unable to record workload.train_mean information. Continuing without it.
I0315 01:27:16.689769 140288102204608 logger_utils.py:283] Unable to record workload.train_mean information. Continuing without it.
I0315 01:27:16.689794 140030173082816 logger_utils.py:283] Unable to record workload.train_mean information. Continuing without it.
I0315 01:27:16.689874 139917239870656 logger_utils.py:283] Unable to record workload.train_stddev information. Continuing without it.
I0315 01:27:16.689883 140288102204608 logger_utils.py:283] Unable to record workload.train_stddev information. Continuing without it.
I0315 01:27:16.689900 140322721182912 logger_utils.py:283] Unable to record workload.train_mean information. Continuing without it.
I0315 01:27:16.689904 140030173082816 logger_utils.py:283] Unable to record workload.train_stddev information. Continuing without it.
I0315 01:27:16.689958 140322721182912 logger_utils.py:283] Unable to record workload.train_stddev information. Continuing without it.
I0315 01:27:17.024498 140322721182912 submission_runner.py:348] Saving flags to /experiment_runs/submissions_a100/schedule_free_adamw_v2/study_2/librispeech_conformer_pytorch/trial_1/flags_0.json.
I0315 01:27:17.049552 140322721182912 submission_runner.py:359] Starting training loop.
/usr/local/lib/python3.11/multiprocessing/popen_fork.py:66: RuntimeWarning: os.fork() was called. os.fork() is incompatible with multithreaded code, and JAX is multithreaded, so this will likely lead to a deadlock.
  self.pid = os.fork()
/usr/local/lib/python3.11/multiprocessing/popen_fork.py:66: RuntimeWarning: os.fork() was called. os.fork() is incompatible with multithreaded code, and JAX is multithreaded, so this will likely lead to a deadlock.
  self.pid = os.fork()
/usr/local/lib/python3.11/multiprocessing/popen_fork.py:66: RuntimeWarning: os.fork() was called. os.fork() is incompatible with multithreaded code, and JAX is multithreaded, so this will likely lead to a deadlock.
  self.pid = os.fork()
/usr/local/lib/python3.11/multiprocessing/popen_fork.py:66: RuntimeWarning: os.fork() was called. os.fork() is incompatible with multithreaded code, and JAX is multithreaded, so this will likely lead to a deadlock.
  self.pid = os.fork()
/algorithmic-efficiency/algoperf/workloads/librispeech_conformer/librispeech_pytorch/preprocessor.py:516: UserWarning: Specified kernel cache directory could not be created! This disables kernel caching. Specified directory is /root/.cache/torch/kernels. This warning will appear only once per process. (Triggered internally at /pytorch/aten/src/ATen/native/cuda/jit_utils.cpp:1487.)
  spectrum = torch.abs(spectrum)
/algorithmic-efficiency/algoperf/workloads/librispeech_conformer/librispeech_pytorch/preprocessor.py:516: UserWarning: Specified kernel cache directory could not be created! This disables kernel caching. Specified directory is /root/.cache/torch/kernels. This warning will appear only once per process. (Triggered internally at /pytorch/aten/src/ATen/native/cuda/jit_utils.cpp:1487.)
  spectrum = torch.abs(spectrum)
/algorithmic-efficiency/algoperf/workloads/librispeech_conformer/librispeech_pytorch/preprocessor.py:516: UserWarning: Specified kernel cache directory could not be created! This disables kernel caching. Specified directory is /root/.cache/torch/kernels. This warning will appear only once per process. (Triggered internally at /pytorch/aten/src/ATen/native/cuda/jit_utils.cpp:1487.)
  spectrum = torch.abs(spectrum)
I0315 01:27:36.939739 140322721182912 spec.py:333] Evaluating on the training split.
I0315 01:27:36.941855 140322721182912 input_pipeline.py:19] Loading split = train-clean-100
I0315 01:27:36.968428 140322721182912 input_pipeline.py:19] Loading split = train-clean-360
I0315 01:27:37.078008 140322721182912 input_pipeline.py:19] Loading split = train-other-500
/usr/local/lib/python3.11/site-packages/torch/distributed/distributed_c10d.py:4876: UserWarning: barrier(): using the device under current context. You can specify `device_id` in `init_process_group` to mute this warning.
  warnings.warn(  # warn only once
I0315 01:28:11.627572 140322721182912 spec.py:346] Evaluating on the validation split.
I0315 01:28:11.629527 140322721182912 input_pipeline.py:19] Loading split = dev-clean
I0315 01:28:11.633639 140322721182912 input_pipeline.py:19] Loading split = dev-other
I0315 01:28:32.602516 140322721182912 spec.py:363] Evaluating on the test split.
I0315 01:28:32.604347 140322721182912 input_pipeline.py:19] Loading split = test-clean
I0315 01:28:43.892739 140322721182912 submission_runner.py:516] Time since start: 86.84s, 	Step: 1, 	{'train/ctc_loss': 31.41808583163459, 'train/wer': 1.1042547668746823, 'validation/ctc_loss': 29.888626377404012, 'validation/wer': 1.053145367643509, 'validation/num_examples': 5348, 'test/ctc_loss': 30.03202356051176, 'test/wer': 1.0699733918306826, 'test/num_examples': 2472, 'score': 18.94313645362854, 'total_duration': 86.84271621704102, 'accumulated_submission_time': 18.94313645362854, 'accumulated_eval_time': 66.95272040367126, 'accumulated_logging_time': 0}
I0315 01:28:44.000502 140303121753856 logging_writer.py:48] [1] accumulated_eval_time=66.9527, accumulated_logging_time=0, accumulated_submission_time=18.9431, global_step=1, preemption_count=0, score=18.9431, test/ctc_loss=30.032, test/num_examples=2472, test/wer=1.06997, total_duration=86.8427, train/ctc_loss=31.4181, train/wer=1.10425, validation/ctc_loss=29.8886, validation/num_examples=5348, validation/wer=1.05315
/usr/local/lib/python3.11/multiprocessing/popen_fork.py:66: RuntimeWarning: os.fork() was called. os.fork() is incompatible with multithreaded code, and JAX is multithreaded, so this will likely lead to a deadlock.
  self.pid = os.fork()
I0315 01:57:51.989048 140322721182912 spec.py:333] Evaluating on the training split.
/usr/local/lib/python3.11/site-packages/torch/distributed/distributed_c10d.py:4876: UserWarning: barrier(): using the device under current context. You can specify `device_id` in `init_process_group` to mute this warning.
  warnings.warn(  # warn only once
I0315 01:58:10.382228 140322721182912 spec.py:346] Evaluating on the validation split.
I0315 01:58:31.721372 140322721182912 spec.py:363] Evaluating on the test split.
I0315 01:58:42.993744 140322721182912 submission_runner.py:516] Time since start: 1885.94s, 	Step: 1586, 	{'train/ctc_loss': 3.910024633188814, 'train/wer': 0.7202982879268016, 'validation/ctc_loss': 4.096119048958392, 'validation/wer': 0.7029981171245112, 'validation/num_examples': 5348, 'test/ctc_loss': 3.868338316629666, 'test/wer': 0.6821847135051693, 'test/num_examples': 2472, 'score': 1764.1741247177124, 'total_duration': 1885.9435830116272, 'accumulated_submission_time': 1764.1741247177124, 'accumulated_eval_time': 117.95686078071594, 'accumulated_logging_time': 0.30014991760253906}
I0315 01:58:43.038407 140303121753856 logging_writer.py:48] [1586] accumulated_eval_time=117.957, accumulated_logging_time=0.30015, accumulated_submission_time=1764.17, global_step=1586, preemption_count=0, score=1764.17, test/ctc_loss=3.86834, test/num_examples=2472, test/wer=0.682185, total_duration=1885.94, train/ctc_loss=3.91002, train/wer=0.720298, validation/ctc_loss=4.09612, validation/num_examples=5348, validation/wer=0.702998
/usr/local/lib/python3.11/multiprocessing/popen_fork.py:66: RuntimeWarning: os.fork() was called. os.fork() is incompatible with multithreaded code, and JAX is multithreaded, so this will likely lead to a deadlock.
  self.pid = os.fork()
I0315 02:27:51.015150 140322721182912 spec.py:333] Evaluating on the training split.
/usr/local/lib/python3.11/site-packages/torch/distributed/distributed_c10d.py:4876: UserWarning: barrier(): using the device under current context. You can specify `device_id` in `init_process_group` to mute this warning.
  warnings.warn(  # warn only once
I0315 02:28:08.764218 140322721182912 spec.py:346] Evaluating on the validation split.
I0315 02:28:28.927330 140322721182912 spec.py:363] Evaluating on the test split.
I0315 02:28:39.929045 140322721182912 submission_runner.py:516] Time since start: 3682.88s, 	Step: 3453, 	{'train/ctc_loss': 2.246666039782516, 'train/wer': 0.5062945458085031, 'validation/ctc_loss': 2.4416468611126736, 'validation/wer': 0.5013566359291266, 'validation/num_examples': 5348, 'test/ctc_loss': 2.114906619336045, 'test/wer': 0.46314463875855627, 'test/num_examples': 2472, 'score': 3509.506046772003, 'total_duration': 3682.8793654441833, 'accumulated_submission_time': 3509.506046772003, 'accumulated_eval_time': 166.8707151412964, 'accumulated_logging_time': 0.3589334487915039}
I0315 02:28:39.962865 140303121753856 logging_writer.py:48] [3453] accumulated_eval_time=166.871, accumulated_logging_time=0.358933, accumulated_submission_time=3509.51, global_step=3453, preemption_count=0, score=3509.51, test/ctc_loss=2.11491, test/num_examples=2472, test/wer=0.463145, total_duration=3682.88, train/ctc_loss=2.24667, train/wer=0.506295, validation/ctc_loss=2.44165, validation/num_examples=5348, validation/wer=0.501357
/usr/local/lib/python3.11/multiprocessing/popen_fork.py:66: RuntimeWarning: os.fork() was called. os.fork() is incompatible with multithreaded code, and JAX is multithreaded, so this will likely lead to a deadlock.
  self.pid = os.fork()
I0315 02:57:47.931501 140322721182912 spec.py:333] Evaluating on the training split.
/usr/local/lib/python3.11/site-packages/torch/distributed/distributed_c10d.py:4876: UserWarning: barrier(): using the device under current context. You can specify `device_id` in `init_process_group` to mute this warning.
  warnings.warn(  # warn only once
I0315 02:58:04.397422 140322721182912 spec.py:346] Evaluating on the validation split.
I0315 02:58:25.899796 140322721182912 spec.py:363] Evaluating on the test split.
I0315 02:58:37.281981 140322721182912 submission_runner.py:516] Time since start: 5480.23s, 	Step: 5964, 	{'train/ctc_loss': 1.0514426661270986, 'train/wer': 0.33305934393960696, 'validation/ctc_loss': 1.2310290528335615, 'validation/wer': 0.356297977115821, 'validation/num_examples': 5348, 'test/ctc_loss': 0.9267416339972026, 'test/wer': 0.2981536774114923, 'test/num_examples': 2472, 'score': 5254.777601957321, 'total_duration': 5480.232136249542, 'accumulated_submission_time': 5254.777601957321, 'accumulated_eval_time': 216.22097730636597, 'accumulated_logging_time': 0.4033474922180176}
I0315 02:58:37.346198 140303121753856 logging_writer.py:48] [5964] accumulated_eval_time=216.221, accumulated_logging_time=0.403347, accumulated_submission_time=5254.78, global_step=5964, preemption_count=0, score=5254.78, test/ctc_loss=0.926742, test/num_examples=2472, test/wer=0.298154, total_duration=5480.23, train/ctc_loss=1.05144, train/wer=0.333059, validation/ctc_loss=1.23103, validation/num_examples=5348, validation/wer=0.356298
/usr/local/lib/python3.11/multiprocessing/popen_fork.py:66: RuntimeWarning: os.fork() was called. os.fork() is incompatible with multithreaded code, and JAX is multithreaded, so this will likely lead to a deadlock.
  self.pid = os.fork()
I0315 03:27:45.394343 140322721182912 spec.py:333] Evaluating on the training split.
/usr/local/lib/python3.11/site-packages/torch/distributed/distributed_c10d.py:4876: UserWarning: barrier(): using the device under current context. You can specify `device_id` in `init_process_group` to mute this warning.
  warnings.warn(  # warn only once
I0315 03:28:04.217934 140322721182912 spec.py:346] Evaluating on the validation split.
I0315 03:28:24.627760 140322721182912 spec.py:363] Evaluating on the test split.
I0315 03:28:35.258017 140322721182912 submission_runner.py:516] Time since start: 7278.21s, 	Step: 8703, 	{'train/ctc_loss': 0.689724144387092, 'train/wer': 0.23576426817793447, 'validation/ctc_loss': 0.8875503537654772, 'validation/wer': 0.27186790904263025, 'validation/num_examples': 5348, 'test/ctc_loss': 0.6170189728848794, 'test/wer': 0.2109763776328885, 'test/num_examples': 2472, 'score': 6999.84960436821, 'total_duration': 7278.208352327347, 'accumulated_submission_time': 6999.84960436821, 'accumulated_eval_time': 266.08462047576904, 'accumulated_logging_time': 0.4835803508758545}
I0315 03:28:36.171696 140303121753856 logging_writer.py:48] [8703] accumulated_eval_time=266.085, accumulated_logging_time=0.48358, accumulated_submission_time=6999.85, global_step=8703, preemption_count=0, score=6999.85, test/ctc_loss=0.617019, test/num_examples=2472, test/wer=0.210976, total_duration=7278.21, train/ctc_loss=0.689724, train/wer=0.235764, validation/ctc_loss=0.88755, validation/num_examples=5348, validation/wer=0.271868
/usr/local/lib/python3.11/multiprocessing/popen_fork.py:66: RuntimeWarning: os.fork() was called. os.fork() is incompatible with multithreaded code, and JAX is multithreaded, so this will likely lead to a deadlock.
  self.pid = os.fork()
I0315 03:57:43.560616 140322721182912 spec.py:333] Evaluating on the training split.
/usr/local/lib/python3.11/site-packages/torch/distributed/distributed_c10d.py:4876: UserWarning: barrier(): using the device under current context. You can specify `device_id` in `init_process_group` to mute this warning.
  warnings.warn(  # warn only once
I0315 03:58:01.830197 140322721182912 spec.py:346] Evaluating on the validation split.
I0315 03:58:22.200122 140322721182912 spec.py:363] Evaluating on the test split.
I0315 03:58:32.895314 140322721182912 submission_runner.py:516] Time since start: 9075.85s, 	Step: 11358, 	{'train/ctc_loss': 0.5252994456273151, 'train/wer': 0.1860676393290144, 'validation/ctc_loss': 0.7350024688580126, 'validation/wer': 0.22887075749529281, 'validation/num_examples': 5348, 'test/ctc_loss': 0.4803047844456992, 'test/wer': 0.1664940182397985, 'test/num_examples': 2472, 'score': 8744.040571212769, 'total_duration': 9075.845584154129, 'accumulated_submission_time': 8744.040571212769, 'accumulated_eval_time': 315.4191987514496, 'accumulated_logging_time': 1.7683296203613281}
I0315 03:58:33.891717 140303121753856 logging_writer.py:48] [11358] accumulated_eval_time=315.419, accumulated_logging_time=1.76833, accumulated_submission_time=8744.04, global_step=11358, preemption_count=0, score=8744.04, test/ctc_loss=0.480305, test/num_examples=2472, test/wer=0.166494, total_duration=9075.85, train/ctc_loss=0.525299, train/wer=0.186068, validation/ctc_loss=0.735002, validation/num_examples=5348, validation/wer=0.228871
/usr/local/lib/python3.11/multiprocessing/popen_fork.py:66: RuntimeWarning: os.fork() was called. os.fork() is incompatible with multithreaded code, and JAX is multithreaded, so this will likely lead to a deadlock.
  self.pid = os.fork()
I0315 04:27:43.037734 140322721182912 spec.py:333] Evaluating on the training split.
/usr/local/lib/python3.11/site-packages/torch/distributed/distributed_c10d.py:4876: UserWarning: barrier(): using the device under current context. You can specify `device_id` in `init_process_group` to mute this warning.
  warnings.warn(  # warn only once
I0315 04:27:57.962460 140322721182912 spec.py:346] Evaluating on the validation split.
I0315 04:28:18.344877 140322721182912 spec.py:363] Evaluating on the test split.
I0315 04:28:29.004222 140322721182912 submission_runner.py:516] Time since start: 10871.95s, 	Step: 13941, 	{'train/ctc_loss': 0.4205307847694018, 'train/wer': 0.14854911800651086, 'validation/ctc_loss': 0.6338769020363391, 'validation/wer': 0.19505624487037126, 'validation/num_examples': 5348, 'test/ctc_loss': 0.39847381704191104, 'test/wer': 0.13503138139053075, 'test/num_examples': 2472, 'score': 10490.024971723557, 'total_duration': 10871.95448231697, 'accumulated_submission_time': 10490.024971723557, 'accumulated_eval_time': 361.3855707645416, 'accumulated_logging_time': 3.1021361351013184}
I0315 04:28:29.295873 140303121753856 logging_writer.py:48] [13941] accumulated_eval_time=361.386, accumulated_logging_time=3.10214, accumulated_submission_time=10490, global_step=13941, preemption_count=0, score=10490, test/ctc_loss=0.398474, test/num_examples=2472, test/wer=0.135031, total_duration=10872, train/ctc_loss=0.420531, train/wer=0.148549, validation/ctc_loss=0.633877, validation/num_examples=5348, validation/wer=0.195056
/usr/local/lib/python3.11/multiprocessing/popen_fork.py:66: RuntimeWarning: os.fork() was called. os.fork() is incompatible with multithreaded code, and JAX is multithreaded, so this will likely lead to a deadlock.
  self.pid = os.fork()
I0315 04:57:37.115323 140322721182912 spec.py:333] Evaluating on the training split.
/usr/local/lib/python3.11/site-packages/torch/distributed/distributed_c10d.py:4876: UserWarning: barrier(): using the device under current context. You can specify `device_id` in `init_process_group` to mute this warning.
  warnings.warn(  # warn only once
I0315 04:57:52.642138 140322721182912 spec.py:346] Evaluating on the validation split.
I0315 04:58:12.962827 140322721182912 spec.py:363] Evaluating on the test split.
I0315 04:58:23.621867 140322721182912 submission_runner.py:516] Time since start: 12666.56s, 	Step: 16498, 	{'train/ctc_loss': 0.3455271221147937, 'train/wer': 0.1236142806156109, 'validation/ctc_loss': 0.562202135405924, 'validation/wer': 0.17193067155892436, 'validation/num_examples': 5348, 'test/ctc_loss': 0.3450230764850437, 'test/wer': 0.11693376393882152, 'test/num_examples': 2472, 'score': 12234.941821098328, 'total_duration': 12666.559118032455, 'accumulated_submission_time': 12234.941821098328, 'accumulated_eval_time': 407.8789498806, 'accumulated_logging_time': 3.5833168029785156}
I0315 04:58:24.683032 140303121753856 logging_writer.py:48] [16498] accumulated_eval_time=407.879, accumulated_logging_time=3.58332, accumulated_submission_time=12234.9, global_step=16498, preemption_count=0, score=12234.9, test/ctc_loss=0.345023, test/num_examples=2472, test/wer=0.116934, total_duration=12666.6, train/ctc_loss=0.345527, train/wer=0.123614, validation/ctc_loss=0.562202, validation/num_examples=5348, validation/wer=0.171931
/usr/local/lib/python3.11/multiprocessing/popen_fork.py:66: RuntimeWarning: os.fork() was called. os.fork() is incompatible with multithreaded code, and JAX is multithreaded, so this will likely lead to a deadlock.
  self.pid = os.fork()
I0315 05:27:31.897109 140322721182912 spec.py:333] Evaluating on the training split.
/usr/local/lib/python3.11/site-packages/torch/distributed/distributed_c10d.py:4876: UserWarning: barrier(): using the device under current context. You can specify `device_id` in `init_process_group` to mute this warning.
  warnings.warn(  # warn only once
I0315 05:27:46.140406 140322721182912 spec.py:346] Evaluating on the validation split.
I0315 05:28:06.589190 140322721182912 spec.py:363] Evaluating on the test split.
I0315 05:28:17.240506 140322721182912 submission_runner.py:516] Time since start: 14460.19s, 	Step: 19299, 	{'train/ctc_loss': 0.2947510276422327, 'train/wer': 0.10595818777646791, 'validation/ctc_loss': 0.5139426998368679, 'validation/wer': 0.15700284845266257, 'validation/num_examples': 5348, 'test/ctc_loss': 0.307074900628152, 'test/wer': 0.1037515487579469, 'test/num_examples': 2472, 'score': 13978.853658676147, 'total_duration': 14460.190774679184, 'accumulated_submission_time': 13978.853658676147, 'accumulated_eval_time': 453.22219705581665, 'accumulated_logging_time': 5.064561128616333}
I0315 05:28:17.545115 140303121753856 logging_writer.py:48] [19299] accumulated_eval_time=453.222, accumulated_logging_time=5.06456, accumulated_submission_time=13978.9, global_step=19299, preemption_count=0, score=13978.9, test/ctc_loss=0.307075, test/num_examples=2472, test/wer=0.103752, total_duration=14460.2, train/ctc_loss=0.294751, train/wer=0.105958, validation/ctc_loss=0.513943, validation/num_examples=5348, validation/wer=0.157003
/usr/local/lib/python3.11/multiprocessing/popen_fork.py:66: RuntimeWarning: os.fork() was called. os.fork() is incompatible with multithreaded code, and JAX is multithreaded, so this will likely lead to a deadlock.
  self.pid = os.fork()
I0315 05:57:25.534416 140322721182912 spec.py:333] Evaluating on the training split.
/usr/local/lib/python3.11/site-packages/torch/distributed/distributed_c10d.py:4876: UserWarning: barrier(): using the device under current context. You can specify `device_id` in `init_process_group` to mute this warning.
  warnings.warn(  # warn only once
I0315 05:57:46.396207 140322721182912 spec.py:346] Evaluating on the validation split.
I0315 05:58:06.932738 140322721182912 spec.py:363] Evaluating on the test split.
I0315 05:58:17.636138 140322721182912 submission_runner.py:516] Time since start: 16260.59s, 	Step: 21980, 	{'train/ctc_loss': 0.26289081259298314, 'train/wer': 0.09531045521895719, 'validation/ctc_loss': 0.4823050852224785, 'validation/wer': 0.14617872833486217, 'validation/num_examples': 5348, 'test/ctc_loss': 0.2853941028141722, 'test/wer': 0.09686592326285215, 'test/num_examples': 2472, 'score': 15723.738860607147, 'total_duration': 16260.586409330368, 'accumulated_submission_time': 15723.738860607147, 'accumulated_eval_time': 505.3237762451172, 'accumulated_logging_time': 5.606152057647705}
I0315 05:58:18.638827 140303121753856 logging_writer.py:48] [21980] accumulated_eval_time=505.324, accumulated_logging_time=5.60615, accumulated_submission_time=15723.7, global_step=21980, preemption_count=0, score=15723.7, test/ctc_loss=0.285394, test/num_examples=2472, test/wer=0.0968659, total_duration=16260.6, train/ctc_loss=0.262891, train/wer=0.0953105, validation/ctc_loss=0.482305, validation/num_examples=5348, validation/wer=0.146179
/usr/local/lib/python3.11/multiprocessing/popen_fork.py:66: RuntimeWarning: os.fork() was called. os.fork() is incompatible with multithreaded code, and JAX is multithreaded, so this will likely lead to a deadlock.
  self.pid = os.fork()
I0315 06:27:26.403647 140322721182912 spec.py:333] Evaluating on the training split.
/usr/local/lib/python3.11/site-packages/torch/distributed/distributed_c10d.py:4876: UserWarning: barrier(): using the device under current context. You can specify `device_id` in `init_process_group` to mute this warning.
  warnings.warn(  # warn only once
I0315 06:27:41.034773 140322721182912 spec.py:346] Evaluating on the validation split.
I0315 06:28:01.957636 140322721182912 spec.py:363] Evaluating on the test split.
I0315 06:28:12.652007 140322721182912 submission_runner.py:516] Time since start: 18055.60s, 	Step: 24557, 	{'train/ctc_loss': 0.24131607156050497, 'train/wer': 0.08726381934004607, 'validation/ctc_loss': 0.46009561746451405, 'validation/wer': 0.1382899628252788, 'validation/num_examples': 5348, 'test/ctc_loss': 0.2701199419809565, 'test/wer': 0.09093494201044015, 'test/num_examples': 2472, 'score': 17468.26497721672, 'total_duration': 18055.60231947899, 'accumulated_submission_time': 17468.26497721672, 'accumulated_eval_time': 551.5722458362579, 'accumulated_logging_time': 6.929203271865845}
I0315 06:28:12.931479 140303121753856 logging_writer.py:48] [24557] accumulated_eval_time=551.572, accumulated_logging_time=6.9292, accumulated_submission_time=17468.3, global_step=24557, preemption_count=0, score=17468.3, test/ctc_loss=0.27012, test/num_examples=2472, test/wer=0.0909349, total_duration=18055.6, train/ctc_loss=0.241316, train/wer=0.0872638, validation/ctc_loss=0.460096, validation/num_examples=5348, validation/wer=0.13829
/usr/local/lib/python3.11/multiprocessing/popen_fork.py:66: RuntimeWarning: os.fork() was called. os.fork() is incompatible with multithreaded code, and JAX is multithreaded, so this will likely lead to a deadlock.
  self.pid = os.fork()
I0315 06:57:20.856550 140322721182912 spec.py:333] Evaluating on the training split.
/usr/local/lib/python3.11/site-packages/torch/distributed/distributed_c10d.py:4876: UserWarning: barrier(): using the device under current context. You can specify `device_id` in `init_process_group` to mute this warning.
  warnings.warn(  # warn only once
I0315 06:57:36.355509 140322721182912 spec.py:346] Evaluating on the validation split.
I0315 06:57:57.011105 140322721182912 spec.py:363] Evaluating on the test split.
I0315 06:58:07.666599 140322721182912 submission_runner.py:516] Time since start: 19850.62s, 	Step: 27154, 	{'train/ctc_loss': 0.2247402768589074, 'train/wer': 0.08177501865651464, 'validation/ctc_loss': 0.44428027710587337, 'validation/wer': 0.13281514025008448, 'validation/num_examples': 5348, 'test/ctc_loss': 0.2579069894741232, 'test/wer': 0.08652732923039425, 'test/num_examples': 2472, 'score': 19213.12732219696, 'total_duration': 19850.616854906082, 'accumulated_submission_time': 19213.12732219696, 'accumulated_eval_time': 598.3822083473206, 'accumulated_logging_time': 7.484665155410767}
I0315 06:58:08.483712 140303121753856 logging_writer.py:48] [27154] accumulated_eval_time=598.382, accumulated_logging_time=7.48467, accumulated_submission_time=19213.1, global_step=27154, preemption_count=0, score=19213.1, test/ctc_loss=0.257907, test/num_examples=2472, test/wer=0.0865273, total_duration=19850.6, train/ctc_loss=0.22474, train/wer=0.081775, validation/ctc_loss=0.44428, validation/num_examples=5348, validation/wer=0.132815
/usr/local/lib/python3.11/multiprocessing/popen_fork.py:66: RuntimeWarning: os.fork() was called. os.fork() is incompatible with multithreaded code, and JAX is multithreaded, so this will likely lead to a deadlock.
  self.pid = os.fork()
I0315 07:27:15.839973 140322721182912 spec.py:333] Evaluating on the training split.
/usr/local/lib/python3.11/site-packages/torch/distributed/distributed_c10d.py:4876: UserWarning: barrier(): using the device under current context. You can specify `device_id` in `init_process_group` to mute this warning.
  warnings.warn(  # warn only once
I0315 07:27:30.238037 140322721182912 spec.py:346] Evaluating on the validation split.
I0315 07:27:50.979660 140322721182912 spec.py:363] Evaluating on the test split.
I0315 07:28:01.662722 140322721182912 submission_runner.py:516] Time since start: 21644.61s, 	Step: 29952, 	{'train/ctc_loss': 0.210801121213088, 'train/wer': 0.07697299401909995, 'validation/ctc_loss': 0.4298137262255224, 'validation/wer': 0.12828658330517068, 'validation/num_examples': 5348, 'test/ctc_loss': 0.2483146536582314, 'test/wer': 0.08173379643734893, 'test/num_examples': 2472, 'score': 20957.372546195984, 'total_duration': 21644.613032102585, 'accumulated_submission_time': 20957.372546195984, 'accumulated_eval_time': 644.2048645019531, 'accumulated_logging_time': 8.552560329437256}
I0315 07:28:02.947690 140303121753856 logging_writer.py:48] [29952] accumulated_eval_time=644.205, accumulated_logging_time=8.55256, accumulated_submission_time=20957.4, global_step=29952, preemption_count=0, score=20957.4, test/ctc_loss=0.248315, test/num_examples=2472, test/wer=0.0817338, total_duration=21644.6, train/ctc_loss=0.210801, train/wer=0.076973, validation/ctc_loss=0.429814, validation/num_examples=5348, validation/wer=0.128287
/usr/local/lib/python3.11/multiprocessing/popen_fork.py:66: RuntimeWarning: os.fork() was called. os.fork() is incompatible with multithreaded code, and JAX is multithreaded, so this will likely lead to a deadlock.
  self.pid = os.fork()
I0315 07:57:09.993363 140322721182912 spec.py:333] Evaluating on the training split.
/usr/local/lib/python3.11/site-packages/torch/distributed/distributed_c10d.py:4876: UserWarning: barrier(): using the device under current context. You can specify `device_id` in `init_process_group` to mute this warning.
  warnings.warn(  # warn only once
I0315 07:57:26.103340 140322721182912 spec.py:346] Evaluating on the validation split.
I0315 07:57:46.590485 140322721182912 spec.py:363] Evaluating on the test split.
I0315 07:57:57.249353 140322721182912 submission_runner.py:516] Time since start: 23440.20s, 	Step: 32610, 	{'train/ctc_loss': 0.1994354526915159, 'train/wer': 0.07296589913585187, 'validation/ctc_loss': 0.41685637223191013, 'validation/wer': 0.12377733790373195, 'validation/num_examples': 5348, 'test/ctc_loss': 0.24072629672642346, 'test/wer': 0.07872768265187984, 'test/num_examples': 2472, 'score': 22700.44322037697, 'total_duration': 23440.19964647293, 'accumulated_submission_time': 22700.44322037697, 'accumulated_eval_time': 691.4607410430908, 'accumulated_logging_time': 10.777179479598999}
I0315 07:57:57.570226 140303121753856 logging_writer.py:48] [32610] accumulated_eval_time=691.461, accumulated_logging_time=10.7772, accumulated_submission_time=22700.4, global_step=32610, preemption_count=0, score=22700.4, test/ctc_loss=0.240726, test/num_examples=2472, test/wer=0.0787277, total_duration=23440.2, train/ctc_loss=0.199435, train/wer=0.0729659, validation/ctc_loss=0.416856, validation/num_examples=5348, validation/wer=0.123777
/usr/local/lib/python3.11/multiprocessing/popen_fork.py:66: RuntimeWarning: os.fork() was called. os.fork() is incompatible with multithreaded code, and JAX is multithreaded, so this will likely lead to a deadlock.
  self.pid = os.fork()
I0315 08:27:06.406394 140322721182912 spec.py:333] Evaluating on the training split.
/usr/local/lib/python3.11/site-packages/torch/distributed/distributed_c10d.py:4876: UserWarning: barrier(): using the device under current context. You can specify `device_id` in `init_process_group` to mute this warning.
  warnings.warn(  # warn only once
I0315 08:27:24.876630 140322721182912 spec.py:346] Evaluating on the validation split.
I0315 08:27:45.357953 140322721182912 spec.py:363] Evaluating on the test split.
I0315 08:27:55.982283 140322721182912 submission_runner.py:516] Time since start: 25238.93s, 	Step: 35191, 	{'train/ctc_loss': 0.18962461515889834, 'train/wer': 0.06952120353446319, 'validation/ctc_loss': 0.4069728831886395, 'validation/wer': 0.12093854101289045, 'validation/num_examples': 5348, 'test/ctc_loss': 0.2327812107003991, 'test/wer': 0.07608717729977861, 'test/num_examples': 2472, 'score': 24446.34418463707, 'total_duration': 25238.932540416718, 'accumulated_submission_time': 24446.34418463707, 'accumulated_eval_time': 741.0365300178528, 'accumulated_logging_time': 11.291190385818481}
I0315 08:27:56.926059 140303121753856 logging_writer.py:48] [35191] accumulated_eval_time=741.037, accumulated_logging_time=11.2912, accumulated_submission_time=24446.3, global_step=35191, preemption_count=0, score=24446.3, test/ctc_loss=0.232781, test/num_examples=2472, test/wer=0.0760872, total_duration=25238.9, train/ctc_loss=0.189625, train/wer=0.0695212, validation/ctc_loss=0.406973, validation/num_examples=5348, validation/wer=0.120939
/usr/local/lib/python3.11/multiprocessing/popen_fork.py:66: RuntimeWarning: os.fork() was called. os.fork() is incompatible with multithreaded code, and JAX is multithreaded, so this will likely lead to a deadlock.
  self.pid = os.fork()
I0315 08:57:04.482237 140322721182912 spec.py:333] Evaluating on the training split.
/usr/local/lib/python3.11/site-packages/torch/distributed/distributed_c10d.py:4876: UserWarning: barrier(): using the device under current context. You can specify `device_id` in `init_process_group` to mute this warning.
  warnings.warn(  # warn only once
I0315 08:57:19.256467 140322721182912 spec.py:346] Evaluating on the validation split.
I0315 08:57:39.625187 140322721182912 spec.py:363] Evaluating on the test split.
I0315 08:57:50.308209 140322721182912 submission_runner.py:516] Time since start: 27033.26s, 	Step: 37849, 	{'train/ctc_loss': 0.18031571348091976, 'train/wer': 0.06598998496663458, 'validation/ctc_loss': 0.39893586164707207, 'validation/wer': 0.11794525177424806, 'validation/num_examples': 5348, 'test/ctc_loss': 0.22526207921355884, 'test/wer': 0.07360916458472976, 'test/num_examples': 2472, 'score': 26190.465795516968, 'total_duration': 27033.258440732956, 'accumulated_submission_time': 26190.465795516968, 'accumulated_eval_time': 786.8623423576355, 'accumulated_logging_time': 12.761967182159424}
I0315 08:57:50.582124 140303121753856 logging_writer.py:48] [37849] accumulated_eval_time=786.862, accumulated_logging_time=12.762, accumulated_submission_time=26190.5, global_step=37849, preemption_count=0, score=26190.5, test/ctc_loss=0.225262, test/num_examples=2472, test/wer=0.0736092, total_duration=27033.3, train/ctc_loss=0.180316, train/wer=0.06599, validation/ctc_loss=0.398936, validation/num_examples=5348, validation/wer=0.117945
/usr/local/lib/python3.11/multiprocessing/popen_fork.py:66: RuntimeWarning: os.fork() was called. os.fork() is incompatible with multithreaded code, and JAX is multithreaded, so this will likely lead to a deadlock.
  self.pid = os.fork()
I0315 09:26:58.845309 140322721182912 spec.py:333] Evaluating on the training split.
/usr/local/lib/python3.11/site-packages/torch/distributed/distributed_c10d.py:4876: UserWarning: barrier(): using the device under current context. You can specify `device_id` in `init_process_group` to mute this warning.
  warnings.warn(  # warn only once
I0315 09:27:15.095994 140322721182912 spec.py:346] Evaluating on the validation split.
I0315 09:27:36.216351 140322721182912 spec.py:363] Evaluating on the test split.
I0315 09:27:46.982663 140322721182912 submission_runner.py:516] Time since start: 28829.92s, 	Step: 40621, 	{'train/ctc_loss': 0.17172794284327783, 'train/wer': 0.06342133440044992, 'validation/ctc_loss': 0.39043495262292727, 'validation/wer': 0.11444020663351519, 'validation/num_examples': 5348, 'test/ctc_loss': 0.21929723691724307, 'test/wer': 0.07125302134747019, 'test/num_examples': 2472, 'score': 27935.583312034607, 'total_duration': 28829.919561862946, 'accumulated_submission_time': 27935.583312034607, 'accumulated_eval_time': 834.9863891601562, 'accumulated_logging_time': 13.146409034729004}
I0315 09:27:47.884484 140303121753856 logging_writer.py:48] [40621] accumulated_eval_time=834.986, accumulated_logging_time=13.1464, accumulated_submission_time=27935.6, global_step=40621, preemption_count=0, score=27935.6, test/ctc_loss=0.219297, test/num_examples=2472, test/wer=0.071253, total_duration=28829.9, train/ctc_loss=0.171728, train/wer=0.0634213, validation/ctc_loss=0.390435, validation/num_examples=5348, validation/wer=0.11444
/usr/local/lib/python3.11/multiprocessing/popen_fork.py:66: RuntimeWarning: os.fork() was called. os.fork() is incompatible with multithreaded code, and JAX is multithreaded, so this will likely lead to a deadlock.
  self.pid = os.fork()
I0315 09:56:55.047256 140322721182912 spec.py:333] Evaluating on the training split.
/usr/local/lib/python3.11/site-packages/torch/distributed/distributed_c10d.py:4876: UserWarning: barrier(): using the device under current context. You can specify `device_id` in `init_process_group` to mute this warning.
  warnings.warn(  # warn only once
I0315 09:57:11.657039 140322721182912 spec.py:346] Evaluating on the validation split.
I0315 09:57:32.078680 140322721182912 spec.py:363] Evaluating on the test split.
I0315 09:57:42.776260 140322721182912 submission_runner.py:516] Time since start: 30625.73s, 	Step: 43252, 	{'train/ctc_loss': 0.1642615059828256, 'train/wer': 0.060176723158953505, 'validation/ctc_loss': 0.3826353926421781, 'validation/wer': 0.1118621155795877, 'validation/num_examples': 5348, 'test/ctc_loss': 0.2132257242756041, 'test/wer': 0.06979058761399874, 'test/num_examples': 2472, 'score': 29679.429431200027, 'total_duration': 30625.726523160934, 'accumulated_submission_time': 29679.429431200027, 'accumulated_eval_time': 882.7152650356293, 'accumulated_logging_time': 14.41794204711914}
I0315 09:57:43.143644 140303121753856 logging_writer.py:48] [43252] accumulated_eval_time=882.715, accumulated_logging_time=14.4179, accumulated_submission_time=29679.4, global_step=43252, preemption_count=0, score=29679.4, test/ctc_loss=0.213226, test/num_examples=2472, test/wer=0.0697906, total_duration=30625.7, train/ctc_loss=0.164262, train/wer=0.0601767, validation/ctc_loss=0.382635, validation/num_examples=5348, validation/wer=0.111862
/usr/local/lib/python3.11/multiprocessing/popen_fork.py:66: RuntimeWarning: os.fork() was called. os.fork() is incompatible with multithreaded code, and JAX is multithreaded, so this will likely lead to a deadlock.
  self.pid = os.fork()
I0315 10:26:51.792470 140322721182912 spec.py:333] Evaluating on the training split.
/usr/local/lib/python3.11/site-packages/torch/distributed/distributed_c10d.py:4876: UserWarning: barrier(): using the device under current context. You can specify `device_id` in `init_process_group` to mute this warning.
  warnings.warn(  # warn only once
I0315 10:27:08.237347 140322721182912 spec.py:346] Evaluating on the validation split.
I0315 10:27:28.723855 140322721182912 spec.py:363] Evaluating on the test split.
I0315 10:27:39.538937 140322721182912 submission_runner.py:516] Time since start: 32422.49s, 	Step: 45815, 	{'train/ctc_loss': 0.1572049925865352, 'train/wer': 0.05763511101978131, 'validation/ctc_loss': 0.37546794039426723, 'validation/wer': 0.10938058224303578, 'validation/num_examples': 5348, 'test/ctc_loss': 0.20837353939825093, 'test/wer': 0.06810472650458026, 'test/num_examples': 2472, 'score': 31425.180854558945, 'total_duration': 32422.489263534546, 'accumulated_submission_time': 31425.180854558945, 'accumulated_eval_time': 930.4617319107056, 'accumulated_logging_time': 14.907013177871704}
I0315 10:27:40.384782 140303121753856 logging_writer.py:48] [45815] accumulated_eval_time=930.462, accumulated_logging_time=14.907, accumulated_submission_time=31425.2, global_step=45815, preemption_count=0, score=31425.2, test/ctc_loss=0.208374, test/num_examples=2472, test/wer=0.0681047, total_duration=32422.5, train/ctc_loss=0.157205, train/wer=0.0576351, validation/ctc_loss=0.375468, validation/num_examples=5348, validation/wer=0.109381
/usr/local/lib/python3.11/multiprocessing/popen_fork.py:66: RuntimeWarning: os.fork() was called. os.fork() is incompatible with multithreaded code, and JAX is multithreaded, so this will likely lead to a deadlock.
  self.pid = os.fork()
I0315 10:56:47.887792 140322721182912 spec.py:333] Evaluating on the training split.
/usr/local/lib/python3.11/site-packages/torch/distributed/distributed_c10d.py:4876: UserWarning: barrier(): using the device under current context. You can specify `device_id` in `init_process_group` to mute this warning.
  warnings.warn(  # warn only once
I0315 10:57:04.976796 140322721182912 spec.py:346] Evaluating on the validation split.
I0315 10:57:25.427864 140322721182912 spec.py:363] Evaluating on the test split.
I0315 10:57:36.133519 140322721182912 submission_runner.py:516] Time since start: 34219.08s, 	Step: 48511, 	{'train/ctc_loss': 0.15040329080596032, 'train/wer': 0.0550231989703767, 'validation/ctc_loss': 0.36630206087141315, 'validation/wer': 0.1072176893738232, 'validation/num_examples': 5348, 'test/ctc_loss': 0.20275671662260833, 'test/wer': 0.06554546747100522, 'test/num_examples': 2472, 'score': 33169.403098106384, 'total_duration': 34219.08379817009, 'accumulated_submission_time': 33169.403098106384, 'accumulated_eval_time': 978.7072908878326, 'accumulated_logging_time': 16.185797929763794}
I0315 10:57:36.521653 140303121753856 logging_writer.py:48] [48511] accumulated_eval_time=978.707, accumulated_logging_time=16.1858, accumulated_submission_time=33169.4, global_step=48511, preemption_count=0, score=33169.4, test/ctc_loss=0.202757, test/num_examples=2472, test/wer=0.0655455, total_duration=34219.1, train/ctc_loss=0.150403, train/wer=0.0550232, validation/ctc_loss=0.366302, validation/num_examples=5348, validation/wer=0.107218
/usr/local/lib/python3.11/multiprocessing/popen_fork.py:66: RuntimeWarning: os.fork() was called. os.fork() is incompatible with multithreaded code, and JAX is multithreaded, so this will likely lead to a deadlock.
  self.pid = os.fork()
I0315 11:26:44.374169 140322721182912 spec.py:333] Evaluating on the training split.
/usr/local/lib/python3.11/site-packages/torch/distributed/distributed_c10d.py:4876: UserWarning: barrier(): using the device under current context. You can specify `device_id` in `init_process_group` to mute this warning.
  warnings.warn(  # warn only once
I0315 11:27:04.431715 140322721182912 spec.py:346] Evaluating on the validation split.
I0315 11:27:24.950866 140322721182912 spec.py:363] Evaluating on the test split.
I0315 11:27:35.677843 140322721182912 submission_runner.py:516] Time since start: 36018.61s, 	Step: 51266, 	{'train/ctc_loss': 0.14430797499487857, 'train/wer': 0.05315754750651626, 'validation/ctc_loss': 0.3594550327983099, 'validation/wer': 0.10427267899386858, 'validation/num_examples': 5348, 'test/ctc_loss': 0.19760057389447816, 'test/wer': 0.06343306318932423, 'test/num_examples': 2472, 'score': 34914.195083618164, 'total_duration': 36018.612303733826, 'accumulated_submission_time': 34914.195083618164, 'accumulated_eval_time': 1029.995014667511, 'accumulated_logging_time': 16.700806856155396}
I0315 11:27:36.602224 140303121753856 logging_writer.py:48] [51266] accumulated_eval_time=1030, accumulated_logging_time=16.7008, accumulated_submission_time=34914.2, global_step=51266, preemption_count=0, score=34914.2, test/ctc_loss=0.197601, test/num_examples=2472, test/wer=0.0634331, total_duration=36018.6, train/ctc_loss=0.144308, train/wer=0.0531575, validation/ctc_loss=0.359455, validation/num_examples=5348, validation/wer=0.104273
/usr/local/lib/python3.11/multiprocessing/popen_fork.py:66: RuntimeWarning: os.fork() was called. os.fork() is incompatible with multithreaded code, and JAX is multithreaded, so this will likely lead to a deadlock.
  self.pid = os.fork()
I0315 11:56:43.980741 140322721182912 spec.py:333] Evaluating on the training split.
/usr/local/lib/python3.11/site-packages/torch/distributed/distributed_c10d.py:4876: UserWarning: barrier(): using the device under current context. You can specify `device_id` in `init_process_group` to mute this warning.
  warnings.warn(  # warn only once
I0315 11:57:01.721187 140322721182912 spec.py:346] Evaluating on the validation split.
I0315 11:57:22.118137 140322721182912 spec.py:363] Evaluating on the test split.
I0315 11:57:32.840617 140322721182912 submission_runner.py:516] Time since start: 37815.79s, 	Step: 53885, 	{'train/ctc_loss': 0.1392696079007553, 'train/wer': 0.05121078076161841, 'validation/ctc_loss': 0.35403367744995096, 'validation/wer': 0.10172355525515377, 'validation/num_examples': 5348, 'test/ctc_loss': 0.19284657536059388, 'test/wer': 0.06239717262811529, 'test/num_examples': 2472, 'score': 36658.37839388847, 'total_duration': 37815.79090976715, 'accumulated_submission_time': 36658.37839388847, 'accumulated_eval_time': 1078.8547928333282, 'accumulated_logging_time': 17.994014024734497}
I0315 11:57:33.153201 140303121753856 logging_writer.py:48] [53885] accumulated_eval_time=1078.85, accumulated_logging_time=17.994, accumulated_submission_time=36658.4, global_step=53885, preemption_count=0, score=36658.4, test/ctc_loss=0.192847, test/num_examples=2472, test/wer=0.0623972, total_duration=37815.8, train/ctc_loss=0.13927, train/wer=0.0512108, validation/ctc_loss=0.354034, validation/num_examples=5348, validation/wer=0.101724
/usr/local/lib/python3.11/multiprocessing/popen_fork.py:66: RuntimeWarning: os.fork() was called. os.fork() is incompatible with multithreaded code, and JAX is multithreaded, so this will likely lead to a deadlock.
  self.pid = os.fork()
I0315 12:26:43.118507 140322721182912 spec.py:333] Evaluating on the training split.
/usr/local/lib/python3.11/site-packages/torch/distributed/distributed_c10d.py:4876: UserWarning: barrier(): using the device under current context. You can specify `device_id` in `init_process_group` to mute this warning.
  warnings.warn(  # warn only once
I0315 12:27:01.643162 140322721182912 spec.py:346] Evaluating on the validation split.
I0315 12:27:22.024925 140322721182912 spec.py:363] Evaluating on the test split.
I0315 12:27:32.640448 140322721182912 submission_runner.py:516] Time since start: 39615.59s, 	Step: 56450, 	{'train/ctc_loss': 0.1348366414065937, 'train/wer': 0.04978315181535999, 'validation/ctc_loss': 0.3500330873850731, 'validation/wer': 0.10013035291845701, 'validation/num_examples': 5348, 'test/ctc_loss': 0.18945264879310122, 'test/wer': 0.06140190522616944, 'test/num_examples': 2472, 'score': 38405.47403001785, 'total_duration': 39615.59074425697, 'accumulated_submission_time': 38405.47403001785, 'accumulated_eval_time': 1128.37664437294, 'accumulated_logging_time': 18.452494382858276}
I0315 12:27:33.584126 140303121753856 logging_writer.py:48] [56450] accumulated_eval_time=1128.38, accumulated_logging_time=18.4525, accumulated_submission_time=38405.5, global_step=56450, preemption_count=0, score=38405.5, test/ctc_loss=0.189453, test/num_examples=2472, test/wer=0.0614019, total_duration=39615.6, train/ctc_loss=0.134837, train/wer=0.0497832, validation/ctc_loss=0.350033, validation/num_examples=5348, validation/wer=0.10013
/usr/local/lib/python3.11/multiprocessing/popen_fork.py:66: RuntimeWarning: os.fork() was called. os.fork() is incompatible with multithreaded code, and JAX is multithreaded, so this will likely lead to a deadlock.
  self.pid = os.fork()
I0315 12:56:40.960698 140322721182912 spec.py:333] Evaluating on the training split.
/usr/local/lib/python3.11/site-packages/torch/distributed/distributed_c10d.py:4876: UserWarning: barrier(): using the device under current context. You can specify `device_id` in `init_process_group` to mute this warning.
  warnings.warn(  # warn only once
I0315 12:56:55.345356 140322721182912 spec.py:346] Evaluating on the validation split.
I0315 12:57:16.748577 140322721182912 spec.py:363] Evaluating on the test split.
I0315 12:57:27.421844 140322721182912 submission_runner.py:516] Time since start: 41410.37s, 	Step: 59206, 	{'train/ctc_loss': 0.13075175828410612, 'train/wer': 0.048301446015076625, 'validation/ctc_loss': 0.3463227443935047, 'validation/wer': 0.09835369091874668, 'validation/num_examples': 5348, 'test/ctc_loss': 0.18646673128376556, 'test/wer': 0.05983791359454025, 'test/num_examples': 2472, 'score': 40149.59525728226, 'total_duration': 41410.37213253975, 'accumulated_submission_time': 40149.59525728226, 'accumulated_eval_time': 1174.8376648426056, 'accumulated_logging_time': 19.77600121498108}
I0315 12:57:27.694303 140303121753856 logging_writer.py:48] [59206] accumulated_eval_time=1174.84, accumulated_logging_time=19.776, accumulated_submission_time=40149.6, global_step=59206, preemption_count=0, score=40149.6, test/ctc_loss=0.186467, test/num_examples=2472, test/wer=0.0598379, total_duration=41410.4, train/ctc_loss=0.130752, train/wer=0.0483014, validation/ctc_loss=0.346323, validation/num_examples=5348, validation/wer=0.0983537
/usr/local/lib/python3.11/multiprocessing/popen_fork.py:66: RuntimeWarning: os.fork() was called. os.fork() is incompatible with multithreaded code, and JAX is multithreaded, so this will likely lead to a deadlock.
  self.pid = os.fork()
I0315 13:26:35.651185 140322721182912 spec.py:333] Evaluating on the training split.
/usr/local/lib/python3.11/site-packages/torch/distributed/distributed_c10d.py:4876: UserWarning: barrier(): using the device under current context. You can specify `device_id` in `init_process_group` to mute this warning.
  warnings.warn(  # warn only once
I0315 13:26:54.332335 140322721182912 spec.py:346] Evaluating on the validation split.
I0315 13:27:14.783252 140322721182912 spec.py:363] Evaluating on the test split.
I0315 13:27:25.431260 140322721182912 submission_runner.py:516] Time since start: 43208.37s, 	Step: 61931, 	{'train/ctc_loss': 0.1275450333354043, 'train/wer': 0.04696034003525811, 'validation/ctc_loss': 0.34346180379766617, 'validation/wer': 0.09794814850576933, 'validation/num_examples': 5348, 'test/ctc_loss': 0.18432965257147715, 'test/wer': 0.05863953039627892, 'test/num_examples': 2472, 'score': 41894.4650387764, 'total_duration': 43208.366874694824, 'accumulated_submission_time': 41894.4650387764, 'accumulated_eval_time': 1224.6029629707336, 'accumulated_logging_time': 20.242323875427246}
I0315 13:27:26.455855 140303121753856 logging_writer.py:48] [61931] accumulated_eval_time=1224.6, accumulated_logging_time=20.2423, accumulated_submission_time=41894.5, global_step=61931, preemption_count=0, score=41894.5, test/ctc_loss=0.18433, test/num_examples=2472, test/wer=0.0586395, total_duration=43208.4, train/ctc_loss=0.127545, train/wer=0.0469603, validation/ctc_loss=0.343462, validation/num_examples=5348, validation/wer=0.0979481
/usr/local/lib/python3.11/multiprocessing/popen_fork.py:66: RuntimeWarning: os.fork() was called. os.fork() is incompatible with multithreaded code, and JAX is multithreaded, so this will likely lead to a deadlock.
  self.pid = os.fork()
I0315 13:56:33.759867 140322721182912 spec.py:333] Evaluating on the training split.
/usr/local/lib/python3.11/site-packages/torch/distributed/distributed_c10d.py:4876: UserWarning: barrier(): using the device under current context. You can specify `device_id` in `init_process_group` to mute this warning.
  warnings.warn(  # warn only once
I0315 13:56:49.191606 140322721182912 spec.py:346] Evaluating on the validation split.
I0315 13:57:09.611176 140322721182912 spec.py:363] Evaluating on the test split.
I0315 13:57:20.285895 140322721182912 submission_runner.py:516] Time since start: 45003.24s, 	Step: 64533, 	{'train/ctc_loss': 0.12549881367771662, 'train/wer': 0.046511502146851104, 'validation/ctc_loss': 0.34091132600332513, 'validation/wer': 0.09693429247332593, 'validation/num_examples': 5348, 'test/ctc_loss': 0.1826127261932642, 'test/wer': 0.05865984197591047, 'test/num_examples': 2472, 'score': 43638.35047054291, 'total_duration': 45003.236229896545, 'accumulated_submission_time': 43638.35047054291, 'accumulated_eval_time': 1271.128940820694, 'accumulated_logging_time': 21.7857563495636}
I0315 13:57:20.555637 140303121753856 logging_writer.py:48] [64533] accumulated_eval_time=1271.13, accumulated_logging_time=21.7858, accumulated_submission_time=43638.4, global_step=64533, preemption_count=0, score=43638.4, test/ctc_loss=0.182613, test/num_examples=2472, test/wer=0.0586598, total_duration=45003.2, train/ctc_loss=0.125499, train/wer=0.0465115, validation/ctc_loss=0.340911, validation/num_examples=5348, validation/wer=0.0969343
/usr/local/lib/python3.11/multiprocessing/popen_fork.py:66: RuntimeWarning: os.fork() was called. os.fork() is incompatible with multithreaded code, and JAX is multithreaded, so this will likely lead to a deadlock.
  self.pid = os.fork()
I0315 14:26:28.646291 140322721182912 spec.py:333] Evaluating on the training split.
/usr/local/lib/python3.11/site-packages/torch/distributed/distributed_c10d.py:4876: UserWarning: barrier(): using the device under current context. You can specify `device_id` in `init_process_group` to mute this warning.
  warnings.warn(  # warn only once
I0315 14:26:46.072011 140322721182912 spec.py:346] Evaluating on the validation split.
I0315 14:27:06.402759 140322721182912 spec.py:363] Evaluating on the test split.
I0315 14:27:17.078672 140322721182912 submission_runner.py:516] Time since start: 46800.03s, 	Step: 67108, 	{'train/ctc_loss': 0.12389838316362684, 'train/wer': 0.04595451055039422, 'validation/ctc_loss': 0.33810986066577914, 'validation/wer': 0.09573697677786897, 'validation/num_examples': 5348, 'test/ctc_loss': 0.1812785072487713, 'test/wer': 0.058497349338858085, 'test/num_examples': 2472, 'score': 45383.516664266586, 'total_duration': 46800.02895593643, 'accumulated_submission_time': 45383.516664266586, 'accumulated_eval_time': 1319.5612845420837, 'accumulated_logging_time': 22.256731271743774}
I0315 14:27:18.219019 140303121753856 logging_writer.py:48] [67108] accumulated_eval_time=1319.56, accumulated_logging_time=22.2567, accumulated_submission_time=45383.5, global_step=67108, preemption_count=0, score=45383.5, test/ctc_loss=0.181279, test/num_examples=2472, test/wer=0.0584973, total_duration=46800, train/ctc_loss=0.123898, train/wer=0.0459545, validation/ctc_loss=0.33811, validation/num_examples=5348, validation/wer=0.095737
/usr/local/lib/python3.11/multiprocessing/popen_fork.py:66: RuntimeWarning: os.fork() was called. os.fork() is incompatible with multithreaded code, and JAX is multithreaded, so this will likely lead to a deadlock.
  self.pid = os.fork()
I0315 14:56:25.298845 140322721182912 spec.py:333] Evaluating on the training split.
/usr/local/lib/python3.11/site-packages/torch/distributed/distributed_c10d.py:4876: UserWarning: barrier(): using the device under current context. You can specify `device_id` in `init_process_group` to mute this warning.
  warnings.warn(  # warn only once
I0315 14:56:40.162653 140322721182912 spec.py:346] Evaluating on the validation split.
I0315 14:57:00.573263 140322721182912 spec.py:363] Evaluating on the test split.
I0315 14:57:11.238356 140322721182912 submission_runner.py:516] Time since start: 48594.19s, 	Step: 69920, 	{'train/ctc_loss': 0.1223279806452317, 'train/wer': 0.045343442099912395, 'validation/ctc_loss': 0.33594201679917246, 'validation/wer': 0.09463621879978758, 'validation/num_examples': 5348, 'test/ctc_loss': 0.1800756838130558, 'test/wer': 0.05780675563138545, 'test/num_examples': 2472, 'score': 47127.18248510361, 'total_duration': 48594.18863582611, 'accumulated_submission_time': 47127.18248510361, 'accumulated_eval_time': 1365.5006656646729, 'accumulated_logging_time': 23.923611640930176}
I0315 14:57:11.559035 140303121753856 logging_writer.py:48] [69920] accumulated_eval_time=1365.5, accumulated_logging_time=23.9236, accumulated_submission_time=47127.2, global_step=69920, preemption_count=0, score=47127.2, test/ctc_loss=0.180076, test/num_examples=2472, test/wer=0.0578068, total_duration=48594.2, train/ctc_loss=0.122328, train/wer=0.0453434, validation/ctc_loss=0.335942, validation/num_examples=5348, validation/wer=0.0946362
/usr/local/lib/python3.11/multiprocessing/popen_fork.py:66: RuntimeWarning: os.fork() was called. os.fork() is incompatible with multithreaded code, and JAX is multithreaded, so this will likely lead to a deadlock.
  self.pid = os.fork()
I0315 15:26:19.968624 140322721182912 spec.py:333] Evaluating on the training split.
/usr/local/lib/python3.11/site-packages/torch/distributed/distributed_c10d.py:4876: UserWarning: barrier(): using the device under current context. You can specify `device_id` in `init_process_group` to mute this warning.
  warnings.warn(  # warn only once
I0315 15:26:35.511139 140322721182912 spec.py:346] Evaluating on the validation split.
I0315 15:26:56.078002 140322721182912 spec.py:363] Evaluating on the test split.
I0315 15:27:06.785230 140322721182912 submission_runner.py:516] Time since start: 50389.74s, 	Step: 72595, 	{'train/ctc_loss': 0.12080536842317367, 'train/wer': 0.04471615059322309, 'validation/ctc_loss': 0.3344045471911271, 'validation/wer': 0.0938830686042582, 'validation/num_examples': 5348, 'test/ctc_loss': 0.1791793371119766, 'test/wer': 0.05746145877764914, 'test/num_examples': 2472, 'score': 48872.10052394867, 'total_duration': 50389.73557925224, 'accumulated_submission_time': 48872.10052394867, 'accumulated_eval_time': 1412.3172552585602, 'accumulated_logging_time': 24.86686944961548}
I0315 15:27:07.814569 140303121753856 logging_writer.py:48] [72595] accumulated_eval_time=1412.32, accumulated_logging_time=24.8669, accumulated_submission_time=48872.1, global_step=72595, preemption_count=0, score=48872.1, test/ctc_loss=0.179179, test/num_examples=2472, test/wer=0.0574615, total_duration=50389.7, train/ctc_loss=0.120805, train/wer=0.0447162, validation/ctc_loss=0.334405, validation/num_examples=5348, validation/wer=0.0938831
/usr/local/lib/python3.11/multiprocessing/popen_fork.py:66: RuntimeWarning: os.fork() was called. os.fork() is incompatible with multithreaded code, and JAX is multithreaded, so this will likely lead to a deadlock.
  self.pid = os.fork()
I0315 15:56:17.281480 140322721182912 spec.py:333] Evaluating on the training split.
/usr/local/lib/python3.11/site-packages/torch/distributed/distributed_c10d.py:4876: UserWarning: barrier(): using the device under current context. You can specify `device_id` in `init_process_group` to mute this warning.
  warnings.warn(  # warn only once
I0315 15:56:34.012625 140322721182912 spec.py:346] Evaluating on the validation split.
I0315 15:56:54.745154 140322721182912 spec.py:363] Evaluating on the test split.
I0315 15:57:05.444700 140322721182912 submission_runner.py:516] Time since start: 52188.39s, 	Step: 75170, 	{'train/ctc_loss': 0.11936157149082006, 'train/wer': 0.04396989000767891, 'validation/ctc_loss': 0.3323615867178564, 'validation/wer': 0.09314922995220393, 'validation/num_examples': 5348, 'test/ctc_loss': 0.17822632178994444, 'test/wer': 0.0568927345479658, 'test/num_examples': 2472, 'score': 50618.377246141434, 'total_duration': 52188.39497423172, 'accumulated_submission_time': 50618.377246141434, 'accumulated_eval_time': 1460.4803183078766, 'accumulated_logging_time': 26.3276948928833}
I0315 15:57:05.742422 140303121753856 logging_writer.py:48] [75170] accumulated_eval_time=1460.48, accumulated_logging_time=26.3277, accumulated_submission_time=50618.4, global_step=75170, preemption_count=0, score=50618.4, test/ctc_loss=0.178226, test/num_examples=2472, test/wer=0.0568927, total_duration=52188.4, train/ctc_loss=0.119362, train/wer=0.0439699, validation/ctc_loss=0.332362, validation/num_examples=5348, validation/wer=0.0931492
/usr/local/lib/python3.11/multiprocessing/popen_fork.py:66: RuntimeWarning: os.fork() was called. os.fork() is incompatible with multithreaded code, and JAX is multithreaded, so this will likely lead to a deadlock.
  self.pid = os.fork()
I0315 16:26:13.610400 140322721182912 spec.py:333] Evaluating on the training split.
/usr/local/lib/python3.11/site-packages/torch/distributed/distributed_c10d.py:4876: UserWarning: barrier(): using the device under current context. You can specify `device_id` in `init_process_group` to mute this warning.
  warnings.warn(  # warn only once
I0315 16:26:31.565113 140322721182912 spec.py:346] Evaluating on the validation split.
I0315 16:26:52.136003 140322721182912 spec.py:363] Evaluating on the test split.
I0315 16:27:02.817265 140322721182912 submission_runner.py:516] Time since start: 53985.75s, 	Step: 77785, 	{'train/ctc_loss': 0.11755069575744957, 'train/wer': 0.04358053665869934, 'validation/ctc_loss': 0.329906767405449, 'validation/wer': 0.09267609713706368, 'validation/num_examples': 5348, 'test/ctc_loss': 0.17752557080665238, 'test/wer': 0.05622245242012471, 'test/num_examples': 2472, 'score': 52363.21028137207, 'total_duration': 53985.74729180336, 'accumulated_submission_time': 52363.21028137207, 'accumulated_eval_time': 1509.6667845249176, 'accumulated_logging_time': 26.842270135879517}
I0315 16:27:03.722716 140303121753856 logging_writer.py:48] [77785] accumulated_eval_time=1509.67, accumulated_logging_time=26.8423, accumulated_submission_time=52363.2, global_step=77785, preemption_count=0, score=52363.2, test/ctc_loss=0.177526, test/num_examples=2472, test/wer=0.0562225, total_duration=53985.7, train/ctc_loss=0.117551, train/wer=0.0435805, validation/ctc_loss=0.329907, validation/num_examples=5348, validation/wer=0.0926761
/usr/local/lib/python3.11/multiprocessing/popen_fork.py:66: RuntimeWarning: os.fork() was called. os.fork() is incompatible with multithreaded code, and JAX is multithreaded, so this will likely lead to a deadlock.
  self.pid = os.fork()
I0315 16:56:11.074832 140322721182912 spec.py:333] Evaluating on the training split.
/usr/local/lib/python3.11/site-packages/torch/distributed/distributed_c10d.py:4876: UserWarning: barrier(): using the device under current context. You can specify `device_id` in `init_process_group` to mute this warning.
  warnings.warn(  # warn only once
I0315 16:56:26.877309 140322721182912 spec.py:346] Evaluating on the validation split.
I0315 16:56:47.345128 140322721182912 spec.py:363] Evaluating on the test split.
I0315 16:56:58.021127 140322721182912 submission_runner.py:516] Time since start: 55780.97s, 	Step: 80577, 	{'train/ctc_loss': 0.11567887198214052, 'train/wer': 0.04318577562431728, 'validation/ctc_loss': 0.32779302746838923, 'validation/wer': 0.09227055472408632, 'validation/num_examples': 5348, 'test/ctc_loss': 0.17616365667146816, 'test/wer': 0.05605995978307233, 'test/num_examples': 2472, 'score': 54107.260345458984, 'total_duration': 55780.97137403488, 'accumulated_submission_time': 54107.260345458984, 'accumulated_eval_time': 1556.6129443645477, 'accumulated_logging_time': 28.12245750427246}
I0315 16:56:58.931769 140303121753856 logging_writer.py:48] [80577] accumulated_eval_time=1556.61, accumulated_logging_time=28.1225, accumulated_submission_time=54107.3, global_step=80577, preemption_count=0, score=54107.3, test/ctc_loss=0.176164, test/num_examples=2472, test/wer=0.05606, total_duration=55781, train/ctc_loss=0.115679, train/wer=0.0431858, validation/ctc_loss=0.327793, validation/num_examples=5348, validation/wer=0.0922706
/usr/local/lib/python3.11/multiprocessing/popen_fork.py:66: RuntimeWarning: os.fork() was called. os.fork() is incompatible with multithreaded code, and JAX is multithreaded, so this will likely lead to a deadlock.
  self.pid = os.fork()
I0315 17:26:06.668532 140322721182912 spec.py:333] Evaluating on the training split.
/usr/local/lib/python3.11/site-packages/torch/distributed/distributed_c10d.py:4876: UserWarning: barrier(): using the device under current context. You can specify `device_id` in `init_process_group` to mute this warning.
  warnings.warn(  # warn only once
I0315 17:26:27.765129 140322721182912 spec.py:346] Evaluating on the validation split.
I0315 17:26:48.364409 140322721182912 spec.py:363] Evaluating on the test split.
I0315 17:26:59.080139 140322721182912 submission_runner.py:516] Time since start: 57582.03s, 	Step: 83237, 	{'train/ctc_loss': 0.11420151820706655, 'train/wer': 0.042396253555553154, 'validation/ctc_loss': 0.32628971462814, 'validation/wer': 0.09211606237628542, 'validation/num_examples': 5348, 'test/ctc_loss': 0.17460509415061531, 'test/wer': 0.05573497450896756, 'test/num_examples': 2472, 'score': 55851.69495797157, 'total_duration': 57582.03036189079, 'accumulated_submission_time': 55851.69495797157, 'accumulated_eval_time': 1609.024436712265, 'accumulated_logging_time': 29.424439668655396}
I0315 17:26:59.370268 140303121753856 logging_writer.py:48] [83237] accumulated_eval_time=1609.02, accumulated_logging_time=29.4244, accumulated_submission_time=55851.7, global_step=83237, preemption_count=0, score=55851.7, test/ctc_loss=0.174605, test/num_examples=2472, test/wer=0.055735, total_duration=57582, train/ctc_loss=0.114202, train/wer=0.0423963, validation/ctc_loss=0.32629, validation/num_examples=5348, validation/wer=0.0921161
/usr/local/lib/python3.11/multiprocessing/popen_fork.py:66: RuntimeWarning: os.fork() was called. os.fork() is incompatible with multithreaded code, and JAX is multithreaded, so this will likely lead to a deadlock.
  self.pid = os.fork()
I0315 17:56:07.377952 140322721182912 spec.py:333] Evaluating on the training split.
/usr/local/lib/python3.11/site-packages/torch/distributed/distributed_c10d.py:4876: UserWarning: barrier(): using the device under current context. You can specify `device_id` in `init_process_group` to mute this warning.
  warnings.warn(  # warn only once
I0315 17:56:23.151652 140322721182912 spec.py:346] Evaluating on the validation split.
I0315 17:56:43.550916 140322721182912 spec.py:363] Evaluating on the test split.
I0315 17:56:54.314082 140322721182912 submission_runner.py:516] Time since start: 59377.26s, 	Step: 85807, 	{'train/ctc_loss': 0.11297691646041058, 'train/wer': 0.041817631217486294, 'validation/ctc_loss': 0.3251883480839787, 'validation/wer': 0.09156568338724473, 'validation/num_examples': 5348, 'test/ctc_loss': 0.17260617809777098, 'test/wer': 0.05500375764223184, 'test/num_examples': 2472, 'score': 57596.586250305176, 'total_duration': 59377.26435828209, 'accumulated_submission_time': 57596.586250305176, 'accumulated_eval_time': 1655.9604845046997, 'accumulated_logging_time': 30.00407862663269}
I0315 17:56:55.268039 140303121753856 logging_writer.py:48] [85807] accumulated_eval_time=1655.96, accumulated_logging_time=30.0041, accumulated_submission_time=57596.6, global_step=85807, preemption_count=0, score=57596.6, test/ctc_loss=0.172606, test/num_examples=2472, test/wer=0.0550038, total_duration=59377.3, train/ctc_loss=0.112977, train/wer=0.0418176, validation/ctc_loss=0.325188, validation/num_examples=5348, validation/wer=0.0915657
/usr/local/lib/python3.11/multiprocessing/popen_fork.py:66: RuntimeWarning: os.fork() was called. os.fork() is incompatible with multithreaded code, and JAX is multithreaded, so this will likely lead to a deadlock.
  self.pid = os.fork()
I0315 18:26:02.770724 140322721182912 spec.py:333] Evaluating on the training split.
/usr/local/lib/python3.11/site-packages/torch/distributed/distributed_c10d.py:4876: UserWarning: barrier(): using the device under current context. You can specify `device_id` in `init_process_group` to mute this warning.
  warnings.warn(  # warn only once
I0315 18:26:20.921787 140322721182912 spec.py:346] Evaluating on the validation split.
I0315 18:26:41.344331 140322721182912 spec.py:363] Evaluating on the test split.
I0315 18:26:52.090482 140322721182912 submission_runner.py:516] Time since start: 61175.04s, 	Step: 88471, 	{'train/ctc_loss': 0.1115762659141818, 'train/wer': 0.041244416564821924, 'validation/ctc_loss': 0.32342689406724046, 'validation/wer': 0.09090909090909091, 'validation/num_examples': 5348, 'test/ctc_loss': 0.17127799946183608, 'test/wer': 0.05437409867365385, 'test/num_examples': 2472, 'score': 59340.74932861328, 'total_duration': 61175.040754795074, 'accumulated_submission_time': 59340.74932861328, 'accumulated_eval_time': 1705.2801320552826, 'accumulated_logging_time': 31.449158191680908}
I0315 18:26:52.419528 140303121753856 logging_writer.py:48] [88471] accumulated_eval_time=1705.28, accumulated_logging_time=31.4492, accumulated_submission_time=59340.7, global_step=88471, preemption_count=0, score=59340.7, test/ctc_loss=0.171278, test/num_examples=2472, test/wer=0.0543741, total_duration=61175, train/ctc_loss=0.111576, train/wer=0.0412444, validation/ctc_loss=0.323427, validation/num_examples=5348, validation/wer=0.0909091
/usr/local/lib/python3.11/multiprocessing/popen_fork.py:66: RuntimeWarning: os.fork() was called. os.fork() is incompatible with multithreaded code, and JAX is multithreaded, so this will likely lead to a deadlock.
  self.pid = os.fork()
I0315 18:56:00.211544 140322721182912 spec.py:333] Evaluating on the training split.
/usr/local/lib/python3.11/site-packages/torch/distributed/distributed_c10d.py:4876: UserWarning: barrier(): using the device under current context. You can specify `device_id` in `init_process_group` to mute this warning.
  warnings.warn(  # warn only once
I0315 18:56:18.119529 140322721182912 spec.py:346] Evaluating on the validation split.
I0315 18:56:38.533044 140322721182912 spec.py:363] Evaluating on the test split.
I0315 18:56:49.257931 140322721182912 submission_runner.py:516] Time since start: 62972.21s, 	Step: 91244, 	{'train/ctc_loss': 0.1097776952310348, 'train/wer': 0.040465709866862785, 'validation/ctc_loss': 0.32168961102985755, 'validation/wer': 0.09068700815912711, 'validation/num_examples': 5348, 'test/ctc_loss': 0.17002390859394048, 'test/wer': 0.053947555501391346, 'test/num_examples': 2472, 'score': 61085.36950278282, 'total_duration': 62972.208203315735, 'accumulated_submission_time': 61085.36950278282, 'accumulated_eval_time': 1754.3263759613037, 'accumulated_logging_time': 31.965604066848755}
I0315 18:56:50.314758 140303121753856 logging_writer.py:48] [91244] accumulated_eval_time=1754.33, accumulated_logging_time=31.9656, accumulated_submission_time=61085.4, global_step=91244, preemption_count=0, score=61085.4, test/ctc_loss=0.170024, test/num_examples=2472, test/wer=0.0539476, total_duration=62972.2, train/ctc_loss=0.109778, train/wer=0.0404657, validation/ctc_loss=0.32169, validation/num_examples=5348, validation/wer=0.090687
/usr/local/lib/python3.11/multiprocessing/popen_fork.py:66: RuntimeWarning: os.fork() was called. os.fork() is incompatible with multithreaded code, and JAX is multithreaded, so this will likely lead to a deadlock.
  self.pid = os.fork()
I0315 19:25:57.740671 140322721182912 spec.py:333] Evaluating on the training split.
/usr/local/lib/python3.11/site-packages/torch/distributed/distributed_c10d.py:4876: UserWarning: barrier(): using the device under current context. You can specify `device_id` in `init_process_group` to mute this warning.
  warnings.warn(  # warn only once
I0315 19:26:16.312701 140322721182912 spec.py:346] Evaluating on the validation split.
I0315 19:26:36.751099 140322721182912 spec.py:363] Evaluating on the test split.
I0315 19:26:47.500591 140322721182912 submission_runner.py:516] Time since start: 64770.45s, 	Step: 93877, 	{'train/ctc_loss': 0.10805585401351384, 'train/wer': 0.04001146429305329, 'validation/ctc_loss': 0.32022011314557514, 'validation/wer': 0.08999179259402308, 'validation/num_examples': 5348, 'test/ctc_loss': 0.16878158504914856, 'test/wer': 0.05323665021428717, 'test/num_examples': 2472, 'score': 62829.685584545135, 'total_duration': 64770.4508368969, 'accumulated_submission_time': 62829.685584545135, 'accumulated_eval_time': 1804.0862197875977, 'accumulated_logging_time': 33.284027338027954}
I0315 19:26:47.793260 140303121753856 logging_writer.py:48] [93877] accumulated_eval_time=1804.09, accumulated_logging_time=33.284, accumulated_submission_time=62829.7, global_step=93877, preemption_count=0, score=62829.7, test/ctc_loss=0.168782, test/num_examples=2472, test/wer=0.0532367, total_duration=64770.5, train/ctc_loss=0.108056, train/wer=0.0400115, validation/ctc_loss=0.32022, validation/num_examples=5348, validation/wer=0.0899918
/usr/local/lib/python3.11/multiprocessing/popen_fork.py:66: RuntimeWarning: os.fork() was called. os.fork() is incompatible with multithreaded code, and JAX is multithreaded, so this will likely lead to a deadlock.
  self.pid = os.fork()
I0315 19:55:57.040117 140322721182912 spec.py:333] Evaluating on the training split.
/usr/local/lib/python3.11/site-packages/torch/distributed/distributed_c10d.py:4876: UserWarning: barrier(): using the device under current context. You can specify `device_id` in `init_process_group` to mute this warning.
  warnings.warn(  # warn only once
I0315 19:56:13.347554 140322721182912 spec.py:346] Evaluating on the validation split.
I0315 19:56:33.864909 140322721182912 spec.py:363] Evaluating on the test split.
I0315 19:56:44.508599 140322721182912 submission_runner.py:516] Time since start: 66567.46s, 	Step: 96446, 	{'train/ctc_loss': 0.10651540078047077, 'train/wer': 0.039173273055666716, 'validation/ctc_loss': 0.31872309940903665, 'validation/wer': 0.08943175783324482, 'validation/num_examples': 5348, 'test/ctc_loss': 0.16808454346696267, 'test/wer': 0.05313509231612942, 'test/num_examples': 2472, 'score': 64575.97684216499, 'total_duration': 66567.45890235901, 'accumulated_submission_time': 64575.97684216499, 'accumulated_eval_time': 1851.5548741817474, 'accumulated_logging_time': 33.76583743095398}
I0315 19:56:45.522147 140303121753856 logging_writer.py:48] [96446] accumulated_eval_time=1851.55, accumulated_logging_time=33.7658, accumulated_submission_time=64576, global_step=96446, preemption_count=0, score=64576, test/ctc_loss=0.168085, test/num_examples=2472, test/wer=0.0531351, total_duration=66567.5, train/ctc_loss=0.106515, train/wer=0.0391733, validation/ctc_loss=0.318723, validation/num_examples=5348, validation/wer=0.0894318
/usr/local/lib/python3.11/multiprocessing/popen_fork.py:66: RuntimeWarning: os.fork() was called. os.fork() is incompatible with multithreaded code, and JAX is multithreaded, so this will likely lead to a deadlock.
  self.pid = os.fork()
I0315 20:25:51.982310 140303121753856 logging_writer.py:48] [99181] global_step=99181, preemption_count=0, score=66319.8
I0315 20:25:52.719180 140322721182912 submission_runner.py:857] Final librispeech_conformer score: 66319.8223130703
[W315 20:26:01.194762419 AllocatorConfig.cpp:28] Warning: PYTORCH_CUDA_ALLOC_CONF is deprecated, use PYTORCH_ALLOC_CONF instead (function operator())
[W315 20:26:01.194762389 AllocatorConfig.cpp:28] Warning: PYTORCH_CUDA_ALLOC_CONF is deprecated, use PYTORCH_ALLOC_CONF instead (function operator())
[W315 20:26:01.194763175 AllocatorConfig.cpp:28] Warning: PYTORCH_CUDA_ALLOC_CONF is deprecated, use PYTORCH_ALLOC_CONF instead (function operator())
[W315 20:26:01.194767584 AllocatorConfig.cpp:28] Warning: PYTORCH_CUDA_ALLOC_CONF is deprecated, use PYTORCH_ALLOC_CONF instead (function operator())
